09/12/2014 16:54:31 | Exec  sco_TB_Productos_v4_1 
09/12/2014 16:54:32 | Exec sco_DiccionariodeDatos @nmtabla_param='TB_Usuarios'
09/12/2014 16:56:11 |  SELECT TB_Usuarios.dsUsuario ,TB_Usuarios.dspassword ,TB_Usuarios.tpAcceso ,TB_Usuarios.nmNombre ,TB_Usuarios.nmApellido ,TB_Usuarios.flBloqueado ,TB_Usuarios.tpNivelJerarquico  FROM TB_Usuarios  WHERE TB_Usuarios.dsUsuario = 'VERONICA'  AND  TB_Usuarios.flEliminar = 0  
09/12/2014 16:56:11 | Exec sco_DiccionariodeDatos @nmtabla_param='sp_obtenerCajasPendientesdeAprobacion_v2_5'
09/12/2014 16:56:11 | Exec sp_obtenerCajasPendientesdeAprobacion_v2_5 @pdsUsuario_param = 'VERONICA' 
09/12/2014 16:56:11 | Exec sco_DiccionariodeDatos @nmtabla_param='TB_Parametros'
09/12/2014 16:56:11 |  SELECT TB_Parametros.vlParametro  FROM TB_Parametros  WHERE TB_Parametros.dsParametro = 'VALOR EURO'  
09/12/2014 16:56:11 |  SELECT TB_Parametros.vlParametro  FROM TB_Parametros  WHERE TB_Parametros.dsParametro = 'VALOR DOLAR'  
09/12/2014 16:56:12 | Exec SP_ValorPromoRetorno
09/12/2014 16:56:12 | Exec sco_DiccionariodeDatos @nmtabla_param='TB_Comisiones'
09/12/2014 16:56:12 |  SELECT TB_Comisiones.vlMontoMinimo  FROM TB_Comisiones  WHERE TB_Comisiones.tpComision = 'Retorno'  AND  TB_Comisiones.flEliminar = 0  
09/12/2014 16:56:12 |  SELECT TB_Parametros.vlParametro  FROM TB_Parametros  WHERE TB_Parametros.dsParametro = 'VALOR REAL'  
09/12/2014 16:56:12 | Exec sco_validarVencimientosCAI_v4_1
09/12/2014 16:56:14 | Exec sco_DiccionariodeDatos @nmtabla_param='sco_AccesosOpcionesMenu'
09/12/2014 16:56:14 | Exec sco_AccesosOpcionesMenu @p_tpNivelAcceso = 'Auxiliar Administración' ,@p_operaconcaja = 1 
09/12/2014 16:56:14 | Exec sco_AccesosOpcionesMenu @p_tpNivelAcceso = 'Auxiliar Administración' ,@p_operaconcaja = 1 
09/12/2014 16:56:18 | Exec sco_DiccionariodeDatos @nmtabla_param='SP_ResumenCajaADM_v2_9'
09/12/2014 16:56:18 | Exec SP_ResumenCajaADM_v2_9 @nrCaja_param = null ,@tpCaja_param = 'CC' ,@tpCajaImputacion_param = 'Caja de la Cooperativa' 
09/12/2014 16:56:18 | Exec sco_DiccionariodeDatos @nmtabla_param='TB_Cajas'
09/12/2014 16:56:18 |  SELECT TB_Cajas.vlSaldoInicialPesos ,TB_Cajas.vlSaldoInicialDolares ,TB_Cajas.vlSaldoInicialEuros ,TB_Cajas.vlSaldoInicialReales ,TB_Cajas.vlDiaEuro ,TB_Cajas.vlDiaDolar ,TB_Cajas.vlDiaReal ,TB_Cajas.dsUsuario ,TB_Cajas.dtApertura ,TB_Cajas.dtCierre  FROM TB_Cajas 
09/12/2014 16:56:19 | Exec sco_DiccionariodeDatos @nmtabla_param='SP_CalculaSaldoInicial_v2_9'
09/12/2014 16:57:08 | Exec SP_CalculaSaldoInicial_v2_9 @tpCaja_param = 'CC' ,@tpCajaImputacion_param = 'Caja de la Cooperativa' ,@nrCaja_param = null 
09/12/2014 16:57:08 | Exec sco_DiccionariodeDatos @nmtabla_param='SP_SumaCajaADM_v2_9'
09/12/2014 16:57:09 | Exec SP_SumaCajaADM_v2_9 @nrCaja_param = null ,@tpCaja_param = 'CC' ,@tpCajaImputacion_param = 'Caja de la Cooperativa' 
09/12/2014 17:15:02 | Exec sco_DiccionariodeDatos @nmtabla_param='sp_versionreporte_v3_2'
09/12/2014 17:15:03 | Exec sp_versionreporte_v3_2 @dtFechaOperacion = '04/05/2005' 
09/12/2014 17:15:04 | Exec sp_versionreporte_v3_2 @dtFechaOperacion = '04/05/2005' 
09/12/2014 17:17:20 | Exec sco_AccesosOpcionesMenu @p_tpNivelAcceso = 'Auxiliar Administración' ,@p_operaconcaja = 1 
09/12/2014 17:34:26 | Exec  sco_TB_Productos_v4_1 
09/12/2014 17:34:26 | Exec sco_DiccionariodeDatos @nmtabla_param='TB_Usuarios'
09/12/2014 17:34:30 |  SELECT TB_Usuarios.dsUsuario ,TB_Usuarios.dspassword ,TB_Usuarios.tpAcceso ,TB_Usuarios.nmNombre ,TB_Usuarios.nmApellido ,TB_Usuarios.flBloqueado ,TB_Usuarios.tpNivelJerarquico  FROM TB_Usuarios  WHERE TB_Usuarios.dsUsuario = 'VERONICA'  AND  TB_Usuarios.flEliminar = 0  
09/12/2014 17:34:30 | Exec sco_DiccionariodeDatos @nmtabla_param='sp_obtenerCajasPendientesdeAprobacion_v2_5'
09/12/2014 17:34:30 | Exec sp_obtenerCajasPendientesdeAprobacion_v2_5 @pdsUsuario_param = 'VERONICA' 
09/12/2014 17:34:30 | Exec sco_DiccionariodeDatos @nmtabla_param='TB_Parametros'
09/12/2014 17:34:30 |  SELECT TB_Parametros.vlParametro  FROM TB_Parametros  WHERE TB_Parametros.dsParametro = 'VALOR EURO'  
09/12/2014 17:34:30 |  SELECT TB_Parametros.vlParametro  FROM TB_Parametros  WHERE TB_Parametros.dsParametro = 'VALOR DOLAR'  
09/12/2014 17:34:30 | Exec SP_ValorPromoRetorno
09/12/2014 17:34:30 | Exec sco_DiccionariodeDatos @nmtabla_param='TB_Comisiones'
09/12/2014 17:34:30 |  SELECT TB_Comisiones.vlMontoMinimo  FROM TB_Comisiones  WHERE TB_Comisiones.tpComision = 'Retorno'  AND  TB_Comisiones.flEliminar = 0  
09/12/2014 17:34:30 |  SELECT TB_Parametros.vlParametro  FROM TB_Parametros  WHERE TB_Parametros.dsParametro = 'VALOR REAL'  
09/12/2014 17:34:30 | Exec sco_validarVencimientosCAI_v4_1
09/12/2014 17:34:31 | Exec sco_DiccionariodeDatos @nmtabla_param='sco_AccesosOpcionesMenu'
09/12/2014 17:34:31 | Exec sco_AccesosOpcionesMenu @p_tpNivelAcceso = 'Auxiliar Administración' ,@p_operaconcaja = 1 
09/12/2014 17:34:31 | Exec sco_AccesosOpcionesMenu @p_tpNivelAcceso = 'Auxiliar Administración' ,@p_operaconcaja = 1 
09/12/2014 17:34:52 | Exec sco_DiccionariodeDatos @nmtabla_param='SP_ResumenCajaADM_v2_9'
09/12/2014 17:34:52 | Exec SP_ResumenCajaADM_v2_9 @nrCaja_param = null ,@tpCaja_param = 'CC' ,@tpCajaImputacion_param = 'Caja de la Cooperativa' 
09/12/2014 17:34:52 | Exec sco_DiccionariodeDatos @nmtabla_param='TB_Cajas'
09/12/2014 17:34:52 |  SELECT TB_Cajas.vlSaldoInicialPesos ,TB_Cajas.vlSaldoInicialDolares ,TB_Cajas.vlSaldoInicialEuros ,TB_Cajas.vlSaldoInicialReales ,TB_Cajas.vlDiaEuro ,TB_Cajas.vlDiaDolar ,TB_Cajas.vlDiaReal ,TB_Cajas.dsUsuario ,TB_Cajas.dtApertura ,TB_Cajas.dtCierre  FROM TB_Cajas 
09/12/2014 17:34:52 | Exec sco_DiccionariodeDatos @nmtabla_param='SP_CalculaSaldoInicial_v2_9'
09/12/2014 17:34:56 | Exec SP_CalculaSaldoInicial_v2_9 @tpCaja_param = 'CC' ,@tpCajaImputacion_param = 'Caja de la Cooperativa' ,@nrCaja_param = null 
09/12/2014 17:34:56 | Exec sco_DiccionariodeDatos @nmtabla_param='SP_SumaCajaADM_v2_9'
09/12/2014 17:34:56 | Exec SP_SumaCajaADM_v2_9 @nrCaja_param = null ,@tpCaja_param = 'CC' ,@tpCajaImputacion_param = 'Caja de la Cooperativa' 
09/12/2014 17:34:58 | Exec sco_AccesosOpcionesMenu @p_tpNivelAcceso = 'Auxiliar Administración' ,@p_operaconcaja = 1 
