04/10/2015 10:00:10 | Exec  sco_TB_Productos_v4_1 
04/10/2015 10:00:11 | Exec sco_DiccionariodeDatos @nmtabla_param='TB_Usuarios'
04/10/2015 10:00:14 |  SELECT TB_Usuarios.dsUsuario ,TB_Usuarios.dspassword ,TB_Usuarios.tpAcceso ,TB_Usuarios.nmNombre ,TB_Usuarios.nmApellido ,TB_Usuarios.flBloqueado ,TB_Usuarios.tpNivelJerarquico  FROM TB_Usuarios  WHERE TB_Usuarios.dsUsuario = 'CAMILAP'  AND  TB_Usuarios.flEliminar = 0  
04/10/2015 10:00:14 | Exec sco_DiccionariodeDatos @nmtabla_param='sp_obtenerCajasPendientesdeAprobacion_v2_5'
04/10/2015 10:00:14 | Exec sp_obtenerCajasPendientesdeAprobacion_v2_5 @pdsUsuario_param = 'CAMILAP' 
04/10/2015 10:00:14 | Exec sp_obtenerCajasRechazadas_v2_9 
04/10/2015 10:00:14 | Exec sco_DiccionariodeDatos @nmtabla_param='TB_Parametros'
04/10/2015 10:00:14 |  SELECT TB_Parametros.vlParametro  FROM TB_Parametros  WHERE TB_Parametros.dsParametro = 'VALOR EURO'  
04/10/2015 10:00:14 |  SELECT TB_Parametros.vlParametro  FROM TB_Parametros  WHERE TB_Parametros.dsParametro = 'VALOR DOLAR'  
04/10/2015 10:00:14 | Exec SP_ValorPromoRetorno
04/10/2015 10:00:14 | Exec sco_DiccionariodeDatos @nmtabla_param='TB_Comisiones'
04/10/2015 10:00:14 |  SELECT TB_Comisiones.vlMontoMinimo  FROM TB_Comisiones  WHERE TB_Comisiones.tpComision = 'Retorno'  AND  TB_Comisiones.flEliminar = 0  
04/10/2015 10:00:14 |  SELECT TB_Parametros.vlParametro  FROM TB_Parametros  WHERE TB_Parametros.dsParametro = 'VALOR REAL'  
04/10/2015 10:00:14 | Exec sco_DiccionariodeDatos @nmtabla_param='TB_Cajas'
04/10/2015 10:00:15 |  SELECT TB_Cajas.nrCaja  FROM TB_Cajas  WHERE TB_Cajas.dsUsuario = 'CAMILAP'  and  TB_Cajas.flEstado = 0  and  TB_Cajas.tpEstadoAprobacion IS NULL  and  TB_Cajas.nrcaja > 0  
04/10/2015 10:00:16 |  SELECT TB_Cajas.nrCaja ,TB_Cajas.vlTotalSaldoFinal ,TB_Cajas.nrPuesto ,TB_Cajas.dsUsuario ,TB_Cajas.vlSaldoInicialPesos ,TB_Cajas.dtApertura ,TB_Cajas.dtCierre ,TB_Cajas.vlDiaDolar ,TB_Cajas.vlDiaEuro ,TB_Cajas.vlSaldoInicialEuros ,TB_Cajas.vlSaldoInicialDolares ,TB_Cajas.vlSaldoFinalRealPesos ,TB_Cajas.vlTotalSaldoInicial ,TB_Cajas.dtObservacion ,TB_Cajas.vlCierrePesos ,TB_Cajas.vlSaldoFinalRealDolares ,TB_Cajas.vlSaldoFinalRealEuros ,TB_Cajas.vlTotalSaldoFinalReal ,TB_Cajas.vlCierreDolares ,TB_Cajas.vlCierreEuros ,TB_Cajas.dsObservacion ,TB_Cajas.vlDiaReal ,TB_Cajas.flEstado  FROM TB_Cajas  WHERE TB_Cajas.nrCaja = 9000003773  
04/10/2015 10:00:16 | Exec sco_DiccionariodeDatos @nmtabla_param='SP_SumaCajaADM_v2_9'
04/10/2015 10:00:16 | Exec SP_SumaCajaADM_v2_9 @nrCaja_param = 9000003773 ,@tpCaja_param = 'CA' ,@tpCajaImputacion_param = null 
04/10/2015 10:00:16 |  UPDATE TB_Cajas SET TB_Cajas.vlSaldoFinalRealPesos  = 0.00 ,TB_Cajas.vlSaldoFinalRealEuros  = 0.00 ,TB_Cajas.vlSaldoFinalRealDolares  = 0.00 ,TB_Cajas.vlCierrePesos  = 0 ,TB_Cajas.vlCierreDolares  = 0 ,TB_Cajas.vlCierreEuros  = 0   WHERE TB_Cajas.nrCaja = 9000003773  
04/10/2015 10:00:17 |  UPDATE TB_Cajas SET TB_Cajas.nrCaja  = 9000003773 ,TB_Cajas.vlTotalSaldoFinal  = 0.00 ,TB_Cajas.nrPuesto  = 9 ,TB_Cajas.dsUsuario  = 'CAMILAP' ,TB_Cajas.vlSaldoInicialPesos  = 0.00 ,TB_Cajas.dtApertura  = '19/08/2015 11:17:24' ,TB_Cajas.dtCierre  = null ,TB_Cajas.vlDiaDolar  = 9.10 ,TB_Cajas.vlDiaEuro  = 10.00 ,TB_Cajas.vlSaldoInicialEuros  = 0.00 ,TB_Cajas.vlSaldoInicialDolares  = 0.00 ,TB_Cajas.vlSaldoFinalRealPesos  = 0.00 ,TB_Cajas.vlTotalSaldoInicial  = 0.00 ,TB_Cajas.dtObservacion  = '04/10/2015 10:00:17' ,TB_Cajas.vlCierrePesos  = 0 ,TB_Cajas.vlSaldoFinalRealDolares  = 0.00 ,TB_Cajas.vlSaldoFinalRealEuros  = 0.00 ,TB_Cajas.vlTotalSaldoFinalReal  = 0.00 ,TB_Cajas.vlCierreDolares  = 0 ,TB_Cajas.vlCierreEuros  = 0 ,TB_Cajas.dsObservacion  = null ,TB_Cajas.vlDiaReal  = 3.21 ,TB_Cajas.flCajaAdm  = 1   WHERE TB_Cajas.nrCaja = 9000003773  
04/10/2015 10:00:17 | Exec sco_DiccionariodeDatos @nmtabla_param='VW_UltimaCajaAdm'
04/10/2015 10:00:18 |  SELECT VW_UltimaCajaAdm.nrCaja ,VW_UltimaCajaAdm.vlSaldoFinalRealPesos ,VW_UltimaCajaAdm.vlSaldoFinalRealEuros ,VW_UltimaCajaAdm.vlSaldoFinalRealDolares  FROM VW_UltimaCajaAdm 
04/10/2015 10:00:18 |  SELECT TB_Cajas.nrCaja  FROM TB_Cajas  WHERE TB_Cajas.nrCaja = 9000003773  AND  TB_Cajas.flEstado = 0  
04/10/2015 10:00:18 | Exec sco_DiccionariodeDatos @nmtabla_param='sco_cajapuesto_v3_9'
04/10/2015 10:00:18 | Exec sco_cajapuesto_v3_9 @nrCaja_param = 9000003772 
04/10/2015 10:00:18 | Exec sco_cajapuesto_v3_9 @nrCaja_param = 9000003773 
04/10/2015 10:00:18 | Exec sco_DiccionariodeDatos @nmtabla_param='spu_esdifporCotizacionImputadas_v3_9'
04/10/2015 10:00:18 | Exec spu_esdifporCotizacionImputadas_v3_9 @nrCajaAdmActual = 9000003773 
04/10/2015 10:00:18 | Exec sco_validarVencimientosCAI_v4_1
04/10/2015 10:00:19 | Exec sco_DiccionariodeDatos @nmtabla_param='sco_AccesosOpcionesMenu'
04/10/2015 10:00:19 | Exec sco_AccesosOpcionesMenu @p_tpNivelAcceso = 'Administración' ,@p_operaconcaja = 1 
04/10/2015 10:00:19 | Exec sco_AccesosOpcionesMenu @p_tpNivelAcceso = 'Administración' ,@p_operaconcaja = 1 
04/10/2015 15:56:51 | Exec  sco_TB_Productos_v4_1 
04/10/2015 15:56:53 | Exec sco_DiccionariodeDatos @nmtabla_param='TB_Usuarios'
04/10/2015 15:56:56 |  SELECT TB_Usuarios.dsUsuario ,TB_Usuarios.dspassword ,TB_Usuarios.tpAcceso ,TB_Usuarios.nmNombre ,TB_Usuarios.nmApellido ,TB_Usuarios.flBloqueado ,TB_Usuarios.tpNivelJerarquico  FROM TB_Usuarios  WHERE TB_Usuarios.dsUsuario = 'CAMILAP'  AND  TB_Usuarios.flEliminar = 0  
04/10/2015 15:56:56 | Exec sco_DiccionariodeDatos @nmtabla_param='sp_obtenerCajasPendientesdeAprobacion_v2_5'
04/10/2015 15:56:56 | Exec sp_obtenerCajasPendientesdeAprobacion_v2_5 @pdsUsuario_param = 'CAMILAP' 
04/10/2015 15:56:56 | Exec sp_obtenerCajasRechazadas_v2_9 
04/10/2015 15:56:56 | Exec sco_DiccionariodeDatos @nmtabla_param='TB_Parametros'
04/10/2015 15:56:56 |  SELECT TB_Parametros.vlParametro  FROM TB_Parametros  WHERE TB_Parametros.dsParametro = 'VALOR EURO'  
04/10/2015 15:56:56 |  SELECT TB_Parametros.vlParametro  FROM TB_Parametros  WHERE TB_Parametros.dsParametro = 'VALOR DOLAR'  
04/10/2015 15:56:56 | Exec SP_ValorPromoRetorno
04/10/2015 15:56:56 | Exec sco_DiccionariodeDatos @nmtabla_param='TB_Comisiones'
04/10/2015 15:56:56 |  SELECT TB_Comisiones.vlMontoMinimo  FROM TB_Comisiones  WHERE TB_Comisiones.tpComision = 'Retorno'  AND  TB_Comisiones.flEliminar = 0  
04/10/2015 15:56:56 |  SELECT TB_Parametros.vlParametro  FROM TB_Parametros  WHERE TB_Parametros.dsParametro = 'VALOR REAL'  
04/10/2015 15:56:56 | Exec sco_DiccionariodeDatos @nmtabla_param='TB_Cajas'
04/10/2015 15:56:56 |  SELECT TB_Cajas.nrCaja  FROM TB_Cajas  WHERE TB_Cajas.dsUsuario = 'CAMILAP'  and  TB_Cajas.flEstado = 0  and  TB_Cajas.tpEstadoAprobacion IS NULL  and  TB_Cajas.nrcaja > 0  
04/10/2015 15:56:58 |  SELECT TB_Cajas.nrCaja ,TB_Cajas.vlTotalSaldoFinal ,TB_Cajas.nrPuesto ,TB_Cajas.dsUsuario ,TB_Cajas.vlSaldoInicialPesos ,TB_Cajas.dtApertura ,TB_Cajas.dtCierre ,TB_Cajas.vlDiaDolar ,TB_Cajas.vlDiaEuro ,TB_Cajas.vlSaldoInicialEuros ,TB_Cajas.vlSaldoInicialDolares ,TB_Cajas.vlSaldoFinalRealPesos ,TB_Cajas.vlTotalSaldoInicial ,TB_Cajas.dtObservacion ,TB_Cajas.vlCierrePesos ,TB_Cajas.vlSaldoFinalRealDolares ,TB_Cajas.vlSaldoFinalRealEuros ,TB_Cajas.vlTotalSaldoFinalReal ,TB_Cajas.vlCierreDolares ,TB_Cajas.vlCierreEuros ,TB_Cajas.dsObservacion ,TB_Cajas.vlDiaReal ,TB_Cajas.flEstado  FROM TB_Cajas  WHERE TB_Cajas.nrCaja = 9000003773  
04/10/2015 15:56:58 | Exec sco_DiccionariodeDatos @nmtabla_param='SP_SumaCajaADM_v2_9'
04/10/2015 15:56:58 | Exec SP_SumaCajaADM_v2_9 @nrCaja_param = 9000003773 ,@tpCaja_param = 'CA' ,@tpCajaImputacion_param = null 
04/10/2015 15:56:58 |  UPDATE TB_Cajas SET TB_Cajas.vlSaldoFinalRealPesos  = 0.00 ,TB_Cajas.vlSaldoFinalRealEuros  = 0.00 ,TB_Cajas.vlSaldoFinalRealDolares  = 0.00 ,TB_Cajas.vlCierrePesos  = 0 ,TB_Cajas.vlCierreDolares  = 0 ,TB_Cajas.vlCierreEuros  = 0   WHERE TB_Cajas.nrCaja = 9000003773  
04/10/2015 15:56:59 |  UPDATE TB_Cajas SET TB_Cajas.nrCaja  = 9000003773 ,TB_Cajas.vlTotalSaldoFinal  = 0.00 ,TB_Cajas.nrPuesto  = 9 ,TB_Cajas.dsUsuario  = 'CAMILAP' ,TB_Cajas.vlSaldoInicialPesos  = 0.00 ,TB_Cajas.dtApertura  = '19/08/2015 11:17:24' ,TB_Cajas.dtCierre  = null ,TB_Cajas.vlDiaDolar  = 9.10 ,TB_Cajas.vlDiaEuro  = 10.00 ,TB_Cajas.vlSaldoInicialEuros  = 0.00 ,TB_Cajas.vlSaldoInicialDolares  = 0.00 ,TB_Cajas.vlSaldoFinalRealPesos  = 0.00 ,TB_Cajas.vlTotalSaldoInicial  = 0.00 ,TB_Cajas.dtObservacion  = '04/10/2015 03:56:59' ,TB_Cajas.vlCierrePesos  = 0 ,TB_Cajas.vlSaldoFinalRealDolares  = 0.00 ,TB_Cajas.vlSaldoFinalRealEuros  = 0.00 ,TB_Cajas.vlTotalSaldoFinalReal  = 0.00 ,TB_Cajas.vlCierreDolares  = 0 ,TB_Cajas.vlCierreEuros  = 0 ,TB_Cajas.dsObservacion  = null ,TB_Cajas.vlDiaReal  = 3.21 ,TB_Cajas.flCajaAdm  = 1   WHERE TB_Cajas.nrCaja = 9000003773  
04/10/2015 15:56:59 | Exec sco_DiccionariodeDatos @nmtabla_param='VW_UltimaCajaAdm'
04/10/2015 15:56:59 |  SELECT VW_UltimaCajaAdm.nrCaja ,VW_UltimaCajaAdm.vlSaldoFinalRealPesos ,VW_UltimaCajaAdm.vlSaldoFinalRealEuros ,VW_UltimaCajaAdm.vlSaldoFinalRealDolares  FROM VW_UltimaCajaAdm 
04/10/2015 15:56:59 |  SELECT TB_Cajas.nrCaja  FROM TB_Cajas  WHERE TB_Cajas.nrCaja = 9000003773  AND  TB_Cajas.flEstado = 0  
04/10/2015 15:56:59 | Exec sco_DiccionariodeDatos @nmtabla_param='sco_cajapuesto_v3_9'
04/10/2015 15:56:59 | Exec sco_cajapuesto_v3_9 @nrCaja_param = 9000003772 
04/10/2015 15:56:59 | Exec sco_cajapuesto_v3_9 @nrCaja_param = 9000003773 
04/10/2015 15:56:59 | Exec sco_DiccionariodeDatos @nmtabla_param='spu_esdifporCotizacionImputadas_v3_9'
04/10/2015 15:56:59 | Exec spu_esdifporCotizacionImputadas_v3_9 @nrCajaAdmActual = 9000003773 
04/10/2015 15:56:59 | Exec sco_validarVencimientosCAI_v4_1
04/10/2015 15:57:00 | Exec sco_DiccionariodeDatos @nmtabla_param='sco_AccesosOpcionesMenu'
04/10/2015 15:57:00 | Exec sco_AccesosOpcionesMenu @p_tpNivelAcceso = 'Administración' ,@p_operaconcaja = 1 
04/10/2015 15:57:00 | Exec sco_AccesosOpcionesMenu @p_tpNivelAcceso = 'Administración' ,@p_operaconcaja = 1 
04/10/2015 15:57:02 | Inicializando Servicio SGLibrary.ServicePrinter
04/10/2015 15:57:03 | Inicializando Servicio SGLibrary.ServicePrinter OK 
04/10/2015 15:57:03 | Exec sco_DiccionariodeDatos @nmtabla_param='TB_Cupones'
04/10/2015 15:57:05 |  SELECT TB_Cupones.cdCodBar ,TB_Cupones.nrLicencia ,TB_Cupones.nmLicenciatario ,TB_Cupones.cdCliente ,TB_Cupones.nrCupon ,TB_Cupones.tpCupon ,TB_Cupones.vlMontoCupon ,TB_Cupones.vlPagoPesos ,TB_Cupones.vlPagoEuros ,TB_Cupones.vlPagoDolares ,TB_Cupones.vlComision ,TB_Cupones.nrTalonarioCliente ,TB_Cupones.nrComprabanteCliente ,TB_Cupones.flCobradoalCliente ,TB_Cupones.vlafavorAdmin ,TB_Cupones.dtCupon  FROM TB_Cupones  WHERE TB_Cupones.cdCliente = 11  AND  TB_Cupones.tpCupon = 'Cuenta Corriente' AND TB_Cupones.flEliminar = 0  AND  TB_Cupones.flCobradoalCliente = 0 AND TB_Cupones.flAnulado = 0   Order by TB_Cupones.cdCliente ASC 
04/10/2015 15:57:09 |  SELECT TB_Cupones.cdCodBar ,TB_Cupones.nrLicencia ,TB_Cupones.nmLicenciatario ,TB_Cupones.cdCliente ,TB_Cupones.nrCupon ,TB_Cupones.tpCupon ,TB_Cupones.vlMontoCupon ,TB_Cupones.vlPagoPesos ,TB_Cupones.vlPagoEuros ,TB_Cupones.vlPagoDolares ,TB_Cupones.vlComision ,TB_Cupones.nrTalonarioCliente ,TB_Cupones.nrComprabanteCliente ,TB_Cupones.flCobradoalCliente ,TB_Cupones.vlafavorAdmin ,TB_Cupones.dtCupon  FROM TB_Cupones  WHERE TB_Cupones.cdCliente = 4013  AND  TB_Cupones.tpCupon = 'Cuenta Corriente' AND TB_Cupones.flEliminar = 0  AND  TB_Cupones.flCobradoalCliente = 0 AND TB_Cupones.flAnulado = 0   Order by TB_Cupones.cdCliente ASC 
04/10/2015 15:57:09 | Exec sco_DiccionariodeDatos @nmtabla_param='TB_Clientes'
04/10/2015 15:57:09 |  SELECT TB_Clientes.cdCliente ,TB_Clientes.dsRazonSocial  FROM TB_Clientes  WHERE TB_Clientes.cdCliente = 4013  
04/10/2015 15:57:13 | Exec sco_AccesosOpcionesMenu @p_tpNivelAcceso = 'Administración' ,@p_operaconcaja = 1 
04/10/2015 15:57:14 | Exec sco_DiccionariodeDatos @nmtabla_param='TB_Comprobantes'
04/10/2015 15:57:15 |  SELECT TB_Comprobantes.dtComprobante ,TB_Comprobantes.nrComprobante ,TB_Comprobantes.cdCliente ,TB_Comprobantes.cdCodBar ,TB_Comprobantes.nrLicencia ,TB_Comprobantes.nrPuesto ,TB_Comprobantes.nrTalonario ,TB_Comprobantes.tpComprobante ,TB_Comprobantes.nrCaja ,TB_Comprobantes.cdCondVenta ,TB_Comprobantes.nrDoc ,TB_Comprobantes.dsRazonSocial ,TB_Comprobantes.nmLicenciatario ,TB_Comprobantes.dsUsuario ,TB_Comprobantes.dsDomicilio ,TB_Comprobantes.tpComprobante ,TB_Comprobantes.tpLetra ,TB_Comprobantes.flManual  FROM TB_Comprobantes  WHERE  nrComprobante Like ('%%%') AND TB_Comprobantes.flAnulado = 0  AND  TB_Comprobantes.flEliminar = 0  AND  TB_Comprobantes.dtComprobante >= '04/10/2015 00:00:00'  AND  TB_Comprobantes.dtComprobante <= '04/10/2015 23:59:59'   Order by TB_Comprobantes.nrComprobante ASC 
04/10/2015 15:57:30 |  SELECT TB_Comprobantes.dtComprobante ,TB_Comprobantes.nrComprobante ,TB_Comprobantes.cdCliente ,TB_Comprobantes.cdCodBar ,TB_Comprobantes.nrLicencia ,TB_Comprobantes.nrPuesto ,TB_Comprobantes.nrTalonario ,TB_Comprobantes.tpComprobante ,TB_Comprobantes.nrCaja ,TB_Comprobantes.cdCondVenta ,TB_Comprobantes.nrDoc ,TB_Comprobantes.dsRazonSocial ,TB_Comprobantes.nmLicenciatario ,TB_Comprobantes.dsUsuario ,TB_Comprobantes.dsDomicilio ,TB_Comprobantes.tpComprobante ,TB_Comprobantes.tpLetra ,TB_Comprobantes.flManual  FROM TB_Comprobantes  WHERE  nrComprobante Like ('%%%') AND TB_Comprobantes.flAnulado = 0  AND  TB_Comprobantes.flEliminar = 0  AND  TB_Comprobantes.dtComprobante >= '01/10/2015 00:00:00'  AND  TB_Comprobantes.dtComprobante <= '04/10/2015 23:59:59'   Order by TB_Comprobantes.nrComprobante ASC 
04/10/2015 15:57:34 |  SELECT TB_Comprobantes.dsLeyenda ,TB_Comprobantes.tpLetra ,TB_Comprobantes.vlTotalGeneral ,TB_Comprobantes.vlPagoEuros ,TB_Comprobantes.vlPagoPesos ,TB_Comprobantes.tpMoneda ,TB_Comprobantes.dsDomicilio ,TB_Comprobantes.nmLocalidad ,TB_Comprobantes.dsEmail ,TB_Comprobantes.cdPostal ,TB_Comprobantes.dtVencimiento ,TB_Comprobantes.nrBultos ,TB_Comprobantes.nrPasajeros ,TB_Comprobantes.vlPagoDolares ,TB_Comprobantes.nrTel ,TB_Comprobantes.vlDiaEuro ,TB_Comprobantes.cdCliente ,TB_Comprobantes.nrTalonario ,TB_Comprobantes.dtComprobante ,TB_Comprobantes.nrComprobante ,TB_Comprobantes.cdCodBar ,TB_Comprobantes.tpComprobante ,TB_Comprobantes.nrCaja ,TB_Comprobantes.cdCondVenta ,TB_Comprobantes.nrDoc ,TB_Comprobantes.dsRazonSocial ,TB_Comprobantes.nrLicencia ,TB_Comprobantes.nmLicenciatario ,TB_Comprobantes.dsUsuario ,TB_Comprobantes.nrPuesto ,TB_Comprobantes.nmApellido ,TB_Comprobantes.nmNombre ,TB_Comprobantes.dsOpcional3 ,TB_Comprobantes.IdReciboCtaCte ,TB_Comprobantes.flAnulado ,TB_Comprobantes.flManual ,TB_Comprobantes.vlPagoReales  FROM TB_Comprobantes  WHERE TB_Comprobantes.nrComprobante = '00000001    '  AND  TB_Comprobantes.nrTalonario = '0008'  AND  TB_Comprobantes.nrCaja = 9000003773  AND  TB_Comprobantes.tpLetra = 'A'  AND  TB_Comprobantes.tpComprobante = 'A'  AND  TB_Comprobantes.flEliminar = 0  
04/10/2015 15:57:35 | Exec sco_DiccionariodeDatos @nmtabla_param='TB_ComprobantesDetalle'
04/10/2015 15:57:35 |  SELECT TB_ComprobantesDetalle.nrItem ,TB_ComprobantesDetalle.cdProducto ,TB_ComprobantesDetalle.dsProducto ,TB_ComprobantesDetalle.vlPrecioViaje ,TB_ComprobantesDetalle.vlTotalItem  FROM TB_ComprobantesDetalle  WHERE TB_ComprobantesDetalle.nrTalonario = '0008'  AND  TB_ComprobantesDetalle.nrComprobante = '00000001'  AND  TB_ComprobantesDetalle.tpComprobante = 'A'  AND  TB_ComprobantesDetalle.tpLetra = 'A'  
04/10/2015 15:57:37 |  SELECT TB_Cupones.flCompensado  FROM TB_Cupones  WHERE TB_Cupones.nrComprabanteCliente = '00000001'  AND  TB_Cupones.nrTalonarioCliente = '0008'  AND  TB_Cupones.tpComprobanteCliente = 'A'  AND TB_Cupones.tpLetraCliente = 'A'  AND TB_Cupones.flCompensado = 1  
04/10/2015 15:57:37 | SET DATEFORMAT dmy
04/10/2015 15:57:37 | select getdate() AS FECHA
04/10/2015 15:57:37 |  UPDATE TB_Cupones SET TB_Cupones.flAnulado  = 1 ,TB_Cupones.dtAnulado  = '04/10/2015 03:57:37' ,TB_Cupones.flSincronizado  = 0 ,TB_Cupones.dtActualizacion  = '04/10/2015 03:57:38'   WHERE TB_Cupones.nrComprabanteCliente = '00000001'  AND  TB_Cupones.nrTalonarioCliente = '0008'  AND  TB_Cupones.tpComprobanteCliente = 'A'  AND TB_Cupones.tpLetraCliente = 'A'  
04/10/2015 15:57:37 | Exec  SP_AnularFacturaCtaCte 1,CAMILAP
04/10/2015 15:57:37 | SET DATEFORMAT dmy
04/10/2015 15:57:37 | select getdate() AS FECHA
04/10/2015 15:57:37 |  UPDATE TB_Comprobantes SET TB_Comprobantes.flAnulado  = 1 ,TB_Comprobantes.dtAnulado  = '04/10/2015 03:57:37' ,TB_Comprobantes.flSincronizado  = 0 ,TB_Comprobantes.dtActualizacion  = '04/10/2015 03:57:38'   WHERE TB_Comprobantes.nrComprobante = '00000001'  AND  TB_Comprobantes.nrTalonario = '0008'  AND  TB_Comprobantes.tpLetra = 'A'  AND  TB_Comprobantes.tpComprobante = 'A'  
04/10/2015 15:57:37 | SET DATEFORMAT dmy
04/10/2015 15:57:37 | select getdate() AS FECHA
04/10/2015 15:57:37 |  UPDATE TB_Cajas SET TB_Cajas.dtActualizacion  = '04/10/2015 03:57:38'   WHERE TB_Cajas.nrCaja = 9000003773  
04/10/2015 15:57:37 |  SELECT TB_Cajas.nrCaja  FROM TB_Cajas  WHERE TB_Cajas.nrCaja = 9000003773  AND  TB_Cajas.flEstado = 0  
04/10/2015 15:57:37 |  SELECT TB_Cajas.nrCaja  FROM TB_Cajas  WHERE TB_Cajas.nrCaja = 9000003773  AND  TB_Cajas.flCajaAdm = 0  
04/10/2015 15:57:38 |  SELECT TB_Comprobantes.dtComprobante ,TB_Comprobantes.nrComprobante ,TB_Comprobantes.cdCliente ,TB_Comprobantes.cdCodBar ,TB_Comprobantes.nrLicencia ,TB_Comprobantes.nrPuesto ,TB_Comprobantes.nrTalonario ,TB_Comprobantes.tpComprobante ,TB_Comprobantes.nrCaja ,TB_Comprobantes.cdCondVenta ,TB_Comprobantes.nrDoc ,TB_Comprobantes.dsRazonSocial ,TB_Comprobantes.nmLicenciatario ,TB_Comprobantes.dsUsuario ,TB_Comprobantes.dsDomicilio ,TB_Comprobantes.tpComprobante ,TB_Comprobantes.tpLetra ,TB_Comprobantes.flManual  FROM TB_Comprobantes  WHERE  nrComprobante Like ('%%%') AND TB_Comprobantes.flAnulado = 0  AND  TB_Comprobantes.flEliminar = 0  AND  TB_Comprobantes.dtComprobante >= '01/10/2015 00:00:00'  AND  TB_Comprobantes.dtComprobante <= '04/10/2015 23:59:59'   Order by TB_Comprobantes.nrComprobante ASC 
04/10/2015 15:57:39 | Exec sco_AccesosOpcionesMenu @p_tpNivelAcceso = 'Administración' ,@p_operaconcaja = 1 
04/10/2015 15:57:41 | Inicializando Servicio SGLibrary.ServicePrinter
04/10/2015 15:57:41 | Inicializando Servicio SGLibrary.ServicePrinter OK 
04/10/2015 15:57:44 |  SELECT TB_Cupones.cdCodBar ,TB_Cupones.nrLicencia ,TB_Cupones.nmLicenciatario ,TB_Cupones.cdCliente ,TB_Cupones.nrCupon ,TB_Cupones.tpCupon ,TB_Cupones.vlMontoCupon ,TB_Cupones.vlPagoPesos ,TB_Cupones.vlPagoEuros ,TB_Cupones.vlPagoDolares ,TB_Cupones.vlComision ,TB_Cupones.nrTalonarioCliente ,TB_Cupones.nrComprabanteCliente ,TB_Cupones.flCobradoalCliente ,TB_Cupones.vlafavorAdmin ,TB_Cupones.dtCupon  FROM TB_Cupones  WHERE TB_Cupones.cdCliente = 4013  AND  TB_Cupones.tpCupon = 'Cuenta Corriente' AND TB_Cupones.flEliminar = 0  AND  TB_Cupones.flCobradoalCliente = 0 AND TB_Cupones.flAnulado = 0   Order by TB_Cupones.cdCliente ASC 
04/10/2015 15:57:44 |  SELECT TB_Clientes.cdCliente ,TB_Clientes.dsRazonSocial  FROM TB_Clientes  WHERE TB_Clientes.cdCliente = 4013  
04/10/2015 15:57:50 |  SELECT TB_Clientes.cdCliente ,TB_Clientes.dsRazonSocial ,TB_Clientes.nrDoc ,TB_Clientes.dsEmail ,TB_Clientes.tpIVA  FROM TB_Clientes  WHERE TB_Clientes.cdCliente = 4013  AND  TB_Clientes.flEliminar = 0  
04/10/2015 15:57:50 |  SELECT tb_parametros.dsParametro ,tb_parametros.vlParametro ,tb_parametros.tpParametro ,tb_parametros.flEditable ,tb_parametros.nrTamanio ,tb_parametros.dtActualizacion  FROM tb_parametros  WHERE tb_parametros.dsParametro = 'PUESTO_FACTURACION_CTA_CTE'  
04/10/2015 15:57:50 | Exec dbo.spu_obtener_puntosdeventa_facturacion_v1_0 @nrPuesto_param=4, @tipo_iva = RI,  @auto_impresor = S; 
04/10/2015 15:57:50 | Inicializando Servicio SGLibrary.ServicePrinter
04/10/2015 15:57:50 | Inicializando Servicio SGLibrary.ServicePrinter OK 
04/10/2015 15:57:50 |  SELECT tb_parametros.dsParametro ,tb_parametros.vlParametro ,tb_parametros.tpParametro ,tb_parametros.flEditable ,tb_parametros.nrTamanio ,tb_parametros.dtActualizacion  FROM tb_parametros  WHERE tb_parametros.dsParametro = 'PUESTO_FACTURACION_CTA_CTE'  
04/10/2015 15:57:53 | Exec  SP_ObtenerMaxNroComprobanteporTalonario @nrTalonario='0008',@tpLetra='A',@tpComprobante='A'
04/10/2015 15:57:53 |  INSERT TB_Comprobantes (nrComprobante ,nrTalonario ,nrDoc ,cdCliente ,dsRazonSocial ,vlTotalGeneral ,dsLeyenda ,nmEmpleado ,nrPuesto ,nrCaja ,nrLicencia ,nmLicenciatario ,dtComprobante ,dsEmail ,cdCondVenta ,tpComprobante ,tpComision ,tpIVA ,dsOpcional3 ,cdCodBar ,dtCaja ,dtInsercion ,dsOpcional1 ,IdReciboCtaCte ,nrCAI ,dtVencimiento ,vlPagoPesos ,vlDiaDolar ,vlDiaEuro ,dsOpcional2 ,tpLetra ,dsUsuario )  VALUES ('00000002' ,'0008' ,'27-14012559-3' ,4013 ,'SILVINA SZPERLING' ,450.00 ,null ,'CAMILA PASQUALI' ,9 ,9000003773 ,999 ,'Coop. Taxi Ezeiza' ,'04/10/2015' ,null ,'Contado' ,'A' ,'A Clientes' ,'RI' ,'30708249919010008' ,'000800000002999' ,'04/10/2015 03:57:53' ,'04/10/2015 03:57:53' ,'15:57' ,2 ,null ,null ,450.00 ,9.10 ,10.00 ,'Viajes según recibo Nro. 2' ,'A' ,'CAMILAP' )
04/10/2015 15:57:53 | Exec sco_DiccionariodeDatos @nmtabla_param='DiccionariodeDatos'
04/10/2015 15:57:53 |  UPDATE DiccionariodeDatos SET DiccionariodeDatos.vlPuesto4  = '2'   WHERE DiccionariodeDatos.nmTabla = 'TB_Comprobantes'  AND  DiccionariodeDatos.nmCampo = 'nrComprobante'  
04/10/2015 15:57:53 |  INSERT TB_ComprobantesDetalle (nrTalonario ,nrComprobante ,tpComprobante ,tpLetra ,nrItem ,cdProducto ,dsProducto ,tpOperacion ,vlPorcentaje ,vlPrecioPeaje ,vlPrecioViaje ,dtInsercion ,nrCaja ,nrPuesto )  VALUES ('0008' ,'00000002' ,'A' ,'A' ,1 ,999 ,'Viajes según recibo Nro. 2' ,null ,null ,null ,450.00 ,'04/10/2015' ,9000003773 ,9 )
04/10/2015 15:57:53 | Exec sco_DiccionariodeDatos @nmtabla_param='SP_ObtenerMaxnrCupon_v1_3'
04/10/2015 15:57:53 | Exec SP_ObtenerMaxnrCupon_v1_3 @nrPuesto = 9 
04/10/2015 15:57:53 |  INSERT TB_Cupones (nrTalonarioCliente ,nrComprabanteCliente ,tpComprobanteCliente ,tpLetraCliente ,cdCliente ,nrPuesto ,nrLicencia ,nmLicenciatario ,vlMontoCupon ,vlPagoPesos ,vlPagoDolares ,vlPagoEuros ,nrCantidadBultos ,tpCupon ,flCobradoalCliente ,dtCobradoalCliente ,flCompensado ,vlafavorAdmin ,vlComision ,dtCajaCliente ,nrCajaCliente ,dtCupon ,dsUsuario ,nrPasajeros ,cdCodBar ,dsDestino ,dsHoraViaje ,nrCupon )  VALUES ('0008' ,'00000002' ,'A' ,'A' ,4013 ,4 ,999 ,'Coop. Taxi Ezeiza' ,450.00 ,450.00 ,0 ,0 ,0 ,'Contado' ,1 ,'04/10/2015 03:57:53' ,0 ,0 ,0 ,'04/10/2015 03:57:53' ,9000003773 ,'04/10/2015 03:57:53' ,'CAMILAP' ,0 ,'000800000002999' ,'Viajes según recibo Nro. 2' ,'15:57' ,4 )
04/10/2015 15:57:53 |  UPDATE DiccionariodeDatos SET DiccionariodeDatos.vlPuesto4  = '4'   WHERE DiccionariodeDatos.nmTabla = 'TB_Cupones'  AND  DiccionariodeDatos.nmCampo = 'nrCupon'  
04/10/2015 15:57:53 | Exec sco_DiccionariodeDatos @nmtabla_param='TB_Puestos'
04/10/2015 15:57:53 | SET DATEFORMAT dmy
04/10/2015 15:57:53 | select getdate() AS FECHA
04/10/2015 15:57:53 |  UPDATE TB_Puestos SET TB_Puestos.nrComprobante_auto_empresa_ult  = 2 ,TB_Puestos.dtActualizacion  = '04/10/2015 03:57:54'   WHERE TB_Puestos.nrPuesto = 4  
04/10/2015 15:59:41 | Exec sco_DiccionariodeDatos @nmtabla_param='TB_Recibos'
04/10/2015 15:59:41 |  INSERT TB_Recibos (IdRecibo ,vlAcumDolares ,vlSaldoPesos ,vlSaldoEuros ,vlAcumPesos ,vlAcumEuros ,vlAcumComision ,vlSaldoDolares ,dtRecibo ,tpRecibo ,cdCliente ,dsRazonSocial ,nrCaja )  VALUES (2 ,0 ,450.00 ,0 ,450.00 ,0 ,0 ,0 ,'04/10/2015 03:59:41' ,'Detalle de Cobro a Cta. Cte.' ,'4013' ,'SILVINA SZPERLING' ,9000003773 )
04/10/2015 15:59:41 |  UPDATE DiccionariodeDatos SET DiccionariodeDatos.vlPuesto9  = '1000276230'   WHERE DiccionariodeDatos.nmTabla = 'TB_Recibos'  AND  DiccionariodeDatos.nmCampo = 'IdRecibo'  
04/10/2015 15:59:41 | SET DATEFORMAT dmy
04/10/2015 15:59:41 | select getdate() AS FECHA
04/10/2015 15:59:41 |  UPDATE TB_Cupones SET TB_Cupones.flCobradoalCliente  = 1 ,TB_Cupones.dtCobradoalCliente  = '04/10/2015 03:59:41' ,TB_Cupones.nrCajaCtaCte  = 9000003773 ,TB_Cupones.dtCajaCtaCte  = '04/10/2015 03:59:41' ,TB_Cupones.IdReciboCtaCte  = 2 ,TB_Cupones.dsUsuario  = 'CAMILAP'   WHERE TB_Cupones.nrCupon = 1  
04/10/2015 16:00:47 |  SELECT TB_Cupones.cdCodBar ,TB_Cupones.nrLicencia ,TB_Cupones.nmLicenciatario ,TB_Cupones.cdCliente ,TB_Cupones.nrCupon ,TB_Cupones.tpCupon ,TB_Cupones.vlMontoCupon ,TB_Cupones.vlPagoPesos ,TB_Cupones.vlPagoEuros ,TB_Cupones.vlPagoDolares ,TB_Cupones.vlComision ,TB_Cupones.nrTalonarioCliente ,TB_Cupones.nrComprabanteCliente ,TB_Cupones.flCobradoalCliente ,TB_Cupones.vlafavorAdmin ,TB_Cupones.dtCupon  FROM TB_Cupones  WHERE TB_Cupones.cdCliente = 4013  AND  TB_Cupones.tpCupon = 'Cuenta Corriente' AND TB_Cupones.flEliminar = 0  AND  TB_Cupones.flCobradoalCliente = 0 AND TB_Cupones.flAnulado = 0   Order by TB_Cupones.cdCliente ASC 
04/10/2015 16:00:47 |  SELECT TB_Clientes.cdCliente ,TB_Clientes.dsRazonSocial  FROM TB_Clientes  WHERE TB_Clientes.cdCliente = 4013  
