11/11/2015 17:38:49 |  INSERT TB_Comprobantes (nrComprobante ,nrTalonario ,nrDoc ,cdCliente ,dsRazonSocial ,vlTotalGeneral ,dsLeyenda ,nmEmpleado ,nrPuesto ,nrCaja ,nrLicencia ,nmLicenciatario ,dtComprobante ,tpComprobante ,tpLetra ,dsEmail ,cdCondVenta ,tpComision ,tpIVA ,dsOpcional3 ,cdCodBar ,dtCaja ,dtInsercion ,dsOpcional1 ,IdReciboCtaCte ,nrCAI ,dtVencimiento ,vlPagoPesos ,vlDiaDolar ,vlDiaEuro ,dsOpcional2 ,dsUsuario )  VALUES ('00134137' ,'0008' ,'27-14012559-3' ,4013 ,'SILVINA SZPERLING' ,940.00 ,null ,'CAMILA PASQUALI' ,9 ,9000003767 ,999 ,'Coop. Taxi Ezeiza' ,'11/11/2015' ,'FA' ,'B' ,null ,'Contado' ,'A Clientes' ,'EX' ,'30708249919010008' ,'000800134137999' ,'11/11/2015 17:38:49' ,'11/11/2015 17:38:49' ,'17:38' ,1000275540 ,null ,null ,940.00 ,9.10 ,10.00 ,'Viajes según recibo Nro. 1000275540' ,'CAMILAP' )
11/11/2015 17:38:49 | Invalid procedure call or argument
11/11/2015 17:38:49 |  INSERT TB_Comprobantes (nrComprobante ,nrTalonario ,nrDoc ,cdCliente ,dsRazonSocial ,vlTotalGeneral ,dsLeyenda ,nmEmpleado ,nrPuesto ,nrCaja ,nrLicencia ,nmLicenciatario ,dtComprobante ,tpComprobante ,tpLetra ,dsEmail ,cdCondVenta ,tpComision ,tpIVA ,dsOpcional3 ,cdCodBar ,dtCaja ,dtInsercion ,dsOpcional1 ,IdReciboCtaCte ,nrCAI ,dtVencimiento ,vlPagoPesos ,vlDiaDolar ,vlDiaEuro ,dsOpcional2 ,dsUsuario )  VALUES ('00134137' ,'0008' ,'27-14012559-3' ,4013 ,'SILVINA SZPERLING' ,940.00 ,null ,'CAMILA PASQUALI' ,9 ,9000003767 ,999 ,'Coop. Taxi Ezeiza' ,'11/11/2015' ,'FA' ,'B' ,null ,'Contado' ,'A Clientes' ,'EX' ,'30708249919010008' ,'000800134137999' ,'11/11/2015 17:38:49' ,'11/11/2015 17:38:49' ,'17:38' ,1000275540 ,null ,null ,940.00 ,9.10 ,10.00 ,'Viajes según recibo Nro. 1000275540' ,'CAMILAP' )
11/11/2015 17:40:12 |  SELECT TB_Cupones.cdCodBar ,TB_Cupones.nrLicencia ,TB_Cupones.nmLicenciatario ,TB_Cupones.cdCliente ,TB_Cupones.nrCupon ,TB_Cupones.tpCupon ,TB_Cupones.vlMontoCupon ,TB_Cupones.vlPagoPesos ,TB_Cupones.vlPagoEuros ,TB_Cupones.vlPagoDolares ,TB_Cupones.vlComision ,TB_Cupones.nrTalonarioCliente ,TB_Cupones.nrComprabanteCliente ,TB_Cupones.flCobradoalCliente ,TB_Cupones.vlafavorAdmin ,TB_Cupones.dtCupon  FROM TB_Cupones  WHERE TB_Cupones.cdCliente = 4013  AND  TB_Cupones.tpCupon = 'Cuenta Corriente' AND TB_Cupones.flEliminar = 0  AND  TB_Cupones.flCobradoalCliente = 0 AND TB_Cupones.flAnulado = 0   Order by TB_Cupones.cdCliente ASC 
11/11/2015 17:40:12 |  SELECT TB_Clientes.cdCliente ,TB_Clientes.dsRazonSocial  FROM TB_Clientes  WHERE TB_Clientes.cdCliente = 4013  
11/11/2015 17:40:13 | Exec sco_AccesosOpcionesMenu @p_tpNivelAcceso = 'Administración' ,@p_operaconcaja = 1 
11/11/2015 17:43:06 | Exec  sco_TB_Productos_v4_1 
11/11/2015 17:43:09 | Exec sco_DiccionariodeDatos @nmtabla_param='TB_Usuarios'
11/11/2015 17:43:12 |  SELECT TB_Usuarios.dsUsuario ,TB_Usuarios.dspassword ,TB_Usuarios.tpAcceso ,TB_Usuarios.nmNombre ,TB_Usuarios.nmApellido ,TB_Usuarios.flBloqueado ,TB_Usuarios.tpNivelJerarquico  FROM TB_Usuarios  WHERE TB_Usuarios.dsUsuario = 'CAMILAP'  AND  TB_Usuarios.flEliminar = 0  
11/11/2015 17:43:12 |  SELECT TB_Usuarios.dsUsuario ,TB_Usuarios.dspassword ,TB_Usuarios.tpAcceso ,TB_Usuarios.nmNombre ,TB_Usuarios.nmApellido ,TB_Usuarios.flBloqueado ,TB_Usuarios.tpNivelJerarquico  FROM TB_Usuarios  WHERE TB_Usuarios.dsUsuario = 'CAMILAP'  AND  TB_Usuarios.flEliminar = 0  
11/11/2015 17:43:12 | Exec sco_DiccionariodeDatos @nmtabla_param='sp_obtenerCajasPendientesdeAprobacion_v2_5'
11/11/2015 17:43:12 | Exec sp_obtenerCajasPendientesdeAprobacion_v2_5 @pdsUsuario_param = 'CAMILAP' 
11/11/2015 17:43:12 | Exec sp_obtenerCajasRechazadas_v2_9 
11/11/2015 17:43:12 | Exec sco_DiccionariodeDatos @nmtabla_param='TB_Parametros'
11/11/2015 17:43:12 |  SELECT TB_Parametros.vlParametro  FROM TB_Parametros  WHERE TB_Parametros.dsParametro = 'VALOR EURO'  
11/11/2015 17:43:12 |  SELECT TB_Parametros.vlParametro  FROM TB_Parametros  WHERE TB_Parametros.dsParametro = 'VALOR DOLAR'  
11/11/2015 17:43:12 | Exec SP_ValorPromoRetorno
11/11/2015 17:43:12 | Exec sco_DiccionariodeDatos @nmtabla_param='TB_Comisiones'
11/11/2015 17:43:12 |  SELECT TB_Comisiones.vlMontoMinimo  FROM TB_Comisiones  WHERE TB_Comisiones.tpComision = 'Retorno'  AND  TB_Comisiones.flEliminar = 0  
11/11/2015 17:43:12 |  SELECT TB_Parametros.vlParametro  FROM TB_Parametros  WHERE TB_Parametros.dsParametro = 'VALOR REAL'  
11/11/2015 17:43:12 | Exec sco_DiccionariodeDatos @nmtabla_param='TB_Cajas'
11/11/2015 17:43:12 |  SELECT TB_Cajas.nrCaja  FROM TB_Cajas  WHERE TB_Cajas.dsUsuario = 'CAMILAP'  and  TB_Cajas.flEstado = 0  and  TB_Cajas.tpEstadoAprobacion IS NULL  and  TB_Cajas.nrcaja > 0  
11/11/2015 17:43:13 |  SELECT TB_Cajas.nrCaja ,TB_Cajas.vlTotalSaldoFinal ,TB_Cajas.nrPuesto ,TB_Cajas.dsUsuario ,TB_Cajas.vlSaldoInicialPesos ,TB_Cajas.dtApertura ,TB_Cajas.dtCierre ,TB_Cajas.vlDiaDolar ,TB_Cajas.vlDiaEuro ,TB_Cajas.vlSaldoInicialEuros ,TB_Cajas.vlSaldoInicialDolares ,TB_Cajas.vlSaldoFinalRealPesos ,TB_Cajas.vlTotalSaldoInicial ,TB_Cajas.dtObservacion ,TB_Cajas.vlCierrePesos ,TB_Cajas.vlSaldoFinalRealDolares ,TB_Cajas.vlSaldoFinalRealEuros ,TB_Cajas.vlTotalSaldoFinalReal ,TB_Cajas.vlCierreDolares ,TB_Cajas.vlCierreEuros ,TB_Cajas.dsObservacion ,TB_Cajas.vlDiaReal ,TB_Cajas.flEstado  FROM TB_Cajas  WHERE TB_Cajas.nrCaja = 9000003767  
11/11/2015 17:43:13 | Exec sco_DiccionariodeDatos @nmtabla_param='SP_SumaCajaADM_v2_9'
11/11/2015 17:43:13 | Exec SP_SumaCajaADM_v2_9 @nrCaja_param = 9000003767 ,@tpCaja_param = 'CA' ,@tpCajaImputacion_param = null 
11/11/2015 17:43:13 |  UPDATE TB_Cajas SET TB_Cajas.vlSaldoFinalRealPesos  = 1162010.00 ,TB_Cajas.vlSaldoFinalRealEuros  = 173.00 ,TB_Cajas.vlSaldoFinalRealDolares  = 163.00 ,TB_Cajas.vlCierrePesos  = 185255.1 ,TB_Cajas.vlCierreDolares  = 163 ,TB_Cajas.vlCierreEuros  = 173   WHERE TB_Cajas.nrCaja = 9000003767  
11/11/2015 17:43:14 |  UPDATE TB_Cajas SET TB_Cajas.nrCaja  = 9000003767 ,TB_Cajas.vlTotalSaldoFinal  = 188468.40 ,TB_Cajas.nrPuesto  = 9 ,TB_Cajas.dsUsuario  = 'CAMILAP' ,TB_Cajas.vlSaldoInicialPesos  = 976755.30 ,TB_Cajas.dtApertura  = '30/07/2015 07:02:46' ,TB_Cajas.dtCierre  = null ,TB_Cajas.vlDiaDolar  = 9.10 ,TB_Cajas.vlDiaEuro  = 10.00 ,TB_Cajas.vlSaldoInicialEuros  = 0.00 ,TB_Cajas.vlSaldoInicialDolares  = 0.00 ,TB_Cajas.vlSaldoFinalRealPesos  = 976755.30 ,TB_Cajas.vlTotalSaldoInicial  = 976755.30 ,TB_Cajas.dtObservacion  = '11/11/2015 17:43:14' ,TB_Cajas.vlCierrePesos  = 185255.1 ,TB_Cajas.vlSaldoFinalRealDolares  = 163.00 ,TB_Cajas.vlSaldoFinalRealEuros  = 173.00 ,TB_Cajas.vlTotalSaldoFinalReal  = 1165223.00 ,TB_Cajas.vlCierreDolares  = 163 ,TB_Cajas.vlCierreEuros  = 173 ,TB_Cajas.dsObservacion  = null ,TB_Cajas.vlDiaReal  = 3.21 ,TB_Cajas.flCajaAdm  = 1   WHERE TB_Cajas.nrCaja = 9000003767  
11/11/2015 17:43:14 | Exec sco_DiccionariodeDatos @nmtabla_param='VW_UltimaCajaAdm'
11/11/2015 17:43:14 |  SELECT VW_UltimaCajaAdm.nrCaja ,VW_UltimaCajaAdm.vlSaldoFinalRealPesos ,VW_UltimaCajaAdm.vlSaldoFinalRealEuros ,VW_UltimaCajaAdm.vlSaldoFinalRealDolares  FROM VW_UltimaCajaAdm 
11/11/2015 17:43:14 |  SELECT TB_Cajas.nrCaja  FROM TB_Cajas  WHERE TB_Cajas.nrCaja = 9000003767  AND  TB_Cajas.flEstado = 0  
11/11/2015 17:43:14 | Exec sco_DiccionariodeDatos @nmtabla_param='sco_cajapuesto_v3_9'
11/11/2015 17:43:14 | Exec sco_cajapuesto_v3_9 @nrCaja_param = 9000003766 
11/11/2015 17:43:14 | Exec sco_cajapuesto_v3_9 @nrCaja_param = 9000003767 
11/11/2015 17:43:14 | Exec sco_DiccionariodeDatos @nmtabla_param='spu_esdifporCotizacionImputadas_v3_9'
11/11/2015 17:43:14 | Exec spu_esdifporCotizacionImputadas_v3_9 @nrCajaAdmActual = 9000003767 
11/11/2015 17:43:14 | Exec sco_validarVencimientosCAI_v4_1
11/11/2015 17:43:16 | Exec sco_DiccionariodeDatos @nmtabla_param='sco_AccesosOpcionesMenu'
11/11/2015 17:43:16 | Exec sco_AccesosOpcionesMenu @p_tpNivelAcceso = 'Administración' ,@p_operaconcaja = 1 
11/11/2015 17:43:16 | Exec sco_AccesosOpcionesMenu @p_tpNivelAcceso = 'Administración' ,@p_operaconcaja = 1 
11/11/2015 17:43:19 | Exec sco_DiccionariodeDatos @nmtabla_param='TB_Puestos'
11/11/2015 17:43:19 |  SELECT TB_Puestos.nrPuesto ,TB_Puestos.dsPuesto ,TB_Puestos.dsPuesto ,TB_Puestos.nrTalonario_manual ,TB_Puestos.nrTalonario_manual ,TB_Puestos.nrTalonario_automatico ,TB_Puestos.nrTalonario_automatico ,TB_Puestos.nrComprobante_manual_ult ,TB_Puestos.nrComprobante_manual_ult ,TB_Puestos.nrComprobante_automatico_ult ,TB_Puestos.nrComprobante_automatico_ult ,TB_Puestos.tpletra ,TB_Puestos.tpletra ,TB_Puestos.flFacturaCtacte  FROM TB_Puestos  WHERE  dsPuesto Like ('%%%') AND TB_Puestos.flEliminar = 0   Order by TB_Puestos.dsPuesto ASC 
11/11/2015 17:43:21 |  SELECT TB_Puestos.flFacturaCtacte ,TB_Puestos.flRespeta_secuencia_carga_manual ,TB_Puestos.tpLetra_manual ,TB_Puestos.nrComprobante_manual_ult ,TB_Puestos.nrTalonario_manual ,TB_Puestos.tpLetraEmpresa_manual ,TB_Puestos.nrComprobante_manual_empresa_ult ,TB_Puestos.nrTalonario_manual_empresa ,TB_Puestos.tpLetraRecibo_manual ,TB_Puestos.nrComprobante_manual_ctacte_ult ,TB_Puestos.nrTalonario_manual_ctacte ,TB_Puestos.nrComprobante_automatico_nc_ult ,TB_Puestos.nrComprobante_auto_empresa_nc_ult ,TB_Puestos.nrComprobante_automatico_nd_ult ,TB_Puestos.nrComprobante_auto_empresa_nd_ult ,TB_Puestos.dtCAI_Talonario_auto_empresa ,TB_Puestos.dtCAI_Talonario_auto ,TB_Puestos.nrCAI_Talonario_auto ,TB_Puestos.nrCAI_Talonario_auto_empresa ,TB_Puestos.nrTalonario_auto_ctacte ,TB_Puestos.nrComprobante_auto_ctacte_ult ,TB_Puestos.tpLetraRecibo ,TB_Puestos.nrTalonario_auto_empresa ,TB_Puestos.nrComprobante_auto_empresa_ult ,TB_Puestos.tpLetraEmpresa ,TB_Puestos.nrTalonario_automatico ,TB_Puestos.nrComprobante_automatico_ult ,TB_Puestos.tpLetra ,TB_Puestos.dsPuesto ,TB_Puestos.nrPuesto  FROM TB_Puestos  WHERE TB_Puestos.nrPuesto = 5  AND  TB_Puestos.flEliminar = 0  
11/11/2015 17:43:27 |  SELECT TB_Puestos.flFacturaCtacte ,TB_Puestos.flRespeta_secuencia_carga_manual ,TB_Puestos.tpLetra_manual ,TB_Puestos.nrComprobante_manual_ult ,TB_Puestos.nrTalonario_manual ,TB_Puestos.tpLetraEmpresa_manual ,TB_Puestos.nrComprobante_manual_empresa_ult ,TB_Puestos.nrTalonario_manual_empresa ,TB_Puestos.tpLetraRecibo_manual ,TB_Puestos.nrComprobante_manual_ctacte_ult ,TB_Puestos.nrTalonario_manual_ctacte ,TB_Puestos.nrComprobante_automatico_nc_ult ,TB_Puestos.nrComprobante_auto_empresa_nc_ult ,TB_Puestos.nrComprobante_automatico_nd_ult ,TB_Puestos.nrComprobante_auto_empresa_nd_ult ,TB_Puestos.dtCAI_Talonario_auto_empresa ,TB_Puestos.dtCAI_Talonario_auto ,TB_Puestos.nrCAI_Talonario_auto ,TB_Puestos.nrCAI_Talonario_auto_empresa ,TB_Puestos.nrTalonario_auto_ctacte ,TB_Puestos.nrComprobante_auto_ctacte_ult ,TB_Puestos.tpLetraRecibo ,TB_Puestos.nrTalonario_auto_empresa ,TB_Puestos.nrComprobante_auto_empresa_ult ,TB_Puestos.tpLetraEmpresa ,TB_Puestos.nrTalonario_automatico ,TB_Puestos.nrComprobante_automatico_ult ,TB_Puestos.tpLetra ,TB_Puestos.dsPuesto ,TB_Puestos.nrPuesto  FROM TB_Puestos  WHERE TB_Puestos.nrPuesto = 4  AND  TB_Puestos.flEliminar = 0  
11/11/2015 17:45:44 | Exec   sco_Puestos_v4_2  @nrPuesto_param=4
11/11/2015 17:45:44 | SET DATEFORMAT dmy
11/11/2015 17:45:44 | select getdate() AS FECHA
11/11/2015 17:45:45 | Exec   sup_Puestos_v4_2  @nrPuesto_param=4 ,  @dsPuesto_param='Retornos' ,  @dtActualizado_param='11/11/2015 17:45:44',   @nrTalonario_manual_param=0 ,  @nrTalonario_automatico_param=8 ,  @nrComprobante_manual_ult_param=7141 ,  @nrComprobante_automatico_ult_param=134137,  @flRespeta_secuencia_carga_manual_param=0, @tpLetra_param='B',@nrTalonario_manual_empresa_param=0, @nrTalonario_manual_ctacte_param=0, @nrComprobante_manual_empresa_ult_param=0, @nrComprobante_manual_ctacte_ult_param=0, @tpLetraEmpresa_param='A', @tpLetraRecibo_param='X', @nrTalonario_auto_empresa_param=8, @nrTalonario_auto_ctacte_param=0, @nrComprobante_auto_ctacte_ult_param=0, @nrComprobante_auto_empresa_ult_param=4624, @tpletra_manual_param='B', @tpLetraEmpresa_manual_param='A', @tpLetraRecibo_manual_param='X',@nrCAI_Talonario_auto_param=35063106681863, @dtCAI_Talonario_auto_param='14/01/2017', @nrCAI_Talonario_auto_empresa_param=41189015354397, @dtCAI_Talonario_auto_empresa_param='31/08/2017', @nrComprobante_automatico_nd_ult=1, @nrComprobante_auto_empresa_nd_ult=2, @nrComprobante_auto_ctacte_nd_ult=null, @nrComprobante_manual_nd_ult=null, @nrComprobante_manual_empresa_nd_ult=null, @nrComprobante_manual_ctacte_nd_ult=null, @nrComprobante_automatico_nc_ult=9, @nrComprobante_auto_empresa_nc_ult=9, @nrComprobante_auto_ctacte_nc_ult=null, @nrComprobante_manual_nc_ult=null, @nrComprobante_manual_empresa_nc_ult=null, @nrComprobante_manual_ctacte_nc_ult=null, @flFacturaCtacte=1
11/11/2015 17:45:46 |  SELECT TB_Puestos.nrPuesto ,TB_Puestos.dsPuesto ,TB_Puestos.dsPuesto ,TB_Puestos.nrTalonario_manual ,TB_Puestos.nrTalonario_manual ,TB_Puestos.nrTalonario_automatico ,TB_Puestos.nrTalonario_automatico ,TB_Puestos.nrComprobante_manual_ult ,TB_Puestos.nrComprobante_manual_ult ,TB_Puestos.nrComprobante_automatico_ult ,TB_Puestos.nrComprobante_automatico_ult ,TB_Puestos.tpletra ,TB_Puestos.tpletra ,TB_Puestos.flFacturaCtacte  FROM TB_Puestos  WHERE  dsPuesto Like ('%%%') AND TB_Puestos.flEliminar = 0   Order by TB_Puestos.dsPuesto ASC 
11/11/2015 17:45:48 | Exec sco_AccesosOpcionesMenu @p_tpNivelAcceso = 'Administración' ,@p_operaconcaja = 1 
11/11/2015 17:45:50 | Inicializando Servicio SGLibrary.ServicePrinter
11/11/2015 17:45:50 | Inicializando Servicio SGLibrary.ServicePrinter OK 
11/11/2015 17:45:50 | Exec sco_DiccionariodeDatos @nmtabla_param='TB_Cupones'
11/11/2015 17:45:54 |  SELECT TB_Cupones.cdCodBar ,TB_Cupones.nrLicencia ,TB_Cupones.nmLicenciatario ,TB_Cupones.cdCliente ,TB_Cupones.nrCupon ,TB_Cupones.tpCupon ,TB_Cupones.vlMontoCupon ,TB_Cupones.vlPagoPesos ,TB_Cupones.vlPagoEuros ,TB_Cupones.vlPagoDolares ,TB_Cupones.vlComision ,TB_Cupones.nrTalonarioCliente ,TB_Cupones.nrComprabanteCliente ,TB_Cupones.flCobradoalCliente ,TB_Cupones.vlafavorAdmin ,TB_Cupones.dtCupon  FROM TB_Cupones  WHERE TB_Cupones.cdCliente = 4013  AND  TB_Cupones.tpCupon = 'Cuenta Corriente' AND TB_Cupones.flEliminar = 0  AND  TB_Cupones.flCobradoalCliente = 0 AND TB_Cupones.flAnulado = 0   Order by TB_Cupones.cdCliente ASC 
11/11/2015 17:45:54 | Exec sco_DiccionariodeDatos @nmtabla_param='TB_Clientes'
11/11/2015 17:45:54 |  SELECT TB_Clientes.cdCliente ,TB_Clientes.dsRazonSocial  FROM TB_Clientes  WHERE TB_Clientes.cdCliente = 4013  
11/11/2015 17:45:58 |  SELECT TB_Clientes.cdCliente ,TB_Clientes.dsRazonSocial ,TB_Clientes.nrDoc ,TB_Clientes.dsEmail ,TB_Clientes.tpIVA  FROM TB_Clientes  WHERE TB_Clientes.cdCliente = 4013  AND  TB_Clientes.flEliminar = 0  
11/11/2015 17:45:58 |  SELECT tb_parametros.dsParametro ,tb_parametros.vlParametro ,tb_parametros.tpParametro ,tb_parametros.flEditable ,tb_parametros.nrTamanio ,tb_parametros.dtActualizacion  FROM tb_parametros  WHERE tb_parametros.dsParametro = 'PUESTO_FACTURACION_CTA_CTE'  
11/11/2015 17:45:58 | Exec dbo.spu_obtener_puntosdeventa_facturacion_v2_0 @nrPuesto_param=4, @tipo_iva = EX,  @auto_impresor = S, @tpFormadePago = null,  @tpComprobante = 'FA'
11/11/2015 17:45:58 | Inicializando Servicio SGLibrary.ServicePrinter
11/11/2015 17:45:58 | Inicializando Servicio SGLibrary.ServicePrinter OK 
11/11/2015 17:45:58 |  SELECT tb_parametros.dsParametro ,tb_parametros.vlParametro ,tb_parametros.tpParametro ,tb_parametros.flEditable ,tb_parametros.nrTamanio ,tb_parametros.dtActualizacion  FROM tb_parametros  WHERE tb_parametros.dsParametro = 'PUESTO_FACTURACION_CTA_CTE'  
11/11/2015 17:45:58 | Exec sco_DiccionariodeDatos @nmtabla_param='TB_Comprobantes'
11/11/2015 17:46:02 |  INSERT TB_Comprobantes (nrComprobante ,nrTalonario ,nrDoc ,cdCliente ,dsRazonSocial ,vlTotalGeneral ,dsLeyenda ,nmEmpleado ,nrPuesto ,nrCaja ,nrLicencia ,nmLicenciatario ,dtComprobante ,tpComprobante ,tpLetra ,dsEmail ,cdCondVenta ,tpComision ,tpIVA ,dsOpcional3 ,cdCodBar ,dtCaja ,dtInsercion ,dsOpcional1 ,IdReciboCtaCte ,nrCAI ,dtVencimiento ,vlPagoPesos ,vlDiaDolar ,vlDiaEuro ,dsOpcional2 ,dsUsuario )  VALUES ('00134138' ,'0008' ,'27-14012559-3' ,4013 ,'SILVINA SZPERLING' ,940.00 ,null ,'CAMILA PASQUALI' ,9 ,9000003767 ,999 ,'Coop. Taxi Ezeiza' ,'11/11/2015' ,'FA' ,'B' ,null ,'Contado' ,'A Clientes' ,'EX' ,'30708249919010008' ,'000800134138999' ,'11/11/2015 17:46:02' ,'11/11/2015 17:46:02' ,'17:46' ,1000275540 ,null ,null ,940.00 ,9.10 ,10.00 ,'Viajes según recibo Nro. 1000275540' ,'CAMILAP' )
11/11/2015 17:46:02 | Exec sco_DiccionariodeDatos @nmtabla_param='DiccionariodeDatos'
11/11/2015 17:46:02 |  UPDATE DiccionariodeDatos SET DiccionariodeDatos.vlPuesto4  = '134138'   WHERE DiccionariodeDatos.nmTabla = 'TB_Comprobantes'  AND  DiccionariodeDatos.nmCampo = 'nrComprobante'  
11/11/2015 17:46:02 | Exec sco_DiccionariodeDatos @nmtabla_param='TB_ComprobantesDetalle'
11/11/2015 17:46:02 |  INSERT TB_ComprobantesDetalle (nrTalonario ,nrComprobante ,tpComprobante ,tpLetra ,nrItem ,cdProducto ,dsProducto ,tpOperacion ,vlPorcentaje ,vlPrecioPeaje ,vlPrecioViaje ,dtInsercion ,nrCaja ,nrPuesto )  VALUES ('0008' ,'00134138' ,'FA' ,'B' ,1 ,999 ,'Viajes según recibo Nro. 1000275540' ,null ,null ,null ,940.00 ,'11/11/2015' ,9000003767 ,9 )
11/11/2015 17:46:02 | Exec sco_DiccionariodeDatos @nmtabla_param='SP_ObtenerMaxnrCupon_v1_3'
11/11/2015 17:46:02 | Exec SP_ObtenerMaxnrCupon_v1_3 @nrPuesto = 9 
11/11/2015 17:46:03 |  INSERT TB_Cupones (nrTalonarioCliente ,nrComprabanteCliente ,tpComprobanteCliente ,tpLetraCliente ,cdCliente ,nrPuesto ,nrLicencia ,nmLicenciatario ,vlMontoCupon ,vlPagoPesos ,vlPagoDolares ,vlPagoEuros ,nrCantidadBultos ,tpCupon ,flCobradoalCliente ,dtCobradoalCliente ,flCompensado ,vlafavorAdmin ,vlComision ,dtCajaCliente ,nrCajaCliente ,dtCupon ,dsUsuario ,nrPasajeros ,cdCodBar ,dsDestino ,dsHoraViaje ,nrCupon )  VALUES ('0008' ,'00134138' ,'FA' ,'B' ,4013 ,4 ,999 ,'Coop. Taxi Ezeiza' ,940.00 ,940.00 ,0 ,0 ,0 ,'Contado' ,1 ,'11/11/2015 17:46:02' ,0 ,0 ,0 ,'11/11/2015 17:46:02' ,9000003767 ,'11/11/2015 17:46:02' ,'CAMILAP' ,0 ,'000800134138999' ,'Viajes según recibo Nro. 1000275540' ,'17:46' ,9001721203 )
11/11/2015 17:46:03 |  UPDATE DiccionariodeDatos SET DiccionariodeDatos.vlPuesto4  = '9001721203'   WHERE DiccionariodeDatos.nmTabla = 'TB_Cupones'  AND  DiccionariodeDatos.nmCampo = 'nrCupon'  
11/11/2015 17:46:03 | SET DATEFORMAT dmy
11/11/2015 17:46:03 | select getdate() AS FECHA
11/11/2015 17:46:03 |  UPDATE TB_Puestos SET TB_Puestos.dtActualizacion  = '11/11/2015 17:46:03'   WHERE TB_Puestos.nrPuesto = 4  
11/11/2015 17:46:19 | Exec sco_DiccionariodeDatos @nmtabla_param='TB_Recibos'
11/11/2015 17:46:19 |  INSERT TB_Recibos (IdRecibo ,vlAcumDolares ,vlSaldoPesos ,vlSaldoEuros ,vlAcumPesos ,vlAcumEuros ,vlAcumComision ,vlSaldoDolares ,dtRecibo ,tpRecibo ,cdCliente ,dsRazonSocial ,nrCaja )  VALUES (1000275540 ,0 ,940.00 ,0 ,940.00 ,0 ,0 ,0 ,'11/11/2015 17:46:19' ,'Detalle de Cobro a Cta. Cte.' ,'4013' ,'SILVINA SZPERLING' ,9000003767 )
11/11/2015 17:46:19 |  UPDATE DiccionariodeDatos SET DiccionariodeDatos.vlPuesto9  = '1000275893'   WHERE DiccionariodeDatos.nmTabla = 'TB_Recibos'  AND  DiccionariodeDatos.nmCampo = 'IdRecibo'  
11/11/2015 17:46:19 | SET DATEFORMAT dmy
11/11/2015 17:46:19 | select getdate() AS FECHA
11/11/2015 17:46:19 |  UPDATE TB_Cupones SET TB_Cupones.flCobradoalCliente  = 1 ,TB_Cupones.dtCobradoalCliente  = '11/11/2015 17:46:19' ,TB_Cupones.nrCajaCtaCte  = 9000003767 ,TB_Cupones.dtCajaCtaCte  = '11/11/2015 17:46:20' ,TB_Cupones.IdReciboCtaCte  = 1000275540 ,TB_Cupones.dsUsuario  = 'CAMILAP'   WHERE TB_Cupones.nrCupon = 9001721201  
11/11/2015 17:46:19 | SET DATEFORMAT dmy
11/11/2015 17:46:19 | select getdate() AS FECHA
11/11/2015 17:46:19 |  UPDATE TB_Cupones SET TB_Cupones.flCobradoalCliente  = 1 ,TB_Cupones.dtCobradoalCliente  = '11/11/2015 17:46:19' ,TB_Cupones.nrCajaCtaCte  = 9000003767 ,TB_Cupones.dtCajaCtaCte  = '11/11/2015 17:46:20' ,TB_Cupones.IdReciboCtaCte  = 1000275540 ,TB_Cupones.dsUsuario  = 'CAMILAP'   WHERE TB_Cupones.nrCupon = 9001721197  
11/11/2015 17:46:31 |  SELECT TB_Cupones.cdCodBar ,TB_Cupones.nrLicencia ,TB_Cupones.nmLicenciatario ,TB_Cupones.cdCliente ,TB_Cupones.nrCupon ,TB_Cupones.tpCupon ,TB_Cupones.vlMontoCupon ,TB_Cupones.vlPagoPesos ,TB_Cupones.vlPagoEuros ,TB_Cupones.vlPagoDolares ,TB_Cupones.vlComision ,TB_Cupones.nrTalonarioCliente ,TB_Cupones.nrComprabanteCliente ,TB_Cupones.flCobradoalCliente ,TB_Cupones.vlafavorAdmin ,TB_Cupones.dtCupon  FROM TB_Cupones  WHERE TB_Cupones.cdCliente = 4013  AND  TB_Cupones.tpCupon = 'Cuenta Corriente' AND TB_Cupones.flEliminar = 0  AND  TB_Cupones.flCobradoalCliente = 0 AND TB_Cupones.flAnulado = 0   Order by TB_Cupones.cdCliente ASC 
11/11/2015 17:46:31 |  SELECT TB_Clientes.cdCliente ,TB_Clientes.dsRazonSocial  FROM TB_Clientes  WHERE TB_Clientes.cdCliente = 4013  
11/11/2015 17:47:25 |  SELECT TB_Clientes.cdCliente ,TB_Clientes.dsRazonSocial ,TB_Clientes.nrDoc ,TB_Clientes.dsEmail ,TB_Clientes.tpIVA  FROM TB_Clientes  WHERE TB_Clientes.cdCliente = 4013  AND  TB_Clientes.flEliminar = 0  
11/11/2015 17:47:25 |  SELECT tb_parametros.dsParametro ,tb_parametros.vlParametro ,tb_parametros.tpParametro ,tb_parametros.flEditable ,tb_parametros.nrTamanio ,tb_parametros.dtActualizacion  FROM tb_parametros  WHERE tb_parametros.dsParametro = 'PUESTO_FACTURACION_CTA_CTE'  
11/11/2015 17:47:25 | Exec dbo.spu_obtener_puntosdeventa_facturacion_v2_0 @nrPuesto_param=4, @tipo_iva = EX,  @auto_impresor = S, @tpFormadePago = null,  @tpComprobante = 'FA'
11/11/2015 17:47:25 | Inicializando Servicio SGLibrary.ServicePrinter
11/11/2015 17:47:25 | Inicializando Servicio SGLibrary.ServicePrinter OK 
11/11/2015 17:47:25 |  SELECT tb_parametros.dsParametro ,tb_parametros.vlParametro ,tb_parametros.tpParametro ,tb_parametros.flEditable ,tb_parametros.nrTamanio ,tb_parametros.dtActualizacion  FROM tb_parametros  WHERE tb_parametros.dsParametro = 'PUESTO_FACTURACION_CTA_CTE'  
11/11/2015 17:47:31 |  INSERT TB_Comprobantes (nrComprobante ,nrTalonario ,nrDoc ,cdCliente ,dsRazonSocial ,vlTotalGeneral ,dsLeyenda ,nmEmpleado ,nrPuesto ,nrCaja ,nrLicencia ,nmLicenciatario ,dtComprobante ,tpComprobante ,tpLetra ,dsEmail ,cdCondVenta ,tpComision ,tpIVA ,dsOpcional3 ,cdCodBar ,dtCaja ,dtInsercion ,dsOpcional1 ,IdReciboCtaCte ,nrCAI ,dtVencimiento ,vlPagoPesos ,vlDiaDolar ,vlDiaEuro ,dsOpcional2 ,dsUsuario )  VALUES ('00134138' ,'0008' ,'27-14012559-3' ,4013 ,'SILVINA SZPERLING' ,790.00 ,null ,'CAMILA PASQUALI' ,9 ,9000003767 ,999 ,'Coop. Taxi Ezeiza' ,'11/11/2015' ,'FA' ,'B' ,null ,'Contado' ,'A Clientes' ,'EX' ,'30708249919010008' ,'000800134138999' ,'11/11/2015 17:47:31' ,'11/11/2015 17:47:31' ,'17:47' ,1000275541 ,null ,null ,790.00 ,9.10 ,10.00 ,'Viajes según recibo Nro. 1000275541' ,'CAMILAP' )
11/11/2015 17:47:31 | Invalid procedure call or argument
11/11/2015 17:47:31 |  INSERT TB_Comprobantes (nrComprobante ,nrTalonario ,nrDoc ,cdCliente ,dsRazonSocial ,vlTotalGeneral ,dsLeyenda ,nmEmpleado ,nrPuesto ,nrCaja ,nrLicencia ,nmLicenciatario ,dtComprobante ,tpComprobante ,tpLetra ,dsEmail ,cdCondVenta ,tpComision ,tpIVA ,dsOpcional3 ,cdCodBar ,dtCaja ,dtInsercion ,dsOpcional1 ,IdReciboCtaCte ,nrCAI ,dtVencimiento ,vlPagoPesos ,vlDiaDolar ,vlDiaEuro ,dsOpcional2 ,dsUsuario )  VALUES ('00134138' ,'0008' ,'27-14012559-3' ,4013 ,'SILVINA SZPERLING' ,790.00 ,null ,'CAMILA PASQUALI' ,9 ,9000003767 ,999 ,'Coop. Taxi Ezeiza' ,'11/11/2015' ,'FA' ,'B' ,null ,'Contado' ,'A Clientes' ,'EX' ,'30708249919010008' ,'000800134138999' ,'11/11/2015 17:47:31' ,'11/11/2015 17:47:31' ,'17:47' ,1000275541 ,null ,null ,790.00 ,9.10 ,10.00 ,'Viajes según recibo Nro. 1000275541' ,'CAMILAP' )
11/11/2015 17:47:35 |  SELECT TB_Cupones.cdCodBar ,TB_Cupones.nrLicencia ,TB_Cupones.nmLicenciatario ,TB_Cupones.cdCliente ,TB_Cupones.nrCupon ,TB_Cupones.tpCupon ,TB_Cupones.vlMontoCupon ,TB_Cupones.vlPagoPesos ,TB_Cupones.vlPagoEuros ,TB_Cupones.vlPagoDolares ,TB_Cupones.vlComision ,TB_Cupones.nrTalonarioCliente ,TB_Cupones.nrComprabanteCliente ,TB_Cupones.flCobradoalCliente ,TB_Cupones.vlafavorAdmin ,TB_Cupones.dtCupon  FROM TB_Cupones  WHERE TB_Cupones.cdCliente = 4013  AND  TB_Cupones.tpCupon = 'Cuenta Corriente' AND TB_Cupones.flEliminar = 0  AND  TB_Cupones.flCobradoalCliente = 0 AND TB_Cupones.flAnulado = 0   Order by TB_Cupones.cdCliente ASC 
11/11/2015 17:47:35 |  SELECT TB_Clientes.cdCliente ,TB_Clientes.dsRazonSocial  FROM TB_Clientes  WHERE TB_Clientes.cdCliente = 4013  
11/11/2015 17:47:36 | Exec sco_AccesosOpcionesMenu @p_tpNivelAcceso = 'Administración' ,@p_operaconcaja = 1 
11/11/2015 18:04:38 | Exec  sco_TB_Productos_v4_1 
11/11/2015 18:04:39 | Exec sco_DiccionariodeDatos @nmtabla_param='TB_Usuarios'
11/11/2015 18:04:58 |  SELECT TB_Usuarios.dsUsuario ,TB_Usuarios.dspassword ,TB_Usuarios.tpAcceso ,TB_Usuarios.nmNombre ,TB_Usuarios.nmApellido ,TB_Usuarios.flBloqueado ,TB_Usuarios.tpNivelJerarquico  FROM TB_Usuarios  WHERE TB_Usuarios.dsUsuario = 'CAMILAP'  AND  TB_Usuarios.flEliminar = 0  
11/11/2015 18:04:58 |  SELECT TB_Usuarios.dsUsuario ,TB_Usuarios.dspassword ,TB_Usuarios.tpAcceso ,TB_Usuarios.nmNombre ,TB_Usuarios.nmApellido ,TB_Usuarios.flBloqueado ,TB_Usuarios.tpNivelJerarquico  FROM TB_Usuarios  WHERE TB_Usuarios.dsUsuario = 'CAMILAP'  AND  TB_Usuarios.flEliminar = 0  
11/11/2015 18:04:58 | Exec sco_DiccionariodeDatos @nmtabla_param='sp_obtenerCajasPendientesdeAprobacion_v2_5'
11/11/2015 18:04:58 | Exec sp_obtenerCajasPendientesdeAprobacion_v2_5 @pdsUsuario_param = 'CAMILAP' 
11/11/2015 18:04:58 | Exec sp_obtenerCajasRechazadas_v2_9 
11/11/2015 18:04:58 | Exec sco_DiccionariodeDatos @nmtabla_param='TB_Parametros'
11/11/2015 18:04:58 |  SELECT TB_Parametros.vlParametro  FROM TB_Parametros  WHERE TB_Parametros.dsParametro = 'VALOR EURO'  
11/11/2015 18:04:58 |  SELECT TB_Parametros.vlParametro  FROM TB_Parametros  WHERE TB_Parametros.dsParametro = 'VALOR DOLAR'  
11/11/2015 18:04:58 | Exec SP_ValorPromoRetorno
11/11/2015 18:04:58 | Exec sco_DiccionariodeDatos @nmtabla_param='TB_Comisiones'
11/11/2015 18:04:58 |  SELECT TB_Comisiones.vlMontoMinimo  FROM TB_Comisiones  WHERE TB_Comisiones.tpComision = 'Retorno'  AND  TB_Comisiones.flEliminar = 0  
11/11/2015 18:04:58 |  SELECT TB_Parametros.vlParametro  FROM TB_Parametros  WHERE TB_Parametros.dsParametro = 'VALOR REAL'  
11/11/2015 18:04:58 | Exec sco_DiccionariodeDatos @nmtabla_param='TB_Cajas'
11/11/2015 18:04:58 |  SELECT TB_Cajas.nrCaja  FROM TB_Cajas  WHERE TB_Cajas.dsUsuario = 'CAMILAP'  and  TB_Cajas.flEstado = 0  and  TB_Cajas.tpEstadoAprobacion IS NULL  and  TB_Cajas.nrcaja > 0  
11/11/2015 18:05:00 |  SELECT TB_Cajas.nrCaja ,TB_Cajas.vlTotalSaldoFinal ,TB_Cajas.nrPuesto ,TB_Cajas.dsUsuario ,TB_Cajas.vlSaldoInicialPesos ,TB_Cajas.dtApertura ,TB_Cajas.dtCierre ,TB_Cajas.vlDiaDolar ,TB_Cajas.vlDiaEuro ,TB_Cajas.vlSaldoInicialEuros ,TB_Cajas.vlSaldoInicialDolares ,TB_Cajas.vlSaldoFinalRealPesos ,TB_Cajas.vlTotalSaldoInicial ,TB_Cajas.dtObservacion ,TB_Cajas.vlCierrePesos ,TB_Cajas.vlSaldoFinalRealDolares ,TB_Cajas.vlSaldoFinalRealEuros ,TB_Cajas.vlTotalSaldoFinalReal ,TB_Cajas.vlCierreDolares ,TB_Cajas.vlCierreEuros ,TB_Cajas.dsObservacion ,TB_Cajas.vlDiaReal ,TB_Cajas.flEstado  FROM TB_Cajas  WHERE TB_Cajas.nrCaja = 9000003767  
11/11/2015 18:05:00 | Exec sco_DiccionariodeDatos @nmtabla_param='SP_SumaCajaADM_v2_9'
11/11/2015 18:05:00 | Exec SP_SumaCajaADM_v2_9 @nrCaja_param = 9000003767 ,@tpCaja_param = 'CA' ,@tpCajaImputacion_param = null 
11/11/2015 18:05:00 |  UPDATE TB_Cajas SET TB_Cajas.vlSaldoFinalRealPesos  = 1162010.00 ,TB_Cajas.vlSaldoFinalRealEuros  = 173.00 ,TB_Cajas.vlSaldoFinalRealDolares  = 163.00 ,TB_Cajas.vlCierrePesos  = 185255.1 ,TB_Cajas.vlCierreDolares  = 163 ,TB_Cajas.vlCierreEuros  = 173   WHERE TB_Cajas.nrCaja = 9000003767  
11/11/2015 18:05:01 |  UPDATE TB_Cajas SET TB_Cajas.nrCaja  = 9000003767 ,TB_Cajas.vlTotalSaldoFinal  = 188468.40 ,TB_Cajas.nrPuesto  = 9 ,TB_Cajas.dsUsuario  = 'CAMILAP' ,TB_Cajas.vlSaldoInicialPesos  = 976755.30 ,TB_Cajas.dtApertura  = '30/07/2015 07:02:46' ,TB_Cajas.dtCierre  = null ,TB_Cajas.vlDiaDolar  = 9.10 ,TB_Cajas.vlDiaEuro  = 10.00 ,TB_Cajas.vlSaldoInicialEuros  = 0.00 ,TB_Cajas.vlSaldoInicialDolares  = 0.00 ,TB_Cajas.vlSaldoFinalRealPesos  = 976755.30 ,TB_Cajas.vlTotalSaldoInicial  = 976755.30 ,TB_Cajas.dtObservacion  = '11/11/2015 18:05:01' ,TB_Cajas.vlCierrePesos  = 185255.1 ,TB_Cajas.vlSaldoFinalRealDolares  = 163.00 ,TB_Cajas.vlSaldoFinalRealEuros  = 173.00 ,TB_Cajas.vlTotalSaldoFinalReal  = 1165223.00 ,TB_Cajas.vlCierreDolares  = 163 ,TB_Cajas.vlCierreEuros  = 173 ,TB_Cajas.dsObservacion  = null ,TB_Cajas.vlDiaReal  = 3.21 ,TB_Cajas.flCajaAdm  = 1   WHERE TB_Cajas.nrCaja = 9000003767  
11/11/2015 18:05:01 | Exec sco_DiccionariodeDatos @nmtabla_param='VW_UltimaCajaAdm'
11/11/2015 18:05:01 |  SELECT VW_UltimaCajaAdm.nrCaja ,VW_UltimaCajaAdm.vlSaldoFinalRealPesos ,VW_UltimaCajaAdm.vlSaldoFinalRealEuros ,VW_UltimaCajaAdm.vlSaldoFinalRealDolares  FROM VW_UltimaCajaAdm 
11/11/2015 18:05:01 |  SELECT TB_Cajas.nrCaja  FROM TB_Cajas  WHERE TB_Cajas.nrCaja = 9000003767  AND  TB_Cajas.flEstado = 0  
11/11/2015 18:05:01 | Exec sco_DiccionariodeDatos @nmtabla_param='sco_cajapuesto_v3_9'
11/11/2015 18:05:01 | Exec sco_cajapuesto_v3_9 @nrCaja_param = 9000003766 
11/11/2015 18:05:01 | Exec sco_cajapuesto_v3_9 @nrCaja_param = 9000003767 
11/11/2015 18:05:01 | Exec sco_DiccionariodeDatos @nmtabla_param='spu_esdifporCotizacionImputadas_v3_9'
11/11/2015 18:05:01 | Exec spu_esdifporCotizacionImputadas_v3_9 @nrCajaAdmActual = 9000003767 
11/11/2015 18:05:01 | Exec sco_validarVencimientosCAI_v4_1
11/11/2015 18:05:02 | Exec sco_DiccionariodeDatos @nmtabla_param='sco_AccesosOpcionesMenu'
11/11/2015 18:05:02 | Exec sco_AccesosOpcionesMenu @p_tpNivelAcceso = 'Administración' ,@p_operaconcaja = 1 
11/11/2015 18:05:02 | Exec sco_AccesosOpcionesMenu @p_tpNivelAcceso = 'Administración' ,@p_operaconcaja = 1 
11/11/2015 18:05:04 | Exec sco_DiccionariodeDatos @nmtabla_param='TB_Puestos'
11/11/2015 18:05:04 |  SELECT TB_Puestos.nrPuesto ,TB_Puestos.dsPuesto ,TB_Puestos.dsPuesto ,TB_Puestos.nrTalonario_manual ,TB_Puestos.nrTalonario_manual ,TB_Puestos.nrTalonario_automatico ,TB_Puestos.nrTalonario_automatico ,TB_Puestos.nrComprobante_manual_ult ,TB_Puestos.nrComprobante_manual_ult ,TB_Puestos.nrComprobante_automatico_ult ,TB_Puestos.nrComprobante_automatico_ult ,TB_Puestos.tpletra ,TB_Puestos.tpletra ,TB_Puestos.flFacturaCtacte  FROM TB_Puestos  WHERE  dsPuesto Like ('%%%') AND TB_Puestos.flEliminar = 0   Order by TB_Puestos.dsPuesto ASC 
11/11/2015 18:05:06 |  SELECT TB_Puestos.flFacturaCtacte ,TB_Puestos.flRespeta_secuencia_carga_manual ,TB_Puestos.tpLetra_manual ,TB_Puestos.nrComprobante_manual_ult ,TB_Puestos.nrTalonario_manual ,TB_Puestos.tpLetraEmpresa_manual ,TB_Puestos.nrComprobante_manual_empresa_ult ,TB_Puestos.nrTalonario_manual_empresa ,TB_Puestos.tpLetraRecibo_manual ,TB_Puestos.nrComprobante_manual_ctacte_ult ,TB_Puestos.nrTalonario_manual_ctacte ,TB_Puestos.nrComprobante_automatico_nc_ult ,TB_Puestos.nrComprobante_auto_empresa_nc_ult ,TB_Puestos.nrComprobante_automatico_nd_ult ,TB_Puestos.nrComprobante_auto_empresa_nd_ult ,TB_Puestos.dtCAI_Talonario_auto_empresa ,TB_Puestos.dtCAI_Talonario_auto ,TB_Puestos.nrCAI_Talonario_auto ,TB_Puestos.nrCAI_Talonario_auto_empresa ,TB_Puestos.nrTalonario_auto_ctacte ,TB_Puestos.nrComprobante_auto_ctacte_ult ,TB_Puestos.tpLetraRecibo ,TB_Puestos.nrTalonario_auto_empresa ,TB_Puestos.nrComprobante_auto_empresa_ult ,TB_Puestos.tpLetraEmpresa ,TB_Puestos.nrTalonario_automatico ,TB_Puestos.nrComprobante_automatico_ult ,TB_Puestos.tpLetra ,TB_Puestos.dsPuesto ,TB_Puestos.nrPuesto  FROM TB_Puestos  WHERE TB_Puestos.nrPuesto = 4  AND  TB_Puestos.flEliminar = 0  
11/11/2015 18:05:21 | Exec   sco_Puestos_v4_2  @nrPuesto_param=4
11/11/2015 18:05:21 | SET DATEFORMAT dmy
11/11/2015 18:05:21 | select getdate() AS FECHA
11/11/2015 18:05:21 | Exec   sup_Puestos_v4_2  @nrPuesto_param=4 ,  @dsPuesto_param='Retornos' ,  @dtActualizado_param='11/11/2015 18:05:21',   @nrTalonario_manual_param=0 ,  @nrTalonario_automatico_param=8 ,  @nrComprobante_manual_ult_param=7141 ,  @nrComprobante_automatico_ult_param=134138,  @flRespeta_secuencia_carga_manual_param=0, @tpLetra_param='B',@nrTalonario_manual_empresa_param=0, @nrTalonario_manual_ctacte_param=0, @nrComprobante_manual_empresa_ult_param=0, @nrComprobante_manual_ctacte_ult_param=0, @tpLetraEmpresa_param='A', @tpLetraRecibo_param='X', @nrTalonario_auto_empresa_param=8, @nrTalonario_auto_ctacte_param=0, @nrComprobante_auto_ctacte_ult_param=0, @nrComprobante_auto_empresa_ult_param=4624, @tpletra_manual_param='B', @tpLetraEmpresa_manual_param='A', @tpLetraRecibo_manual_param='X',@nrCAI_Talonario_auto_param=35063106681863, @dtCAI_Talonario_auto_param='14/01/2017', @nrCAI_Talonario_auto_empresa_param=41189015354397, @dtCAI_Talonario_auto_empresa_param='31/08/2017', @nrComprobante_automatico_nd_ult=1, @nrComprobante_auto_empresa_nd_ult=2, @nrComprobante_auto_ctacte_nd_ult=null, @nrComprobante_manual_nd_ult=null, @nrComprobante_manual_empresa_nd_ult=null, @nrComprobante_manual_ctacte_nd_ult=null, @nrComprobante_automatico_nc_ult=9, @nrComprobante_auto_empresa_nc_ult=9, @nrComprobante_auto_ctacte_nc_ult=null, @nrComprobante_manual_nc_ult=null, @nrComprobante_manual_empresa_nc_ult=null, @nrComprobante_manual_ctacte_nc_ult=null, @flFacturaCtacte=1
11/11/2015 18:05:22 |  SELECT TB_Puestos.nrPuesto ,TB_Puestos.dsPuesto ,TB_Puestos.dsPuesto ,TB_Puestos.nrTalonario_manual ,TB_Puestos.nrTalonario_manual ,TB_Puestos.nrTalonario_automatico ,TB_Puestos.nrTalonario_automatico ,TB_Puestos.nrComprobante_manual_ult ,TB_Puestos.nrComprobante_manual_ult ,TB_Puestos.nrComprobante_automatico_ult ,TB_Puestos.nrComprobante_automatico_ult ,TB_Puestos.tpletra ,TB_Puestos.tpletra ,TB_Puestos.flFacturaCtacte  FROM TB_Puestos  WHERE  dsPuesto Like ('%%%') AND TB_Puestos.flEliminar = 0   Order by TB_Puestos.dsPuesto ASC 
11/11/2015 18:05:55 | Exec sco_AccesosOpcionesMenu @p_tpNivelAcceso = 'Administración' ,@p_operaconcaja = 1 
11/11/2015 18:06:00 | Inicializando Servicio SGLibrary.ServicePrinter
11/11/2015 18:06:00 | Inicializando Servicio SGLibrary.ServicePrinter OK 
11/11/2015 18:06:00 | Exec sco_DiccionariodeDatos @nmtabla_param='TB_Cupones'
11/11/2015 18:06:02 |  SELECT TB_Cupones.cdCodBar ,TB_Cupones.nrLicencia ,TB_Cupones.nmLicenciatario ,TB_Cupones.cdCliente ,TB_Cupones.nrCupon ,TB_Cupones.tpCupon ,TB_Cupones.vlMontoCupon ,TB_Cupones.vlPagoPesos ,TB_Cupones.vlPagoEuros ,TB_Cupones.vlPagoDolares ,TB_Cupones.vlComision ,TB_Cupones.nrTalonarioCliente ,TB_Cupones.nrComprabanteCliente ,TB_Cupones.flCobradoalCliente ,TB_Cupones.vlafavorAdmin ,TB_Cupones.dtCupon  FROM TB_Cupones  WHERE TB_Cupones.cdCliente = 4013  AND  TB_Cupones.tpCupon = 'Cuenta Corriente' AND TB_Cupones.flEliminar = 0  AND  TB_Cupones.flCobradoalCliente = 0 AND TB_Cupones.flAnulado = 0   Order by TB_Cupones.cdCliente ASC 
11/11/2015 18:06:02 | Exec sco_DiccionariodeDatos @nmtabla_param='TB_Clientes'
11/11/2015 18:06:02 |  SELECT TB_Clientes.cdCliente ,TB_Clientes.dsRazonSocial  FROM TB_Clientes  WHERE TB_Clientes.cdCliente = 4013  
11/11/2015 18:06:06 |  SELECT TB_Clientes.cdCliente ,TB_Clientes.dsRazonSocial ,TB_Clientes.nrDoc ,TB_Clientes.dsEmail ,TB_Clientes.tpIVA  FROM TB_Clientes  WHERE TB_Clientes.cdCliente = 4013  AND  TB_Clientes.flEliminar = 0  
11/11/2015 18:06:06 |  SELECT tb_parametros.dsParametro ,tb_parametros.vlParametro ,tb_parametros.tpParametro ,tb_parametros.flEditable ,tb_parametros.nrTamanio ,tb_parametros.dtActualizacion  FROM tb_parametros  WHERE tb_parametros.dsParametro = 'PUESTO_FACTURACION_CTA_CTE'  
11/11/2015 18:06:06 | Exec dbo.spu_obtener_puntosdeventa_facturacion_v2_0 @nrPuesto_param=4, @tipo_iva = EX,  @auto_impresor = S, @tpFormadePago = null,  @tpComprobante = 'FA'
11/11/2015 18:06:06 | Inicializando Servicio SGLibrary.ServicePrinter
11/11/2015 18:06:06 | Inicializando Servicio SGLibrary.ServicePrinter OK 
11/11/2015 18:06:06 |  SELECT tb_parametros.dsParametro ,tb_parametros.vlParametro ,tb_parametros.tpParametro ,tb_parametros.flEditable ,tb_parametros.nrTamanio ,tb_parametros.dtActualizacion  FROM tb_parametros  WHERE tb_parametros.dsParametro = 'PUESTO_FACTURACION_CTA_CTE'  
11/11/2015 18:06:06 | Exec sco_DiccionariodeDatos @nmtabla_param='TB_Comprobantes'
11/11/2015 18:06:12 |  INSERT TB_Comprobantes (nrComprobante ,nrTalonario ,nrDoc ,cdCliente ,dsRazonSocial ,vlTotalGeneral ,dsLeyenda ,nmEmpleado ,nrPuesto ,nrCaja ,nrLicencia ,nmLicenciatario ,dtComprobante ,tpComprobante ,tpLetra ,dsEmail ,cdCondVenta ,tpComision ,tpIVA ,dsOpcional3 ,cdCodBar ,dtCaja ,dtInsercion ,dsOpcional1 ,IdReciboCtaCte ,nrCAI ,dtVencimiento ,vlPagoPesos ,vlDiaDolar ,vlDiaEuro ,dsOpcional2 ,dsUsuario )  VALUES ('00134139' ,'0008' ,'27-14012559-3' ,4013 ,'SILVINA SZPERLING' ,790.00 ,null ,'CAMILA PASQUALI' ,9 ,9000003767 ,999 ,'Coop. Taxi Ezeiza' ,'11/11/2015' ,'FA' ,'B' ,null ,'Contado' ,'A Clientes' ,'EX' ,'30708249919010008' ,'000800134139999' ,'11/11/2015 18:06:12' ,'11/11/2015 18:06:12' ,'18:06' ,1000275541 ,null ,null ,790.00 ,9.10 ,10.00 ,'Viajes según recibo Nro. 1000275541' ,'CAMILAP' )
11/11/2015 18:06:12 | Exec sco_DiccionariodeDatos @nmtabla_param='DiccionariodeDatos'
11/11/2015 18:06:12 |  UPDATE DiccionariodeDatos SET DiccionariodeDatos.vlPuesto4  = '134139'   WHERE DiccionariodeDatos.nmTabla = 'TB_Comprobantes'  AND  DiccionariodeDatos.nmCampo = 'nrComprobante'  
11/11/2015 18:06:12 | Exec sco_DiccionariodeDatos @nmtabla_param='TB_ComprobantesDetalle'
11/11/2015 18:06:12 |  INSERT TB_ComprobantesDetalle (nrTalonario ,nrComprobante ,tpComprobante ,tpLetra ,nrItem ,cdProducto ,dsProducto ,tpOperacion ,vlPorcentaje ,vlPrecioPeaje ,vlPrecioViaje ,dtInsercion ,nrCaja ,nrPuesto )  VALUES ('0008' ,'00134139' ,'FA' ,'B' ,1 ,999 ,'Viajes según recibo Nro. 1000275541' ,null ,null ,null ,790.00 ,'11/11/2015' ,9000003767 ,9 )
11/11/2015 18:06:12 | Exec sco_DiccionariodeDatos @nmtabla_param='SP_ObtenerMaxnrCupon_v1_3'
11/11/2015 18:06:12 | Exec SP_ObtenerMaxnrCupon_v1_3 @nrPuesto = 9 
11/11/2015 18:06:12 |  INSERT TB_Cupones (nrTalonarioCliente ,nrComprabanteCliente ,tpComprobanteCliente ,tpLetraCliente ,cdCliente ,nrPuesto ,nrLicencia ,nmLicenciatario ,vlMontoCupon ,vlPagoPesos ,vlPagoDolares ,vlPagoEuros ,nrCantidadBultos ,tpCupon ,flCobradoalCliente ,dtCobradoalCliente ,flCompensado ,vlafavorAdmin ,vlComision ,dtCajaCliente ,nrCajaCliente ,dtCupon ,dsUsuario ,nrPasajeros ,cdCodBar ,dsDestino ,dsHoraViaje ,nrCupon )  VALUES ('0008' ,'00134139' ,'FA' ,'B' ,4013 ,4 ,999 ,'Coop. Taxi Ezeiza' ,790.00 ,790.00 ,0 ,0 ,0 ,'Contado' ,1 ,'11/11/2015 18:06:12' ,0 ,0 ,0 ,'11/11/2015 18:06:12' ,9000003767 ,'11/11/2015 18:06:12' ,'CAMILAP' ,0 ,'000800134139999' ,'Viajes según recibo Nro. 1000275541' ,'18:06' ,9001721204 )
11/11/2015 18:06:12 |  UPDATE DiccionariodeDatos SET DiccionariodeDatos.vlPuesto4  = '9001721204'   WHERE DiccionariodeDatos.nmTabla = 'TB_Cupones'  AND  DiccionariodeDatos.nmCampo = 'nrCupon'  
11/11/2015 18:07:08 | Exec sco_DiccionariodeDatos @nmtabla_param='spu_actualizar_puntosdeventa_facturacion_v2_0'
11/11/2015 18:08:52 | Exec spu_actualizar_puntosdeventa_facturacion_v2_0 @nrPuesto_param = null ,@tipo_iva = 'EX' ,@auto_impresor = 'S' ,@tpComprobante = 'FA' ,@nrComprobante = 134139 
11/11/2015 18:09:04 | Exec sco_DiccionariodeDatos @nmtabla_param='TB_Recibos'
11/11/2015 18:09:04 |  INSERT TB_Recibos (IdRecibo ,vlAcumDolares ,vlSaldoPesos ,vlSaldoEuros ,vlAcumPesos ,vlAcumEuros ,vlAcumComision ,vlSaldoDolares ,dtRecibo ,tpRecibo ,cdCliente ,dsRazonSocial ,nrCaja )  VALUES (1000275541 ,0 ,790.00 ,0 ,790.00 ,0 ,0 ,0 ,'11/11/2015 18:09:04' ,'Detalle de Cobro a Cta. Cte.' ,'4013' ,'SILVINA SZPERLING' ,9000003767 )
11/11/2015 18:09:04 |  UPDATE DiccionariodeDatos SET DiccionariodeDatos.vlPuesto9  = '1000275894'   WHERE DiccionariodeDatos.nmTabla = 'TB_Recibos'  AND  DiccionariodeDatos.nmCampo = 'IdRecibo'  
11/11/2015 18:09:04 | SET DATEFORMAT dmy
11/11/2015 18:09:04 | select getdate() AS FECHA
11/11/2015 18:09:04 |  UPDATE TB_Cupones SET TB_Cupones.flCobradoalCliente  = 1 ,TB_Cupones.dtCobradoalCliente  = '11/11/2015 18:09:04' ,TB_Cupones.nrCajaCtaCte  = 9000003767 ,TB_Cupones.dtCajaCtaCte  = '11/11/2015 18:09:05' ,TB_Cupones.IdReciboCtaCte  = 1000275541 ,TB_Cupones.dsUsuario  = 'CAMILAP'   WHERE TB_Cupones.nrCupon = 9001721202  
11/11/2015 18:09:10 |  SELECT TB_Cupones.cdCodBar ,TB_Cupones.nrLicencia ,TB_Cupones.nmLicenciatario ,TB_Cupones.cdCliente ,TB_Cupones.nrCupon ,TB_Cupones.tpCupon ,TB_Cupones.vlMontoCupon ,TB_Cupones.vlPagoPesos ,TB_Cupones.vlPagoEuros ,TB_Cupones.vlPagoDolares ,TB_Cupones.vlComision ,TB_Cupones.nrTalonarioCliente ,TB_Cupones.nrComprabanteCliente ,TB_Cupones.flCobradoalCliente ,TB_Cupones.vlafavorAdmin ,TB_Cupones.dtCupon  FROM TB_Cupones  WHERE TB_Cupones.cdCliente = 4013  AND  TB_Cupones.tpCupon = 'Cuenta Corriente' AND TB_Cupones.flEliminar = 0  AND  TB_Cupones.flCobradoalCliente = 0 AND TB_Cupones.flAnulado = 0   Order by TB_Cupones.cdCliente ASC 
11/11/2015 18:09:10 |  SELECT TB_Clientes.cdCliente ,TB_Clientes.dsRazonSocial  FROM TB_Clientes  WHERE TB_Clientes.cdCliente = 4013  
11/11/2015 18:09:38 | Exec sco_AccesosOpcionesMenu @p_tpNivelAcceso = 'Administración' ,@p_operaconcaja = 1 
11/11/2015 18:09:47 | Exec  sco_TB_Productos_v4_1 
11/11/2015 18:09:49 | Exec sco_DiccionariodeDatos @nmtabla_param='TB_Usuarios'
11/11/2015 18:09:52 |  SELECT TB_Usuarios.dsUsuario ,TB_Usuarios.dspassword ,TB_Usuarios.tpAcceso ,TB_Usuarios.nmNombre ,TB_Usuarios.nmApellido ,TB_Usuarios.flBloqueado ,TB_Usuarios.tpNivelJerarquico  FROM TB_Usuarios  WHERE TB_Usuarios.dsUsuario = 'CAMILAP'  AND  TB_Usuarios.flEliminar = 0  
11/11/2015 18:09:52 |  SELECT TB_Usuarios.dsUsuario ,TB_Usuarios.dspassword ,TB_Usuarios.tpAcceso ,TB_Usuarios.nmNombre ,TB_Usuarios.nmApellido ,TB_Usuarios.flBloqueado ,TB_Usuarios.tpNivelJerarquico  FROM TB_Usuarios  WHERE TB_Usuarios.dsUsuario = 'CAMILAP'  AND  TB_Usuarios.flEliminar = 0  
11/11/2015 18:09:52 | Exec sco_DiccionariodeDatos @nmtabla_param='sp_obtenerCajasPendientesdeAprobacion_v2_5'
11/11/2015 18:09:52 | Exec sp_obtenerCajasPendientesdeAprobacion_v2_5 @pdsUsuario_param = 'CAMILAP' 
11/11/2015 18:09:52 | Exec sp_obtenerCajasRechazadas_v2_9 
11/11/2015 18:09:52 | Exec sco_DiccionariodeDatos @nmtabla_param='TB_Parametros'
11/11/2015 18:09:52 |  SELECT TB_Parametros.vlParametro  FROM TB_Parametros  WHERE TB_Parametros.dsParametro = 'VALOR EURO'  
11/11/2015 18:09:52 |  SELECT TB_Parametros.vlParametro  FROM TB_Parametros  WHERE TB_Parametros.dsParametro = 'VALOR DOLAR'  
11/11/2015 18:09:52 | Exec SP_ValorPromoRetorno
11/11/2015 18:09:52 | Exec sco_DiccionariodeDatos @nmtabla_param='TB_Comisiones'
11/11/2015 18:09:52 |  SELECT TB_Comisiones.vlMontoMinimo  FROM TB_Comisiones  WHERE TB_Comisiones.tpComision = 'Retorno'  AND  TB_Comisiones.flEliminar = 0  
11/11/2015 18:09:52 |  SELECT TB_Parametros.vlParametro  FROM TB_Parametros  WHERE TB_Parametros.dsParametro = 'VALOR REAL'  
11/11/2015 18:09:52 | Exec sco_DiccionariodeDatos @nmtabla_param='TB_Cajas'
11/11/2015 18:09:52 |  SELECT TB_Cajas.nrCaja  FROM TB_Cajas  WHERE TB_Cajas.dsUsuario = 'CAMILAP'  and  TB_Cajas.flEstado = 0  and  TB_Cajas.tpEstadoAprobacion IS NULL  and  TB_Cajas.nrcaja > 0  
11/11/2015 18:09:53 |  SELECT TB_Cajas.nrCaja ,TB_Cajas.vlTotalSaldoFinal ,TB_Cajas.nrPuesto ,TB_Cajas.dsUsuario ,TB_Cajas.vlSaldoInicialPesos ,TB_Cajas.dtApertura ,TB_Cajas.dtCierre ,TB_Cajas.vlDiaDolar ,TB_Cajas.vlDiaEuro ,TB_Cajas.vlSaldoInicialEuros ,TB_Cajas.vlSaldoInicialDolares ,TB_Cajas.vlSaldoFinalRealPesos ,TB_Cajas.vlTotalSaldoInicial ,TB_Cajas.dtObservacion ,TB_Cajas.vlCierrePesos ,TB_Cajas.vlSaldoFinalRealDolares ,TB_Cajas.vlSaldoFinalRealEuros ,TB_Cajas.vlTotalSaldoFinalReal ,TB_Cajas.vlCierreDolares ,TB_Cajas.vlCierreEuros ,TB_Cajas.dsObservacion ,TB_Cajas.vlDiaReal ,TB_Cajas.flEstado  FROM TB_Cajas  WHERE TB_Cajas.nrCaja = 9000003767  
11/11/2015 18:09:53 | Exec sco_DiccionariodeDatos @nmtabla_param='SP_SumaCajaADM_v2_9'
11/11/2015 18:09:53 | Exec SP_SumaCajaADM_v2_9 @nrCaja_param = 9000003767 ,@tpCaja_param = 'CA' ,@tpCajaImputacion_param = null 
11/11/2015 18:09:53 |  UPDATE TB_Cajas SET TB_Cajas.vlSaldoFinalRealPesos  = 1162010.00 ,TB_Cajas.vlSaldoFinalRealEuros  = 173.00 ,TB_Cajas.vlSaldoFinalRealDolares  = 163.00 ,TB_Cajas.vlCierrePesos  = 185255.1 ,TB_Cajas.vlCierreDolares  = 163 ,TB_Cajas.vlCierreEuros  = 173   WHERE TB_Cajas.nrCaja = 9000003767  
11/11/2015 18:09:54 | Exec sco_DiccionariodeDatos @nmtabla_param='VW_UltimaCajaAdm'
11/11/2015 18:09:54 |  SELECT VW_UltimaCajaAdm.nrCaja ,VW_UltimaCajaAdm.vlSaldoFinalRealPesos ,VW_UltimaCajaAdm.vlSaldoFinalRealEuros ,VW_UltimaCajaAdm.vlSaldoFinalRealDolares  FROM VW_UltimaCajaAdm 
11/11/2015 18:09:54 |  SELECT TB_Cajas.nrCaja  FROM TB_Cajas  WHERE TB_Cajas.nrCaja = 9000003767  AND  TB_Cajas.flEstado = 0  
11/11/2015 18:09:54 | Exec sco_DiccionariodeDatos @nmtabla_param='sco_cajapuesto_v3_9'
11/11/2015 18:09:54 | Exec sco_cajapuesto_v3_9 @nrCaja_param = 9000003766 
11/11/2015 18:09:54 | Exec sco_cajapuesto_v3_9 @nrCaja_param = 9000003767 
11/11/2015 18:09:54 | Exec sco_DiccionariodeDatos @nmtabla_param='spu_esdifporCotizacionImputadas_v3_9'
11/11/2015 18:09:54 | Exec spu_esdifporCotizacionImputadas_v3_9 @nrCajaAdmActual = 9000003767 
11/11/2015 18:09:54 | Exec sco_validarVencimientosCAI_v4_1
11/11/2015 18:09:55 | Exec sco_DiccionariodeDatos @nmtabla_param='sco_AccesosOpcionesMenu'
11/11/2015 18:09:55 | Exec sco_AccesosOpcionesMenu @p_tpNivelAcceso = 'Administración' ,@p_operaconcaja = 1 
11/11/2015 18:09:55 | Exec sco_AccesosOpcionesMenu @p_tpNivelAcceso = 'Administración' ,@p_operaconcaja = 1 
11/11/2015 18:09:56 |  SELECT TB_Cajas.vlSaldoInicialPesos ,TB_Cajas.vlSaldoInicialDolares ,TB_Cajas.vlSaldoInicialEuros ,TB_Cajas.vlSaldoInicialReales ,TB_Cajas.vlDiaEuro ,TB_Cajas.vlDiaDolar ,TB_Cajas.vlDiaReal ,TB_Cajas.dsUsuario ,TB_Cajas.dtApertura ,TB_Cajas.dtCierre  FROM TB_Cajas  WHERE TB_Cajas.nrCaja = 9000003767  
11/11/2015 18:09:57 | Exec sco_DiccionariodeDatos @nmtabla_param='TB_Cupones'
11/11/2015 18:09:57 | Exec  sp_obtiene_falta_compensar_v4_2 
11/11/2015 18:09:57 |  SELECT tb_parametros.dsParametro ,tb_parametros.vlParametro ,tb_parametros.tpParametro ,tb_parametros.flEditable ,tb_parametros.nrTamanio ,tb_parametros.dtActualizacion  FROM tb_parametros  WHERE tb_parametros.dsParametro = 'CANT_VIAJES_A_COMP'  
11/11/2015 18:09:57 |  SELECT tb_parametros.dsParametro ,tb_parametros.vlParametro ,tb_parametros.tpParametro ,tb_parametros.flEditable ,tb_parametros.nrTamanio ,tb_parametros.dtActualizacion  FROM tb_parametros  WHERE tb_parametros.dsParametro = 'CTROL_CANT_VIAJES'  
11/11/2015 18:09:57 |  SELECT tb_parametros.dsParametro ,tb_parametros.vlParametro ,tb_parametros.tpParametro ,tb_parametros.flEditable ,tb_parametros.nrTamanio ,tb_parametros.dtActualizacion  FROM tb_parametros  WHERE tb_parametros.dsParametro = 'COBRO_COMISION_CD_RE_OBLIGATORIA'  
11/11/2015 18:09:59 | Exec sco_AccesosOpcionesMenu @p_tpNivelAcceso = 'Administración' ,@p_operaconcaja = 1 
11/11/2015 18:10:01 | Inicializando Servicio SGLibrary.ServicePrinter
11/11/2015 18:10:01 | Inicializando Servicio SGLibrary.ServicePrinter OK 
11/11/2015 18:10:03 |  SELECT TB_Cupones.cdCodBar ,TB_Cupones.nrLicencia ,TB_Cupones.nmLicenciatario ,TB_Cupones.cdCliente ,TB_Cupones.nrCupon ,TB_Cupones.tpCupon ,TB_Cupones.vlMontoCupon ,TB_Cupones.vlPagoPesos ,TB_Cupones.vlPagoEuros ,TB_Cupones.vlPagoDolares ,TB_Cupones.vlComision ,TB_Cupones.nrTalonarioCliente ,TB_Cupones.nrComprabanteCliente ,TB_Cupones.flCobradoalCliente ,TB_Cupones.vlafavorAdmin ,TB_Cupones.dtCupon  FROM TB_Cupones  WHERE TB_Cupones.cdCliente = 4013  AND  TB_Cupones.tpCupon = 'Cuenta Corriente' AND TB_Cupones.flEliminar = 0  AND  TB_Cupones.flCobradoalCliente = 0 AND TB_Cupones.flAnulado = 0   Order by TB_Cupones.cdCliente ASC 
11/11/2015 18:10:03 | Exec sco_DiccionariodeDatos @nmtabla_param='TB_Clientes'
11/11/2015 18:10:03 |  SELECT TB_Clientes.cdCliente ,TB_Clientes.dsRazonSocial  FROM TB_Clientes  WHERE TB_Clientes.cdCliente = 4013  
11/11/2015 18:10:08 |  SELECT TB_Clientes.cdCliente ,TB_Clientes.dsRazonSocial ,TB_Clientes.nrDoc ,TB_Clientes.dsEmail ,TB_Clientes.tpIVA  FROM TB_Clientes  WHERE TB_Clientes.cdCliente = 4013  AND  TB_Clientes.flEliminar = 0  
11/11/2015 18:10:08 |  SELECT tb_parametros.dsParametro ,tb_parametros.vlParametro ,tb_parametros.tpParametro ,tb_parametros.flEditable ,tb_parametros.nrTamanio ,tb_parametros.dtActualizacion  FROM tb_parametros  WHERE tb_parametros.dsParametro = 'PUESTO_FACTURACION_CTA_CTE'  
11/11/2015 18:10:08 | Exec dbo.spu_obtener_puntosdeventa_facturacion_v2_0 @nrPuesto_param=4, @tipo_iva = EX,  @auto_impresor = S, @tpFormadePago = null,  @tpComprobante = 'FA'
11/11/2015 18:10:08 | Inicializando Servicio SGLibrary.ServicePrinter
11/11/2015 18:10:08 | Inicializando Servicio SGLibrary.ServicePrinter OK 
11/11/2015 18:10:08 |  SELECT tb_parametros.dsParametro ,tb_parametros.vlParametro ,tb_parametros.tpParametro ,tb_parametros.flEditable ,tb_parametros.nrTamanio ,tb_parametros.dtActualizacion  FROM tb_parametros  WHERE tb_parametros.dsParametro = 'PUESTO_FACTURACION_CTA_CTE'  
11/11/2015 18:10:08 | Exec sco_DiccionariodeDatos @nmtabla_param='TB_Comprobantes'
11/11/2015 18:10:14 |  INSERT TB_Comprobantes (nrComprobante ,nrTalonario ,nrDoc ,cdCliente ,dsRazonSocial ,vlTotalGeneral ,dsLeyenda ,nmEmpleado ,nrPuesto ,nrCaja ,nrLicencia ,nmLicenciatario ,dtComprobante ,tpComprobante ,tpLetra ,dsEmail ,cdCondVenta ,tpComision ,tpIVA ,dsOpcional3 ,cdCodBar ,dtCaja ,dtInsercion ,dsOpcional1 ,IdReciboCtaCte ,nrCAI ,dtVencimiento ,vlPagoPesos ,vlDiaDolar ,vlDiaEuro ,dsOpcional2 ,dsUsuario )  VALUES ('00134139' ,'0008' ,'27-14012559-3' ,4013 ,'SILVINA SZPERLING' ,128.00 ,null ,'CAMILA PASQUALI' ,9 ,9000003767 ,999 ,'Coop. Taxi Ezeiza' ,'11/11/2015' ,'FA' ,'B' ,null ,'Contado' ,'A Clientes' ,'EX' ,'30708249919010008' ,'000800134139999' ,'11/11/2015 18:10:12' ,'11/11/2015 18:10:12' ,'18:10' ,1000275542 ,null ,null ,128.00 ,null ,null ,'Viajes según recibo Nro. 1000275542' ,'CAMILAP' )
11/11/2015 18:10:14 | Invalid procedure call or argument
11/11/2015 18:10:14 |  INSERT TB_Comprobantes (nrComprobante ,nrTalonario ,nrDoc ,cdCliente ,dsRazonSocial ,vlTotalGeneral ,dsLeyenda ,nmEmpleado ,nrPuesto ,nrCaja ,nrLicencia ,nmLicenciatario ,dtComprobante ,tpComprobante ,tpLetra ,dsEmail ,cdCondVenta ,tpComision ,tpIVA ,dsOpcional3 ,cdCodBar ,dtCaja ,dtInsercion ,dsOpcional1 ,IdReciboCtaCte ,nrCAI ,dtVencimiento ,vlPagoPesos ,vlDiaDolar ,vlDiaEuro ,dsOpcional2 ,dsUsuario )  VALUES ('00134139' ,'0008' ,'27-14012559-3' ,4013 ,'SILVINA SZPERLING' ,128.00 ,null ,'CAMILA PASQUALI' ,9 ,9000003767 ,999 ,'Coop. Taxi Ezeiza' ,'11/11/2015' ,'FA' ,'B' ,null ,'Contado' ,'A Clientes' ,'EX' ,'30708249919010008' ,'000800134139999' ,'11/11/2015 18:10:12' ,'11/11/2015 18:10:12' ,'18:10' ,1000275542 ,null ,null ,128.00 ,null ,null ,'Viajes según recibo Nro. 1000275542' ,'CAMILAP' )
11/11/2015 18:15:36 | Exec  sco_TB_Productos_v4_1 
11/11/2015 18:15:37 | Exec sco_DiccionariodeDatos @nmtabla_param='TB_Usuarios'
11/11/2015 18:15:45 |  SELECT TB_Usuarios.dsUsuario ,TB_Usuarios.dspassword ,TB_Usuarios.tpAcceso ,TB_Usuarios.nmNombre ,TB_Usuarios.nmApellido ,TB_Usuarios.flBloqueado ,TB_Usuarios.tpNivelJerarquico  FROM TB_Usuarios  WHERE TB_Usuarios.dsUsuario = 'CAMILAP'  AND  TB_Usuarios.flEliminar = 0  
11/11/2015 18:15:45 |  SELECT TB_Usuarios.dsUsuario ,TB_Usuarios.dspassword ,TB_Usuarios.tpAcceso ,TB_Usuarios.nmNombre ,TB_Usuarios.nmApellido ,TB_Usuarios.flBloqueado ,TB_Usuarios.tpNivelJerarquico  FROM TB_Usuarios  WHERE TB_Usuarios.dsUsuario = 'CAMILAP'  AND  TB_Usuarios.flEliminar = 0  
11/11/2015 18:15:45 | Exec sco_DiccionariodeDatos @nmtabla_param='sp_obtenerCajasPendientesdeAprobacion_v2_5'
11/11/2015 18:15:45 | Exec sp_obtenerCajasPendientesdeAprobacion_v2_5 @pdsUsuario_param = 'CAMILAP' 
11/11/2015 18:15:45 | Exec sp_obtenerCajasRechazadas_v2_9 
11/11/2015 18:15:45 | Exec sco_DiccionariodeDatos @nmtabla_param='TB_Parametros'
11/11/2015 18:15:45 |  SELECT TB_Parametros.vlParametro  FROM TB_Parametros  WHERE TB_Parametros.dsParametro = 'VALOR EURO'  
11/11/2015 18:15:45 |  SELECT TB_Parametros.vlParametro  FROM TB_Parametros  WHERE TB_Parametros.dsParametro = 'VALOR DOLAR'  
11/11/2015 18:15:45 | Exec SP_ValorPromoRetorno
11/11/2015 18:15:45 | Exec sco_DiccionariodeDatos @nmtabla_param='TB_Comisiones'
11/11/2015 18:15:45 |  SELECT TB_Comisiones.vlMontoMinimo  FROM TB_Comisiones  WHERE TB_Comisiones.tpComision = 'Retorno'  AND  TB_Comisiones.flEliminar = 0  
11/11/2015 18:15:45 |  SELECT TB_Parametros.vlParametro  FROM TB_Parametros  WHERE TB_Parametros.dsParametro = 'VALOR REAL'  
11/11/2015 18:15:45 | Exec sco_DiccionariodeDatos @nmtabla_param='TB_Cajas'
11/11/2015 18:15:45 |  SELECT TB_Cajas.nrCaja  FROM TB_Cajas  WHERE TB_Cajas.dsUsuario = 'CAMILAP'  and  TB_Cajas.flEstado = 0  and  TB_Cajas.tpEstadoAprobacion IS NULL  and  TB_Cajas.nrcaja > 0  
11/11/2015 18:15:46 |  SELECT TB_Cajas.nrCaja ,TB_Cajas.vlTotalSaldoFinal ,TB_Cajas.nrPuesto ,TB_Cajas.dsUsuario ,TB_Cajas.vlSaldoInicialPesos ,TB_Cajas.dtApertura ,TB_Cajas.dtCierre ,TB_Cajas.vlDiaDolar ,TB_Cajas.vlDiaEuro ,TB_Cajas.vlSaldoInicialEuros ,TB_Cajas.vlSaldoInicialDolares ,TB_Cajas.vlSaldoFinalRealPesos ,TB_Cajas.vlTotalSaldoInicial ,TB_Cajas.dtObservacion ,TB_Cajas.vlCierrePesos ,TB_Cajas.vlSaldoFinalRealDolares ,TB_Cajas.vlSaldoFinalRealEuros ,TB_Cajas.vlTotalSaldoFinalReal ,TB_Cajas.vlCierreDolares ,TB_Cajas.vlCierreEuros ,TB_Cajas.dsObservacion ,TB_Cajas.vlDiaReal ,TB_Cajas.flEstado  FROM TB_Cajas  WHERE TB_Cajas.nrCaja = 9000003767  
11/11/2015 18:15:46 | Exec sco_DiccionariodeDatos @nmtabla_param='SP_SumaCajaADM_v2_9'
11/11/2015 18:15:46 | Exec SP_SumaCajaADM_v2_9 @nrCaja_param = 9000003767 ,@tpCaja_param = 'CA' ,@tpCajaImputacion_param = null 
11/11/2015 18:15:46 |  UPDATE TB_Cajas SET TB_Cajas.vlSaldoFinalRealPesos  = 1162010.00 ,TB_Cajas.vlSaldoFinalRealEuros  = 173.00 ,TB_Cajas.vlSaldoFinalRealDolares  = 163.00 ,TB_Cajas.vlCierrePesos  = 185255.1 ,TB_Cajas.vlCierreDolares  = 163 ,TB_Cajas.vlCierreEuros  = 173   WHERE TB_Cajas.nrCaja = 9000003767  
11/11/2015 18:15:48 |  UPDATE TB_Cajas SET TB_Cajas.nrCaja  = 9000003767 ,TB_Cajas.vlTotalSaldoFinal  = 188468.40 ,TB_Cajas.nrPuesto  = 9 ,TB_Cajas.dsUsuario  = 'CAMILAP' ,TB_Cajas.vlSaldoInicialPesos  = 976755.30 ,TB_Cajas.dtApertura  = '30/07/2015 07:02:46' ,TB_Cajas.dtCierre  = null ,TB_Cajas.vlDiaDolar  = 9.10 ,TB_Cajas.vlDiaEuro  = 10.00 ,TB_Cajas.vlSaldoInicialEuros  = 0.00 ,TB_Cajas.vlSaldoInicialDolares  = 0.00 ,TB_Cajas.vlSaldoFinalRealPesos  = 976755.30 ,TB_Cajas.vlTotalSaldoInicial  = 976755.30 ,TB_Cajas.dtObservacion  = '11/11/2015 18:15:48' ,TB_Cajas.vlCierrePesos  = 185255.1 ,TB_Cajas.vlSaldoFinalRealDolares  = 163.00 ,TB_Cajas.vlSaldoFinalRealEuros  = 173.00 ,TB_Cajas.vlTotalSaldoFinalReal  = 1165223.00 ,TB_Cajas.vlCierreDolares  = 163 ,TB_Cajas.vlCierreEuros  = 173 ,TB_Cajas.dsObservacion  = null ,TB_Cajas.vlDiaReal  = 3.21 ,TB_Cajas.flCajaAdm  = 1   WHERE TB_Cajas.nrCaja = 9000003767  
11/11/2015 18:15:48 | Exec sco_DiccionariodeDatos @nmtabla_param='VW_UltimaCajaAdm'
11/11/2015 18:15:48 |  SELECT VW_UltimaCajaAdm.nrCaja ,VW_UltimaCajaAdm.vlSaldoFinalRealPesos ,VW_UltimaCajaAdm.vlSaldoFinalRealEuros ,VW_UltimaCajaAdm.vlSaldoFinalRealDolares  FROM VW_UltimaCajaAdm 
11/11/2015 18:15:48 |  SELECT TB_Cajas.nrCaja  FROM TB_Cajas  WHERE TB_Cajas.nrCaja = 9000003767  AND  TB_Cajas.flEstado = 0  
11/11/2015 18:15:48 | Exec sco_DiccionariodeDatos @nmtabla_param='sco_cajapuesto_v3_9'
11/11/2015 18:15:48 | Exec sco_cajapuesto_v3_9 @nrCaja_param = 9000003766 
11/11/2015 18:15:48 | Exec sco_cajapuesto_v3_9 @nrCaja_param = 9000003767 
11/11/2015 18:15:48 | Exec sco_DiccionariodeDatos @nmtabla_param='spu_esdifporCotizacionImputadas_v3_9'
11/11/2015 18:15:48 | Exec spu_esdifporCotizacionImputadas_v3_9 @nrCajaAdmActual = 9000003767 
11/11/2015 18:15:48 | Exec sco_validarVencimientosCAI_v4_1
11/11/2015 18:15:49 | Exec sco_DiccionariodeDatos @nmtabla_param='sco_AccesosOpcionesMenu'
11/11/2015 18:15:49 | Exec sco_AccesosOpcionesMenu @p_tpNivelAcceso = 'Administración' ,@p_operaconcaja = 1 
11/11/2015 18:15:49 | Exec sco_AccesosOpcionesMenu @p_tpNivelAcceso = 'Administración' ,@p_operaconcaja = 1 
11/11/2015 18:15:52 | Inicializando Servicio SGLibrary.ServicePrinter
11/11/2015 18:15:52 | Inicializando Servicio SGLibrary.ServicePrinter OK 
11/11/2015 18:15:52 | Exec sco_DiccionariodeDatos @nmtabla_param='TB_Cupones'
11/11/2015 18:15:55 |  SELECT TB_Cupones.cdCodBar ,TB_Cupones.nrLicencia ,TB_Cupones.nmLicenciatario ,TB_Cupones.cdCliente ,TB_Cupones.nrCupon ,TB_Cupones.tpCupon ,TB_Cupones.vlMontoCupon ,TB_Cupones.vlPagoPesos ,TB_Cupones.vlPagoEuros ,TB_Cupones.vlPagoDolares ,TB_Cupones.vlComision ,TB_Cupones.nrTalonarioCliente ,TB_Cupones.nrComprabanteCliente ,TB_Cupones.flCobradoalCliente ,TB_Cupones.vlafavorAdmin ,TB_Cupones.dtCupon  FROM TB_Cupones  WHERE TB_Cupones.cdCliente = 4013  AND  TB_Cupones.tpCupon = 'Cuenta Corriente' AND TB_Cupones.flEliminar = 0  AND  TB_Cupones.flCobradoalCliente = 0 AND TB_Cupones.flAnulado = 0   Order by TB_Cupones.cdCliente ASC 
11/11/2015 18:15:55 | Exec sco_DiccionariodeDatos @nmtabla_param='TB_Clientes'
11/11/2015 18:15:55 |  SELECT TB_Clientes.cdCliente ,TB_Clientes.dsRazonSocial  FROM TB_Clientes  WHERE TB_Clientes.cdCliente = 4013  
11/11/2015 18:15:59 |  SELECT TB_Clientes.cdCliente ,TB_Clientes.dsRazonSocial ,TB_Clientes.nrDoc ,TB_Clientes.dsEmail ,TB_Clientes.tpIVA  FROM TB_Clientes  WHERE TB_Clientes.cdCliente = 4013  AND  TB_Clientes.flEliminar = 0  
11/11/2015 18:15:59 |  SELECT tb_parametros.dsParametro ,tb_parametros.vlParametro ,tb_parametros.tpParametro ,tb_parametros.flEditable ,tb_parametros.nrTamanio ,tb_parametros.dtActualizacion  FROM tb_parametros  WHERE tb_parametros.dsParametro = 'PUESTO_FACTURACION_CTA_CTE'  
11/11/2015 18:15:59 | Exec dbo.spu_obtener_puntosdeventa_facturacion_v2_0 @nrPuesto_param=4, @tipo_iva = EX,  @auto_impresor = S, @tpFormadePago = null,  @tpComprobante = 'FA'
11/11/2015 18:15:59 | Inicializando Servicio SGLibrary.ServicePrinter
11/11/2015 18:15:59 | Inicializando Servicio SGLibrary.ServicePrinter OK 
11/11/2015 18:15:59 |  SELECT tb_parametros.dsParametro ,tb_parametros.vlParametro ,tb_parametros.tpParametro ,tb_parametros.flEditable ,tb_parametros.nrTamanio ,tb_parametros.dtActualizacion  FROM tb_parametros  WHERE tb_parametros.dsParametro = 'PUESTO_FACTURACION_CTA_CTE'  
11/11/2015 18:15:59 | Exec sco_DiccionariodeDatos @nmtabla_param='TB_Comprobantes'
11/11/2015 18:16:07 |  SELECT TB_Cupones.cdCodBar ,TB_Cupones.nrLicencia ,TB_Cupones.nmLicenciatario ,TB_Cupones.cdCliente ,TB_Cupones.nrCupon ,TB_Cupones.tpCupon ,TB_Cupones.vlMontoCupon ,TB_Cupones.vlPagoPesos ,TB_Cupones.vlPagoEuros ,TB_Cupones.vlPagoDolares ,TB_Cupones.vlComision ,TB_Cupones.nrTalonarioCliente ,TB_Cupones.nrComprabanteCliente ,TB_Cupones.flCobradoalCliente ,TB_Cupones.vlafavorAdmin ,TB_Cupones.dtCupon  FROM TB_Cupones  WHERE TB_Cupones.cdCliente = 4013  AND  TB_Cupones.tpCupon = 'Cuenta Corriente' AND TB_Cupones.flEliminar = 0  AND  TB_Cupones.flCobradoalCliente = 0 AND TB_Cupones.flAnulado = 0   Order by TB_Cupones.cdCliente ASC 
11/11/2015 18:16:07 |  SELECT TB_Clientes.cdCliente ,TB_Clientes.dsRazonSocial  FROM TB_Clientes  WHERE TB_Clientes.cdCliente = 4013  
11/11/2015 18:16:07 | Exec sco_AccesosOpcionesMenu @p_tpNivelAcceso = 'Administración' ,@p_operaconcaja = 1 
11/11/2015 18:17:17 |  SELECT TB_Comprobantes.dtComprobante ,TB_Comprobantes.nrComprobante ,TB_Comprobantes.cdCliente ,TB_Comprobantes.cdCodBar ,TB_Comprobantes.nrLicencia ,TB_Comprobantes.nrPuesto ,TB_Comprobantes.nrTalonario ,TB_Comprobantes.tpComprobante ,TB_Comprobantes.nrCaja ,TB_Comprobantes.cdCondVenta ,TB_Comprobantes.nrDoc ,TB_Comprobantes.dsRazonSocial ,TB_Comprobantes.nmLicenciatario ,TB_Comprobantes.dsUsuario ,TB_Comprobantes.dsDomicilio ,TB_Comprobantes.tpComprobante ,TB_Comprobantes.tpLetra ,TB_Comprobantes.flManual  FROM TB_Comprobantes  WHERE  nrComprobante Like ('%%%') AND TB_Comprobantes.flAnulado = 0  AND  TB_Comprobantes.flEliminar = 0  AND  TB_Comprobantes.dtComprobante >= '11/11/2015 00:00:00'  AND  TB_Comprobantes.dtComprobante <= '11/11/2015 23:59:59'   Order by TB_Comprobantes.nrComprobante ASC 
11/11/2015 18:17:33 |  SELECT TB_Comprobantes.dsLeyenda ,TB_Comprobantes.tpLetra ,TB_Comprobantes.vlTotalGeneral ,TB_Comprobantes.vlPagoEuros ,TB_Comprobantes.vlPagoPesos ,TB_Comprobantes.tpMoneda ,TB_Comprobantes.dsDomicilio ,TB_Comprobantes.nmLocalidad ,TB_Comprobantes.dsEmail ,TB_Comprobantes.cdPostal ,TB_Comprobantes.dtVencimiento ,TB_Comprobantes.nrBultos ,TB_Comprobantes.nrPasajeros ,TB_Comprobantes.vlPagoDolares ,TB_Comprobantes.nrTel ,TB_Comprobantes.vlDiaEuro ,TB_Comprobantes.cdCliente ,TB_Comprobantes.nrTalonario ,TB_Comprobantes.dtComprobante ,TB_Comprobantes.nrComprobante ,TB_Comprobantes.cdCodBar ,TB_Comprobantes.tpComprobante ,TB_Comprobantes.nrCaja ,TB_Comprobantes.cdCondVenta ,TB_Comprobantes.nrDoc ,TB_Comprobantes.dsRazonSocial ,TB_Comprobantes.nrLicencia ,TB_Comprobantes.nmLicenciatario ,TB_Comprobantes.dsUsuario ,TB_Comprobantes.nrPuesto ,TB_Comprobantes.nmApellido ,TB_Comprobantes.nmNombre ,TB_Comprobantes.dsOpcional3 ,TB_Comprobantes.IdReciboCtaCte ,TB_Comprobantes.flAnulado ,TB_Comprobantes.flManual ,TB_Comprobantes.vlPagoReales  FROM TB_Comprobantes  WHERE TB_Comprobantes.nrComprobante = '00134139    '  AND  TB_Comprobantes.nrTalonario = '0008'  AND  TB_Comprobantes.nrCaja = 9000003767  AND  TB_Comprobantes.tpLetra = 'C'  AND  TB_Comprobantes.tpComprobante = 'FA'  AND  TB_Comprobantes.flEliminar = 0  
11/11/2015 18:18:22 | Exec  sco_TB_Productos_v4_1 
11/11/2015 18:18:24 | Exec sco_DiccionariodeDatos @nmtabla_param='TB_Usuarios'
11/11/2015 18:18:27 |  SELECT TB_Usuarios.dsUsuario ,TB_Usuarios.dspassword ,TB_Usuarios.tpAcceso ,TB_Usuarios.nmNombre ,TB_Usuarios.nmApellido ,TB_Usuarios.flBloqueado ,TB_Usuarios.tpNivelJerarquico  FROM TB_Usuarios  WHERE TB_Usuarios.dsUsuario = 'CAMILAP'  AND  TB_Usuarios.flEliminar = 0  
11/11/2015 18:18:28 |  SELECT TB_Usuarios.dsUsuario ,TB_Usuarios.dspassword ,TB_Usuarios.tpAcceso ,TB_Usuarios.nmNombre ,TB_Usuarios.nmApellido ,TB_Usuarios.flBloqueado ,TB_Usuarios.tpNivelJerarquico  FROM TB_Usuarios  WHERE TB_Usuarios.dsUsuario = 'CAMILAP'  AND  TB_Usuarios.flEliminar = 0  
11/11/2015 18:18:28 | Exec sco_DiccionariodeDatos @nmtabla_param='sp_obtenerCajasPendientesdeAprobacion_v2_5'
11/11/2015 18:18:28 | Exec sp_obtenerCajasPendientesdeAprobacion_v2_5 @pdsUsuario_param = 'CAMILAP' 
11/11/2015 18:18:28 | Exec sp_obtenerCajasRechazadas_v2_9 
11/11/2015 18:18:28 | Exec sco_DiccionariodeDatos @nmtabla_param='TB_Parametros'
11/11/2015 18:18:28 |  SELECT TB_Parametros.vlParametro  FROM TB_Parametros  WHERE TB_Parametros.dsParametro = 'VALOR EURO'  
11/11/2015 18:18:28 |  SELECT TB_Parametros.vlParametro  FROM TB_Parametros  WHERE TB_Parametros.dsParametro = 'VALOR DOLAR'  
11/11/2015 18:18:28 | Exec SP_ValorPromoRetorno
11/11/2015 18:18:28 | Exec sco_DiccionariodeDatos @nmtabla_param='TB_Comisiones'
11/11/2015 18:18:28 |  SELECT TB_Comisiones.vlMontoMinimo  FROM TB_Comisiones  WHERE TB_Comisiones.tpComision = 'Retorno'  AND  TB_Comisiones.flEliminar = 0  
11/11/2015 18:18:28 |  SELECT TB_Parametros.vlParametro  FROM TB_Parametros  WHERE TB_Parametros.dsParametro = 'VALOR REAL'  
11/11/2015 18:18:28 | Exec sco_DiccionariodeDatos @nmtabla_param='TB_Cajas'
11/11/2015 18:18:28 |  SELECT TB_Cajas.nrCaja  FROM TB_Cajas  WHERE TB_Cajas.dsUsuario = 'CAMILAP'  and  TB_Cajas.flEstado = 0  and  TB_Cajas.tpEstadoAprobacion IS NULL  and  TB_Cajas.nrcaja > 0  
11/11/2015 18:18:30 |  SELECT TB_Cajas.nrCaja ,TB_Cajas.vlTotalSaldoFinal ,TB_Cajas.nrPuesto ,TB_Cajas.dsUsuario ,TB_Cajas.vlSaldoInicialPesos ,TB_Cajas.dtApertura ,TB_Cajas.dtCierre ,TB_Cajas.vlDiaDolar ,TB_Cajas.vlDiaEuro ,TB_Cajas.vlSaldoInicialEuros ,TB_Cajas.vlSaldoInicialDolares ,TB_Cajas.vlSaldoFinalRealPesos ,TB_Cajas.vlTotalSaldoInicial ,TB_Cajas.dtObservacion ,TB_Cajas.vlCierrePesos ,TB_Cajas.vlSaldoFinalRealDolares ,TB_Cajas.vlSaldoFinalRealEuros ,TB_Cajas.vlTotalSaldoFinalReal ,TB_Cajas.vlCierreDolares ,TB_Cajas.vlCierreEuros ,TB_Cajas.dsObservacion ,TB_Cajas.vlDiaReal ,TB_Cajas.flEstado  FROM TB_Cajas  WHERE TB_Cajas.nrCaja = 9000003767  
11/11/2015 18:18:30 | Exec sco_DiccionariodeDatos @nmtabla_param='SP_SumaCajaADM_v2_9'
11/11/2015 18:18:30 | Exec SP_SumaCajaADM_v2_9 @nrCaja_param = 9000003767 ,@tpCaja_param = 'CA' ,@tpCajaImputacion_param = null 
11/11/2015 18:18:30 |  UPDATE TB_Cajas SET TB_Cajas.vlSaldoFinalRealPesos  = 1162010.00 ,TB_Cajas.vlSaldoFinalRealEuros  = 173.00 ,TB_Cajas.vlSaldoFinalRealDolares  = 163.00 ,TB_Cajas.vlCierrePesos  = 185255.1 ,TB_Cajas.vlCierreDolares  = 163 ,TB_Cajas.vlCierreEuros  = 173   WHERE TB_Cajas.nrCaja = 9000003767  
11/11/2015 18:18:30 |  UPDATE TB_Cajas SET TB_Cajas.nrCaja  = 9000003767 ,TB_Cajas.vlTotalSaldoFinal  = 188468.40 ,TB_Cajas.nrPuesto  = 9 ,TB_Cajas.dsUsuario  = 'CAMILAP' ,TB_Cajas.vlSaldoInicialPesos  = 976755.30 ,TB_Cajas.dtApertura  = '30/07/2015 07:02:46' ,TB_Cajas.dtCierre  = null ,TB_Cajas.vlDiaDolar  = 9.10 ,TB_Cajas.vlDiaEuro  = 10.00 ,TB_Cajas.vlSaldoInicialEuros  = 0.00 ,TB_Cajas.vlSaldoInicialDolares  = 0.00 ,TB_Cajas.vlSaldoFinalRealPesos  = 976755.30 ,TB_Cajas.vlTotalSaldoInicial  = 976755.30 ,TB_Cajas.dtObservacion  = '11/11/2015 18:18:30' ,TB_Cajas.vlCierrePesos  = 185255.1 ,TB_Cajas.vlSaldoFinalRealDolares  = 163.00 ,TB_Cajas.vlSaldoFinalRealEuros  = 173.00 ,TB_Cajas.vlTotalSaldoFinalReal  = 1165223.00 ,TB_Cajas.vlCierreDolares  = 163 ,TB_Cajas.vlCierreEuros  = 173 ,TB_Cajas.dsObservacion  = null ,TB_Cajas.vlDiaReal  = 3.21 ,TB_Cajas.flCajaAdm  = 1   WHERE TB_Cajas.nrCaja = 9000003767  
11/11/2015 18:18:30 | Exec sco_DiccionariodeDatos @nmtabla_param='VW_UltimaCajaAdm'
11/11/2015 18:18:30 |  SELECT VW_UltimaCajaAdm.nrCaja ,VW_UltimaCajaAdm.vlSaldoFinalRealPesos ,VW_UltimaCajaAdm.vlSaldoFinalRealEuros ,VW_UltimaCajaAdm.vlSaldoFinalRealDolares  FROM VW_UltimaCajaAdm 
11/11/2015 18:18:30 |  SELECT TB_Cajas.nrCaja  FROM TB_Cajas  WHERE TB_Cajas.nrCaja = 9000003767  AND  TB_Cajas.flEstado = 0  
11/11/2015 18:18:30 | Exec sco_DiccionariodeDatos @nmtabla_param='sco_cajapuesto_v3_9'
11/11/2015 18:18:30 | Exec sco_cajapuesto_v3_9 @nrCaja_param = 9000003766 
11/11/2015 18:18:30 | Exec sco_cajapuesto_v3_9 @nrCaja_param = 9000003767 
11/11/2015 18:18:31 | Exec sco_DiccionariodeDatos @nmtabla_param='spu_esdifporCotizacionImputadas_v3_9'
11/11/2015 18:18:31 | Exec spu_esdifporCotizacionImputadas_v3_9 @nrCajaAdmActual = 9000003767 
11/11/2015 18:18:31 | Exec sco_validarVencimientosCAI_v4_1
11/11/2015 18:18:32 | Exec sco_DiccionariodeDatos @nmtabla_param='sco_AccesosOpcionesMenu'
11/11/2015 18:18:32 | Exec sco_AccesosOpcionesMenu @p_tpNivelAcceso = 'Administración' ,@p_operaconcaja = 1 
11/11/2015 18:18:32 | Exec sco_AccesosOpcionesMenu @p_tpNivelAcceso = 'Administración' ,@p_operaconcaja = 1 
11/11/2015 18:18:36 | Inicializando Servicio SGLibrary.ServicePrinter
11/11/2015 18:18:36 | Inicializando Servicio SGLibrary.ServicePrinter OK 
11/11/2015 18:18:36 | Exec sco_DiccionariodeDatos @nmtabla_param='TB_Cupones'
11/11/2015 18:18:39 |  SELECT TB_Cupones.cdCodBar ,TB_Cupones.nrLicencia ,TB_Cupones.nmLicenciatario ,TB_Cupones.cdCliente ,TB_Cupones.nrCupon ,TB_Cupones.tpCupon ,TB_Cupones.vlMontoCupon ,TB_Cupones.vlPagoPesos ,TB_Cupones.vlPagoEuros ,TB_Cupones.vlPagoDolares ,TB_Cupones.vlComision ,TB_Cupones.nrTalonarioCliente ,TB_Cupones.nrComprabanteCliente ,TB_Cupones.flCobradoalCliente ,TB_Cupones.vlafavorAdmin ,TB_Cupones.dtCupon  FROM TB_Cupones  WHERE TB_Cupones.cdCliente = 4013  AND  TB_Cupones.tpCupon = 'Cuenta Corriente' AND TB_Cupones.flEliminar = 0  AND  TB_Cupones.flCobradoalCliente = 0 AND TB_Cupones.flAnulado = 0   Order by TB_Cupones.cdCliente ASC 
11/11/2015 18:18:39 | Exec sco_DiccionariodeDatos @nmtabla_param='TB_Clientes'
11/11/2015 18:18:39 |  SELECT TB_Clientes.cdCliente ,TB_Clientes.dsRazonSocial  FROM TB_Clientes  WHERE TB_Clientes.cdCliente = 4013  
11/11/2015 18:18:42 |  SELECT TB_Clientes.cdCliente ,TB_Clientes.dsRazonSocial ,TB_Clientes.nrDoc ,TB_Clientes.dsEmail ,TB_Clientes.tpIVA  FROM TB_Clientes  WHERE TB_Clientes.cdCliente = 4013  AND  TB_Clientes.flEliminar = 0  
11/11/2015 18:18:42 |  SELECT tb_parametros.dsParametro ,tb_parametros.vlParametro ,tb_parametros.tpParametro ,tb_parametros.flEditable ,tb_parametros.nrTamanio ,tb_parametros.dtActualizacion  FROM tb_parametros  WHERE tb_parametros.dsParametro = 'PUESTO_FACTURACION_CTA_CTE'  
11/11/2015 18:18:42 | Exec dbo.spu_obtener_puntosdeventa_facturacion_v2_0 @nrPuesto_param=4, @tipo_iva = EX,  @auto_impresor = S, @tpFormadePago = null,  @tpComprobante = 'FA'
11/11/2015 18:18:42 | Inicializando Servicio SGLibrary.ServicePrinter
11/11/2015 18:18:42 | Inicializando Servicio SGLibrary.ServicePrinter OK 
11/11/2015 18:18:42 |  SELECT tb_parametros.dsParametro ,tb_parametros.vlParametro ,tb_parametros.tpParametro ,tb_parametros.flEditable ,tb_parametros.nrTamanio ,tb_parametros.dtActualizacion  FROM tb_parametros  WHERE tb_parametros.dsParametro = 'PUESTO_FACTURACION_CTA_CTE'  
11/11/2015 18:18:42 | Exec sco_DiccionariodeDatos @nmtabla_param='TB_Comprobantes'
11/11/2015 18:18:45 |  INSERT TB_Comprobantes (nrComprobante ,nrTalonario ,nrDoc ,cdCliente ,dsRazonSocial ,vlTotalGeneral ,dsLeyenda ,nmEmpleado ,nrPuesto ,nrCaja ,nrLicencia ,nmLicenciatario ,dtComprobante ,tpComprobante ,tpLetra ,dsEmail ,cdCondVenta ,tpComision ,tpIVA ,dsOpcional3 ,cdCodBar ,dtCaja ,dtInsercion ,dsOpcional1 ,IdReciboCtaCte ,nrCAI ,dtVencimiento ,vlPagoPesos ,vlDiaDolar ,vlDiaEuro ,dsOpcional2 ,dsUsuario )  VALUES ('00134140' ,'0008' ,'27-14012559-3' ,4013 ,'SILVINA SZPERLING' ,128.00 ,null ,'CAMILA PASQUALI' ,9 ,9000003767 ,999 ,'Coop. Taxi Ezeiza' ,'11/11/2015' ,'FA' ,'B' ,null ,'Contado' ,'A Clientes' ,'EX' ,'30708249919010008' ,'000800134140999' ,'11/11/2015 18:18:45' ,'11/11/2015 18:18:45' ,'18:18' ,1000275542 ,null ,null ,128.00 ,9.10 ,10.00 ,'Viajes según recibo Nro. 1000275542' ,'CAMILAP' )
11/11/2015 18:18:45 | Exec sco_DiccionariodeDatos @nmtabla_param='DiccionariodeDatos'
11/11/2015 18:18:46 |  UPDATE DiccionariodeDatos SET DiccionariodeDatos.vlPuesto4  = '134140'   WHERE DiccionariodeDatos.nmTabla = 'TB_Comprobantes'  AND  DiccionariodeDatos.nmCampo = 'nrComprobante'  
11/11/2015 18:18:46 | Exec sco_DiccionariodeDatos @nmtabla_param='TB_ComprobantesDetalle'
11/11/2015 18:18:46 |  INSERT TB_ComprobantesDetalle (nrTalonario ,nrComprobante ,tpComprobante ,tpLetra ,nrItem ,cdProducto ,dsProducto ,tpOperacion ,vlPorcentaje ,vlPrecioPeaje ,vlPrecioViaje ,dtInsercion ,nrCaja ,nrPuesto )  VALUES ('0008' ,'00134140' ,'FA' ,'B' ,1 ,999 ,'Viajes según recibo Nro. 1000275542' ,null ,null ,null ,128.00 ,'11/11/2015' ,9000003767 ,9 )
11/11/2015 18:18:46 | Exec sco_DiccionariodeDatos @nmtabla_param='SP_ObtenerMaxnrCupon_v1_3'
11/11/2015 18:18:46 | Exec SP_ObtenerMaxnrCupon_v1_3 @nrPuesto = 9 
11/11/2015 18:18:46 |  INSERT TB_Cupones (nrTalonarioCliente ,nrComprabanteCliente ,tpComprobanteCliente ,tpLetraCliente ,cdCliente ,nrPuesto ,nrLicencia ,nmLicenciatario ,vlMontoCupon ,vlPagoPesos ,vlPagoDolares ,vlPagoEuros ,nrCantidadBultos ,tpCupon ,flCobradoalCliente ,dtCobradoalCliente ,flCompensado ,vlafavorAdmin ,vlComision ,dtCajaCliente ,nrCajaCliente ,dtCupon ,dsUsuario ,nrPasajeros ,cdCodBar ,dsDestino ,dsHoraViaje ,nrCupon )  VALUES ('0008' ,'00134140' ,'FA' ,'B' ,4013 ,4 ,999 ,'Coop. Taxi Ezeiza' ,128.00 ,128.00 ,0 ,0 ,0 ,'Contado' ,1 ,'11/11/2015 18:18:46' ,0 ,0 ,0 ,'11/11/2015 18:18:46' ,9000003767 ,'11/11/2015 18:18:46' ,'CAMILAP' ,0 ,'000800134140999' ,'Viajes según recibo Nro. 1000275542' ,'18:18' ,9001721205 )
11/11/2015 18:18:46 |  UPDATE DiccionariodeDatos SET DiccionariodeDatos.vlPuesto4  = '9001721205'   WHERE DiccionariodeDatos.nmTabla = 'TB_Cupones'  AND  DiccionariodeDatos.nmCampo = 'nrCupon'  
11/11/2015 18:18:47 | Exec sco_DiccionariodeDatos @nmtabla_param='spu_actualizar_puntosdeventa_facturacion_v2_0'
11/11/2015 18:18:48 | Exec spu_actualizar_puntosdeventa_facturacion_v2_0 @nrPuesto_param = 4 ,@tipo_iva = 'EX' ,@auto_impresor = 'S' ,@tpComprobante = 'FA' ,@nrComprobante = 134140 
11/11/2015 18:19:00 | Exec sco_DiccionariodeDatos @nmtabla_param='TB_Recibos'
11/11/2015 18:19:00 |  INSERT TB_Recibos (IdRecibo ,vlAcumDolares ,vlSaldoPesos ,vlSaldoEuros ,vlAcumPesos ,vlAcumEuros ,vlAcumComision ,vlSaldoDolares ,dtRecibo ,tpRecibo ,cdCliente ,dsRazonSocial ,nrCaja )  VALUES (1000275542 ,0 ,128.00 ,0 ,128.00 ,0 ,0 ,0 ,'11/11/2015 18:19:00' ,'Detalle de Cobro a Cta. Cte.' ,'4013' ,'SILVINA SZPERLING' ,9000003767 )
11/11/2015 18:19:00 |  UPDATE DiccionariodeDatos SET DiccionariodeDatos.vlPuesto9  = '1000275895'   WHERE DiccionariodeDatos.nmTabla = 'TB_Recibos'  AND  DiccionariodeDatos.nmCampo = 'IdRecibo'  
11/11/2015 18:19:00 | SET DATEFORMAT dmy
11/11/2015 18:19:00 | select getdate() AS FECHA
11/11/2015 18:19:00 |  UPDATE TB_Cupones SET TB_Cupones.flCobradoalCliente  = 1 ,TB_Cupones.dtCobradoalCliente  = '11/11/2015 18:19:00' ,TB_Cupones.nrCajaCtaCte  = 9000003767 ,TB_Cupones.dtCajaCtaCte  = '11/11/2015 18:19:01' ,TB_Cupones.IdReciboCtaCte  = 1000275542 ,TB_Cupones.dsUsuario  = 'CAMILAP'   WHERE TB_Cupones.nrCupon = 9000757119  
11/11/2015 18:19:04 |  SELECT TB_Cupones.cdCodBar ,TB_Cupones.nrLicencia ,TB_Cupones.nmLicenciatario ,TB_Cupones.cdCliente ,TB_Cupones.nrCupon ,TB_Cupones.tpCupon ,TB_Cupones.vlMontoCupon ,TB_Cupones.vlPagoPesos ,TB_Cupones.vlPagoEuros ,TB_Cupones.vlPagoDolares ,TB_Cupones.vlComision ,TB_Cupones.nrTalonarioCliente ,TB_Cupones.nrComprabanteCliente ,TB_Cupones.flCobradoalCliente ,TB_Cupones.vlafavorAdmin ,TB_Cupones.dtCupon  FROM TB_Cupones  WHERE TB_Cupones.cdCliente = 4013  AND  TB_Cupones.tpCupon = 'Cuenta Corriente' AND TB_Cupones.flEliminar = 0  AND  TB_Cupones.flCobradoalCliente = 0 AND TB_Cupones.flAnulado = 0   Order by TB_Cupones.cdCliente ASC 
11/11/2015 18:19:26 | Exec sco_AccesosOpcionesMenu @p_tpNivelAcceso = 'Administración' ,@p_operaconcaja = 1 
11/11/2015 18:19:29 | Exec sco_DiccionariodeDatos @nmtabla_param='TB_Puestos'
11/11/2015 18:19:29 |  SELECT TB_Puestos.nrPuesto ,TB_Puestos.dsPuesto ,TB_Puestos.dsPuesto ,TB_Puestos.nrTalonario_manual ,TB_Puestos.nrTalonario_manual ,TB_Puestos.nrTalonario_automatico ,TB_Puestos.nrTalonario_automatico ,TB_Puestos.nrComprobante_manual_ult ,TB_Puestos.nrComprobante_manual_ult ,TB_Puestos.nrComprobante_automatico_ult ,TB_Puestos.nrComprobante_automatico_ult ,TB_Puestos.tpletra ,TB_Puestos.tpletra ,TB_Puestos.flFacturaCtacte  FROM TB_Puestos  WHERE  dsPuesto Like ('%%%') AND TB_Puestos.flEliminar = 0   Order by TB_Puestos.dsPuesto ASC 
11/11/2015 18:19:30 |  SELECT TB_Puestos.flFacturaCtacte ,TB_Puestos.flRespeta_secuencia_carga_manual ,TB_Puestos.tpLetra_manual ,TB_Puestos.nrComprobante_manual_ult ,TB_Puestos.nrTalonario_manual ,TB_Puestos.tpLetraEmpresa_manual ,TB_Puestos.nrComprobante_manual_empresa_ult ,TB_Puestos.nrTalonario_manual_empresa ,TB_Puestos.tpLetraRecibo_manual ,TB_Puestos.nrComprobante_manual_ctacte_ult ,TB_Puestos.nrTalonario_manual_ctacte ,TB_Puestos.nrComprobante_automatico_nc_ult ,TB_Puestos.nrComprobante_auto_empresa_nc_ult ,TB_Puestos.nrComprobante_automatico_nd_ult ,TB_Puestos.nrComprobante_auto_empresa_nd_ult ,TB_Puestos.dtCAI_Talonario_auto_empresa ,TB_Puestos.dtCAI_Talonario_auto ,TB_Puestos.nrCAI_Talonario_auto ,TB_Puestos.nrCAI_Talonario_auto_empresa ,TB_Puestos.nrTalonario_auto_ctacte ,TB_Puestos.nrComprobante_auto_ctacte_ult ,TB_Puestos.tpLetraRecibo ,TB_Puestos.nrTalonario_auto_empresa ,TB_Puestos.nrComprobante_auto_empresa_ult ,TB_Puestos.tpLetraEmpresa ,TB_Puestos.nrTalonario_automatico ,TB_Puestos.nrComprobante_automatico_ult ,TB_Puestos.tpLetra ,TB_Puestos.dsPuesto ,TB_Puestos.nrPuesto  FROM TB_Puestos  WHERE TB_Puestos.nrPuesto = 4  AND  TB_Puestos.flEliminar = 0  
11/11/2015 18:19:35 | Exec sco_AccesosOpcionesMenu @p_tpNivelAcceso = 'Administración' ,@p_operaconcaja = 1 
11/11/2015 18:19:36 |  SELECT TB_Cajas.vlSaldoInicialPesos ,TB_Cajas.vlSaldoInicialDolares ,TB_Cajas.vlSaldoInicialEuros ,TB_Cajas.vlSaldoInicialReales ,TB_Cajas.vlDiaEuro ,TB_Cajas.vlDiaDolar ,TB_Cajas.vlDiaReal ,TB_Cajas.dsUsuario ,TB_Cajas.dtApertura ,TB_Cajas.dtCierre  FROM TB_Cajas  WHERE TB_Cajas.nrCaja = 9000003767  
11/11/2015 18:19:36 | Exec  sp_obtiene_falta_compensar_v4_2 
11/11/2015 18:19:36 |  SELECT tb_parametros.dsParametro ,tb_parametros.vlParametro ,tb_parametros.tpParametro ,tb_parametros.flEditable ,tb_parametros.nrTamanio ,tb_parametros.dtActualizacion  FROM tb_parametros  WHERE tb_parametros.dsParametro = 'CANT_VIAJES_A_COMP'  
11/11/2015 18:19:36 |  SELECT tb_parametros.dsParametro ,tb_parametros.vlParametro ,tb_parametros.tpParametro ,tb_parametros.flEditable ,tb_parametros.nrTamanio ,tb_parametros.dtActualizacion  FROM tb_parametros  WHERE tb_parametros.dsParametro = 'CTROL_CANT_VIAJES'  
11/11/2015 18:19:36 |  SELECT tb_parametros.dsParametro ,tb_parametros.vlParametro ,tb_parametros.tpParametro ,tb_parametros.flEditable ,tb_parametros.nrTamanio ,tb_parametros.dtActualizacion  FROM tb_parametros  WHERE tb_parametros.dsParametro = 'COBRO_COMISION_CD_RE_OBLIGATORIA'  
11/11/2015 18:19:43 |  SELECT TB_Cupones.cdCodBar ,TB_Cupones.nrLicencia ,TB_Cupones.nmLicenciatario ,TB_Cupones.cdCliente ,TB_Cupones.nrCupon ,TB_Cupones.tpCupon ,TB_Cupones.vlMontoCupon ,TB_Cupones.vlPagoPesos ,TB_Cupones.vlPagoEuros ,TB_Cupones.vlPagoDolares ,TB_Cupones.vlPagoReales ,TB_Cupones.vlComision ,TB_Cupones.nrTalonarioCliente ,TB_Cupones.tpComprobanteCliente ,TB_Cupones.nrComprabanteCliente ,TB_Cupones.tpLetraCliente ,TB_Cupones.flCobradoalCliente ,TB_Cupones.flCompensado ,TB_Cupones.cdCliente ,TB_Cupones.vlaFavordelLicenciatario ,TB_Cupones.vlafavorAdmin ,TB_Cupones.dtCupon ,TB_Cupones.dsObservacion ,TB_Cupones.vlIVA ,TB_Cupones.flAnulado  FROM TB_Cupones  WHERE TB_Cupones.flEliminar = 0  AND  TB_Cupones.cdCliente = 4013  AND  TB_Cupones.flCompensado = 0  AND  TB_Cupones.flAnulado = 0  AND  TB_Cupones.nrLicencia = 999  
11/11/2015 18:19:43 | Exec sco_DiccionariodeDatos @nmtabla_param='SP_sepuedecompensar_2_0'
11/11/2015 18:19:44 | Exec SP_sepuedecompensar_2_0 @dtcupon_param = '01/12/2009 08:30:14' 
11/11/2015 18:19:44 | Exec SP_sepuedecompensar_2_0 @dtcupon_param = '14/08/2015 17:43:11' 
11/11/2015 18:19:44 | Exec SP_sepuedecompensar_2_0 @dtcupon_param = '22/08/2015 11:04:16' 
11/11/2015 18:19:44 | Exec SP_sepuedecompensar_2_0 @dtcupon_param = '16/09/2015 14:50:39' 
11/11/2015 18:19:44 | Exec SP_sepuedecompensar_2_0 @dtcupon_param = '14/09/2015 10:52:47' 
11/11/2015 18:19:44 | Exec SP_sepuedecompensar_2_0 @dtcupon_param = '14/09/2015 11:24:36' 
11/11/2015 18:19:44 | Exec SP_sepuedecompensar_2_0 @dtcupon_param = '28/10/2015 06:17:33' 
11/11/2015 18:19:44 | Exec SP_sepuedecompensar_2_0 @dtcupon_param = '11/11/2015 17:46:02' 
11/11/2015 18:19:44 | Exec SP_sepuedecompensar_2_0 @dtcupon_param = '11/11/2015 18:06:12' 
11/11/2015 18:19:44 | Exec SP_sepuedecompensar_2_0 @dtcupon_param = '11/11/2015 18:18:46' 
11/11/2015 18:19:44 | Exec SP_sepuedecompensar_2_0 @dtcupon_param = '15/09/2015 15:43:11' 
11/11/2015 18:19:44 | Exec SP_sepuedecompensar_2_0 @dtcupon_param = '15/09/2015 16:03:35' 
11/11/2015 18:19:44 | Exec SP_sepuedecompensar_2_0 @dtcupon_param = '01/12/2009 08:31:02' 
11/11/2015 18:19:54 | Exec sco_AccesosOpcionesMenu @p_tpNivelAcceso = 'Administración' ,@p_operaconcaja = 1 
11/11/2015 18:19:57 | Exec sco_cajapuesto_v3_9 @nrCaja_param = 9000003767 
11/11/2015 18:19:57 |  SELECT tb_parametros.dsParametro ,tb_parametros.vlParametro ,tb_parametros.tpParametro ,tb_parametros.flEditable ,tb_parametros.nrTamanio ,tb_parametros.dtActualizacion  FROM tb_parametros  WHERE tb_parametros.dsParametro = 'PUESTO_FACTURACION_ND'  
11/11/2015 18:19:57 | Exec sco_DiccionariodeDatos @nmtabla_param='sp_obtenerComision_v4_2'
11/11/2015 18:19:57 | Exec sp_obtenerComision_v4_2 @tpComprobante_param = null ,@vlTotalGeneral_param = 0 ,@tpComision_param = null ,@tpCliente_param = null ,@dsCodigoDestinos_param = null 
11/11/2015 18:19:57 | Exec sp_obtenerComision_v4_2 @tpComprobante_param = null ,@vlTotalGeneral_param = 0 ,@tpComision_param = 'A Clientes' ,@tpCliente_param = 'A Clientes' ,@dsCodigoDestinos_param = null 
11/11/2015 18:19:57 | Exec sco_DiccionariodeDatos @nmtabla_param='TB_Proveedores'
11/11/2015 18:19:57 |  SELECT TB_Proveedores.nmNombre ,TB_Proveedores.nmApellido  FROM TB_Proveedores  WHERE TB_Proveedores.tpCategoria = 'Licenciatario'  AND  TB_Proveedores.nrLicencia = 999  AND  TB_Proveedores.flEliminar = 0  
11/11/2015 18:19:57 | Exec sco_DiccionariodeDatos @nmtabla_param='spu_obtener_puntosdeventa_facturacion_v2_0'
11/11/2015 18:19:57 | Exec spu_obtener_puntosdeventa_facturacion_v2_0 @nrPuesto_param = 4 ,@tipo_iva = 'CF' ,@auto_impresor = 'S' ,@tpFormadePago = null ,@tpComprobante = 'NC' 
11/11/2015 18:19:57 | Exec sp_obtenerComision_v4_2 @tpComprobante_param = 'NC' ,@vlTotalGeneral_param = 0 ,@tpComision_param = 'A Clientes' ,@tpCliente_param = 'A Clientes' ,@dsCodigoDestinos_param = null 
11/11/2015 18:19:57 |  SELECT TB_Proveedores.nmNombre ,TB_Proveedores.nmApellido  FROM TB_Proveedores  WHERE TB_Proveedores.tpCategoria = 'Licenciatario'  AND  TB_Proveedores.nrLicencia = 999  AND  TB_Proveedores.flEliminar = 0  
11/11/2015 18:19:57 | Exec spu_obtener_puntosdeventa_facturacion_v2_0 @nrPuesto_param = 4 ,@tipo_iva = 'CF' ,@auto_impresor = 'S' ,@tpFormadePago = null ,@tpComprobante = 'NC' 
11/11/2015 18:19:57 | Exec spu_obtener_puntosdeventa_facturacion_v2_0 @nrPuesto_param = 4 ,@tipo_iva = 'CF' ,@auto_impresor = 'S' ,@tpFormadePago = null ,@tpComprobante = 'NC' 
11/11/2015 18:19:57 | Exec sp_obtenerComision_v4_2 @tpComprobante_param = 'NC' ,@vlTotalGeneral_param = 0 ,@tpComision_param = 'A Clientes' ,@tpCliente_param = 'A Clientes' ,@dsCodigoDestinos_param = null 
11/11/2015 18:19:57 | Exec sp_obtenerComision_v4_2 @tpComprobante_param = 'NC' ,@vlTotalGeneral_param = 0 ,@tpComision_param = 'A Clientes' ,@tpCliente_param = 'A Clientes' ,@dsCodigoDestinos_param = null 
11/11/2015 18:19:57 | Exec sco_DiccionariodeDatos @nmtabla_param='TB_Productos'
11/11/2015 18:19:59 |  SELECT TB_Clientes.dsRazonSocial ,TB_Clientes.nmApellido ,TB_Clientes.nmNombre ,TB_Clientes.dsDomicilio ,TB_Clientes.nrDoc ,TB_Clientes.nmLocalidad ,TB_Clientes.dsEmail ,TB_Clientes.nrTel ,TB_Clientes.cdPostal ,TB_Clientes.tpIVA ,TB_Clientes.tpFormadePago  FROM TB_Clientes  WHERE TB_Clientes.flEliminar = 0  AND  TB_Clientes.cdCliente = 4013  AND ( TB_Clientes.dtBaja > '11-11-2015'  OR  TB_Clientes.dtBaja IS NULL  )  
11/11/2015 18:19:59 | Exec spu_obtener_puntosdeventa_facturacion_v2_0 @nrPuesto_param = 4 ,@tipo_iva = 'EX' ,@auto_impresor = 'S' ,@tpFormadePago = 'Cuenta Corriente' ,@tpComprobante = 'NC' 
11/11/2015 18:19:59 | Exec sp_obtenerComision_v4_2 @tpComprobante_param = 'NC' ,@vlTotalGeneral_param = 0 ,@tpComision_param = 'A Clientes' ,@tpCliente_param = 'A Clientes' ,@dsCodigoDestinos_param = null 
11/11/2015 18:19:59 | Exec sp_obtenerComision_v4_2 @tpComprobante_param = 'NC' ,@vlTotalGeneral_param = 0 ,@tpComision_param = 'A Clientes' ,@tpCliente_param = 'A Clientes' ,@dsCodigoDestinos_param = null 
11/11/2015 18:20:02 | Exec sp_obtenerComision_v4_2 @tpComprobante_param = 'NC' ,@vlTotalGeneral_param = 0 ,@tpComision_param = 'A Clientes' ,@tpCliente_param = 'A Clientes' ,@dsCodigoDestinos_param = '''Viaje'',null,450' 
11/11/2015 18:20:02 | Exec sco_DiccionariodeDatos @nmtabla_param='SP_Supera_KM_IVA_segunMonto_2_0'
11/11/2015 18:20:02 | Exec SP_Supera_KM_IVA_segunMonto_2_0 @tpCategoriaIVA_param = 'EX' ,@vlKilometros_param = 0 ,@vlMonto_param = 450 
11/11/2015 18:20:02 | Exec sp_obtenerComision_v4_2 @tpComprobante_param = 'NC' ,@vlTotalGeneral_param = 450 ,@tpComision_param = 'A Clientes' ,@tpCliente_param = 'A Clientes' ,@dsCodigoDestinos_param = '''Viaje'',null,450' 
11/11/2015 18:20:02 | Exec sp_obtenerComision_v4_2 @tpComprobante_param = 'NC' ,@vlTotalGeneral_param = 450 ,@tpComision_param = 'A Clientes' ,@tpCliente_param = 'A Clientes' ,@dsCodigoDestinos_param = '''Viaje'',null,450' 
11/11/2015 18:20:06 |  SELECT tb_parametros.dsParametro ,tb_parametros.vlParametro ,tb_parametros.tpParametro ,tb_parametros.flEditable ,tb_parametros.nrTamanio ,tb_parametros.dtActualizacion  FROM tb_parametros  WHERE tb_parametros.dsParametro = 'CALCULA_IVA_LIC_990'  
11/11/2015 18:20:07 | Exec sp_obtenerComision_v4_2 @tpComprobante_param = 'NC' ,@vlTotalGeneral_param = 450 ,@tpComision_param = 'A Clientes' ,@tpCliente_param = 'A Clientes' ,@dsCodigoDestinos_param = '''Viaje'',null,450' 
11/11/2015 18:20:07 |  SELECT TB_Cajas.nrCaja  FROM TB_Cajas  WHERE TB_Cajas.nrCaja = 9000003767  AND  TB_Cajas.flEstado = 0  
11/11/2015 18:20:09 | Exec sco_DiccionariodeDatos @nmtabla_param='sp_eliminarFisicamenteunComprobanteEliminadoLogicamente_v2_5'
11/11/2015 18:20:09 | Exec sp_eliminarFisicamenteunComprobanteEliminadoLogicamente_v2_5 @nrTalonario_param = '0008' ,@nrComprobante_param = '00000010' ,@tpComprobante_param = 'NC' ,@tpLetra_param = 'B' 
11/11/2015 18:20:09 | Exec spu_obtener_puntosdeventa_facturacion_v2_0 @nrPuesto_param = 4 ,@tipo_iva = 'EX' ,@auto_impresor = 'S' ,@tpFormadePago = 'Cuenta Corriente' ,@tpComprobante = 'NC' 
11/11/2015 18:20:09 |  INSERT TB_Comprobantes (nrComprobante ,nrTalonario ,vlPagoReales ,nrDoc ,tpLetra ,cdCliente ,dsRazonSocial ,vlTotalGeneral ,dsLeyenda ,vlPagoEuros ,nmEmpleado ,nrPuesto ,nrCaja ,nrLicencia ,nrBultos ,nrPasajeros ,tpComprobante ,vlPagoDolares ,vlPagoPesos ,nmLicenciatario ,dtComprobante ,dsEmail ,vlSubtotal ,vlIVA ,cdCondVenta ,tpComision ,tpIVA ,dsOpcional3 ,cdCodBar ,dtCaja ,dtInsercion ,dsOpcional1 ,nrCAI ,dtVencimiento ,vlDiaDolar ,vlDiaEuro ,vlDiaReal ,dsOpcional2 ,dsUsuario ,flSincronizado ,flManual )  VALUES ('00000010' ,'0008' ,0.00 ,'27-14012559-3' ,'B' ,4013 ,'SILVINA SZPERLING' ,450.00 ,null ,0.00 ,'CAMILA PASQUALI' ,4 ,9000003767 ,999 ,null ,null ,'NC' ,0.00 ,450.00 ,'TANGO MADERO' ,'11/11/2015' ,null ,450.00 ,0.00 ,'Contado' ,'A Clientes' ,'EX' ,'307082499190100083506310668186314012017' ,'000800000010999' ,'11/11/2015 18:20:09' ,'11/11/2015 18:20:09' ,'18:20' ,'35063106681863' ,'14/01/2017' ,9.1 ,10 ,3.21 ,'CENTRO - CAPITAL FEDERAL CON PEAJES  (1 DESTINO) ' ,'CAMILAP' ,0 ,'N' )
11/11/2015 18:20:09 |  UPDATE DiccionariodeDatos SET DiccionariodeDatos.vlPuesto4  = '10'   WHERE DiccionariodeDatos.nmTabla = 'TB_Comprobantes'  AND  DiccionariodeDatos.nmCampo = 'nrComprobante'  
11/11/2015 18:20:09 |  INSERT TB_ComprobantesDetalle (nrTalonario ,nrComprobante ,tpComprobante ,tpLetra ,nrItem ,cdProducto ,dsProducto ,tpOperacion ,vlPorcentaje ,vlPrecioPeaje ,vlKilometros ,vlPrecioViaje ,dtInsercion ,flSincronizado ,nrCaja ,nrPuesto )  VALUES ('0008' ,'00000010' ,'NC' ,'B' ,1 ,90001 ,'CENTRO - CAPITAL FEDERAL CON PEAJES  (1 DESTINO) ' ,'Viaje' ,0 ,0 ,null ,450 ,'11/11/2015' ,0 ,9000003767 ,4 )
11/11/2015 18:20:09 | Exec sp_obtenerComision_v4_2 @tpComprobante_param = 'NC' ,@vlTotalGeneral_param = 450 ,@tpComision_param = 'A Clientes' ,@tpCliente_param = 'A Clientes' ,@dsCodigoDestinos_param = '''Viaje'',null,450' 
11/11/2015 18:20:09 | Exec SP_ObtenerMaxnrCupon_v2_7 
11/11/2015 18:20:09 |  INSERT TB_Cupones (nrTalonarioCliente ,nrComprabanteCliente ,tpComprobanteCliente ,tpLetraCliente ,cdCliente ,nrPuesto ,nrLicencia ,nmLicenciatario ,vlMontoCupon ,vlPagoPesos ,vlPagoDolares ,vlPagoEuros ,vlPagoReales ,nrCantidadBultos ,tpCupon ,dsDestino ,dsHoraViaje ,dsLeyenda ,flCobradoalCliente ,dtCobradoalCliente ,flCompensado ,vlaFavordelLicenciatario ,vlafavorAdmin ,vlComision ,dtCajaCliente ,nrCajaCliente ,dtCupon ,dsUsuario ,nrPasajeros ,flSincronizado ,vlIVA ,vlSubtotal ,cdCodBar ,nrCupon )  VALUES ('0008' ,'00000010' ,'NC' ,'B' ,4013 ,4 ,999 ,'TANGO MADERO' ,450.00 ,450.00 ,0.00 ,0.00 ,0.00 ,null ,'Contado' ,'CENTRO - CAPITAL FEDERAL CON PEAJES  (1 DESTINO) ' ,'18:20' ,null ,1 ,'11/11/2015 18:20:09' ,0 ,450 ,0 ,0 ,'11/11/2015 18:20:09' ,9000003767 ,'11/11/2015 18:20:09' ,'CAMILAP' ,null ,0 ,0.00 ,450.00 ,'000800000010999' ,9001721206 )
11/11/2015 18:20:10 |  UPDATE DiccionariodeDatos SET DiccionariodeDatos.vlPuesto4  = '9001721206'   WHERE DiccionariodeDatos.nmTabla = 'TB_Cupones'  AND  DiccionariodeDatos.nmCampo = 'nrCupon'  
11/11/2015 18:20:10 | Exec spu_actualizar_puntosdeventa_facturacion_v2_0 @nrPuesto_param = 4 ,@tipo_iva = 'EX' ,@auto_impresor = 'S' ,@tpFormadePago = 'Cuenta Corriente' ,@tpComprobante = 'NC' ,@nrComprobante = 10 
11/11/2015 18:20:10 | Exec sco_DiccionariodeDatos @nmtabla_param='SP_PrepararReimpresiondeComprobante_v3_7'
11/11/2015 18:20:10 | Exec SP_PrepararReimpresiondeComprobante_v3_7 @nrTalonario = '0008' ,@nrComprobante = '00000010' ,@tpComprobante = 'NC' ,@tpLetra = 'B' 
11/11/2015 18:20:10 |  SELECT TB_Proveedores.nmNombre ,TB_Proveedores.nmApellido  FROM TB_Proveedores  WHERE TB_Proveedores.tpCategoria = 'Licenciatario'  AND  TB_Proveedores.nrLicencia = 999  AND  TB_Proveedores.flEliminar = 0  
11/11/2015 18:20:10 | Exec spu_obtener_puntosdeventa_facturacion_v2_0 @nrPuesto_param = 4 ,@tipo_iva = 'EX' ,@auto_impresor = 'S' ,@tpFormadePago = null ,@tpComprobante = 'NC' 
11/11/2015 18:20:10 | Exec spu_obtener_puntosdeventa_facturacion_v2_0 @nrPuesto_param = 4 ,@tipo_iva = 'CF' ,@auto_impresor = 'S' ,@tpFormadePago = null ,@tpComprobante = 'NC' 
11/11/2015 18:20:10 | Exec sp_obtenerComision_v4_2 @tpComprobante_param = 'NC' ,@vlTotalGeneral_param = 0 ,@tpComision_param = 'A Clientes' ,@tpCliente_param = 'A Clientes' ,@dsCodigoDestinos_param = null 
11/11/2015 18:20:10 | Exec sp_obtenerComision_v4_2 @tpComprobante_param = 'NC' ,@vlTotalGeneral_param = 0 ,@tpComision_param = 'A Clientes' ,@tpCliente_param = 'A Clientes' ,@dsCodigoDestinos_param = null 
11/11/2015 18:20:14 | Exec sp_obtenerComision_v4_2 @tpComprobante_param = 'NC' ,@vlTotalGeneral_param = 0 ,@tpComision_param = 'A Clientes' ,@tpCliente_param = 'A Clientes' ,@dsCodigoDestinos_param = null 
11/11/2015 18:20:16 | Exec sco_AccesosOpcionesMenu @p_tpNivelAcceso = 'Administración' ,@p_operaconcaja = 1 
11/11/2015 18:20:17 |  SELECT TB_Cajas.vlSaldoInicialPesos ,TB_Cajas.vlSaldoInicialDolares ,TB_Cajas.vlSaldoInicialEuros ,TB_Cajas.vlSaldoInicialReales ,TB_Cajas.vlDiaEuro ,TB_Cajas.vlDiaDolar ,TB_Cajas.vlDiaReal ,TB_Cajas.dsUsuario ,TB_Cajas.dtApertura ,TB_Cajas.dtCierre  FROM TB_Cajas  WHERE TB_Cajas.nrCaja = 9000003767  
11/11/2015 18:20:17 | Exec  sp_obtiene_falta_compensar_v4_2 
11/11/2015 18:20:17 |  SELECT tb_parametros.dsParametro ,tb_parametros.vlParametro ,tb_parametros.tpParametro ,tb_parametros.flEditable ,tb_parametros.nrTamanio ,tb_parametros.dtActualizacion  FROM tb_parametros  WHERE tb_parametros.dsParametro = 'CANT_VIAJES_A_COMP'  
11/11/2015 18:20:17 |  SELECT tb_parametros.dsParametro ,tb_parametros.vlParametro ,tb_parametros.tpParametro ,tb_parametros.flEditable ,tb_parametros.nrTamanio ,tb_parametros.dtActualizacion  FROM tb_parametros  WHERE tb_parametros.dsParametro = 'CTROL_CANT_VIAJES'  
11/11/2015 18:20:17 |  SELECT tb_parametros.dsParametro ,tb_parametros.vlParametro ,tb_parametros.tpParametro ,tb_parametros.flEditable ,tb_parametros.nrTamanio ,tb_parametros.dtActualizacion  FROM tb_parametros  WHERE tb_parametros.dsParametro = 'COBRO_COMISION_CD_RE_OBLIGATORIA'  
11/11/2015 18:20:20 |  SELECT TB_Cupones.cdCodBar ,TB_Cupones.nrLicencia ,TB_Cupones.nmLicenciatario ,TB_Cupones.cdCliente ,TB_Cupones.nrCupon ,TB_Cupones.tpCupon ,TB_Cupones.vlMontoCupon ,TB_Cupones.vlPagoPesos ,TB_Cupones.vlPagoEuros ,TB_Cupones.vlPagoDolares ,TB_Cupones.vlPagoReales ,TB_Cupones.vlComision ,TB_Cupones.nrTalonarioCliente ,TB_Cupones.tpComprobanteCliente ,TB_Cupones.nrComprabanteCliente ,TB_Cupones.tpLetraCliente ,TB_Cupones.flCobradoalCliente ,TB_Cupones.flCompensado ,TB_Cupones.cdCliente ,TB_Cupones.vlaFavordelLicenciatario ,TB_Cupones.vlafavorAdmin ,TB_Cupones.dtCupon ,TB_Cupones.dsObservacion ,TB_Cupones.vlIVA ,TB_Cupones.flAnulado  FROM TB_Cupones  WHERE TB_Cupones.flEliminar = 0  AND  TB_Cupones.nrLicencia = 4013  AND  TB_Cupones.flCompensado = 0  AND  TB_Cupones.flAnulado = 0  
11/11/2015 18:20:25 |  SELECT TB_Cupones.cdCodBar ,TB_Cupones.nrLicencia ,TB_Cupones.nmLicenciatario ,TB_Cupones.cdCliente ,TB_Cupones.nrCupon ,TB_Cupones.tpCupon ,TB_Cupones.vlMontoCupon ,TB_Cupones.vlPagoPesos ,TB_Cupones.vlPagoEuros ,TB_Cupones.vlPagoDolares ,TB_Cupones.vlPagoReales ,TB_Cupones.vlComision ,TB_Cupones.nrTalonarioCliente ,TB_Cupones.tpComprobanteCliente ,TB_Cupones.nrComprabanteCliente ,TB_Cupones.tpLetraCliente ,TB_Cupones.flCobradoalCliente ,TB_Cupones.flCompensado ,TB_Cupones.cdCliente ,TB_Cupones.vlaFavordelLicenciatario ,TB_Cupones.vlafavorAdmin ,TB_Cupones.dtCupon ,TB_Cupones.dsObservacion ,TB_Cupones.vlIVA ,TB_Cupones.flAnulado  FROM TB_Cupones  WHERE TB_Cupones.flEliminar = 0  AND  TB_Cupones.cdCliente = 4013  AND  TB_Cupones.flCompensado = 0  AND  TB_Cupones.flAnulado = 0  AND  TB_Cupones.nrLicencia = 999  
11/11/2015 18:20:25 | Exec SP_sepuedecompensar_2_0 @dtcupon_param = '01/12/2009 08:30:14' 
11/11/2015 18:20:25 | Exec SP_sepuedecompensar_2_0 @dtcupon_param = '14/08/2015 17:43:11' 
11/11/2015 18:20:25 | Exec SP_sepuedecompensar_2_0 @dtcupon_param = '22/08/2015 11:04:16' 
11/11/2015 18:20:25 | Exec SP_sepuedecompensar_2_0 @dtcupon_param = '16/09/2015 14:50:39' 
11/11/2015 18:20:25 | Exec SP_sepuedecompensar_2_0 @dtcupon_param = '14/09/2015 10:52:47' 
11/11/2015 18:20:25 | Exec SP_sepuedecompensar_2_0 @dtcupon_param = '14/09/2015 11:24:36' 
11/11/2015 18:20:25 | Exec SP_sepuedecompensar_2_0 @dtcupon_param = '28/10/2015 06:17:33' 
11/11/2015 18:20:25 | Exec SP_sepuedecompensar_2_0 @dtcupon_param = '11/11/2015 17:46:02' 
11/11/2015 18:20:25 | Exec SP_sepuedecompensar_2_0 @dtcupon_param = '11/11/2015 18:06:12' 
11/11/2015 18:20:25 | Exec SP_sepuedecompensar_2_0 @dtcupon_param = '11/11/2015 18:18:46' 
11/11/2015 18:20:25 | Exec SP_sepuedecompensar_2_0 @dtcupon_param = '15/09/2015 15:43:11' 
11/11/2015 18:20:25 | Exec SP_sepuedecompensar_2_0 @dtcupon_param = '15/09/2015 16:03:35' 
11/11/2015 18:20:25 | Exec SP_sepuedecompensar_2_0 @dtcupon_param = '11/11/2015 18:20:09' 
11/11/2015 18:20:25 | Exec SP_sepuedecompensar_2_0 @dtcupon_param = '01/12/2009 08:31:02' 
11/11/2015 18:21:39 |  SELECT TB_Cupones.nrCupon  FROM TB_Cupones  WHERE TB_Cupones.IdRecibo = 1000275543  
11/11/2015 18:21:39 |  SELECT TB_Clientes.cdCliente ,TB_Clientes.dsRazonSocial ,TB_Clientes.nrDoc ,TB_Clientes.dsEmail  FROM TB_Clientes  WHERE TB_Clientes.cdCliente = 4013  AND  TB_Clientes.flEliminar = 0  
11/11/2015 18:21:39 |  INSERT TB_Recibos (IdRecibo ,vlAcumDolares ,vlSaldoPesos ,vlSaldoEuros ,vlAcumPesos ,vlAcumEuros ,vlAcumComision ,vlSaldoDolares ,dtRecibo ,tpRecibo ,cdCliente ,dsRazonSocial ,nrCaja )  VALUES (1000275543 ,0.00 ,490.00 ,0.00 ,490.00 ,0.00 ,0.00 ,0.00 ,'11/11/2015 18:21:39' ,'Recibo de Cobranza de Cta. Cte.' ,null ,'SILVINA SZPERLING' ,9000003767 )
11/11/2015 18:21:39 |  UPDATE DiccionariodeDatos SET DiccionariodeDatos.vlPuesto9  = '1000275896'   WHERE DiccionariodeDatos.nmTabla = 'TB_Recibos'  AND  DiccionariodeDatos.nmCampo = 'IdRecibo'  
11/11/2015 18:21:39 |  UPDATE TB_Cupones SET TB_Cupones.flCompensado  = 1 ,TB_Cupones.dtCompensado  = '11/11/2015 18:21:39' ,TB_Cupones.nrCajaLicenciatario  = 9000003767 ,TB_Cupones.dtCajaLicenciatario  = '11/11/2015 18:21:39' ,TB_Cupones.IdRecibo  = 1000275543 ,TB_Cupones.dsUsuario  = 'CAMILAP'   WHERE TB_Cupones.nrCupon = 9001721203  AND  TB_Cupones.IdRecibo IS NULL  
11/11/2015 18:21:39 |  UPDATE TB_Cupones SET TB_Cupones.flCompensado  = 1 ,TB_Cupones.dtCompensado  = '11/11/2015 18:21:39' ,TB_Cupones.nrCajaLicenciatario  = 9000003767 ,TB_Cupones.dtCajaLicenciatario  = '11/11/2015 18:21:39' ,TB_Cupones.IdRecibo  = 1000275543 ,TB_Cupones.dsUsuario  = 'CAMILAP'   WHERE TB_Cupones.nrCupon = 9001721206  AND  TB_Cupones.IdRecibo IS NULL  
11/11/2015 18:21:39 |  select count(*) as cupones_a_compensados from tb_cupones where IdRecibo = 1000275543
11/11/2015 18:21:40 | Exec sco_DiccionariodeDatos @nmtabla_param='TB_Conceptos'
11/11/2015 18:21:40 |  SELECT TB_Conceptos.tpConcepto ,TB_Conceptos.dsConcepto ,TB_Conceptos.tpOperacion ,TB_Conceptos.tpCajaImputacion ,TB_Conceptos.tpCreadoPor  FROM TB_Conceptos  WHERE TB_Conceptos.flEliminar = 0  AND  TB_Conceptos.cdConcepto = 1063  
11/11/2015 18:21:40 | Exec sco_DiccionariodeDatos @nmtabla_param='TB_MovimientosContables'
11/11/2015 18:21:40 |  INSERT TB_MovimientosContables (IdMovimiento ,dsMovimiento ,IdRecibo ,cdConcepto ,tpConcepto ,dsConcepto ,tpOperacion ,vlPesos ,vlDolares ,vlEuros ,nrRecibo ,nrFactura ,nrCaja ,dsUsuario ,dtMovimiento ,dsProveedor ,IdProveedor ,tpCajaImputacion ,dsUsuarioCajaPuesto ,nrCajaPuesto )  VALUES (1000473535 ,'Cobro a Cuenta Corriente' ,1000275543 ,1063 ,'Cajas' ,'COBRO DE CTA. CTE' ,'Entrada de Dinero' ,490.00 ,0.00 ,0.00 ,'1000275543' ,null ,9000003767 ,'CAMILAP' ,'11/11/2015 18:21:39' ,'Licencia Nro. 999' ,null ,'Caja de la Cooperativa' ,null ,null )
11/11/2015 18:21:41 |  SELECT TB_Cupones.cdCodBar ,TB_Cupones.nrLicencia ,TB_Cupones.nmLicenciatario ,TB_Cupones.cdCliente ,TB_Cupones.nrCupon ,TB_Cupones.tpCupon ,TB_Cupones.vlMontoCupon ,TB_Cupones.vlPagoPesos ,TB_Cupones.vlPagoEuros ,TB_Cupones.vlPagoDolares ,TB_Cupones.vlPagoReales ,TB_Cupones.vlComision ,TB_Cupones.nrTalonarioCliente ,TB_Cupones.tpComprobanteCliente ,TB_Cupones.nrComprabanteCliente ,TB_Cupones.tpLetraCliente ,TB_Cupones.flCobradoalCliente ,TB_Cupones.flCompensado ,TB_Cupones.cdCliente ,TB_Cupones.vlaFavordelLicenciatario ,TB_Cupones.vlafavorAdmin ,TB_Cupones.dtCupon ,TB_Cupones.dsObservacion ,TB_Cupones.vlIVA ,TB_Cupones.flAnulado  FROM TB_Cupones  WHERE TB_Cupones.flEliminar = 0  AND  TB_Cupones.cdCliente = 4013  AND  TB_Cupones.flCompensado = 0  AND  TB_Cupones.flAnulado = 0  AND  TB_Cupones.nrLicencia = 999  
11/11/2015 18:21:41 | Exec SP_sepuedecompensar_2_0 @dtcupon_param = '01/12/2009 08:30:14' 
11/11/2015 18:21:41 | Exec SP_sepuedecompensar_2_0 @dtcupon_param = '14/08/2015 17:43:11' 
11/11/2015 18:21:41 | Exec SP_sepuedecompensar_2_0 @dtcupon_param = '22/08/2015 11:04:16' 
11/11/2015 18:21:41 | Exec SP_sepuedecompensar_2_0 @dtcupon_param = '16/09/2015 14:50:39' 
11/11/2015 18:21:41 | Exec SP_sepuedecompensar_2_0 @dtcupon_param = '14/09/2015 10:52:47' 
11/11/2015 18:21:41 | Exec SP_sepuedecompensar_2_0 @dtcupon_param = '14/09/2015 11:24:36' 
11/11/2015 18:21:41 | Exec SP_sepuedecompensar_2_0 @dtcupon_param = '28/10/2015 06:17:33' 
11/11/2015 18:21:41 | Exec SP_sepuedecompensar_2_0 @dtcupon_param = '11/11/2015 18:06:12' 
11/11/2015 18:21:41 | Exec SP_sepuedecompensar_2_0 @dtcupon_param = '11/11/2015 18:18:46' 
11/11/2015 18:21:41 | Exec SP_sepuedecompensar_2_0 @dtcupon_param = '15/09/2015 15:43:11' 
11/11/2015 18:21:41 | Exec SP_sepuedecompensar_2_0 @dtcupon_param = '15/09/2015 16:03:35' 
11/11/2015 18:21:41 | Exec SP_sepuedecompensar_2_0 @dtcupon_param = '01/12/2009 08:31:02' 
11/11/2015 18:21:41 | Exec  sp_obtiene_falta_compensar_v4_2 
11/11/2015 18:21:56 | Exec sco_AccesosOpcionesMenu @p_tpNivelAcceso = 'Administración' ,@p_operaconcaja = 1 
