15/10/2015 11:45:33 | Exec sco_DiccionariodeDatos @nmtabla_param='tb_parametros'
15/10/2015 11:45:33 |  SELECT tb_parametros.dsParametro ,tb_parametros.vlParametro ,tb_parametros.tpParametro ,tb_parametros.flEditable ,tb_parametros.nrTamanio ,tb_parametros.dtActualizacion  FROM tb_parametros  WHERE tb_parametros.dsParametro = 'PUESTO_FACTURACION_ND'  
15/10/2015 11:45:33 |  SELECT tb_parametros.dsParametro ,tb_parametros.vlParametro ,tb_parametros.tpParametro ,tb_parametros.flEditable ,tb_parametros.nrTamanio ,tb_parametros.dtActualizacion  FROM tb_parametros  WHERE tb_parametros.dsParametro = 'PUESTO_FACTURACION_ND'  
15/10/2015 11:45:33 | Exec sco_DiccionariodeDatos @nmtabla_param='spu_obtener_puntosdeventa_facturacion_v2_0'
15/10/2015 11:45:39 | Exec sco_DiccionariodeDatos @nmtabla_param='spu_obtener_puntosdeventa_facturacion_v2_0'
15/10/2015 11:45:42 | Exec sco_DiccionariodeDatos @nmtabla_param='spu_obtener_puntosdeventa_facturacion_v2_0'
15/10/2015 11:45:43 | Exec sco_DiccionariodeDatos @nmtabla_param='spu_obtener_puntosdeventa_facturacion_v2_0'
15/10/2015 11:45:43 | Exec sco_DiccionariodeDatos @nmtabla_param='spu_obtener_puntosdeventa_facturacion_v2_0'
15/10/2015 11:45:45 | Exec spu_obtener_puntosdeventa_facturacion_v2_0 
15/10/2015 11:45:45 |  SELECT tb_parametros.dsParametro ,tb_parametros.vlParametro ,tb_parametros.tpParametro ,tb_parametros.flEditable ,tb_parametros.nrTamanio ,tb_parametros.dtActualizacion  FROM tb_parametros  WHERE tb_parametros.dsParametro = 'PUESTO_FACTURACION_ND'  
15/10/2015 11:45:45 |  SELECT tb_parametros.dsParametro ,tb_parametros.vlParametro ,tb_parametros.tpParametro ,tb_parametros.flEditable ,tb_parametros.nrTamanio ,tb_parametros.dtActualizacion  FROM tb_parametros  WHERE tb_parametros.dsParametro = 'PUESTO_FACTURACION_ND'  
15/10/2015 11:45:45 | Exec sco_DiccionariodeDatos @nmtabla_param='spu_obtener_puntosdeventa_facturacion_v2_0'
15/10/2015 11:45:46 | Exec sco_DiccionariodeDatos @nmtabla_param='spu_obtener_puntosdeventa_facturacion_v2_0'
15/10/2015 11:45:46 | Exec sco_DiccionariodeDatos @nmtabla_param='spu_obtener_puntosdeventa_facturacion_v2_0'
15/10/2015 11:45:47 | Exec sco_DiccionariodeDatos @nmtabla_param='spu_obtener_puntosdeventa_facturacion_v2_0'
15/10/2015 11:45:47 | Exec sco_DiccionariodeDatos @nmtabla_param='spu_obtener_puntosdeventa_facturacion_v2_0'
15/10/2015 11:45:48 | Exec spu_obtener_puntosdeventa_facturacion_v2_0 
15/10/2015 11:51:59 | Exec sco_DiccionariodeDatos @nmtabla_param='tb_parametros'
15/10/2015 11:51:59 |  SELECT tb_parametros.dsParametro ,tb_parametros.vlParametro ,tb_parametros.tpParametro ,tb_parametros.flEditable ,tb_parametros.nrTamanio ,tb_parametros.dtActualizacion  FROM tb_parametros  WHERE tb_parametros.dsParametro = 'PUESTO_FACTURACION_ND'  
15/10/2015 11:51:59 |  SELECT tb_parametros.dsParametro ,tb_parametros.vlParametro ,tb_parametros.tpParametro ,tb_parametros.flEditable ,tb_parametros.nrTamanio ,tb_parametros.dtActualizacion  FROM tb_parametros  WHERE tb_parametros.dsParametro = 'PUESTO_FACTURACION_ND'  
15/10/2015 11:51:59 | Exec sco_DiccionariodeDatos @nmtabla_param='spu_obtener_puntosdeventa_facturacion_v2_0'
15/10/2015 11:52:03 | Exec sco_DiccionariodeDatos @nmtabla_param='spu_obtener_puntosdeventa_facturacion_v2_0'
15/10/2015 11:52:03 | Exec sco_DiccionariodeDatos @nmtabla_param='spu_obtener_puntosdeventa_facturacion_v2_0'
15/10/2015 11:52:04 | Exec sco_DiccionariodeDatos @nmtabla_param='spu_obtener_puntosdeventa_facturacion_v2_0'
15/10/2015 11:52:04 | Exec sco_DiccionariodeDatos @nmtabla_param='spu_obtener_puntosdeventa_facturacion_v2_0'
15/10/2015 11:52:05 | Exec spu_obtener_puntosdeventa_facturacion_v2_0 
15/10/2015 11:52:05 |  SELECT tb_parametros.dsParametro ,tb_parametros.vlParametro ,tb_parametros.tpParametro ,tb_parametros.flEditable ,tb_parametros.nrTamanio ,tb_parametros.dtActualizacion  FROM tb_parametros  WHERE tb_parametros.dsParametro = 'PUESTO_FACTURACION_ND'  
15/10/2015 11:52:05 |  SELECT tb_parametros.dsParametro ,tb_parametros.vlParametro ,tb_parametros.tpParametro ,tb_parametros.flEditable ,tb_parametros.nrTamanio ,tb_parametros.dtActualizacion  FROM tb_parametros  WHERE tb_parametros.dsParametro = 'PUESTO_FACTURACION_ND'  
15/10/2015 11:52:05 | Exec sco_DiccionariodeDatos @nmtabla_param='spu_obtener_puntosdeventa_facturacion_v2_0'
15/10/2015 11:52:05 | Exec sco_DiccionariodeDatos @nmtabla_param='spu_obtener_puntosdeventa_facturacion_v2_0'
15/10/2015 11:52:06 | Exec sco_DiccionariodeDatos @nmtabla_param='spu_obtener_puntosdeventa_facturacion_v2_0'
15/10/2015 11:52:06 | Exec sco_DiccionariodeDatos @nmtabla_param='spu_obtener_puntosdeventa_facturacion_v2_0'
15/10/2015 11:52:07 | Exec sco_DiccionariodeDatos @nmtabla_param='spu_obtener_puntosdeventa_facturacion_v2_0'
15/10/2015 11:52:07 | Exec spu_obtener_puntosdeventa_facturacion_v2_0 
15/10/2015 11:53:05 | Exec sco_DiccionariodeDatos @nmtabla_param='tb_parametros'
15/10/2015 11:53:05 |  SELECT tb_parametros.dsParametro ,tb_parametros.vlParametro ,tb_parametros.tpParametro ,tb_parametros.flEditable ,tb_parametros.nrTamanio ,tb_parametros.dtActualizacion  FROM tb_parametros  WHERE tb_parametros.dsParametro = 'PUESTO_FACTURACION_ND'  
15/10/2015 11:53:05 |  SELECT tb_parametros.dsParametro ,tb_parametros.vlParametro ,tb_parametros.tpParametro ,tb_parametros.flEditable ,tb_parametros.nrTamanio ,tb_parametros.dtActualizacion  FROM tb_parametros  WHERE tb_parametros.dsParametro = 'PUESTO_FACTURACION_ND'  
15/10/2015 11:53:05 | Exec sco_DiccionariodeDatos @nmtabla_param='spu_obtener_puntosdeventa_facturacion_v2_0'
15/10/2015 11:53:43 |  SELECT tb_parametros.dsParametro ,tb_parametros.vlParametro ,tb_parametros.tpParametro ,tb_parametros.flEditable ,tb_parametros.nrTamanio ,tb_parametros.dtActualizacion  FROM tb_parametros  WHERE tb_parametros.dsParametro = 'PUESTO_FACTURACION_ND'  
15/10/2015 11:53:52 | Exec sco_DiccionariodeDatos @nmtabla_param='spu_obtener_puntosdeventa_facturacion_v2_0'
15/10/2015 11:53:55 | Exec spu_obtener_puntosdeventa_facturacion_v2_0 @nrPuesto_param = 4 ,@tipo_iva = 'CF' ,@auto_impresor = 'S' ,@tpFormadePago = 'Contado' 
15/10/2015 11:53:55 |  SELECT tb_parametros.dsParametro ,tb_parametros.vlParametro ,tb_parametros.tpParametro ,tb_parametros.flEditable ,tb_parametros.nrTamanio ,tb_parametros.dtActualizacion  FROM tb_parametros  WHERE tb_parametros.dsParametro = 'PUESTO_FACTURACION_ND'  
15/10/2015 11:53:55 |  SELECT tb_parametros.dsParametro ,tb_parametros.vlParametro ,tb_parametros.tpParametro ,tb_parametros.flEditable ,tb_parametros.nrTamanio ,tb_parametros.dtActualizacion  FROM tb_parametros  WHERE tb_parametros.dsParametro = 'PUESTO_FACTURACION_ND'  
15/10/2015 11:54:41 | Exec sco_DiccionariodeDatos @nmtabla_param='spu_obtener_puntosdeventa_facturacion_v2_0'
15/10/2015 11:54:41 | Exec spu_obtener_puntosdeventa_facturacion_v2_0 @nrPuesto_param = 4 ,@tipo_iva = 'CF' ,@auto_impresor = 'S' ,@tpFormadePago = 'Contado' ,@tpComprobante = 'FA' 
15/10/2015 11:55:33 | Exec sco_DiccionariodeDatos @nmtabla_param='tb_parametros'
15/10/2015 11:55:33 |  SELECT tb_parametros.dsParametro ,tb_parametros.vlParametro ,tb_parametros.tpParametro ,tb_parametros.flEditable ,tb_parametros.nrTamanio ,tb_parametros.dtActualizacion  FROM tb_parametros  WHERE tb_parametros.dsParametro = 'PUESTO_FACTURACION_ND'  
15/10/2015 11:55:33 |  SELECT tb_parametros.dsParametro ,tb_parametros.vlParametro ,tb_parametros.tpParametro ,tb_parametros.flEditable ,tb_parametros.nrTamanio ,tb_parametros.dtActualizacion  FROM tb_parametros  WHERE tb_parametros.dsParametro = 'PUESTO_FACTURACION_ND'  
15/10/2015 11:55:33 | Exec sco_DiccionariodeDatos @nmtabla_param='spu_obtener_puntosdeventa_facturacion_v2_0'
15/10/2015 11:55:33 | Exec spu_obtener_puntosdeventa_facturacion_v2_0 @nrPuesto_param = 4 ,@tipo_iva = 'CF' ,@auto_impresor = 'S' ,@tpFormadePago = 'Contado' ,@tpComprobante = 'FA' 
15/10/2015 11:55:33 |  SELECT tb_parametros.dsParametro ,tb_parametros.vlParametro ,tb_parametros.tpParametro ,tb_parametros.flEditable ,tb_parametros.nrTamanio ,tb_parametros.dtActualizacion  FROM tb_parametros  WHERE tb_parametros.dsParametro = 'PUESTO_FACTURACION_ND'  
15/10/2015 11:55:33 |  SELECT tb_parametros.dsParametro ,tb_parametros.vlParametro ,tb_parametros.tpParametro ,tb_parametros.flEditable ,tb_parametros.nrTamanio ,tb_parametros.dtActualizacion  FROM tb_parametros  WHERE tb_parametros.dsParametro = 'PUESTO_FACTURACION_ND'  
15/10/2015 11:55:34 | Exec spu_obtener_puntosdeventa_facturacion_v2_0 @nrPuesto_param = 4 ,@tipo_iva = 'CF' ,@auto_impresor = 'S' ,@tpFormadePago = 'Contado' ,@tpComprobante = 'FA' 
15/10/2015 11:56:19 | Exec sco_DiccionariodeDatos @nmtabla_param='tb_parametros'
15/10/2015 11:56:19 |  SELECT tb_parametros.dsParametro ,tb_parametros.vlParametro ,tb_parametros.tpParametro ,tb_parametros.flEditable ,tb_parametros.nrTamanio ,tb_parametros.dtActualizacion  FROM tb_parametros  WHERE tb_parametros.dsParametro = 'PUESTO_FACTURACION_ND'  
15/10/2015 11:56:19 |  SELECT tb_parametros.dsParametro ,tb_parametros.vlParametro ,tb_parametros.tpParametro ,tb_parametros.flEditable ,tb_parametros.nrTamanio ,tb_parametros.dtActualizacion  FROM tb_parametros  WHERE tb_parametros.dsParametro = 'PUESTO_FACTURACION_ND'  
15/10/2015 11:56:19 | Exec sco_DiccionariodeDatos @nmtabla_param='spu_obtener_puntosdeventa_facturacion_v2_0'
15/10/2015 11:56:21 | Exec spu_obtener_puntosdeventa_facturacion_v2_0 @nrPuesto_param = 4 ,@tipo_iva = 'CF' ,@auto_impresor = 'S' ,@tpFormadePago = 'Contado' ,@tpComprobante = 'FA' 
15/10/2015 11:56:21 |  SELECT tb_parametros.dsParametro ,tb_parametros.vlParametro ,tb_parametros.tpParametro ,tb_parametros.flEditable ,tb_parametros.nrTamanio ,tb_parametros.dtActualizacion  FROM tb_parametros  WHERE tb_parametros.dsParametro = 'PUESTO_FACTURACION_ND'  
15/10/2015 11:56:21 |  SELECT tb_parametros.dsParametro ,tb_parametros.vlParametro ,tb_parametros.tpParametro ,tb_parametros.flEditable ,tb_parametros.nrTamanio ,tb_parametros.dtActualizacion  FROM tb_parametros  WHERE tb_parametros.dsParametro = 'PUESTO_FACTURACION_ND'  
15/10/2015 11:56:27 | Exec spu_obtener_puntosdeventa_facturacion_v2_0 @nrPuesto_param = 4 ,@tipo_iva = 'CF' ,@auto_impresor = 'S' ,@tpFormadePago = 'Contado' ,@tpComprobante = 'FA' 
15/10/2015 11:56:57 | Exec sco_DiccionariodeDatos @nmtabla_param='tb_parametros'
15/10/2015 11:56:57 |  SELECT tb_parametros.dsParametro ,tb_parametros.vlParametro ,tb_parametros.tpParametro ,tb_parametros.flEditable ,tb_parametros.nrTamanio ,tb_parametros.dtActualizacion  FROM tb_parametros  WHERE tb_parametros.dsParametro = 'PUESTO_FACTURACION_ND'  
15/10/2015 11:56:57 |  SELECT tb_parametros.dsParametro ,tb_parametros.vlParametro ,tb_parametros.tpParametro ,tb_parametros.flEditable ,tb_parametros.nrTamanio ,tb_parametros.dtActualizacion  FROM tb_parametros  WHERE tb_parametros.dsParametro = 'PUESTO_FACTURACION_ND'  
15/10/2015 11:56:57 | Exec sco_DiccionariodeDatos @nmtabla_param='spu_obtener_puntosdeventa_facturacion_v2_0'
15/10/2015 11:56:57 | Exec spu_obtener_puntosdeventa_facturacion_v2_0 @nrPuesto_param = 4 ,@tipo_iva = 'CF' ,@auto_impresor = 'S' ,@tpFormadePago = 'Contado' ,@tpComprobante = 'FA' 
15/10/2015 11:57:33 | Exec sco_DiccionariodeDatos @nmtabla_param='tb_parametros'
15/10/2015 11:57:33 |  SELECT tb_parametros.dsParametro ,tb_parametros.vlParametro ,tb_parametros.tpParametro ,tb_parametros.flEditable ,tb_parametros.nrTamanio ,tb_parametros.dtActualizacion  FROM tb_parametros  WHERE tb_parametros.dsParametro = 'PUESTO_FACTURACION_ND'  
15/10/2015 11:57:33 |  SELECT tb_parametros.dsParametro ,tb_parametros.vlParametro ,tb_parametros.tpParametro ,tb_parametros.flEditable ,tb_parametros.nrTamanio ,tb_parametros.dtActualizacion  FROM tb_parametros  WHERE tb_parametros.dsParametro = 'PUESTO_FACTURACION_ND'  
15/10/2015 11:57:33 | Exec sco_DiccionariodeDatos @nmtabla_param='spu_obtener_puntosdeventa_facturacion_v2_0'
15/10/2015 11:57:33 | Exec spu_obtener_puntosdeventa_facturacion_v2_0 @nrPuesto_param = 4 ,@tipo_iva = 'CF' ,@auto_impresor = 'S' ,@tpFormadePago = 'Contado' ,@tpComprobante = 'FA' 
15/10/2015 11:58:16 | Exec sco_DiccionariodeDatos @nmtabla_param='tb_parametros'
15/10/2015 11:58:16 |  SELECT tb_parametros.dsParametro ,tb_parametros.vlParametro ,tb_parametros.tpParametro ,tb_parametros.flEditable ,tb_parametros.nrTamanio ,tb_parametros.dtActualizacion  FROM tb_parametros  WHERE tb_parametros.dsParametro = 'PUESTO_FACTURACION_ND'  
15/10/2015 11:58:16 |  SELECT tb_parametros.dsParametro ,tb_parametros.vlParametro ,tb_parametros.tpParametro ,tb_parametros.flEditable ,tb_parametros.nrTamanio ,tb_parametros.dtActualizacion  FROM tb_parametros  WHERE tb_parametros.dsParametro = 'PUESTO_FACTURACION_ND'  
15/10/2015 11:58:16 | Exec sco_DiccionariodeDatos @nmtabla_param='spu_obtener_puntosdeventa_facturacion_v2_0'
15/10/2015 11:58:16 | Exec spu_obtener_puntosdeventa_facturacion_v2_0 @nrPuesto_param = 4 ,@tipo_iva = 'CF' ,@auto_impresor = 'S' ,@tpFormadePago = 'Contado' ,@tpComprobante = 'FA' 
15/10/2015 11:58:32 | Exec sco_DiccionariodeDatos @nmtabla_param='tb_parametros'
15/10/2015 11:58:32 |  SELECT tb_parametros.dsParametro ,tb_parametros.vlParametro ,tb_parametros.tpParametro ,tb_parametros.flEditable ,tb_parametros.nrTamanio ,tb_parametros.dtActualizacion  FROM tb_parametros  WHERE tb_parametros.dsParametro = 'PUESTO_FACTURACION_ND'  
15/10/2015 11:58:32 |  SELECT tb_parametros.dsParametro ,tb_parametros.vlParametro ,tb_parametros.tpParametro ,tb_parametros.flEditable ,tb_parametros.nrTamanio ,tb_parametros.dtActualizacion  FROM tb_parametros  WHERE tb_parametros.dsParametro = 'PUESTO_FACTURACION_ND'  
15/10/2015 11:58:32 | Exec sco_DiccionariodeDatos @nmtabla_param='spu_obtener_puntosdeventa_facturacion_v2_0'
15/10/2015 11:58:32 | Exec spu_obtener_puntosdeventa_facturacion_v2_0 @nrPuesto_param = 4 ,@tipo_iva = 'CF' ,@auto_impresor = 'S' ,@tpFormadePago = 'Contado' ,@tpComprobante = 'FA' 
15/10/2015 11:58:52 | Exec sco_DiccionariodeDatos @nmtabla_param='tb_parametros'
15/10/2015 11:58:52 |  SELECT tb_parametros.dsParametro ,tb_parametros.vlParametro ,tb_parametros.tpParametro ,tb_parametros.flEditable ,tb_parametros.nrTamanio ,tb_parametros.dtActualizacion  FROM tb_parametros  WHERE tb_parametros.dsParametro = 'PUESTO_FACTURACION_ND'  
15/10/2015 11:58:52 |  SELECT tb_parametros.dsParametro ,tb_parametros.vlParametro ,tb_parametros.tpParametro ,tb_parametros.flEditable ,tb_parametros.nrTamanio ,tb_parametros.dtActualizacion  FROM tb_parametros  WHERE tb_parametros.dsParametro = 'PUESTO_FACTURACION_ND'  
15/10/2015 11:58:52 | Exec sco_DiccionariodeDatos @nmtabla_param='spu_obtener_puntosdeventa_facturacion_v2_0'
15/10/2015 11:58:52 | Exec spu_obtener_puntosdeventa_facturacion_v2_0 @nrPuesto_param = 4 ,@tipo_iva = 'CF' ,@auto_impresor = 'S' ,@tpFormadePago = 'Contado' ,@tpComprobante = 'FA' 
15/10/2015 12:00:28 | Exec sco_DiccionariodeDatos @nmtabla_param='tb_parametros'
15/10/2015 12:00:29 |  SELECT tb_parametros.dsParametro ,tb_parametros.vlParametro ,tb_parametros.tpParametro ,tb_parametros.flEditable ,tb_parametros.nrTamanio ,tb_parametros.dtActualizacion  FROM tb_parametros  WHERE tb_parametros.dsParametro = 'PUESTO_FACTURACION_ND'  
15/10/2015 12:00:29 |  SELECT tb_parametros.dsParametro ,tb_parametros.vlParametro ,tb_parametros.tpParametro ,tb_parametros.flEditable ,tb_parametros.nrTamanio ,tb_parametros.dtActualizacion  FROM tb_parametros  WHERE tb_parametros.dsParametro = 'PUESTO_FACTURACION_ND'  
15/10/2015 12:00:29 | Exec sco_DiccionariodeDatos @nmtabla_param='spu_obtener_puntosdeventa_facturacion_v2_0'
15/10/2015 12:00:29 | Exec spu_obtener_puntosdeventa_facturacion_v2_0 @nrPuesto_param = 4 ,@tipo_iva = 'CF' ,@auto_impresor = 'S' ,@tpFormadePago = 'Contado' ,@tpComprobante = 'FA' 
15/10/2015 12:00:54 | Exec sco_DiccionariodeDatos @nmtabla_param='tb_parametros'
15/10/2015 12:00:54 |  SELECT tb_parametros.dsParametro ,tb_parametros.vlParametro ,tb_parametros.tpParametro ,tb_parametros.flEditable ,tb_parametros.nrTamanio ,tb_parametros.dtActualizacion  FROM tb_parametros  WHERE tb_parametros.dsParametro = 'PUESTO_FACTURACION_ND'  
15/10/2015 12:00:54 |  SELECT tb_parametros.dsParametro ,tb_parametros.vlParametro ,tb_parametros.tpParametro ,tb_parametros.flEditable ,tb_parametros.nrTamanio ,tb_parametros.dtActualizacion  FROM tb_parametros  WHERE tb_parametros.dsParametro = 'PUESTO_FACTURACION_ND'  
15/10/2015 12:00:54 | Exec sco_DiccionariodeDatos @nmtabla_param='spu_obtener_puntosdeventa_facturacion_v2_0'
15/10/2015 12:00:54 | Exec spu_obtener_puntosdeventa_facturacion_v2_0 @nrPuesto_param = 4 ,@tipo_iva = 'CF' ,@auto_impresor = 'S' ,@tpFormadePago = 'Contado' ,@tpComprobante = 'ND' 
15/10/2015 12:01:10 | Exec sco_DiccionariodeDatos @nmtabla_param='tb_parametros'
15/10/2015 12:01:10 |  SELECT tb_parametros.dsParametro ,tb_parametros.vlParametro ,tb_parametros.tpParametro ,tb_parametros.flEditable ,tb_parametros.nrTamanio ,tb_parametros.dtActualizacion  FROM tb_parametros  WHERE tb_parametros.dsParametro = 'PUESTO_FACTURACION_ND'  
15/10/2015 12:01:10 |  SELECT tb_parametros.dsParametro ,tb_parametros.vlParametro ,tb_parametros.tpParametro ,tb_parametros.flEditable ,tb_parametros.nrTamanio ,tb_parametros.dtActualizacion  FROM tb_parametros  WHERE tb_parametros.dsParametro = 'PUESTO_FACTURACION_ND'  
15/10/2015 12:01:10 | Exec sco_DiccionariodeDatos @nmtabla_param='spu_obtener_puntosdeventa_facturacion_v2_0'
15/10/2015 12:01:10 | Exec spu_obtener_puntosdeventa_facturacion_v2_0 @nrPuesto_param = 4 ,@tipo_iva = 'CF' ,@auto_impresor = 'S' ,@tpFormadePago = 'Contado' ,@tpComprobante = 'ND' 
15/10/2015 12:06:40 | Exec sco_DiccionariodeDatos @nmtabla_param='tb_parametros'
15/10/2015 12:06:41 |  SELECT tb_parametros.dsParametro ,tb_parametros.vlParametro ,tb_parametros.tpParametro ,tb_parametros.flEditable ,tb_parametros.nrTamanio ,tb_parametros.dtActualizacion  FROM tb_parametros  WHERE tb_parametros.dsParametro = 'PUESTO_FACTURACION_ND'  
15/10/2015 12:06:41 |  SELECT tb_parametros.dsParametro ,tb_parametros.vlParametro ,tb_parametros.tpParametro ,tb_parametros.flEditable ,tb_parametros.nrTamanio ,tb_parametros.dtActualizacion  FROM tb_parametros  WHERE tb_parametros.dsParametro = 'PUESTO_FACTURACION_ND'  
15/10/2015 12:06:41 | Exec sco_DiccionariodeDatos @nmtabla_param='spu_obtener_puntosdeventa_facturacion_v2_0'
15/10/2015 12:06:41 | Exec spu_obtener_puntosdeventa_facturacion_v2_0 @nrPuesto_param = 4 ,@tipo_iva = 'CF' ,@auto_impresor = 'S' ,@tpFormadePago = 'Contado' ,@tpComprobante = 'ND' 
15/10/2015 12:07:00 |  SELECT tb_parametros.dsParametro ,tb_parametros.vlParametro ,tb_parametros.tpParametro ,tb_parametros.flEditable ,tb_parametros.nrTamanio ,tb_parametros.dtActualizacion  FROM tb_parametros  WHERE tb_parametros.dsParametro = 'PUESTO_FACTURACION_ND'  
15/10/2015 12:07:00 |  SELECT tb_parametros.dsParametro ,tb_parametros.vlParametro ,tb_parametros.tpParametro ,tb_parametros.flEditable ,tb_parametros.nrTamanio ,tb_parametros.dtActualizacion  FROM tb_parametros  WHERE tb_parametros.dsParametro = 'PUESTO_FACTURACION_ND'  
15/10/2015 12:07:00 | Exec spu_obtener_puntosdeventa_facturacion_v2_0 @nrPuesto_param = 4 ,@tipo_iva = 'CF' ,@auto_impresor = 'S' ,@tpFormadePago = 'Cuenta Corriente' ,@tpComprobante = 'ND' 
15/10/2015 12:07:43 | Exec sco_DiccionariodeDatos @nmtabla_param='tb_parametros'
15/10/2015 12:07:43 |  SELECT tb_parametros.dsParametro ,tb_parametros.vlParametro ,tb_parametros.tpParametro ,tb_parametros.flEditable ,tb_parametros.nrTamanio ,tb_parametros.dtActualizacion  FROM tb_parametros  WHERE tb_parametros.dsParametro = 'PUESTO_FACTURACION_ND'  
15/10/2015 12:07:43 |  SELECT tb_parametros.dsParametro ,tb_parametros.vlParametro ,tb_parametros.tpParametro ,tb_parametros.flEditable ,tb_parametros.nrTamanio ,tb_parametros.dtActualizacion  FROM tb_parametros  WHERE tb_parametros.dsParametro = 'PUESTO_FACTURACION_ND'  
15/10/2015 12:07:43 | Exec sco_DiccionariodeDatos @nmtabla_param='spu_obtener_puntosdeventa_facturacion_v2_0'
15/10/2015 12:07:43 | Exec spu_obtener_puntosdeventa_facturacion_v2_0 @nrPuesto_param = 4 ,@tipo_iva = 'CF' ,@auto_impresor = 'S' ,@tpFormadePago = 'Contado' ,@tpComprobante = 'ND' 
15/10/2015 12:07:43 |  SELECT tb_parametros.dsParametro ,tb_parametros.vlParametro ,tb_parametros.tpParametro ,tb_parametros.flEditable ,tb_parametros.nrTamanio ,tb_parametros.dtActualizacion  FROM tb_parametros  WHERE tb_parametros.dsParametro = 'PUESTO_FACTURACION_ND'  
15/10/2015 12:07:43 |  SELECT tb_parametros.dsParametro ,tb_parametros.vlParametro ,tb_parametros.tpParametro ,tb_parametros.flEditable ,tb_parametros.nrTamanio ,tb_parametros.dtActualizacion  FROM tb_parametros  WHERE tb_parametros.dsParametro = 'PUESTO_FACTURACION_ND'  
15/10/2015 12:07:43 | Exec spu_obtener_puntosdeventa_facturacion_v2_0 @nrPuesto_param = 4 ,@tipo_iva = 'CF' ,@auto_impresor = 'S' ,@tpFormadePago = 'Cuenta Corriente' ,@tpComprobante = 'ND' 
15/10/2015 12:08:04 | Exec sco_DiccionariodeDatos @nmtabla_param='tb_parametros'
15/10/2015 12:08:04 |  SELECT tb_parametros.dsParametro ,tb_parametros.vlParametro ,tb_parametros.tpParametro ,tb_parametros.flEditable ,tb_parametros.nrTamanio ,tb_parametros.dtActualizacion  FROM tb_parametros  WHERE tb_parametros.dsParametro = 'PUESTO_FACTURACION_ND'  
15/10/2015 12:08:04 |  SELECT tb_parametros.dsParametro ,tb_parametros.vlParametro ,tb_parametros.tpParametro ,tb_parametros.flEditable ,tb_parametros.nrTamanio ,tb_parametros.dtActualizacion  FROM tb_parametros  WHERE tb_parametros.dsParametro = 'PUESTO_FACTURACION_ND'  
15/10/2015 12:08:05 | Exec sco_DiccionariodeDatos @nmtabla_param='spu_obtener_puntosdeventa_facturacion_v2_0'
15/10/2015 12:08:05 | Exec spu_obtener_puntosdeventa_facturacion_v2_0 @nrPuesto_param = 4 ,@tipo_iva = 'CF' ,@auto_impresor = 'S' ,@tpFormadePago = 'Contado' ,@tpComprobante = 'ND' 
15/10/2015 12:08:05 |  SELECT tb_parametros.dsParametro ,tb_parametros.vlParametro ,tb_parametros.tpParametro ,tb_parametros.flEditable ,tb_parametros.nrTamanio ,tb_parametros.dtActualizacion  FROM tb_parametros  WHERE tb_parametros.dsParametro = 'PUESTO_FACTURACION_ND'  
15/10/2015 12:08:05 |  SELECT tb_parametros.dsParametro ,tb_parametros.vlParametro ,tb_parametros.tpParametro ,tb_parametros.flEditable ,tb_parametros.nrTamanio ,tb_parametros.dtActualizacion  FROM tb_parametros  WHERE tb_parametros.dsParametro = 'PUESTO_FACTURACION_ND'  
15/10/2015 12:08:05 | Exec spu_obtener_puntosdeventa_facturacion_v2_0 @nrPuesto_param = 4 ,@tipo_iva = 'CF' ,@auto_impresor = 'S' ,@tpFormadePago = 'Cuenta Corriente' ,@tpComprobante = 'ND' 
15/10/2015 12:08:37 | Exec sco_DiccionariodeDatos @nmtabla_param='tb_parametros'
15/10/2015 12:08:37 |  SELECT tb_parametros.dsParametro ,tb_parametros.vlParametro ,tb_parametros.tpParametro ,tb_parametros.flEditable ,tb_parametros.nrTamanio ,tb_parametros.dtActualizacion  FROM tb_parametros  WHERE tb_parametros.dsParametro = 'PUESTO_FACTURACION_ND'  
15/10/2015 12:08:37 |  SELECT tb_parametros.dsParametro ,tb_parametros.vlParametro ,tb_parametros.tpParametro ,tb_parametros.flEditable ,tb_parametros.nrTamanio ,tb_parametros.dtActualizacion  FROM tb_parametros  WHERE tb_parametros.dsParametro = 'PUESTO_FACTURACION_ND'  
15/10/2015 12:08:37 | Exec sco_DiccionariodeDatos @nmtabla_param='spu_obtener_puntosdeventa_facturacion_v2_0'
15/10/2015 12:08:37 | Exec spu_obtener_puntosdeventa_facturacion_v2_0 @nrPuesto_param = 4 ,@tipo_iva = 'CF' ,@auto_impresor = 'S' ,@tpFormadePago = 'Contado' ,@tpComprobante = 'ND' 
15/10/2015 12:08:37 |  SELECT tb_parametros.dsParametro ,tb_parametros.vlParametro ,tb_parametros.tpParametro ,tb_parametros.flEditable ,tb_parametros.nrTamanio ,tb_parametros.dtActualizacion  FROM tb_parametros  WHERE tb_parametros.dsParametro = 'PUESTO_FACTURACION_ND'  
15/10/2015 12:08:37 |  SELECT tb_parametros.dsParametro ,tb_parametros.vlParametro ,tb_parametros.tpParametro ,tb_parametros.flEditable ,tb_parametros.nrTamanio ,tb_parametros.dtActualizacion  FROM tb_parametros  WHERE tb_parametros.dsParametro = 'PUESTO_FACTURACION_ND'  
15/10/2015 12:08:37 | Exec spu_obtener_puntosdeventa_facturacion_v2_0 @nrPuesto_param = 4 ,@tipo_iva = 'CF' ,@auto_impresor = 'S' ,@tpFormadePago = 'Cuenta Corriente' ,@tpComprobante = 'ND' 
15/10/2015 15:46:22 | Exec sco_DiccionariodeDatos @nmtabla_param='tb_parametros'
15/10/2015 15:46:22 |  SELECT tb_parametros.dsParametro ,tb_parametros.vlParametro ,tb_parametros.tpParametro ,tb_parametros.flEditable ,tb_parametros.nrTamanio ,tb_parametros.dtActualizacion  FROM tb_parametros  WHERE tb_parametros.dsParametro = 'PUESTO_FACTURACION_ND'  
15/10/2015 15:46:22 |  SELECT tb_parametros.dsParametro ,tb_parametros.vlParametro ,tb_parametros.tpParametro ,tb_parametros.flEditable ,tb_parametros.nrTamanio ,tb_parametros.dtActualizacion  FROM tb_parametros  WHERE tb_parametros.dsParametro = 'PUESTO_FACTURACION_ND'  
15/10/2015 15:46:22 | Exec sco_DiccionariodeDatos @nmtabla_param='spu_obtener_puntosdeventa_facturacion_v2_0'
15/10/2015 15:46:23 | Exec spu_obtener_puntosdeventa_facturacion_v2_0 @nrPuesto_param = 4 ,@tipo_iva = 'CF' ,@auto_impresor = 'S' ,@tpFormadePago = 'Contado' ,@tpComprobante = 'ND' 
15/10/2015 15:46:23 |  SELECT tb_parametros.dsParametro ,tb_parametros.vlParametro ,tb_parametros.tpParametro ,tb_parametros.flEditable ,tb_parametros.nrTamanio ,tb_parametros.dtActualizacion  FROM tb_parametros  WHERE tb_parametros.dsParametro = 'PUESTO_FACTURACION_ND'  
15/10/2015 15:46:23 |  SELECT tb_parametros.dsParametro ,tb_parametros.vlParametro ,tb_parametros.tpParametro ,tb_parametros.flEditable ,tb_parametros.nrTamanio ,tb_parametros.dtActualizacion  FROM tb_parametros  WHERE tb_parametros.dsParametro = 'PUESTO_FACTURACION_ND'  
15/10/2015 15:46:23 | Exec spu_obtener_puntosdeventa_facturacion_v2_0 @nrPuesto_param = 4 ,@tipo_iva = 'CF' ,@auto_impresor = 'S' ,@tpFormadePago = 'Cuenta Corriente' ,@tpComprobante = 'ND' 
15/10/2015 15:47:01 |  SELECT tb_parametros.dsParametro ,tb_parametros.vlParametro ,tb_parametros.tpParametro ,tb_parametros.flEditable ,tb_parametros.nrTamanio ,tb_parametros.dtActualizacion  FROM tb_parametros  WHERE tb_parametros.dsParametro = 'PUESTO_FACTURACION_ND'  
15/10/2015 15:47:01 |  SELECT tb_parametros.dsParametro ,tb_parametros.vlParametro ,tb_parametros.tpParametro ,tb_parametros.flEditable ,tb_parametros.nrTamanio ,tb_parametros.dtActualizacion  FROM tb_parametros  WHERE tb_parametros.dsParametro = 'PUESTO_FACTURACION_ND'  
15/10/2015 15:47:01 | Exec sco_DiccionariodeDatos @nmtabla_param='sco_Puestos_v4_2'
15/10/2015 15:47:02 | Exec sco_Puestos_v4_2 @nrPuesto_param = 4 
15/10/2015 15:49:32 | Exec sco_DiccionariodeDatos @nmtabla_param='tb_parametros'
15/10/2015 15:49:32 |  SELECT tb_parametros.dsParametro ,tb_parametros.vlParametro ,tb_parametros.tpParametro ,tb_parametros.flEditable ,tb_parametros.nrTamanio ,tb_parametros.dtActualizacion  FROM tb_parametros  WHERE tb_parametros.dsParametro = 'PUESTO_FACTURACION_ND'  
15/10/2015 15:49:32 |  SELECT tb_parametros.dsParametro ,tb_parametros.vlParametro ,tb_parametros.tpParametro ,tb_parametros.flEditable ,tb_parametros.nrTamanio ,tb_parametros.dtActualizacion  FROM tb_parametros  WHERE tb_parametros.dsParametro = 'PUESTO_FACTURACION_ND'  
15/10/2015 15:49:32 | Exec sco_DiccionariodeDatos @nmtabla_param='spu_obtener_puntosdeventa_facturacion_v2_0'
15/10/2015 15:49:32 | Exec spu_obtener_puntosdeventa_facturacion_v2_0 @nrPuesto_param = 4 ,@tipo_iva = 'CF' ,@auto_impresor = 'S' ,@tpFormadePago = 'Contado' ,@tpComprobante = 'ND' 
15/10/2015 15:49:32 |  SELECT tb_parametros.dsParametro ,tb_parametros.vlParametro ,tb_parametros.tpParametro ,tb_parametros.flEditable ,tb_parametros.nrTamanio ,tb_parametros.dtActualizacion  FROM tb_parametros  WHERE tb_parametros.dsParametro = 'PUESTO_FACTURACION_ND'  
15/10/2015 15:49:32 |  SELECT tb_parametros.dsParametro ,tb_parametros.vlParametro ,tb_parametros.tpParametro ,tb_parametros.flEditable ,tb_parametros.nrTamanio ,tb_parametros.dtActualizacion  FROM tb_parametros  WHERE tb_parametros.dsParametro = 'PUESTO_FACTURACION_ND'  
15/10/2015 15:49:32 | Exec spu_obtener_puntosdeventa_facturacion_v2_0 @nrPuesto_param = 4 ,@tipo_iva = 'CF' ,@auto_impresor = 'S' ,@tpFormadePago = 'Cuenta Corriente' ,@tpComprobante = 'ND' 
15/10/2015 15:49:32 |  SELECT tb_parametros.dsParametro ,tb_parametros.vlParametro ,tb_parametros.tpParametro ,tb_parametros.flEditable ,tb_parametros.nrTamanio ,tb_parametros.dtActualizacion  FROM tb_parametros  WHERE tb_parametros.dsParametro = 'PUESTO_FACTURACION_ND'  
15/10/2015 15:49:32 |  SELECT tb_parametros.dsParametro ,tb_parametros.vlParametro ,tb_parametros.tpParametro ,tb_parametros.flEditable ,tb_parametros.nrTamanio ,tb_parametros.dtActualizacion  FROM tb_parametros  WHERE tb_parametros.dsParametro = 'PUESTO_FACTURACION_ND'  
15/10/2015 15:49:32 | Exec sco_DiccionariodeDatos @nmtabla_param='sco_Puestos_v4_2'
15/10/2015 15:49:32 | Exec sco_Puestos_v4_2 @nrPuesto_param = 4 
15/10/2015 15:49:54 | Exec sco_DiccionariodeDatos @nmtabla_param='tb_parametros'
15/10/2015 15:49:54 |  SELECT tb_parametros.dsParametro ,tb_parametros.vlParametro ,tb_parametros.tpParametro ,tb_parametros.flEditable ,tb_parametros.nrTamanio ,tb_parametros.dtActualizacion  FROM tb_parametros  WHERE tb_parametros.dsParametro = 'PUESTO_FACTURACION_ND'  
15/10/2015 15:49:54 |  SELECT tb_parametros.dsParametro ,tb_parametros.vlParametro ,tb_parametros.tpParametro ,tb_parametros.flEditable ,tb_parametros.nrTamanio ,tb_parametros.dtActualizacion  FROM tb_parametros  WHERE tb_parametros.dsParametro = 'PUESTO_FACTURACION_ND'  
15/10/2015 15:49:54 | Exec sco_DiccionariodeDatos @nmtabla_param='spu_obtener_puntosdeventa_facturacion_v2_0'
15/10/2015 15:49:54 | Exec spu_obtener_puntosdeventa_facturacion_v2_0 @nrPuesto_param = 4 ,@tipo_iva = 'CF' ,@auto_impresor = 'S' ,@tpFormadePago = 'Contado' ,@tpComprobante = 'ND' 
15/10/2015 15:49:54 |  SELECT tb_parametros.dsParametro ,tb_parametros.vlParametro ,tb_parametros.tpParametro ,tb_parametros.flEditable ,tb_parametros.nrTamanio ,tb_parametros.dtActualizacion  FROM tb_parametros  WHERE tb_parametros.dsParametro = 'PUESTO_FACTURACION_ND'  
15/10/2015 15:49:54 |  SELECT tb_parametros.dsParametro ,tb_parametros.vlParametro ,tb_parametros.tpParametro ,tb_parametros.flEditable ,tb_parametros.nrTamanio ,tb_parametros.dtActualizacion  FROM tb_parametros  WHERE tb_parametros.dsParametro = 'PUESTO_FACTURACION_ND'  
15/10/2015 15:49:54 | Exec spu_obtener_puntosdeventa_facturacion_v2_0 @nrPuesto_param = 4 ,@tipo_iva = 'CF' ,@auto_impresor = 'S' ,@tpFormadePago = 'Cuenta Corriente' ,@tpComprobante = 'ND' 
15/10/2015 15:49:54 |  SELECT tb_parametros.dsParametro ,tb_parametros.vlParametro ,tb_parametros.tpParametro ,tb_parametros.flEditable ,tb_parametros.nrTamanio ,tb_parametros.dtActualizacion  FROM tb_parametros  WHERE tb_parametros.dsParametro = 'PUESTO_FACTURACION_ND'  
15/10/2015 15:49:54 |  SELECT tb_parametros.dsParametro ,tb_parametros.vlParametro ,tb_parametros.tpParametro ,tb_parametros.flEditable ,tb_parametros.nrTamanio ,tb_parametros.dtActualizacion  FROM tb_parametros  WHERE tb_parametros.dsParametro = 'PUESTO_FACTURACION_ND'  
15/10/2015 15:49:54 | Exec sco_DiccionariodeDatos @nmtabla_param='sco_Puestos_v4_2'
15/10/2015 15:49:54 | Exec sco_Puestos_v4_2 @nrPuesto_param = 4 
15/10/2015 15:50:12 | Exec sco_DiccionariodeDatos @nmtabla_param='tb_parametros'
15/10/2015 15:50:12 |  SELECT tb_parametros.dsParametro ,tb_parametros.vlParametro ,tb_parametros.tpParametro ,tb_parametros.flEditable ,tb_parametros.nrTamanio ,tb_parametros.dtActualizacion  FROM tb_parametros  WHERE tb_parametros.dsParametro = 'PUESTO_FACTURACION_ND'  
15/10/2015 15:50:12 |  SELECT tb_parametros.dsParametro ,tb_parametros.vlParametro ,tb_parametros.tpParametro ,tb_parametros.flEditable ,tb_parametros.nrTamanio ,tb_parametros.dtActualizacion  FROM tb_parametros  WHERE tb_parametros.dsParametro = 'PUESTO_FACTURACION_ND'  
15/10/2015 15:50:12 | Exec sco_DiccionariodeDatos @nmtabla_param='spu_obtener_puntosdeventa_facturacion_v2_0'
15/10/2015 15:50:12 | Exec spu_obtener_puntosdeventa_facturacion_v2_0 @nrPuesto_param = 4 ,@tipo_iva = 'CF' ,@auto_impresor = 'S' ,@tpFormadePago = 'Contado' ,@tpComprobante = 'ND' 
15/10/2015 15:50:12 |  SELECT tb_parametros.dsParametro ,tb_parametros.vlParametro ,tb_parametros.tpParametro ,tb_parametros.flEditable ,tb_parametros.nrTamanio ,tb_parametros.dtActualizacion  FROM tb_parametros  WHERE tb_parametros.dsParametro = 'PUESTO_FACTURACION_ND'  
15/10/2015 15:50:12 |  SELECT tb_parametros.dsParametro ,tb_parametros.vlParametro ,tb_parametros.tpParametro ,tb_parametros.flEditable ,tb_parametros.nrTamanio ,tb_parametros.dtActualizacion  FROM tb_parametros  WHERE tb_parametros.dsParametro = 'PUESTO_FACTURACION_ND'  
15/10/2015 15:50:13 | Exec spu_obtener_puntosdeventa_facturacion_v2_0 @nrPuesto_param = 4 ,@tipo_iva = 'CF' ,@auto_impresor = 'S' ,@tpFormadePago = 'Cuenta Corriente' ,@tpComprobante = 'ND' 
15/10/2015 15:50:13 |  SELECT tb_parametros.dsParametro ,tb_parametros.vlParametro ,tb_parametros.tpParametro ,tb_parametros.flEditable ,tb_parametros.nrTamanio ,tb_parametros.dtActualizacion  FROM tb_parametros  WHERE tb_parametros.dsParametro = 'PUESTO_FACTURACION_ND'  
15/10/2015 15:50:13 |  SELECT tb_parametros.dsParametro ,tb_parametros.vlParametro ,tb_parametros.tpParametro ,tb_parametros.flEditable ,tb_parametros.nrTamanio ,tb_parametros.dtActualizacion  FROM tb_parametros  WHERE tb_parametros.dsParametro = 'PUESTO_FACTURACION_ND'  
15/10/2015 15:50:13 | Exec sco_DiccionariodeDatos @nmtabla_param='sco_Puestos_v4_2'
15/10/2015 15:50:13 | Exec sco_Puestos_v4_2 @nrPuesto_param = 4 
15/10/2015 15:54:47 | Exec sco_DiccionariodeDatos @nmtabla_param='tb_parametros'
15/10/2015 15:54:47 |  SELECT tb_parametros.dsParametro ,tb_parametros.vlParametro ,tb_parametros.tpParametro ,tb_parametros.flEditable ,tb_parametros.nrTamanio ,tb_parametros.dtActualizacion  FROM tb_parametros  WHERE tb_parametros.dsParametro = 'PUESTO_FACTURACION_ND'  
15/10/2015 15:54:47 |  SELECT tb_parametros.dsParametro ,tb_parametros.vlParametro ,tb_parametros.tpParametro ,tb_parametros.flEditable ,tb_parametros.nrTamanio ,tb_parametros.dtActualizacion  FROM tb_parametros  WHERE tb_parametros.dsParametro = 'PUESTO_FACTURACION_ND'  
15/10/2015 15:54:47 | Exec sco_DiccionariodeDatos @nmtabla_param='spu_obtener_puntosdeventa_facturacion_v2_0'
15/10/2015 15:54:47 | Exec spu_obtener_puntosdeventa_facturacion_v2_0 @nrPuesto_param = 4 ,@tipo_iva = 'CF' ,@auto_impresor = 'S' ,@tpFormadePago = 'Contado' ,@tpComprobante = 'ND' 
15/10/2015 15:54:47 |  SELECT tb_parametros.dsParametro ,tb_parametros.vlParametro ,tb_parametros.tpParametro ,tb_parametros.flEditable ,tb_parametros.nrTamanio ,tb_parametros.dtActualizacion  FROM tb_parametros  WHERE tb_parametros.dsParametro = 'PUESTO_FACTURACION_ND'  
15/10/2015 15:54:47 |  SELECT tb_parametros.dsParametro ,tb_parametros.vlParametro ,tb_parametros.tpParametro ,tb_parametros.flEditable ,tb_parametros.nrTamanio ,tb_parametros.dtActualizacion  FROM tb_parametros  WHERE tb_parametros.dsParametro = 'PUESTO_FACTURACION_ND'  
15/10/2015 15:54:47 | Exec spu_obtener_puntosdeventa_facturacion_v2_0 @nrPuesto_param = 4 ,@tipo_iva = 'CF' ,@auto_impresor = 'S' ,@tpFormadePago = 'Cuenta Corriente' ,@tpComprobante = 'ND' 
15/10/2015 15:54:48 |  SELECT tb_parametros.dsParametro ,tb_parametros.vlParametro ,tb_parametros.tpParametro ,tb_parametros.flEditable ,tb_parametros.nrTamanio ,tb_parametros.dtActualizacion  FROM tb_parametros  WHERE tb_parametros.dsParametro = 'PUESTO_FACTURACION_ND'  
15/10/2015 15:54:48 |  SELECT tb_parametros.dsParametro ,tb_parametros.vlParametro ,tb_parametros.tpParametro ,tb_parametros.flEditable ,tb_parametros.nrTamanio ,tb_parametros.dtActualizacion  FROM tb_parametros  WHERE tb_parametros.dsParametro = 'PUESTO_FACTURACION_ND'  
15/10/2015 15:54:48 | Exec sco_DiccionariodeDatos @nmtabla_param='sco_Puestos_v4_2'
15/10/2015 15:54:48 | Exec sco_Puestos_v4_2 @nrPuesto_param = 4 
15/10/2015 15:55:01 | Exec sco_DiccionariodeDatos @nmtabla_param='tb_parametros'
15/10/2015 15:55:01 |  SELECT tb_parametros.dsParametro ,tb_parametros.vlParametro ,tb_parametros.tpParametro ,tb_parametros.flEditable ,tb_parametros.nrTamanio ,tb_parametros.dtActualizacion  FROM tb_parametros  WHERE tb_parametros.dsParametro = 'PUESTO_FACTURACION_ND'  
15/10/2015 15:55:01 |  SELECT tb_parametros.dsParametro ,tb_parametros.vlParametro ,tb_parametros.tpParametro ,tb_parametros.flEditable ,tb_parametros.nrTamanio ,tb_parametros.dtActualizacion  FROM tb_parametros  WHERE tb_parametros.dsParametro = 'PUESTO_FACTURACION_ND'  
15/10/2015 15:55:01 | Exec sco_DiccionariodeDatos @nmtabla_param='spu_obtener_puntosdeventa_facturacion_v2_0'
15/10/2015 15:55:01 | Exec spu_obtener_puntosdeventa_facturacion_v2_0 @nrPuesto_param = 4 ,@tipo_iva = 'CF' ,@auto_impresor = 'S' ,@tpFormadePago = 'Contado' ,@tpComprobante = 'ND' 
15/10/2015 15:55:01 |  SELECT tb_parametros.dsParametro ,tb_parametros.vlParametro ,tb_parametros.tpParametro ,tb_parametros.flEditable ,tb_parametros.nrTamanio ,tb_parametros.dtActualizacion  FROM tb_parametros  WHERE tb_parametros.dsParametro = 'PUESTO_FACTURACION_ND'  
15/10/2015 15:55:01 |  SELECT tb_parametros.dsParametro ,tb_parametros.vlParametro ,tb_parametros.tpParametro ,tb_parametros.flEditable ,tb_parametros.nrTamanio ,tb_parametros.dtActualizacion  FROM tb_parametros  WHERE tb_parametros.dsParametro = 'PUESTO_FACTURACION_ND'  
15/10/2015 15:55:01 | Exec spu_obtener_puntosdeventa_facturacion_v2_0 @nrPuesto_param = 4 ,@tipo_iva = 'CF' ,@auto_impresor = 'S' ,@tpFormadePago = 'Cuenta Corriente' ,@tpComprobante = 'ND' 
15/10/2015 15:55:04 |  SELECT tb_parametros.dsParametro ,tb_parametros.vlParametro ,tb_parametros.tpParametro ,tb_parametros.flEditable ,tb_parametros.nrTamanio ,tb_parametros.dtActualizacion  FROM tb_parametros  WHERE tb_parametros.dsParametro = 'PUESTO_FACTURACION_ND'  
15/10/2015 15:55:04 |  SELECT tb_parametros.dsParametro ,tb_parametros.vlParametro ,tb_parametros.tpParametro ,tb_parametros.flEditable ,tb_parametros.nrTamanio ,tb_parametros.dtActualizacion  FROM tb_parametros  WHERE tb_parametros.dsParametro = 'PUESTO_FACTURACION_ND'  
15/10/2015 15:55:04 | Exec sco_DiccionariodeDatos @nmtabla_param='sco_Puestos_v4_2'
15/10/2015 15:55:04 | Exec sco_Puestos_v4_2 @nrPuesto_param = 4 
15/10/2015 16:02:30 | Exec sco_DiccionariodeDatos @nmtabla_param='tb_parametros'
15/10/2015 16:02:30 |  SELECT tb_parametros.dsParametro ,tb_parametros.vlParametro ,tb_parametros.tpParametro ,tb_parametros.flEditable ,tb_parametros.nrTamanio ,tb_parametros.dtActualizacion  FROM tb_parametros  WHERE tb_parametros.dsParametro = 'PUESTO_FACTURACION_ND'  
15/10/2015 16:02:30 |  SELECT tb_parametros.dsParametro ,tb_parametros.vlParametro ,tb_parametros.tpParametro ,tb_parametros.flEditable ,tb_parametros.nrTamanio ,tb_parametros.dtActualizacion  FROM tb_parametros  WHERE tb_parametros.dsParametro = 'PUESTO_FACTURACION_ND'  
15/10/2015 16:02:31 | Exec sco_DiccionariodeDatos @nmtabla_param='spu_obtener_puntosdeventa_facturacion_v2_0'
15/10/2015 16:02:31 | Exec spu_obtener_puntosdeventa_facturacion_v2_0 @nrPuesto_param = 4 ,@tipo_iva = 'CF' ,@auto_impresor = 'S' ,@tpFormadePago = 'Contado' ,@tpComprobante = 'ND' 
15/10/2015 16:02:31 |  SELECT tb_parametros.dsParametro ,tb_parametros.vlParametro ,tb_parametros.tpParametro ,tb_parametros.flEditable ,tb_parametros.nrTamanio ,tb_parametros.dtActualizacion  FROM tb_parametros  WHERE tb_parametros.dsParametro = 'PUESTO_FACTURACION_ND'  
15/10/2015 16:02:31 |  SELECT tb_parametros.dsParametro ,tb_parametros.vlParametro ,tb_parametros.tpParametro ,tb_parametros.flEditable ,tb_parametros.nrTamanio ,tb_parametros.dtActualizacion  FROM tb_parametros  WHERE tb_parametros.dsParametro = 'PUESTO_FACTURACION_ND'  
15/10/2015 16:02:31 | Exec spu_obtener_puntosdeventa_facturacion_v2_0 @nrPuesto_param = 4 ,@tipo_iva = 'CF' ,@auto_impresor = 'S' ,@tpFormadePago = 'Cuenta Corriente' ,@tpComprobante = 'ND' 
15/10/2015 16:02:31 |  SELECT tb_parametros.dsParametro ,tb_parametros.vlParametro ,tb_parametros.tpParametro ,tb_parametros.flEditable ,tb_parametros.nrTamanio ,tb_parametros.dtActualizacion  FROM tb_parametros  WHERE tb_parametros.dsParametro = 'PUESTO_FACTURACION_ND'  
15/10/2015 16:02:31 |  SELECT tb_parametros.dsParametro ,tb_parametros.vlParametro ,tb_parametros.tpParametro ,tb_parametros.flEditable ,tb_parametros.nrTamanio ,tb_parametros.dtActualizacion  FROM tb_parametros  WHERE tb_parametros.dsParametro = 'PUESTO_FACTURACION_ND'  
15/10/2015 16:02:31 | Exec sco_DiccionariodeDatos @nmtabla_param='sco_Puestos_v4_2'
15/10/2015 16:02:31 | Exec sco_Puestos_v4_2 @nrPuesto_param = 4 
15/10/2015 16:02:43 | Exec sco_DiccionariodeDatos @nmtabla_param='tb_parametros'
15/10/2015 16:02:43 |  SELECT tb_parametros.dsParametro ,tb_parametros.vlParametro ,tb_parametros.tpParametro ,tb_parametros.flEditable ,tb_parametros.nrTamanio ,tb_parametros.dtActualizacion  FROM tb_parametros  WHERE tb_parametros.dsParametro = 'PUESTO_FACTURACION_ND'  
15/10/2015 16:02:44 |  SELECT tb_parametros.dsParametro ,tb_parametros.vlParametro ,tb_parametros.tpParametro ,tb_parametros.flEditable ,tb_parametros.nrTamanio ,tb_parametros.dtActualizacion  FROM tb_parametros  WHERE tb_parametros.dsParametro = 'PUESTO_FACTURACION_ND'  
15/10/2015 16:02:44 | Exec sco_DiccionariodeDatos @nmtabla_param='spu_obtener_puntosdeventa_facturacion_v2_0'
15/10/2015 16:02:44 | Exec spu_obtener_puntosdeventa_facturacion_v2_0 @nrPuesto_param = 4 ,@tipo_iva = 'CF' ,@auto_impresor = 'S' ,@tpFormadePago = 'Contado' ,@tpComprobante = 'ND' 
15/10/2015 16:02:44 |  SELECT tb_parametros.dsParametro ,tb_parametros.vlParametro ,tb_parametros.tpParametro ,tb_parametros.flEditable ,tb_parametros.nrTamanio ,tb_parametros.dtActualizacion  FROM tb_parametros  WHERE tb_parametros.dsParametro = 'PUESTO_FACTURACION_ND'  
15/10/2015 16:02:44 |  SELECT tb_parametros.dsParametro ,tb_parametros.vlParametro ,tb_parametros.tpParametro ,tb_parametros.flEditable ,tb_parametros.nrTamanio ,tb_parametros.dtActualizacion  FROM tb_parametros  WHERE tb_parametros.dsParametro = 'PUESTO_FACTURACION_ND'  
15/10/2015 16:02:44 | Exec spu_obtener_puntosdeventa_facturacion_v2_0 @nrPuesto_param = 4 ,@tipo_iva = 'CF' ,@auto_impresor = 'S' ,@tpFormadePago = 'Cuenta Corriente' ,@tpComprobante = 'ND' 
15/10/2015 16:02:44 |  SELECT tb_parametros.dsParametro ,tb_parametros.vlParametro ,tb_parametros.tpParametro ,tb_parametros.flEditable ,tb_parametros.nrTamanio ,tb_parametros.dtActualizacion  FROM tb_parametros  WHERE tb_parametros.dsParametro = 'PUESTO_FACTURACION_ND'  
15/10/2015 16:02:44 |  SELECT tb_parametros.dsParametro ,tb_parametros.vlParametro ,tb_parametros.tpParametro ,tb_parametros.flEditable ,tb_parametros.nrTamanio ,tb_parametros.dtActualizacion  FROM tb_parametros  WHERE tb_parametros.dsParametro = 'PUESTO_FACTURACION_ND'  
15/10/2015 16:02:44 | Exec sco_DiccionariodeDatos @nmtabla_param='sco_Puestos_v4_2'
15/10/2015 16:02:44 | Exec sco_Puestos_v4_2 @nrPuesto_param = 4 
15/10/2015 17:33:41 | Exec sco_DiccionariodeDatos @nmtabla_param='tb_parametros'
15/10/2015 17:33:41 |  SELECT tb_parametros.dsParametro ,tb_parametros.vlParametro ,tb_parametros.tpParametro ,tb_parametros.flEditable ,tb_parametros.nrTamanio ,tb_parametros.dtActualizacion  FROM tb_parametros  WHERE tb_parametros.dsParametro = 'PUESTO_FACTURACION_ND'  
15/10/2015 17:33:42 |  SELECT tb_parametros.dsParametro ,tb_parametros.vlParametro ,tb_parametros.tpParametro ,tb_parametros.flEditable ,tb_parametros.nrTamanio ,tb_parametros.dtActualizacion  FROM tb_parametros  WHERE tb_parametros.dsParametro = 'PUESTO_FACTURACION_ND'  
15/10/2015 17:33:42 | Exec sco_DiccionariodeDatos @nmtabla_param='spu_obtener_puntosdeventa_facturacion_v2_0'
15/10/2015 17:33:42 | Exec spu_obtener_puntosdeventa_facturacion_v2_0 @nrPuesto_param = 4 ,@tipo_iva = 'CF' ,@auto_impresor = 'S' ,@tpFormadePago = 'Contado' ,@tpComprobante = 'ND' 
15/10/2015 17:33:42 |  SELECT tb_parametros.dsParametro ,tb_parametros.vlParametro ,tb_parametros.tpParametro ,tb_parametros.flEditable ,tb_parametros.nrTamanio ,tb_parametros.dtActualizacion  FROM tb_parametros  WHERE tb_parametros.dsParametro = 'PUESTO_FACTURACION_ND'  
15/10/2015 17:33:42 |  SELECT tb_parametros.dsParametro ,tb_parametros.vlParametro ,tb_parametros.tpParametro ,tb_parametros.flEditable ,tb_parametros.nrTamanio ,tb_parametros.dtActualizacion  FROM tb_parametros  WHERE tb_parametros.dsParametro = 'PUESTO_FACTURACION_ND'  
15/10/2015 17:33:42 | Exec spu_obtener_puntosdeventa_facturacion_v2_0 @nrPuesto_param = 4 ,@tipo_iva = 'CF' ,@auto_impresor = 'S' ,@tpFormadePago = 'Cuenta Corriente' ,@tpComprobante = 'ND' 
15/10/2015 17:33:42 |  SELECT tb_parametros.dsParametro ,tb_parametros.vlParametro ,tb_parametros.tpParametro ,tb_parametros.flEditable ,tb_parametros.nrTamanio ,tb_parametros.dtActualizacion  FROM tb_parametros  WHERE tb_parametros.dsParametro = 'PUESTO_FACTURACION_ND'  
15/10/2015 17:33:42 |  SELECT tb_parametros.dsParametro ,tb_parametros.vlParametro ,tb_parametros.tpParametro ,tb_parametros.flEditable ,tb_parametros.nrTamanio ,tb_parametros.dtActualizacion  FROM tb_parametros  WHERE tb_parametros.dsParametro = 'PUESTO_FACTURACION_ND'  
15/10/2015 17:33:42 | Exec sco_DiccionariodeDatos @nmtabla_param='sco_Puestos_v4_2'
15/10/2015 17:33:42 | Exec sco_Puestos_v4_2 @nrPuesto_param = 4 
15/10/2015 17:33:55 | Exec sco_DiccionariodeDatos @nmtabla_param='tb_parametros'
15/10/2015 17:33:55 |  SELECT tb_parametros.dsParametro ,tb_parametros.vlParametro ,tb_parametros.tpParametro ,tb_parametros.flEditable ,tb_parametros.nrTamanio ,tb_parametros.dtActualizacion  FROM tb_parametros  WHERE tb_parametros.dsParametro = 'PUESTO_FACTURACION_ND'  
15/10/2015 17:33:55 |  SELECT tb_parametros.dsParametro ,tb_parametros.vlParametro ,tb_parametros.tpParametro ,tb_parametros.flEditable ,tb_parametros.nrTamanio ,tb_parametros.dtActualizacion  FROM tb_parametros  WHERE tb_parametros.dsParametro = 'PUESTO_FACTURACION_ND'  
15/10/2015 17:33:55 | Exec sco_DiccionariodeDatos @nmtabla_param='spu_obtener_puntosdeventa_facturacion_v2_0'
15/10/2015 17:33:55 | Exec spu_obtener_puntosdeventa_facturacion_v2_0 @nrPuesto_param = 4 ,@tipo_iva = 'CF' ,@auto_impresor = 'S' ,@tpFormadePago = 'Contado' ,@tpComprobante = 'ND' 
15/10/2015 17:33:55 |  SELECT tb_parametros.dsParametro ,tb_parametros.vlParametro ,tb_parametros.tpParametro ,tb_parametros.flEditable ,tb_parametros.nrTamanio ,tb_parametros.dtActualizacion  FROM tb_parametros  WHERE tb_parametros.dsParametro = 'PUESTO_FACTURACION_ND'  
15/10/2015 17:33:55 |  SELECT tb_parametros.dsParametro ,tb_parametros.vlParametro ,tb_parametros.tpParametro ,tb_parametros.flEditable ,tb_parametros.nrTamanio ,tb_parametros.dtActualizacion  FROM tb_parametros  WHERE tb_parametros.dsParametro = 'PUESTO_FACTURACION_ND'  
15/10/2015 17:33:55 | Exec spu_obtener_puntosdeventa_facturacion_v2_0 @nrPuesto_param = 4 ,@tipo_iva = 'CF' ,@auto_impresor = 'S' ,@tpFormadePago = 'Cuenta Corriente' ,@tpComprobante = 'ND' 
15/10/2015 17:33:55 |  SELECT tb_parametros.dsParametro ,tb_parametros.vlParametro ,tb_parametros.tpParametro ,tb_parametros.flEditable ,tb_parametros.nrTamanio ,tb_parametros.dtActualizacion  FROM tb_parametros  WHERE tb_parametros.dsParametro = 'PUESTO_FACTURACION_ND'  
15/10/2015 17:33:55 |  SELECT tb_parametros.dsParametro ,tb_parametros.vlParametro ,tb_parametros.tpParametro ,tb_parametros.flEditable ,tb_parametros.nrTamanio ,tb_parametros.dtActualizacion  FROM tb_parametros  WHERE tb_parametros.dsParametro = 'PUESTO_FACTURACION_ND'  
15/10/2015 17:33:55 | Exec sco_DiccionariodeDatos @nmtabla_param='sco_Puestos_v4_2'
15/10/2015 17:33:55 | Exec sco_Puestos_v4_2 @nrPuesto_param = 4 
15/10/2015 17:34:32 | Exec  sco_TB_Productos_v4_1 
15/10/2015 17:34:39 | Exec sco_DiccionariodeDatos @nmtabla_param='TB_Usuarios'
15/10/2015 17:34:43 |  SELECT TB_Usuarios.dsUsuario ,TB_Usuarios.dspassword ,TB_Usuarios.tpAcceso ,TB_Usuarios.nmNombre ,TB_Usuarios.nmApellido ,TB_Usuarios.flBloqueado ,TB_Usuarios.tpNivelJerarquico  FROM TB_Usuarios  WHERE TB_Usuarios.dsUsuario = 'CAMILAP'  AND  TB_Usuarios.flEliminar = 0  
15/10/2015 17:34:43 |  SELECT TB_Usuarios.dsUsuario ,TB_Usuarios.dspassword ,TB_Usuarios.tpAcceso ,TB_Usuarios.nmNombre ,TB_Usuarios.nmApellido ,TB_Usuarios.flBloqueado ,TB_Usuarios.tpNivelJerarquico  FROM TB_Usuarios  WHERE TB_Usuarios.dsUsuario = 'CAMILAP'  AND  TB_Usuarios.flEliminar = 0  
15/10/2015 17:34:43 | Exec sco_DiccionariodeDatos @nmtabla_param='sp_obtenerCajasPendientesdeAprobacion_v2_5'
15/10/2015 17:34:44 | Exec sp_obtenerCajasPendientesdeAprobacion_v2_5 @pdsUsuario_param = 'CAMILAP' 
15/10/2015 17:34:44 | Exec sp_obtenerCajasRechazadas_v2_9 
15/10/2015 17:34:44 | Exec sco_DiccionariodeDatos @nmtabla_param='TB_Parametros'
15/10/2015 17:34:44 |  SELECT TB_Parametros.vlParametro  FROM TB_Parametros  WHERE TB_Parametros.dsParametro = 'VALOR EURO'  
15/10/2015 17:34:44 |  SELECT TB_Parametros.vlParametro  FROM TB_Parametros  WHERE TB_Parametros.dsParametro = 'VALOR DOLAR'  
15/10/2015 17:34:44 | Exec SP_ValorPromoRetorno
15/10/2015 17:34:44 | Exec sco_DiccionariodeDatos @nmtabla_param='TB_Comisiones'
15/10/2015 17:34:44 |  SELECT TB_Comisiones.vlMontoMinimo  FROM TB_Comisiones  WHERE TB_Comisiones.tpComision = 'Retorno'  AND  TB_Comisiones.flEliminar = 0  
15/10/2015 17:34:44 |  SELECT TB_Parametros.vlParametro  FROM TB_Parametros  WHERE TB_Parametros.dsParametro = 'VALOR REAL'  
15/10/2015 17:34:44 | Exec sco_DiccionariodeDatos @nmtabla_param='TB_Cajas'
15/10/2015 17:34:45 |  SELECT TB_Cajas.nrCaja  FROM TB_Cajas  WHERE TB_Cajas.dsUsuario = 'CAMILAP'  and  TB_Cajas.flEstado = 0  and  TB_Cajas.tpEstadoAprobacion IS NULL  and  TB_Cajas.nrcaja > 0  
15/10/2015 17:34:47 |  SELECT TB_Cajas.nrCaja ,TB_Cajas.vlTotalSaldoFinal ,TB_Cajas.nrPuesto ,TB_Cajas.dsUsuario ,TB_Cajas.vlSaldoInicialPesos ,TB_Cajas.dtApertura ,TB_Cajas.dtCierre ,TB_Cajas.vlDiaDolar ,TB_Cajas.vlDiaEuro ,TB_Cajas.vlSaldoInicialEuros ,TB_Cajas.vlSaldoInicialDolares ,TB_Cajas.vlSaldoFinalRealPesos ,TB_Cajas.vlTotalSaldoInicial ,TB_Cajas.dtObservacion ,TB_Cajas.vlCierrePesos ,TB_Cajas.vlSaldoFinalRealDolares ,TB_Cajas.vlSaldoFinalRealEuros ,TB_Cajas.vlTotalSaldoFinalReal ,TB_Cajas.vlCierreDolares ,TB_Cajas.vlCierreEuros ,TB_Cajas.dsObservacion ,TB_Cajas.vlDiaReal ,TB_Cajas.flEstado  FROM TB_Cajas  WHERE TB_Cajas.nrCaja = 9000003767  
15/10/2015 17:34:47 | Exec sco_DiccionariodeDatos @nmtabla_param='SP_SumaCajaADM_v2_9'
15/10/2015 17:34:48 | Exec SP_SumaCajaADM_v2_9 @nrCaja_param = 9000003767 ,@tpCaja_param = 'CA' ,@tpCajaImputacion_param = null 
15/10/2015 17:34:48 |  UPDATE TB_Cajas SET TB_Cajas.vlSaldoFinalRealPesos  = 1161922.00 ,TB_Cajas.vlSaldoFinalRealEuros  = 173.00 ,TB_Cajas.vlSaldoFinalRealDolares  = 163.00 ,TB_Cajas.vlCierrePesos  = 185167.1 ,TB_Cajas.vlCierreDolares  = 163 ,TB_Cajas.vlCierreEuros  = 173   WHERE TB_Cajas.nrCaja = 9000003767  
15/10/2015 17:34:50 |  UPDATE TB_Cajas SET TB_Cajas.nrCaja  = 9000003767 ,TB_Cajas.vlTotalSaldoFinal  = 188380.40 ,TB_Cajas.nrPuesto  = 9 ,TB_Cajas.dsUsuario  = 'CAMILAP' ,TB_Cajas.vlSaldoInicialPesos  = 976755.30 ,TB_Cajas.dtApertura  = '30/07/2015 07:02:46' ,TB_Cajas.dtCierre  = null ,TB_Cajas.vlDiaDolar  = 9.10 ,TB_Cajas.vlDiaEuro  = 10.00 ,TB_Cajas.vlSaldoInicialEuros  = 0.00 ,TB_Cajas.vlSaldoInicialDolares  = 0.00 ,TB_Cajas.vlSaldoFinalRealPesos  = 976755.30 ,TB_Cajas.vlTotalSaldoInicial  = 976755.30 ,TB_Cajas.dtObservacion  = '15/10/2015 05:34:50' ,TB_Cajas.vlCierrePesos  = 185167.1 ,TB_Cajas.vlSaldoFinalRealDolares  = 163.00 ,TB_Cajas.vlSaldoFinalRealEuros  = 173.00 ,TB_Cajas.vlTotalSaldoFinalReal  = 1165135.00 ,TB_Cajas.vlCierreDolares  = 163 ,TB_Cajas.vlCierreEuros  = 173 ,TB_Cajas.dsObservacion  = null ,TB_Cajas.vlDiaReal  = 3.21 ,TB_Cajas.flCajaAdm  = 1   WHERE TB_Cajas.nrCaja = 9000003767  
15/10/2015 17:34:50 | Exec sco_DiccionariodeDatos @nmtabla_param='VW_UltimaCajaAdm'
15/10/2015 17:34:50 |  SELECT VW_UltimaCajaAdm.nrCaja ,VW_UltimaCajaAdm.vlSaldoFinalRealPesos ,VW_UltimaCajaAdm.vlSaldoFinalRealEuros ,VW_UltimaCajaAdm.vlSaldoFinalRealDolares  FROM VW_UltimaCajaAdm 
15/10/2015 17:34:50 |  SELECT TB_Cajas.nrCaja  FROM TB_Cajas  WHERE TB_Cajas.nrCaja = 9000003767  AND  TB_Cajas.flEstado = 0  
15/10/2015 17:34:50 | Exec sco_DiccionariodeDatos @nmtabla_param='sco_cajapuesto_v3_9'
15/10/2015 17:34:51 | Exec sco_cajapuesto_v3_9 @nrCaja_param = 9000003766 
15/10/2015 17:34:51 | Exec sco_cajapuesto_v3_9 @nrCaja_param = 9000003767 
15/10/2015 17:34:51 | Exec sco_DiccionariodeDatos @nmtabla_param='spu_esdifporCotizacionImputadas_v3_9'
15/10/2015 17:34:51 | Exec spu_esdifporCotizacionImputadas_v3_9 @nrCajaAdmActual = 9000003767 
15/10/2015 17:34:51 | Exec sco_validarVencimientosCAI_v4_1
15/10/2015 17:34:53 | Exec sco_DiccionariodeDatos @nmtabla_param='sco_AccesosOpcionesMenu'
15/10/2015 17:34:53 | Exec sco_AccesosOpcionesMenu @p_tpNivelAcceso = 'Administracin' ,@p_operaconcaja = 1 
15/10/2015 17:34:53 | Exec sco_AccesosOpcionesMenu @p_tpNivelAcceso = 'Administracin' ,@p_operaconcaja = 1 
15/10/2015 17:35:02 | Exec sco_DiccionariodeDatos @nmtabla_param='tb_parametros'
15/10/2015 17:35:02 |  SELECT tb_parametros.dsParametro ,tb_parametros.vlParametro ,tb_parametros.tpParametro ,tb_parametros.flEditable ,tb_parametros.nrTamanio ,tb_parametros.dtActualizacion  FROM tb_parametros  WHERE tb_parametros.dsParametro = 'PUESTO_FACTURACION_ND'  
15/10/2015 17:35:02 |  SELECT tb_parametros.dsParametro ,tb_parametros.vlParametro ,tb_parametros.tpParametro ,tb_parametros.flEditable ,tb_parametros.nrTamanio ,tb_parametros.dtActualizacion  FROM tb_parametros  WHERE tb_parametros.dsParametro = 'PUESTO_FACTURACION_ND'  
15/10/2015 17:35:02 | Exec sco_DiccionariodeDatos @nmtabla_param='spu_obtener_puntosdeventa_facturacion_v2_0'
15/10/2015 17:35:02 | Exec spu_obtener_puntosdeventa_facturacion_v2_0 @nrPuesto_param = 4 ,@tipo_iva = 'CF' ,@auto_impresor = 'S' ,@tpFormadePago = 'Contado' ,@tpComprobante = 'ND' 
15/10/2015 17:35:02 |  SELECT tb_parametros.dsParametro ,tb_parametros.vlParametro ,tb_parametros.tpParametro ,tb_parametros.flEditable ,tb_parametros.nrTamanio ,tb_parametros.dtActualizacion  FROM tb_parametros  WHERE tb_parametros.dsParametro = 'PUESTO_FACTURACION_ND'  
15/10/2015 17:35:02 |  SELECT tb_parametros.dsParametro ,tb_parametros.vlParametro ,tb_parametros.tpParametro ,tb_parametros.flEditable ,tb_parametros.nrTamanio ,tb_parametros.dtActualizacion  FROM tb_parametros  WHERE tb_parametros.dsParametro = 'PUESTO_FACTURACION_ND'  
15/10/2015 17:35:02 | Exec spu_obtener_puntosdeventa_facturacion_v2_0 @nrPuesto_param = 4 ,@tipo_iva = 'CF' ,@auto_impresor = 'S' ,@tpFormadePago = 'Cuenta Corriente' ,@tpComprobante = 'ND' 
15/10/2015 17:35:02 |  SELECT tb_parametros.dsParametro ,tb_parametros.vlParametro ,tb_parametros.tpParametro ,tb_parametros.flEditable ,tb_parametros.nrTamanio ,tb_parametros.dtActualizacion  FROM tb_parametros  WHERE tb_parametros.dsParametro = 'PUESTO_FACTURACION_ND'  
15/10/2015 17:35:02 |  SELECT tb_parametros.dsParametro ,tb_parametros.vlParametro ,tb_parametros.tpParametro ,tb_parametros.flEditable ,tb_parametros.nrTamanio ,tb_parametros.dtActualizacion  FROM tb_parametros  WHERE tb_parametros.dsParametro = 'PUESTO_FACTURACION_ND'  
15/10/2015 17:35:02 | Exec sco_DiccionariodeDatos @nmtabla_param='sco_Puestos_v4_2'
15/10/2015 17:35:02 | Exec sco_Puestos_v4_2 @nrPuesto_param = 4 
15/10/2015 17:35:05 | Exec  sco_TB_Productos_v4_1 
15/10/2015 17:35:06 | Exec sco_DiccionariodeDatos @nmtabla_param='TB_Usuarios'
15/10/2015 17:35:13 |  SELECT TB_Usuarios.dsUsuario ,TB_Usuarios.dspassword ,TB_Usuarios.tpAcceso ,TB_Usuarios.nmNombre ,TB_Usuarios.nmApellido ,TB_Usuarios.flBloqueado ,TB_Usuarios.tpNivelJerarquico  FROM TB_Usuarios  WHERE TB_Usuarios.dsUsuario = 'CAMILAP'  AND  TB_Usuarios.flEliminar = 0  
15/10/2015 17:35:13 |  SELECT TB_Usuarios.dsUsuario ,TB_Usuarios.dspassword ,TB_Usuarios.tpAcceso ,TB_Usuarios.nmNombre ,TB_Usuarios.nmApellido ,TB_Usuarios.flBloqueado ,TB_Usuarios.tpNivelJerarquico  FROM TB_Usuarios  WHERE TB_Usuarios.dsUsuario = 'CAMILAP'  AND  TB_Usuarios.flEliminar = 0  
15/10/2015 17:35:13 | Exec sco_DiccionariodeDatos @nmtabla_param='sp_obtenerCajasPendientesdeAprobacion_v2_5'
15/10/2015 17:35:13 | Exec sp_obtenerCajasPendientesdeAprobacion_v2_5 @pdsUsuario_param = 'CAMILAP' 
15/10/2015 17:35:13 | Exec sp_obtenerCajasRechazadas_v2_9 
15/10/2015 17:35:13 | Exec sco_DiccionariodeDatos @nmtabla_param='TB_Parametros'
15/10/2015 17:35:13 |  SELECT TB_Parametros.vlParametro  FROM TB_Parametros  WHERE TB_Parametros.dsParametro = 'VALOR EURO'  
15/10/2015 17:35:13 |  SELECT TB_Parametros.vlParametro  FROM TB_Parametros  WHERE TB_Parametros.dsParametro = 'VALOR DOLAR'  
15/10/2015 17:35:13 | Exec SP_ValorPromoRetorno
15/10/2015 17:35:13 | Exec sco_DiccionariodeDatos @nmtabla_param='TB_Comisiones'
15/10/2015 17:35:13 |  SELECT TB_Comisiones.vlMontoMinimo  FROM TB_Comisiones  WHERE TB_Comisiones.tpComision = 'Retorno'  AND  TB_Comisiones.flEliminar = 0  
15/10/2015 17:35:13 |  SELECT TB_Parametros.vlParametro  FROM TB_Parametros  WHERE TB_Parametros.dsParametro = 'VALOR REAL'  
15/10/2015 17:35:13 | Exec sco_DiccionariodeDatos @nmtabla_param='TB_Cajas'
15/10/2015 17:35:13 |  SELECT TB_Cajas.nrCaja  FROM TB_Cajas  WHERE TB_Cajas.dsUsuario = 'CAMILAP'  and  TB_Cajas.flEstado = 0  and  TB_Cajas.tpEstadoAprobacion IS NULL  and  TB_Cajas.nrcaja > 0  
15/10/2015 17:35:15 |  SELECT TB_Cajas.nrCaja ,TB_Cajas.vlTotalSaldoFinal ,TB_Cajas.nrPuesto ,TB_Cajas.dsUsuario ,TB_Cajas.vlSaldoInicialPesos ,TB_Cajas.dtApertura ,TB_Cajas.dtCierre ,TB_Cajas.vlDiaDolar ,TB_Cajas.vlDiaEuro ,TB_Cajas.vlSaldoInicialEuros ,TB_Cajas.vlSaldoInicialDolares ,TB_Cajas.vlSaldoFinalRealPesos ,TB_Cajas.vlTotalSaldoInicial ,TB_Cajas.dtObservacion ,TB_Cajas.vlCierrePesos ,TB_Cajas.vlSaldoFinalRealDolares ,TB_Cajas.vlSaldoFinalRealEuros ,TB_Cajas.vlTotalSaldoFinalReal ,TB_Cajas.vlCierreDolares ,TB_Cajas.vlCierreEuros ,TB_Cajas.dsObservacion ,TB_Cajas.vlDiaReal ,TB_Cajas.flEstado  FROM TB_Cajas  WHERE TB_Cajas.nrCaja = 9000003767  
15/10/2015 17:35:15 | Exec sco_DiccionariodeDatos @nmtabla_param='SP_SumaCajaADM_v2_9'
15/10/2015 17:35:15 | Exec SP_SumaCajaADM_v2_9 @nrCaja_param = 9000003767 ,@tpCaja_param = 'CA' ,@tpCajaImputacion_param = null 
15/10/2015 17:35:15 |  UPDATE TB_Cajas SET TB_Cajas.vlSaldoFinalRealPesos  = 1161922.00 ,TB_Cajas.vlSaldoFinalRealEuros  = 173.00 ,TB_Cajas.vlSaldoFinalRealDolares  = 163.00 ,TB_Cajas.vlCierrePesos  = 185167.1 ,TB_Cajas.vlCierreDolares  = 163 ,TB_Cajas.vlCierreEuros  = 173   WHERE TB_Cajas.nrCaja = 9000003767  
15/10/2015 17:35:16 |  UPDATE TB_Cajas SET TB_Cajas.nrCaja  = 9000003767 ,TB_Cajas.vlTotalSaldoFinal  = 188380.40 ,TB_Cajas.nrPuesto  = 9 ,TB_Cajas.dsUsuario  = 'CAMILAP' ,TB_Cajas.vlSaldoInicialPesos  = 976755.30 ,TB_Cajas.dtApertura  = '30/07/2015 07:02:46' ,TB_Cajas.dtCierre  = null ,TB_Cajas.vlDiaDolar  = 9.10 ,TB_Cajas.vlDiaEuro  = 10.00 ,TB_Cajas.vlSaldoInicialEuros  = 0.00 ,TB_Cajas.vlSaldoInicialDolares  = 0.00 ,TB_Cajas.vlSaldoFinalRealPesos  = 976755.30 ,TB_Cajas.vlTotalSaldoInicial  = 976755.30 ,TB_Cajas.dtObservacion  = '15/10/2015 05:35:16' ,TB_Cajas.vlCierrePesos  = 185167.1 ,TB_Cajas.vlSaldoFinalRealDolares  = 163.00 ,TB_Cajas.vlSaldoFinalRealEuros  = 173.00 ,TB_Cajas.vlTotalSaldoFinalReal  = 1165135.00 ,TB_Cajas.vlCierreDolares  = 163 ,TB_Cajas.vlCierreEuros  = 173 ,TB_Cajas.dsObservacion  = null ,TB_Cajas.vlDiaReal  = 3.21 ,TB_Cajas.flCajaAdm  = 1   WHERE TB_Cajas.nrCaja = 9000003767  
15/10/2015 17:35:16 | Exec sco_DiccionariodeDatos @nmtabla_param='VW_UltimaCajaAdm'
15/10/2015 17:35:16 |  SELECT VW_UltimaCajaAdm.nrCaja ,VW_UltimaCajaAdm.vlSaldoFinalRealPesos ,VW_UltimaCajaAdm.vlSaldoFinalRealEuros ,VW_UltimaCajaAdm.vlSaldoFinalRealDolares  FROM VW_UltimaCajaAdm 
15/10/2015 17:35:16 |  SELECT TB_Cajas.nrCaja  FROM TB_Cajas  WHERE TB_Cajas.nrCaja = 9000003767  AND  TB_Cajas.flEstado = 0  
15/10/2015 17:35:16 | Exec sco_DiccionariodeDatos @nmtabla_param='sco_cajapuesto_v3_9'
15/10/2015 17:35:16 | Exec sco_cajapuesto_v3_9 @nrCaja_param = 9000003766 
15/10/2015 17:35:16 | Exec sco_cajapuesto_v3_9 @nrCaja_param = 9000003767 
15/10/2015 17:35:16 | Exec sco_DiccionariodeDatos @nmtabla_param='spu_esdifporCotizacionImputadas_v3_9'
15/10/2015 17:35:16 | Exec spu_esdifporCotizacionImputadas_v3_9 @nrCajaAdmActual = 9000003767 
15/10/2015 17:35:17 | Exec sco_validarVencimientosCAI_v4_1
15/10/2015 17:35:18 | Exec sco_DiccionariodeDatos @nmtabla_param='sco_AccesosOpcionesMenu'
15/10/2015 17:35:18 | Exec sco_AccesosOpcionesMenu @p_tpNivelAcceso = 'Administracin' ,@p_operaconcaja = 1 
15/10/2015 17:35:18 | Exec sco_AccesosOpcionesMenu @p_tpNivelAcceso = 'Administracin' ,@p_operaconcaja = 1 
15/10/2015 17:35:20 | Exec sco_DiccionariodeDatos @nmtabla_param='TB_Puestos'
15/10/2015 17:35:20 |  SELECT TB_Puestos.nrPuesto ,TB_Puestos.dsPuesto ,TB_Puestos.dsPuesto ,TB_Puestos.nrTalonario_manual ,TB_Puestos.nrTalonario_manual ,TB_Puestos.nrTalonario_automatico ,TB_Puestos.nrTalonario_automatico ,TB_Puestos.nrComprobante_manual_ult ,TB_Puestos.nrComprobante_manual_ult ,TB_Puestos.nrComprobante_automatico_ult ,TB_Puestos.nrComprobante_automatico_ult ,TB_Puestos.tpletra ,TB_Puestos.tpletra ,TB_Puestos.flFacturaCtacte  FROM TB_Puestos  WHERE  dsPuesto Like ('%%%') AND TB_Puestos.flEliminar = 0   Order by TB_Puestos.dsPuesto ASC 
15/10/2015 17:35:26 |  SELECT TB_Puestos.flFacturaCtacte ,TB_Puestos.flRespeta_secuencia_carga_manual ,TB_Puestos.tpLetra_manual ,TB_Puestos.nrComprobante_manual_ult ,TB_Puestos.nrTalonario_manual ,TB_Puestos.tpLetraEmpresa_manual ,TB_Puestos.nrComprobante_manual_empresa_ult ,TB_Puestos.nrTalonario_manual_empresa ,TB_Puestos.tpLetraRecibo_manual ,TB_Puestos.nrComprobante_manual_ctacte_ult ,TB_Puestos.nrTalonario_manual_ctacte ,TB_Puestos.nrComprobante_automatico_nc_ult ,TB_Puestos.nrComprobante_auto_empresa_nc_ult ,TB_Puestos.nrComprobante_automatico_nd_ult ,TB_Puestos.nrComprobante_auto_empresa_nd_ult ,TB_Puestos.dtCAI_Talonario_auto_empresa ,TB_Puestos.dtCAI_Talonario_auto ,TB_Puestos.nrCAI_Talonario_auto ,TB_Puestos.nrCAI_Talonario_auto_empresa ,TB_Puestos.nrTalonario_auto_ctacte ,TB_Puestos.nrComprobante_auto_ctacte_ult ,TB_Puestos.tpLetraRecibo ,TB_Puestos.nrTalonario_auto_empresa ,TB_Puestos.nrComprobante_auto_empresa_ult ,TB_Puestos.tpLetraEmpresa ,TB_Puestos.nrTalonario_automatico ,TB_Puestos.nrComprobante_automatico_ult ,TB_Puestos.tpLetra ,TB_Puestos.dsPuesto ,TB_Puestos.nrPuesto  FROM TB_Puestos  WHERE TB_Puestos.nrPuesto = 4  AND  TB_Puestos.flEliminar = 0  
15/10/2015 17:35:38 | Exec   sco_Puestos_v4_2  @nrPuesto_param=4
15/10/2015 17:35:38 | SET DATEFORMAT dmy
15/10/2015 17:35:38 | select getdate() AS FECHA
15/10/2015 17:36:06 | Exec sco_AccesosOpcionesMenu @p_tpNivelAcceso = 'Administracin' ,@p_operaconcaja = 1 
15/10/2015 17:58:39 | Exec sco_DiccionariodeDatos @nmtabla_param='tb_parametros'
15/10/2015 17:58:39 |  SELECT tb_parametros.dsParametro ,tb_parametros.vlParametro ,tb_parametros.tpParametro ,tb_parametros.flEditable ,tb_parametros.nrTamanio ,tb_parametros.dtActualizacion  FROM tb_parametros  WHERE tb_parametros.dsParametro = 'PUESTO_FACTURACION_ND'  
15/10/2015 17:58:39 |  SELECT tb_parametros.dsParametro ,tb_parametros.vlParametro ,tb_parametros.tpParametro ,tb_parametros.flEditable ,tb_parametros.nrTamanio ,tb_parametros.dtActualizacion  FROM tb_parametros  WHERE tb_parametros.dsParametro = 'PUESTO_FACTURACION_ND'  
15/10/2015 17:58:39 | Exec sco_DiccionariodeDatos @nmtabla_param='spu_obtener_puntosdeventa_facturacion_v2_0'
15/10/2015 17:58:39 | Exec spu_obtener_puntosdeventa_facturacion_v2_0 @nrPuesto_param = 4 ,@tipo_iva = 'CF' ,@auto_impresor = 'S' ,@tpFormadePago = 'Contado' ,@tpComprobante = 'ND' 
15/10/2015 17:58:39 |  SELECT tb_parametros.dsParametro ,tb_parametros.vlParametro ,tb_parametros.tpParametro ,tb_parametros.flEditable ,tb_parametros.nrTamanio ,tb_parametros.dtActualizacion  FROM tb_parametros  WHERE tb_parametros.dsParametro = 'PUESTO_FACTURACION_ND'  
15/10/2015 17:58:39 |  SELECT tb_parametros.dsParametro ,tb_parametros.vlParametro ,tb_parametros.tpParametro ,tb_parametros.flEditable ,tb_parametros.nrTamanio ,tb_parametros.dtActualizacion  FROM tb_parametros  WHERE tb_parametros.dsParametro = 'PUESTO_FACTURACION_ND'  
15/10/2015 17:58:39 | Exec spu_obtener_puntosdeventa_facturacion_v2_0 @nrPuesto_param = 4 ,@tipo_iva = 'CF' ,@auto_impresor = 'S' ,@tpFormadePago = 'Cuenta Corriente' ,@tpComprobante = 'ND' 
15/10/2015 17:58:39 |  SELECT tb_parametros.dsParametro ,tb_parametros.vlParametro ,tb_parametros.tpParametro ,tb_parametros.flEditable ,tb_parametros.nrTamanio ,tb_parametros.dtActualizacion  FROM tb_parametros  WHERE tb_parametros.dsParametro = 'PUESTO_FACTURACION_ND'  
15/10/2015 17:58:39 |  SELECT tb_parametros.dsParametro ,tb_parametros.vlParametro ,tb_parametros.tpParametro ,tb_parametros.flEditable ,tb_parametros.nrTamanio ,tb_parametros.dtActualizacion  FROM tb_parametros  WHERE tb_parametros.dsParametro = 'PUESTO_FACTURACION_ND'  
15/10/2015 17:58:39 | Exec sco_DiccionariodeDatos @nmtabla_param='sco_Puestos_v4_2'
15/10/2015 17:58:39 | Exec sco_Puestos_v4_2 @nrPuesto_param = 4 
15/10/2015 17:58:42 | Exec  sco_TB_Productos_v4_1 
15/10/2015 17:58:43 | Exec sco_DiccionariodeDatos @nmtabla_param='TB_Usuarios'
15/10/2015 17:58:46 |  SELECT TB_Usuarios.dsUsuario ,TB_Usuarios.dspassword ,TB_Usuarios.tpAcceso ,TB_Usuarios.nmNombre ,TB_Usuarios.nmApellido ,TB_Usuarios.flBloqueado ,TB_Usuarios.tpNivelJerarquico  FROM TB_Usuarios  WHERE TB_Usuarios.dsUsuario = 'CAMILAP'  AND  TB_Usuarios.flEliminar = 0  
15/10/2015 17:58:46 |  SELECT TB_Usuarios.dsUsuario ,TB_Usuarios.dspassword ,TB_Usuarios.tpAcceso ,TB_Usuarios.nmNombre ,TB_Usuarios.nmApellido ,TB_Usuarios.flBloqueado ,TB_Usuarios.tpNivelJerarquico  FROM TB_Usuarios  WHERE TB_Usuarios.dsUsuario = 'CAMILAP'  AND  TB_Usuarios.flEliminar = 0  
15/10/2015 17:58:46 | Exec sco_DiccionariodeDatos @nmtabla_param='sp_obtenerCajasPendientesdeAprobacion_v2_5'
15/10/2015 17:58:46 | Exec sp_obtenerCajasPendientesdeAprobacion_v2_5 @pdsUsuario_param = 'CAMILAP' 
15/10/2015 17:58:46 | Exec sp_obtenerCajasRechazadas_v2_9 
15/10/2015 17:58:46 | Exec sco_DiccionariodeDatos @nmtabla_param='TB_Parametros'
15/10/2015 17:58:46 |  SELECT TB_Parametros.vlParametro  FROM TB_Parametros  WHERE TB_Parametros.dsParametro = 'VALOR EURO'  
15/10/2015 17:58:46 |  SELECT TB_Parametros.vlParametro  FROM TB_Parametros  WHERE TB_Parametros.dsParametro = 'VALOR DOLAR'  
15/10/2015 17:58:46 | Exec SP_ValorPromoRetorno
15/10/2015 17:58:46 | Exec sco_DiccionariodeDatos @nmtabla_param='TB_Comisiones'
15/10/2015 17:58:46 |  SELECT TB_Comisiones.vlMontoMinimo  FROM TB_Comisiones  WHERE TB_Comisiones.tpComision = 'Retorno'  AND  TB_Comisiones.flEliminar = 0  
15/10/2015 17:58:46 |  SELECT TB_Parametros.vlParametro  FROM TB_Parametros  WHERE TB_Parametros.dsParametro = 'VALOR REAL'  
15/10/2015 17:58:46 | Exec sco_DiccionariodeDatos @nmtabla_param='TB_Cajas'
15/10/2015 17:58:46 |  SELECT TB_Cajas.nrCaja  FROM TB_Cajas  WHERE TB_Cajas.dsUsuario = 'CAMILAP'  and  TB_Cajas.flEstado = 0  and  TB_Cajas.tpEstadoAprobacion IS NULL  and  TB_Cajas.nrcaja > 0  
15/10/2015 17:58:48 |  SELECT TB_Cajas.nrCaja ,TB_Cajas.vlTotalSaldoFinal ,TB_Cajas.nrPuesto ,TB_Cajas.dsUsuario ,TB_Cajas.vlSaldoInicialPesos ,TB_Cajas.dtApertura ,TB_Cajas.dtCierre ,TB_Cajas.vlDiaDolar ,TB_Cajas.vlDiaEuro ,TB_Cajas.vlSaldoInicialEuros ,TB_Cajas.vlSaldoInicialDolares ,TB_Cajas.vlSaldoFinalRealPesos ,TB_Cajas.vlTotalSaldoInicial ,TB_Cajas.dtObservacion ,TB_Cajas.vlCierrePesos ,TB_Cajas.vlSaldoFinalRealDolares ,TB_Cajas.vlSaldoFinalRealEuros ,TB_Cajas.vlTotalSaldoFinalReal ,TB_Cajas.vlCierreDolares ,TB_Cajas.vlCierreEuros ,TB_Cajas.dsObservacion ,TB_Cajas.vlDiaReal ,TB_Cajas.flEstado  FROM TB_Cajas  WHERE TB_Cajas.nrCaja = 9000003767  
15/10/2015 17:58:48 | Exec sco_DiccionariodeDatos @nmtabla_param='SP_SumaCajaADM_v2_9'
15/10/2015 17:58:48 | Exec SP_SumaCajaADM_v2_9 @nrCaja_param = 9000003767 ,@tpCaja_param = 'CA' ,@tpCajaImputacion_param = null 
15/10/2015 17:58:48 |  UPDATE TB_Cajas SET TB_Cajas.vlSaldoFinalRealPesos  = 1161922.00 ,TB_Cajas.vlSaldoFinalRealEuros  = 173.00 ,TB_Cajas.vlSaldoFinalRealDolares  = 163.00 ,TB_Cajas.vlCierrePesos  = 185167.1 ,TB_Cajas.vlCierreDolares  = 163 ,TB_Cajas.vlCierreEuros  = 173   WHERE TB_Cajas.nrCaja = 9000003767  
15/10/2015 17:58:49 |  UPDATE TB_Cajas SET TB_Cajas.nrCaja  = 9000003767 ,TB_Cajas.vlTotalSaldoFinal  = 188380.40 ,TB_Cajas.nrPuesto  = 9 ,TB_Cajas.dsUsuario  = 'CAMILAP' ,TB_Cajas.vlSaldoInicialPesos  = 976755.30 ,TB_Cajas.dtApertura  = '30/07/2015 07:02:46' ,TB_Cajas.dtCierre  = null ,TB_Cajas.vlDiaDolar  = 9.10 ,TB_Cajas.vlDiaEuro  = 10.00 ,TB_Cajas.vlSaldoInicialEuros  = 0.00 ,TB_Cajas.vlSaldoInicialDolares  = 0.00 ,TB_Cajas.vlSaldoFinalRealPesos  = 976755.30 ,TB_Cajas.vlTotalSaldoInicial  = 976755.30 ,TB_Cajas.dtObservacion  = '15/10/2015 05:58:49' ,TB_Cajas.vlCierrePesos  = 185167.1 ,TB_Cajas.vlSaldoFinalRealDolares  = 163.00 ,TB_Cajas.vlSaldoFinalRealEuros  = 173.00 ,TB_Cajas.vlTotalSaldoFinalReal  = 1165135.00 ,TB_Cajas.vlCierreDolares  = 163 ,TB_Cajas.vlCierreEuros  = 173 ,TB_Cajas.dsObservacion  = null ,TB_Cajas.vlDiaReal  = 3.21 ,TB_Cajas.flCajaAdm  = 1   WHERE TB_Cajas.nrCaja = 9000003767  
15/10/2015 17:58:49 | Exec sco_DiccionariodeDatos @nmtabla_param='VW_UltimaCajaAdm'
15/10/2015 17:58:49 |  SELECT VW_UltimaCajaAdm.nrCaja ,VW_UltimaCajaAdm.vlSaldoFinalRealPesos ,VW_UltimaCajaAdm.vlSaldoFinalRealEuros ,VW_UltimaCajaAdm.vlSaldoFinalRealDolares  FROM VW_UltimaCajaAdm 
15/10/2015 17:58:49 |  SELECT TB_Cajas.nrCaja  FROM TB_Cajas  WHERE TB_Cajas.nrCaja = 9000003767  AND  TB_Cajas.flEstado = 0  
15/10/2015 17:58:49 | Exec sco_DiccionariodeDatos @nmtabla_param='sco_cajapuesto_v3_9'
15/10/2015 17:58:49 | Exec sco_cajapuesto_v3_9 @nrCaja_param = 9000003766 
15/10/2015 17:58:49 | Exec sco_cajapuesto_v3_9 @nrCaja_param = 9000003767 
15/10/2015 17:58:49 | Exec sco_DiccionariodeDatos @nmtabla_param='spu_esdifporCotizacionImputadas_v3_9'
15/10/2015 17:58:49 | Exec spu_esdifporCotizacionImputadas_v3_9 @nrCajaAdmActual = 9000003767 
15/10/2015 17:58:49 | Exec sco_validarVencimientosCAI_v4_1
15/10/2015 17:58:50 | Exec sco_DiccionariodeDatos @nmtabla_param='sco_AccesosOpcionesMenu'
15/10/2015 17:58:50 | Exec sco_AccesosOpcionesMenu @p_tpNivelAcceso = 'Administracin' ,@p_operaconcaja = 1 
15/10/2015 17:58:50 | Exec sco_AccesosOpcionesMenu @p_tpNivelAcceso = 'Administracin' ,@p_operaconcaja = 1 
15/10/2015 17:58:52 | Exec sco_DiccionariodeDatos @nmtabla_param='TB_Puestos'
15/10/2015 17:58:52 |  SELECT TB_Puestos.nrPuesto ,TB_Puestos.dsPuesto ,TB_Puestos.dsPuesto ,TB_Puestos.nrTalonario_manual ,TB_Puestos.nrTalonario_manual ,TB_Puestos.nrTalonario_automatico ,TB_Puestos.nrTalonario_automatico ,TB_Puestos.nrComprobante_manual_ult ,TB_Puestos.nrComprobante_manual_ult ,TB_Puestos.nrComprobante_automatico_ult ,TB_Puestos.nrComprobante_automatico_ult ,TB_Puestos.tpletra ,TB_Puestos.tpletra ,TB_Puestos.flFacturaCtacte  FROM TB_Puestos  WHERE  dsPuesto Like ('%%%') AND TB_Puestos.flEliminar = 0   Order by TB_Puestos.dsPuesto ASC 
15/10/2015 17:58:54 |  SELECT TB_Puestos.flFacturaCtacte ,TB_Puestos.flRespeta_secuencia_carga_manual ,TB_Puestos.tpLetra_manual ,TB_Puestos.nrComprobante_manual_ult ,TB_Puestos.nrTalonario_manual ,TB_Puestos.tpLetraEmpresa_manual ,TB_Puestos.nrComprobante_manual_empresa_ult ,TB_Puestos.nrTalonario_manual_empresa ,TB_Puestos.tpLetraRecibo_manual ,TB_Puestos.nrComprobante_manual_ctacte_ult ,TB_Puestos.nrTalonario_manual_ctacte ,TB_Puestos.nrComprobante_automatico_nc_ult ,TB_Puestos.nrComprobante_auto_empresa_nc_ult ,TB_Puestos.nrComprobante_automatico_nd_ult ,TB_Puestos.nrComprobante_auto_empresa_nd_ult ,TB_Puestos.dtCAI_Talonario_auto_empresa ,TB_Puestos.dtCAI_Talonario_auto ,TB_Puestos.nrCAI_Talonario_auto ,TB_Puestos.nrCAI_Talonario_auto_empresa ,TB_Puestos.nrTalonario_auto_ctacte ,TB_Puestos.nrComprobante_auto_ctacte_ult ,TB_Puestos.tpLetraRecibo ,TB_Puestos.nrTalonario_auto_empresa ,TB_Puestos.nrComprobante_auto_empresa_ult ,TB_Puestos.tpLetraEmpresa ,TB_Puestos.nrTalonario_automatico ,TB_Puestos.nrComprobante_automatico_ult ,TB_Puestos.tpLetra ,TB_Puestos.dsPuesto ,TB_Puestos.nrPuesto  FROM TB_Puestos  WHERE TB_Puestos.nrPuesto = 5  AND  TB_Puestos.flEliminar = 0  
15/10/2015 17:59:03 |  SELECT TB_Puestos.flFacturaCtacte ,TB_Puestos.flRespeta_secuencia_carga_manual ,TB_Puestos.tpLetra_manual ,TB_Puestos.nrComprobante_manual_ult ,TB_Puestos.nrTalonario_manual ,TB_Puestos.tpLetraEmpresa_manual ,TB_Puestos.nrComprobante_manual_empresa_ult ,TB_Puestos.nrTalonario_manual_empresa ,TB_Puestos.tpLetraRecibo_manual ,TB_Puestos.nrComprobante_manual_ctacte_ult ,TB_Puestos.nrTalonario_manual_ctacte ,TB_Puestos.nrComprobante_automatico_nc_ult ,TB_Puestos.nrComprobante_auto_empresa_nc_ult ,TB_Puestos.nrComprobante_automatico_nd_ult ,TB_Puestos.nrComprobante_auto_empresa_nd_ult ,TB_Puestos.dtCAI_Talonario_auto_empresa ,TB_Puestos.dtCAI_Talonario_auto ,TB_Puestos.nrCAI_Talonario_auto ,TB_Puestos.nrCAI_Talonario_auto_empresa ,TB_Puestos.nrTalonario_auto_ctacte ,TB_Puestos.nrComprobante_auto_ctacte_ult ,TB_Puestos.tpLetraRecibo ,TB_Puestos.nrTalonario_auto_empresa ,TB_Puestos.nrComprobante_auto_empresa_ult ,TB_Puestos.tpLetraEmpresa ,TB_Puestos.nrTalonario_automatico ,TB_Puestos.nrComprobante_automatico_ult ,TB_Puestos.tpLetra ,TB_Puestos.dsPuesto ,TB_Puestos.nrPuesto  FROM TB_Puestos  WHERE TB_Puestos.nrPuesto = 4  AND  TB_Puestos.flEliminar = 0  
15/10/2015 17:59:09 |  SELECT TB_Puestos.flFacturaCtacte ,TB_Puestos.flRespeta_secuencia_carga_manual ,TB_Puestos.tpLetra_manual ,TB_Puestos.nrComprobante_manual_ult ,TB_Puestos.nrTalonario_manual ,TB_Puestos.tpLetraEmpresa_manual ,TB_Puestos.nrComprobante_manual_empresa_ult ,TB_Puestos.nrTalonario_manual_empresa ,TB_Puestos.tpLetraRecibo_manual ,TB_Puestos.nrComprobante_manual_ctacte_ult ,TB_Puestos.nrTalonario_manual_ctacte ,TB_Puestos.nrComprobante_automatico_nc_ult ,TB_Puestos.nrComprobante_auto_empresa_nc_ult ,TB_Puestos.nrComprobante_automatico_nd_ult ,TB_Puestos.nrComprobante_auto_empresa_nd_ult ,TB_Puestos.dtCAI_Talonario_auto_empresa ,TB_Puestos.dtCAI_Talonario_auto ,TB_Puestos.nrCAI_Talonario_auto ,TB_Puestos.nrCAI_Talonario_auto_empresa ,TB_Puestos.nrTalonario_auto_ctacte ,TB_Puestos.nrComprobante_auto_ctacte_ult ,TB_Puestos.tpLetraRecibo ,TB_Puestos.nrTalonario_auto_empresa ,TB_Puestos.nrComprobante_auto_empresa_ult ,TB_Puestos.tpLetraEmpresa ,TB_Puestos.nrTalonario_automatico ,TB_Puestos.nrComprobante_automatico_ult ,TB_Puestos.tpLetra ,TB_Puestos.dsPuesto ,TB_Puestos.nrPuesto  FROM TB_Puestos  WHERE TB_Puestos.nrPuesto = 4  AND  TB_Puestos.flEliminar = 0  
15/10/2015 17:59:10 | Exec   sco_Puestos_v4_2  @nrPuesto_param=4
15/10/2015 18:03:20 | Exec sco_DiccionariodeDatos @nmtabla_param='tb_parametros'
15/10/2015 18:03:20 |  SELECT tb_parametros.dsParametro ,tb_parametros.vlParametro ,tb_parametros.tpParametro ,tb_parametros.flEditable ,tb_parametros.nrTamanio ,tb_parametros.dtActualizacion  FROM tb_parametros  WHERE tb_parametros.dsParametro = 'PUESTO_FACTURACION_ND'  
15/10/2015 18:03:20 |  SELECT tb_parametros.dsParametro ,tb_parametros.vlParametro ,tb_parametros.tpParametro ,tb_parametros.flEditable ,tb_parametros.nrTamanio ,tb_parametros.dtActualizacion  FROM tb_parametros  WHERE tb_parametros.dsParametro = 'PUESTO_FACTURACION_ND'  
15/10/2015 18:03:20 | Exec sco_DiccionariodeDatos @nmtabla_param='spu_obtener_puntosdeventa_facturacion_v2_0'
15/10/2015 18:03:20 | Exec spu_obtener_puntosdeventa_facturacion_v2_0 @nrPuesto_param = 4 ,@tipo_iva = 'CF' ,@auto_impresor = 'S' ,@tpFormadePago = 'Contado' ,@tpComprobante = 'ND' 
15/10/2015 18:03:20 |  SELECT tb_parametros.dsParametro ,tb_parametros.vlParametro ,tb_parametros.tpParametro ,tb_parametros.flEditable ,tb_parametros.nrTamanio ,tb_parametros.dtActualizacion  FROM tb_parametros  WHERE tb_parametros.dsParametro = 'PUESTO_FACTURACION_ND'  
15/10/2015 18:03:20 |  SELECT tb_parametros.dsParametro ,tb_parametros.vlParametro ,tb_parametros.tpParametro ,tb_parametros.flEditable ,tb_parametros.nrTamanio ,tb_parametros.dtActualizacion  FROM tb_parametros  WHERE tb_parametros.dsParametro = 'PUESTO_FACTURACION_ND'  
15/10/2015 18:03:20 | Exec spu_obtener_puntosdeventa_facturacion_v2_0 @nrPuesto_param = 4 ,@tipo_iva = 'CF' ,@auto_impresor = 'S' ,@tpFormadePago = 'Cuenta Corriente' ,@tpComprobante = 'ND' 
15/10/2015 18:03:20 |  SELECT tb_parametros.dsParametro ,tb_parametros.vlParametro ,tb_parametros.tpParametro ,tb_parametros.flEditable ,tb_parametros.nrTamanio ,tb_parametros.dtActualizacion  FROM tb_parametros  WHERE tb_parametros.dsParametro = 'PUESTO_FACTURACION_ND'  
15/10/2015 18:03:20 |  SELECT tb_parametros.dsParametro ,tb_parametros.vlParametro ,tb_parametros.tpParametro ,tb_parametros.flEditable ,tb_parametros.nrTamanio ,tb_parametros.dtActualizacion  FROM tb_parametros  WHERE tb_parametros.dsParametro = 'PUESTO_FACTURACION_ND'  
15/10/2015 18:03:20 | Exec sco_DiccionariodeDatos @nmtabla_param='sco_Puestos_v4_2'
15/10/2015 18:03:20 | Exec sco_Puestos_v4_2 @nrPuesto_param = 4 
15/10/2015 18:03:23 | Exec  sco_TB_Productos_v4_1 
15/10/2015 18:03:24 | Exec sco_DiccionariodeDatos @nmtabla_param='TB_Usuarios'
15/10/2015 18:03:27 |  SELECT TB_Usuarios.dsUsuario ,TB_Usuarios.dspassword ,TB_Usuarios.tpAcceso ,TB_Usuarios.nmNombre ,TB_Usuarios.nmApellido ,TB_Usuarios.flBloqueado ,TB_Usuarios.tpNivelJerarquico  FROM TB_Usuarios  WHERE TB_Usuarios.dsUsuario = 'CAMILAP'  AND  TB_Usuarios.flEliminar = 0  
15/10/2015 18:03:27 |  SELECT TB_Usuarios.dsUsuario ,TB_Usuarios.dspassword ,TB_Usuarios.tpAcceso ,TB_Usuarios.nmNombre ,TB_Usuarios.nmApellido ,TB_Usuarios.flBloqueado ,TB_Usuarios.tpNivelJerarquico  FROM TB_Usuarios  WHERE TB_Usuarios.dsUsuario = 'CAMILAP'  AND  TB_Usuarios.flEliminar = 0  
15/10/2015 18:03:27 | Exec sco_DiccionariodeDatos @nmtabla_param='sp_obtenerCajasPendientesdeAprobacion_v2_5'
15/10/2015 18:03:27 | Exec sp_obtenerCajasPendientesdeAprobacion_v2_5 @pdsUsuario_param = 'CAMILAP' 
15/10/2015 18:03:27 | Exec sp_obtenerCajasRechazadas_v2_9 
15/10/2015 18:03:27 | Exec sco_DiccionariodeDatos @nmtabla_param='TB_Parametros'
15/10/2015 18:03:27 |  SELECT TB_Parametros.vlParametro  FROM TB_Parametros  WHERE TB_Parametros.dsParametro = 'VALOR EURO'  
15/10/2015 18:03:27 |  SELECT TB_Parametros.vlParametro  FROM TB_Parametros  WHERE TB_Parametros.dsParametro = 'VALOR DOLAR'  
15/10/2015 18:03:27 | Exec SP_ValorPromoRetorno
15/10/2015 18:03:27 | Exec sco_DiccionariodeDatos @nmtabla_param='TB_Comisiones'
15/10/2015 18:03:27 |  SELECT TB_Comisiones.vlMontoMinimo  FROM TB_Comisiones  WHERE TB_Comisiones.tpComision = 'Retorno'  AND  TB_Comisiones.flEliminar = 0  
15/10/2015 18:03:27 |  SELECT TB_Parametros.vlParametro  FROM TB_Parametros  WHERE TB_Parametros.dsParametro = 'VALOR REAL'  
15/10/2015 18:03:27 | Exec sco_DiccionariodeDatos @nmtabla_param='TB_Cajas'
15/10/2015 18:03:27 |  SELECT TB_Cajas.nrCaja  FROM TB_Cajas  WHERE TB_Cajas.dsUsuario = 'CAMILAP'  and  TB_Cajas.flEstado = 0  and  TB_Cajas.tpEstadoAprobacion IS NULL  and  TB_Cajas.nrcaja > 0  
15/10/2015 18:03:29 |  SELECT TB_Cajas.nrCaja ,TB_Cajas.vlTotalSaldoFinal ,TB_Cajas.nrPuesto ,TB_Cajas.dsUsuario ,TB_Cajas.vlSaldoInicialPesos ,TB_Cajas.dtApertura ,TB_Cajas.dtCierre ,TB_Cajas.vlDiaDolar ,TB_Cajas.vlDiaEuro ,TB_Cajas.vlSaldoInicialEuros ,TB_Cajas.vlSaldoInicialDolares ,TB_Cajas.vlSaldoFinalRealPesos ,TB_Cajas.vlTotalSaldoInicial ,TB_Cajas.dtObservacion ,TB_Cajas.vlCierrePesos ,TB_Cajas.vlSaldoFinalRealDolares ,TB_Cajas.vlSaldoFinalRealEuros ,TB_Cajas.vlTotalSaldoFinalReal ,TB_Cajas.vlCierreDolares ,TB_Cajas.vlCierreEuros ,TB_Cajas.dsObservacion ,TB_Cajas.vlDiaReal ,TB_Cajas.flEstado  FROM TB_Cajas  WHERE TB_Cajas.nrCaja = 9000003767  
15/10/2015 18:03:29 | Exec sco_DiccionariodeDatos @nmtabla_param='SP_SumaCajaADM_v2_9'
15/10/2015 18:03:29 | Exec SP_SumaCajaADM_v2_9 @nrCaja_param = 9000003767 ,@tpCaja_param = 'CA' ,@tpCajaImputacion_param = null 
15/10/2015 18:03:29 |  UPDATE TB_Cajas SET TB_Cajas.vlSaldoFinalRealPesos  = 1161922.00 ,TB_Cajas.vlSaldoFinalRealEuros  = 173.00 ,TB_Cajas.vlSaldoFinalRealDolares  = 163.00 ,TB_Cajas.vlCierrePesos  = 185167.1 ,TB_Cajas.vlCierreDolares  = 163 ,TB_Cajas.vlCierreEuros  = 173   WHERE TB_Cajas.nrCaja = 9000003767  
15/10/2015 18:03:30 |  UPDATE TB_Cajas SET TB_Cajas.nrCaja  = 9000003767 ,TB_Cajas.vlTotalSaldoFinal  = 188380.40 ,TB_Cajas.nrPuesto  = 9 ,TB_Cajas.dsUsuario  = 'CAMILAP' ,TB_Cajas.vlSaldoInicialPesos  = 976755.30 ,TB_Cajas.dtApertura  = '30/07/2015 07:02:46' ,TB_Cajas.dtCierre  = null ,TB_Cajas.vlDiaDolar  = 9.10 ,TB_Cajas.vlDiaEuro  = 10.00 ,TB_Cajas.vlSaldoInicialEuros  = 0.00 ,TB_Cajas.vlSaldoInicialDolares  = 0.00 ,TB_Cajas.vlSaldoFinalRealPesos  = 976755.30 ,TB_Cajas.vlTotalSaldoInicial  = 976755.30 ,TB_Cajas.dtObservacion  = '15/10/2015 06:03:30' ,TB_Cajas.vlCierrePesos  = 185167.1 ,TB_Cajas.vlSaldoFinalRealDolares  = 163.00 ,TB_Cajas.vlSaldoFinalRealEuros  = 173.00 ,TB_Cajas.vlTotalSaldoFinalReal  = 1165135.00 ,TB_Cajas.vlCierreDolares  = 163 ,TB_Cajas.vlCierreEuros  = 173 ,TB_Cajas.dsObservacion  = null ,TB_Cajas.vlDiaReal  = 3.21 ,TB_Cajas.flCajaAdm  = 1   WHERE TB_Cajas.nrCaja = 9000003767  
15/10/2015 18:03:30 | Exec sco_DiccionariodeDatos @nmtabla_param='VW_UltimaCajaAdm'
15/10/2015 18:03:30 |  SELECT VW_UltimaCajaAdm.nrCaja ,VW_UltimaCajaAdm.vlSaldoFinalRealPesos ,VW_UltimaCajaAdm.vlSaldoFinalRealEuros ,VW_UltimaCajaAdm.vlSaldoFinalRealDolares  FROM VW_UltimaCajaAdm 
15/10/2015 18:03:30 |  SELECT TB_Cajas.nrCaja  FROM TB_Cajas  WHERE TB_Cajas.nrCaja = 9000003767  AND  TB_Cajas.flEstado = 0  
15/10/2015 18:03:30 | Exec sco_DiccionariodeDatos @nmtabla_param='sco_cajapuesto_v3_9'
15/10/2015 18:03:30 | Exec sco_cajapuesto_v3_9 @nrCaja_param = 9000003766 
15/10/2015 18:03:30 | Exec sco_cajapuesto_v3_9 @nrCaja_param = 9000003767 
15/10/2015 18:03:30 | Exec sco_DiccionariodeDatos @nmtabla_param='spu_esdifporCotizacionImputadas_v3_9'
15/10/2015 18:03:30 | Exec spu_esdifporCotizacionImputadas_v3_9 @nrCajaAdmActual = 9000003767 
15/10/2015 18:03:30 | Exec sco_validarVencimientosCAI_v4_1
15/10/2015 18:03:32 | Exec sco_DiccionariodeDatos @nmtabla_param='sco_AccesosOpcionesMenu'
15/10/2015 18:03:32 | Exec sco_AccesosOpcionesMenu @p_tpNivelAcceso = 'Administracin' ,@p_operaconcaja = 1 
15/10/2015 18:03:32 | Exec sco_AccesosOpcionesMenu @p_tpNivelAcceso = 'Administracin' ,@p_operaconcaja = 1 
15/10/2015 18:03:34 | Exec sco_DiccionariodeDatos @nmtabla_param='TB_Puestos'
15/10/2015 18:03:34 |  SELECT TB_Puestos.nrPuesto ,TB_Puestos.dsPuesto ,TB_Puestos.dsPuesto ,TB_Puestos.nrTalonario_manual ,TB_Puestos.nrTalonario_manual ,TB_Puestos.nrTalonario_automatico ,TB_Puestos.nrTalonario_automatico ,TB_Puestos.nrComprobante_manual_ult ,TB_Puestos.nrComprobante_manual_ult ,TB_Puestos.nrComprobante_automatico_ult ,TB_Puestos.nrComprobante_automatico_ult ,TB_Puestos.tpletra ,TB_Puestos.tpletra ,TB_Puestos.flFacturaCtacte  FROM TB_Puestos  WHERE  dsPuesto Like ('%%%') AND TB_Puestos.flEliminar = 0   Order by TB_Puestos.dsPuesto ASC 
15/10/2015 18:03:36 |  SELECT TB_Puestos.flFacturaCtacte ,TB_Puestos.flRespeta_secuencia_carga_manual ,TB_Puestos.tpLetra_manual ,TB_Puestos.nrComprobante_manual_ult ,TB_Puestos.nrTalonario_manual ,TB_Puestos.tpLetraEmpresa_manual ,TB_Puestos.nrComprobante_manual_empresa_ult ,TB_Puestos.nrTalonario_manual_empresa ,TB_Puestos.tpLetraRecibo_manual ,TB_Puestos.nrComprobante_manual_ctacte_ult ,TB_Puestos.nrTalonario_manual_ctacte ,TB_Puestos.nrComprobante_automatico_nc_ult ,TB_Puestos.nrComprobante_auto_empresa_nc_ult ,TB_Puestos.nrComprobante_automatico_nd_ult ,TB_Puestos.nrComprobante_auto_empresa_nd_ult ,TB_Puestos.dtCAI_Talonario_auto_empresa ,TB_Puestos.dtCAI_Talonario_auto ,TB_Puestos.nrCAI_Talonario_auto ,TB_Puestos.nrCAI_Talonario_auto_empresa ,TB_Puestos.nrTalonario_auto_ctacte ,TB_Puestos.nrComprobante_auto_ctacte_ult ,TB_Puestos.tpLetraRecibo ,TB_Puestos.nrTalonario_auto_empresa ,TB_Puestos.nrComprobante_auto_empresa_ult ,TB_Puestos.tpLetraEmpresa ,TB_Puestos.nrTalonario_automatico ,TB_Puestos.nrComprobante_automatico_ult ,TB_Puestos.tpLetra ,TB_Puestos.dsPuesto ,TB_Puestos.nrPuesto  FROM TB_Puestos  WHERE TB_Puestos.nrPuesto = 5  AND  TB_Puestos.flEliminar = 0  
15/10/2015 18:03:39 |  SELECT TB_Puestos.flFacturaCtacte ,TB_Puestos.flRespeta_secuencia_carga_manual ,TB_Puestos.tpLetra_manual ,TB_Puestos.nrComprobante_manual_ult ,TB_Puestos.nrTalonario_manual ,TB_Puestos.tpLetraEmpresa_manual ,TB_Puestos.nrComprobante_manual_empresa_ult ,TB_Puestos.nrTalonario_manual_empresa ,TB_Puestos.tpLetraRecibo_manual ,TB_Puestos.nrComprobante_manual_ctacte_ult ,TB_Puestos.nrTalonario_manual_ctacte ,TB_Puestos.nrComprobante_automatico_nc_ult ,TB_Puestos.nrComprobante_auto_empresa_nc_ult ,TB_Puestos.nrComprobante_automatico_nd_ult ,TB_Puestos.nrComprobante_auto_empresa_nd_ult ,TB_Puestos.dtCAI_Talonario_auto_empresa ,TB_Puestos.dtCAI_Talonario_auto ,TB_Puestos.nrCAI_Talonario_auto ,TB_Puestos.nrCAI_Talonario_auto_empresa ,TB_Puestos.nrTalonario_auto_ctacte ,TB_Puestos.nrComprobante_auto_ctacte_ult ,TB_Puestos.tpLetraRecibo ,TB_Puestos.nrTalonario_auto_empresa ,TB_Puestos.nrComprobante_auto_empresa_ult ,TB_Puestos.tpLetraEmpresa ,TB_Puestos.nrTalonario_automatico ,TB_Puestos.nrComprobante_automatico_ult ,TB_Puestos.tpLetra ,TB_Puestos.dsPuesto ,TB_Puestos.nrPuesto  FROM TB_Puestos  WHERE TB_Puestos.nrPuesto = 4  AND  TB_Puestos.flEliminar = 0  
15/10/2015 18:03:41 | Exec   sco_Puestos_v4_2  @nrPuesto_param=4
15/10/2015 18:03:41 | SET DATEFORMAT dmy
15/10/2015 18:03:41 | select getdate() AS FECHA
15/10/2015 18:03:46 | Exec sco_AccesosOpcionesMenu @p_tpNivelAcceso = 'Administracin' ,@p_operaconcaja = 1 
15/10/2015 18:04:19 | Exec sco_DiccionariodeDatos @nmtabla_param='tb_parametros'
15/10/2015 18:04:19 |  SELECT tb_parametros.dsParametro ,tb_parametros.vlParametro ,tb_parametros.tpParametro ,tb_parametros.flEditable ,tb_parametros.nrTamanio ,tb_parametros.dtActualizacion  FROM tb_parametros  WHERE tb_parametros.dsParametro = 'PUESTO_FACTURACION_ND'  
15/10/2015 18:04:19 |  SELECT tb_parametros.dsParametro ,tb_parametros.vlParametro ,tb_parametros.tpParametro ,tb_parametros.flEditable ,tb_parametros.nrTamanio ,tb_parametros.dtActualizacion  FROM tb_parametros  WHERE tb_parametros.dsParametro = 'PUESTO_FACTURACION_ND'  
15/10/2015 18:04:19 | Exec sco_DiccionariodeDatos @nmtabla_param='spu_obtener_puntosdeventa_facturacion_v2_0'
15/10/2015 18:04:19 | Exec spu_obtener_puntosdeventa_facturacion_v2_0 @nrPuesto_param = 4 ,@tipo_iva = 'CF' ,@auto_impresor = 'S' ,@tpFormadePago = 'Contado' ,@tpComprobante = 'ND' 
15/10/2015 18:04:19 |  SELECT tb_parametros.dsParametro ,tb_parametros.vlParametro ,tb_parametros.tpParametro ,tb_parametros.flEditable ,tb_parametros.nrTamanio ,tb_parametros.dtActualizacion  FROM tb_parametros  WHERE tb_parametros.dsParametro = 'PUESTO_FACTURACION_ND'  
15/10/2015 18:04:19 |  SELECT tb_parametros.dsParametro ,tb_parametros.vlParametro ,tb_parametros.tpParametro ,tb_parametros.flEditable ,tb_parametros.nrTamanio ,tb_parametros.dtActualizacion  FROM tb_parametros  WHERE tb_parametros.dsParametro = 'PUESTO_FACTURACION_ND'  
15/10/2015 18:04:19 | Exec spu_obtener_puntosdeventa_facturacion_v2_0 @nrPuesto_param = 4 ,@tipo_iva = 'CF' ,@auto_impresor = 'S' ,@tpFormadePago = 'Cuenta Corriente' ,@tpComprobante = 'ND' 
15/10/2015 18:04:19 |  SELECT tb_parametros.dsParametro ,tb_parametros.vlParametro ,tb_parametros.tpParametro ,tb_parametros.flEditable ,tb_parametros.nrTamanio ,tb_parametros.dtActualizacion  FROM tb_parametros  WHERE tb_parametros.dsParametro = 'PUESTO_FACTURACION_ND'  
15/10/2015 18:04:19 |  SELECT tb_parametros.dsParametro ,tb_parametros.vlParametro ,tb_parametros.tpParametro ,tb_parametros.flEditable ,tb_parametros.nrTamanio ,tb_parametros.dtActualizacion  FROM tb_parametros  WHERE tb_parametros.dsParametro = 'PUESTO_FACTURACION_ND'  
15/10/2015 18:04:19 | Exec sco_DiccionariodeDatos @nmtabla_param='sco_Puestos_v4_2'
15/10/2015 18:04:19 | Exec sco_Puestos_v4_2 @nrPuesto_param = 4 
15/10/2015 18:04:22 | Exec  sco_TB_Productos_v4_1 
15/10/2015 18:04:23 | Exec sco_DiccionariodeDatos @nmtabla_param='TB_Usuarios'
15/10/2015 18:04:26 |  SELECT TB_Usuarios.dsUsuario ,TB_Usuarios.dspassword ,TB_Usuarios.tpAcceso ,TB_Usuarios.nmNombre ,TB_Usuarios.nmApellido ,TB_Usuarios.flBloqueado ,TB_Usuarios.tpNivelJerarquico  FROM TB_Usuarios  WHERE TB_Usuarios.dsUsuario = 'CAMILAP'  AND  TB_Usuarios.flEliminar = 0  
15/10/2015 18:04:26 |  SELECT TB_Usuarios.dsUsuario ,TB_Usuarios.dspassword ,TB_Usuarios.tpAcceso ,TB_Usuarios.nmNombre ,TB_Usuarios.nmApellido ,TB_Usuarios.flBloqueado ,TB_Usuarios.tpNivelJerarquico  FROM TB_Usuarios  WHERE TB_Usuarios.dsUsuario = 'CAMILAP'  AND  TB_Usuarios.flEliminar = 0  
15/10/2015 18:04:26 | Exec sco_DiccionariodeDatos @nmtabla_param='sp_obtenerCajasPendientesdeAprobacion_v2_5'
15/10/2015 18:04:26 | Exec sp_obtenerCajasPendientesdeAprobacion_v2_5 @pdsUsuario_param = 'CAMILAP' 
15/10/2015 18:04:26 | Exec sp_obtenerCajasRechazadas_v2_9 
15/10/2015 18:04:26 | Exec sco_DiccionariodeDatos @nmtabla_param='TB_Parametros'
15/10/2015 18:04:26 |  SELECT TB_Parametros.vlParametro  FROM TB_Parametros  WHERE TB_Parametros.dsParametro = 'VALOR EURO'  
15/10/2015 18:04:26 |  SELECT TB_Parametros.vlParametro  FROM TB_Parametros  WHERE TB_Parametros.dsParametro = 'VALOR DOLAR'  
15/10/2015 18:04:26 | Exec SP_ValorPromoRetorno
15/10/2015 18:04:26 | Exec sco_DiccionariodeDatos @nmtabla_param='TB_Comisiones'
15/10/2015 18:04:26 |  SELECT TB_Comisiones.vlMontoMinimo  FROM TB_Comisiones  WHERE TB_Comisiones.tpComision = 'Retorno'  AND  TB_Comisiones.flEliminar = 0  
15/10/2015 18:04:26 |  SELECT TB_Parametros.vlParametro  FROM TB_Parametros  WHERE TB_Parametros.dsParametro = 'VALOR REAL'  
15/10/2015 18:04:26 | Exec sco_DiccionariodeDatos @nmtabla_param='TB_Cajas'
15/10/2015 18:04:26 |  SELECT TB_Cajas.nrCaja  FROM TB_Cajas  WHERE TB_Cajas.dsUsuario = 'CAMILAP'  and  TB_Cajas.flEstado = 0  and  TB_Cajas.tpEstadoAprobacion IS NULL  and  TB_Cajas.nrcaja > 0  
15/10/2015 18:04:28 |  SELECT TB_Cajas.nrCaja ,TB_Cajas.vlTotalSaldoFinal ,TB_Cajas.nrPuesto ,TB_Cajas.dsUsuario ,TB_Cajas.vlSaldoInicialPesos ,TB_Cajas.dtApertura ,TB_Cajas.dtCierre ,TB_Cajas.vlDiaDolar ,TB_Cajas.vlDiaEuro ,TB_Cajas.vlSaldoInicialEuros ,TB_Cajas.vlSaldoInicialDolares ,TB_Cajas.vlSaldoFinalRealPesos ,TB_Cajas.vlTotalSaldoInicial ,TB_Cajas.dtObservacion ,TB_Cajas.vlCierrePesos ,TB_Cajas.vlSaldoFinalRealDolares ,TB_Cajas.vlSaldoFinalRealEuros ,TB_Cajas.vlTotalSaldoFinalReal ,TB_Cajas.vlCierreDolares ,TB_Cajas.vlCierreEuros ,TB_Cajas.dsObservacion ,TB_Cajas.vlDiaReal ,TB_Cajas.flEstado  FROM TB_Cajas  WHERE TB_Cajas.nrCaja = 9000003767  
15/10/2015 18:04:28 | Exec sco_DiccionariodeDatos @nmtabla_param='SP_SumaCajaADM_v2_9'
15/10/2015 18:04:28 | Exec SP_SumaCajaADM_v2_9 @nrCaja_param = 9000003767 ,@tpCaja_param = 'CA' ,@tpCajaImputacion_param = null 
15/10/2015 18:04:28 |  UPDATE TB_Cajas SET TB_Cajas.vlSaldoFinalRealPesos  = 1161922.00 ,TB_Cajas.vlSaldoFinalRealEuros  = 173.00 ,TB_Cajas.vlSaldoFinalRealDolares  = 163.00 ,TB_Cajas.vlCierrePesos  = 185167.1 ,TB_Cajas.vlCierreDolares  = 163 ,TB_Cajas.vlCierreEuros  = 173   WHERE TB_Cajas.nrCaja = 9000003767  
15/10/2015 18:04:29 |  UPDATE TB_Cajas SET TB_Cajas.nrCaja  = 9000003767 ,TB_Cajas.vlTotalSaldoFinal  = 188380.40 ,TB_Cajas.nrPuesto  = 9 ,TB_Cajas.dsUsuario  = 'CAMILAP' ,TB_Cajas.vlSaldoInicialPesos  = 976755.30 ,TB_Cajas.dtApertura  = '30/07/2015 07:02:46' ,TB_Cajas.dtCierre  = null ,TB_Cajas.vlDiaDolar  = 9.10 ,TB_Cajas.vlDiaEuro  = 10.00 ,TB_Cajas.vlSaldoInicialEuros  = 0.00 ,TB_Cajas.vlSaldoInicialDolares  = 0.00 ,TB_Cajas.vlSaldoFinalRealPesos  = 976755.30 ,TB_Cajas.vlTotalSaldoInicial  = 976755.30 ,TB_Cajas.dtObservacion  = '15/10/2015 06:04:28' ,TB_Cajas.vlCierrePesos  = 185167.1 ,TB_Cajas.vlSaldoFinalRealDolares  = 163.00 ,TB_Cajas.vlSaldoFinalRealEuros  = 173.00 ,TB_Cajas.vlTotalSaldoFinalReal  = 1165135.00 ,TB_Cajas.vlCierreDolares  = 163 ,TB_Cajas.vlCierreEuros  = 173 ,TB_Cajas.dsObservacion  = null ,TB_Cajas.vlDiaReal  = 3.21 ,TB_Cajas.flCajaAdm  = 1   WHERE TB_Cajas.nrCaja = 9000003767  
15/10/2015 18:04:29 | Exec sco_DiccionariodeDatos @nmtabla_param='VW_UltimaCajaAdm'
15/10/2015 18:04:29 |  SELECT VW_UltimaCajaAdm.nrCaja ,VW_UltimaCajaAdm.vlSaldoFinalRealPesos ,VW_UltimaCajaAdm.vlSaldoFinalRealEuros ,VW_UltimaCajaAdm.vlSaldoFinalRealDolares  FROM VW_UltimaCajaAdm 
15/10/2015 18:04:29 |  SELECT TB_Cajas.nrCaja  FROM TB_Cajas  WHERE TB_Cajas.nrCaja = 9000003767  AND  TB_Cajas.flEstado = 0  
15/10/2015 18:04:29 | Exec sco_DiccionariodeDatos @nmtabla_param='sco_cajapuesto_v3_9'
15/10/2015 18:04:29 | Exec sco_cajapuesto_v3_9 @nrCaja_param = 9000003766 
15/10/2015 18:04:29 | Exec sco_cajapuesto_v3_9 @nrCaja_param = 9000003767 
15/10/2015 18:04:29 | Exec sco_DiccionariodeDatos @nmtabla_param='spu_esdifporCotizacionImputadas_v3_9'
15/10/2015 18:04:29 | Exec spu_esdifporCotizacionImputadas_v3_9 @nrCajaAdmActual = 9000003767 
15/10/2015 18:04:29 | Exec sco_validarVencimientosCAI_v4_1
15/10/2015 18:04:30 | Exec sco_DiccionariodeDatos @nmtabla_param='sco_AccesosOpcionesMenu'
15/10/2015 18:04:30 | Exec sco_AccesosOpcionesMenu @p_tpNivelAcceso = 'Administracin' ,@p_operaconcaja = 1 
15/10/2015 18:04:30 | Exec sco_AccesosOpcionesMenu @p_tpNivelAcceso = 'Administracin' ,@p_operaconcaja = 1 
15/10/2015 18:04:32 | Exec sco_DiccionariodeDatos @nmtabla_param='TB_Puestos'
15/10/2015 18:04:32 |  SELECT TB_Puestos.nrPuesto ,TB_Puestos.dsPuesto ,TB_Puestos.dsPuesto ,TB_Puestos.nrTalonario_manual ,TB_Puestos.nrTalonario_manual ,TB_Puestos.nrTalonario_automatico ,TB_Puestos.nrTalonario_automatico ,TB_Puestos.nrComprobante_manual_ult ,TB_Puestos.nrComprobante_manual_ult ,TB_Puestos.nrComprobante_automatico_ult ,TB_Puestos.nrComprobante_automatico_ult ,TB_Puestos.tpletra ,TB_Puestos.tpletra ,TB_Puestos.flFacturaCtacte  FROM TB_Puestos  WHERE  dsPuesto Like ('%%%') AND TB_Puestos.flEliminar = 0   Order by TB_Puestos.dsPuesto ASC 
15/10/2015 18:04:33 |  SELECT TB_Puestos.flFacturaCtacte ,TB_Puestos.flRespeta_secuencia_carga_manual ,TB_Puestos.tpLetra_manual ,TB_Puestos.nrComprobante_manual_ult ,TB_Puestos.nrTalonario_manual ,TB_Puestos.tpLetraEmpresa_manual ,TB_Puestos.nrComprobante_manual_empresa_ult ,TB_Puestos.nrTalonario_manual_empresa ,TB_Puestos.tpLetraRecibo_manual ,TB_Puestos.nrComprobante_manual_ctacte_ult ,TB_Puestos.nrTalonario_manual_ctacte ,TB_Puestos.nrComprobante_automatico_nc_ult ,TB_Puestos.nrComprobante_auto_empresa_nc_ult ,TB_Puestos.nrComprobante_automatico_nd_ult ,TB_Puestos.nrComprobante_auto_empresa_nd_ult ,TB_Puestos.dtCAI_Talonario_auto_empresa ,TB_Puestos.dtCAI_Talonario_auto ,TB_Puestos.nrCAI_Talonario_auto ,TB_Puestos.nrCAI_Talonario_auto_empresa ,TB_Puestos.nrTalonario_auto_ctacte ,TB_Puestos.nrComprobante_auto_ctacte_ult ,TB_Puestos.tpLetraRecibo ,TB_Puestos.nrTalonario_auto_empresa ,TB_Puestos.nrComprobante_auto_empresa_ult ,TB_Puestos.tpLetraEmpresa ,TB_Puestos.nrTalonario_automatico ,TB_Puestos.nrComprobante_automatico_ult ,TB_Puestos.tpLetra ,TB_Puestos.dsPuesto ,TB_Puestos.nrPuesto  FROM TB_Puestos  WHERE TB_Puestos.nrPuesto = 4  AND  TB_Puestos.flEliminar = 0  
15/10/2015 18:04:34 | Exec   sco_Puestos_v4_2  @nrPuesto_param=4
15/10/2015 18:04:34 | SET DATEFORMAT dmy
15/10/2015 18:04:34 | select getdate() AS FECHA
15/10/2015 18:05:08 | Exec sco_DiccionariodeDatos @nmtabla_param='tb_parametros'
15/10/2015 18:05:08 |  SELECT tb_parametros.dsParametro ,tb_parametros.vlParametro ,tb_parametros.tpParametro ,tb_parametros.flEditable ,tb_parametros.nrTamanio ,tb_parametros.dtActualizacion  FROM tb_parametros  WHERE tb_parametros.dsParametro = 'PUESTO_FACTURACION_ND'  
15/10/2015 18:05:08 |  SELECT tb_parametros.dsParametro ,tb_parametros.vlParametro ,tb_parametros.tpParametro ,tb_parametros.flEditable ,tb_parametros.nrTamanio ,tb_parametros.dtActualizacion  FROM tb_parametros  WHERE tb_parametros.dsParametro = 'PUESTO_FACTURACION_ND'  
15/10/2015 18:05:08 | Exec sco_DiccionariodeDatos @nmtabla_param='spu_obtener_puntosdeventa_facturacion_v2_0'
15/10/2015 18:05:08 | Exec spu_obtener_puntosdeventa_facturacion_v2_0 @nrPuesto_param = 4 ,@tipo_iva = 'CF' ,@auto_impresor = 'S' ,@tpFormadePago = 'Contado' ,@tpComprobante = 'ND' 
15/10/2015 18:05:08 |  SELECT tb_parametros.dsParametro ,tb_parametros.vlParametro ,tb_parametros.tpParametro ,tb_parametros.flEditable ,tb_parametros.nrTamanio ,tb_parametros.dtActualizacion  FROM tb_parametros  WHERE tb_parametros.dsParametro = 'PUESTO_FACTURACION_ND'  
15/10/2015 18:05:08 |  SELECT tb_parametros.dsParametro ,tb_parametros.vlParametro ,tb_parametros.tpParametro ,tb_parametros.flEditable ,tb_parametros.nrTamanio ,tb_parametros.dtActualizacion  FROM tb_parametros  WHERE tb_parametros.dsParametro = 'PUESTO_FACTURACION_ND'  
15/10/2015 18:05:08 | Exec spu_obtener_puntosdeventa_facturacion_v2_0 @nrPuesto_param = 4 ,@tipo_iva = 'CF' ,@auto_impresor = 'S' ,@tpFormadePago = 'Cuenta Corriente' ,@tpComprobante = 'ND' 
15/10/2015 18:05:08 |  SELECT tb_parametros.dsParametro ,tb_parametros.vlParametro ,tb_parametros.tpParametro ,tb_parametros.flEditable ,tb_parametros.nrTamanio ,tb_parametros.dtActualizacion  FROM tb_parametros  WHERE tb_parametros.dsParametro = 'PUESTO_FACTURACION_ND'  
15/10/2015 18:05:08 |  SELECT tb_parametros.dsParametro ,tb_parametros.vlParametro ,tb_parametros.tpParametro ,tb_parametros.flEditable ,tb_parametros.nrTamanio ,tb_parametros.dtActualizacion  FROM tb_parametros  WHERE tb_parametros.dsParametro = 'PUESTO_FACTURACION_ND'  
15/10/2015 18:05:08 | Exec sco_DiccionariodeDatos @nmtabla_param='sco_Puestos_v4_2'
15/10/2015 18:05:08 | Exec sco_Puestos_v4_2 @nrPuesto_param = 4 
15/10/2015 18:05:11 | Exec  sco_TB_Productos_v4_1 
15/10/2015 18:05:12 | Exec sco_DiccionariodeDatos @nmtabla_param='TB_Usuarios'
