06/11/2015 17:20:58 | Exec  sco_TB_Productos_v4_1 
06/11/2015 17:21:04 | Exec sco_DiccionariodeDatos @nmtabla_param='TB_Usuarios'
06/11/2015 17:21:07 |  SELECT TB_Usuarios.dsUsuario ,TB_Usuarios.dspassword ,TB_Usuarios.tpAcceso ,TB_Usuarios.nmNombre ,TB_Usuarios.nmApellido ,TB_Usuarios.flBloqueado ,TB_Usuarios.tpNivelJerarquico  FROM TB_Usuarios  WHERE TB_Usuarios.dsUsuario = 'CAMILAP'  AND  TB_Usuarios.flEliminar = 0  
06/11/2015 17:21:07 |  SELECT TB_Usuarios.dsUsuario ,TB_Usuarios.dspassword ,TB_Usuarios.tpAcceso ,TB_Usuarios.nmNombre ,TB_Usuarios.nmApellido ,TB_Usuarios.flBloqueado ,TB_Usuarios.tpNivelJerarquico  FROM TB_Usuarios  WHERE TB_Usuarios.dsUsuario = 'CAMILAP'  AND  TB_Usuarios.flEliminar = 0  
06/11/2015 17:21:07 | Exec sco_DiccionariodeDatos @nmtabla_param='sp_obtenerCajasPendientesdeAprobacion_v2_5'
06/11/2015 17:21:08 | Exec sp_obtenerCajasPendientesdeAprobacion_v2_5 @pdsUsuario_param = 'CAMILAP' 
06/11/2015 17:21:08 | Exec sp_obtenerCajasRechazadas_v2_9 
06/11/2015 17:21:08 | Exec sco_DiccionariodeDatos @nmtabla_param='TB_Parametros'
06/11/2015 17:21:09 |  SELECT TB_Parametros.vlParametro  FROM TB_Parametros  WHERE TB_Parametros.dsParametro = 'VALOR EURO'  
06/11/2015 17:21:09 |  SELECT TB_Parametros.vlParametro  FROM TB_Parametros  WHERE TB_Parametros.dsParametro = 'VALOR DOLAR'  
06/11/2015 17:21:09 | Exec SP_ValorPromoRetorno
06/11/2015 17:21:09 | Exec sco_DiccionariodeDatos @nmtabla_param='TB_Comisiones'
06/11/2015 17:21:09 |  SELECT TB_Comisiones.vlMontoMinimo  FROM TB_Comisiones  WHERE TB_Comisiones.tpComision = 'Retorno'  AND  TB_Comisiones.flEliminar = 0  
06/11/2015 17:21:09 |  SELECT TB_Parametros.vlParametro  FROM TB_Parametros  WHERE TB_Parametros.dsParametro = 'VALOR REAL'  
06/11/2015 17:21:09 | Exec sco_DiccionariodeDatos @nmtabla_param='TB_Cajas'
06/11/2015 17:21:10 |  SELECT TB_Cajas.nrCaja  FROM TB_Cajas  WHERE TB_Cajas.dsUsuario = 'CAMILAP'  and  TB_Cajas.flEstado = 0  and  TB_Cajas.tpEstadoAprobacion IS NULL  and  TB_Cajas.nrcaja > 0  
06/11/2015 17:21:12 |  SELECT TB_Cajas.nrCaja ,TB_Cajas.vlTotalSaldoFinal ,TB_Cajas.nrPuesto ,TB_Cajas.dsUsuario ,TB_Cajas.vlSaldoInicialPesos ,TB_Cajas.dtApertura ,TB_Cajas.dtCierre ,TB_Cajas.vlDiaDolar ,TB_Cajas.vlDiaEuro ,TB_Cajas.vlSaldoInicialEuros ,TB_Cajas.vlSaldoInicialDolares ,TB_Cajas.vlSaldoFinalRealPesos ,TB_Cajas.vlTotalSaldoInicial ,TB_Cajas.dtObservacion ,TB_Cajas.vlCierrePesos ,TB_Cajas.vlSaldoFinalRealDolares ,TB_Cajas.vlSaldoFinalRealEuros ,TB_Cajas.vlTotalSaldoFinalReal ,TB_Cajas.vlCierreDolares ,TB_Cajas.vlCierreEuros ,TB_Cajas.dsObservacion ,TB_Cajas.vlDiaReal ,TB_Cajas.flEstado  FROM TB_Cajas  WHERE TB_Cajas.nrCaja = 9000003767  
06/11/2015 17:21:12 | Exec sco_DiccionariodeDatos @nmtabla_param='SP_SumaCajaADM_v2_9'
06/11/2015 17:21:13 | Exec SP_SumaCajaADM_v2_9 @nrCaja_param = 9000003767 ,@tpCaja_param = 'CA' ,@tpCajaImputacion_param = null 
06/11/2015 17:21:13 |  UPDATE TB_Cajas SET TB_Cajas.vlSaldoFinalRealPesos  = 1161922.00 ,TB_Cajas.vlSaldoFinalRealEuros  = 173.00 ,TB_Cajas.vlSaldoFinalRealDolares  = 163.00 ,TB_Cajas.vlCierrePesos  = 185167.1 ,TB_Cajas.vlCierreDolares  = 163 ,TB_Cajas.vlCierreEuros  = 173   WHERE TB_Cajas.nrCaja = 9000003767  
06/11/2015 17:21:15 |  UPDATE TB_Cajas SET TB_Cajas.nrCaja  = 9000003767 ,TB_Cajas.vlTotalSaldoFinal  = 188380.40 ,TB_Cajas.nrPuesto  = 9 ,TB_Cajas.dsUsuario  = 'CAMILAP' ,TB_Cajas.vlSaldoInicialPesos  = 976755.30 ,TB_Cajas.dtApertura  = '30/07/2015 07:02:46' ,TB_Cajas.dtCierre  = null ,TB_Cajas.vlDiaDolar  = 9.10 ,TB_Cajas.vlDiaEuro  = 10.00 ,TB_Cajas.vlSaldoInicialEuros  = 0.00 ,TB_Cajas.vlSaldoInicialDolares  = 0.00 ,TB_Cajas.vlSaldoFinalRealPesos  = 976755.30 ,TB_Cajas.vlTotalSaldoInicial  = 976755.30 ,TB_Cajas.dtObservacion  = '06/11/2015 17:21:14' ,TB_Cajas.vlCierrePesos  = 185167.1 ,TB_Cajas.vlSaldoFinalRealDolares  = 163.00 ,TB_Cajas.vlSaldoFinalRealEuros  = 173.00 ,TB_Cajas.vlTotalSaldoFinalReal  = 1165135.00 ,TB_Cajas.vlCierreDolares  = 163 ,TB_Cajas.vlCierreEuros  = 173 ,TB_Cajas.dsObservacion  = null ,TB_Cajas.vlDiaReal  = 3.21 ,TB_Cajas.flCajaAdm  = 1   WHERE TB_Cajas.nrCaja = 9000003767  
06/11/2015 17:21:15 | Exec sco_DiccionariodeDatos @nmtabla_param='VW_UltimaCajaAdm'
06/11/2015 17:21:15 |  SELECT VW_UltimaCajaAdm.nrCaja ,VW_UltimaCajaAdm.vlSaldoFinalRealPesos ,VW_UltimaCajaAdm.vlSaldoFinalRealEuros ,VW_UltimaCajaAdm.vlSaldoFinalRealDolares  FROM VW_UltimaCajaAdm 
06/11/2015 17:21:15 |  SELECT TB_Cajas.nrCaja  FROM TB_Cajas  WHERE TB_Cajas.nrCaja = 9000003767  AND  TB_Cajas.flEstado = 0  
06/11/2015 17:21:15 | Exec sco_DiccionariodeDatos @nmtabla_param='sco_cajapuesto_v3_9'
06/11/2015 17:21:16 | Exec sco_cajapuesto_v3_9 @nrCaja_param = 9000003766 
06/11/2015 17:21:16 | Exec sco_cajapuesto_v3_9 @nrCaja_param = 9000003767 
06/11/2015 17:21:16 | Exec sco_DiccionariodeDatos @nmtabla_param='spu_esdifporCotizacionImputadas_v3_9'
06/11/2015 17:21:16 | Exec spu_esdifporCotizacionImputadas_v3_9 @nrCajaAdmActual = 9000003767 
06/11/2015 17:21:16 | Exec sco_validarVencimientosCAI_v4_1
06/11/2015 17:21:17 | Exec sco_DiccionariodeDatos @nmtabla_param='sco_AccesosOpcionesMenu'
06/11/2015 17:21:18 | Exec sco_AccesosOpcionesMenu @p_tpNivelAcceso = 'Administración' ,@p_operaconcaja = 1 
06/11/2015 17:21:18 | Exec sco_AccesosOpcionesMenu @p_tpNivelAcceso = 'Administración' ,@p_operaconcaja = 1 
06/11/2015 17:21:20 | Exec sco_cajapuesto_v3_9 @nrCaja_param = 9000003767 
06/11/2015 17:21:20 |  SELECT tb_parametros.dsParametro ,tb_parametros.vlParametro ,tb_parametros.tpParametro ,tb_parametros.flEditable ,tb_parametros.nrTamanio ,tb_parametros.dtActualizacion  FROM tb_parametros  WHERE tb_parametros.dsParametro = 'PUESTO_FACTURACION_ND'  
06/11/2015 17:21:20 | Exec sco_DiccionariodeDatos @nmtabla_param='TB_Comprobantes'
06/11/2015 17:21:20 | Exec sco_DiccionariodeDatos @nmtabla_param='sp_obtenerComision_v4_2'
06/11/2015 17:21:21 | Exec sp_obtenerComision_v4_2 @tpComprobante_param = null ,@vlTotalGeneral_param = 0 ,@tpComision_param = null ,@tpCliente_param = null ,@dsCodigoDestinos_param = null 
06/11/2015 17:21:21 | Exec sp_obtenerComision_v4_2 @tpComprobante_param = null ,@vlTotalGeneral_param = 0 ,@tpComision_param = 'A Clientes' ,@tpCliente_param = 'A Clientes' ,@dsCodigoDestinos_param = null 
06/11/2015 17:21:21 | Exec sco_DiccionariodeDatos @nmtabla_param='TB_Proveedores'
06/11/2015 17:21:21 |  SELECT TB_Proveedores.nmNombre ,TB_Proveedores.nmApellido  FROM TB_Proveedores  WHERE TB_Proveedores.tpCategoria = 'Licenciatario'  AND  TB_Proveedores.nrLicencia = 999  AND  TB_Proveedores.flEliminar = 0  
06/11/2015 17:21:40 | Exec sco_DiccionariodeDatos @nmtabla_param='spu_obtener_puntosdeventa_facturacion_v2_0'
06/11/2015 17:21:40 | Exec spu_obtener_puntosdeventa_facturacion_v2_0 @nrPuesto_param = 4 ,@tipo_iva = 'CF' ,@auto_impresor = 'S' ,@tpFormadePago = null ,@tpComprobante = 'NC' 
06/11/2015 17:21:40 | Exec sp_obtenerComision_v4_2 @tpComprobante_param = 'NC' ,@vlTotalGeneral_param = 0 ,@tpComision_param = 'A Clientes' ,@tpCliente_param = 'A Clientes' ,@dsCodigoDestinos_param = null 
06/11/2015 17:21:40 | Exec sp_obtenerComision_v4_2 @tpComprobante_param = null ,@vlTotalGeneral_param = 0 ,@tpComision_param = 'A Clientes' ,@tpCliente_param = 'A Clientes' ,@dsCodigoDestinos_param = null 
06/11/2015 17:21:40 |  SELECT TB_Proveedores.nmNombre ,TB_Proveedores.nmApellido  FROM TB_Proveedores  WHERE TB_Proveedores.tpCategoria = 'Licenciatario'  AND  TB_Proveedores.nrLicencia = 999  AND  TB_Proveedores.flEliminar = 0  
06/11/2015 17:21:40 | Exec spu_obtener_puntosdeventa_facturacion_v2_0 @nrPuesto_param = 4 ,@tipo_iva = 'CF' ,@auto_impresor = 'S' ,@tpFormadePago = null ,@tpComprobante = 'NC' 
06/11/2015 17:21:40 | Exec spu_obtener_puntosdeventa_facturacion_v2_0 @nrPuesto_param = 4 ,@tipo_iva = 'CF' ,@auto_impresor = 'S' ,@tpFormadePago = null ,@tpComprobante = 'NC' 
06/11/2015 17:21:40 | Exec sp_obtenerComision_v4_2 @tpComprobante_param = 'NC' ,@vlTotalGeneral_param = 0 ,@tpComision_param = 'A Clientes' ,@tpCliente_param = 'A Clientes' ,@dsCodigoDestinos_param = null 
06/11/2015 17:21:40 | Exec sp_obtenerComision_v4_2 @tpComprobante_param = 'NC' ,@vlTotalGeneral_param = 0 ,@tpComision_param = 'A Clientes' ,@tpCliente_param = 'A Clientes' ,@dsCodigoDestinos_param = null 
06/11/2015 17:21:40 | Exec sp_obtenerComision_v4_2 @tpComprobante_param = 'NC' ,@vlTotalGeneral_param = 0 ,@tpComision_param = 'A Clientes' ,@tpCliente_param = 'A Clientes' ,@dsCodigoDestinos_param = null 
06/11/2015 17:21:40 | Exec sco_DiccionariodeDatos @nmtabla_param='TB_Productos'
06/11/2015 17:21:43 | Exec sp_obtenerComision_v4_2 @tpComprobante_param = 'NC' ,@vlTotalGeneral_param = 0 ,@tpComision_param = 'A Clientes' ,@tpCliente_param = 'A Clientes' ,@dsCodigoDestinos_param = null 
06/11/2015 17:21:43 | Exec sp_obtenerComision_v4_2 @tpComprobante_param = 'NC' ,@vlTotalGeneral_param = 0 ,@tpComision_param = 'A Clientes' ,@tpCliente_param = 'A Clientes' ,@dsCodigoDestinos_param = null 
06/11/2015 17:21:47 | Exec sp_obtenerComision_v4_2 @tpComprobante_param = 'NC' ,@vlTotalGeneral_param = 0 ,@tpComision_param = 'A Clientes' ,@tpCliente_param = 'A Clientes' ,@dsCodigoDestinos_param = null 
06/11/2015 17:21:49 | Exec sp_obtenerComision_v4_2 @tpComprobante_param = 'NC' ,@vlTotalGeneral_param = 0 ,@tpComision_param = 'A Clientes' ,@tpCliente_param = 'A Clientes' ,@dsCodigoDestinos_param = null 
06/11/2015 17:21:54 | Exec sco_AccesosOpcionesMenu @p_tpNivelAcceso = 'Administración' ,@p_operaconcaja = 1 
06/11/2015 17:23:27 | Exec  sco_TB_Productos_v4_1 
06/11/2015 17:23:28 | Exec sco_DiccionariodeDatos @nmtabla_param='TB_Usuarios'
06/11/2015 17:23:31 |  SELECT TB_Usuarios.dsUsuario ,TB_Usuarios.dspassword ,TB_Usuarios.tpAcceso ,TB_Usuarios.nmNombre ,TB_Usuarios.nmApellido ,TB_Usuarios.flBloqueado ,TB_Usuarios.tpNivelJerarquico  FROM TB_Usuarios  WHERE TB_Usuarios.dsUsuario = 'CAMILAP'  AND  TB_Usuarios.flEliminar = 0  
06/11/2015 17:23:31 |  SELECT TB_Usuarios.dsUsuario ,TB_Usuarios.dspassword ,TB_Usuarios.tpAcceso ,TB_Usuarios.nmNombre ,TB_Usuarios.nmApellido ,TB_Usuarios.flBloqueado ,TB_Usuarios.tpNivelJerarquico  FROM TB_Usuarios  WHERE TB_Usuarios.dsUsuario = 'CAMILAP'  AND  TB_Usuarios.flEliminar = 0  
06/11/2015 17:23:31 | Exec sco_DiccionariodeDatos @nmtabla_param='sp_obtenerCajasPendientesdeAprobacion_v2_5'
06/11/2015 17:23:31 | Exec sp_obtenerCajasPendientesdeAprobacion_v2_5 @pdsUsuario_param = 'CAMILAP' 
06/11/2015 17:23:31 | Exec sp_obtenerCajasRechazadas_v2_9 
06/11/2015 17:23:31 | Exec sco_DiccionariodeDatos @nmtabla_param='TB_Parametros'
06/11/2015 17:23:31 |  SELECT TB_Parametros.vlParametro  FROM TB_Parametros  WHERE TB_Parametros.dsParametro = 'VALOR EURO'  
06/11/2015 17:23:31 |  SELECT TB_Parametros.vlParametro  FROM TB_Parametros  WHERE TB_Parametros.dsParametro = 'VALOR DOLAR'  
06/11/2015 17:23:31 | Exec SP_ValorPromoRetorno
06/11/2015 17:23:31 | Exec sco_DiccionariodeDatos @nmtabla_param='TB_Comisiones'
06/11/2015 17:23:31 |  SELECT TB_Comisiones.vlMontoMinimo  FROM TB_Comisiones  WHERE TB_Comisiones.tpComision = 'Retorno'  AND  TB_Comisiones.flEliminar = 0  
06/11/2015 17:23:31 |  SELECT TB_Parametros.vlParametro  FROM TB_Parametros  WHERE TB_Parametros.dsParametro = 'VALOR REAL'  
06/11/2015 17:23:31 | Exec sco_DiccionariodeDatos @nmtabla_param='TB_Cajas'
06/11/2015 17:23:31 |  SELECT TB_Cajas.nrCaja  FROM TB_Cajas  WHERE TB_Cajas.dsUsuario = 'CAMILAP'  and  TB_Cajas.flEstado = 0  and  TB_Cajas.tpEstadoAprobacion IS NULL  and  TB_Cajas.nrcaja > 0  
06/11/2015 17:23:32 |  SELECT TB_Cajas.nrCaja ,TB_Cajas.vlTotalSaldoFinal ,TB_Cajas.nrPuesto ,TB_Cajas.dsUsuario ,TB_Cajas.vlSaldoInicialPesos ,TB_Cajas.dtApertura ,TB_Cajas.dtCierre ,TB_Cajas.vlDiaDolar ,TB_Cajas.vlDiaEuro ,TB_Cajas.vlSaldoInicialEuros ,TB_Cajas.vlSaldoInicialDolares ,TB_Cajas.vlSaldoFinalRealPesos ,TB_Cajas.vlTotalSaldoInicial ,TB_Cajas.dtObservacion ,TB_Cajas.vlCierrePesos ,TB_Cajas.vlSaldoFinalRealDolares ,TB_Cajas.vlSaldoFinalRealEuros ,TB_Cajas.vlTotalSaldoFinalReal ,TB_Cajas.vlCierreDolares ,TB_Cajas.vlCierreEuros ,TB_Cajas.dsObservacion ,TB_Cajas.vlDiaReal ,TB_Cajas.flEstado  FROM TB_Cajas  WHERE TB_Cajas.nrCaja = 9000003767  
06/11/2015 17:23:32 | Exec sco_DiccionariodeDatos @nmtabla_param='SP_SumaCajaADM_v2_9'
06/11/2015 17:23:32 | Exec SP_SumaCajaADM_v2_9 @nrCaja_param = 9000003767 ,@tpCaja_param = 'CA' ,@tpCajaImputacion_param = null 
06/11/2015 17:23:32 |  UPDATE TB_Cajas SET TB_Cajas.vlSaldoFinalRealPesos  = 1161922.00 ,TB_Cajas.vlSaldoFinalRealEuros  = 173.00 ,TB_Cajas.vlSaldoFinalRealDolares  = 163.00 ,TB_Cajas.vlCierrePesos  = 185167.1 ,TB_Cajas.vlCierreDolares  = 163 ,TB_Cajas.vlCierreEuros  = 173   WHERE TB_Cajas.nrCaja = 9000003767  
06/11/2015 17:23:33 |  UPDATE TB_Cajas SET TB_Cajas.nrCaja  = 9000003767 ,TB_Cajas.vlTotalSaldoFinal  = 188380.40 ,TB_Cajas.nrPuesto  = 9 ,TB_Cajas.dsUsuario  = 'CAMILAP' ,TB_Cajas.vlSaldoInicialPesos  = 976755.30 ,TB_Cajas.dtApertura  = '30/07/2015 07:02:46' ,TB_Cajas.dtCierre  = null ,TB_Cajas.vlDiaDolar  = 9.10 ,TB_Cajas.vlDiaEuro  = 10.00 ,TB_Cajas.vlSaldoInicialEuros  = 0.00 ,TB_Cajas.vlSaldoInicialDolares  = 0.00 ,TB_Cajas.vlSaldoFinalRealPesos  = 976755.30 ,TB_Cajas.vlTotalSaldoInicial  = 976755.30 ,TB_Cajas.dtObservacion  = '06/11/2015 17:23:33' ,TB_Cajas.vlCierrePesos  = 185167.1 ,TB_Cajas.vlSaldoFinalRealDolares  = 163.00 ,TB_Cajas.vlSaldoFinalRealEuros  = 173.00 ,TB_Cajas.vlTotalSaldoFinalReal  = 1165135.00 ,TB_Cajas.vlCierreDolares  = 163 ,TB_Cajas.vlCierreEuros  = 173 ,TB_Cajas.dsObservacion  = null ,TB_Cajas.vlDiaReal  = 3.21 ,TB_Cajas.flCajaAdm  = 1   WHERE TB_Cajas.nrCaja = 9000003767  
06/11/2015 17:23:33 | Exec sco_DiccionariodeDatos @nmtabla_param='VW_UltimaCajaAdm'
06/11/2015 17:23:33 |  SELECT VW_UltimaCajaAdm.nrCaja ,VW_UltimaCajaAdm.vlSaldoFinalRealPesos ,VW_UltimaCajaAdm.vlSaldoFinalRealEuros ,VW_UltimaCajaAdm.vlSaldoFinalRealDolares  FROM VW_UltimaCajaAdm 
06/11/2015 17:23:33 |  SELECT TB_Cajas.nrCaja  FROM TB_Cajas  WHERE TB_Cajas.nrCaja = 9000003767  AND  TB_Cajas.flEstado = 0  
06/11/2015 17:23:34 | Exec sco_DiccionariodeDatos @nmtabla_param='sco_cajapuesto_v3_9'
06/11/2015 17:23:34 | Exec sco_cajapuesto_v3_9 @nrCaja_param = 9000003766 
06/11/2015 17:23:34 | Exec sco_cajapuesto_v3_9 @nrCaja_param = 9000003767 
06/11/2015 17:23:34 | Exec sco_DiccionariodeDatos @nmtabla_param='spu_esdifporCotizacionImputadas_v3_9'
06/11/2015 17:23:34 | Exec spu_esdifporCotizacionImputadas_v3_9 @nrCajaAdmActual = 9000003767 
06/11/2015 17:23:34 | Exec sco_validarVencimientosCAI_v4_1
06/11/2015 17:23:35 | Exec sco_DiccionariodeDatos @nmtabla_param='sco_AccesosOpcionesMenu'
06/11/2015 17:23:35 | Exec sco_AccesosOpcionesMenu @p_tpNivelAcceso = 'Administración' ,@p_operaconcaja = 1 
06/11/2015 17:23:35 | Exec sco_AccesosOpcionesMenu @p_tpNivelAcceso = 'Administración' ,@p_operaconcaja = 1 
06/11/2015 17:23:37 | Exec sco_cajapuesto_v3_9 @nrCaja_param = 9000003767 
06/11/2015 17:23:37 |  SELECT tb_parametros.dsParametro ,tb_parametros.vlParametro ,tb_parametros.tpParametro ,tb_parametros.flEditable ,tb_parametros.nrTamanio ,tb_parametros.dtActualizacion  FROM tb_parametros  WHERE tb_parametros.dsParametro = 'PUESTO_FACTURACION_ND'  
06/11/2015 17:23:37 | Exec sco_DiccionariodeDatos @nmtabla_param='TB_Comprobantes'
06/11/2015 17:23:37 | Exec sco_DiccionariodeDatos @nmtabla_param='sp_obtenerComision_v4_2'
06/11/2015 17:23:37 | Exec sp_obtenerComision_v4_2 @tpComprobante_param = null ,@vlTotalGeneral_param = 0 ,@tpComision_param = null ,@tpCliente_param = null ,@dsCodigoDestinos_param = null 
06/11/2015 17:23:37 | Exec sp_obtenerComision_v4_2 @tpComprobante_param = null ,@vlTotalGeneral_param = 0 ,@tpComision_param = 'A Clientes' ,@tpCliente_param = 'A Clientes' ,@dsCodigoDestinos_param = null 
06/11/2015 17:23:37 | Exec sco_DiccionariodeDatos @nmtabla_param='TB_Proveedores'
06/11/2015 17:23:37 |  SELECT TB_Proveedores.nmNombre ,TB_Proveedores.nmApellido  FROM TB_Proveedores  WHERE TB_Proveedores.tpCategoria = 'Licenciatario'  AND  TB_Proveedores.nrLicencia = 999  AND  TB_Proveedores.flEliminar = 0  
06/11/2015 17:23:37 | Exec sco_DiccionariodeDatos @nmtabla_param='spu_obtener_puntosdeventa_facturacion_v2_0'
06/11/2015 17:23:37 | Exec spu_obtener_puntosdeventa_facturacion_v2_0 @nrPuesto_param = 4 ,@tipo_iva = 'CF' ,@auto_impresor = 'S' ,@tpFormadePago = null ,@tpComprobante = 'NC' 
06/11/2015 17:23:37 | Exec sp_obtenerComision_v4_2 @tpComprobante_param = 'NC' ,@vlTotalGeneral_param = 0 ,@tpComision_param = 'A Clientes' ,@tpCliente_param = 'A Clientes' ,@dsCodigoDestinos_param = null 
06/11/2015 17:23:37 |  SELECT TB_Proveedores.nmNombre ,TB_Proveedores.nmApellido  FROM TB_Proveedores  WHERE TB_Proveedores.tpCategoria = 'Licenciatario'  AND  TB_Proveedores.nrLicencia = 999  AND  TB_Proveedores.flEliminar = 0  
06/11/2015 17:23:37 | Exec spu_obtener_puntosdeventa_facturacion_v2_0 @nrPuesto_param = 4 ,@tipo_iva = 'CF' ,@auto_impresor = 'S' ,@tpFormadePago = null ,@tpComprobante = 'NC' 
06/11/2015 17:23:37 | Exec spu_obtener_puntosdeventa_facturacion_v2_0 @nrPuesto_param = 4 ,@tipo_iva = 'CF' ,@auto_impresor = 'S' ,@tpFormadePago = null ,@tpComprobante = 'NC' 
06/11/2015 17:23:37 | Exec sp_obtenerComision_v4_2 @tpComprobante_param = 'NC' ,@vlTotalGeneral_param = 0 ,@tpComision_param = 'A Clientes' ,@tpCliente_param = 'A Clientes' ,@dsCodigoDestinos_param = null 
06/11/2015 17:23:37 | Exec sp_obtenerComision_v4_2 @tpComprobante_param = 'NC' ,@vlTotalGeneral_param = 0 ,@tpComision_param = 'A Clientes' ,@tpCliente_param = 'A Clientes' ,@dsCodigoDestinos_param = null 
06/11/2015 17:23:37 | Exec sp_obtenerComision_v4_2 @tpComprobante_param = 'NC' ,@vlTotalGeneral_param = 0 ,@tpComision_param = 'A Clientes' ,@tpCliente_param = 'A Clientes' ,@dsCodigoDestinos_param = null 
06/11/2015 17:23:37 | Exec sco_DiccionariodeDatos @nmtabla_param='TB_Productos'
06/11/2015 17:23:40 | Exec sp_obtenerComision_v4_2 @tpComprobante_param = 'NC' ,@vlTotalGeneral_param = 0 ,@tpComision_param = 'A Clientes' ,@tpCliente_param = 'A Clientes' ,@dsCodigoDestinos_param = null 
06/11/2015 17:23:40 | Exec sp_obtenerComision_v4_2 @tpComprobante_param = 'NC' ,@vlTotalGeneral_param = 0 ,@tpComision_param = 'A Clientes' ,@tpCliente_param = 'A Clientes' ,@dsCodigoDestinos_param = null 
06/11/2015 17:23:46 | Exec sco_AccesosOpcionesMenu @p_tpNivelAcceso = 'Administración' ,@p_operaconcaja = 1 
06/11/2015 17:27:20 | Exec  sco_TB_Productos_v4_1 
06/11/2015 17:27:21 | Exec sco_DiccionariodeDatos @nmtabla_param='TB_Usuarios'
06/11/2015 17:27:24 |  SELECT TB_Usuarios.dsUsuario ,TB_Usuarios.dspassword ,TB_Usuarios.tpAcceso ,TB_Usuarios.nmNombre ,TB_Usuarios.nmApellido ,TB_Usuarios.flBloqueado ,TB_Usuarios.tpNivelJerarquico  FROM TB_Usuarios  WHERE TB_Usuarios.dsUsuario = 'CAMILAP'  AND  TB_Usuarios.flEliminar = 0  
06/11/2015 17:27:24 |  SELECT TB_Usuarios.dsUsuario ,TB_Usuarios.dspassword ,TB_Usuarios.tpAcceso ,TB_Usuarios.nmNombre ,TB_Usuarios.nmApellido ,TB_Usuarios.flBloqueado ,TB_Usuarios.tpNivelJerarquico  FROM TB_Usuarios  WHERE TB_Usuarios.dsUsuario = 'CAMILAP'  AND  TB_Usuarios.flEliminar = 0  
06/11/2015 17:27:24 | Exec sco_DiccionariodeDatos @nmtabla_param='sp_obtenerCajasPendientesdeAprobacion_v2_5'
06/11/2015 17:27:24 | Exec sp_obtenerCajasPendientesdeAprobacion_v2_5 @pdsUsuario_param = 'CAMILAP' 
06/11/2015 17:27:24 | Exec sp_obtenerCajasRechazadas_v2_9 
06/11/2015 17:27:24 | Exec sco_DiccionariodeDatos @nmtabla_param='TB_Parametros'
06/11/2015 17:27:24 |  SELECT TB_Parametros.vlParametro  FROM TB_Parametros  WHERE TB_Parametros.dsParametro = 'VALOR EURO'  
06/11/2015 17:27:24 |  SELECT TB_Parametros.vlParametro  FROM TB_Parametros  WHERE TB_Parametros.dsParametro = 'VALOR DOLAR'  
06/11/2015 17:27:24 | Exec SP_ValorPromoRetorno
06/11/2015 17:27:24 | Exec sco_DiccionariodeDatos @nmtabla_param='TB_Comisiones'
06/11/2015 17:27:24 |  SELECT TB_Comisiones.vlMontoMinimo  FROM TB_Comisiones  WHERE TB_Comisiones.tpComision = 'Retorno'  AND  TB_Comisiones.flEliminar = 0  
06/11/2015 17:27:24 |  SELECT TB_Parametros.vlParametro  FROM TB_Parametros  WHERE TB_Parametros.dsParametro = 'VALOR REAL'  
06/11/2015 17:27:24 | Exec sco_DiccionariodeDatos @nmtabla_param='TB_Cajas'
06/11/2015 17:27:24 |  SELECT TB_Cajas.nrCaja  FROM TB_Cajas  WHERE TB_Cajas.dsUsuario = 'CAMILAP'  and  TB_Cajas.flEstado = 0  and  TB_Cajas.tpEstadoAprobacion IS NULL  and  TB_Cajas.nrcaja > 0  
06/11/2015 17:27:26 |  SELECT TB_Cajas.nrCaja ,TB_Cajas.vlTotalSaldoFinal ,TB_Cajas.nrPuesto ,TB_Cajas.dsUsuario ,TB_Cajas.vlSaldoInicialPesos ,TB_Cajas.dtApertura ,TB_Cajas.dtCierre ,TB_Cajas.vlDiaDolar ,TB_Cajas.vlDiaEuro ,TB_Cajas.vlSaldoInicialEuros ,TB_Cajas.vlSaldoInicialDolares ,TB_Cajas.vlSaldoFinalRealPesos ,TB_Cajas.vlTotalSaldoInicial ,TB_Cajas.dtObservacion ,TB_Cajas.vlCierrePesos ,TB_Cajas.vlSaldoFinalRealDolares ,TB_Cajas.vlSaldoFinalRealEuros ,TB_Cajas.vlTotalSaldoFinalReal ,TB_Cajas.vlCierreDolares ,TB_Cajas.vlCierreEuros ,TB_Cajas.dsObservacion ,TB_Cajas.vlDiaReal ,TB_Cajas.flEstado  FROM TB_Cajas  WHERE TB_Cajas.nrCaja = 9000003767  
06/11/2015 17:27:26 | Exec sco_DiccionariodeDatos @nmtabla_param='SP_SumaCajaADM_v2_9'
06/11/2015 17:27:26 | Exec SP_SumaCajaADM_v2_9 @nrCaja_param = 9000003767 ,@tpCaja_param = 'CA' ,@tpCajaImputacion_param = null 
06/11/2015 17:27:26 |  UPDATE TB_Cajas SET TB_Cajas.vlSaldoFinalRealPesos  = 1161922.00 ,TB_Cajas.vlSaldoFinalRealEuros  = 173.00 ,TB_Cajas.vlSaldoFinalRealDolares  = 163.00 ,TB_Cajas.vlCierrePesos  = 185167.1 ,TB_Cajas.vlCierreDolares  = 163 ,TB_Cajas.vlCierreEuros  = 173   WHERE TB_Cajas.nrCaja = 9000003767  
06/11/2015 17:27:27 |  UPDATE TB_Cajas SET TB_Cajas.nrCaja  = 9000003767 ,TB_Cajas.vlTotalSaldoFinal  = 188380.40 ,TB_Cajas.nrPuesto  = 9 ,TB_Cajas.dsUsuario  = 'CAMILAP' ,TB_Cajas.vlSaldoInicialPesos  = 976755.30 ,TB_Cajas.dtApertura  = '30/07/2015 07:02:46' ,TB_Cajas.dtCierre  = null ,TB_Cajas.vlDiaDolar  = 9.10 ,TB_Cajas.vlDiaEuro  = 10.00 ,TB_Cajas.vlSaldoInicialEuros  = 0.00 ,TB_Cajas.vlSaldoInicialDolares  = 0.00 ,TB_Cajas.vlSaldoFinalRealPesos  = 976755.30 ,TB_Cajas.vlTotalSaldoInicial  = 976755.30 ,TB_Cajas.dtObservacion  = '06/11/2015 17:27:26' ,TB_Cajas.vlCierrePesos  = 185167.1 ,TB_Cajas.vlSaldoFinalRealDolares  = 163.00 ,TB_Cajas.vlSaldoFinalRealEuros  = 173.00 ,TB_Cajas.vlTotalSaldoFinalReal  = 1165135.00 ,TB_Cajas.vlCierreDolares  = 163 ,TB_Cajas.vlCierreEuros  = 173 ,TB_Cajas.dsObservacion  = null ,TB_Cajas.vlDiaReal  = 3.21 ,TB_Cajas.flCajaAdm  = 1   WHERE TB_Cajas.nrCaja = 9000003767  
06/11/2015 17:27:27 | Exec sco_DiccionariodeDatos @nmtabla_param='VW_UltimaCajaAdm'
06/11/2015 17:27:27 |  SELECT VW_UltimaCajaAdm.nrCaja ,VW_UltimaCajaAdm.vlSaldoFinalRealPesos ,VW_UltimaCajaAdm.vlSaldoFinalRealEuros ,VW_UltimaCajaAdm.vlSaldoFinalRealDolares  FROM VW_UltimaCajaAdm 
06/11/2015 17:27:27 |  SELECT TB_Cajas.nrCaja  FROM TB_Cajas  WHERE TB_Cajas.nrCaja = 9000003767  AND  TB_Cajas.flEstado = 0  
06/11/2015 17:27:27 | Exec sco_DiccionariodeDatos @nmtabla_param='sco_cajapuesto_v3_9'
06/11/2015 17:27:27 | Exec sco_cajapuesto_v3_9 @nrCaja_param = 9000003766 
06/11/2015 17:27:27 | Exec sco_cajapuesto_v3_9 @nrCaja_param = 9000003767 
06/11/2015 17:27:27 | Exec sco_DiccionariodeDatos @nmtabla_param='spu_esdifporCotizacionImputadas_v3_9'
06/11/2015 17:27:27 | Exec spu_esdifporCotizacionImputadas_v3_9 @nrCajaAdmActual = 9000003767 
06/11/2015 17:27:27 | Exec sco_validarVencimientosCAI_v4_1
06/11/2015 17:27:28 | Exec sco_DiccionariodeDatos @nmtabla_param='sco_AccesosOpcionesMenu'
06/11/2015 17:27:28 | Exec sco_AccesosOpcionesMenu @p_tpNivelAcceso = 'Administración' ,@p_operaconcaja = 1 
06/11/2015 17:27:28 | Exec sco_AccesosOpcionesMenu @p_tpNivelAcceso = 'Administración' ,@p_operaconcaja = 1 
06/11/2015 17:27:32 | Exec sco_cajapuesto_v3_9 @nrCaja_param = 9000003767 
06/11/2015 17:27:32 |  SELECT tb_parametros.dsParametro ,tb_parametros.vlParametro ,tb_parametros.tpParametro ,tb_parametros.flEditable ,tb_parametros.nrTamanio ,tb_parametros.dtActualizacion  FROM tb_parametros  WHERE tb_parametros.dsParametro = 'PUESTO_FACTURACION_ND'  
06/11/2015 17:27:32 | Exec sco_DiccionariodeDatos @nmtabla_param='TB_Comprobantes'
06/11/2015 17:27:32 | Exec sco_DiccionariodeDatos @nmtabla_param='sp_obtenerComision_v4_2'
06/11/2015 17:27:32 | Exec sp_obtenerComision_v4_2 @tpComprobante_param = null ,@vlTotalGeneral_param = 0 ,@tpComision_param = null ,@tpCliente_param = null ,@dsCodigoDestinos_param = null 
06/11/2015 17:27:32 | Exec sp_obtenerComision_v4_2 @tpComprobante_param = null ,@vlTotalGeneral_param = 0 ,@tpComision_param = 'A Clientes' ,@tpCliente_param = 'A Clientes' ,@dsCodigoDestinos_param = null 
06/11/2015 17:27:32 | Exec sco_DiccionariodeDatos @nmtabla_param='TB_Proveedores'
06/11/2015 17:27:32 |  SELECT TB_Proveedores.nmNombre ,TB_Proveedores.nmApellido  FROM TB_Proveedores  WHERE TB_Proveedores.tpCategoria = 'Licenciatario'  AND  TB_Proveedores.nrLicencia = 999  AND  TB_Proveedores.flEliminar = 0  
06/11/2015 17:27:32 | Exec sco_DiccionariodeDatos @nmtabla_param='spu_obtener_puntosdeventa_facturacion_v2_0'
06/11/2015 17:27:32 | Exec spu_obtener_puntosdeventa_facturacion_v2_0 @nrPuesto_param = 4 ,@tipo_iva = 'CF' ,@auto_impresor = 'S' ,@tpFormadePago = null ,@tpComprobante = 'NC' 
06/11/2015 17:27:32 | Exec sp_obtenerComision_v4_2 @tpComprobante_param = 'NC' ,@vlTotalGeneral_param = 0 ,@tpComision_param = 'A Clientes' ,@tpCliente_param = 'A Clientes' ,@dsCodigoDestinos_param = null 
06/11/2015 17:27:32 |  SELECT TB_Proveedores.nmNombre ,TB_Proveedores.nmApellido  FROM TB_Proveedores  WHERE TB_Proveedores.tpCategoria = 'Licenciatario'  AND  TB_Proveedores.nrLicencia = 999  AND  TB_Proveedores.flEliminar = 0  
06/11/2015 17:27:32 | Exec spu_obtener_puntosdeventa_facturacion_v2_0 @nrPuesto_param = 4 ,@tipo_iva = 'CF' ,@auto_impresor = 'S' ,@tpFormadePago = null ,@tpComprobante = 'NC' 
06/11/2015 17:27:32 | Exec spu_obtener_puntosdeventa_facturacion_v2_0 @nrPuesto_param = 4 ,@tipo_iva = 'CF' ,@auto_impresor = 'S' ,@tpFormadePago = null ,@tpComprobante = 'NC' 
06/11/2015 17:27:32 | Exec sp_obtenerComision_v4_2 @tpComprobante_param = 'NC' ,@vlTotalGeneral_param = 0 ,@tpComision_param = 'A Clientes' ,@tpCliente_param = 'A Clientes' ,@dsCodigoDestinos_param = null 
06/11/2015 17:27:32 | Exec sco_DiccionariodeDatos @nmtabla_param='TB_Productos'
06/11/2015 17:27:37 | Exec sp_obtenerComision_v4_2 @tpComprobante_param = 'NC' ,@vlTotalGeneral_param = 0 ,@tpComision_param = 'A Clientes' ,@tpCliente_param = 'A Clientes' ,@dsCodigoDestinos_param = null 
06/11/2015 17:27:40 | Exec sco_AccesosOpcionesMenu @p_tpNivelAcceso = 'Administración' ,@p_operaconcaja = 1 
06/11/2015 17:28:08 | Exec  sco_TB_Productos_v4_1 
06/11/2015 17:28:09 | Exec sco_DiccionariodeDatos @nmtabla_param='TB_Usuarios'
06/11/2015 17:28:13 |  SELECT TB_Usuarios.dsUsuario ,TB_Usuarios.dspassword ,TB_Usuarios.tpAcceso ,TB_Usuarios.nmNombre ,TB_Usuarios.nmApellido ,TB_Usuarios.flBloqueado ,TB_Usuarios.tpNivelJerarquico  FROM TB_Usuarios  WHERE TB_Usuarios.dsUsuario = 'CAMILAP'  AND  TB_Usuarios.flEliminar = 0  
06/11/2015 17:28:13 |  SELECT TB_Usuarios.dsUsuario ,TB_Usuarios.dspassword ,TB_Usuarios.tpAcceso ,TB_Usuarios.nmNombre ,TB_Usuarios.nmApellido ,TB_Usuarios.flBloqueado ,TB_Usuarios.tpNivelJerarquico  FROM TB_Usuarios  WHERE TB_Usuarios.dsUsuario = 'CAMILAP'  AND  TB_Usuarios.flEliminar = 0  
06/11/2015 17:28:13 | Exec sco_DiccionariodeDatos @nmtabla_param='sp_obtenerCajasPendientesdeAprobacion_v2_5'
06/11/2015 17:28:13 | Exec sp_obtenerCajasPendientesdeAprobacion_v2_5 @pdsUsuario_param = 'CAMILAP' 
06/11/2015 17:28:13 | Exec sp_obtenerCajasRechazadas_v2_9 
06/11/2015 17:28:13 | Exec sco_DiccionariodeDatos @nmtabla_param='TB_Parametros'
06/11/2015 17:28:13 |  SELECT TB_Parametros.vlParametro  FROM TB_Parametros  WHERE TB_Parametros.dsParametro = 'VALOR EURO'  
06/11/2015 17:28:13 |  SELECT TB_Parametros.vlParametro  FROM TB_Parametros  WHERE TB_Parametros.dsParametro = 'VALOR DOLAR'  
06/11/2015 17:28:13 | Exec SP_ValorPromoRetorno
06/11/2015 17:28:13 | Exec sco_DiccionariodeDatos @nmtabla_param='TB_Comisiones'
06/11/2015 17:28:13 |  SELECT TB_Comisiones.vlMontoMinimo  FROM TB_Comisiones  WHERE TB_Comisiones.tpComision = 'Retorno'  AND  TB_Comisiones.flEliminar = 0  
06/11/2015 17:28:13 |  SELECT TB_Parametros.vlParametro  FROM TB_Parametros  WHERE TB_Parametros.dsParametro = 'VALOR REAL'  
06/11/2015 17:28:13 | Exec sco_DiccionariodeDatos @nmtabla_param='TB_Cajas'
06/11/2015 17:28:13 |  SELECT TB_Cajas.nrCaja  FROM TB_Cajas  WHERE TB_Cajas.dsUsuario = 'CAMILAP'  and  TB_Cajas.flEstado = 0  and  TB_Cajas.tpEstadoAprobacion IS NULL  and  TB_Cajas.nrcaja > 0  
06/11/2015 17:28:14 |  SELECT TB_Cajas.nrCaja ,TB_Cajas.vlTotalSaldoFinal ,TB_Cajas.nrPuesto ,TB_Cajas.dsUsuario ,TB_Cajas.vlSaldoInicialPesos ,TB_Cajas.dtApertura ,TB_Cajas.dtCierre ,TB_Cajas.vlDiaDolar ,TB_Cajas.vlDiaEuro ,TB_Cajas.vlSaldoInicialEuros ,TB_Cajas.vlSaldoInicialDolares ,TB_Cajas.vlSaldoFinalRealPesos ,TB_Cajas.vlTotalSaldoInicial ,TB_Cajas.dtObservacion ,TB_Cajas.vlCierrePesos ,TB_Cajas.vlSaldoFinalRealDolares ,TB_Cajas.vlSaldoFinalRealEuros ,TB_Cajas.vlTotalSaldoFinalReal ,TB_Cajas.vlCierreDolares ,TB_Cajas.vlCierreEuros ,TB_Cajas.dsObservacion ,TB_Cajas.vlDiaReal ,TB_Cajas.flEstado  FROM TB_Cajas  WHERE TB_Cajas.nrCaja = 9000003767  
06/11/2015 17:28:14 | Exec sco_DiccionariodeDatos @nmtabla_param='SP_SumaCajaADM_v2_9'
06/11/2015 17:28:14 | Exec SP_SumaCajaADM_v2_9 @nrCaja_param = 9000003767 ,@tpCaja_param = 'CA' ,@tpCajaImputacion_param = null 
06/11/2015 17:28:14 |  UPDATE TB_Cajas SET TB_Cajas.vlSaldoFinalRealPesos  = 1161922.00 ,TB_Cajas.vlSaldoFinalRealEuros  = 173.00 ,TB_Cajas.vlSaldoFinalRealDolares  = 163.00 ,TB_Cajas.vlCierrePesos  = 185167.1 ,TB_Cajas.vlCierreDolares  = 163 ,TB_Cajas.vlCierreEuros  = 173   WHERE TB_Cajas.nrCaja = 9000003767  
06/11/2015 17:28:15 |  UPDATE TB_Cajas SET TB_Cajas.nrCaja  = 9000003767 ,TB_Cajas.vlTotalSaldoFinal  = 188380.40 ,TB_Cajas.nrPuesto  = 9 ,TB_Cajas.dsUsuario  = 'CAMILAP' ,TB_Cajas.vlSaldoInicialPesos  = 976755.30 ,TB_Cajas.dtApertura  = '30/07/2015 07:02:46' ,TB_Cajas.dtCierre  = null ,TB_Cajas.vlDiaDolar  = 9.10 ,TB_Cajas.vlDiaEuro  = 10.00 ,TB_Cajas.vlSaldoInicialEuros  = 0.00 ,TB_Cajas.vlSaldoInicialDolares  = 0.00 ,TB_Cajas.vlSaldoFinalRealPesos  = 976755.30 ,TB_Cajas.vlTotalSaldoInicial  = 976755.30 ,TB_Cajas.dtObservacion  = '06/11/2015 17:28:15' ,TB_Cajas.vlCierrePesos  = 185167.1 ,TB_Cajas.vlSaldoFinalRealDolares  = 163.00 ,TB_Cajas.vlSaldoFinalRealEuros  = 173.00 ,TB_Cajas.vlTotalSaldoFinalReal  = 1165135.00 ,TB_Cajas.vlCierreDolares  = 163 ,TB_Cajas.vlCierreEuros  = 173 ,TB_Cajas.dsObservacion  = null ,TB_Cajas.vlDiaReal  = 3.21 ,TB_Cajas.flCajaAdm  = 1   WHERE TB_Cajas.nrCaja = 9000003767  
06/11/2015 17:28:15 | Exec sco_DiccionariodeDatos @nmtabla_param='VW_UltimaCajaAdm'
06/11/2015 17:28:15 |  SELECT VW_UltimaCajaAdm.nrCaja ,VW_UltimaCajaAdm.vlSaldoFinalRealPesos ,VW_UltimaCajaAdm.vlSaldoFinalRealEuros ,VW_UltimaCajaAdm.vlSaldoFinalRealDolares  FROM VW_UltimaCajaAdm 
06/11/2015 17:28:15 |  SELECT TB_Cajas.nrCaja  FROM TB_Cajas  WHERE TB_Cajas.nrCaja = 9000003767  AND  TB_Cajas.flEstado = 0  
06/11/2015 17:28:15 | Exec sco_DiccionariodeDatos @nmtabla_param='sco_cajapuesto_v3_9'
06/11/2015 17:28:15 | Exec sco_cajapuesto_v3_9 @nrCaja_param = 9000003766 
06/11/2015 17:28:15 | Exec sco_cajapuesto_v3_9 @nrCaja_param = 9000003767 
06/11/2015 17:28:15 | Exec sco_DiccionariodeDatos @nmtabla_param='spu_esdifporCotizacionImputadas_v3_9'
06/11/2015 17:28:15 | Exec spu_esdifporCotizacionImputadas_v3_9 @nrCajaAdmActual = 9000003767 
06/11/2015 17:28:15 | Exec sco_validarVencimientosCAI_v4_1
06/11/2015 17:28:16 | Exec sco_DiccionariodeDatos @nmtabla_param='sco_AccesosOpcionesMenu'
06/11/2015 17:28:16 | Exec sco_AccesosOpcionesMenu @p_tpNivelAcceso = 'Administración' ,@p_operaconcaja = 1 
06/11/2015 17:28:16 | Exec sco_AccesosOpcionesMenu @p_tpNivelAcceso = 'Administración' ,@p_operaconcaja = 1 
06/11/2015 17:28:19 | Exec sco_cajapuesto_v3_9 @nrCaja_param = 9000003767 
06/11/2015 17:28:19 |  SELECT tb_parametros.dsParametro ,tb_parametros.vlParametro ,tb_parametros.tpParametro ,tb_parametros.flEditable ,tb_parametros.nrTamanio ,tb_parametros.dtActualizacion  FROM tb_parametros  WHERE tb_parametros.dsParametro = 'PUESTO_FACTURACION_ND'  
06/11/2015 17:28:19 | Exec sco_DiccionariodeDatos @nmtabla_param='TB_Comprobantes'
06/11/2015 17:28:19 | Exec sco_DiccionariodeDatos @nmtabla_param='sp_obtenerComision_v4_2'
06/11/2015 17:28:19 | Exec sp_obtenerComision_v4_2 @tpComprobante_param = null ,@vlTotalGeneral_param = 0 ,@tpComision_param = null ,@tpCliente_param = null ,@dsCodigoDestinos_param = null 
06/11/2015 17:28:19 | Exec sp_obtenerComision_v4_2 @tpComprobante_param = null ,@vlTotalGeneral_param = 0 ,@tpComision_param = 'A Clientes' ,@tpCliente_param = 'A Clientes' ,@dsCodigoDestinos_param = null 
06/11/2015 17:28:19 | Exec sco_DiccionariodeDatos @nmtabla_param='TB_Proveedores'
06/11/2015 17:28:19 |  SELECT TB_Proveedores.nmNombre ,TB_Proveedores.nmApellido  FROM TB_Proveedores  WHERE TB_Proveedores.tpCategoria = 'Licenciatario'  AND  TB_Proveedores.nrLicencia = 999  AND  TB_Proveedores.flEliminar = 0  
06/11/2015 17:28:19 | Exec sco_DiccionariodeDatos @nmtabla_param='spu_obtener_puntosdeventa_facturacion_v2_0'
06/11/2015 17:28:19 | Exec spu_obtener_puntosdeventa_facturacion_v2_0 @nrPuesto_param = 4 ,@tipo_iva = 'CF' ,@auto_impresor = 'S' ,@tpFormadePago = null ,@tpComprobante = 'NC' 
06/11/2015 17:28:19 | Exec sp_obtenerComision_v4_2 @tpComprobante_param = 'NC' ,@vlTotalGeneral_param = 0 ,@tpComision_param = 'A Clientes' ,@tpCliente_param = 'A Clientes' ,@dsCodigoDestinos_param = null 
06/11/2015 17:28:19 |  SELECT TB_Proveedores.nmNombre ,TB_Proveedores.nmApellido  FROM TB_Proveedores  WHERE TB_Proveedores.tpCategoria = 'Licenciatario'  AND  TB_Proveedores.nrLicencia = 999  AND  TB_Proveedores.flEliminar = 0  
06/11/2015 17:28:19 | Exec spu_obtener_puntosdeventa_facturacion_v2_0 @nrPuesto_param = 4 ,@tipo_iva = 'CF' ,@auto_impresor = 'S' ,@tpFormadePago = null ,@tpComprobante = 'NC' 
06/11/2015 17:28:19 | Exec spu_obtener_puntosdeventa_facturacion_v2_0 @nrPuesto_param = 4 ,@tipo_iva = 'CF' ,@auto_impresor = 'S' ,@tpFormadePago = null ,@tpComprobante = 'NC' 
06/11/2015 17:28:19 | Exec sp_obtenerComision_v4_2 @tpComprobante_param = 'NC' ,@vlTotalGeneral_param = 0 ,@tpComision_param = 'A Clientes' ,@tpCliente_param = 'A Clientes' ,@dsCodigoDestinos_param = null 
06/11/2015 17:28:19 | Exec sp_obtenerComision_v4_2 @tpComprobante_param = 'NC' ,@vlTotalGeneral_param = 0 ,@tpComision_param = 'A Clientes' ,@tpCliente_param = 'A Clientes' ,@dsCodigoDestinos_param = null 
06/11/2015 17:28:19 | Exec sco_DiccionariodeDatos @nmtabla_param='TB_Productos'
06/11/2015 17:28:23 | Exec sp_obtenerComision_v4_2 @tpComprobante_param = 'NC' ,@vlTotalGeneral_param = 0 ,@tpComision_param = 'A Clientes' ,@tpCliente_param = 'A Clientes' ,@dsCodigoDestinos_param = null 
06/11/2015 17:28:54 |  SELECT tb_parametros.dsParametro ,tb_parametros.vlParametro ,tb_parametros.tpParametro ,tb_parametros.flEditable ,tb_parametros.nrTamanio ,tb_parametros.dtActualizacion  FROM tb_parametros  WHERE tb_parametros.dsParametro = 'CALCULA_IVA_LIC_990'  
06/11/2015 17:28:56 | Exec sp_obtenerComision_v4_2 @tpComprobante_param = 'NC' ,@vlTotalGeneral_param = 0 ,@tpComision_param = 'A Clientes' ,@tpCliente_param = 'A Clientes' ,@dsCodigoDestinos_param = null 
06/11/2015 17:29:06 | Exec sp_obtenerComision_v4_2 @tpComprobante_param = 'NC' ,@vlTotalGeneral_param = 0 ,@tpComision_param = 'A Clientes' ,@tpCliente_param = 'A Clientes' ,@dsCodigoDestinos_param = null 
06/11/2015 17:29:11 | Exec sco_DiccionariodeDatos @nmtabla_param='TB_Clientes'
06/11/2015 17:29:11 |  SELECT TB_Clientes.dsRazonSocial ,TB_Clientes.nmApellido ,TB_Clientes.nmNombre ,TB_Clientes.dsDomicilio ,TB_Clientes.nrDoc ,TB_Clientes.nmLocalidad ,TB_Clientes.dsEmail ,TB_Clientes.nrTel ,TB_Clientes.cdPostal ,TB_Clientes.tpIVA ,TB_Clientes.tpFormadePago  FROM TB_Clientes  WHERE TB_Clientes.flEliminar = 0  AND  TB_Clientes.cdCliente = 4013  AND ( TB_Clientes.dtBaja > '06-11-2015'  OR  TB_Clientes.dtBaja IS NULL  )  
06/11/2015 17:29:11 | Exec spu_obtener_puntosdeventa_facturacion_v2_0 @nrPuesto_param = 4 ,@tipo_iva = 'EX' ,@auto_impresor = 'S' ,@tpFormadePago = 'Cuenta Corriente' ,@tpComprobante = 'NC' 
06/11/2015 17:29:11 | Exec sp_obtenerComision_v4_2 @tpComprobante_param = 'NC' ,@vlTotalGeneral_param = 0 ,@tpComision_param = 'A Clientes' ,@tpCliente_param = 'A Clientes' ,@dsCodigoDestinos_param = null 
06/11/2015 17:29:11 | Exec sp_obtenerComision_v4_2 @tpComprobante_param = 'NC' ,@vlTotalGeneral_param = 0 ,@tpComision_param = 'A Clientes' ,@tpCliente_param = 'A Clientes' ,@dsCodigoDestinos_param = null 
06/11/2015 17:29:22 |  SELECT tb_parametros.dsParametro ,tb_parametros.vlParametro ,tb_parametros.tpParametro ,tb_parametros.flEditable ,tb_parametros.nrTamanio ,tb_parametros.dtActualizacion  FROM tb_parametros  WHERE tb_parametros.dsParametro = 'CALCULA_IVA_LIC_990'  
06/11/2015 17:29:29 |  SELECT TB_Clientes.dsRazonSocial ,TB_Clientes.nmApellido ,TB_Clientes.nmNombre ,TB_Clientes.dsDomicilio ,TB_Clientes.nrDoc ,TB_Clientes.nmLocalidad ,TB_Clientes.dsEmail ,TB_Clientes.nrTel ,TB_Clientes.cdPostal ,TB_Clientes.tpIVA ,TB_Clientes.tpFormadePago  FROM TB_Clientes  WHERE TB_Clientes.flEliminar = 0  AND  TB_Clientes.cdCliente = 4013  AND ( TB_Clientes.dtBaja > '06-11-2015'  OR  TB_Clientes.dtBaja IS NULL  )  
06/11/2015 17:29:29 | Exec spu_obtener_puntosdeventa_facturacion_v2_0 @nrPuesto_param = 4 ,@tipo_iva = 'EX' ,@auto_impresor = 'S' ,@tpFormadePago = 'Cuenta Corriente' ,@tpComprobante = 'NC' 
06/11/2015 17:29:29 | Exec sp_obtenerComision_v4_2 @tpComprobante_param = 'NC' ,@vlTotalGeneral_param = 0 ,@tpComision_param = 'A Clientes' ,@tpCliente_param = 'A Clientes' ,@dsCodigoDestinos_param = null 
06/11/2015 17:29:29 | Exec sp_obtenerComision_v4_2 @tpComprobante_param = 'NC' ,@vlTotalGeneral_param = 0 ,@tpComision_param = 'A Clientes' ,@tpCliente_param = 'A Clientes' ,@dsCodigoDestinos_param = null 
06/11/2015 17:29:35 | Exec sp_obtenerComision_v4_2 @tpComprobante_param = 'NC' ,@vlTotalGeneral_param = 0 ,@tpComision_param = 'A Clientes' ,@tpCliente_param = 'A Clientes' ,@dsCodigoDestinos_param = '''Viaje'',null,40' 
06/11/2015 17:29:35 | Exec sco_DiccionariodeDatos @nmtabla_param='SP_Supera_KM_IVA_segunMonto_2_0'
06/11/2015 17:29:35 | Exec SP_Supera_KM_IVA_segunMonto_2_0 @tpCategoriaIVA_param = 'EX' ,@vlKilometros_param = 0 ,@vlMonto_param = 40 
06/11/2015 17:29:35 | Exec sp_obtenerComision_v4_2 @tpComprobante_param = 'NC' ,@vlTotalGeneral_param = 40 ,@tpComision_param = 'A Clientes' ,@tpCliente_param = 'A Clientes' ,@dsCodigoDestinos_param = '''Viaje'',null,40' 
06/11/2015 17:29:37 |  SELECT tb_parametros.dsParametro ,tb_parametros.vlParametro ,tb_parametros.tpParametro ,tb_parametros.flEditable ,tb_parametros.nrTamanio ,tb_parametros.dtActualizacion  FROM tb_parametros  WHERE tb_parametros.dsParametro = 'CALCULA_IVA_LIC_990'  
06/11/2015 17:29:39 | Exec sp_obtenerComision_v4_2 @tpComprobante_param = 'NC' ,@vlTotalGeneral_param = 40 ,@tpComision_param = 'A Clientes' ,@tpCliente_param = 'A Clientes' ,@dsCodigoDestinos_param = '''Viaje'',null,40' 
06/11/2015 17:29:39 |  SELECT TB_Cajas.nrCaja  FROM TB_Cajas  WHERE TB_Cajas.nrCaja = 9000003767  AND  TB_Cajas.flEstado = 0  
06/11/2015 17:29:43 | Exec sco_DiccionariodeDatos @nmtabla_param='sp_eliminarFisicamenteunComprobanteEliminadoLogicamente_v2_5'
06/11/2015 17:29:44 | Exec sp_eliminarFisicamenteunComprobanteEliminadoLogicamente_v2_5 @nrTalonario_param = '0008' ,@nrComprobante_param = '00000009' ,@tpComprobante_param = 'NC' ,@tpLetra_param = 'B' 
06/11/2015 17:29:44 | Exec spu_obtener_puntosdeventa_facturacion_v2_0 @nrPuesto_param = 4 ,@tipo_iva = 'EX' ,@auto_impresor = 'S' ,@tpFormadePago = 'Cuenta Corriente' ,@tpComprobante = 'NC' 
06/11/2015 17:29:45 |  INSERT TB_Comprobantes (nrComprobante ,nrTalonario ,vlPagoReales ,nrDoc ,tpLetra ,cdCliente ,dsRazonSocial ,vlTotalGeneral ,dsLeyenda ,vlPagoEuros ,nmEmpleado ,nrPuesto ,nrCaja ,nrLicencia ,nrBultos ,nrPasajeros ,tpComprobante ,vlPagoDolares ,vlPagoPesos ,nmLicenciatario ,dtComprobante ,dsEmail ,vlSubtotal ,vlIVA ,cdCondVenta ,tpComision ,tpIVA ,dsOpcional3 ,cdCodBar ,dtCaja ,dtInsercion ,dsOpcional1 ,nrCAI ,dtVencimiento ,vlDiaDolar ,vlDiaEuro ,vlDiaReal ,dsOpcional2 ,dsUsuario ,flSincronizado ,flManual )  VALUES ('00000009' ,'0008' ,0.00 ,'27-14012559-3' ,'B' ,4013 ,'SILVINA SZPERLING' ,40.00 ,null ,0.00 ,'CAMILA PASQUALI' ,4 ,9000003767 ,999 ,null ,null ,'NC' ,0.00 ,40.00 ,'TANGO MADERO' ,'06/11/2015' ,null ,40.00 ,0.00 ,'Contado' ,'A Clientes' ,'EX' ,'307082499190100083506310668186314012017' ,'000800000009999' ,'06/11/2015 17:29:44' ,'06/11/2015 17:29:44' ,'17:29' ,'35063106681863' ,'14/01/2017' ,9.1 ,10 ,3.21 ,'DESCUENTO EULO  (1 DESTINO) ' ,'CAMILAP' ,0 ,'N' )
06/11/2015 17:29:45 | Exec sco_DiccionariodeDatos @nmtabla_param='DiccionariodeDatos'
06/11/2015 17:29:45 |  UPDATE DiccionariodeDatos SET DiccionariodeDatos.vlPuesto4  = '9'   WHERE DiccionariodeDatos.nmTabla = 'TB_Comprobantes'  AND  DiccionariodeDatos.nmCampo = 'nrComprobante'  
06/11/2015 17:29:45 | Exec sco_DiccionariodeDatos @nmtabla_param='TB_ComprobantesDetalle'
06/11/2015 17:29:45 |  INSERT TB_ComprobantesDetalle (nrTalonario ,nrComprobante ,tpComprobante ,tpLetra ,nrItem ,cdProducto ,dsProducto ,tpOperacion ,vlPorcentaje ,vlPrecioPeaje ,vlKilometros ,vlPrecioViaje ,dtInsercion ,flSincronizado ,nrCaja ,nrPuesto )  VALUES ('0008' ,'00000009' ,'NC' ,'B' ,1 ,null ,'DESCUENTO EULO  (1 DESTINO) ' ,'Viaje' ,0.00 ,0.00 ,0 ,40 ,'06/11/2015' ,0 ,9000003767 ,4 )
06/11/2015 17:29:45 | Exec sp_obtenerComision_v4_2 @tpComprobante_param = 'NC' ,@vlTotalGeneral_param = 40 ,@tpComision_param = 'A Clientes' ,@tpCliente_param = 'A Clientes' ,@dsCodigoDestinos_param = '''Viaje'',null,40' 
06/11/2015 17:29:45 | Exec sco_DiccionariodeDatos @nmtabla_param='TB_Cupones'
06/11/2015 17:29:45 | Exec SP_ObtenerMaxnrCupon_v2_7 
06/11/2015 17:29:46 |  INSERT TB_Cupones (nrTalonarioCliente ,nrComprabanteCliente ,tpComprobanteCliente ,tpLetraCliente ,cdCliente ,nrPuesto ,nrLicencia ,nmLicenciatario ,vlMontoCupon ,vlPagoPesos ,vlPagoDolares ,vlPagoEuros ,vlPagoReales ,nrCantidadBultos ,tpCupon ,dsDestino ,dsHoraViaje ,dsLeyenda ,flCobradoalCliente ,dtCobradoalCliente ,flCompensado ,vlaFavordelLicenciatario ,vlafavorAdmin ,vlComision ,dtCajaCliente ,nrCajaCliente ,dtCupon ,dsUsuario ,nrPasajeros ,flSincronizado ,vlIVA ,vlSubtotal ,cdCodBar ,nrCupon )  VALUES ('0008' ,'00000009' ,'NC' ,'B' ,4013 ,4 ,999 ,'TANGO MADERO' ,40.00 ,40.00 ,0.00 ,0.00 ,0.00 ,null ,'Contado' ,'DESCUENTO EULO  (1 DESTINO) ' ,'17:29' ,null ,1 ,'06/11/2015 17:29:45' ,0 ,40 ,0 ,0 ,'06/11/2015 17:29:45' ,9000003767 ,'06/11/2015 17:29:45' ,'CAMILAP' ,null ,0 ,0.00 ,40.00 ,'000800000009999' ,9001721198 )
06/11/2015 17:29:47 |  UPDATE DiccionariodeDatos SET DiccionariodeDatos.vlPuesto4  = '9001721198'   WHERE DiccionariodeDatos.nmTabla = 'TB_Cupones'  AND  DiccionariodeDatos.nmCampo = 'nrCupon'  
06/11/2015 17:29:47 | Exec sco_DiccionariodeDatos @nmtabla_param='spu_actualizar_puntosdeventa_facturacion_v2_0'
06/11/2015 17:29:47 | Exec spu_actualizar_puntosdeventa_facturacion_v2_0 @nrPuesto_param = 4 ,@tipo_iva = 'EX' ,@auto_impresor = 'S' ,@tpFormadePago = 'Cuenta Corriente' ,@tpComprobante = 'NC' ,@nrComprobante = 9 
06/11/2015 17:29:47 | Exec sco_DiccionariodeDatos @nmtabla_param='SP_PrepararReimpresiondeComprobante_v3_7'
06/11/2015 17:29:48 | Exec SP_PrepararReimpresiondeComprobante_v3_7 @nrTalonario = '0008' ,@nrComprobante = '00000009' ,@tpComprobante = 'NC' ,@tpLetra = 'B' 
06/11/2015 17:29:48 |  SELECT TB_Proveedores.nmNombre ,TB_Proveedores.nmApellido  FROM TB_Proveedores  WHERE TB_Proveedores.tpCategoria = 'Licenciatario'  AND  TB_Proveedores.nrLicencia = 999  AND  TB_Proveedores.flEliminar = 0  
06/11/2015 17:29:48 | Exec spu_obtener_puntosdeventa_facturacion_v2_0 @nrPuesto_param = 4 ,@tipo_iva = 'EX' ,@auto_impresor = 'S' ,@tpFormadePago = null ,@tpComprobante = 'NC' 
06/11/2015 17:29:48 | Exec spu_obtener_puntosdeventa_facturacion_v2_0 @nrPuesto_param = 4 ,@tipo_iva = 'CF' ,@auto_impresor = 'S' ,@tpFormadePago = null ,@tpComprobante = 'NC' 
06/11/2015 17:29:48 | Exec sp_obtenerComision_v4_2 @tpComprobante_param = 'NC' ,@vlTotalGeneral_param = 0 ,@tpComision_param = 'A Clientes' ,@tpCliente_param = 'A Clientes' ,@dsCodigoDestinos_param = null 
06/11/2015 17:29:48 | Exec sp_obtenerComision_v4_2 @tpComprobante_param = 'NC' ,@vlTotalGeneral_param = 0 ,@tpComision_param = 'A Clientes' ,@tpCliente_param = 'A Clientes' ,@dsCodigoDestinos_param = null 
06/11/2015 17:30:05 | Exec sco_AccesosOpcionesMenu @p_tpNivelAcceso = 'Administración' ,@p_operaconcaja = 1 
06/11/2015 17:30:58 |  SELECT TB_Cajas.vlSaldoInicialPesos ,TB_Cajas.vlSaldoInicialDolares ,TB_Cajas.vlSaldoInicialEuros ,TB_Cajas.vlSaldoInicialReales ,TB_Cajas.vlDiaEuro ,TB_Cajas.vlDiaDolar ,TB_Cajas.vlDiaReal ,TB_Cajas.dsUsuario ,TB_Cajas.dtApertura ,TB_Cajas.dtCierre  FROM TB_Cajas  WHERE TB_Cajas.nrCaja = 9000003767  
06/11/2015 17:32:09 | Exec  sp_obtiene_falta_compensar_v4_2 
06/11/2015 17:32:09 |  SELECT tb_parametros.dsParametro ,tb_parametros.vlParametro ,tb_parametros.tpParametro ,tb_parametros.flEditable ,tb_parametros.nrTamanio ,tb_parametros.dtActualizacion  FROM tb_parametros  WHERE tb_parametros.dsParametro = 'CANT_VIAJES_A_COMP'  
06/11/2015 17:32:09 |  SELECT tb_parametros.dsParametro ,tb_parametros.vlParametro ,tb_parametros.tpParametro ,tb_parametros.flEditable ,tb_parametros.nrTamanio ,tb_parametros.dtActualizacion  FROM tb_parametros  WHERE tb_parametros.dsParametro = 'CTROL_CANT_VIAJES'  
06/11/2015 17:32:09 |  SELECT tb_parametros.dsParametro ,tb_parametros.vlParametro ,tb_parametros.tpParametro ,tb_parametros.flEditable ,tb_parametros.nrTamanio ,tb_parametros.dtActualizacion  FROM tb_parametros  WHERE tb_parametros.dsParametro = 'COBRO_COMISION_CD_RE_OBLIGATORIA'  
06/11/2015 17:33:28 |  SELECT TB_Cupones.cdCodBar ,TB_Cupones.nrLicencia ,TB_Cupones.nmLicenciatario ,TB_Cupones.cdCliente ,TB_Cupones.nrCupon ,TB_Cupones.tpCupon ,TB_Cupones.vlMontoCupon ,TB_Cupones.vlPagoPesos ,TB_Cupones.vlPagoEuros ,TB_Cupones.vlPagoDolares ,TB_Cupones.vlPagoReales ,TB_Cupones.vlComision ,TB_Cupones.nrTalonarioCliente ,TB_Cupones.tpComprobanteCliente ,TB_Cupones.nrComprabanteCliente ,TB_Cupones.tpLetraCliente ,TB_Cupones.flCobradoalCliente ,TB_Cupones.flCompensado ,TB_Cupones.cdCliente ,TB_Cupones.vlaFavordelLicenciatario ,TB_Cupones.vlafavorAdmin ,TB_Cupones.dtCupon ,TB_Cupones.dsObservacion ,TB_Cupones.vlIVA ,TB_Cupones.flAnulado  FROM TB_Cupones  WHERE TB_Cupones.flEliminar = 0  AND  TB_Cupones.cdCliente = 4013  AND  TB_Cupones.flCompensado = 0  AND  TB_Cupones.flAnulado = 0  AND  TB_Cupones.nrLicencia = 999  
06/11/2015 17:33:28 | Exec sco_DiccionariodeDatos @nmtabla_param='SP_sepuedecompensar_2_0'
06/11/2015 17:33:28 | Exec SP_sepuedecompensar_2_0 @dtcupon_param = '01/12/2009 08:30:14' 
06/11/2015 17:33:28 | Exec SP_sepuedecompensar_2_0 @dtcupon_param = '14/08/2015 17:43:11' 
06/11/2015 17:33:28 | Exec SP_sepuedecompensar_2_0 @dtcupon_param = '22/08/2015 11:04:16' 
06/11/2015 17:33:28 | Exec SP_sepuedecompensar_2_0 @dtcupon_param = '16/09/2015 14:50:39' 
06/11/2015 17:33:28 | Exec SP_sepuedecompensar_2_0 @dtcupon_param = '14/09/2015 10:52:47' 
06/11/2015 17:33:28 | Exec SP_sepuedecompensar_2_0 @dtcupon_param = '14/09/2015 11:24:36' 
06/11/2015 17:33:28 | Exec SP_sepuedecompensar_2_0 @dtcupon_param = '28/10/2015 05:54:34' 
06/11/2015 17:33:28 | Exec SP_sepuedecompensar_2_0 @dtcupon_param = '28/10/2015 06:17:33' 
06/11/2015 17:33:28 | Exec SP_sepuedecompensar_2_0 @dtcupon_param = '06/11/2015 17:29:45' 
06/11/2015 17:33:28 | Exec SP_sepuedecompensar_2_0 @dtcupon_param = '15/09/2015 15:43:11' 
06/11/2015 17:33:28 | Exec SP_sepuedecompensar_2_0 @dtcupon_param = '15/09/2015 16:03:35' 
06/11/2015 17:33:28 | Exec SP_sepuedecompensar_2_0 @dtcupon_param = '01/12/2009 08:31:02' 
06/11/2015 17:34:37 |  SELECT TB_Cupones.nrCupon  FROM TB_Cupones  WHERE TB_Cupones.IdRecibo = 1000275539  
06/11/2015 17:34:37 |  SELECT TB_Clientes.cdCliente ,TB_Clientes.dsRazonSocial ,TB_Clientes.nrDoc ,TB_Clientes.dsEmail  FROM TB_Clientes  WHERE TB_Clientes.cdCliente = 4013  AND  TB_Clientes.flEliminar = 0  
06/11/2015 17:34:37 | Exec sco_DiccionariodeDatos @nmtabla_param='TB_Recibos'
06/11/2015 17:34:37 |  INSERT TB_Recibos (IdRecibo ,vlAcumDolares ,vlSaldoPesos ,vlSaldoEuros ,vlAcumPesos ,vlAcumEuros ,vlAcumComision ,vlSaldoDolares ,dtRecibo ,tpRecibo ,cdCliente ,dsRazonSocial ,nrCaja )  VALUES (1000275539 ,0.00 ,88.00 ,0.00 ,88.00 ,0.00 ,0.00 ,0.00 ,'06/11/2015 17:34:37' ,'Recibo de Cobranza de Cta. Cte.' ,null ,'SILVINA SZPERLING' ,9000003767 )
06/11/2015 17:34:37 |  UPDATE DiccionariodeDatos SET DiccionariodeDatos.vlPuesto9  = '1000275892'   WHERE DiccionariodeDatos.nmTabla = 'TB_Recibos'  AND  DiccionariodeDatos.nmCampo = 'IdRecibo'  
06/11/2015 17:34:38 |  UPDATE TB_Cupones SET TB_Cupones.flCompensado  = 1 ,TB_Cupones.dtCompensado  = '06/11/2015 17:34:37' ,TB_Cupones.nrCajaLicenciatario  = 9000003767 ,TB_Cupones.dtCajaLicenciatario  = '06/11/2015 17:34:37' ,TB_Cupones.IdRecibo  = 1000275539 ,TB_Cupones.dsUsuario  = 'CAMILAP'   WHERE TB_Cupones.nrCupon = 9001721196  AND  TB_Cupones.IdRecibo IS NULL  
06/11/2015 17:34:38 |  UPDATE TB_Cupones SET TB_Cupones.flCompensado  = 1 ,TB_Cupones.dtCompensado  = '06/11/2015 17:34:38' ,TB_Cupones.nrCajaLicenciatario  = 9000003767 ,TB_Cupones.dtCajaLicenciatario  = '06/11/2015 17:34:38' ,TB_Cupones.IdRecibo  = 1000275539 ,TB_Cupones.dsUsuario  = 'CAMILAP'   WHERE TB_Cupones.nrCupon = 9001721198  AND  TB_Cupones.IdRecibo IS NULL  
06/11/2015 17:34:38 |  select count(*) as cupones_a_compensados from tb_cupones where IdRecibo = 1000275539
06/11/2015 17:34:38 | Exec sco_DiccionariodeDatos @nmtabla_param='TB_Conceptos'
06/11/2015 17:34:38 |  SELECT TB_Conceptos.tpConcepto ,TB_Conceptos.dsConcepto ,TB_Conceptos.tpOperacion ,TB_Conceptos.tpCajaImputacion ,TB_Conceptos.tpCreadoPor  FROM TB_Conceptos  WHERE TB_Conceptos.flEliminar = 0  AND  TB_Conceptos.cdConcepto = 1063  
06/11/2015 17:34:38 | Exec sco_DiccionariodeDatos @nmtabla_param='TB_MovimientosContables'
06/11/2015 17:34:38 |  INSERT TB_MovimientosContables (IdMovimiento ,dsMovimiento ,IdRecibo ,cdConcepto ,tpConcepto ,dsConcepto ,tpOperacion ,vlPesos ,vlDolares ,vlEuros ,nrRecibo ,nrFactura ,nrCaja ,dsUsuario ,dtMovimiento ,dsProveedor ,IdProveedor ,tpCajaImputacion ,dsUsuarioCajaPuesto ,nrCajaPuesto )  VALUES (1000473534 ,'Cobro a Cuenta Corriente' ,1000275539 ,1063 ,'Cajas' ,'COBRO DE CTA. CTE' ,'Entrada de Dinero' ,88.00 ,0.00 ,0.00 ,'1000275539' ,null ,9000003767 ,'CAMILAP' ,'06/11/2015 17:34:38' ,'Licencia Nro. 999' ,null ,'Caja de la Cooperativa' ,null ,null )
06/11/2015 17:34:52 |  SELECT TB_Cupones.cdCodBar ,TB_Cupones.nrLicencia ,TB_Cupones.nmLicenciatario ,TB_Cupones.cdCliente ,TB_Cupones.nrCupon ,TB_Cupones.tpCupon ,TB_Cupones.vlMontoCupon ,TB_Cupones.vlPagoPesos ,TB_Cupones.vlPagoEuros ,TB_Cupones.vlPagoDolares ,TB_Cupones.vlPagoReales ,TB_Cupones.vlComision ,TB_Cupones.nrTalonarioCliente ,TB_Cupones.tpComprobanteCliente ,TB_Cupones.nrComprabanteCliente ,TB_Cupones.tpLetraCliente ,TB_Cupones.flCobradoalCliente ,TB_Cupones.flCompensado ,TB_Cupones.cdCliente ,TB_Cupones.vlaFavordelLicenciatario ,TB_Cupones.vlafavorAdmin ,TB_Cupones.dtCupon ,TB_Cupones.dsObservacion ,TB_Cupones.vlIVA ,TB_Cupones.flAnulado  FROM TB_Cupones  WHERE TB_Cupones.flEliminar = 0  AND  TB_Cupones.cdCliente = 4013  AND  TB_Cupones.flCompensado = 0  AND  TB_Cupones.flAnulado = 0  AND  TB_Cupones.nrLicencia = 999  
06/11/2015 17:34:52 | Exec SP_sepuedecompensar_2_0 @dtcupon_param = '01/12/2009 08:30:14' 
06/11/2015 17:34:52 | Exec SP_sepuedecompensar_2_0 @dtcupon_param = '14/08/2015 17:43:11' 
06/11/2015 17:34:52 | Exec SP_sepuedecompensar_2_0 @dtcupon_param = '22/08/2015 11:04:16' 
06/11/2015 17:34:52 | Exec SP_sepuedecompensar_2_0 @dtcupon_param = '16/09/2015 14:50:39' 
06/11/2015 17:34:52 | Exec SP_sepuedecompensar_2_0 @dtcupon_param = '14/09/2015 10:52:47' 
06/11/2015 17:34:52 | Exec SP_sepuedecompensar_2_0 @dtcupon_param = '14/09/2015 11:24:36' 
06/11/2015 17:34:52 | Exec SP_sepuedecompensar_2_0 @dtcupon_param = '28/10/2015 06:17:33' 
06/11/2015 17:34:52 | Exec SP_sepuedecompensar_2_0 @dtcupon_param = '15/09/2015 15:43:11' 
06/11/2015 17:34:52 | Exec SP_sepuedecompensar_2_0 @dtcupon_param = '15/09/2015 16:03:35' 
06/11/2015 17:34:52 | Exec SP_sepuedecompensar_2_0 @dtcupon_param = '01/12/2009 08:31:02' 
06/11/2015 17:34:52 | Exec  sp_obtiene_falta_compensar_v4_2 
06/11/2015 17:34:54 | Exec sco_AccesosOpcionesMenu @p_tpNivelAcceso = 'Administración' ,@p_operaconcaja = 1 
06/11/2015 17:35:04 |  SELECT TB_Recibos.IdRecibo ,TB_Recibos.vlAcumDolares ,TB_Recibos.vlSaldoPesos ,TB_Recibos.cdCliente ,TB_Recibos.dsRazonSocial ,TB_Recibos.vlSaldoEuros ,TB_Recibos.vlAcumPesos ,TB_Recibos.tpRecibo ,TB_Recibos.vlAcumEuros ,TB_Recibos.vlAcumComision ,TB_Recibos.vlSaldoDolares ,TB_Recibos.dtRecibo ,TB_Recibos.flAnulado ,TB_Recibos.nrCaja ,TB_Recibos.dsUsuario  FROM TB_Recibos  WHERE  IdRecibo Like ('%%%') AND TB_Recibos.dtRecibo >= '06/11/2015 00:00:00'  AND  TB_Recibos.dtRecibo <= '06/11/2015 23:59:59'   Order by TB_Recibos.IdRecibo ASC 
06/11/2015 17:35:14 | Exec sco_AccesosOpcionesMenu @p_tpNivelAcceso = 'Administración' ,@p_operaconcaja = 1 
06/11/2015 17:35:41 | Exec  sco_TB_Productos_v4_1 
06/11/2015 17:35:42 | Exec sco_DiccionariodeDatos @nmtabla_param='TB_Usuarios'
06/11/2015 17:35:45 |  SELECT TB_Usuarios.dsUsuario ,TB_Usuarios.dspassword ,TB_Usuarios.tpAcceso ,TB_Usuarios.nmNombre ,TB_Usuarios.nmApellido ,TB_Usuarios.flBloqueado ,TB_Usuarios.tpNivelJerarquico  FROM TB_Usuarios  WHERE TB_Usuarios.dsUsuario = 'CAMILAP'  AND  TB_Usuarios.flEliminar = 0  
06/11/2015 17:35:46 |  SELECT TB_Usuarios.dsUsuario ,TB_Usuarios.dspassword ,TB_Usuarios.tpAcceso ,TB_Usuarios.nmNombre ,TB_Usuarios.nmApellido ,TB_Usuarios.flBloqueado ,TB_Usuarios.tpNivelJerarquico  FROM TB_Usuarios  WHERE TB_Usuarios.dsUsuario = 'CAMILAP'  AND  TB_Usuarios.flEliminar = 0  
06/11/2015 17:35:46 | Exec sco_DiccionariodeDatos @nmtabla_param='sp_obtenerCajasPendientesdeAprobacion_v2_5'
06/11/2015 17:35:46 | Exec sp_obtenerCajasPendientesdeAprobacion_v2_5 @pdsUsuario_param = 'CAMILAP' 
06/11/2015 17:35:46 | Exec sp_obtenerCajasRechazadas_v2_9 
06/11/2015 17:35:46 | Exec sco_DiccionariodeDatos @nmtabla_param='TB_Parametros'
06/11/2015 17:35:46 |  SELECT TB_Parametros.vlParametro  FROM TB_Parametros  WHERE TB_Parametros.dsParametro = 'VALOR EURO'  
06/11/2015 17:35:46 |  SELECT TB_Parametros.vlParametro  FROM TB_Parametros  WHERE TB_Parametros.dsParametro = 'VALOR DOLAR'  
06/11/2015 17:35:46 | Exec SP_ValorPromoRetorno
06/11/2015 17:35:46 | Exec sco_DiccionariodeDatos @nmtabla_param='TB_Comisiones'
06/11/2015 17:35:46 |  SELECT TB_Comisiones.vlMontoMinimo  FROM TB_Comisiones  WHERE TB_Comisiones.tpComision = 'Retorno'  AND  TB_Comisiones.flEliminar = 0  
06/11/2015 17:35:46 |  SELECT TB_Parametros.vlParametro  FROM TB_Parametros  WHERE TB_Parametros.dsParametro = 'VALOR REAL'  
06/11/2015 17:35:46 | Exec sco_DiccionariodeDatos @nmtabla_param='TB_Cajas'
06/11/2015 17:35:46 |  SELECT TB_Cajas.nrCaja  FROM TB_Cajas  WHERE TB_Cajas.dsUsuario = 'CAMILAP'  and  TB_Cajas.flEstado = 0  and  TB_Cajas.tpEstadoAprobacion IS NULL  and  TB_Cajas.nrcaja > 0  
06/11/2015 17:35:47 |  SELECT TB_Cajas.nrCaja ,TB_Cajas.vlTotalSaldoFinal ,TB_Cajas.nrPuesto ,TB_Cajas.dsUsuario ,TB_Cajas.vlSaldoInicialPesos ,TB_Cajas.dtApertura ,TB_Cajas.dtCierre ,TB_Cajas.vlDiaDolar ,TB_Cajas.vlDiaEuro ,TB_Cajas.vlSaldoInicialEuros ,TB_Cajas.vlSaldoInicialDolares ,TB_Cajas.vlSaldoFinalRealPesos ,TB_Cajas.vlTotalSaldoInicial ,TB_Cajas.dtObservacion ,TB_Cajas.vlCierrePesos ,TB_Cajas.vlSaldoFinalRealDolares ,TB_Cajas.vlSaldoFinalRealEuros ,TB_Cajas.vlTotalSaldoFinalReal ,TB_Cajas.vlCierreDolares ,TB_Cajas.vlCierreEuros ,TB_Cajas.dsObservacion ,TB_Cajas.vlDiaReal ,TB_Cajas.flEstado  FROM TB_Cajas  WHERE TB_Cajas.nrCaja = 9000003767  
06/11/2015 17:35:47 | Exec sco_DiccionariodeDatos @nmtabla_param='SP_SumaCajaADM_v2_9'
06/11/2015 17:35:47 | Exec SP_SumaCajaADM_v2_9 @nrCaja_param = 9000003767 ,@tpCaja_param = 'CA' ,@tpCajaImputacion_param = null 
06/11/2015 17:35:47 |  UPDATE TB_Cajas SET TB_Cajas.vlSaldoFinalRealPesos  = 1162010.00 ,TB_Cajas.vlSaldoFinalRealEuros  = 173.00 ,TB_Cajas.vlSaldoFinalRealDolares  = 163.00 ,TB_Cajas.vlCierrePesos  = 185255.1 ,TB_Cajas.vlCierreDolares  = 163 ,TB_Cajas.vlCierreEuros  = 173   WHERE TB_Cajas.nrCaja = 9000003767  
06/11/2015 17:35:48 |  UPDATE TB_Cajas SET TB_Cajas.nrCaja  = 9000003767 ,TB_Cajas.vlTotalSaldoFinal  = 188468.40 ,TB_Cajas.nrPuesto  = 9 ,TB_Cajas.dsUsuario  = 'CAMILAP' ,TB_Cajas.vlSaldoInicialPesos  = 976755.30 ,TB_Cajas.dtApertura  = '30/07/2015 07:02:46' ,TB_Cajas.dtCierre  = null ,TB_Cajas.vlDiaDolar  = 9.10 ,TB_Cajas.vlDiaEuro  = 10.00 ,TB_Cajas.vlSaldoInicialEuros  = 0.00 ,TB_Cajas.vlSaldoInicialDolares  = 0.00 ,TB_Cajas.vlSaldoFinalRealPesos  = 976755.30 ,TB_Cajas.vlTotalSaldoInicial  = 976755.30 ,TB_Cajas.dtObservacion  = '06/11/2015 17:35:48' ,TB_Cajas.vlCierrePesos  = 185255.1 ,TB_Cajas.vlSaldoFinalRealDolares  = 163.00 ,TB_Cajas.vlSaldoFinalRealEuros  = 173.00 ,TB_Cajas.vlTotalSaldoFinalReal  = 1165223.00 ,TB_Cajas.vlCierreDolares  = 163 ,TB_Cajas.vlCierreEuros  = 173 ,TB_Cajas.dsObservacion  = null ,TB_Cajas.vlDiaReal  = 3.21 ,TB_Cajas.flCajaAdm  = 1   WHERE TB_Cajas.nrCaja = 9000003767  
06/11/2015 17:35:48 | Exec sco_DiccionariodeDatos @nmtabla_param='VW_UltimaCajaAdm'
06/11/2015 17:35:48 |  SELECT VW_UltimaCajaAdm.nrCaja ,VW_UltimaCajaAdm.vlSaldoFinalRealPesos ,VW_UltimaCajaAdm.vlSaldoFinalRealEuros ,VW_UltimaCajaAdm.vlSaldoFinalRealDolares  FROM VW_UltimaCajaAdm 
06/11/2015 17:35:48 |  SELECT TB_Cajas.nrCaja  FROM TB_Cajas  WHERE TB_Cajas.nrCaja = 9000003767  AND  TB_Cajas.flEstado = 0  
06/11/2015 17:35:48 | Exec sco_DiccionariodeDatos @nmtabla_param='sco_cajapuesto_v3_9'
06/11/2015 17:35:48 | Exec sco_cajapuesto_v3_9 @nrCaja_param = 9000003766 
06/11/2015 17:35:48 | Exec sco_cajapuesto_v3_9 @nrCaja_param = 9000003767 
06/11/2015 17:35:48 | Exec sco_DiccionariodeDatos @nmtabla_param='spu_esdifporCotizacionImputadas_v3_9'
06/11/2015 17:35:48 | Exec spu_esdifporCotizacionImputadas_v3_9 @nrCajaAdmActual = 9000003767 
06/11/2015 17:35:48 | Exec sco_validarVencimientosCAI_v4_1
06/11/2015 17:35:49 | Exec sco_DiccionariodeDatos @nmtabla_param='sco_AccesosOpcionesMenu'
06/11/2015 17:35:49 | Exec sco_AccesosOpcionesMenu @p_tpNivelAcceso = 'Administración' ,@p_operaconcaja = 1 
06/11/2015 17:35:49 | Exec sco_AccesosOpcionesMenu @p_tpNivelAcceso = 'Administración' ,@p_operaconcaja = 1 
06/11/2015 17:35:52 |  SELECT TB_Cajas.vlSaldoInicialPesos ,TB_Cajas.vlSaldoInicialDolares ,TB_Cajas.vlSaldoInicialEuros ,TB_Cajas.vlSaldoInicialReales ,TB_Cajas.vlDiaEuro ,TB_Cajas.vlDiaDolar ,TB_Cajas.vlDiaReal ,TB_Cajas.dsUsuario ,TB_Cajas.dtApertura ,TB_Cajas.dtCierre  FROM TB_Cajas  WHERE TB_Cajas.nrCaja = 9000003767  
06/11/2015 17:35:52 | Exec sco_DiccionariodeDatos @nmtabla_param='TB_Cupones'
06/11/2015 17:35:53 | Exec  sp_obtiene_falta_compensar_v4_2 
06/11/2015 17:35:53 |  SELECT tb_parametros.dsParametro ,tb_parametros.vlParametro ,tb_parametros.tpParametro ,tb_parametros.flEditable ,tb_parametros.nrTamanio ,tb_parametros.dtActualizacion  FROM tb_parametros  WHERE tb_parametros.dsParametro = 'CANT_VIAJES_A_COMP'  
06/11/2015 17:35:53 |  SELECT tb_parametros.dsParametro ,tb_parametros.vlParametro ,tb_parametros.tpParametro ,tb_parametros.flEditable ,tb_parametros.nrTamanio ,tb_parametros.dtActualizacion  FROM tb_parametros  WHERE tb_parametros.dsParametro = 'CTROL_CANT_VIAJES'  
06/11/2015 17:35:53 |  SELECT tb_parametros.dsParametro ,tb_parametros.vlParametro ,tb_parametros.tpParametro ,tb_parametros.flEditable ,tb_parametros.nrTamanio ,tb_parametros.dtActualizacion  FROM tb_parametros  WHERE tb_parametros.dsParametro = 'COBRO_COMISION_CD_RE_OBLIGATORIA'  
06/11/2015 17:35:56 | Exec sco_AccesosOpcionesMenu @p_tpNivelAcceso = 'Administración' ,@p_operaconcaja = 1 
06/11/2015 17:36:02 | Exec sco_DiccionariodeDatos @nmtabla_param='TB_Recibos'
06/11/2015 17:36:04 |  SELECT TB_Recibos.IdRecibo ,TB_Recibos.vlAcumDolares ,TB_Recibos.vlSaldoPesos ,TB_Recibos.cdCliente ,TB_Recibos.dsRazonSocial ,TB_Recibos.vlSaldoEuros ,TB_Recibos.vlAcumPesos ,TB_Recibos.tpRecibo ,TB_Recibos.vlAcumEuros ,TB_Recibos.vlAcumComision ,TB_Recibos.vlSaldoDolares ,TB_Recibos.dtRecibo ,TB_Recibos.flAnulado ,TB_Recibos.nrCaja ,TB_Recibos.dsUsuario  FROM TB_Recibos  WHERE  IdRecibo Like ('%%%') AND TB_Recibos.dtRecibo >= '06/11/2015 00:00:00'  AND  TB_Recibos.dtRecibo <= '06/11/2015 23:59:59'   Order by TB_Recibos.IdRecibo ASC 
06/11/2015 17:49:58 | Exec sco_AccesosOpcionesMenu @p_tpNivelAcceso = 'Administración' ,@p_operaconcaja = 1 
