14/09/2015 10:50:34 | Exec  sco_TB_Productos_v4_1 
14/09/2015 10:50:37 | Exec sco_DiccionariodeDatos @nmtabla_param='TB_Usuarios'
14/09/2015 10:51:20 |  SELECT TOP 100 TB_Usuarios.dsUsuario  FROM TB_Usuarios  WHERE TB_Usuarios.tpAcceso <> 'Puestos'  AND  TB_Usuarios.flBloqueado = 0  AND   dsUsuario Like ('m%') AND TB_Usuarios.flEliminar = 0
14/09/2015 10:51:20 |  SELECT TOP 100 TB_Usuarios.dsUsuario  FROM TB_Usuarios  WHERE TB_Usuarios.tpAcceso <> 'Puestos'  AND  TB_Usuarios.flBloqueado = 0  AND   dsUsuario Like ('ma%') AND TB_Usuarios.flEliminar = 0
14/09/2015 10:51:20 |  SELECT TOP 100 TB_Usuarios.dsUsuario  FROM TB_Usuarios  WHERE TB_Usuarios.tpAcceso <> 'Puestos'  AND  TB_Usuarios.flBloqueado = 0  AND   dsUsuario Like ('mar%') AND TB_Usuarios.flEliminar = 0
14/09/2015 10:51:20 |  SELECT TOP 100 TB_Usuarios.dsUsuario  FROM TB_Usuarios  WHERE TB_Usuarios.tpAcceso <> 'Puestos'  AND  TB_Usuarios.flBloqueado = 0  AND   dsUsuario Like ('mari%') AND TB_Usuarios.flEliminar = 0
14/09/2015 10:51:20 |  SELECT TOP 100 TB_Usuarios.dsUsuario  FROM TB_Usuarios  WHERE TB_Usuarios.tpAcceso <> 'Puestos'  AND  TB_Usuarios.flBloqueado = 0  AND   dsUsuario Like ('maria%') AND TB_Usuarios.flEliminar = 0
14/09/2015 10:51:20 |  SELECT TOP 100 TB_Usuarios.dsUsuario  FROM TB_Usuarios  WHERE TB_Usuarios.tpAcceso <> 'Puestos'  AND  TB_Usuarios.flBloqueado = 0  AND   dsUsuario Like ('marian%') AND TB_Usuarios.flEliminar = 0
14/09/2015 10:51:25 |  SELECT TB_Usuarios.dsUsuario ,TB_Usuarios.dspassword ,TB_Usuarios.tpAcceso ,TB_Usuarios.nmNombre ,TB_Usuarios.nmApellido ,TB_Usuarios.flBloqueado ,TB_Usuarios.tpNivelJerarquico  FROM TB_Usuarios  WHERE TB_Usuarios.dsUsuario = 'MARIANA'  AND  TB_Usuarios.flEliminar = 0  
14/09/2015 10:51:25 | Exec sco_DiccionariodeDatos @nmtabla_param='sp_obtenerCajasPendientesdeAprobacion_v2_5'
14/09/2015 10:51:28 | Exec sp_obtenerCajasPendientesdeAprobacion_v2_5 @pdsUsuario_param = 'MARIANA' 
14/09/2015 10:51:28 | Exec sp_obtenerCajasRechazadas_v2_9 
14/09/2015 10:51:29 | Exec sco_DiccionariodeDatos @nmtabla_param='TB_Parametros'
14/09/2015 10:51:29 |  SELECT TB_Parametros.vlParametro  FROM TB_Parametros  WHERE TB_Parametros.dsParametro = 'VALOR EURO'  
14/09/2015 10:51:29 |  SELECT TB_Parametros.vlParametro  FROM TB_Parametros  WHERE TB_Parametros.dsParametro = 'VALOR DOLAR'  
14/09/2015 10:51:29 | Exec SP_ValorPromoRetorno
14/09/2015 10:51:29 | Exec sco_DiccionariodeDatos @nmtabla_param='TB_Comisiones'
14/09/2015 10:51:29 |  SELECT TB_Comisiones.vlMontoMinimo  FROM TB_Comisiones  WHERE TB_Comisiones.tpComision = 'Retorno'  AND  TB_Comisiones.flEliminar = 0  
14/09/2015 10:51:29 |  SELECT TB_Parametros.vlParametro  FROM TB_Parametros  WHERE TB_Parametros.dsParametro = 'VALOR REAL'  
14/09/2015 10:51:29 | Exec sco_DiccionariodeDatos @nmtabla_param='TB_Cajas'
14/09/2015 10:51:41 |  SELECT TB_Cajas.nrCaja  FROM TB_Cajas  WHERE TB_Cajas.dsUsuario = 'MARIANA'  and  TB_Cajas.flEstado = 0  and  TB_Cajas.tpEstadoAprobacion IS NULL  and  TB_Cajas.nrcaja > 0  
14/09/2015 10:51:42 | Exec sco_DiccionariodeDatos @nmtabla_param='VW_CajadeADMAbierta'
14/09/2015 10:51:42 |  SELECT VW_CajadeADMAbierta.nrCaja ,VW_CajadeADMAbierta.vlSaldoFinalRealPesos ,VW_CajadeADMAbierta.vlSaldoFinalRealEuros ,VW_CajadeADMAbierta.vlSaldoFinalRealDolares ,VW_CajadeADMAbierta.dsUsuario  FROM VW_CajadeADMAbierta 
14/09/2015 10:51:47 | Exec  sco_TB_Productos_v4_1 
14/09/2015 10:51:48 | Exec sco_DiccionariodeDatos @nmtabla_param='TB_Usuarios'
14/09/2015 10:51:48 |  SELECT TOP 100 TB_Usuarios.dsUsuario  FROM TB_Usuarios  WHERE TB_Usuarios.tpAcceso <> 'Puestos'  AND  TB_Usuarios.flBloqueado = 0  AND   dsUsuario Like ('c%') AND TB_Usuarios.flEliminar = 0
14/09/2015 10:51:49 |  SELECT TOP 100 TB_Usuarios.dsUsuario  FROM TB_Usuarios  WHERE TB_Usuarios.tpAcceso <> 'Puestos'  AND  TB_Usuarios.flBloqueado = 0  AND   dsUsuario Like ('ca%') AND TB_Usuarios.flEliminar = 0
14/09/2015 10:51:49 |  SELECT TOP 100 TB_Usuarios.dsUsuario  FROM TB_Usuarios  WHERE TB_Usuarios.tpAcceso <> 'Puestos'  AND  TB_Usuarios.flBloqueado = 0  AND   dsUsuario Like ('cam%') AND TB_Usuarios.flEliminar = 0
14/09/2015 10:51:49 |  SELECT TOP 100 TB_Usuarios.dsUsuario  FROM TB_Usuarios  WHERE TB_Usuarios.tpAcceso <> 'Puestos'  AND  TB_Usuarios.flBloqueado = 0  AND   dsUsuario Like ('cami%') AND TB_Usuarios.flEliminar = 0
14/09/2015 10:51:49 |  SELECT TOP 100 TB_Usuarios.dsUsuario  FROM TB_Usuarios  WHERE TB_Usuarios.tpAcceso <> 'Puestos'  AND  TB_Usuarios.flBloqueado = 0  AND   dsUsuario Like ('camil%') AND TB_Usuarios.flEliminar = 0
14/09/2015 10:51:49 |  SELECT TOP 100 TB_Usuarios.dsUsuario  FROM TB_Usuarios  WHERE TB_Usuarios.tpAcceso <> 'Puestos'  AND  TB_Usuarios.flBloqueado = 0  AND   dsUsuario Like ('camila%') AND TB_Usuarios.flEliminar = 0
14/09/2015 10:51:50 |  SELECT TOP 100 TB_Usuarios.dsUsuario  FROM TB_Usuarios  WHERE TB_Usuarios.tpAcceso <> 'Puestos'  AND  TB_Usuarios.flBloqueado = 0  AND   dsUsuario Like ('camilap%') AND TB_Usuarios.flEliminar = 0
14/09/2015 10:52:07 |  SELECT TB_Usuarios.dsUsuario ,TB_Usuarios.dspassword ,TB_Usuarios.tpAcceso ,TB_Usuarios.nmNombre ,TB_Usuarios.nmApellido ,TB_Usuarios.flBloqueado ,TB_Usuarios.tpNivelJerarquico  FROM TB_Usuarios  WHERE TB_Usuarios.dsUsuario = 'CAMILAP'  AND  TB_Usuarios.flEliminar = 0  
14/09/2015 10:52:07 | Exec sco_DiccionariodeDatos @nmtabla_param='sp_obtenerCajasPendientesdeAprobacion_v2_5'
14/09/2015 10:52:07 | Exec sp_obtenerCajasPendientesdeAprobacion_v2_5 @pdsUsuario_param = 'CAMILAP' 
14/09/2015 10:52:07 | Exec sp_obtenerCajasRechazadas_v2_9 
14/09/2015 10:52:07 | Exec sco_DiccionariodeDatos @nmtabla_param='TB_Parametros'
14/09/2015 10:52:07 |  SELECT TB_Parametros.vlParametro  FROM TB_Parametros  WHERE TB_Parametros.dsParametro = 'VALOR EURO'  
14/09/2015 10:52:07 |  SELECT TB_Parametros.vlParametro  FROM TB_Parametros  WHERE TB_Parametros.dsParametro = 'VALOR DOLAR'  
14/09/2015 10:52:07 | Exec SP_ValorPromoRetorno
14/09/2015 10:52:07 | Exec sco_DiccionariodeDatos @nmtabla_param='TB_Comisiones'
14/09/2015 10:52:07 |  SELECT TB_Comisiones.vlMontoMinimo  FROM TB_Comisiones  WHERE TB_Comisiones.tpComision = 'Retorno'  AND  TB_Comisiones.flEliminar = 0  
14/09/2015 10:52:07 |  SELECT TB_Parametros.vlParametro  FROM TB_Parametros  WHERE TB_Parametros.dsParametro = 'VALOR REAL'  
14/09/2015 10:52:07 | Exec sco_DiccionariodeDatos @nmtabla_param='TB_Cajas'
14/09/2015 10:52:08 |  SELECT TB_Cajas.nrCaja  FROM TB_Cajas  WHERE TB_Cajas.dsUsuario = 'CAMILAP'  and  TB_Cajas.flEstado = 0  and  TB_Cajas.tpEstadoAprobacion IS NULL  and  TB_Cajas.nrcaja > 0  
14/09/2015 10:52:09 |  SELECT TB_Cajas.nrCaja ,TB_Cajas.vlTotalSaldoFinal ,TB_Cajas.nrPuesto ,TB_Cajas.dsUsuario ,TB_Cajas.vlSaldoInicialPesos ,TB_Cajas.dtApertura ,TB_Cajas.dtCierre ,TB_Cajas.vlDiaDolar ,TB_Cajas.vlDiaEuro ,TB_Cajas.vlSaldoInicialEuros ,TB_Cajas.vlSaldoInicialDolares ,TB_Cajas.vlSaldoFinalRealPesos ,TB_Cajas.vlTotalSaldoInicial ,TB_Cajas.dtObservacion ,TB_Cajas.vlCierrePesos ,TB_Cajas.vlSaldoFinalRealDolares ,TB_Cajas.vlSaldoFinalRealEuros ,TB_Cajas.vlTotalSaldoFinalReal ,TB_Cajas.vlCierreDolares ,TB_Cajas.vlCierreEuros ,TB_Cajas.dsObservacion ,TB_Cajas.vlDiaReal ,TB_Cajas.flEstado  FROM TB_Cajas  WHERE TB_Cajas.nrCaja = 9000003767  
14/09/2015 10:52:09 | Exec sco_DiccionariodeDatos @nmtabla_param='SP_SumaCajaADM_v2_9'
14/09/2015 10:52:10 | Exec SP_SumaCajaADM_v2_9 @nrCaja_param = 9000003767 ,@tpCaja_param = 'CA' ,@tpCajaImputacion_param = null 
14/09/2015 10:52:11 |  UPDATE TB_Cajas SET TB_Cajas.vlSaldoFinalRealPesos  = 1161922.00 ,TB_Cajas.vlSaldoFinalRealEuros  = 173.00 ,TB_Cajas.vlSaldoFinalRealDolares  = 163.00 ,TB_Cajas.vlCierrePesos  = 185167.1 ,TB_Cajas.vlCierreDolares  = 163 ,TB_Cajas.vlCierreEuros  = 173   WHERE TB_Cajas.nrCaja = 9000003767  
14/09/2015 10:52:13 |  UPDATE TB_Cajas SET TB_Cajas.nrCaja  = 9000003767 ,TB_Cajas.vlTotalSaldoFinal  = 188380.40 ,TB_Cajas.nrPuesto  = 9 ,TB_Cajas.dsUsuario  = 'CAMILAP' ,TB_Cajas.vlSaldoInicialPesos  = 976755.30 ,TB_Cajas.dtApertura  = '30/07/2015 7:02:46' ,TB_Cajas.dtCierre  = null ,TB_Cajas.vlDiaDolar  = 9.10 ,TB_Cajas.vlDiaEuro  = 10.00 ,TB_Cajas.vlSaldoInicialEuros  = 0.00 ,TB_Cajas.vlSaldoInicialDolares  = 0.00 ,TB_Cajas.vlSaldoFinalRealPesos  = 976755.30 ,TB_Cajas.vlTotalSaldoInicial  = 976755.30 ,TB_Cajas.dtObservacion  = '14/09/2015 10:52:12' ,TB_Cajas.vlCierrePesos  = 185167.1 ,TB_Cajas.vlSaldoFinalRealDolares  = 163.00 ,TB_Cajas.vlSaldoFinalRealEuros  = 173.00 ,TB_Cajas.vlTotalSaldoFinalReal  = 1165135.00 ,TB_Cajas.vlCierreDolares  = 163 ,TB_Cajas.vlCierreEuros  = 173 ,TB_Cajas.dsObservacion  = null ,TB_Cajas.vlDiaReal  = 3.21 ,TB_Cajas.flCajaAdm  = 1   WHERE TB_Cajas.nrCaja = 9000003767  
14/09/2015 10:52:13 | Exec sco_DiccionariodeDatos @nmtabla_param='VW_UltimaCajaAdm'
14/09/2015 10:52:13 |  SELECT VW_UltimaCajaAdm.nrCaja ,VW_UltimaCajaAdm.vlSaldoFinalRealPesos ,VW_UltimaCajaAdm.vlSaldoFinalRealEuros ,VW_UltimaCajaAdm.vlSaldoFinalRealDolares  FROM VW_UltimaCajaAdm 
14/09/2015 10:52:13 |  SELECT TB_Cajas.nrCaja  FROM TB_Cajas  WHERE TB_Cajas.nrCaja = 9000003767  AND  TB_Cajas.flEstado = 0  
14/09/2015 10:52:13 | Exec sco_DiccionariodeDatos @nmtabla_param='sco_cajapuesto_v3_9'
14/09/2015 10:52:13 | Exec sco_cajapuesto_v3_9 @nrCaja_param = 9000003766 
14/09/2015 10:52:13 | Exec sco_cajapuesto_v3_9 @nrCaja_param = 9000003767 
14/09/2015 10:52:13 | Exec sco_DiccionariodeDatos @nmtabla_param='spu_esdifporCotizacionImputadas_v3_9'
14/09/2015 10:52:13 | Exec spu_esdifporCotizacionImputadas_v3_9 @nrCajaAdmActual = 9000003767 
14/09/2015 10:52:13 | Exec sco_validarVencimientosCAI_v4_1
14/09/2015 10:52:15 | Exec sco_DiccionariodeDatos @nmtabla_param='sco_AccesosOpcionesMenu'
14/09/2015 10:52:15 | Exec sco_AccesosOpcionesMenu @p_tpNivelAcceso = 'Administración' ,@p_operaconcaja = 1 
14/09/2015 10:52:15 | Exec sco_AccesosOpcionesMenu @p_tpNivelAcceso = 'Administración' ,@p_operaconcaja = 1 
14/09/2015 10:52:33 | Exec sco_DiccionariodeDatos @nmtabla_param='TB_Cupones'
14/09/2015 10:52:36 |  SELECT TB_Cupones.cdCodBar ,TB_Cupones.nrLicencia ,TB_Cupones.nmLicenciatario ,TB_Cupones.cdCliente ,TB_Cupones.nrCupon ,TB_Cupones.tpCupon ,TB_Cupones.vlMontoCupon ,TB_Cupones.vlPagoPesos ,TB_Cupones.vlPagoEuros ,TB_Cupones.vlPagoDolares ,TB_Cupones.vlComision ,TB_Cupones.nrTalonarioCliente ,TB_Cupones.nrComprabanteCliente ,TB_Cupones.flCobradoalCliente ,TB_Cupones.vlafavorAdmin ,TB_Cupones.dtCupon  FROM TB_Cupones  WHERE TB_Cupones.cdCliente = 4013  AND  TB_Cupones.tpCupon = 'Cuenta Corriente' AND TB_Cupones.flEliminar = 0  AND  TB_Cupones.flCobradoalCliente = 0 AND TB_Cupones.flAnulado = 0   Order by TB_Cupones.cdCliente ASC 
14/09/2015 10:52:36 | Exec sco_DiccionariodeDatos @nmtabla_param='TB_Clientes'
14/09/2015 10:52:37 |  SELECT TB_Clientes.cdCliente ,TB_Clientes.dsRazonSocial  FROM TB_Clientes  WHERE TB_Clientes.cdCliente = 4013  
14/09/2015 10:52:43 |  SELECT TB_Clientes.cdCliente ,TB_Clientes.dsRazonSocial ,TB_Clientes.nrDoc ,TB_Clientes.dsEmail ,TB_Clientes.tpIVA  FROM TB_Clientes  WHERE TB_Clientes.cdCliente = 4013  AND  TB_Clientes.flEliminar = 0  
14/09/2015 10:52:43 | Exec dbo.spu_obtener_puntosdeventa_facturacion_v1_0 @nrPuesto_param=9, @tipo_iva = EX,  @auto_impresor = S; 
14/09/2015 10:52:43 |  SELECT tb_parametros.dsParametro ,tb_parametros.vlParametro ,tb_parametros.tpParametro ,tb_parametros.flEditable ,tb_parametros.nrTamanio ,tb_parametros.dtActualizacion  FROM tb_parametros  WHERE tb_parametros.dsParametro = 'PUESTO_FACTURACION_CTA_CTE'  
14/09/2015 10:52:43 | Exec sco_DiccionariodeDatos @nmtabla_param='TB_Comprobantes'
14/09/2015 10:52:45 | Exec  SP_ObtenerMaxNroComprobanteporTalonario @nrTalonario='0008',@tpLetra='B',@tpComprobante='B'
14/09/2015 10:52:47 |  INSERT TB_Comprobantes (nrComprobante ,nrTalonario ,nrDoc ,cdCliente ,dsRazonSocial ,vlTotalGeneral ,dsLeyenda ,nmEmpleado ,nrPuesto ,nrCaja ,nrLicencia ,nmLicenciatario ,dtComprobante ,dsEmail ,cdCondVenta ,tpComprobante ,tpComision ,tpIVA ,dsOpcional3 ,cdCodBar ,dtCaja ,dtInsercion ,dsOpcional1 ,IdReciboCtaCte ,nrCAI ,dtVencimiento ,vlPagoPesos ,vlDiaDolar ,vlDiaEuro ,dsOpcional2 ,tpLetra ,dsUsuario )  VALUES ('00134132' ,'0008' ,'27-14012559-3' ,4013 ,'SILVINA SZPERLING' ,675.00 ,null ,'CAMILA PASQUALI' ,9 ,9000003767 ,999 ,'Coop. Taxi Ezeiza' ,'14/09/2015' ,null ,'Contado' ,'B' ,'A Clientes' ,'EX' ,'30708249919010008' ,'000800134132999' ,'14/09/2015 10:52:45' ,'14/09/2015 10:52:45' ,'10:52' ,1000275535 ,null ,null ,675.00 ,9.10 ,10.00 ,'Viajes Realizados en Cta. Cte. según recibo Nro. 1000275535' ,'B' ,'CAMILAP' )
14/09/2015 10:52:47 | Exec sco_DiccionariodeDatos @nmtabla_param='DiccionariodeDatos'
14/09/2015 10:52:47 |  UPDATE DiccionariodeDatos SET DiccionariodeDatos.vlPuesto4  = '8'   WHERE DiccionariodeDatos.nmTabla = 'TB_Comprobantes'  AND  DiccionariodeDatos.nmCampo = 'nrComprobante'  
14/09/2015 10:52:47 | Exec sco_DiccionariodeDatos @nmtabla_param='TB_ComprobantesDetalle'
14/09/2015 10:52:47 |  INSERT TB_ComprobantesDetalle (nrTalonario ,nrComprobante ,tpComprobante ,tpLetra ,nrItem ,cdProducto ,dsProducto ,tpOperacion ,vlPorcentaje ,vlPrecioPeaje ,vlPrecioViaje ,dtInsercion ,nrCaja ,nrPuesto )  VALUES ('0008' ,'00134132' ,'B' ,'B' ,1 ,999 ,'Viajes Realizados en Cta. Cte. según recibo Nro. 1000275535' ,null ,null ,null ,675.00 ,'14/09/2015' ,9000003767 ,9 )
14/09/2015 10:52:47 | Exec sco_DiccionariodeDatos @nmtabla_param='SP_ObtenerMaxnrCupon_v1_3'
14/09/2015 10:52:47 | Exec SP_ObtenerMaxnrCupon_v1_3 @nrPuesto = 9 
14/09/2015 10:52:48 |  INSERT TB_Cupones (nrTalonarioCliente ,nrComprabanteCliente ,tpComprobanteCliente ,tpLetraCliente ,cdCliente ,nrPuesto ,nrLicencia ,nmLicenciatario ,vlMontoCupon ,vlPagoPesos ,vlPagoDolares ,vlPagoEuros ,nrCantidadBultos ,tpCupon ,flCobradoalCliente ,dtCobradoalCliente ,flCompensado ,vlafavorAdmin ,vlComision ,dtCajaCliente ,nrCajaCliente ,dtCupon ,dsUsuario ,nrPasajeros ,cdCodBar ,dsDestino ,dsHoraViaje ,nrCupon )  VALUES ('0008' ,'00134132' ,'B' ,'B' ,4013 ,4 ,999 ,'Coop. Taxi Ezeiza' ,675.00 ,675.00 ,0 ,0 ,0 ,'Contado' ,1 ,'14/09/2015 10:52:47' ,0 ,0 ,0 ,'14/09/2015 10:52:47' ,9000003767 ,'14/09/2015 10:52:47' ,'CAMILAP' ,0 ,'000800134132999' ,'Viajes Realizados en Cta. Cte. según recibo Nro. 1000275535' ,'10:52' ,9001721185 )
14/09/2015 10:52:48 |  UPDATE DiccionariodeDatos SET DiccionariodeDatos.vlPuesto4  = '9001721185'   WHERE DiccionariodeDatos.nmTabla = 'TB_Cupones'  AND  DiccionariodeDatos.nmCampo = 'nrCupon'  
14/09/2015 10:52:48 | Exec sco_DiccionariodeDatos @nmtabla_param='TB_Puestos'
14/09/2015 10:52:48 | SET DATEFORMAT dmy
14/09/2015 10:52:48 | select getdate() AS FECHA
14/09/2015 10:52:48 |  UPDATE TB_Puestos SET TB_Puestos.nrComprobante_automatico_ult  = 134132 ,TB_Puestos.dtActualizacion  = '14/09/2015 10:52:49'   WHERE TB_Puestos.nrPuesto = 4  
14/09/2015 11:23:32 | Exec  sco_TB_Productos_v4_1 
14/09/2015 11:23:33 | Exec sco_DiccionariodeDatos @nmtabla_param='TB_Usuarios'
14/09/2015 11:23:35 |  SELECT TOP 100 TB_Usuarios.dsUsuario  FROM TB_Usuarios  WHERE TB_Usuarios.tpAcceso <> 'Puestos'  AND  TB_Usuarios.flBloqueado = 0  AND   dsUsuario Like ('c%') AND TB_Usuarios.flEliminar = 0
14/09/2015 11:23:35 |  SELECT TOP 100 TB_Usuarios.dsUsuario  FROM TB_Usuarios  WHERE TB_Usuarios.tpAcceso <> 'Puestos'  AND  TB_Usuarios.flBloqueado = 0  AND   dsUsuario Like ('cam%') AND TB_Usuarios.flEliminar = 0
14/09/2015 11:23:35 |  SELECT TOP 100 TB_Usuarios.dsUsuario  FROM TB_Usuarios  WHERE TB_Usuarios.tpAcceso <> 'Puestos'  AND  TB_Usuarios.flBloqueado = 0  AND   dsUsuario Like ('cam%') AND TB_Usuarios.flEliminar = 0
14/09/2015 11:23:35 |  SELECT TOP 100 TB_Usuarios.dsUsuario  FROM TB_Usuarios  WHERE TB_Usuarios.tpAcceso <> 'Puestos'  AND  TB_Usuarios.flBloqueado = 0  AND   dsUsuario Like ('cami%') AND TB_Usuarios.flEliminar = 0
14/09/2015 11:23:38 |  SELECT TB_Usuarios.dsUsuario ,TB_Usuarios.dspassword ,TB_Usuarios.tpAcceso ,TB_Usuarios.nmNombre ,TB_Usuarios.nmApellido ,TB_Usuarios.flBloqueado ,TB_Usuarios.tpNivelJerarquico  FROM TB_Usuarios  WHERE TB_Usuarios.dsUsuario = 'CAMILAP'  AND  TB_Usuarios.flEliminar = 0  
14/09/2015 11:23:38 | Exec sco_DiccionariodeDatos @nmtabla_param='sp_obtenerCajasPendientesdeAprobacion_v2_5'
14/09/2015 11:23:38 | Exec sp_obtenerCajasPendientesdeAprobacion_v2_5 @pdsUsuario_param = 'CAMILAP' 
14/09/2015 11:23:38 | Exec sp_obtenerCajasRechazadas_v2_9 
14/09/2015 11:23:38 | Exec sco_DiccionariodeDatos @nmtabla_param='TB_Parametros'
14/09/2015 11:23:38 |  SELECT TB_Parametros.vlParametro  FROM TB_Parametros  WHERE TB_Parametros.dsParametro = 'VALOR EURO'  
14/09/2015 11:23:38 |  SELECT TB_Parametros.vlParametro  FROM TB_Parametros  WHERE TB_Parametros.dsParametro = 'VALOR DOLAR'  
14/09/2015 11:23:39 | Exec SP_ValorPromoRetorno
14/09/2015 11:23:39 | Exec sco_DiccionariodeDatos @nmtabla_param='TB_Comisiones'
14/09/2015 11:23:39 |  SELECT TB_Comisiones.vlMontoMinimo  FROM TB_Comisiones  WHERE TB_Comisiones.tpComision = 'Retorno'  AND  TB_Comisiones.flEliminar = 0  
14/09/2015 11:23:39 |  SELECT TB_Parametros.vlParametro  FROM TB_Parametros  WHERE TB_Parametros.dsParametro = 'VALOR REAL'  
14/09/2015 11:23:39 | Exec sco_DiccionariodeDatos @nmtabla_param='TB_Cajas'
14/09/2015 11:23:39 |  SELECT TB_Cajas.nrCaja  FROM TB_Cajas  WHERE TB_Cajas.dsUsuario = 'CAMILAP'  and  TB_Cajas.flEstado = 0  and  TB_Cajas.tpEstadoAprobacion IS NULL  and  TB_Cajas.nrcaja > 0  
14/09/2015 11:23:40 |  SELECT TB_Cajas.nrCaja ,TB_Cajas.vlTotalSaldoFinal ,TB_Cajas.nrPuesto ,TB_Cajas.dsUsuario ,TB_Cajas.vlSaldoInicialPesos ,TB_Cajas.dtApertura ,TB_Cajas.dtCierre ,TB_Cajas.vlDiaDolar ,TB_Cajas.vlDiaEuro ,TB_Cajas.vlSaldoInicialEuros ,TB_Cajas.vlSaldoInicialDolares ,TB_Cajas.vlSaldoFinalRealPesos ,TB_Cajas.vlTotalSaldoInicial ,TB_Cajas.dtObservacion ,TB_Cajas.vlCierrePesos ,TB_Cajas.vlSaldoFinalRealDolares ,TB_Cajas.vlSaldoFinalRealEuros ,TB_Cajas.vlTotalSaldoFinalReal ,TB_Cajas.vlCierreDolares ,TB_Cajas.vlCierreEuros ,TB_Cajas.dsObservacion ,TB_Cajas.vlDiaReal ,TB_Cajas.flEstado  FROM TB_Cajas  WHERE TB_Cajas.nrCaja = 9000003767  
14/09/2015 11:23:40 | Exec sco_DiccionariodeDatos @nmtabla_param='SP_SumaCajaADM_v2_9'
14/09/2015 11:23:41 | Exec SP_SumaCajaADM_v2_9 @nrCaja_param = 9000003767 ,@tpCaja_param = 'CA' ,@tpCajaImputacion_param = null 
14/09/2015 11:23:41 |  UPDATE TB_Cajas SET TB_Cajas.vlSaldoFinalRealPesos  = 1161922.00 ,TB_Cajas.vlSaldoFinalRealEuros  = 173.00 ,TB_Cajas.vlSaldoFinalRealDolares  = 163.00 ,TB_Cajas.vlCierrePesos  = 185167.1 ,TB_Cajas.vlCierreDolares  = 163 ,TB_Cajas.vlCierreEuros  = 173   WHERE TB_Cajas.nrCaja = 9000003767  
14/09/2015 11:23:42 |  UPDATE TB_Cajas SET TB_Cajas.nrCaja  = 9000003767 ,TB_Cajas.vlTotalSaldoFinal  = 188380.40 ,TB_Cajas.nrPuesto  = 9 ,TB_Cajas.dsUsuario  = 'CAMILAP' ,TB_Cajas.vlSaldoInicialPesos  = 976755.30 ,TB_Cajas.dtApertura  = '30/07/2015 7:02:46' ,TB_Cajas.dtCierre  = null ,TB_Cajas.vlDiaDolar  = 9.10 ,TB_Cajas.vlDiaEuro  = 10.00 ,TB_Cajas.vlSaldoInicialEuros  = 0.00 ,TB_Cajas.vlSaldoInicialDolares  = 0.00 ,TB_Cajas.vlSaldoFinalRealPesos  = 976755.30 ,TB_Cajas.vlTotalSaldoInicial  = 976755.30 ,TB_Cajas.dtObservacion  = '14/09/2015 11:23:42' ,TB_Cajas.vlCierrePesos  = 185167.1 ,TB_Cajas.vlSaldoFinalRealDolares  = 163.00 ,TB_Cajas.vlSaldoFinalRealEuros  = 173.00 ,TB_Cajas.vlTotalSaldoFinalReal  = 1165135.00 ,TB_Cajas.vlCierreDolares  = 163 ,TB_Cajas.vlCierreEuros  = 173 ,TB_Cajas.dsObservacion  = null ,TB_Cajas.vlDiaReal  = 3.21 ,TB_Cajas.flCajaAdm  = 1   WHERE TB_Cajas.nrCaja = 9000003767  
14/09/2015 11:23:42 | Exec sco_DiccionariodeDatos @nmtabla_param='VW_UltimaCajaAdm'
14/09/2015 11:23:42 |  SELECT VW_UltimaCajaAdm.nrCaja ,VW_UltimaCajaAdm.vlSaldoFinalRealPesos ,VW_UltimaCajaAdm.vlSaldoFinalRealEuros ,VW_UltimaCajaAdm.vlSaldoFinalRealDolares  FROM VW_UltimaCajaAdm 
14/09/2015 11:23:42 |  SELECT TB_Cajas.nrCaja  FROM TB_Cajas  WHERE TB_Cajas.nrCaja = 9000003767  AND  TB_Cajas.flEstado = 0  
14/09/2015 11:23:42 | Exec sco_DiccionariodeDatos @nmtabla_param='sco_cajapuesto_v3_9'
14/09/2015 11:23:42 | Exec sco_cajapuesto_v3_9 @nrCaja_param = 9000003766 
14/09/2015 11:23:42 | Exec sco_cajapuesto_v3_9 @nrCaja_param = 9000003767 
14/09/2015 11:23:42 | Exec sco_DiccionariodeDatos @nmtabla_param='spu_esdifporCotizacionImputadas_v3_9'
14/09/2015 11:23:42 | Exec spu_esdifporCotizacionImputadas_v3_9 @nrCajaAdmActual = 9000003767 
14/09/2015 11:23:42 | Exec sco_validarVencimientosCAI_v4_1
14/09/2015 11:23:44 | Exec sco_DiccionariodeDatos @nmtabla_param='sco_AccesosOpcionesMenu'
14/09/2015 11:23:44 | Exec sco_AccesosOpcionesMenu @p_tpNivelAcceso = 'Administración' ,@p_operaconcaja = 1 
14/09/2015 11:23:44 | Exec sco_AccesosOpcionesMenu @p_tpNivelAcceso = 'Administración' ,@p_operaconcaja = 1 
14/09/2015 11:24:19 | Exec sco_DiccionariodeDatos @nmtabla_param='TB_Recibos'
14/09/2015 11:24:20 | Exec sco_AccesosOpcionesMenu @p_tpNivelAcceso = 'Administración' ,@p_operaconcaja = 1 
14/09/2015 11:24:21 | Exec sco_DiccionariodeDatos @nmtabla_param='TB_Cupones'
14/09/2015 11:24:30 |  SELECT TB_Cupones.cdCodBar ,TB_Cupones.nrLicencia ,TB_Cupones.nmLicenciatario ,TB_Cupones.cdCliente ,TB_Cupones.nrCupon ,TB_Cupones.tpCupon ,TB_Cupones.vlMontoCupon ,TB_Cupones.vlPagoPesos ,TB_Cupones.vlPagoEuros ,TB_Cupones.vlPagoDolares ,TB_Cupones.vlComision ,TB_Cupones.nrTalonarioCliente ,TB_Cupones.nrComprabanteCliente ,TB_Cupones.flCobradoalCliente ,TB_Cupones.vlafavorAdmin ,TB_Cupones.dtCupon  FROM TB_Cupones  WHERE TB_Cupones.cdCliente = 4013  AND  TB_Cupones.tpCupon = 'Cuenta Corriente' AND TB_Cupones.flEliminar = 0  AND  TB_Cupones.flCobradoalCliente = 0 AND TB_Cupones.flAnulado = 0   Order by TB_Cupones.cdCliente ASC 
14/09/2015 11:24:30 | Exec sco_DiccionariodeDatos @nmtabla_param='TB_Clientes'
14/09/2015 11:24:30 |  SELECT TB_Clientes.cdCliente ,TB_Clientes.dsRazonSocial  FROM TB_Clientes  WHERE TB_Clientes.cdCliente = 4013  
14/09/2015 11:24:35 |  SELECT TB_Clientes.cdCliente ,TB_Clientes.dsRazonSocial ,TB_Clientes.nrDoc ,TB_Clientes.dsEmail ,TB_Clientes.tpIVA  FROM TB_Clientes  WHERE TB_Clientes.cdCliente = 4013  AND  TB_Clientes.flEliminar = 0  
14/09/2015 11:24:35 | Exec dbo.spu_obtener_puntosdeventa_facturacion_v1_0 @nrPuesto_param=9, @tipo_iva = EX,  @auto_impresor = S; 
14/09/2015 11:24:35 |  SELECT tb_parametros.dsParametro ,tb_parametros.vlParametro ,tb_parametros.tpParametro ,tb_parametros.flEditable ,tb_parametros.nrTamanio ,tb_parametros.dtActualizacion  FROM tb_parametros  WHERE tb_parametros.dsParametro = 'PUESTO_FACTURACION_CTA_CTE'  
14/09/2015 11:24:35 | Exec sco_DiccionariodeDatos @nmtabla_param='TB_Comprobantes'
14/09/2015 11:24:36 | Exec  SP_ObtenerMaxNroComprobanteporTalonario @nrTalonario='0008',@tpLetra='B',@tpComprobante='B'
14/09/2015 11:24:36 |  INSERT TB_Comprobantes (nrComprobante ,nrTalonario ,nrDoc ,cdCliente ,dsRazonSocial ,vlTotalGeneral ,dsLeyenda ,nmEmpleado ,nrPuesto ,nrCaja ,nrLicencia ,nmLicenciatario ,dtComprobante ,dsEmail ,cdCondVenta ,tpComprobante ,tpComision ,tpIVA ,dsOpcional3 ,cdCodBar ,dtCaja ,dtInsercion ,dsOpcional1 ,IdReciboCtaCte ,nrCAI ,dtVencimiento ,vlPagoPesos ,vlDiaDolar ,vlDiaEuro ,dsOpcional2 ,tpLetra ,dsUsuario )  VALUES ('00134133' ,'0008' ,'27-14012559-3' ,4013 ,'SILVINA SZPERLING' ,675.00 ,null ,'CAMILA PASQUALI' ,9 ,9000003767 ,999 ,'Coop. Taxi Ezeiza' ,'14/09/2015' ,null ,'Contado' ,'B' ,'A Clientes' ,'EX' ,'30708249919010008' ,'000800134133999' ,'14/09/2015 11:24:36' ,'14/09/2015 11:24:36' ,'11:24' ,1000275535 ,null ,null ,675.00 ,9.10 ,10.00 ,'Viajes Realizados en Cta. Cte. según recibo Nro. 1000275535' ,'B' ,'CAMILAP' )
14/09/2015 11:24:36 | Exec sco_DiccionariodeDatos @nmtabla_param='DiccionariodeDatos'
14/09/2015 11:24:36 |  UPDATE DiccionariodeDatos SET DiccionariodeDatos.vlPuesto4  = '134133'   WHERE DiccionariodeDatos.nmTabla = 'TB_Comprobantes'  AND  DiccionariodeDatos.nmCampo = 'nrComprobante'  
14/09/2015 11:24:36 | Exec sco_DiccionariodeDatos @nmtabla_param='TB_ComprobantesDetalle'
14/09/2015 11:24:36 |  INSERT TB_ComprobantesDetalle (nrTalonario ,nrComprobante ,tpComprobante ,tpLetra ,nrItem ,cdProducto ,dsProducto ,tpOperacion ,vlPorcentaje ,vlPrecioPeaje ,vlPrecioViaje ,dtInsercion ,nrCaja ,nrPuesto )  VALUES ('0008' ,'00134133' ,'B' ,'B' ,1 ,999 ,'Viajes Realizados en Cta. Cte. según recibo Nro. 1000275535' ,null ,null ,null ,675.00 ,'14/09/2015' ,9000003767 ,9 )
14/09/2015 11:24:36 | Exec sco_DiccionariodeDatos @nmtabla_param='SP_ObtenerMaxnrCupon_v1_3'
14/09/2015 11:24:36 | Exec SP_ObtenerMaxnrCupon_v1_3 @nrPuesto = 9 
14/09/2015 11:24:36 |  INSERT TB_Cupones (nrTalonarioCliente ,nrComprabanteCliente ,tpComprobanteCliente ,tpLetraCliente ,cdCliente ,nrPuesto ,nrLicencia ,nmLicenciatario ,vlMontoCupon ,vlPagoPesos ,vlPagoDolares ,vlPagoEuros ,nrCantidadBultos ,tpCupon ,flCobradoalCliente ,dtCobradoalCliente ,flCompensado ,vlafavorAdmin ,vlComision ,dtCajaCliente ,nrCajaCliente ,dtCupon ,dsUsuario ,nrPasajeros ,cdCodBar ,dsDestino ,dsHoraViaje ,nrCupon )  VALUES ('0008' ,'00134133' ,'B' ,'B' ,4013 ,4 ,999 ,'Coop. Taxi Ezeiza' ,675.00 ,675.00 ,0 ,0 ,0 ,'Contado' ,1 ,'14/09/2015 11:24:36' ,0 ,0 ,0 ,'14/09/2015 11:24:36' ,9000003767 ,'14/09/2015 11:24:36' ,'CAMILAP' ,0 ,'000800134133999' ,'Viajes Realizados en Cta. Cte. según recibo Nro. 1000275535' ,'11:24' ,9001721186 )
14/09/2015 11:24:36 |  UPDATE DiccionariodeDatos SET DiccionariodeDatos.vlPuesto4  = '9001721186'   WHERE DiccionariodeDatos.nmTabla = 'TB_Cupones'  AND  DiccionariodeDatos.nmCampo = 'nrCupon'  
14/09/2015 11:24:36 | Exec sco_DiccionariodeDatos @nmtabla_param='TB_Puestos'
14/09/2015 11:24:36 | SET DATEFORMAT dmy
14/09/2015 11:24:36 | select getdate() AS FECHA
14/09/2015 11:24:36 |  UPDATE TB_Puestos SET TB_Puestos.nrComprobante_automatico_ult  = 134133 ,TB_Puestos.dtActualizacion  = '14/09/2015 11:24:37'   WHERE TB_Puestos.nrPuesto = 4  
