12/11/2015 16:51:54 | Exec  sco_TB_Productos_v4_1 
12/11/2015 16:52:38 | Exec  sco_TB_Productos_v4_1 
12/11/2015 16:52:44 | Exec sco_DiccionariodeDatos @nmtabla_param='TB_Usuarios'
12/11/2015 17:06:45 | Exec  sco_TB_Productos_v4_1 
12/11/2015 17:06:47 | Exec sco_DiccionariodeDatos @nmtabla_param='TB_Usuarios'
12/11/2015 17:10:22 | Exec  sco_TB_Productos_v4_1 
12/11/2015 17:10:24 | Exec sco_DiccionariodeDatos @nmtabla_param='TB_Usuarios'
12/11/2015 17:10:27 |  SELECT TB_Usuarios.dsUsuario ,TB_Usuarios.dspassword ,TB_Usuarios.tpAcceso ,TB_Usuarios.nmNombre ,TB_Usuarios.nmApellido ,TB_Usuarios.flBloqueado ,TB_Usuarios.tpNivelJerarquico  FROM TB_Usuarios  WHERE TB_Usuarios.dsUsuario = 'CAMILAP'  AND  TB_Usuarios.flEliminar = 0  
12/11/2015 17:10:27 |  SELECT TB_Usuarios.dsUsuario ,TB_Usuarios.dspassword ,TB_Usuarios.tpAcceso ,TB_Usuarios.nmNombre ,TB_Usuarios.nmApellido ,TB_Usuarios.flBloqueado ,TB_Usuarios.tpNivelJerarquico  FROM TB_Usuarios  WHERE TB_Usuarios.dsUsuario = 'CAMILAP'  AND  TB_Usuarios.flEliminar = 0  
12/11/2015 17:10:27 | Exec sco_DiccionariodeDatos @nmtabla_param='sp_obtenerCajasPendientesdeAprobacion_v2_5'
12/11/2015 17:10:29 | Exec sp_obtenerCajasPendientesdeAprobacion_v2_5 @pdsUsuario_param = 'CAMILAP' 
12/11/2015 17:10:30 | Exec sp_obtenerCajasRechazadas_v2_9 
12/11/2015 17:10:30 | Exec sco_DiccionariodeDatos @nmtabla_param='TB_Parametros'
12/11/2015 17:10:30 |  SELECT TB_Parametros.vlParametro  FROM TB_Parametros  WHERE TB_Parametros.dsParametro = 'VALOR EURO'  
12/11/2015 17:10:30 |  SELECT TB_Parametros.vlParametro  FROM TB_Parametros  WHERE TB_Parametros.dsParametro = 'VALOR DOLAR'  
12/11/2015 17:10:30 | Exec SP_ValorPromoRetorno
12/11/2015 17:10:30 | Exec sco_DiccionariodeDatos @nmtabla_param='TB_Comisiones'
12/11/2015 17:10:30 |  SELECT TB_Comisiones.vlMontoMinimo  FROM TB_Comisiones  WHERE TB_Comisiones.tpComision = 'Retorno'  AND  TB_Comisiones.flEliminar = 0  
12/11/2015 17:10:30 |  SELECT TB_Parametros.vlParametro  FROM TB_Parametros  WHERE TB_Parametros.dsParametro = 'VALOR REAL'  
12/11/2015 17:10:30 | Exec sco_DiccionariodeDatos @nmtabla_param='TB_Cajas'
12/11/2015 17:10:31 |  SELECT TB_Cajas.nrCaja  FROM TB_Cajas  WHERE TB_Cajas.dsUsuario = 'CAMILAP'  and  TB_Cajas.flEstado = 0  and  TB_Cajas.tpEstadoAprobacion IS NULL  and  TB_Cajas.nrcaja > 0  
12/11/2015 17:10:33 |  SELECT TB_Cajas.nrCaja ,TB_Cajas.vlTotalSaldoFinal ,TB_Cajas.nrPuesto ,TB_Cajas.dsUsuario ,TB_Cajas.vlSaldoInicialPesos ,TB_Cajas.dtApertura ,TB_Cajas.dtCierre ,TB_Cajas.vlDiaDolar ,TB_Cajas.vlDiaEuro ,TB_Cajas.vlSaldoInicialEuros ,TB_Cajas.vlSaldoInicialDolares ,TB_Cajas.vlSaldoFinalRealPesos ,TB_Cajas.vlTotalSaldoInicial ,TB_Cajas.dtObservacion ,TB_Cajas.vlCierrePesos ,TB_Cajas.vlSaldoFinalRealDolares ,TB_Cajas.vlSaldoFinalRealEuros ,TB_Cajas.vlTotalSaldoFinalReal ,TB_Cajas.vlCierreDolares ,TB_Cajas.vlCierreEuros ,TB_Cajas.dsObservacion ,TB_Cajas.vlDiaReal ,TB_Cajas.flEstado  FROM TB_Cajas  WHERE TB_Cajas.nrCaja = 9000003767  
12/11/2015 17:10:33 | Exec sco_DiccionariodeDatos @nmtabla_param='SP_SumaCajaADM_v2_9'
12/11/2015 17:10:35 | Exec SP_SumaCajaADM_v2_9 @nrCaja_param = 9000003767 ,@tpCaja_param = 'CA' ,@tpCajaImputacion_param = null 
12/11/2015 17:10:35 |  UPDATE TB_Cajas SET TB_Cajas.vlSaldoFinalRealPesos  = 1162500.00 ,TB_Cajas.vlSaldoFinalRealEuros  = 173.00 ,TB_Cajas.vlSaldoFinalRealDolares  = 163.00 ,TB_Cajas.vlCierrePesos  = 185745.1 ,TB_Cajas.vlCierreDolares  = 163 ,TB_Cajas.vlCierreEuros  = 173   WHERE TB_Cajas.nrCaja = 9000003767  
12/11/2015 17:10:37 |  UPDATE TB_Cajas SET TB_Cajas.nrCaja  = 9000003767 ,TB_Cajas.vlTotalSaldoFinal  = 188958.40 ,TB_Cajas.nrPuesto  = 9 ,TB_Cajas.dsUsuario  = 'CAMILAP' ,TB_Cajas.vlSaldoInicialPesos  = 976755.30 ,TB_Cajas.dtApertura  = '30/07/2015 07:02:46' ,TB_Cajas.dtCierre  = null ,TB_Cajas.vlDiaDolar  = 9.10 ,TB_Cajas.vlDiaEuro  = 10.00 ,TB_Cajas.vlSaldoInicialEuros  = 0.00 ,TB_Cajas.vlSaldoInicialDolares  = 0.00 ,TB_Cajas.vlSaldoFinalRealPesos  = 976755.30 ,TB_Cajas.vlTotalSaldoInicial  = 976755.30 ,TB_Cajas.dtObservacion  = '12/11/2015 17:10:36' ,TB_Cajas.vlCierrePesos  = 185745.1 ,TB_Cajas.vlSaldoFinalRealDolares  = 163.00 ,TB_Cajas.vlSaldoFinalRealEuros  = 173.00 ,TB_Cajas.vlTotalSaldoFinalReal  = 1165713.00 ,TB_Cajas.vlCierreDolares  = 163 ,TB_Cajas.vlCierreEuros  = 173 ,TB_Cajas.dsObservacion  = null ,TB_Cajas.vlDiaReal  = 3.21 ,TB_Cajas.flCajaAdm  = 1   WHERE TB_Cajas.nrCaja = 9000003767  
12/11/2015 17:10:37 | Exec sco_DiccionariodeDatos @nmtabla_param='VW_UltimaCajaAdm'
12/11/2015 17:10:37 |  SELECT VW_UltimaCajaAdm.nrCaja ,VW_UltimaCajaAdm.vlSaldoFinalRealPesos ,VW_UltimaCajaAdm.vlSaldoFinalRealEuros ,VW_UltimaCajaAdm.vlSaldoFinalRealDolares  FROM VW_UltimaCajaAdm 
12/11/2015 17:10:37 |  SELECT TB_Cajas.nrCaja  FROM TB_Cajas  WHERE TB_Cajas.nrCaja = 9000003767  AND  TB_Cajas.flEstado = 0  
12/11/2015 17:10:37 | Exec sco_DiccionariodeDatos @nmtabla_param='sco_cajapuesto_v3_9'
12/11/2015 17:10:38 | Exec sco_cajapuesto_v3_9 @nrCaja_param = 9000003766 
12/11/2015 17:10:38 | Exec sco_cajapuesto_v3_9 @nrCaja_param = 9000003767 
12/11/2015 17:10:38 | Exec sco_DiccionariodeDatos @nmtabla_param='spu_esdifporCotizacionImputadas_v3_9'
12/11/2015 17:10:38 | Exec spu_esdifporCotizacionImputadas_v3_9 @nrCajaAdmActual = 9000003767 
12/11/2015 17:10:38 | Exec sco_validarVencimientosCAI_v4_1
12/11/2015 17:10:40 | Exec sco_DiccionariodeDatos @nmtabla_param='sco_AccesosOpcionesMenu'
12/11/2015 17:10:40 | Exec sco_AccesosOpcionesMenu @p_tpNivelAcceso = 'Administración' ,@p_operaconcaja = 1 
12/11/2015 17:10:40 | Exec sco_AccesosOpcionesMenu @p_tpNivelAcceso = 'Administración' ,@p_operaconcaja = 1 
12/11/2015 17:10:50 | Exec sco_DiccionariodeDatos @nmtabla_param='TB_Comprobantes'
12/11/2015 17:11:51 |  SELECT TB_Comprobantes.dtComprobante ,TB_Comprobantes.nrComprobante ,TB_Comprobantes.cdCliente ,TB_Comprobantes.cdCodBar ,TB_Comprobantes.nrLicencia ,TB_Comprobantes.nrPuesto ,TB_Comprobantes.nrTalonario ,TB_Comprobantes.tpComprobante ,TB_Comprobantes.nrCaja ,TB_Comprobantes.cdCondVenta ,TB_Comprobantes.nrDoc ,TB_Comprobantes.dsRazonSocial ,TB_Comprobantes.nmLicenciatario ,TB_Comprobantes.dsUsuario ,TB_Comprobantes.dsDomicilio ,TB_Comprobantes.tpComprobante ,TB_Comprobantes.tpLetra ,TB_Comprobantes.flManual  FROM TB_Comprobantes  WHERE  nrComprobante Like ('%%%') AND TB_Comprobantes.flAnulado = 0  AND  TB_Comprobantes.flEliminar = 0  AND  TB_Comprobantes.dtComprobante >= '12/11/2015 00:00:00'  AND  TB_Comprobantes.dtComprobante <= '12/11/2015 23:59:59'   Order by TB_Comprobantes.nrComprobante ASC 
12/11/2015 17:13:33 |  SELECT TB_Comprobantes.dtComprobante ,TB_Comprobantes.nrComprobante ,TB_Comprobantes.cdCliente ,TB_Comprobantes.cdCodBar ,TB_Comprobantes.nrLicencia ,TB_Comprobantes.nrPuesto ,TB_Comprobantes.nrTalonario ,TB_Comprobantes.tpComprobante ,TB_Comprobantes.nrCaja ,TB_Comprobantes.cdCondVenta ,TB_Comprobantes.nrDoc ,TB_Comprobantes.dsRazonSocial ,TB_Comprobantes.nmLicenciatario ,TB_Comprobantes.dsUsuario ,TB_Comprobantes.dsDomicilio ,TB_Comprobantes.tpComprobante ,TB_Comprobantes.tpLetra ,TB_Comprobantes.flManual  FROM TB_Comprobantes  WHERE  nrComprobante Like ('%%%') AND TB_Comprobantes.flAnulado = 0  AND  TB_Comprobantes.flEliminar = 0  AND  TB_Comprobantes.dtComprobante >= '12/11/2015 00:00:00'  AND  TB_Comprobantes.dtComprobante <= '12/11/2015 23:59:59'   Order by TB_Comprobantes.nrComprobante ASC 
12/11/2015 17:13:39 |  SELECT TB_Comprobantes.dtComprobante ,TB_Comprobantes.nrComprobante ,TB_Comprobantes.cdCliente ,TB_Comprobantes.cdCodBar ,TB_Comprobantes.nrLicencia ,TB_Comprobantes.nrPuesto ,TB_Comprobantes.nrTalonario ,TB_Comprobantes.tpComprobante ,TB_Comprobantes.nrCaja ,TB_Comprobantes.cdCondVenta ,TB_Comprobantes.nrDoc ,TB_Comprobantes.dsRazonSocial ,TB_Comprobantes.nmLicenciatario ,TB_Comprobantes.dsUsuario ,TB_Comprobantes.dsDomicilio ,TB_Comprobantes.tpComprobante ,TB_Comprobantes.tpLetra ,TB_Comprobantes.flManual  FROM TB_Comprobantes  WHERE  nrComprobante Like ('%%%') AND TB_Comprobantes.flAnulado = 0  AND  TB_Comprobantes.flEliminar = 0  AND  TB_Comprobantes.dtComprobante >= '11/11/2015 00:00:00'  AND  TB_Comprobantes.dtComprobante <= '12/11/2015 23:59:59'   Order by TB_Comprobantes.nrComprobante ASC 
12/11/2015 17:13:50 |  SELECT TB_Comprobantes.dsLeyenda ,TB_Comprobantes.tpLetra ,TB_Comprobantes.vlTotalGeneral ,TB_Comprobantes.vlPagoEuros ,TB_Comprobantes.vlPagoPesos ,TB_Comprobantes.tpMoneda ,TB_Comprobantes.dsDomicilio ,TB_Comprobantes.nmLocalidad ,TB_Comprobantes.dsEmail ,TB_Comprobantes.cdPostal ,TB_Comprobantes.dtVencimiento ,TB_Comprobantes.nrBultos ,TB_Comprobantes.nrPasajeros ,TB_Comprobantes.vlPagoDolares ,TB_Comprobantes.nrTel ,TB_Comprobantes.vlDiaEuro ,TB_Comprobantes.cdCliente ,TB_Comprobantes.nrTalonario ,TB_Comprobantes.dtComprobante ,TB_Comprobantes.nrComprobante ,TB_Comprobantes.cdCodBar ,TB_Comprobantes.tpComprobante ,TB_Comprobantes.nrCaja ,TB_Comprobantes.cdCondVenta ,TB_Comprobantes.nrDoc ,TB_Comprobantes.dsRazonSocial ,TB_Comprobantes.nrLicencia ,TB_Comprobantes.nmLicenciatario ,TB_Comprobantes.dsUsuario ,TB_Comprobantes.nrPuesto ,TB_Comprobantes.nmApellido ,TB_Comprobantes.nmNombre ,TB_Comprobantes.dsOpcional3 ,TB_Comprobantes.IdReciboCtaCte ,TB_Comprobantes.flAnulado ,TB_Comprobantes.flManual ,TB_Comprobantes.vlPagoReales  FROM TB_Comprobantes  WHERE TB_Comprobantes.nrComprobante = '00134140    '  AND  TB_Comprobantes.nrTalonario = 'FA'  AND  TB_Comprobantes.nrCaja = CAMILAP  AND  TB_Comprobantes.tpLetra = '1'  AND  TB_Comprobantes.tpComprobante = 'B'  AND  TB_Comprobantes.flEliminar = 0  
12/11/2015 17:13:50 | Invalid procedure call or argument
12/11/2015 17:13:50 |  SELECT TB_Comprobantes.dsLeyenda ,TB_Comprobantes.tpLetra ,TB_Comprobantes.vlTotalGeneral ,TB_Comprobantes.vlPagoEuros ,TB_Comprobantes.vlPagoPesos ,TB_Comprobantes.tpMoneda ,TB_Comprobantes.dsDomicilio ,TB_Comprobantes.nmLocalidad ,TB_Comprobantes.dsEmail ,TB_Comprobantes.cdPostal ,TB_Comprobantes.dtVencimiento ,TB_Comprobantes.nrBultos ,TB_Comprobantes.nrPasajeros ,TB_Comprobantes.vlPagoDolares ,TB_Comprobantes.nrTel ,TB_Comprobantes.vlDiaEuro ,TB_Comprobantes.cdCliente ,TB_Comprobantes.nrTalonario ,TB_Comprobantes.dtComprobante ,TB_Comprobantes.nrComprobante ,TB_Comprobantes.cdCodBar ,TB_Comprobantes.tpComprobante ,TB_Comprobantes.nrCaja ,TB_Comprobantes.cdCondVenta ,TB_Comprobantes.nrDoc ,TB_Comprobantes.dsRazonSocial ,TB_Comprobantes.nrLicencia ,TB_Comprobantes.nmLicenciatario ,TB_Comprobantes.dsUsuario ,TB_Comprobantes.nrPuesto ,TB_Comprobantes.nmApellido ,TB_Comprobantes.nmNombre ,TB_Comprobantes.dsOpcional3 ,TB_Comprobantes.IdReciboCtaCte ,TB_Comprobantes.flAnulado ,TB_Comprobantes.flManual ,TB_Comprobantes.vlPagoReales  FROM TB_Comprobantes  WHERE TB_Comprobantes.nrComprobante = '00134140    '  AND  TB_Comprobantes.nrTalonario = 'FA'  AND  TB_Comprobantes.nrCaja = CAMILAP  AND  TB_Comprobantes.tpLetra = '1'  AND  TB_Comprobantes.tpComprobante = 'B'  AND  TB_Comprobantes.flEliminar = 0  
12/11/2015 17:14:53 |  SELECT TB_Comprobantes.dsLeyenda ,TB_Comprobantes.tpLetra ,TB_Comprobantes.vlTotalGeneral ,TB_Comprobantes.vlPagoEuros ,TB_Comprobantes.vlPagoPesos ,TB_Comprobantes.tpMoneda ,TB_Comprobantes.dsDomicilio ,TB_Comprobantes.nmLocalidad ,TB_Comprobantes.dsEmail ,TB_Comprobantes.cdPostal ,TB_Comprobantes.dtVencimiento ,TB_Comprobantes.nrBultos ,TB_Comprobantes.nrPasajeros ,TB_Comprobantes.vlPagoDolares ,TB_Comprobantes.nrTel ,TB_Comprobantes.vlDiaEuro ,TB_Comprobantes.cdCliente ,TB_Comprobantes.nrTalonario ,TB_Comprobantes.dtComprobante ,TB_Comprobantes.nrComprobante ,TB_Comprobantes.cdCodBar ,TB_Comprobantes.tpComprobante ,TB_Comprobantes.nrCaja ,TB_Comprobantes.cdCondVenta ,TB_Comprobantes.nrDoc ,TB_Comprobantes.dsRazonSocial ,TB_Comprobantes.nrLicencia ,TB_Comprobantes.nmLicenciatario ,TB_Comprobantes.dsUsuario ,TB_Comprobantes.nrPuesto ,TB_Comprobantes.nmApellido ,TB_Comprobantes.nmNombre ,TB_Comprobantes.dsOpcional3 ,TB_Comprobantes.IdReciboCtaCte ,TB_Comprobantes.flAnulado ,TB_Comprobantes.flManual ,TB_Comprobantes.vlPagoReales  FROM TB_Comprobantes  WHERE TB_Comprobantes.nrComprobante = '00134140    '  AND  TB_Comprobantes.nrTalonario = '0008'  AND  TB_Comprobantes.nrCaja = 9000003767  AND  TB_Comprobantes.tpLetra = 'B'  AND  TB_Comprobantes.tpComprobante = 'FA'  AND  TB_Comprobantes.flEliminar = 0  
12/11/2015 17:14:54 | Exec sco_DiccionariodeDatos @nmtabla_param='TB_ComprobantesDetalle'
12/11/2015 17:14:54 |  SELECT TB_ComprobantesDetalle.nrItem ,TB_ComprobantesDetalle.cdProducto ,TB_ComprobantesDetalle.dsProducto ,TB_ComprobantesDetalle.vlPrecioViaje ,TB_ComprobantesDetalle.vlTotalItem  FROM TB_ComprobantesDetalle  WHERE TB_ComprobantesDetalle.nrTalonario = '0008'  AND  TB_ComprobantesDetalle.nrComprobante = '00134140'  AND  TB_ComprobantesDetalle.tpComprobante = 'FA'  AND  TB_ComprobantesDetalle.tpLetra = 'B'  
12/11/2015 17:15:01 | Exec sco_DiccionariodeDatos @nmtabla_param='TB_Cupones'
12/11/2015 17:15:02 |  SELECT TB_Cupones.flCompensado  FROM TB_Cupones  WHERE TB_Cupones.nrComprabanteCliente = '00134140'  AND  TB_Cupones.nrTalonarioCliente = '0008'  AND  TB_Cupones.tpComprobanteCliente = 'FA'  AND TB_Cupones.tpLetraCliente = 'B'  AND TB_Cupones.flCompensado = 1  
12/11/2015 17:15:02 | SET DATEFORMAT dmy
12/11/2015 17:15:02 | select getdate() AS FECHA
12/11/2015 17:15:02 |  UPDATE TB_Cupones SET TB_Cupones.flAnulado  = 1 ,TB_Cupones.dtAnulado  = '12/11/2015 17:15:02' ,TB_Cupones.flSincronizado  = 0 ,TB_Cupones.dtActualizacion  = '12/11/2015 17:15:02'   WHERE TB_Cupones.nrComprabanteCliente = '00134140'  AND  TB_Cupones.nrTalonarioCliente = '0008'  AND  TB_Cupones.tpComprobanteCliente = 'FA'  AND TB_Cupones.tpLetraCliente = 'B'  
12/11/2015 17:15:03 | Exec  SP_AnularFacturaCtaCte 1000275542,CAMILAP
12/11/2015 17:15:03 | SET DATEFORMAT dmy
12/11/2015 17:15:03 | select getdate() AS FECHA
12/11/2015 17:15:03 |  UPDATE TB_Comprobantes SET TB_Comprobantes.flAnulado  = 1 ,TB_Comprobantes.dtAnulado  = '12/11/2015 17:15:03' ,TB_Comprobantes.flSincronizado  = 0 ,TB_Comprobantes.dtActualizacion  = '12/11/2015 17:15:03'   WHERE TB_Comprobantes.nrComprobante = '00134140'  AND  TB_Comprobantes.nrTalonario = '0008'  AND  TB_Comprobantes.tpLetra = 'B'  AND  TB_Comprobantes.tpComprobante = 'FA'  
12/11/2015 17:15:03 | SET DATEFORMAT dmy
12/11/2015 17:15:03 | select getdate() AS FECHA
12/11/2015 17:15:03 |  UPDATE TB_Cajas SET TB_Cajas.dtActualizacion  = '12/11/2015 17:15:04'   WHERE TB_Cajas.nrCaja = 9000003767  
12/11/2015 17:15:03 |  SELECT TB_Cajas.nrCaja  FROM TB_Cajas  WHERE TB_Cajas.nrCaja = 9000003767  AND  TB_Cajas.flEstado = 0  
12/11/2015 17:15:03 |  SELECT TB_Cajas.nrCaja  FROM TB_Cajas  WHERE TB_Cajas.nrCaja = 9000003767  AND  TB_Cajas.flCajaAdm = 0  
12/11/2015 17:15:05 |  SELECT TB_Comprobantes.dtComprobante ,TB_Comprobantes.nrComprobante ,TB_Comprobantes.cdCliente ,TB_Comprobantes.cdCodBar ,TB_Comprobantes.nrLicencia ,TB_Comprobantes.nrPuesto ,TB_Comprobantes.nrTalonario ,TB_Comprobantes.tpComprobante ,TB_Comprobantes.nrCaja ,TB_Comprobantes.cdCondVenta ,TB_Comprobantes.nrDoc ,TB_Comprobantes.dsRazonSocial ,TB_Comprobantes.nmLicenciatario ,TB_Comprobantes.dsUsuario ,TB_Comprobantes.dsDomicilio ,TB_Comprobantes.tpComprobante ,TB_Comprobantes.tpLetra ,TB_Comprobantes.flManual  FROM TB_Comprobantes  WHERE  nrComprobante Like ('%%%') AND TB_Comprobantes.flAnulado = 0  AND  TB_Comprobantes.flEliminar = 0  AND  TB_Comprobantes.dtComprobante >= '11/11/2015 00:00:00'  AND  TB_Comprobantes.dtComprobante <= '12/11/2015 23:59:59'   Order by TB_Comprobantes.nrComprobante ASC 
12/11/2015 17:15:19 |  SELECT TB_Comprobantes.dsLeyenda ,TB_Comprobantes.tpLetra ,TB_Comprobantes.vlTotalGeneral ,TB_Comprobantes.vlPagoEuros ,TB_Comprobantes.vlPagoPesos ,TB_Comprobantes.tpMoneda ,TB_Comprobantes.dsDomicilio ,TB_Comprobantes.nmLocalidad ,TB_Comprobantes.dsEmail ,TB_Comprobantes.cdPostal ,TB_Comprobantes.dtVencimiento ,TB_Comprobantes.nrBultos ,TB_Comprobantes.nrPasajeros ,TB_Comprobantes.vlPagoDolares ,TB_Comprobantes.nrTel ,TB_Comprobantes.vlDiaEuro ,TB_Comprobantes.cdCliente ,TB_Comprobantes.nrTalonario ,TB_Comprobantes.dtComprobante ,TB_Comprobantes.nrComprobante ,TB_Comprobantes.cdCodBar ,TB_Comprobantes.tpComprobante ,TB_Comprobantes.nrCaja ,TB_Comprobantes.cdCondVenta ,TB_Comprobantes.nrDoc ,TB_Comprobantes.dsRazonSocial ,TB_Comprobantes.nrLicencia ,TB_Comprobantes.nmLicenciatario ,TB_Comprobantes.dsUsuario ,TB_Comprobantes.nrPuesto ,TB_Comprobantes.nmApellido ,TB_Comprobantes.nmNombre ,TB_Comprobantes.dsOpcional3 ,TB_Comprobantes.IdReciboCtaCte ,TB_Comprobantes.flAnulado ,TB_Comprobantes.flManual ,TB_Comprobantes.vlPagoReales  FROM TB_Comprobantes  WHERE TB_Comprobantes.nrComprobante = '00134139    '  AND  TB_Comprobantes.nrTalonario = '0008'  AND  TB_Comprobantes.nrCaja = 9000003767  AND  TB_Comprobantes.tpLetra = 'B'  AND  TB_Comprobantes.tpComprobante = 'FA'  AND  TB_Comprobantes.flEliminar = 0  
12/11/2015 17:15:19 |  SELECT TB_ComprobantesDetalle.nrItem ,TB_ComprobantesDetalle.cdProducto ,TB_ComprobantesDetalle.dsProducto ,TB_ComprobantesDetalle.vlPrecioViaje ,TB_ComprobantesDetalle.vlTotalItem  FROM TB_ComprobantesDetalle  WHERE TB_ComprobantesDetalle.nrTalonario = '0008'  AND  TB_ComprobantesDetalle.nrComprobante = '00134139'  AND  TB_ComprobantesDetalle.tpComprobante = 'FA'  AND  TB_ComprobantesDetalle.tpLetra = 'B'  
12/11/2015 17:15:21 |  SELECT TB_Cupones.flCompensado  FROM TB_Cupones  WHERE TB_Cupones.nrComprabanteCliente = '00134139'  AND  TB_Cupones.nrTalonarioCliente = '0008'  AND  TB_Cupones.tpComprobanteCliente = 'FA'  AND TB_Cupones.tpLetraCliente = 'B'  AND TB_Cupones.flCompensado = 1  
12/11/2015 17:15:21 | SET DATEFORMAT dmy
12/11/2015 17:15:21 | select getdate() AS FECHA
12/11/2015 17:15:21 |  UPDATE TB_Cupones SET TB_Cupones.flAnulado  = 1 ,TB_Cupones.dtAnulado  = '12/11/2015 17:15:21' ,TB_Cupones.flSincronizado  = 0 ,TB_Cupones.dtActualizacion  = '12/11/2015 17:15:21'   WHERE TB_Cupones.nrComprabanteCliente = '00134139'  AND  TB_Cupones.nrTalonarioCliente = '0008'  AND  TB_Cupones.tpComprobanteCliente = 'FA'  AND TB_Cupones.tpLetraCliente = 'B'  
12/11/2015 17:15:21 | Exec  SP_AnularFacturaCtaCte 1000275541,CAMILAP
12/11/2015 17:15:21 | SET DATEFORMAT dmy
12/11/2015 17:15:21 | select getdate() AS FECHA
12/11/2015 17:15:21 |  UPDATE TB_Comprobantes SET TB_Comprobantes.flAnulado  = 1 ,TB_Comprobantes.dtAnulado  = '12/11/2015 17:15:21' ,TB_Comprobantes.flSincronizado  = 0 ,TB_Comprobantes.dtActualizacion  = '12/11/2015 17:15:21'   WHERE TB_Comprobantes.nrComprobante = '00134139'  AND  TB_Comprobantes.nrTalonario = '0008'  AND  TB_Comprobantes.tpLetra = 'B'  AND  TB_Comprobantes.tpComprobante = 'FA'  
12/11/2015 17:15:21 | SET DATEFORMAT dmy
12/11/2015 17:15:21 | select getdate() AS FECHA
12/11/2015 17:15:21 |  UPDATE TB_Cajas SET TB_Cajas.dtActualizacion  = '12/11/2015 17:15:21'   WHERE TB_Cajas.nrCaja = 9000003767  
12/11/2015 17:15:21 |  SELECT TB_Cajas.nrCaja  FROM TB_Cajas  WHERE TB_Cajas.nrCaja = 9000003767  AND  TB_Cajas.flEstado = 0  
12/11/2015 17:15:21 |  SELECT TB_Cajas.nrCaja  FROM TB_Cajas  WHERE TB_Cajas.nrCaja = 9000003767  AND  TB_Cajas.flCajaAdm = 0  
12/11/2015 17:15:22 |  SELECT TB_Comprobantes.dtComprobante ,TB_Comprobantes.nrComprobante ,TB_Comprobantes.cdCliente ,TB_Comprobantes.cdCodBar ,TB_Comprobantes.nrLicencia ,TB_Comprobantes.nrPuesto ,TB_Comprobantes.nrTalonario ,TB_Comprobantes.tpComprobante ,TB_Comprobantes.nrCaja ,TB_Comprobantes.cdCondVenta ,TB_Comprobantes.nrDoc ,TB_Comprobantes.dsRazonSocial ,TB_Comprobantes.nmLicenciatario ,TB_Comprobantes.dsUsuario ,TB_Comprobantes.dsDomicilio ,TB_Comprobantes.tpComprobante ,TB_Comprobantes.tpLetra ,TB_Comprobantes.flManual  FROM TB_Comprobantes  WHERE  nrComprobante Like ('%%%') AND TB_Comprobantes.flAnulado = 0  AND  TB_Comprobantes.flEliminar = 0  AND  TB_Comprobantes.dtComprobante >= '11/11/2015 00:00:00'  AND  TB_Comprobantes.dtComprobante <= '12/11/2015 23:59:59'   Order by TB_Comprobantes.nrComprobante ASC 
12/11/2015 17:15:23 | Exec sco_AccesosOpcionesMenu @p_tpNivelAcceso = 'Administración' ,@p_operaconcaja = 1 
12/11/2015 17:15:27 | Inicializando Servicio SGLibrary.ServicePrinter
12/11/2015 17:15:31 | Inicializando Servicio SGLibrary.ServicePrinter OK 
12/11/2015 17:15:35 |  SELECT TB_Cupones.cdCodBar ,TB_Cupones.nrLicencia ,TB_Cupones.nmLicenciatario ,TB_Cupones.cdCliente ,TB_Cupones.nrCupon ,TB_Cupones.tpCupon ,TB_Cupones.vlMontoCupon ,TB_Cupones.vlPagoPesos ,TB_Cupones.vlPagoEuros ,TB_Cupones.vlPagoDolares ,TB_Cupones.vlComision ,TB_Cupones.nrTalonarioCliente ,TB_Cupones.nrComprabanteCliente ,TB_Cupones.flCobradoalCliente ,TB_Cupones.vlafavorAdmin ,TB_Cupones.dtCupon  FROM TB_Cupones  WHERE TB_Cupones.cdCliente = 4013  AND  TB_Cupones.tpCupon = 'Cuenta Corriente' AND TB_Cupones.flEliminar = 0  AND  TB_Cupones.flCobradoalCliente = 0 AND TB_Cupones.flAnulado = 0   Order by TB_Cupones.cdCliente ASC 
12/11/2015 17:15:35 | Exec sco_DiccionariodeDatos @nmtabla_param='TB_Clientes'
12/11/2015 17:15:35 |  SELECT TB_Clientes.cdCliente ,TB_Clientes.dsRazonSocial  FROM TB_Clientes  WHERE TB_Clientes.cdCliente = 4013  
12/11/2015 17:15:46 |  SELECT TB_Clientes.cdCliente ,TB_Clientes.dsRazonSocial ,TB_Clientes.nrDoc ,TB_Clientes.dsEmail ,TB_Clientes.tpIVA  FROM TB_Clientes  WHERE TB_Clientes.cdCliente = 4013  AND  TB_Clientes.flEliminar = 0  
12/11/2015 17:15:46 |  SELECT tb_parametros.dsParametro ,tb_parametros.vlParametro ,tb_parametros.tpParametro ,tb_parametros.flEditable ,tb_parametros.nrTamanio ,tb_parametros.dtActualizacion  FROM tb_parametros  WHERE tb_parametros.dsParametro = 'PUESTO_FACTURACION_CTA_CTE'  
12/11/2015 17:15:46 | Exec dbo.spu_obtener_puntosdeventa_facturacion_v2_0 @nrPuesto_param=4, @tipo_iva = EX,  @auto_impresor = S, @tpFormadePago = null,  @tpComprobante = 'FA'
12/11/2015 17:15:46 | Inicializando Servicio SGLibrary.ServicePrinter
12/11/2015 17:15:46 | Inicializando Servicio SGLibrary.ServicePrinter OK 
12/11/2015 17:15:46 |  SELECT tb_parametros.dsParametro ,tb_parametros.vlParametro ,tb_parametros.tpParametro ,tb_parametros.flEditable ,tb_parametros.nrTamanio ,tb_parametros.dtActualizacion  FROM tb_parametros  WHERE tb_parametros.dsParametro = 'PUESTO_FACTURACION_CTA_CTE'  
12/11/2015 17:16:06 |  INSERT TB_Comprobantes (nrComprobante ,nrTalonario ,nrDoc ,cdCliente ,dsRazonSocial ,vlTotalGeneral ,dsLeyenda ,nmEmpleado ,nrPuesto ,nrCaja ,nrLicencia ,nmLicenciatario ,dtComprobante ,tpComprobante ,tpLetra ,dsEmail ,cdCondVenta ,tpComision ,tpIVA ,dsOpcional3 ,cdCodBar ,dtCaja ,dtInsercion ,dsOpcional1 ,IdReciboCtaCte ,nrCAI ,dtVencimiento ,vlPagoPesos ,vlDiaDolar ,vlDiaEuro ,dsOpcional2 ,dsUsuario )  VALUES ('00134141' ,'0008' ,'27-14012559-3' ,4013 ,'SILVINA SZPERLING' ,790.00 ,null ,'CAMILA PASQUALI' ,9 ,9000003767 ,999 ,'Coop. Taxi Ezeiza' ,'12/11/2015' ,'FA' ,'B' ,null ,'Contado' ,'A Clientes' ,'EX' ,'30708249919010008' ,'000800134141999' ,'12/11/2015 17:16:06' ,'12/11/2015 17:16:06' ,'17:16' ,1000275544 ,null ,null ,790.00 ,9.10 ,10.00 ,'Viajes según recibo Nro. 1000275544' ,'CAMILAP' )
12/11/2015 17:16:06 | Exec sco_DiccionariodeDatos @nmtabla_param='DiccionariodeDatos'
12/11/2015 17:16:06 |  UPDATE DiccionariodeDatos SET DiccionariodeDatos.vlPuesto4  = '134141'   WHERE DiccionariodeDatos.nmTabla = 'TB_Comprobantes'  AND  DiccionariodeDatos.nmCampo = 'nrComprobante'  
12/11/2015 17:16:06 |  INSERT TB_ComprobantesDetalle (nrTalonario ,nrComprobante ,tpComprobante ,tpLetra ,nrItem ,cdProducto ,dsProducto ,tpOperacion ,vlPorcentaje ,vlPrecioPeaje ,vlPrecioViaje ,dtInsercion ,nrCaja ,nrPuesto )  VALUES ('0008' ,'00134141' ,'FA' ,'B' ,1 ,999 ,'Viajes según recibo Nro. 1000275544' ,null ,null ,null ,790.00 ,'12/11/2015' ,9000003767 ,9 )
12/11/2015 17:16:06 | Exec sco_DiccionariodeDatos @nmtabla_param='SP_ObtenerMaxnrCupon_v1_3'
12/11/2015 17:16:06 | Exec SP_ObtenerMaxnrCupon_v1_3 @nrPuesto = 9 
12/11/2015 17:16:07 |  INSERT TB_Cupones (nrTalonarioCliente ,nrComprabanteCliente ,tpComprobanteCliente ,tpLetraCliente ,cdCliente ,nrPuesto ,nrLicencia ,nmLicenciatario ,vlMontoCupon ,vlPagoPesos ,vlPagoDolares ,vlPagoEuros ,nrCantidadBultos ,tpCupon ,flCobradoalCliente ,dtCobradoalCliente ,flCompensado ,vlafavorAdmin ,vlComision ,dtCajaCliente ,nrCajaCliente ,dtCupon ,dsUsuario ,nrPasajeros ,cdCodBar ,dsDestino ,dsHoraViaje ,nrCupon )  VALUES ('0008' ,'00134141' ,'FA' ,'B' ,4013 ,4 ,999 ,'Coop. Taxi Ezeiza' ,790.00 ,790.00 ,0 ,0 ,0 ,'Contado' ,1 ,'12/11/2015 17:16:06' ,0 ,0 ,0 ,'12/11/2015 17:16:06' ,9000003767 ,'12/11/2015 17:16:06' ,'CAMILAP' ,0 ,'000800134141999' ,'Viajes según recibo Nro. 1000275544' ,'17:16' ,9001721207 )
12/11/2015 17:16:07 |  UPDATE DiccionariodeDatos SET DiccionariodeDatos.vlPuesto4  = '9001721207'   WHERE DiccionariodeDatos.nmTabla = 'TB_Cupones'  AND  DiccionariodeDatos.nmCampo = 'nrCupon'  
12/11/2015 17:16:07 | Exec sco_DiccionariodeDatos @nmtabla_param='spu_actualizar_puntosdeventa_facturacion_v2_0'
12/11/2015 17:16:07 | Exec spu_actualizar_puntosdeventa_facturacion_v2_0 @nrPuesto_param = 4 ,@tipo_iva = 'EX' ,@auto_impresor = 'S' ,@tpComprobante = 'FA' ,@nrComprobante = 134141 
12/11/2015 17:16:22 | Exec sco_DiccionariodeDatos @nmtabla_param='TB_Recibos'
12/11/2015 17:16:22 |  INSERT TB_Recibos (IdRecibo ,vlAcumDolares ,vlSaldoPesos ,vlSaldoEuros ,vlAcumPesos ,vlAcumEuros ,vlAcumComision ,vlSaldoDolares ,dtRecibo ,tpRecibo ,cdCliente ,dsRazonSocial ,nrCaja )  VALUES (1000275544 ,0 ,790.00 ,0 ,790.00 ,0 ,0 ,0 ,'12/11/2015 17:16:22' ,'Detalle de Cobro a Cta. Cte.' ,'4013' ,'SILVINA SZPERLING' ,9000003767 )
12/11/2015 17:16:22 |  UPDATE DiccionariodeDatos SET DiccionariodeDatos.vlPuesto9  = '1000275897'   WHERE DiccionariodeDatos.nmTabla = 'TB_Recibos'  AND  DiccionariodeDatos.nmCampo = 'IdRecibo'  
12/11/2015 17:16:22 | SET DATEFORMAT dmy
12/11/2015 17:16:22 | select getdate() AS FECHA
12/11/2015 17:16:22 |  UPDATE TB_Cupones SET TB_Cupones.flCobradoalCliente  = 1 ,TB_Cupones.dtCobradoalCliente  = '12/11/2015 17:16:22' ,TB_Cupones.nrCajaCtaCte  = 9000003767 ,TB_Cupones.dtCajaCtaCte  = '12/11/2015 17:16:23' ,TB_Cupones.IdReciboCtaCte  = 1000275544 ,TB_Cupones.dsUsuario  = 'CAMILAP'   WHERE TB_Cupones.nrCupon = 9001721202  
12/11/2015 17:16:54 |  SELECT TB_Cupones.cdCodBar ,TB_Cupones.nrLicencia ,TB_Cupones.nmLicenciatario ,TB_Cupones.cdCliente ,TB_Cupones.nrCupon ,TB_Cupones.tpCupon ,TB_Cupones.vlMontoCupon ,TB_Cupones.vlPagoPesos ,TB_Cupones.vlPagoEuros ,TB_Cupones.vlPagoDolares ,TB_Cupones.vlComision ,TB_Cupones.nrTalonarioCliente ,TB_Cupones.nrComprabanteCliente ,TB_Cupones.flCobradoalCliente ,TB_Cupones.vlafavorAdmin ,TB_Cupones.dtCupon  FROM TB_Cupones  WHERE TB_Cupones.cdCliente = 4013  AND  TB_Cupones.tpCupon = 'Cuenta Corriente' AND TB_Cupones.flEliminar = 0  AND  TB_Cupones.flCobradoalCliente = 0 AND TB_Cupones.flAnulado = 0   Order by TB_Cupones.cdCliente ASC 
12/11/2015 17:16:54 |  SELECT TB_Clientes.cdCliente ,TB_Clientes.dsRazonSocial  FROM TB_Clientes  WHERE TB_Clientes.cdCliente = 4013  
12/11/2015 17:17:11 |  SELECT TB_Clientes.cdCliente ,TB_Clientes.dsRazonSocial ,TB_Clientes.nrDoc ,TB_Clientes.dsEmail ,TB_Clientes.tpIVA  FROM TB_Clientes  WHERE TB_Clientes.cdCliente = 4013  AND  TB_Clientes.flEliminar = 0  
12/11/2015 17:17:11 |  SELECT tb_parametros.dsParametro ,tb_parametros.vlParametro ,tb_parametros.tpParametro ,tb_parametros.flEditable ,tb_parametros.nrTamanio ,tb_parametros.dtActualizacion  FROM tb_parametros  WHERE tb_parametros.dsParametro = 'PUESTO_FACTURACION_CTA_CTE'  
12/11/2015 17:17:11 | Exec dbo.spu_obtener_puntosdeventa_facturacion_v2_0 @nrPuesto_param=4, @tipo_iva = EX,  @auto_impresor = S, @tpFormadePago = null,  @tpComprobante = 'FA'
12/11/2015 17:17:11 | Inicializando Servicio SGLibrary.ServicePrinter
12/11/2015 17:17:11 | Inicializando Servicio SGLibrary.ServicePrinter OK 
12/11/2015 17:17:11 |  SELECT tb_parametros.dsParametro ,tb_parametros.vlParametro ,tb_parametros.tpParametro ,tb_parametros.flEditable ,tb_parametros.nrTamanio ,tb_parametros.dtActualizacion  FROM tb_parametros  WHERE tb_parametros.dsParametro = 'PUESTO_FACTURACION_CTA_CTE'  
12/11/2015 17:17:13 |  INSERT TB_Comprobantes (nrComprobante ,nrTalonario ,nrDoc ,cdCliente ,dsRazonSocial ,vlTotalGeneral ,dsLeyenda ,nmEmpleado ,nrPuesto ,nrCaja ,nrLicencia ,nmLicenciatario ,dtComprobante ,tpComprobante ,tpLetra ,dsEmail ,cdCondVenta ,tpComision ,tpIVA ,dsOpcional3 ,cdCodBar ,dtCaja ,dtInsercion ,dsOpcional1 ,IdReciboCtaCte ,nrCAI ,dtVencimiento ,vlPagoPesos ,vlDiaDolar ,vlDiaEuro ,dsOpcional2 ,dsUsuario )  VALUES ('00134142' ,'0008' ,'27-14012559-3' ,4013 ,'SILVINA SZPERLING' ,128.00 ,null ,'CAMILA PASQUALI' ,9 ,9000003767 ,999 ,'Coop. Taxi Ezeiza' ,'12/11/2015' ,'FA' ,'B' ,null ,'Contado' ,'A Clientes' ,'EX' ,'30708249919010008' ,'000800134142999' ,'12/11/2015 17:17:13' ,'12/11/2015 17:17:13' ,'17:17' ,1000275545 ,null ,null ,128.00 ,9.10 ,10.00 ,'Viajes según recibo Nro. 1000275545' ,'CAMILAP' )
12/11/2015 17:17:13 |  UPDATE DiccionariodeDatos SET DiccionariodeDatos.vlPuesto4  = '134142'   WHERE DiccionariodeDatos.nmTabla = 'TB_Comprobantes'  AND  DiccionariodeDatos.nmCampo = 'nrComprobante'  
12/11/2015 17:17:13 |  INSERT TB_ComprobantesDetalle (nrTalonario ,nrComprobante ,tpComprobante ,tpLetra ,nrItem ,cdProducto ,dsProducto ,tpOperacion ,vlPorcentaje ,vlPrecioPeaje ,vlPrecioViaje ,dtInsercion ,nrCaja ,nrPuesto )  VALUES ('0008' ,'00134142' ,'FA' ,'B' ,1 ,999 ,'Viajes según recibo Nro. 1000275545' ,null ,null ,null ,128.00 ,'12/11/2015' ,9000003767 ,9 )
12/11/2015 17:17:13 | Exec SP_ObtenerMaxnrCupon_v1_3 @nrPuesto = 9 
12/11/2015 17:17:14 |  INSERT TB_Cupones (nrTalonarioCliente ,nrComprabanteCliente ,tpComprobanteCliente ,tpLetraCliente ,cdCliente ,nrPuesto ,nrLicencia ,nmLicenciatario ,vlMontoCupon ,vlPagoPesos ,vlPagoDolares ,vlPagoEuros ,nrCantidadBultos ,tpCupon ,flCobradoalCliente ,dtCobradoalCliente ,flCompensado ,vlafavorAdmin ,vlComision ,dtCajaCliente ,nrCajaCliente ,dtCupon ,dsUsuario ,nrPasajeros ,cdCodBar ,dsDestino ,dsHoraViaje ,nrCupon )  VALUES ('0008' ,'00134142' ,'FA' ,'B' ,4013 ,4 ,999 ,'Coop. Taxi Ezeiza' ,128.00 ,128.00 ,0 ,0 ,0 ,'Contado' ,1 ,'12/11/2015 17:17:13' ,0 ,0 ,0 ,'12/11/2015 17:17:13' ,9000003767 ,'12/11/2015 17:17:13' ,'CAMILAP' ,0 ,'000800134142999' ,'Viajes según recibo Nro. 1000275545' ,'17:17' ,9001721208 )
12/11/2015 17:17:14 |  UPDATE DiccionariodeDatos SET DiccionariodeDatos.vlPuesto4  = '9001721208'   WHERE DiccionariodeDatos.nmTabla = 'TB_Cupones'  AND  DiccionariodeDatos.nmCampo = 'nrCupon'  
12/11/2015 17:17:14 | Exec spu_actualizar_puntosdeventa_facturacion_v2_0 @nrPuesto_param = 4 ,@tipo_iva = 'EX' ,@auto_impresor = 'S' ,@tpComprobante = 'FA' ,@nrComprobante = 134142 
12/11/2015 17:17:27 |  INSERT TB_Recibos (IdRecibo ,vlAcumDolares ,vlSaldoPesos ,vlSaldoEuros ,vlAcumPesos ,vlAcumEuros ,vlAcumComision ,vlSaldoDolares ,dtRecibo ,tpRecibo ,cdCliente ,dsRazonSocial ,nrCaja )  VALUES (1000275545 ,0 ,128.00 ,0 ,128.00 ,0 ,0 ,0 ,'12/11/2015 17:17:27' ,'Detalle de Cobro a Cta. Cte.' ,'4013' ,'SILVINA SZPERLING' ,9000003767 )
12/11/2015 17:17:27 |  UPDATE DiccionariodeDatos SET DiccionariodeDatos.vlPuesto9  = '1000275898'   WHERE DiccionariodeDatos.nmTabla = 'TB_Recibos'  AND  DiccionariodeDatos.nmCampo = 'IdRecibo'  
12/11/2015 17:17:27 | SET DATEFORMAT dmy
12/11/2015 17:17:27 | select getdate() AS FECHA
12/11/2015 17:17:27 |  UPDATE TB_Cupones SET TB_Cupones.flCobradoalCliente  = 1 ,TB_Cupones.dtCobradoalCliente  = '12/11/2015 17:17:27' ,TB_Cupones.nrCajaCtaCte  = 9000003767 ,TB_Cupones.dtCajaCtaCte  = '12/11/2015 17:17:27' ,TB_Cupones.IdReciboCtaCte  = 1000275545 ,TB_Cupones.dsUsuario  = 'CAMILAP'   WHERE TB_Cupones.nrCupon = 9000757119  
12/11/2015 17:17:34 |  SELECT TB_Cupones.cdCodBar ,TB_Cupones.nrLicencia ,TB_Cupones.nmLicenciatario ,TB_Cupones.cdCliente ,TB_Cupones.nrCupon ,TB_Cupones.tpCupon ,TB_Cupones.vlMontoCupon ,TB_Cupones.vlPagoPesos ,TB_Cupones.vlPagoEuros ,TB_Cupones.vlPagoDolares ,TB_Cupones.vlComision ,TB_Cupones.nrTalonarioCliente ,TB_Cupones.nrComprabanteCliente ,TB_Cupones.flCobradoalCliente ,TB_Cupones.vlafavorAdmin ,TB_Cupones.dtCupon  FROM TB_Cupones  WHERE TB_Cupones.cdCliente = 4013  AND  TB_Cupones.tpCupon = 'Cuenta Corriente' AND TB_Cupones.flEliminar = 0  AND  TB_Cupones.flCobradoalCliente = 0 AND TB_Cupones.flAnulado = 0   Order by TB_Cupones.cdCliente ASC 
12/11/2015 17:17:47 | Exec sco_AccesosOpcionesMenu @p_tpNivelAcceso = 'Administración' ,@p_operaconcaja = 1 
12/11/2015 17:17:48 |  SELECT TB_Cajas.vlSaldoInicialPesos ,TB_Cajas.vlSaldoInicialDolares ,TB_Cajas.vlSaldoInicialEuros ,TB_Cajas.vlSaldoInicialReales ,TB_Cajas.vlDiaEuro ,TB_Cajas.vlDiaDolar ,TB_Cajas.vlDiaReal ,TB_Cajas.dsUsuario ,TB_Cajas.dtApertura ,TB_Cajas.dtCierre  FROM TB_Cajas  WHERE TB_Cajas.nrCaja = 9000003767  
12/11/2015 17:18:59 | Exec  sp_obtiene_falta_compensar_v4_2 
12/11/2015 17:18:59 |  SELECT tb_parametros.dsParametro ,tb_parametros.vlParametro ,tb_parametros.tpParametro ,tb_parametros.flEditable ,tb_parametros.nrTamanio ,tb_parametros.dtActualizacion  FROM tb_parametros  WHERE tb_parametros.dsParametro = 'CANT_VIAJES_A_COMP'  
12/11/2015 17:18:59 |  SELECT tb_parametros.dsParametro ,tb_parametros.vlParametro ,tb_parametros.tpParametro ,tb_parametros.flEditable ,tb_parametros.nrTamanio ,tb_parametros.dtActualizacion  FROM tb_parametros  WHERE tb_parametros.dsParametro = 'CTROL_CANT_VIAJES'  
12/11/2015 17:18:59 |  SELECT tb_parametros.dsParametro ,tb_parametros.vlParametro ,tb_parametros.tpParametro ,tb_parametros.flEditable ,tb_parametros.nrTamanio ,tb_parametros.dtActualizacion  FROM tb_parametros  WHERE tb_parametros.dsParametro = 'COBRO_COMISION_CD_RE_OBLIGATORIA'  
12/11/2015 17:24:52 |  SELECT TB_Cupones.cdCodBar ,TB_Cupones.nrLicencia ,TB_Cupones.nmLicenciatario ,TB_Cupones.cdCliente ,TB_Cupones.nrCupon ,TB_Cupones.tpCupon ,TB_Cupones.vlMontoCupon ,TB_Cupones.vlPagoPesos ,TB_Cupones.vlPagoEuros ,TB_Cupones.vlPagoDolares ,TB_Cupones.vlPagoReales ,TB_Cupones.vlComision ,TB_Cupones.nrTalonarioCliente ,TB_Cupones.tpComprobanteCliente ,TB_Cupones.nrComprabanteCliente ,TB_Cupones.tpLetraCliente ,TB_Cupones.flCobradoalCliente ,TB_Cupones.flCompensado ,TB_Cupones.cdCliente ,TB_Cupones.vlaFavordelLicenciatario ,TB_Cupones.vlafavorAdmin ,TB_Cupones.dtCupon ,TB_Cupones.dsObservacion ,TB_Cupones.vlIVA ,TB_Cupones.flAnulado  FROM TB_Cupones  WHERE TB_Cupones.flEliminar = 0  AND  TB_Cupones.cdCliente = 4013  AND  TB_Cupones.flCompensado = 0  AND  TB_Cupones.flAnulado = 0  AND  TB_Cupones.nrLicencia = 999  
12/11/2015 17:24:52 | Exec sco_DiccionariodeDatos @nmtabla_param='SP_sepuedecompensar_2_0'
12/11/2015 17:24:52 | Exec SP_sepuedecompensar_2_0 @dtcupon_param = '12/11/2015 17:16:06' 
12/11/2015 17:24:52 | Exec SP_sepuedecompensar_2_0 @dtcupon_param = '01/12/2009 08:30:14' 
12/11/2015 17:24:52 | Exec SP_sepuedecompensar_2_0 @dtcupon_param = '14/08/2015 17:43:11' 
12/11/2015 17:24:52 | Exec SP_sepuedecompensar_2_0 @dtcupon_param = '22/08/2015 11:04:16' 
12/11/2015 17:24:52 | Exec SP_sepuedecompensar_2_0 @dtcupon_param = '16/09/2015 14:50:39' 
12/11/2015 17:24:52 | Exec SP_sepuedecompensar_2_0 @dtcupon_param = '14/09/2015 10:52:47' 
12/11/2015 17:24:52 | Exec SP_sepuedecompensar_2_0 @dtcupon_param = '28/10/2015 06:17:33' 
12/11/2015 17:24:53 | Exec SP_sepuedecompensar_2_0 @dtcupon_param = '12/11/2015 17:17:13' 
12/11/2015 17:24:53 | Exec SP_sepuedecompensar_2_0 @dtcupon_param = '14/09/2015 11:24:36' 
12/11/2015 17:24:53 | Exec SP_sepuedecompensar_2_0 @dtcupon_param = '15/09/2015 15:43:11' 
12/11/2015 17:24:53 | Exec SP_sepuedecompensar_2_0 @dtcupon_param = '15/09/2015 16:03:35' 
12/11/2015 17:24:53 | Exec SP_sepuedecompensar_2_0 @dtcupon_param = '01/12/2009 08:31:02' 
12/11/2015 17:25:13 | Exec sco_AccesosOpcionesMenu @p_tpNivelAcceso = 'Administración' ,@p_operaconcaja = 1 
12/11/2015 17:25:19 |  SELECT TB_Recibos.IdRecibo ,TB_Recibos.vlAcumDolares ,TB_Recibos.vlSaldoPesos ,TB_Recibos.cdCliente ,TB_Recibos.dsRazonSocial ,TB_Recibos.vlSaldoEuros ,TB_Recibos.vlAcumPesos ,TB_Recibos.tpRecibo ,TB_Recibos.vlAcumEuros ,TB_Recibos.vlAcumComision ,TB_Recibos.vlSaldoDolares ,TB_Recibos.dtRecibo ,TB_Recibos.flAnulado ,TB_Recibos.nrCaja ,TB_Recibos.dsUsuario  FROM TB_Recibos  WHERE  IdRecibo Like ('%%%') AND TB_Recibos.dtRecibo >= '12/11/2015 00:00:00'  AND  TB_Recibos.dtRecibo <= '12/11/2015 23:59:59'   Order by TB_Recibos.IdRecibo ASC 
12/11/2015 17:25:42 |  SELECT TB_Recibos.IdRecibo ,TB_Recibos.vlAcumDolares ,TB_Recibos.vlSaldoPesos ,TB_Recibos.cdCliente ,TB_Recibos.dsRazonSocial ,TB_Recibos.vlSaldoEuros ,TB_Recibos.vlAcumPesos ,TB_Recibos.tpRecibo ,TB_Recibos.vlAcumEuros ,TB_Recibos.vlAcumComision ,TB_Recibos.vlSaldoDolares ,TB_Recibos.dtRecibo ,TB_Recibos.flAnulado ,TB_Recibos.nrCaja ,TB_Recibos.dsUsuario  FROM TB_Recibos  WHERE  IdRecibo Like ('%%%') AND TB_Recibos.dtRecibo >= '11/11/2015 00:00:00'  AND  TB_Recibos.dtRecibo <= '11/11/2015 23:59:59'   Order by TB_Recibos.IdRecibo ASC 
12/11/2015 17:25:55 |  SELECT TB_Usuarios.dsUsuario ,TB_Usuarios.nmNombre ,TB_Usuarios.nmApellido ,TB_Usuarios.tpNivelJerarquico  FROM TB_Usuarios  WHERE TB_Usuarios.flEliminar = 0  AND  TB_Usuarios.flBloqueado = 0  AND  TB_Usuarios.tpNivelJerarquico = 'Supervisor'  
12/11/2015 17:26:02 |  SELECT TB_Usuarios.dsUsuario ,TB_Usuarios.dspassword ,TB_Usuarios.tpAcceso ,TB_Usuarios.nmNombre ,TB_Usuarios.nmApellido ,TB_Usuarios.flBloqueado ,TB_Usuarios.tpNivelJerarquico  FROM TB_Usuarios  WHERE TB_Usuarios.dsUsuario = 'USRPARAM'  AND  TB_Usuarios.flEliminar = 0  
12/11/2015 17:26:04 | Exec  SP_AnularRecibo_v3_7 @idReciboParam=1000275543 ,  @dsUsuario_param='CAMILAP', @dsUsuario_Supervisor_param='USRPARAM'
12/11/2015 17:26:05 |  SELECT TB_Recibos.IdRecibo ,TB_Recibos.vlAcumDolares ,TB_Recibos.vlSaldoPesos ,TB_Recibos.cdCliente ,TB_Recibos.dsRazonSocial ,TB_Recibos.vlSaldoEuros ,TB_Recibos.vlAcumPesos ,TB_Recibos.tpRecibo ,TB_Recibos.vlAcumEuros ,TB_Recibos.vlAcumComision ,TB_Recibos.vlSaldoDolares ,TB_Recibos.dtRecibo ,TB_Recibos.flAnulado ,TB_Recibos.nrCaja ,TB_Recibos.dsUsuario  FROM TB_Recibos  WHERE  IdRecibo Like ('%%%') AND TB_Recibos.dtRecibo >= '11/11/2015 00:00:00'  AND  TB_Recibos.dtRecibo <= '11/11/2015 23:59:59'   Order by TB_Recibos.IdRecibo ASC 
12/11/2015 17:26:06 | Exec sco_AccesosOpcionesMenu @p_tpNivelAcceso = 'Administración' ,@p_operaconcaja = 1 
12/11/2015 17:26:07 |  SELECT TB_Cajas.vlSaldoInicialPesos ,TB_Cajas.vlSaldoInicialDolares ,TB_Cajas.vlSaldoInicialEuros ,TB_Cajas.vlSaldoInicialReales ,TB_Cajas.vlDiaEuro ,TB_Cajas.vlDiaDolar ,TB_Cajas.vlDiaReal ,TB_Cajas.dsUsuario ,TB_Cajas.dtApertura ,TB_Cajas.dtCierre  FROM TB_Cajas  WHERE TB_Cajas.nrCaja = 9000003767  
12/11/2015 17:26:08 | Exec  sp_obtiene_falta_compensar_v4_2 
12/11/2015 17:26:08 |  SELECT tb_parametros.dsParametro ,tb_parametros.vlParametro ,tb_parametros.tpParametro ,tb_parametros.flEditable ,tb_parametros.nrTamanio ,tb_parametros.dtActualizacion  FROM tb_parametros  WHERE tb_parametros.dsParametro = 'CANT_VIAJES_A_COMP'  
12/11/2015 17:26:08 |  SELECT tb_parametros.dsParametro ,tb_parametros.vlParametro ,tb_parametros.tpParametro ,tb_parametros.flEditable ,tb_parametros.nrTamanio ,tb_parametros.dtActualizacion  FROM tb_parametros  WHERE tb_parametros.dsParametro = 'CTROL_CANT_VIAJES'  
12/11/2015 17:26:08 |  SELECT tb_parametros.dsParametro ,tb_parametros.vlParametro ,tb_parametros.tpParametro ,tb_parametros.flEditable ,tb_parametros.nrTamanio ,tb_parametros.dtActualizacion  FROM tb_parametros  WHERE tb_parametros.dsParametro = 'COBRO_COMISION_CD_RE_OBLIGATORIA'  
12/11/2015 17:26:13 |  SELECT TB_Cupones.cdCodBar ,TB_Cupones.nrLicencia ,TB_Cupones.nmLicenciatario ,TB_Cupones.cdCliente ,TB_Cupones.nrCupon ,TB_Cupones.tpCupon ,TB_Cupones.vlMontoCupon ,TB_Cupones.vlPagoPesos ,TB_Cupones.vlPagoEuros ,TB_Cupones.vlPagoDolares ,TB_Cupones.vlPagoReales ,TB_Cupones.vlComision ,TB_Cupones.nrTalonarioCliente ,TB_Cupones.tpComprobanteCliente ,TB_Cupones.nrComprabanteCliente ,TB_Cupones.tpLetraCliente ,TB_Cupones.flCobradoalCliente ,TB_Cupones.flCompensado ,TB_Cupones.cdCliente ,TB_Cupones.vlaFavordelLicenciatario ,TB_Cupones.vlafavorAdmin ,TB_Cupones.dtCupon ,TB_Cupones.dsObservacion ,TB_Cupones.vlIVA ,TB_Cupones.flAnulado  FROM TB_Cupones  WHERE TB_Cupones.flEliminar = 0  AND  TB_Cupones.cdCliente = 4013  AND  TB_Cupones.flCompensado = 0  AND  TB_Cupones.flAnulado = 0  AND  TB_Cupones.nrLicencia = 999  
12/11/2015 17:26:13 | Exec SP_sepuedecompensar_2_0 @dtcupon_param = '12/11/2015 17:16:06' 
12/11/2015 17:26:13 | Exec SP_sepuedecompensar_2_0 @dtcupon_param = '01/12/2009 08:30:14' 
12/11/2015 17:26:13 | Exec SP_sepuedecompensar_2_0 @dtcupon_param = '14/08/2015 17:43:11' 
12/11/2015 17:26:13 | Exec SP_sepuedecompensar_2_0 @dtcupon_param = '22/08/2015 11:04:16' 
12/11/2015 17:26:13 | Exec SP_sepuedecompensar_2_0 @dtcupon_param = '16/09/2015 14:50:39' 
12/11/2015 17:26:13 | Exec SP_sepuedecompensar_2_0 @dtcupon_param = '14/09/2015 10:52:47' 
12/11/2015 17:26:13 | Exec SP_sepuedecompensar_2_0 @dtcupon_param = '28/10/2015 06:17:33' 
12/11/2015 17:26:13 | Exec SP_sepuedecompensar_2_0 @dtcupon_param = '11/11/2015 17:46:02' 
12/11/2015 17:26:13 | Exec SP_sepuedecompensar_2_0 @dtcupon_param = '12/11/2015 17:17:13' 
12/11/2015 17:26:13 | Exec SP_sepuedecompensar_2_0 @dtcupon_param = '14/09/2015 11:24:36' 
12/11/2015 17:26:13 | Exec SP_sepuedecompensar_2_0 @dtcupon_param = '15/09/2015 15:43:11' 
12/11/2015 17:26:13 | Exec SP_sepuedecompensar_2_0 @dtcupon_param = '15/09/2015 16:03:35' 
12/11/2015 17:26:13 | Exec SP_sepuedecompensar_2_0 @dtcupon_param = '11/11/2015 18:20:09' 
12/11/2015 17:26:13 | Exec SP_sepuedecompensar_2_0 @dtcupon_param = '01/12/2009 08:31:02' 
12/11/2015 17:26:46 |  SELECT TB_Cupones.nrCupon  FROM TB_Cupones  WHERE TB_Cupones.IdRecibo = 1000275546  
12/11/2015 17:26:46 |  SELECT TB_Clientes.cdCliente ,TB_Clientes.dsRazonSocial ,TB_Clientes.nrDoc ,TB_Clientes.dsEmail  FROM TB_Clientes  WHERE TB_Clientes.cdCliente = 4013  AND  TB_Clientes.flEliminar = 0  
12/11/2015 17:26:46 |  INSERT TB_Recibos (IdRecibo ,vlAcumDolares ,vlSaldoPesos ,vlSaldoEuros ,vlAcumPesos ,vlAcumEuros ,vlAcumComision ,vlSaldoDolares ,dtRecibo ,tpRecibo ,cdCliente ,dsRazonSocial ,nrCaja )  VALUES (1000275546 ,0.00 ,-322.00 ,0.00 ,-322.00 ,0.00 ,0.00 ,0.00 ,'12/11/2015 17:26:46' ,'Recibo de Cobranza de Cta. Cte.' ,null ,'SILVINA SZPERLING' ,9000003767 )
12/11/2015 17:26:46 |  UPDATE DiccionariodeDatos SET DiccionariodeDatos.vlPuesto9  = '1000275899'   WHERE DiccionariodeDatos.nmTabla = 'TB_Recibos'  AND  DiccionariodeDatos.nmCampo = 'IdRecibo'  
12/11/2015 17:26:46 |  UPDATE TB_Cupones SET TB_Cupones.flCompensado  = 1 ,TB_Cupones.dtCompensado  = '12/11/2015 17:26:46' ,TB_Cupones.nrCajaLicenciatario  = 9000003767 ,TB_Cupones.dtCajaLicenciatario  = '12/11/2015 17:26:46' ,TB_Cupones.IdRecibo  = 1000275546 ,TB_Cupones.dsUsuario  = 'CAMILAP'   WHERE TB_Cupones.nrCupon = 9001721208  AND  TB_Cupones.IdRecibo IS NULL  
12/11/2015 17:26:46 |  UPDATE TB_Cupones SET TB_Cupones.flCompensado  = 1 ,TB_Cupones.dtCompensado  = '12/11/2015 17:26:46' ,TB_Cupones.nrCajaLicenciatario  = 9000003767 ,TB_Cupones.dtCajaLicenciatario  = '12/11/2015 17:26:46' ,TB_Cupones.IdRecibo  = 1000275546 ,TB_Cupones.dsUsuario  = 'CAMILAP'   WHERE TB_Cupones.nrCupon = 9001721206  AND  TB_Cupones.IdRecibo IS NULL  
12/11/2015 17:26:46 |  select count(*) as cupones_a_compensados from tb_cupones where IdRecibo = 1000275546
12/11/2015 17:26:46 | Exec sco_DiccionariodeDatos @nmtabla_param='TB_Conceptos'
12/11/2015 17:26:47 |  SELECT TB_Conceptos.tpConcepto ,TB_Conceptos.dsConcepto ,TB_Conceptos.tpOperacion ,TB_Conceptos.tpCajaImputacion ,TB_Conceptos.tpCreadoPor  FROM TB_Conceptos  WHERE TB_Conceptos.flEliminar = 0  AND  TB_Conceptos.cdConcepto = 1063  
12/11/2015 17:26:47 | Exec sco_DiccionariodeDatos @nmtabla_param='TB_MovimientosContables'
12/11/2015 17:26:47 |  INSERT TB_MovimientosContables (IdMovimiento ,dsMovimiento ,IdRecibo ,cdConcepto ,tpConcepto ,dsConcepto ,tpOperacion ,vlPesos ,vlDolares ,vlEuros ,nrRecibo ,nrFactura ,nrCaja ,dsUsuario ,dtMovimiento ,dsProveedor ,IdProveedor ,tpCajaImputacion ,dsUsuarioCajaPuesto ,nrCajaPuesto )  VALUES (1000473535 ,'Cobro a Cuenta Corriente' ,1000275546 ,1063 ,'Cajas' ,'COBRO DE CTA. CTE' ,'Entrada de Dinero' ,-322.00 ,0.00 ,0.00 ,'1000275546' ,null ,9000003767 ,'CAMILAP' ,'12/11/2015 17:26:46' ,'Licencia Nro. 999' ,null ,'Caja de la Cooperativa' ,null ,null )
12/11/2015 17:26:47 |  SELECT TB_Cupones.cdCodBar ,TB_Cupones.nrLicencia ,TB_Cupones.nmLicenciatario ,TB_Cupones.cdCliente ,TB_Cupones.nrCupon ,TB_Cupones.tpCupon ,TB_Cupones.vlMontoCupon ,TB_Cupones.vlPagoPesos ,TB_Cupones.vlPagoEuros ,TB_Cupones.vlPagoDolares ,TB_Cupones.vlPagoReales ,TB_Cupones.vlComision ,TB_Cupones.nrTalonarioCliente ,TB_Cupones.tpComprobanteCliente ,TB_Cupones.nrComprabanteCliente ,TB_Cupones.tpLetraCliente ,TB_Cupones.flCobradoalCliente ,TB_Cupones.flCompensado ,TB_Cupones.cdCliente ,TB_Cupones.vlaFavordelLicenciatario ,TB_Cupones.vlafavorAdmin ,TB_Cupones.dtCupon ,TB_Cupones.dsObservacion ,TB_Cupones.vlIVA ,TB_Cupones.flAnulado  FROM TB_Cupones  WHERE TB_Cupones.flEliminar = 0  AND  TB_Cupones.cdCliente = 4013  AND  TB_Cupones.flCompensado = 0  AND  TB_Cupones.flAnulado = 0  AND  TB_Cupones.nrLicencia = 999  
12/11/2015 17:26:47 | Exec SP_sepuedecompensar_2_0 @dtcupon_param = '12/11/2015 17:16:06' 
12/11/2015 17:26:47 | Exec SP_sepuedecompensar_2_0 @dtcupon_param = '01/12/2009 08:30:14' 
12/11/2015 17:26:47 | Exec SP_sepuedecompensar_2_0 @dtcupon_param = '14/08/2015 17:43:11' 
12/11/2015 17:26:47 | Exec SP_sepuedecompensar_2_0 @dtcupon_param = '22/08/2015 11:04:16' 
12/11/2015 17:26:47 | Exec SP_sepuedecompensar_2_0 @dtcupon_param = '16/09/2015 14:50:39' 
12/11/2015 17:26:47 | Exec SP_sepuedecompensar_2_0 @dtcupon_param = '14/09/2015 10:52:47' 
12/11/2015 17:26:47 | Exec SP_sepuedecompensar_2_0 @dtcupon_param = '28/10/2015 06:17:33' 
12/11/2015 17:26:47 | Exec SP_sepuedecompensar_2_0 @dtcupon_param = '11/11/2015 17:46:02' 
12/11/2015 17:26:47 | Exec SP_sepuedecompensar_2_0 @dtcupon_param = '14/09/2015 11:24:36' 
12/11/2015 17:26:47 | Exec SP_sepuedecompensar_2_0 @dtcupon_param = '15/09/2015 15:43:11' 
12/11/2015 17:26:47 | Exec SP_sepuedecompensar_2_0 @dtcupon_param = '15/09/2015 16:03:35' 
12/11/2015 17:26:47 | Exec SP_sepuedecompensar_2_0 @dtcupon_param = '01/12/2009 08:31:02' 
12/11/2015 17:26:47 | Exec  sp_obtiene_falta_compensar_v4_2 
12/11/2015 17:26:57 | Exec sco_AccesosOpcionesMenu @p_tpNivelAcceso = 'Administración' ,@p_operaconcaja = 1 
12/11/2015 17:27:07 |  SELECT TB_Recibos.IdRecibo ,TB_Recibos.vlAcumDolares ,TB_Recibos.vlSaldoPesos ,TB_Recibos.cdCliente ,TB_Recibos.dsRazonSocial ,TB_Recibos.vlSaldoEuros ,TB_Recibos.vlAcumPesos ,TB_Recibos.tpRecibo ,TB_Recibos.vlAcumEuros ,TB_Recibos.vlAcumComision ,TB_Recibos.vlSaldoDolares ,TB_Recibos.dtRecibo ,TB_Recibos.flAnulado ,TB_Recibos.nrCaja ,TB_Recibos.dsUsuario  FROM TB_Recibos  WHERE  IdRecibo Like ('%%%') AND TB_Recibos.dtRecibo >= '12/11/2015 00:00:00'  AND  TB_Recibos.dtRecibo <= '12/11/2015 23:59:59'   Order by TB_Recibos.IdRecibo ASC 
12/11/2015 17:27:13 |  SELECT TB_Usuarios.dsUsuario ,TB_Usuarios.nmNombre ,TB_Usuarios.nmApellido ,TB_Usuarios.tpNivelJerarquico  FROM TB_Usuarios  WHERE TB_Usuarios.flEliminar = 0  AND  TB_Usuarios.flBloqueado = 0  AND  TB_Usuarios.tpNivelJerarquico = 'Supervisor'  
12/11/2015 17:27:20 |  SELECT TB_Usuarios.dsUsuario ,TB_Usuarios.dspassword ,TB_Usuarios.tpAcceso ,TB_Usuarios.nmNombre ,TB_Usuarios.nmApellido ,TB_Usuarios.flBloqueado ,TB_Usuarios.tpNivelJerarquico  FROM TB_Usuarios  WHERE TB_Usuarios.dsUsuario = 'USRPARAM'  AND  TB_Usuarios.flEliminar = 0  
12/11/2015 17:27:21 | Exec  SP_AnularRecibo_v3_7 @idReciboParam=1000275546 ,  @dsUsuario_param='CAMILAP', @dsUsuario_Supervisor_param='USRPARAM'
12/11/2015 17:27:22 |  SELECT TB_Recibos.IdRecibo ,TB_Recibos.vlAcumDolares ,TB_Recibos.vlSaldoPesos ,TB_Recibos.cdCliente ,TB_Recibos.dsRazonSocial ,TB_Recibos.vlSaldoEuros ,TB_Recibos.vlAcumPesos ,TB_Recibos.tpRecibo ,TB_Recibos.vlAcumEuros ,TB_Recibos.vlAcumComision ,TB_Recibos.vlSaldoDolares ,TB_Recibos.dtRecibo ,TB_Recibos.flAnulado ,TB_Recibos.nrCaja ,TB_Recibos.dsUsuario  FROM TB_Recibos  WHERE  IdRecibo Like ('%%%') AND TB_Recibos.dtRecibo >= '12/11/2015 00:00:00'  AND  TB_Recibos.dtRecibo <= '12/11/2015 23:59:59'   Order by TB_Recibos.IdRecibo ASC 
12/11/2015 17:27:24 | Exec sco_AccesosOpcionesMenu @p_tpNivelAcceso = 'Administración' ,@p_operaconcaja = 1 
12/11/2015 17:27:26 |  SELECT TB_Cajas.vlSaldoInicialPesos ,TB_Cajas.vlSaldoInicialDolares ,TB_Cajas.vlSaldoInicialEuros ,TB_Cajas.vlSaldoInicialReales ,TB_Cajas.vlDiaEuro ,TB_Cajas.vlDiaDolar ,TB_Cajas.vlDiaReal ,TB_Cajas.dsUsuario ,TB_Cajas.dtApertura ,TB_Cajas.dtCierre  FROM TB_Cajas  WHERE TB_Cajas.nrCaja = 9000003767  
12/11/2015 17:27:26 | Exec  sp_obtiene_falta_compensar_v4_2 
12/11/2015 17:27:26 |  SELECT tb_parametros.dsParametro ,tb_parametros.vlParametro ,tb_parametros.tpParametro ,tb_parametros.flEditable ,tb_parametros.nrTamanio ,tb_parametros.dtActualizacion  FROM tb_parametros  WHERE tb_parametros.dsParametro = 'CANT_VIAJES_A_COMP'  
12/11/2015 17:27:26 |  SELECT tb_parametros.dsParametro ,tb_parametros.vlParametro ,tb_parametros.tpParametro ,tb_parametros.flEditable ,tb_parametros.nrTamanio ,tb_parametros.dtActualizacion  FROM tb_parametros  WHERE tb_parametros.dsParametro = 'CTROL_CANT_VIAJES'  
12/11/2015 17:27:26 |  SELECT tb_parametros.dsParametro ,tb_parametros.vlParametro ,tb_parametros.tpParametro ,tb_parametros.flEditable ,tb_parametros.nrTamanio ,tb_parametros.dtActualizacion  FROM tb_parametros  WHERE tb_parametros.dsParametro = 'COBRO_COMISION_CD_RE_OBLIGATORIA'  
12/11/2015 17:27:29 |  SELECT TB_Cupones.cdCodBar ,TB_Cupones.nrLicencia ,TB_Cupones.nmLicenciatario ,TB_Cupones.cdCliente ,TB_Cupones.nrCupon ,TB_Cupones.tpCupon ,TB_Cupones.vlMontoCupon ,TB_Cupones.vlPagoPesos ,TB_Cupones.vlPagoEuros ,TB_Cupones.vlPagoDolares ,TB_Cupones.vlPagoReales ,TB_Cupones.vlComision ,TB_Cupones.nrTalonarioCliente ,TB_Cupones.tpComprobanteCliente ,TB_Cupones.nrComprabanteCliente ,TB_Cupones.tpLetraCliente ,TB_Cupones.flCobradoalCliente ,TB_Cupones.flCompensado ,TB_Cupones.cdCliente ,TB_Cupones.vlaFavordelLicenciatario ,TB_Cupones.vlafavorAdmin ,TB_Cupones.dtCupon ,TB_Cupones.dsObservacion ,TB_Cupones.vlIVA ,TB_Cupones.flAnulado  FROM TB_Cupones  WHERE TB_Cupones.flEliminar = 0  AND  TB_Cupones.nrLicencia = 4013  AND  TB_Cupones.flCompensado = 0  AND  TB_Cupones.flAnulado = 0  
12/11/2015 17:27:33 |  SELECT TB_Cupones.cdCodBar ,TB_Cupones.nrLicencia ,TB_Cupones.nmLicenciatario ,TB_Cupones.cdCliente ,TB_Cupones.nrCupon ,TB_Cupones.tpCupon ,TB_Cupones.vlMontoCupon ,TB_Cupones.vlPagoPesos ,TB_Cupones.vlPagoEuros ,TB_Cupones.vlPagoDolares ,TB_Cupones.vlPagoReales ,TB_Cupones.vlComision ,TB_Cupones.nrTalonarioCliente ,TB_Cupones.tpComprobanteCliente ,TB_Cupones.nrComprabanteCliente ,TB_Cupones.tpLetraCliente ,TB_Cupones.flCobradoalCliente ,TB_Cupones.flCompensado ,TB_Cupones.cdCliente ,TB_Cupones.vlaFavordelLicenciatario ,TB_Cupones.vlafavorAdmin ,TB_Cupones.dtCupon ,TB_Cupones.dsObservacion ,TB_Cupones.vlIVA ,TB_Cupones.flAnulado  FROM TB_Cupones  WHERE TB_Cupones.flEliminar = 0  AND  TB_Cupones.cdCliente = 4013  AND  TB_Cupones.flCompensado = 0  AND  TB_Cupones.flAnulado = 0  AND  TB_Cupones.nrLicencia = 999  
12/11/2015 17:27:33 | Exec SP_sepuedecompensar_2_0 @dtcupon_param = '12/11/2015 17:16:06' 
12/11/2015 17:27:33 | Exec SP_sepuedecompensar_2_0 @dtcupon_param = '01/12/2009 08:30:14' 
12/11/2015 17:27:33 | Exec SP_sepuedecompensar_2_0 @dtcupon_param = '14/08/2015 17:43:11' 
12/11/2015 17:27:33 | Exec SP_sepuedecompensar_2_0 @dtcupon_param = '22/08/2015 11:04:16' 
12/11/2015 17:27:33 | Exec SP_sepuedecompensar_2_0 @dtcupon_param = '16/09/2015 14:50:39' 
12/11/2015 17:27:33 | Exec SP_sepuedecompensar_2_0 @dtcupon_param = '14/09/2015 10:52:47' 
12/11/2015 17:27:33 | Exec SP_sepuedecompensar_2_0 @dtcupon_param = '28/10/2015 06:17:33' 
12/11/2015 17:27:33 | Exec SP_sepuedecompensar_2_0 @dtcupon_param = '11/11/2015 17:46:02' 
12/11/2015 17:27:33 | Exec SP_sepuedecompensar_2_0 @dtcupon_param = '12/11/2015 17:17:13' 
12/11/2015 17:27:33 | Exec SP_sepuedecompensar_2_0 @dtcupon_param = '14/09/2015 11:24:36' 
12/11/2015 17:27:33 | Exec SP_sepuedecompensar_2_0 @dtcupon_param = '15/09/2015 15:43:11' 
12/11/2015 17:27:33 | Exec SP_sepuedecompensar_2_0 @dtcupon_param = '15/09/2015 16:03:35' 
12/11/2015 17:27:33 | Exec SP_sepuedecompensar_2_0 @dtcupon_param = '11/11/2015 18:20:09' 
12/11/2015 17:27:33 | Exec SP_sepuedecompensar_2_0 @dtcupon_param = '01/12/2009 08:31:02' 
12/11/2015 17:36:03 | Exec sco_AccesosOpcionesMenu @p_tpNivelAcceso = 'Administración' ,@p_operaconcaja = 1 
