03/10/2015 15:57:23 | Exec  sco_TB_Productos_v4_1 
03/10/2015 15:57:39 | Exec sco_DiccionariodeDatos @nmtabla_param='TB_Usuarios'
03/10/2015 15:57:43 |  SELECT TB_Usuarios.dsUsuario ,TB_Usuarios.dspassword ,TB_Usuarios.tpAcceso ,TB_Usuarios.nmNombre ,TB_Usuarios.nmApellido ,TB_Usuarios.flBloqueado ,TB_Usuarios.tpNivelJerarquico  FROM TB_Usuarios  WHERE TB_Usuarios.dsUsuario = 'CAMILAP'  AND  TB_Usuarios.flEliminar = 0  
03/10/2015 15:57:43 | Exec sco_DiccionariodeDatos @nmtabla_param='sp_obtenerCajasPendientesdeAprobacion_v2_5'
03/10/2015 15:57:43 | Exec sp_obtenerCajasPendientesdeAprobacion_v2_5 @pdsUsuario_param = 'CAMILAP' 
03/10/2015 15:57:43 | Exec sp_obtenerCajasRechazadas_v2_9 
03/10/2015 15:57:43 | Exec sco_DiccionariodeDatos @nmtabla_param='TB_Parametros'
03/10/2015 15:57:43 |  SELECT TB_Parametros.vlParametro  FROM TB_Parametros  WHERE TB_Parametros.dsParametro = 'VALOR EURO'  
03/10/2015 15:57:43 |  SELECT TB_Parametros.vlParametro  FROM TB_Parametros  WHERE TB_Parametros.dsParametro = 'VALOR DOLAR'  
03/10/2015 15:57:43 | Exec SP_ValorPromoRetorno
03/10/2015 15:57:43 | Exec sco_DiccionariodeDatos @nmtabla_param='TB_Comisiones'
03/10/2015 15:57:43 |  SELECT TB_Comisiones.vlMontoMinimo  FROM TB_Comisiones  WHERE TB_Comisiones.tpComision = 'Retorno'  AND  TB_Comisiones.flEliminar = 0  
03/10/2015 15:57:43 |  SELECT TB_Parametros.vlParametro  FROM TB_Parametros  WHERE TB_Parametros.dsParametro = 'VALOR REAL'  
03/10/2015 15:57:43 | Exec sco_DiccionariodeDatos @nmtabla_param='TB_Cajas'
03/10/2015 15:57:44 |  SELECT TB_Cajas.nrCaja  FROM TB_Cajas  WHERE TB_Cajas.dsUsuario = 'CAMILAP'  and  TB_Cajas.flEstado = 0  and  TB_Cajas.tpEstadoAprobacion IS NULL  and  TB_Cajas.nrcaja > 0  
03/10/2015 15:57:48 |  SELECT TB_Cajas.nrCaja ,TB_Cajas.vlTotalSaldoFinal ,TB_Cajas.nrPuesto ,TB_Cajas.dsUsuario ,TB_Cajas.vlSaldoInicialPesos ,TB_Cajas.dtApertura ,TB_Cajas.dtCierre ,TB_Cajas.vlDiaDolar ,TB_Cajas.vlDiaEuro ,TB_Cajas.vlSaldoInicialEuros ,TB_Cajas.vlSaldoInicialDolares ,TB_Cajas.vlSaldoFinalRealPesos ,TB_Cajas.vlTotalSaldoInicial ,TB_Cajas.dtObservacion ,TB_Cajas.vlCierrePesos ,TB_Cajas.vlSaldoFinalRealDolares ,TB_Cajas.vlSaldoFinalRealEuros ,TB_Cajas.vlTotalSaldoFinalReal ,TB_Cajas.vlCierreDolares ,TB_Cajas.vlCierreEuros ,TB_Cajas.dsObservacion ,TB_Cajas.vlDiaReal ,TB_Cajas.flEstado  FROM TB_Cajas  WHERE TB_Cajas.nrCaja = 9000003773  
03/10/2015 15:57:48 | Exec sco_DiccionariodeDatos @nmtabla_param='SP_SumaCajaADM_v2_9'
03/10/2015 15:57:48 | Exec SP_SumaCajaADM_v2_9 @nrCaja_param = 9000003773 ,@tpCaja_param = 'CA' ,@tpCajaImputacion_param = null 
03/10/2015 15:57:48 |  UPDATE TB_Cajas SET TB_Cajas.vlSaldoFinalRealPesos  = 0.00 ,TB_Cajas.vlSaldoFinalRealEuros  = 0.00 ,TB_Cajas.vlSaldoFinalRealDolares  = 0.00 ,TB_Cajas.vlCierrePesos  = 0 ,TB_Cajas.vlCierreDolares  = 0 ,TB_Cajas.vlCierreEuros  = 0   WHERE TB_Cajas.nrCaja = 9000003773  
03/10/2015 15:57:51 |  UPDATE TB_Cajas SET TB_Cajas.nrCaja  = 9000003773 ,TB_Cajas.vlTotalSaldoFinal  = 0.00 ,TB_Cajas.nrPuesto  = 9 ,TB_Cajas.dsUsuario  = 'CAMILAP' ,TB_Cajas.vlSaldoInicialPesos  = 0.00 ,TB_Cajas.dtApertura  = '19/08/2015 11:17:24' ,TB_Cajas.dtCierre  = null ,TB_Cajas.vlDiaDolar  = 9.10 ,TB_Cajas.vlDiaEuro  = 10.00 ,TB_Cajas.vlSaldoInicialEuros  = 0.00 ,TB_Cajas.vlSaldoInicialDolares  = 0.00 ,TB_Cajas.vlSaldoFinalRealPesos  = 0.00 ,TB_Cajas.vlTotalSaldoInicial  = 0.00 ,TB_Cajas.dtObservacion  = '03/10/2015 03:57:51' ,TB_Cajas.vlCierrePesos  = 0 ,TB_Cajas.vlSaldoFinalRealDolares  = 0.00 ,TB_Cajas.vlSaldoFinalRealEuros  = 0.00 ,TB_Cajas.vlTotalSaldoFinalReal  = 0.00 ,TB_Cajas.vlCierreDolares  = 0 ,TB_Cajas.vlCierreEuros  = 0 ,TB_Cajas.dsObservacion  = null ,TB_Cajas.vlDiaReal  = 3.21 ,TB_Cajas.flCajaAdm  = 1   WHERE TB_Cajas.nrCaja = 9000003773  
03/10/2015 15:57:51 | Exec sco_DiccionariodeDatos @nmtabla_param='VW_UltimaCajaAdm'
03/10/2015 15:57:51 |  SELECT VW_UltimaCajaAdm.nrCaja ,VW_UltimaCajaAdm.vlSaldoFinalRealPesos ,VW_UltimaCajaAdm.vlSaldoFinalRealEuros ,VW_UltimaCajaAdm.vlSaldoFinalRealDolares  FROM VW_UltimaCajaAdm 
03/10/2015 15:57:51 |  SELECT TB_Cajas.nrCaja  FROM TB_Cajas  WHERE TB_Cajas.nrCaja = 9000003773  AND  TB_Cajas.flEstado = 0  
03/10/2015 15:57:51 | Exec sco_DiccionariodeDatos @nmtabla_param='sco_cajapuesto_v3_9'
03/10/2015 15:57:51 | Exec sco_cajapuesto_v3_9 @nrCaja_param = 9000003772 
03/10/2015 15:57:51 | Exec sco_cajapuesto_v3_9 @nrCaja_param = 9000003773 
03/10/2015 15:57:51 | Exec sco_DiccionariodeDatos @nmtabla_param='spu_esdifporCotizacionImputadas_v3_9'
03/10/2015 15:57:51 | Exec spu_esdifporCotizacionImputadas_v3_9 @nrCajaAdmActual = 9000003773 
03/10/2015 15:57:52 | Exec sco_validarVencimientosCAI_v4_1
03/10/2015 15:57:55 | Exec sco_DiccionariodeDatos @nmtabla_param='sco_AccesosOpcionesMenu'
03/10/2015 15:57:55 | Exec sco_AccesosOpcionesMenu @p_tpNivelAcceso = 'Administración' ,@p_operaconcaja = 1 
03/10/2015 15:57:55 | Exec sco_AccesosOpcionesMenu @p_tpNivelAcceso = 'Administración' ,@p_operaconcaja = 1 
03/10/2015 15:59:35 | Inicializando Servicio SGLibrary.ServicePrinter
03/10/2015 15:59:36 | Inicializando Servicio SGLibrary.ServicePrinter OK 
03/10/2015 15:59:36 | Exec sco_DiccionariodeDatos @nmtabla_param='TB_Cupones'
03/10/2015 15:59:40 |  SELECT TB_Cupones.cdCodBar ,TB_Cupones.nrLicencia ,TB_Cupones.nmLicenciatario ,TB_Cupones.cdCliente ,TB_Cupones.nrCupon ,TB_Cupones.tpCupon ,TB_Cupones.vlMontoCupon ,TB_Cupones.vlPagoPesos ,TB_Cupones.vlPagoEuros ,TB_Cupones.vlPagoDolares ,TB_Cupones.vlComision ,TB_Cupones.nrTalonarioCliente ,TB_Cupones.nrComprabanteCliente ,TB_Cupones.flCobradoalCliente ,TB_Cupones.vlafavorAdmin ,TB_Cupones.dtCupon  FROM TB_Cupones  WHERE TB_Cupones.cdCliente = 4013  AND  TB_Cupones.tpCupon = 'Cuenta Corriente' AND TB_Cupones.flEliminar = 0  AND  TB_Cupones.flCobradoalCliente = 0 AND TB_Cupones.flAnulado = 0   Order by TB_Cupones.cdCliente ASC 
03/10/2015 15:59:46 | Exec sco_AccesosOpcionesMenu @p_tpNivelAcceso = 'Administración' ,@p_operaconcaja = 1 
03/10/2015 16:00:12 | Exec sco_DiccionariodeDatos @nmtabla_param='TB_Recibos'
03/10/2015 16:00:16 |  SELECT TB_Recibos.IdRecibo ,TB_Recibos.vlAcumDolares ,TB_Recibos.vlSaldoPesos ,TB_Recibos.cdCliente ,TB_Recibos.dsRazonSocial ,TB_Recibos.vlSaldoEuros ,TB_Recibos.vlAcumPesos ,TB_Recibos.tpRecibo ,TB_Recibos.vlAcumEuros ,TB_Recibos.vlAcumComision ,TB_Recibos.vlSaldoDolares ,TB_Recibos.dtRecibo ,TB_Recibos.flAnulado ,TB_Recibos.nrCaja ,TB_Recibos.dsUsuario  FROM TB_Recibos  WHERE  IdRecibo Like ('%%%') AND TB_Recibos.dtRecibo >= '03/10/2015 00:00:00'  AND  TB_Recibos.dtRecibo <= '03/10/2015 23:59:59'   Order by TB_Recibos.IdRecibo ASC 
03/10/2015 16:00:22 |  SELECT TB_Recibos.IdRecibo ,TB_Recibos.vlAcumDolares ,TB_Recibos.vlSaldoPesos ,TB_Recibos.cdCliente ,TB_Recibos.dsRazonSocial ,TB_Recibos.vlSaldoEuros ,TB_Recibos.vlAcumPesos ,TB_Recibos.tpRecibo ,TB_Recibos.vlAcumEuros ,TB_Recibos.vlAcumComision ,TB_Recibos.vlSaldoDolares ,TB_Recibos.dtRecibo ,TB_Recibos.flAnulado ,TB_Recibos.nrCaja ,TB_Recibos.dsUsuario  FROM TB_Recibos  WHERE  IdRecibo Like ('%%%') AND TB_Recibos.dtRecibo >= '06/09/2015 00:00:00'  AND  TB_Recibos.dtRecibo <= '03/10/2015 23:59:59'   Order by TB_Recibos.IdRecibo ASC 
03/10/2015 16:00:26 |  SELECT TB_Recibos.IdRecibo ,TB_Recibos.vlAcumDolares ,TB_Recibos.vlSaldoPesos ,TB_Recibos.cdCliente ,TB_Recibos.dsRazonSocial ,TB_Recibos.vlSaldoEuros ,TB_Recibos.vlAcumPesos ,TB_Recibos.tpRecibo ,TB_Recibos.vlAcumEuros ,TB_Recibos.vlAcumComision ,TB_Recibos.vlSaldoDolares ,TB_Recibos.dtRecibo ,TB_Recibos.flAnulado ,TB_Recibos.nrCaja ,TB_Recibos.dsUsuario  FROM TB_Recibos  WHERE  IdRecibo Like ('%%%') AND TB_Recibos.dtRecibo >= '09/08/2015 00:00:00'  AND  TB_Recibos.dtRecibo <= '03/10/2015 23:59:59'   Order by TB_Recibos.IdRecibo ASC 
03/10/2015 16:00:30 | Exec sco_AccesosOpcionesMenu @p_tpNivelAcceso = 'Administración' ,@p_operaconcaja = 1 
03/10/2015 16:01:16 | Exec  sco_TB_Productos_v4_1 
03/10/2015 16:01:32 | Exec sco_DiccionariodeDatos @nmtabla_param='TB_Usuarios'
03/10/2015 16:02:19 | Exec  sco_TB_Productos_v4_1 
03/10/2015 16:02:42 | Exec sco_DiccionariodeDatos @nmtabla_param='TB_Usuarios'
03/10/2015 16:03:02 |  SELECT TB_Usuarios.dsUsuario ,TB_Usuarios.dspassword ,TB_Usuarios.tpAcceso ,TB_Usuarios.nmNombre ,TB_Usuarios.nmApellido ,TB_Usuarios.flBloqueado ,TB_Usuarios.tpNivelJerarquico  FROM TB_Usuarios  WHERE TB_Usuarios.dsUsuario = 'CAMILAP'  AND  TB_Usuarios.flEliminar = 0  
03/10/2015 16:03:06 | Exec  sco_TB_Productos_v4_1 
03/10/2015 16:03:09 | Exec sco_DiccionariodeDatos @nmtabla_param='TB_Usuarios'
03/10/2015 16:03:21 |  SELECT TOP 100 TB_Usuarios.dsUsuario  FROM TB_Usuarios  WHERE TB_Usuarios.tpAcceso = 'Puestos'  AND  TB_Usuarios.flBloqueado = 0  AND   dsUsuario Like ('b%') AND TB_Usuarios.flEliminar = 0
03/10/2015 16:03:27 |  SELECT TB_Usuarios.dsUsuario ,TB_Usuarios.dspassword ,TB_Usuarios.tpAcceso ,TB_Usuarios.nmNombre ,TB_Usuarios.nmApellido ,TB_Usuarios.flBloqueado ,TB_Usuarios.tpNivelJerarquico  FROM TB_Usuarios  WHERE TB_Usuarios.dsUsuario = 'BFAZZALARI'  AND  TB_Usuarios.flEliminar = 0  
03/10/2015 16:03:27 | Exec sco_DiccionariodeDatos @nmtabla_param='sp_obtenerCajasPendientesdeAprobacion_v2_5'
03/10/2015 16:03:27 | Exec sp_obtenerCajasPendientesdeAprobacion_v2_5 @pdsUsuario_param = 'BFAZZALARI' 
03/10/2015 16:03:28 | Exec sp_obtenerCajasRechazadas_v2_9 
03/10/2015 16:03:28 | Exec sco_DiccionariodeDatos @nmtabla_param='TB_Parametros'
03/10/2015 16:03:28 |  SELECT TB_Parametros.vlParametro  FROM TB_Parametros  WHERE TB_Parametros.dsParametro = 'VALOR EURO'  
03/10/2015 16:03:28 |  SELECT TB_Parametros.vlParametro  FROM TB_Parametros  WHERE TB_Parametros.dsParametro = 'VALOR DOLAR'  
03/10/2015 16:03:28 | Exec SP_ValorPromoRetorno
03/10/2015 16:03:28 | Exec sco_DiccionariodeDatos @nmtabla_param='TB_Comisiones'
03/10/2015 16:03:28 |  SELECT TB_Comisiones.vlMontoMinimo  FROM TB_Comisiones  WHERE TB_Comisiones.tpComision = 'Retorno'  AND  TB_Comisiones.flEliminar = 0  
03/10/2015 16:03:28 |  SELECT TB_Parametros.vlParametro  FROM TB_Parametros  WHERE TB_Parametros.dsParametro = 'VALOR REAL'  
03/10/2015 16:03:28 | Exec sco_DiccionariodeDatos @nmtabla_param='TB_Cajas'
03/10/2015 16:03:29 |  SELECT TB_Cajas.nrCaja  FROM TB_Cajas  WHERE TB_Cajas.dsUsuario = 'BFAZZALARI'  and  TB_Cajas.flEstado = 0  and  TB_Cajas.tpEstadoAprobacion IS NULL  and  TB_Cajas.nrcaja > 0  
03/10/2015 16:03:30 | Exec sco_DiccionariodeDatos @nmtabla_param='sco_AccesosOpcionesMenu'
03/10/2015 16:03:30 | Exec sco_AccesosOpcionesMenu @p_tpNivelAcceso = 'Puestos' ,@p_operaconcaja = 1 
03/10/2015 16:03:30 | Exec sco_AccesosOpcionesMenu @p_tpNivelAcceso = 'Puestos' ,@p_operaconcaja = 1 
03/10/2015 16:03:32 | Exec sco_DiccionariodeDatos @nmtabla_param='sco_cajapuesto_v3_9'
03/10/2015 16:03:32 | Exec sco_cajapuesto_v3_9 @nrCaja_param = 1000010104 
03/10/2015 16:03:32 | Exec sco_DiccionariodeDatos @nmtabla_param='TB_Comprobantes'
03/10/2015 16:03:32 | Exec sco_DiccionariodeDatos @nmtabla_param='sp_obtenerComision_v4_1'
03/10/2015 16:03:32 | Exec sp_obtenerComision_v4_1 @vlTotalGeneral_param = 0 ,@tpComision_param = null ,@tpCliente_param = null ,@dsCodigoDestinos_param = null 
03/10/2015 16:03:32 | Exec sp_obtenerComision_v4_1 @vlTotalGeneral_param = 0 ,@tpComision_param = null ,@tpCliente_param = null ,@dsCodigoDestinos_param = null 
03/10/2015 16:03:32 | Exec sp_obtenerComision_v4_1 @vlTotalGeneral_param = 0 ,@tpComision_param = 'A Clientes' ,@tpCliente_param = 'A Clientes' ,@dsCodigoDestinos_param = null 
03/10/2015 16:03:32 | Exec sco_DiccionariodeDatos @nmtabla_param='spu_obtener_puntosdeventa_facturacion_v1_0'
03/10/2015 16:03:41 | Exec sco_DiccionariodeDatos @nmtabla_param='spu_obtener_puntosdeventa_facturacion_v1_0'
03/10/2015 16:03:43 | Exec sco_DiccionariodeDatos @nmtabla_param='spu_obtener_puntosdeventa_facturacion_v1_0'
03/10/2015 16:03:43 | Exec sco_DiccionariodeDatos @nmtabla_param='spu_obtener_puntosdeventa_facturacion_v1_0'
03/10/2015 16:03:44 | Exec spu_obtener_puntosdeventa_facturacion_v1_0 
03/10/2015 16:03:44 | Invalid procedure call or argument
03/10/2015 16:05:16 | Exec  sco_TB_Productos_v4_1 
03/10/2015 16:05:21 | Exec sco_DiccionariodeDatos @nmtabla_param='TB_Usuarios'
03/10/2015 16:05:55 | Exec  sco_TB_Productos_v4_1 
03/10/2015 16:05:56 | Exec sco_DiccionariodeDatos @nmtabla_param='TB_Usuarios'
03/10/2015 16:05:59 |  SELECT TB_Usuarios.dsUsuario ,TB_Usuarios.dspassword ,TB_Usuarios.tpAcceso ,TB_Usuarios.nmNombre ,TB_Usuarios.nmApellido ,TB_Usuarios.flBloqueado ,TB_Usuarios.tpNivelJerarquico  FROM TB_Usuarios  WHERE TB_Usuarios.dsUsuario = 'CAMILAP'  AND  TB_Usuarios.flEliminar = 0  
03/10/2015 16:06:02 | Exec  sco_TB_Productos_v4_1 
03/10/2015 16:06:02 | Exec sco_DiccionariodeDatos @nmtabla_param='TB_Usuarios'
03/10/2015 16:06:03 |  SELECT TOP 100 TB_Usuarios.dsUsuario  FROM TB_Usuarios  WHERE TB_Usuarios.tpAcceso = 'Puestos'  AND  TB_Usuarios.flBloqueado = 0  AND   dsUsuario Like ('b%') AND TB_Usuarios.flEliminar = 0
03/10/2015 16:06:07 |  SELECT TB_Usuarios.dsUsuario ,TB_Usuarios.dspassword ,TB_Usuarios.tpAcceso ,TB_Usuarios.nmNombre ,TB_Usuarios.nmApellido ,TB_Usuarios.flBloqueado ,TB_Usuarios.tpNivelJerarquico  FROM TB_Usuarios  WHERE TB_Usuarios.dsUsuario = 'BFAZZALARI'  AND  TB_Usuarios.flEliminar = 0  
03/10/2015 16:06:07 | Exec sco_DiccionariodeDatos @nmtabla_param='sp_obtenerCajasPendientesdeAprobacion_v2_5'
03/10/2015 16:06:07 | Exec sp_obtenerCajasPendientesdeAprobacion_v2_5 @pdsUsuario_param = 'BFAZZALARI' 
03/10/2015 16:06:08 | Exec sp_obtenerCajasRechazadas_v2_9 
03/10/2015 16:06:08 | Exec sco_DiccionariodeDatos @nmtabla_param='TB_Parametros'
03/10/2015 16:06:08 |  SELECT TB_Parametros.vlParametro  FROM TB_Parametros  WHERE TB_Parametros.dsParametro = 'VALOR EURO'  
03/10/2015 16:06:08 |  SELECT TB_Parametros.vlParametro  FROM TB_Parametros  WHERE TB_Parametros.dsParametro = 'VALOR DOLAR'  
03/10/2015 16:06:08 | Exec SP_ValorPromoRetorno
03/10/2015 16:06:09 | Exec sco_DiccionariodeDatos @nmtabla_param='TB_Comisiones'
03/10/2015 16:06:09 |  SELECT TB_Comisiones.vlMontoMinimo  FROM TB_Comisiones  WHERE TB_Comisiones.tpComision = 'Retorno'  AND  TB_Comisiones.flEliminar = 0  
03/10/2015 16:06:09 |  SELECT TB_Parametros.vlParametro  FROM TB_Parametros  WHERE TB_Parametros.dsParametro = 'VALOR REAL'  
03/10/2015 16:06:09 | Exec sco_DiccionariodeDatos @nmtabla_param='TB_Cajas'
03/10/2015 16:06:09 |  SELECT TB_Cajas.nrCaja  FROM TB_Cajas  WHERE TB_Cajas.dsUsuario = 'BFAZZALARI'  and  TB_Cajas.flEstado = 0  and  TB_Cajas.tpEstadoAprobacion IS NULL  and  TB_Cajas.nrcaja > 0  
03/10/2015 16:06:10 | Exec sco_DiccionariodeDatos @nmtabla_param='sco_AccesosOpcionesMenu'
03/10/2015 16:06:10 | Exec sco_AccesosOpcionesMenu @p_tpNivelAcceso = 'Puestos' ,@p_operaconcaja = 1 
03/10/2015 16:06:10 | Exec sco_AccesosOpcionesMenu @p_tpNivelAcceso = 'Puestos' ,@p_operaconcaja = 1 
03/10/2015 16:06:14 | Exec sco_DiccionariodeDatos @nmtabla_param='sco_cajapuesto_v3_9'
03/10/2015 16:06:14 | Exec sco_cajapuesto_v3_9 @nrCaja_param = 1000010104 
03/10/2015 16:06:14 | Exec sco_DiccionariodeDatos @nmtabla_param='TB_Comprobantes'
03/10/2015 16:06:14 | Exec sco_DiccionariodeDatos @nmtabla_param='sp_obtenerComision_v4_1'
03/10/2015 16:06:14 | Exec sp_obtenerComision_v4_1 @vlTotalGeneral_param = 0 ,@tpComision_param = null ,@tpCliente_param = null ,@dsCodigoDestinos_param = null 
03/10/2015 16:06:14 | Exec sp_obtenerComision_v4_1 @vlTotalGeneral_param = 0 ,@tpComision_param = null ,@tpCliente_param = null ,@dsCodigoDestinos_param = null 
03/10/2015 16:06:14 | Exec sp_obtenerComision_v4_1 @vlTotalGeneral_param = 0 ,@tpComision_param = 'A Clientes' ,@tpCliente_param = 'A Clientes' ,@dsCodigoDestinos_param = null 
03/10/2015 16:06:14 | Exec sco_DiccionariodeDatos @nmtabla_param='spu_obtener_puntosdeventa_facturacion_v1_0'
03/10/2015 16:06:14 | Exec spu_obtener_puntosdeventa_facturacion_v1_0 @nrPuesto_param = 1 ,@tipo_iva = 'CF' ,@auto_impresor = 'S' ,@tpFormadePago = null 
03/10/2015 16:06:14 | Exec sp_obtenerComision_v4_1 @vlTotalGeneral_param = 0 ,@tpComision_param = 'A Clientes' ,@tpCliente_param = 'A Clientes' ,@dsCodigoDestinos_param = null 
03/10/2015 16:06:14 | Exec sp_obtenerComision_v4_1 @vlTotalGeneral_param = 0 ,@tpComision_param = 'A Clientes' ,@tpCliente_param = 'A Clientes' ,@dsCodigoDestinos_param = null 
03/10/2015 16:06:14 | Exec spu_obtener_puntosdeventa_facturacion_v1_0 @nrPuesto_param = 1 ,@tipo_iva = 'CF' ,@auto_impresor = 'S' ,@tpFormadePago = null 
03/10/2015 16:06:14 | Exec sp_obtenerComision_v4_1 @vlTotalGeneral_param = 0 ,@tpComision_param = 'A Clientes' ,@tpCliente_param = 'A Clientes' ,@dsCodigoDestinos_param = null 
03/10/2015 16:06:14 | Exec spu_obtener_puntosdeventa_facturacion_v1_0 @nrPuesto_param = 1 ,@tipo_iva = 'CF' ,@auto_impresor = 'S' ,@tpFormadePago = null 
03/10/2015 16:06:14 | Exec sp_obtenerComision_v4_1 @vlTotalGeneral_param = 0 ,@tpComision_param = 'A Clientes' ,@tpCliente_param = 'A Clientes' ,@dsCodigoDestinos_param = null 
03/10/2015 16:06:14 | Exec sp_obtenerComision_v4_1 @vlTotalGeneral_param = 0 ,@tpComision_param = 'A Clientes' ,@tpCliente_param = 'A Clientes' ,@dsCodigoDestinos_param = null 
03/10/2015 16:06:14 | Exec sp_obtenerComision_v4_1 @vlTotalGeneral_param = 0 ,@tpComision_param = 'A Clientes' ,@tpCliente_param = 'A Clientes' ,@dsCodigoDestinos_param = null 
03/10/2015 16:06:14 | Exec sp_obtenerComision_v4_1 @vlTotalGeneral_param = 0 ,@tpComision_param = 'A Clientes' ,@tpCliente_param = 'A Clientes' ,@dsCodigoDestinos_param = null 
03/10/2015 16:06:14 | Exec sco_DiccionariodeDatos @nmtabla_param='TB_Productos'
03/10/2015 16:06:20 | Exec sco_DiccionariodeDatos @nmtabla_param='TB_Clientes'
03/10/2015 16:06:21 |  SELECT TB_Clientes.dsRazonSocial ,TB_Clientes.nmApellido ,TB_Clientes.nmNombre ,TB_Clientes.dsDomicilio ,TB_Clientes.nrDoc ,TB_Clientes.nmLocalidad ,TB_Clientes.dsEmail ,TB_Clientes.nrTel ,TB_Clientes.cdPostal ,TB_Clientes.tpIVA ,TB_Clientes.tpFormadePago  FROM TB_Clientes  WHERE TB_Clientes.flEliminar = 0  AND  TB_Clientes.cdCliente = 4013  AND ( TB_Clientes.dtBaja > '03-10-2015'  OR  TB_Clientes.dtBaja IS NULL  )  
03/10/2015 16:06:21 | Exec spu_obtener_puntosdeventa_facturacion_v1_0 @nrPuesto_param = 1 ,@tipo_iva = 'CF' ,@auto_impresor = 'S' ,@tpFormadePago = 'Cuenta Corriente' 
03/10/2015 16:06:21 | Exec sp_obtenerComision_v4_1 @vlTotalGeneral_param = 0 ,@tpComision_param = 'A Clientes' ,@tpCliente_param = 'A Clientes' ,@dsCodigoDestinos_param = null 
03/10/2015 16:06:21 | Exec sp_obtenerComision_v4_1 @vlTotalGeneral_param = 0 ,@tpComision_param = 'A Clientes' ,@tpCliente_param = 'A Clientes' ,@dsCodigoDestinos_param = null 
03/10/2015 16:06:21 | Exec sp_obtenerComision_v4_1 @vlTotalGeneral_param = 0 ,@tpComision_param = 'A Clientes' ,@tpCliente_param = 'A Clientes' ,@dsCodigoDestinos_param = null 
03/10/2015 16:06:21 | Exec sp_obtenerComision_v4_1 @vlTotalGeneral_param = 0 ,@tpComision_param = 'A Clientes' ,@tpCliente_param = 'A Clientes' ,@dsCodigoDestinos_param = null 
03/10/2015 16:06:35 | Exec sco_AccesosOpcionesMenu @p_tpNivelAcceso = 'Puestos' ,@p_operaconcaja = 1 
03/10/2015 16:06:58 | Exec sco_cajapuesto_v3_9 @nrCaja_param = 1000010104 
03/10/2015 16:06:58 | Exec sp_obtenerComision_v4_1 @vlTotalGeneral_param = 0 ,@tpComision_param = null ,@tpCliente_param = null ,@dsCodigoDestinos_param = null 
03/10/2015 16:06:58 | Exec sp_obtenerComision_v4_1 @vlTotalGeneral_param = 0 ,@tpComision_param = null ,@tpCliente_param = null ,@dsCodigoDestinos_param = null 
03/10/2015 16:06:58 | Exec sp_obtenerComision_v4_1 @vlTotalGeneral_param = 0 ,@tpComision_param = 'A Clientes' ,@tpCliente_param = 'A Clientes' ,@dsCodigoDestinos_param = null 
03/10/2015 16:06:58 | Exec spu_obtener_puntosdeventa_facturacion_v1_0 @nrPuesto_param = 1 ,@tipo_iva = 'CF' ,@auto_impresor = 'S' ,@tpFormadePago = null 
03/10/2015 16:06:58 | Exec sp_obtenerComision_v4_1 @vlTotalGeneral_param = 0 ,@tpComision_param = 'A Clientes' ,@tpCliente_param = 'A Clientes' ,@dsCodigoDestinos_param = null 
03/10/2015 16:06:58 | Exec sp_obtenerComision_v4_1 @vlTotalGeneral_param = 0 ,@tpComision_param = 'A Clientes' ,@tpCliente_param = 'A Clientes' ,@dsCodigoDestinos_param = null 
03/10/2015 16:06:58 | Exec spu_obtener_puntosdeventa_facturacion_v1_0 @nrPuesto_param = 1 ,@tipo_iva = 'CF' ,@auto_impresor = 'S' ,@tpFormadePago = null 
03/10/2015 16:06:58 | Exec sp_obtenerComision_v4_1 @vlTotalGeneral_param = 0 ,@tpComision_param = 'A Clientes' ,@tpCliente_param = 'A Clientes' ,@dsCodigoDestinos_param = null 
03/10/2015 16:06:58 | Exec spu_obtener_puntosdeventa_facturacion_v1_0 @nrPuesto_param = 1 ,@tipo_iva = 'CF' ,@auto_impresor = 'S' ,@tpFormadePago = null 
03/10/2015 16:06:58 | Exec sp_obtenerComision_v4_1 @vlTotalGeneral_param = 0 ,@tpComision_param = 'A Clientes' ,@tpCliente_param = 'A Clientes' ,@dsCodigoDestinos_param = null 
03/10/2015 16:06:58 | Exec sp_obtenerComision_v4_1 @vlTotalGeneral_param = 0 ,@tpComision_param = 'A Clientes' ,@tpCliente_param = 'A Clientes' ,@dsCodigoDestinos_param = null 
03/10/2015 16:06:58 | Exec sp_obtenerComision_v4_1 @vlTotalGeneral_param = 0 ,@tpComision_param = 'A Clientes' ,@tpCliente_param = 'A Clientes' ,@dsCodigoDestinos_param = null 
03/10/2015 16:06:58 | Exec sp_obtenerComision_v4_1 @vlTotalGeneral_param = 0 ,@tpComision_param = 'A Clientes' ,@tpCliente_param = 'A Clientes' ,@dsCodigoDestinos_param = null 
03/10/2015 16:07:02 |  SELECT TB_Clientes.dsRazonSocial ,TB_Clientes.nmApellido ,TB_Clientes.nmNombre ,TB_Clientes.dsDomicilio ,TB_Clientes.nrDoc ,TB_Clientes.nmLocalidad ,TB_Clientes.dsEmail ,TB_Clientes.nrTel ,TB_Clientes.cdPostal ,TB_Clientes.tpIVA ,TB_Clientes.tpFormadePago  FROM TB_Clientes  WHERE TB_Clientes.flEliminar = 0  AND  TB_Clientes.cdCliente = 4013  AND ( TB_Clientes.dtBaja > '03-10-2015'  OR  TB_Clientes.dtBaja IS NULL  )  
03/10/2015 16:07:02 | Exec spu_obtener_puntosdeventa_facturacion_v1_0 @nrPuesto_param = 1 ,@tipo_iva = 'CF' ,@auto_impresor = 'S' ,@tpFormadePago = 'Cuenta Corriente' 
03/10/2015 16:07:02 | Exec sp_obtenerComision_v4_1 @vlTotalGeneral_param = 0 ,@tpComision_param = 'A Clientes' ,@tpCliente_param = 'A Clientes' ,@dsCodigoDestinos_param = null 
03/10/2015 16:07:02 | Exec sp_obtenerComision_v4_1 @vlTotalGeneral_param = 0 ,@tpComision_param = 'A Clientes' ,@tpCliente_param = 'A Clientes' ,@dsCodigoDestinos_param = null 
03/10/2015 16:07:02 | Exec sp_obtenerComision_v4_1 @vlTotalGeneral_param = 0 ,@tpComision_param = 'A Clientes' ,@tpCliente_param = 'A Clientes' ,@dsCodigoDestinos_param = null 
03/10/2015 16:07:02 | Exec sp_obtenerComision_v4_1 @vlTotalGeneral_param = 0 ,@tpComision_param = 'A Clientes' ,@tpCliente_param = 'A Clientes' ,@dsCodigoDestinos_param = null 
03/10/2015 16:07:06 | Exec sp_obtenerComision_v4_1 @vlTotalGeneral_param = 0 ,@tpComision_param = 'A Clientes' ,@tpCliente_param = 'A Clientes' ,@dsCodigoDestinos_param = '''Viaje'',null,2287' 
03/10/2015 16:07:06 | Exec sp_obtenerComision_v4_1 @vlTotalGeneral_param = 0 ,@tpComision_param = 'A Clientes' ,@tpCliente_param = 'A Clientes' ,@dsCodigoDestinos_param = '''Viaje'',null,2287' 
03/10/2015 16:07:06 | Exec sco_DiccionariodeDatos @nmtabla_param='SP_Supera_KM_IVA_segunMonto_2_0'
03/10/2015 16:07:06 | Exec SP_Supera_KM_IVA_segunMonto_2_0 @tpCategoriaIVA_param = 'CF' ,@vlKilometros_param = 189 ,@vlMonto_param = 2287 
03/10/2015 16:07:06 | Exec SP_Supera_KM_IVA_segunMonto_2_0 @tpCategoriaIVA_param = 'CF' ,@vlKilometros_param = 189 ,@vlMonto_param = 2287 
03/10/2015 16:07:06 | Exec sco_DiccionariodeDatos @nmtabla_param='SP_obtenerAlicuotaIVA'
03/10/2015 16:07:06 | Exec SP_obtenerAlicuotaIVA @tpCategoriaIVA_param = 'CF' 
03/10/2015 16:07:06 | Exec sco_DiccionariodeDatos @nmtabla_param='SP_CalcularIVA'
03/10/2015 16:07:06 | Exec SP_CalcularIVA @tpCategoriaIVA_param = 'CF' ,@vlMonto_param = 2287 ,@vlAlicuota_param = 21 ,@precio_menos_iva_param = 1 
03/10/2015 16:07:06 | Exec SP_obtenerAlicuotaIVA @tpCategoriaIVA_param = 'CF' 
03/10/2015 16:07:06 | Exec sco_DiccionariodeDatos @nmtabla_param='SP_CalcularSubtotalIVA'
03/10/2015 16:07:06 | Exec SP_CalcularSubtotalIVA @tpCategoriaIVA_param = 'CF' ,@vlMonto_param = 2287 ,@vlAlicuota_param = 21 
03/10/2015 16:07:06 | Exec sp_obtenerComision_v4_1 @vlTotalGeneral_param = 2287 ,@tpComision_param = 'A Clientes' ,@tpCliente_param = 'A Clientes' ,@dsCodigoDestinos_param = '''Viaje'',null,2287' 
03/10/2015 16:07:06 | Exec sp_obtenerComision_v4_1 @vlTotalGeneral_param = 2287 ,@tpComision_param = 'A Clientes' ,@tpCliente_param = 'A Clientes' ,@dsCodigoDestinos_param = '''Viaje'',null,2287' 
03/10/2015 16:07:06 | Exec sp_obtenerComision_v4_1 @vlTotalGeneral_param = 2287 ,@tpComision_param = 'A Clientes' ,@tpCliente_param = 'A Clientes' ,@dsCodigoDestinos_param = '''Viaje'',null,2287' 
03/10/2015 16:07:09 | Exec sco_DiccionariodeDatos @nmtabla_param='TB_Proveedores'
03/10/2015 16:07:09 |  SELECT TB_Proveedores.nmNombre ,TB_Proveedores.nmApellido  FROM TB_Proveedores  WHERE TB_Proveedores.tpCategoria = 'Licenciatario'  AND  TB_Proveedores.nrLicencia = 10  AND  TB_Proveedores.flEliminar = 0  
03/10/2015 16:07:10 |  SELECT tb_parametros.dsParametro ,tb_parametros.vlParametro ,tb_parametros.tpParametro ,tb_parametros.flEditable ,tb_parametros.nrTamanio ,tb_parametros.dtActualizacion  FROM tb_parametros  WHERE tb_parametros.dsParametro = 'CALCULA_IVA_LIC_990'  
03/10/2015 16:07:11 | Exec sp_obtenerComision_v4_1 @vlTotalGeneral_param = 2287 ,@tpComision_param = 'A Clientes' ,@tpCliente_param = 'A Clientes' ,@dsCodigoDestinos_param = '''Viaje'',null,2287' 
03/10/2015 16:07:14 | Exec sco_AccesosOpcionesMenu @p_tpNivelAcceso = 'Puestos' ,@p_operaconcaja = 1 
03/10/2015 16:07:32 | Exec  sco_TB_Productos_v4_1 
03/10/2015 16:07:32 | Exec sco_DiccionariodeDatos @nmtabla_param='TB_Usuarios'
03/10/2015 16:07:34 |  SELECT TOP 100 TB_Usuarios.dsUsuario  FROM TB_Usuarios  WHERE TB_Usuarios.tpAcceso <> 'Puestos'  AND  TB_Usuarios.flBloqueado = 0  AND   dsUsuario Like ('c%') AND TB_Usuarios.flEliminar = 0
03/10/2015 16:07:34 |  SELECT TOP 100 TB_Usuarios.dsUsuario  FROM TB_Usuarios  WHERE TB_Usuarios.tpAcceso <> 'Puestos'  AND  TB_Usuarios.flBloqueado = 0  AND   dsUsuario Like ('ca%') AND TB_Usuarios.flEliminar = 0
03/10/2015 16:07:38 |  SELECT TB_Usuarios.dsUsuario ,TB_Usuarios.dspassword ,TB_Usuarios.tpAcceso ,TB_Usuarios.nmNombre ,TB_Usuarios.nmApellido ,TB_Usuarios.flBloqueado ,TB_Usuarios.tpNivelJerarquico  FROM TB_Usuarios  WHERE TB_Usuarios.dsUsuario = 'CAMILAP'  AND  TB_Usuarios.flEliminar = 0  
03/10/2015 16:07:38 | Exec sco_DiccionariodeDatos @nmtabla_param='sp_obtenerCajasPendientesdeAprobacion_v2_5'
03/10/2015 16:07:38 | Exec sp_obtenerCajasPendientesdeAprobacion_v2_5 @pdsUsuario_param = 'CAMILAP' 
03/10/2015 16:07:38 | Exec sp_obtenerCajasRechazadas_v2_9 
03/10/2015 16:07:38 | Exec sco_DiccionariodeDatos @nmtabla_param='TB_Parametros'
03/10/2015 16:07:38 |  SELECT TB_Parametros.vlParametro  FROM TB_Parametros  WHERE TB_Parametros.dsParametro = 'VALOR EURO'  
03/10/2015 16:07:38 |  SELECT TB_Parametros.vlParametro  FROM TB_Parametros  WHERE TB_Parametros.dsParametro = 'VALOR DOLAR'  
03/10/2015 16:07:38 | Exec SP_ValorPromoRetorno
03/10/2015 16:07:38 | Exec sco_DiccionariodeDatos @nmtabla_param='TB_Comisiones'
03/10/2015 16:07:38 |  SELECT TB_Comisiones.vlMontoMinimo  FROM TB_Comisiones  WHERE TB_Comisiones.tpComision = 'Retorno'  AND  TB_Comisiones.flEliminar = 0  
03/10/2015 16:07:38 |  SELECT TB_Parametros.vlParametro  FROM TB_Parametros  WHERE TB_Parametros.dsParametro = 'VALOR REAL'  
03/10/2015 16:07:38 | Exec sco_DiccionariodeDatos @nmtabla_param='TB_Cajas'
03/10/2015 16:07:38 |  SELECT TB_Cajas.nrCaja  FROM TB_Cajas  WHERE TB_Cajas.dsUsuario = 'CAMILAP'  and  TB_Cajas.flEstado = 0  and  TB_Cajas.tpEstadoAprobacion IS NULL  and  TB_Cajas.nrcaja > 0  
03/10/2015 16:07:41 |  SELECT TB_Cajas.nrCaja ,TB_Cajas.vlTotalSaldoFinal ,TB_Cajas.nrPuesto ,TB_Cajas.dsUsuario ,TB_Cajas.vlSaldoInicialPesos ,TB_Cajas.dtApertura ,TB_Cajas.dtCierre ,TB_Cajas.vlDiaDolar ,TB_Cajas.vlDiaEuro ,TB_Cajas.vlSaldoInicialEuros ,TB_Cajas.vlSaldoInicialDolares ,TB_Cajas.vlSaldoFinalRealPesos ,TB_Cajas.vlTotalSaldoInicial ,TB_Cajas.dtObservacion ,TB_Cajas.vlCierrePesos ,TB_Cajas.vlSaldoFinalRealDolares ,TB_Cajas.vlSaldoFinalRealEuros ,TB_Cajas.vlTotalSaldoFinalReal ,TB_Cajas.vlCierreDolares ,TB_Cajas.vlCierreEuros ,TB_Cajas.dsObservacion ,TB_Cajas.vlDiaReal ,TB_Cajas.flEstado  FROM TB_Cajas  WHERE TB_Cajas.nrCaja = 9000003773  
03/10/2015 16:07:41 | Exec sco_DiccionariodeDatos @nmtabla_param='SP_SumaCajaADM_v2_9'
03/10/2015 16:07:41 | Exec SP_SumaCajaADM_v2_9 @nrCaja_param = 9000003773 ,@tpCaja_param = 'CA' ,@tpCajaImputacion_param = null 
03/10/2015 16:07:41 |  UPDATE TB_Cajas SET TB_Cajas.vlSaldoFinalRealPesos  = 0.00 ,TB_Cajas.vlSaldoFinalRealEuros  = 0.00 ,TB_Cajas.vlSaldoFinalRealDolares  = 0.00 ,TB_Cajas.vlCierrePesos  = 0 ,TB_Cajas.vlCierreDolares  = 0 ,TB_Cajas.vlCierreEuros  = 0   WHERE TB_Cajas.nrCaja = 9000003773  
03/10/2015 16:07:42 |  UPDATE TB_Cajas SET TB_Cajas.nrCaja  = 9000003773 ,TB_Cajas.vlTotalSaldoFinal  = 0.00 ,TB_Cajas.nrPuesto  = 9 ,TB_Cajas.dsUsuario  = 'CAMILAP' ,TB_Cajas.vlSaldoInicialPesos  = 0.00 ,TB_Cajas.dtApertura  = '19/08/2015 11:17:24' ,TB_Cajas.dtCierre  = null ,TB_Cajas.vlDiaDolar  = 9.10 ,TB_Cajas.vlDiaEuro  = 10.00 ,TB_Cajas.vlSaldoInicialEuros  = 0.00 ,TB_Cajas.vlSaldoInicialDolares  = 0.00 ,TB_Cajas.vlSaldoFinalRealPesos  = 0.00 ,TB_Cajas.vlTotalSaldoInicial  = 0.00 ,TB_Cajas.dtObservacion  = '03/10/2015 04:07:41' ,TB_Cajas.vlCierrePesos  = 0 ,TB_Cajas.vlSaldoFinalRealDolares  = 0.00 ,TB_Cajas.vlSaldoFinalRealEuros  = 0.00 ,TB_Cajas.vlTotalSaldoFinalReal  = 0.00 ,TB_Cajas.vlCierreDolares  = 0 ,TB_Cajas.vlCierreEuros  = 0 ,TB_Cajas.dsObservacion  = null ,TB_Cajas.vlDiaReal  = 3.21 ,TB_Cajas.flCajaAdm  = 1   WHERE TB_Cajas.nrCaja = 9000003773  
03/10/2015 16:07:42 | Exec sco_DiccionariodeDatos @nmtabla_param='VW_UltimaCajaAdm'
03/10/2015 16:07:42 |  SELECT VW_UltimaCajaAdm.nrCaja ,VW_UltimaCajaAdm.vlSaldoFinalRealPesos ,VW_UltimaCajaAdm.vlSaldoFinalRealEuros ,VW_UltimaCajaAdm.vlSaldoFinalRealDolares  FROM VW_UltimaCajaAdm 
03/10/2015 16:07:42 |  SELECT TB_Cajas.nrCaja  FROM TB_Cajas  WHERE TB_Cajas.nrCaja = 9000003773  AND  TB_Cajas.flEstado = 0  
03/10/2015 16:07:42 | Exec sco_DiccionariodeDatos @nmtabla_param='sco_cajapuesto_v3_9'
03/10/2015 16:07:42 | Exec sco_cajapuesto_v3_9 @nrCaja_param = 9000003772 
03/10/2015 16:07:42 | Exec sco_cajapuesto_v3_9 @nrCaja_param = 9000003773 
03/10/2015 16:07:42 | Exec sco_DiccionariodeDatos @nmtabla_param='spu_esdifporCotizacionImputadas_v3_9'
03/10/2015 16:07:42 | Exec spu_esdifporCotizacionImputadas_v3_9 @nrCajaAdmActual = 9000003773 
03/10/2015 16:07:42 | Exec sco_validarVencimientosCAI_v4_1
03/10/2015 16:07:43 | Exec sco_DiccionariodeDatos @nmtabla_param='sco_AccesosOpcionesMenu'
03/10/2015 16:07:43 | Exec sco_AccesosOpcionesMenu @p_tpNivelAcceso = 'Administración' ,@p_operaconcaja = 1 
03/10/2015 16:07:43 | Exec sco_AccesosOpcionesMenu @p_tpNivelAcceso = 'Administración' ,@p_operaconcaja = 1 
03/10/2015 16:07:47 | Exec sco_DiccionariodeDatos @nmtabla_param='TB_Puestos'
03/10/2015 16:07:47 |  SELECT TB_Puestos.nrPuesto ,TB_Puestos.dsPuesto ,TB_Puestos.dsPuesto ,TB_Puestos.nrTalonario_manual ,TB_Puestos.nrTalonario_manual ,TB_Puestos.nrTalonario_automatico ,TB_Puestos.nrTalonario_automatico ,TB_Puestos.nrComprobante_manual_ult ,TB_Puestos.nrComprobante_manual_ult ,TB_Puestos.nrComprobante_automatico_ult ,TB_Puestos.nrComprobante_automatico_ult ,TB_Puestos.tpletra ,TB_Puestos.tpletra ,TB_Puestos.flFacturaCtacte  FROM TB_Puestos  WHERE  dsPuesto Like ('%%%') AND TB_Puestos.flEliminar = 0   Order by TB_Puestos.dsPuesto ASC 
03/10/2015 16:07:48 |  SELECT TB_Puestos.flFacturaCtacte ,TB_Puestos.flRespeta_secuencia_carga_manual ,TB_Puestos.tpLetra_manual ,TB_Puestos.nrComprobante_manual_ult ,TB_Puestos.nrTalonario_manual ,TB_Puestos.tpLetraEmpresa_manual ,TB_Puestos.nrComprobante_manual_empresa_ult ,TB_Puestos.nrTalonario_manual_empresa ,TB_Puestos.tpLetraRecibo_manual ,TB_Puestos.nrComprobante_manual_ctacte_ult ,TB_Puestos.nrTalonario_manual_ctacte ,TB_Puestos.dtCAI_Talonario_auto_empresa ,TB_Puestos.dtCAI_Talonario_auto ,TB_Puestos.nrCAI_Talonario_auto ,TB_Puestos.nrCAI_Talonario_auto_empresa ,TB_Puestos.nrTalonario_auto_ctacte ,TB_Puestos.nrComprobante_auto_ctacte_ult ,TB_Puestos.tpLetraRecibo ,TB_Puestos.nrTalonario_auto_empresa ,TB_Puestos.nrComprobante_auto_empresa_ult ,TB_Puestos.tpLetraEmpresa ,TB_Puestos.nrTalonario_automatico ,TB_Puestos.nrComprobante_automatico_ult ,TB_Puestos.tpLetra ,TB_Puestos.dsPuesto ,TB_Puestos.nrPuesto  FROM TB_Puestos  WHERE TB_Puestos.nrPuesto = 1  AND  TB_Puestos.flEliminar = 0  
03/10/2015 16:08:10 | Exec   sco_Puestos_v4_1  @nrPuesto_param=1
03/10/2015 16:08:10 | SET DATEFORMAT dmy
03/10/2015 16:08:10 | select getdate() AS FECHA
03/10/2015 16:08:10 | Exec   sup_Puestos_v4_1  @nrPuesto_param=1 ,  @dsPuesto_param='Internacional1' ,  @dtActualizado_param='03/10/2015 04:08:10',   @nrTalonario_manual_param=1 ,  @nrTalonario_automatico_param=6 ,  @nrComprobante_manual_ult_param=187637 ,  @nrComprobante_automatico_ult_param=633531,  @flRespeta_secuencia_carga_manual_param=0, @tpLetra_param='B',@nrTalonario_manual_empresa_param=1, @nrTalonario_manual_ctacte_param=0, @nrComprobante_manual_empresa_ult_param=1440, @nrComprobante_manual_ctacte_ult_param=0, @tpLetraEmpresa_param='A', @tpLetraRecibo_param='X', @nrTalonario_auto_empresa_param=6, @nrTalonario_auto_ctacte_param=6, @nrComprobante_auto_ctacte_ult_param=null, @nrComprobante_auto_empresa_ult_param=5441, @tpletra_manual_param='B', @tpLetraEmpresa_manual_param='A', @tpLetraRecibo_manual_param='X',@nrCAI_Talonario_auto_param=35063106681863, @dtCAI_Talonario_auto_param='14/01/2017', @nrCAI_Talonario_auto_empresa_param=35063110896550, @dtCAI_Talonario_auto_empresa_param='29/01/2017', @flFacturaCtacte=1
03/10/2015 16:08:11 |  SELECT TB_Puestos.nrPuesto ,TB_Puestos.dsPuesto ,TB_Puestos.dsPuesto ,TB_Puestos.nrTalonario_manual ,TB_Puestos.nrTalonario_manual ,TB_Puestos.nrTalonario_automatico ,TB_Puestos.nrTalonario_automatico ,TB_Puestos.nrComprobante_manual_ult ,TB_Puestos.nrComprobante_manual_ult ,TB_Puestos.nrComprobante_automatico_ult ,TB_Puestos.nrComprobante_automatico_ult ,TB_Puestos.tpletra ,TB_Puestos.tpletra ,TB_Puestos.flFacturaCtacte  FROM TB_Puestos  WHERE  dsPuesto Like ('%%%') AND TB_Puestos.flEliminar = 0   Order by TB_Puestos.dsPuesto ASC 
03/10/2015 16:08:13 |  SELECT TB_Puestos.flFacturaCtacte ,TB_Puestos.flRespeta_secuencia_carga_manual ,TB_Puestos.tpLetra_manual ,TB_Puestos.nrComprobante_manual_ult ,TB_Puestos.nrTalonario_manual ,TB_Puestos.tpLetraEmpresa_manual ,TB_Puestos.nrComprobante_manual_empresa_ult ,TB_Puestos.nrTalonario_manual_empresa ,TB_Puestos.tpLetraRecibo_manual ,TB_Puestos.nrComprobante_manual_ctacte_ult ,TB_Puestos.nrTalonario_manual_ctacte ,TB_Puestos.dtCAI_Talonario_auto_empresa ,TB_Puestos.dtCAI_Talonario_auto ,TB_Puestos.nrCAI_Talonario_auto ,TB_Puestos.nrCAI_Talonario_auto_empresa ,TB_Puestos.nrTalonario_auto_ctacte ,TB_Puestos.nrComprobante_auto_ctacte_ult ,TB_Puestos.tpLetraRecibo ,TB_Puestos.nrTalonario_auto_empresa ,TB_Puestos.nrComprobante_auto_empresa_ult ,TB_Puestos.tpLetraEmpresa ,TB_Puestos.nrTalonario_automatico ,TB_Puestos.nrComprobante_automatico_ult ,TB_Puestos.tpLetra ,TB_Puestos.dsPuesto ,TB_Puestos.nrPuesto  FROM TB_Puestos  WHERE TB_Puestos.nrPuesto = 1  AND  TB_Puestos.flEliminar = 0  
03/10/2015 16:08:19 | Exec sco_AccesosOpcionesMenu @p_tpNivelAcceso = 'Administración' ,@p_operaconcaja = 1 
03/10/2015 16:08:34 | Exec  sco_TB_Productos_v4_1 
03/10/2015 16:08:35 | Exec sco_DiccionariodeDatos @nmtabla_param='TB_Usuarios'
03/10/2015 16:08:37 |  SELECT TOP 100 TB_Usuarios.dsUsuario  FROM TB_Usuarios  WHERE TB_Usuarios.tpAcceso = 'Puestos'  AND  TB_Usuarios.flBloqueado = 0  AND   dsUsuario Like ('b%') AND TB_Usuarios.flEliminar = 0
03/10/2015 16:08:40 |  SELECT TB_Usuarios.dsUsuario ,TB_Usuarios.dspassword ,TB_Usuarios.tpAcceso ,TB_Usuarios.nmNombre ,TB_Usuarios.nmApellido ,TB_Usuarios.flBloqueado ,TB_Usuarios.tpNivelJerarquico  FROM TB_Usuarios  WHERE TB_Usuarios.dsUsuario = 'BFAZZALARI'  AND  TB_Usuarios.flEliminar = 0  
03/10/2015 16:08:40 | Exec sco_DiccionariodeDatos @nmtabla_param='sp_obtenerCajasPendientesdeAprobacion_v2_5'
03/10/2015 16:08:40 | Exec sp_obtenerCajasPendientesdeAprobacion_v2_5 @pdsUsuario_param = 'BFAZZALARI' 
03/10/2015 16:08:42 | Exec sp_obtenerCajasRechazadas_v2_9 
03/10/2015 16:08:42 | Exec sco_DiccionariodeDatos @nmtabla_param='TB_Parametros'
03/10/2015 16:08:42 |  SELECT TB_Parametros.vlParametro  FROM TB_Parametros  WHERE TB_Parametros.dsParametro = 'VALOR EURO'  
03/10/2015 16:08:42 |  SELECT TB_Parametros.vlParametro  FROM TB_Parametros  WHERE TB_Parametros.dsParametro = 'VALOR DOLAR'  
03/10/2015 16:08:42 | Exec SP_ValorPromoRetorno
03/10/2015 16:08:42 | Exec sco_DiccionariodeDatos @nmtabla_param='TB_Comisiones'
03/10/2015 16:08:42 |  SELECT TB_Comisiones.vlMontoMinimo  FROM TB_Comisiones  WHERE TB_Comisiones.tpComision = 'Retorno'  AND  TB_Comisiones.flEliminar = 0  
03/10/2015 16:08:42 |  SELECT TB_Parametros.vlParametro  FROM TB_Parametros  WHERE TB_Parametros.dsParametro = 'VALOR REAL'  
03/10/2015 16:08:42 | Exec sco_DiccionariodeDatos @nmtabla_param='TB_Cajas'
03/10/2015 16:08:42 |  SELECT TB_Cajas.nrCaja  FROM TB_Cajas  WHERE TB_Cajas.dsUsuario = 'BFAZZALARI'  and  TB_Cajas.flEstado = 0  and  TB_Cajas.tpEstadoAprobacion IS NULL  and  TB_Cajas.nrcaja > 0  
03/10/2015 16:08:43 | Exec sco_DiccionariodeDatos @nmtabla_param='sco_AccesosOpcionesMenu'
03/10/2015 16:08:43 | Exec sco_AccesosOpcionesMenu @p_tpNivelAcceso = 'Puestos' ,@p_operaconcaja = 1 
03/10/2015 16:08:43 | Exec sco_AccesosOpcionesMenu @p_tpNivelAcceso = 'Puestos' ,@p_operaconcaja = 1 
03/10/2015 16:08:53 | Exec sco_DiccionariodeDatos @nmtabla_param='sco_cajapuesto_v3_9'
03/10/2015 16:08:53 | Exec sco_cajapuesto_v3_9 @nrCaja_param = 1000010104 
03/10/2015 16:08:53 | Exec sco_DiccionariodeDatos @nmtabla_param='TB_Comprobantes'
03/10/2015 16:08:53 | Exec sco_DiccionariodeDatos @nmtabla_param='sp_obtenerComision_v4_1'
03/10/2015 16:08:53 | Exec sp_obtenerComision_v4_1 @vlTotalGeneral_param = 0 ,@tpComision_param = null ,@tpCliente_param = null ,@dsCodigoDestinos_param = null 
03/10/2015 16:08:53 | Exec sp_obtenerComision_v4_1 @vlTotalGeneral_param = 0 ,@tpComision_param = null ,@tpCliente_param = null ,@dsCodigoDestinos_param = null 
03/10/2015 16:08:53 | Exec sp_obtenerComision_v4_1 @vlTotalGeneral_param = 0 ,@tpComision_param = 'A Clientes' ,@tpCliente_param = 'A Clientes' ,@dsCodigoDestinos_param = null 
03/10/2015 16:08:53 | Exec sco_DiccionariodeDatos @nmtabla_param='spu_obtener_puntosdeventa_facturacion_v1_0'
03/10/2015 16:08:53 | Exec spu_obtener_puntosdeventa_facturacion_v1_0 @nrPuesto_param = 1 ,@tipo_iva = 'CF' ,@auto_impresor = 'S' ,@tpFormadePago = null 
03/10/2015 16:08:53 | Exec sp_obtenerComision_v4_1 @vlTotalGeneral_param = 0 ,@tpComision_param = 'A Clientes' ,@tpCliente_param = 'A Clientes' ,@dsCodigoDestinos_param = null 
03/10/2015 16:08:53 | Exec sp_obtenerComision_v4_1 @vlTotalGeneral_param = 0 ,@tpComision_param = 'A Clientes' ,@tpCliente_param = 'A Clientes' ,@dsCodigoDestinos_param = null 
03/10/2015 16:08:53 | Exec spu_obtener_puntosdeventa_facturacion_v1_0 @nrPuesto_param = 1 ,@tipo_iva = 'CF' ,@auto_impresor = 'S' ,@tpFormadePago = null 
03/10/2015 16:08:53 | Exec sp_obtenerComision_v4_1 @vlTotalGeneral_param = 0 ,@tpComision_param = 'A Clientes' ,@tpCliente_param = 'A Clientes' ,@dsCodigoDestinos_param = null 
03/10/2015 16:08:53 | Exec spu_obtener_puntosdeventa_facturacion_v1_0 @nrPuesto_param = 1 ,@tipo_iva = 'CF' ,@auto_impresor = 'S' ,@tpFormadePago = null 
03/10/2015 16:08:53 | Exec sp_obtenerComision_v4_1 @vlTotalGeneral_param = 0 ,@tpComision_param = 'A Clientes' ,@tpCliente_param = 'A Clientes' ,@dsCodigoDestinos_param = null 
03/10/2015 16:08:53 | Exec sp_obtenerComision_v4_1 @vlTotalGeneral_param = 0 ,@tpComision_param = 'A Clientes' ,@tpCliente_param = 'A Clientes' ,@dsCodigoDestinos_param = null 
03/10/2015 16:08:53 | Exec sp_obtenerComision_v4_1 @vlTotalGeneral_param = 0 ,@tpComision_param = 'A Clientes' ,@tpCliente_param = 'A Clientes' ,@dsCodigoDestinos_param = null 
03/10/2015 16:08:53 | Exec sp_obtenerComision_v4_1 @vlTotalGeneral_param = 0 ,@tpComision_param = 'A Clientes' ,@tpCliente_param = 'A Clientes' ,@dsCodigoDestinos_param = null 
03/10/2015 16:08:53 | Exec sco_DiccionariodeDatos @nmtabla_param='TB_Productos'
03/10/2015 16:09:00 | Exec sco_DiccionariodeDatos @nmtabla_param='TB_Clientes'
03/10/2015 16:09:00 |  SELECT TB_Clientes.dsRazonSocial ,TB_Clientes.nmApellido ,TB_Clientes.nmNombre ,TB_Clientes.dsDomicilio ,TB_Clientes.nrDoc ,TB_Clientes.nmLocalidad ,TB_Clientes.dsEmail ,TB_Clientes.nrTel ,TB_Clientes.cdPostal ,TB_Clientes.tpIVA ,TB_Clientes.tpFormadePago  FROM TB_Clientes  WHERE TB_Clientes.flEliminar = 0  AND  TB_Clientes.cdCliente = 4013  AND ( TB_Clientes.dtBaja > '03-10-2015'  OR  TB_Clientes.dtBaja IS NULL  )  
03/10/2015 16:09:00 | Exec spu_obtener_puntosdeventa_facturacion_v1_0 @nrPuesto_param = 1 ,@tipo_iva = 'CF' ,@auto_impresor = 'S' ,@tpFormadePago = 'Cuenta Corriente' 
03/10/2015 16:09:00 | Exec sp_obtenerComision_v4_1 @vlTotalGeneral_param = 0 ,@tpComision_param = 'A Clientes' ,@tpCliente_param = 'A Clientes' ,@dsCodigoDestinos_param = null 
03/10/2015 16:09:00 | Exec sp_obtenerComision_v4_1 @vlTotalGeneral_param = 0 ,@tpComision_param = 'A Clientes' ,@tpCliente_param = 'A Clientes' ,@dsCodigoDestinos_param = null 
03/10/2015 16:09:00 | Exec sp_obtenerComision_v4_1 @vlTotalGeneral_param = 0 ,@tpComision_param = 'A Clientes' ,@tpCliente_param = 'A Clientes' ,@dsCodigoDestinos_param = null 
03/10/2015 16:09:00 | Exec sp_obtenerComision_v4_1 @vlTotalGeneral_param = 0 ,@tpComision_param = 'A Clientes' ,@tpCliente_param = 'A Clientes' ,@dsCodigoDestinos_param = null 
03/10/2015 16:09:07 | Exec sp_obtenerComision_v4_1 @vlTotalGeneral_param = 0 ,@tpComision_param = 'A Clientes' ,@tpCliente_param = 'A Clientes' ,@dsCodigoDestinos_param = '''Viaje'',null,450' 
03/10/2015 16:09:07 | Exec sp_obtenerComision_v4_1 @vlTotalGeneral_param = 0 ,@tpComision_param = 'A Clientes' ,@tpCliente_param = 'A Clientes' ,@dsCodigoDestinos_param = '''Viaje'',null,450' 
03/10/2015 16:09:07 | Exec sco_DiccionariodeDatos @nmtabla_param='SP_Supera_KM_IVA_segunMonto_2_0'
03/10/2015 16:09:07 | Exec SP_Supera_KM_IVA_segunMonto_2_0 @tpCategoriaIVA_param = 'CF' ,@vlKilometros_param = 0 ,@vlMonto_param = 450 
03/10/2015 16:09:07 | Exec sp_obtenerComision_v4_1 @vlTotalGeneral_param = 450 ,@tpComision_param = 'A Clientes' ,@tpCliente_param = 'A Clientes' ,@dsCodigoDestinos_param = '''Viaje'',null,450' 
03/10/2015 16:09:07 | Exec sp_obtenerComision_v4_1 @vlTotalGeneral_param = 450 ,@tpComision_param = 'A Clientes' ,@tpCliente_param = 'A Clientes' ,@dsCodigoDestinos_param = '''Viaje'',null,450' 
03/10/2015 16:09:07 | Exec sp_obtenerComision_v4_1 @vlTotalGeneral_param = 450 ,@tpComision_param = 'A Clientes' ,@tpCliente_param = 'A Clientes' ,@dsCodigoDestinos_param = '''Viaje'',null,450' 
03/10/2015 16:09:10 | Exec sco_DiccionariodeDatos @nmtabla_param='TB_Proveedores'
03/10/2015 16:09:11 |  SELECT TB_Proveedores.nmNombre ,TB_Proveedores.nmApellido  FROM TB_Proveedores  WHERE TB_Proveedores.tpCategoria = 'Licenciatario'  AND  TB_Proveedores.nrLicencia = 124  AND  TB_Proveedores.flEliminar = 0  
03/10/2015 16:09:12 |  SELECT tb_parametros.dsParametro ,tb_parametros.vlParametro ,tb_parametros.tpParametro ,tb_parametros.flEditable ,tb_parametros.nrTamanio ,tb_parametros.dtActualizacion  FROM tb_parametros  WHERE tb_parametros.dsParametro = 'CALCULA_IVA_LIC_990'  
03/10/2015 16:09:12 | Exec sp_obtenerComision_v4_1 @vlTotalGeneral_param = 450 ,@tpComision_param = 'A Clientes' ,@tpCliente_param = 'A Clientes' ,@dsCodigoDestinos_param = '''Viaje'',null,450' 
03/10/2015 16:09:12 |  SELECT TB_Cajas.nrCaja  FROM TB_Cajas  WHERE TB_Cajas.nrCaja = 1000010104  AND  TB_Cajas.flEstado = 0  
03/10/2015 16:09:15 | Exec sco_DiccionariodeDatos @nmtabla_param='sp_eliminarFisicamenteunComprobanteEliminadoLogicamente_v2_5'
03/10/2015 16:09:15 | Exec sp_eliminarFisicamenteunComprobanteEliminadoLogicamente_v2_5 @nrTalonario_param = '0006' ,@nrComprobante_param = '00000001' ,@tpComprobante_param = 'X' ,@tpLetra_param = 'X' 
03/10/2015 16:09:15 | Exec spu_obtener_puntosdeventa_facturacion_v1_0 @nrPuesto_param = 1 ,@tipo_iva = 'CF' ,@auto_impresor = 'S' ,@tpFormadePago = 'Cuenta Corriente' 
03/10/2015 16:09:15 | Exec sp_obtenerComision_v4_1 @vlTotalGeneral_param = 450 ,@tpComision_param = 'A Clientes' ,@tpCliente_param = 'A Clientes' ,@dsCodigoDestinos_param = '''Viaje'',null,450' 
03/10/2015 16:09:15 |  INSERT TB_Comprobantes (nrComprobante ,nrTalonario ,vlPagoReales ,nrDoc ,cdCliente ,dsRazonSocial ,vlTotalGeneral ,dsLeyenda ,vlPagoEuros ,nmEmpleado ,nrPuesto ,nrCaja ,nrLicencia ,nrBultos ,nrPasajeros ,vlPagoDolares ,vlPagoPesos ,nmLicenciatario ,dtComprobante ,dsEmail ,vlSubtotal ,vlIVA ,cdCondVenta ,tpComprobante ,tpComision ,tpIVA ,dsOpcional3 ,cdCodBar ,dtCaja ,dtInsercion ,dsOpcional1 ,nrCAI ,dtVencimiento ,vlDiaDolar ,vlDiaEuro ,vlDiaReal ,dsOpcional2 ,tpLetra ,dsUsuario ,flSincronizado ,flManual )  VALUES ('00000001' ,'0006' ,0.00 ,'27-14012559-3' ,4013 ,'SILVINA SZPERLING' ,450.00 ,null ,0.00 ,'BARBARA FAZZALARI' ,1 ,1000010104 ,124 ,null ,null ,0.00 ,0.00 ,'GILIBERTI PASCUAL' ,'03/10/2015' ,null ,450.00 ,0.00 ,'Cuenta Corriente' ,'X' ,'A Clientes' ,'CF' ,'30708249919010006' ,'000600000001124' ,'03/10/2015 04:09:15' ,'03/10/2015 04:09:15' ,'16:09' ,null ,null ,9.1 ,10 ,3.21 ,'CENTRO - CAPITAL FEDERAL CON PEAJES  (1 DESTINO) ' ,'X' ,'BFAZZALARI' ,0 ,'N' )
03/10/2015 16:09:15 | Exec sco_DiccionariodeDatos @nmtabla_param='TB_Recibos'
03/10/2015 16:09:15 | Exec sco_DiccionariodeDatos @nmtabla_param='DiccionariodeDatos'
03/10/2015 16:09:15 |  UPDATE DiccionariodeDatos SET DiccionariodeDatos.vlPuesto1  = '9000000181'   WHERE DiccionariodeDatos.nmTabla = 'TB_Recibos'  AND  DiccionariodeDatos.nmCampo = 'IdRecibo'  
03/10/2015 16:09:15 | Exec sco_DiccionariodeDatos @nmtabla_param='TB_ComprobantesDetalle'
03/10/2015 16:09:15 |  INSERT TB_ComprobantesDetalle (nrTalonario ,nrComprobante ,tpComprobante ,tpLetra ,nrItem ,cdProducto ,dsProducto ,tpOperacion ,vlPorcentaje ,vlPrecioPeaje ,vlKilometros ,vlPrecioViaje ,dtInsercion ,flSincronizado ,nrCaja ,nrPuesto )  VALUES ('0006' ,'00000001' ,'X' ,'X' ,1 ,90001 ,'CENTRO - CAPITAL FEDERAL CON PEAJES  (1 DESTINO) ' ,'Viaje' ,0 ,0 ,null ,450 ,'03/10/2015' ,0 ,1000010104 ,1 )
03/10/2015 16:09:15 | Exec sp_obtenerComision_v4_1 @vlTotalGeneral_param = 450 ,@tpComision_param = 'A Clientes' ,@tpCliente_param = 'A Clientes' ,@dsCodigoDestinos_param = '''Viaje'',null,450' 
03/10/2015 16:09:15 | Exec sco_DiccionariodeDatos @nmtabla_param='TB_Cupones'
03/10/2015 16:09:15 | Exec SP_ObtenerMaxnrCupon_v2_7 
03/10/2015 16:09:15 |  INSERT TB_Cupones (nrTalonarioCliente ,nrComprabanteCliente ,tpComprobanteCliente ,tpLetraCliente ,cdCliente ,nrPuesto ,nrLicencia ,nmLicenciatario ,vlMontoCupon ,vlPagoPesos ,vlPagoDolares ,vlPagoEuros ,vlPagoReales ,nrCantidadBultos ,tpCupon ,dsDestino ,dsHoraViaje ,dsLeyenda ,flCobradoalCliente ,flCompensado ,vlaFavordelLicenciatario ,vlafavorAdmin ,vlComision ,dtCajaCliente ,nrCajaCliente ,dtCupon ,dsUsuario ,nrPasajeros ,flSincronizado ,vlIVA ,vlSubtotal ,cdCodBar ,nrCupon )  VALUES ('0006' ,'00000001' ,'X' ,'X' ,4013 ,1 ,124 ,'GILIBERTI PASCUAL' ,450.00 ,0.00 ,0.00 ,0.00 ,0.00 ,null ,'Cuenta Corriente' ,'CENTRO - CAPITAL FEDERAL CON PEAJES  (1 DESTINO) ' ,'16:09' ,null ,0 ,0 ,414 ,0 ,36 ,'03/10/2015 04:09:15' ,1000010104 ,'03/10/2015 04:09:15' ,'BFAZZALARI' ,null ,0 ,0.00 ,450.00 ,'000600000001124' ,1 )
03/10/2015 16:09:15 |  UPDATE DiccionariodeDatos SET DiccionariodeDatos.vlPuesto1  = '1'   WHERE DiccionariodeDatos.nmTabla = 'TB_Cupones'  AND  DiccionariodeDatos.nmCampo = 'nrCupon'  
03/10/2015 16:09:15 | Exec sco_DiccionariodeDatos @nmtabla_param='TB_Puestos'
03/10/2015 16:09:15 | SET DATEFORMAT dmy
03/10/2015 16:09:15 | select getdate() AS FECHA
03/10/2015 16:09:15 |  UPDATE TB_Puestos SET TB_Puestos.nrComprobante_auto_ctacte_ult  = 1 ,TB_Puestos.dtActualizacion  = '03/10/2015 04:09:16'   WHERE TB_Puestos.nrPuesto = 1  
03/10/2015 16:09:15 | Exec sco_DiccionariodeDatos @nmtabla_param='SP_PrepararReimpresiondeComprobante_v3_7'
03/10/2015 16:09:15 | Exec SP_PrepararReimpresiondeComprobante_v3_7 @nrTalonario = '0006' ,@nrComprobante = '00000001' ,@tpComprobante = 'X' ,@tpLetra = 'X' 
03/10/2015 16:09:42 | Exec spu_obtener_puntosdeventa_facturacion_v1_0 @nrPuesto_param = 1 ,@tipo_iva = 'CF' ,@auto_impresor = 'S' ,@tpFormadePago = null 
03/10/2015 16:09:42 | Exec sp_obtenerComision_v4_1 @vlTotalGeneral_param = 0 ,@tpComision_param = 'A Clientes' ,@tpCliente_param = 'A Clientes' ,@dsCodigoDestinos_param = null 
03/10/2015 16:09:42 | Exec spu_obtener_puntosdeventa_facturacion_v1_0 @nrPuesto_param = 1 ,@tipo_iva = 'CF' ,@auto_impresor = 'S' ,@tpFormadePago = null 
03/10/2015 16:09:42 | Exec sp_obtenerComision_v4_1 @vlTotalGeneral_param = 0 ,@tpComision_param = 'A Clientes' ,@tpCliente_param = 'A Clientes' ,@dsCodigoDestinos_param = null 
03/10/2015 16:09:42 | Exec sp_obtenerComision_v4_1 @vlTotalGeneral_param = 0 ,@tpComision_param = 'A Clientes' ,@tpCliente_param = 'A Clientes' ,@dsCodigoDestinos_param = null 
03/10/2015 16:09:42 | Exec sp_obtenerComision_v4_1 @vlTotalGeneral_param = 0 ,@tpComision_param = 'A Clientes' ,@tpCliente_param = 'A Clientes' ,@dsCodigoDestinos_param = null 
03/10/2015 16:09:42 | Exec sp_obtenerComision_v4_1 @vlTotalGeneral_param = 0 ,@tpComision_param = 'A Clientes' ,@tpCliente_param = 'A Clientes' ,@dsCodigoDestinos_param = null 
03/10/2015 16:09:51 | Exec sp_obtenerComision_v4_1 @vlTotalGeneral_param = 0 ,@tpComision_param = 'A Clientes' ,@tpCliente_param = 'A Clientes' ,@dsCodigoDestinos_param = '''Viaje'',null,540' 
03/10/2015 16:09:51 | Exec sp_obtenerComision_v4_1 @vlTotalGeneral_param = 0 ,@tpComision_param = 'A Clientes' ,@tpCliente_param = 'A Clientes' ,@dsCodigoDestinos_param = '''Viaje'',null,540' 
03/10/2015 16:09:51 | Exec SP_Supera_KM_IVA_segunMonto_2_0 @tpCategoriaIVA_param = 'CF' ,@vlKilometros_param = 0 ,@vlMonto_param = 540 
03/10/2015 16:09:51 | Exec sp_obtenerComision_v4_1 @vlTotalGeneral_param = 540 ,@tpComision_param = 'A Clientes' ,@tpCliente_param = 'A Clientes' ,@dsCodigoDestinos_param = '''Viaje'',null,540' 
03/10/2015 16:09:51 | Exec sp_obtenerComision_v4_1 @vlTotalGeneral_param = 540 ,@tpComision_param = 'A Clientes' ,@tpCliente_param = 'A Clientes' ,@dsCodigoDestinos_param = '''Viaje'',null,540' 
03/10/2015 16:09:51 | Exec sp_obtenerComision_v4_1 @vlTotalGeneral_param = 540 ,@tpComision_param = 'A Clientes' ,@tpCliente_param = 'A Clientes' ,@dsCodigoDestinos_param = '''Viaje'',null,540' 
03/10/2015 16:09:52 |  SELECT TB_Proveedores.nmNombre ,TB_Proveedores.nmApellido  FROM TB_Proveedores  WHERE TB_Proveedores.tpCategoria = 'Licenciatario'  AND  TB_Proveedores.nrLicencia = 124  AND  TB_Proveedores.flEliminar = 0  
03/10/2015 16:09:59 |  SELECT TB_Clientes.dsRazonSocial ,TB_Clientes.nmApellido ,TB_Clientes.nmNombre ,TB_Clientes.dsDomicilio ,TB_Clientes.nrDoc ,TB_Clientes.nmLocalidad ,TB_Clientes.dsEmail ,TB_Clientes.nrTel ,TB_Clientes.cdPostal ,TB_Clientes.tpIVA ,TB_Clientes.tpFormadePago  FROM TB_Clientes  WHERE TB_Clientes.flEliminar = 0  AND  TB_Clientes.cdCliente = 4013  AND ( TB_Clientes.dtBaja > '03-10-2015'  OR  TB_Clientes.dtBaja IS NULL  )  
03/10/2015 16:09:59 | Exec spu_obtener_puntosdeventa_facturacion_v1_0 @nrPuesto_param = 1 ,@tipo_iva = 'CF' ,@auto_impresor = 'S' ,@tpFormadePago = 'Cuenta Corriente' 
03/10/2015 16:09:59 | Exec sp_obtenerComision_v4_1 @vlTotalGeneral_param = 540 ,@tpComision_param = 'A Clientes' ,@tpCliente_param = 'A Clientes' ,@dsCodigoDestinos_param = '''Viaje'',null,540' 
03/10/2015 16:09:59 | Exec SP_Supera_KM_IVA_segunMonto_2_0 @tpCategoriaIVA_param = 'CF' ,@vlKilometros_param = 0 ,@vlMonto_param = 540 
03/10/2015 16:10:00 | Exec sp_obtenerComision_v4_1 @vlTotalGeneral_param = 540 ,@tpComision_param = 'A Clientes' ,@tpCliente_param = 'A Clientes' ,@dsCodigoDestinos_param = '''Viaje'',null,540' 
03/10/2015 16:10:00 | Exec sp_obtenerComision_v4_1 @vlTotalGeneral_param = 540 ,@tpComision_param = 'A Clientes' ,@tpCliente_param = 'A Clientes' ,@dsCodigoDestinos_param = '''Viaje'',null,540' 
03/10/2015 16:10:00 | Exec sp_obtenerComision_v4_1 @vlTotalGeneral_param = 540 ,@tpComision_param = 'A Clientes' ,@tpCliente_param = 'A Clientes' ,@dsCodigoDestinos_param = '''Viaje'',null,540' 
03/10/2015 16:10:00 | Exec sp_obtenerComision_v4_1 @vlTotalGeneral_param = 540 ,@tpComision_param = 'A Clientes' ,@tpCliente_param = 'A Clientes' ,@dsCodigoDestinos_param = '''Viaje'',null,540' 
03/10/2015 16:10:02 |  SELECT tb_parametros.dsParametro ,tb_parametros.vlParametro ,tb_parametros.tpParametro ,tb_parametros.flEditable ,tb_parametros.nrTamanio ,tb_parametros.dtActualizacion  FROM tb_parametros  WHERE tb_parametros.dsParametro = 'CALCULA_IVA_LIC_990'  
03/10/2015 16:10:03 | Exec sp_obtenerComision_v4_1 @vlTotalGeneral_param = 540 ,@tpComision_param = 'A Clientes' ,@tpCliente_param = 'A Clientes' ,@dsCodigoDestinos_param = '''Viaje'',null,540' 
03/10/2015 16:10:03 |  SELECT TB_Cajas.nrCaja  FROM TB_Cajas  WHERE TB_Cajas.nrCaja = 1000010104  AND  TB_Cajas.flEstado = 0  
03/10/2015 16:10:04 | Exec sp_eliminarFisicamenteunComprobanteEliminadoLogicamente_v2_5 @nrTalonario_param = '0006' ,@nrComprobante_param = '00000002' ,@tpComprobante_param = 'X' ,@tpLetra_param = 'X' 
03/10/2015 16:10:04 | Exec spu_obtener_puntosdeventa_facturacion_v1_0 @nrPuesto_param = 1 ,@tipo_iva = 'CF' ,@auto_impresor = 'S' ,@tpFormadePago = 'Cuenta Corriente' 
03/10/2015 16:10:04 | Exec sp_obtenerComision_v4_1 @vlTotalGeneral_param = 540 ,@tpComision_param = 'A Clientes' ,@tpCliente_param = 'A Clientes' ,@dsCodigoDestinos_param = '''Viaje'',null,540' 
03/10/2015 16:10:04 |  INSERT TB_Comprobantes (nrComprobante ,nrTalonario ,vlPagoReales ,nrDoc ,cdCliente ,dsRazonSocial ,vlTotalGeneral ,dsLeyenda ,vlPagoEuros ,nmEmpleado ,nrPuesto ,nrCaja ,nrLicencia ,nrBultos ,nrPasajeros ,vlPagoDolares ,vlPagoPesos ,nmLicenciatario ,dtComprobante ,dsEmail ,vlSubtotal ,vlIVA ,cdCondVenta ,tpComprobante ,tpComision ,tpIVA ,dsOpcional3 ,cdCodBar ,dtCaja ,dtInsercion ,dsOpcional1 ,nrCAI ,dtVencimiento ,vlDiaDolar ,vlDiaEuro ,vlDiaReal ,dsOpcional2 ,tpLetra ,dsUsuario ,flSincronizado ,flManual )  VALUES ('00000002' ,'0006' ,0.00 ,'27-14012559-3' ,4013 ,'SILVINA SZPERLING' ,540.00 ,null ,0.00 ,'BARBARA FAZZALARI' ,1 ,1000010104 ,124 ,null ,null ,0.00 ,0.00 ,'GILIBERTI PASCUAL' ,'03/10/2015' ,null ,540.00 ,0.00 ,'Cuenta Corriente' ,'X' ,'A Clientes' ,'CF' ,'30708249919010006' ,'000600000002124' ,'03/10/2015 04:10:04' ,'03/10/2015 04:10:04' ,'16:10' ,null ,null ,9.1 ,10 ,3.21 ,'VILLA ADELINA - SAN ISIDRO CON PEAJE  (1 DESTINO) ' ,'X' ,'BFAZZALARI' ,0 ,'N' )
03/10/2015 16:10:04 |  UPDATE DiccionariodeDatos SET DiccionariodeDatos.vlPuesto1  = '9000000182'   WHERE DiccionariodeDatos.nmTabla = 'TB_Recibos'  AND  DiccionariodeDatos.nmCampo = 'IdRecibo'  
03/10/2015 16:10:04 |  INSERT TB_ComprobantesDetalle (nrTalonario ,nrComprobante ,tpComprobante ,tpLetra ,nrItem ,cdProducto ,dsProducto ,tpOperacion ,vlPorcentaje ,vlPrecioPeaje ,vlKilometros ,vlPrecioViaje ,dtInsercion ,flSincronizado ,nrCaja ,nrPuesto )  VALUES ('0006' ,'00000002' ,'X' ,'X' ,1 ,310 ,'VILLA ADELINA - SAN ISIDRO CON PEAJE  (1 DESTINO) ' ,'Viaje' ,0 ,0 ,0 ,540 ,'03/10/2015' ,0 ,1000010104 ,1 )
03/10/2015 16:10:04 | Exec sp_obtenerComision_v4_1 @vlTotalGeneral_param = 540 ,@tpComision_param = 'A Clientes' ,@tpCliente_param = 'A Clientes' ,@dsCodigoDestinos_param = '''Viaje'',null,540' 
03/10/2015 16:10:04 | Exec SP_ObtenerMaxnrCupon_v2_7 
03/10/2015 16:10:04 |  INSERT TB_Cupones (nrTalonarioCliente ,nrComprabanteCliente ,tpComprobanteCliente ,tpLetraCliente ,cdCliente ,nrPuesto ,nrLicencia ,nmLicenciatario ,vlMontoCupon ,vlPagoPesos ,vlPagoDolares ,vlPagoEuros ,vlPagoReales ,nrCantidadBultos ,tpCupon ,dsDestino ,dsHoraViaje ,dsLeyenda ,flCobradoalCliente ,flCompensado ,vlaFavordelLicenciatario ,vlafavorAdmin ,vlComision ,dtCajaCliente ,nrCajaCliente ,dtCupon ,dsUsuario ,nrPasajeros ,flSincronizado ,vlIVA ,vlSubtotal ,cdCodBar ,nrCupon )  VALUES ('0006' ,'00000002' ,'X' ,'X' ,4013 ,1 ,124 ,'GILIBERTI PASCUAL' ,540.00 ,0.00 ,0.00 ,0.00 ,0.00 ,null ,'Cuenta Corriente' ,'VILLA ADELINA - SAN ISIDRO CON PEAJE  (1 DESTINO) ' ,'16:10' ,null ,0 ,0 ,504 ,0 ,36 ,'03/10/2015 04:10:04' ,1000010104 ,'03/10/2015 04:10:04' ,'BFAZZALARI' ,null ,0 ,0.00 ,540.00 ,'000600000002124' ,2 )
03/10/2015 16:10:04 |  UPDATE DiccionariodeDatos SET DiccionariodeDatos.vlPuesto1  = '2'   WHERE DiccionariodeDatos.nmTabla = 'TB_Cupones'  AND  DiccionariodeDatos.nmCampo = 'nrCupon'  
03/10/2015 16:10:04 | SET DATEFORMAT dmy
03/10/2015 16:10:04 | select getdate() AS FECHA
03/10/2015 16:10:04 |  UPDATE TB_Puestos SET TB_Puestos.nrComprobante_auto_ctacte_ult  = 2 ,TB_Puestos.dtActualizacion  = '03/10/2015 04:10:05'   WHERE TB_Puestos.nrPuesto = 1  
03/10/2015 16:10:04 | Exec SP_PrepararReimpresiondeComprobante_v3_7 @nrTalonario = '0006' ,@nrComprobante = '00000002' ,@tpComprobante = 'X' ,@tpLetra = 'X' 
03/10/2015 16:10:04 | Exec spu_obtener_puntosdeventa_facturacion_v1_0 @nrPuesto_param = 1 ,@tipo_iva = 'CF' ,@auto_impresor = 'S' ,@tpFormadePago = null 
03/10/2015 16:10:04 | Exec sp_obtenerComision_v4_1 @vlTotalGeneral_param = 0 ,@tpComision_param = 'A Clientes' ,@tpCliente_param = 'A Clientes' ,@dsCodigoDestinos_param = null 
03/10/2015 16:10:04 | Exec spu_obtener_puntosdeventa_facturacion_v1_0 @nrPuesto_param = 1 ,@tipo_iva = 'CF' ,@auto_impresor = 'S' ,@tpFormadePago = null 
03/10/2015 16:10:04 | Exec sp_obtenerComision_v4_1 @vlTotalGeneral_param = 0 ,@tpComision_param = 'A Clientes' ,@tpCliente_param = 'A Clientes' ,@dsCodigoDestinos_param = null 
03/10/2015 16:10:04 | Exec sp_obtenerComision_v4_1 @vlTotalGeneral_param = 0 ,@tpComision_param = 'A Clientes' ,@tpCliente_param = 'A Clientes' ,@dsCodigoDestinos_param = null 
03/10/2015 16:10:04 | Exec sp_obtenerComision_v4_1 @vlTotalGeneral_param = 0 ,@tpComision_param = 'A Clientes' ,@tpCliente_param = 'A Clientes' ,@dsCodigoDestinos_param = null 
03/10/2015 16:10:04 | Exec sp_obtenerComision_v4_1 @vlTotalGeneral_param = 0 ,@tpComision_param = 'A Clientes' ,@tpCliente_param = 'A Clientes' ,@dsCodigoDestinos_param = null 
03/10/2015 16:10:14 | Exec sco_AccesosOpcionesMenu @p_tpNivelAcceso = 'Puestos' ,@p_operaconcaja = 1 
03/10/2015 16:10:45 | Exec  sco_TB_Productos_v4_1 
03/10/2015 16:10:45 | Exec sco_DiccionariodeDatos @nmtabla_param='TB_Usuarios'
03/10/2015 16:10:55 |  SELECT TOP 100 TB_Usuarios.dsUsuario  FROM TB_Usuarios  WHERE TB_Usuarios.tpAcceso <> 'Puestos'  AND  TB_Usuarios.flBloqueado = 0  AND   dsUsuario Like ('c%') AND TB_Usuarios.flEliminar = 0
03/10/2015 16:10:55 |  SELECT TOP 100 TB_Usuarios.dsUsuario  FROM TB_Usuarios  WHERE TB_Usuarios.tpAcceso <> 'Puestos'  AND  TB_Usuarios.flBloqueado = 0  AND   dsUsuario Like ('ca%') AND TB_Usuarios.flEliminar = 0
03/10/2015 16:10:56 |  SELECT TOP 100 TB_Usuarios.dsUsuario  FROM TB_Usuarios  WHERE TB_Usuarios.tpAcceso <> 'Puestos'  AND  TB_Usuarios.flBloqueado = 0  AND   dsUsuario Like ('cam%') AND TB_Usuarios.flEliminar = 0
03/10/2015 16:10:56 |  SELECT TOP 100 TB_Usuarios.dsUsuario  FROM TB_Usuarios  WHERE TB_Usuarios.tpAcceso <> 'Puestos'  AND  TB_Usuarios.flBloqueado = 0  AND   dsUsuario Like ('cami%') AND TB_Usuarios.flEliminar = 0
03/10/2015 16:10:56 |  SELECT TOP 100 TB_Usuarios.dsUsuario  FROM TB_Usuarios  WHERE TB_Usuarios.tpAcceso <> 'Puestos'  AND  TB_Usuarios.flBloqueado = 0  AND   dsUsuario Like ('camil%') AND TB_Usuarios.flEliminar = 0
03/10/2015 16:10:56 |  SELECT TOP 100 TB_Usuarios.dsUsuario  FROM TB_Usuarios  WHERE TB_Usuarios.tpAcceso <> 'Puestos'  AND  TB_Usuarios.flBloqueado = 0  AND   dsUsuario Like ('camila%') AND TB_Usuarios.flEliminar = 0
03/10/2015 16:11:00 |  SELECT TB_Usuarios.dsUsuario ,TB_Usuarios.dspassword ,TB_Usuarios.tpAcceso ,TB_Usuarios.nmNombre ,TB_Usuarios.nmApellido ,TB_Usuarios.flBloqueado ,TB_Usuarios.tpNivelJerarquico  FROM TB_Usuarios  WHERE TB_Usuarios.dsUsuario = 'CAMILAP'  AND  TB_Usuarios.flEliminar = 0  
03/10/2015 16:11:00 | Exec sco_DiccionariodeDatos @nmtabla_param='sp_obtenerCajasPendientesdeAprobacion_v2_5'
03/10/2015 16:11:00 | Exec sp_obtenerCajasPendientesdeAprobacion_v2_5 @pdsUsuario_param = 'CAMILAP' 
03/10/2015 16:11:00 | Exec sp_obtenerCajasRechazadas_v2_9 
03/10/2015 16:11:00 | Exec sco_DiccionariodeDatos @nmtabla_param='TB_Parametros'
03/10/2015 16:11:00 |  SELECT TB_Parametros.vlParametro  FROM TB_Parametros  WHERE TB_Parametros.dsParametro = 'VALOR EURO'  
03/10/2015 16:11:00 |  SELECT TB_Parametros.vlParametro  FROM TB_Parametros  WHERE TB_Parametros.dsParametro = 'VALOR DOLAR'  
03/10/2015 16:11:00 | Exec SP_ValorPromoRetorno
03/10/2015 16:11:00 | Exec sco_DiccionariodeDatos @nmtabla_param='TB_Comisiones'
03/10/2015 16:11:00 |  SELECT TB_Comisiones.vlMontoMinimo  FROM TB_Comisiones  WHERE TB_Comisiones.tpComision = 'Retorno'  AND  TB_Comisiones.flEliminar = 0  
03/10/2015 16:11:00 |  SELECT TB_Parametros.vlParametro  FROM TB_Parametros  WHERE TB_Parametros.dsParametro = 'VALOR REAL'  
03/10/2015 16:11:00 | Exec sco_DiccionariodeDatos @nmtabla_param='TB_Cajas'
03/10/2015 16:11:00 |  SELECT TB_Cajas.nrCaja  FROM TB_Cajas  WHERE TB_Cajas.dsUsuario = 'CAMILAP'  and  TB_Cajas.flEstado = 0  and  TB_Cajas.tpEstadoAprobacion IS NULL  and  TB_Cajas.nrcaja > 0  
03/10/2015 16:11:01 |  SELECT TB_Cajas.nrCaja ,TB_Cajas.vlTotalSaldoFinal ,TB_Cajas.nrPuesto ,TB_Cajas.dsUsuario ,TB_Cajas.vlSaldoInicialPesos ,TB_Cajas.dtApertura ,TB_Cajas.dtCierre ,TB_Cajas.vlDiaDolar ,TB_Cajas.vlDiaEuro ,TB_Cajas.vlSaldoInicialEuros ,TB_Cajas.vlSaldoInicialDolares ,TB_Cajas.vlSaldoFinalRealPesos ,TB_Cajas.vlTotalSaldoInicial ,TB_Cajas.dtObservacion ,TB_Cajas.vlCierrePesos ,TB_Cajas.vlSaldoFinalRealDolares ,TB_Cajas.vlSaldoFinalRealEuros ,TB_Cajas.vlTotalSaldoFinalReal ,TB_Cajas.vlCierreDolares ,TB_Cajas.vlCierreEuros ,TB_Cajas.dsObservacion ,TB_Cajas.vlDiaReal ,TB_Cajas.flEstado  FROM TB_Cajas  WHERE TB_Cajas.nrCaja = 9000003773  
03/10/2015 16:11:01 | Exec sco_DiccionariodeDatos @nmtabla_param='SP_SumaCajaADM_v2_9'
03/10/2015 16:11:01 | Exec SP_SumaCajaADM_v2_9 @nrCaja_param = 9000003773 ,@tpCaja_param = 'CA' ,@tpCajaImputacion_param = null 
03/10/2015 16:11:01 |  UPDATE TB_Cajas SET TB_Cajas.vlSaldoFinalRealPesos  = 0.00 ,TB_Cajas.vlSaldoFinalRealEuros  = 0.00 ,TB_Cajas.vlSaldoFinalRealDolares  = 0.00 ,TB_Cajas.vlCierrePesos  = 0 ,TB_Cajas.vlCierreDolares  = 0 ,TB_Cajas.vlCierreEuros  = 0   WHERE TB_Cajas.nrCaja = 9000003773  
03/10/2015 16:11:02 |  UPDATE TB_Cajas SET TB_Cajas.nrCaja  = 9000003773 ,TB_Cajas.vlTotalSaldoFinal  = 0.00 ,TB_Cajas.nrPuesto  = 9 ,TB_Cajas.dsUsuario  = 'CAMILAP' ,TB_Cajas.vlSaldoInicialPesos  = 0.00 ,TB_Cajas.dtApertura  = '19/08/2015 11:17:24' ,TB_Cajas.dtCierre  = null ,TB_Cajas.vlDiaDolar  = 9.10 ,TB_Cajas.vlDiaEuro  = 10.00 ,TB_Cajas.vlSaldoInicialEuros  = 0.00 ,TB_Cajas.vlSaldoInicialDolares  = 0.00 ,TB_Cajas.vlSaldoFinalRealPesos  = 0.00 ,TB_Cajas.vlTotalSaldoInicial  = 0.00 ,TB_Cajas.dtObservacion  = '03/10/2015 04:11:02' ,TB_Cajas.vlCierrePesos  = 0 ,TB_Cajas.vlSaldoFinalRealDolares  = 0.00 ,TB_Cajas.vlSaldoFinalRealEuros  = 0.00 ,TB_Cajas.vlTotalSaldoFinalReal  = 0.00 ,TB_Cajas.vlCierreDolares  = 0 ,TB_Cajas.vlCierreEuros  = 0 ,TB_Cajas.dsObservacion  = null ,TB_Cajas.vlDiaReal  = 3.21 ,TB_Cajas.flCajaAdm  = 1   WHERE TB_Cajas.nrCaja = 9000003773  
03/10/2015 16:11:02 | Exec sco_DiccionariodeDatos @nmtabla_param='VW_UltimaCajaAdm'
03/10/2015 16:11:02 |  SELECT VW_UltimaCajaAdm.nrCaja ,VW_UltimaCajaAdm.vlSaldoFinalRealPesos ,VW_UltimaCajaAdm.vlSaldoFinalRealEuros ,VW_UltimaCajaAdm.vlSaldoFinalRealDolares  FROM VW_UltimaCajaAdm 
03/10/2015 16:11:02 |  SELECT TB_Cajas.nrCaja  FROM TB_Cajas  WHERE TB_Cajas.nrCaja = 9000003773  AND  TB_Cajas.flEstado = 0  
03/10/2015 16:11:02 | Exec sco_DiccionariodeDatos @nmtabla_param='sco_cajapuesto_v3_9'
03/10/2015 16:11:02 | Exec sco_cajapuesto_v3_9 @nrCaja_param = 9000003772 
03/10/2015 16:11:02 | Exec sco_cajapuesto_v3_9 @nrCaja_param = 9000003773 
03/10/2015 16:11:02 | Exec sco_DiccionariodeDatos @nmtabla_param='spu_esdifporCotizacionImputadas_v3_9'
03/10/2015 16:11:02 | Exec spu_esdifporCotizacionImputadas_v3_9 @nrCajaAdmActual = 9000003773 
03/10/2015 16:11:02 | Exec sco_validarVencimientosCAI_v4_1
03/10/2015 16:11:03 | Exec sco_DiccionariodeDatos @nmtabla_param='sco_AccesosOpcionesMenu'
03/10/2015 16:11:03 | Exec sco_AccesosOpcionesMenu @p_tpNivelAcceso = 'Administración' ,@p_operaconcaja = 1 
03/10/2015 16:11:03 | Exec sco_AccesosOpcionesMenu @p_tpNivelAcceso = 'Administración' ,@p_operaconcaja = 1 
03/10/2015 16:11:06 | Exec sco_DiccionariodeDatos @nmtabla_param='TB_Recibos'
03/10/2015 16:11:07 | Exec sco_AccesosOpcionesMenu @p_tpNivelAcceso = 'Administración' ,@p_operaconcaja = 1 
03/10/2015 16:11:08 | Inicializando Servicio SGLibrary.ServicePrinter
03/10/2015 16:11:08 | Inicializando Servicio SGLibrary.ServicePrinter OK 
03/10/2015 16:11:08 | Exec sco_DiccionariodeDatos @nmtabla_param='TB_Cupones'
03/10/2015 16:11:11 |  SELECT TB_Cupones.cdCodBar ,TB_Cupones.nrLicencia ,TB_Cupones.nmLicenciatario ,TB_Cupones.cdCliente ,TB_Cupones.nrCupon ,TB_Cupones.tpCupon ,TB_Cupones.vlMontoCupon ,TB_Cupones.vlPagoPesos ,TB_Cupones.vlPagoEuros ,TB_Cupones.vlPagoDolares ,TB_Cupones.vlComision ,TB_Cupones.nrTalonarioCliente ,TB_Cupones.nrComprabanteCliente ,TB_Cupones.flCobradoalCliente ,TB_Cupones.vlafavorAdmin ,TB_Cupones.dtCupon  FROM TB_Cupones  WHERE TB_Cupones.cdCliente = 4013  AND  TB_Cupones.tpCupon = 'Cuenta Corriente' AND TB_Cupones.flEliminar = 0  AND  TB_Cupones.flCobradoalCliente = 0 AND TB_Cupones.flAnulado = 0   Order by TB_Cupones.cdCliente ASC 
03/10/2015 16:11:11 | Exec sco_DiccionariodeDatos @nmtabla_param='TB_Clientes'
03/10/2015 16:11:11 |  SELECT TB_Clientes.cdCliente ,TB_Clientes.dsRazonSocial  FROM TB_Clientes  WHERE TB_Clientes.cdCliente = 4013  
03/10/2015 16:11:16 |  SELECT TB_Clientes.cdCliente ,TB_Clientes.dsRazonSocial ,TB_Clientes.nrDoc ,TB_Clientes.dsEmail ,TB_Clientes.tpIVA  FROM TB_Clientes  WHERE TB_Clientes.cdCliente = 4013  AND  TB_Clientes.flEliminar = 0  
03/10/2015 16:11:16 |  SELECT tb_parametros.dsParametro ,tb_parametros.vlParametro ,tb_parametros.tpParametro ,tb_parametros.flEditable ,tb_parametros.nrTamanio ,tb_parametros.dtActualizacion  FROM tb_parametros  WHERE tb_parametros.dsParametro = 'PUESTO_FACTURACION_CTA_CTE'  
03/10/2015 16:11:16 | Exec dbo.spu_obtener_puntosdeventa_facturacion_v1_0 @nrPuesto_param=4, @tipo_iva = CF,  @auto_impresor = S; 
03/10/2015 16:11:16 | Inicializando Servicio SGLibrary.ServicePrinter
03/10/2015 16:11:16 | Inicializando Servicio SGLibrary.ServicePrinter OK 
03/10/2015 16:11:16 |  SELECT tb_parametros.dsParametro ,tb_parametros.vlParametro ,tb_parametros.tpParametro ,tb_parametros.flEditable ,tb_parametros.nrTamanio ,tb_parametros.dtActualizacion  FROM tb_parametros  WHERE tb_parametros.dsParametro = 'PUESTO_FACTURACION_CTA_CTE'  
03/10/2015 16:11:16 | Exec sco_DiccionariodeDatos @nmtabla_param='TB_Comprobantes'
03/10/2015 16:11:53 |  SELECT TB_Cupones.cdCodBar ,TB_Cupones.nrLicencia ,TB_Cupones.nmLicenciatario ,TB_Cupones.cdCliente ,TB_Cupones.nrCupon ,TB_Cupones.tpCupon ,TB_Cupones.vlMontoCupon ,TB_Cupones.vlPagoPesos ,TB_Cupones.vlPagoEuros ,TB_Cupones.vlPagoDolares ,TB_Cupones.vlComision ,TB_Cupones.nrTalonarioCliente ,TB_Cupones.nrComprabanteCliente ,TB_Cupones.flCobradoalCliente ,TB_Cupones.vlafavorAdmin ,TB_Cupones.dtCupon  FROM TB_Cupones  WHERE TB_Cupones.cdCliente = 4013  AND  TB_Cupones.tpCupon = 'Cuenta Corriente' AND TB_Cupones.flEliminar = 0  AND  TB_Cupones.flCobradoalCliente = 0 AND TB_Cupones.flAnulado = 0   Order by TB_Cupones.cdCliente ASC 
03/10/2015 16:11:53 |  SELECT TB_Clientes.cdCliente ,TB_Clientes.dsRazonSocial  FROM TB_Clientes  WHERE TB_Clientes.cdCliente = 4013  
03/10/2015 16:11:55 | Exec sco_AccesosOpcionesMenu @p_tpNivelAcceso = 'Administración' ,@p_operaconcaja = 1 
03/10/2015 16:12:15 |  SELECT TB_Clientes.cdCliente ,TB_Clientes.dsRazonSocial ,TB_Clientes.nmApellido ,TB_Clientes.nmNombre ,TB_Clientes.nrDoc ,TB_Clientes.flBloqueado ,TB_Clientes.nrDoc ,TB_Clientes.dsDomicilio ,TB_Clientes.nmLocalidad  FROM TB_Clientes  WHERE TB_Clientes.flEliminar = 0  AND  TB_Clientes.flBloqueado = 0  
03/10/2015 16:12:15 |  SELECT TB_Clientes.cdCliente ,TB_Clientes.dsRazonSocial ,TB_Clientes.nmApellido ,TB_Clientes.nmNombre ,TB_Clientes.nrDoc ,TB_Clientes.flBloqueado ,TB_Clientes.nrDoc ,TB_Clientes.dsDomicilio ,TB_Clientes.nmLocalidad  FROM TB_Clientes  WHERE TB_Clientes.flEliminar = 0  AND  TB_Clientes.flBloqueado = 1  
03/10/2015 16:12:19 |  SELECT TB_Clientes.cdCliente ,TB_Clientes.dsRazonSocial ,TB_Clientes.nmApellido ,TB_Clientes.nmNombre ,TB_Clientes.nrDoc ,TB_Clientes.flBloqueado ,TB_Clientes.nrDoc ,TB_Clientes.dsDomicilio ,TB_Clientes.nmLocalidad  FROM TB_Clientes  WHERE TB_Clientes.flEliminar = 0  AND   cdCliente Like ('%4013%') AND TB_Clientes.flBloqueado = 0   Order by TB_Clientes.cdCliente ASC 
03/10/2015 16:12:19 |  SELECT TB_Clientes.cdCliente ,TB_Clientes.dsRazonSocial ,TB_Clientes.nmApellido ,TB_Clientes.nmNombre ,TB_Clientes.nrDoc ,TB_Clientes.flBloqueado ,TB_Clientes.nrDoc ,TB_Clientes.dsDomicilio ,TB_Clientes.nmLocalidad  FROM TB_Clientes  WHERE TB_Clientes.flEliminar = 0  AND   cdCliente Like ('%4013%') AND TB_Clientes.flBloqueado = 1   Order by TB_Clientes.cdCliente ASC 
03/10/2015 16:12:20 |  SELECT TB_Clientes.dsRazonSocial ,TB_Clientes.cdCliente ,TB_Clientes.nmApellido ,TB_Clientes.nmNombre ,TB_Clientes.tpCliente ,TB_Clientes.vlTopeCredito ,TB_Clientes.nrFax ,TB_Clientes.nrTel ,TB_Clientes.vlOrdenanza3337 ,TB_Clientes.dsEmail ,TB_Clientes.dsCargo ,TB_Clientes.nmLocalidad ,TB_Clientes.cdPostal ,TB_Clientes.dsDomicilio ,TB_Clientes.vlSaldo ,TB_Clientes.tpEstado ,TB_Clientes.flBloqueado ,TB_Clientes.tpIIBB ,TB_Clientes.nrIIBB ,TB_Clientes.tpIVA ,TB_Clientes.tpDoc ,TB_Clientes.nrDoc ,TB_Clientes.tpFormadePago ,TB_Clientes.dtAlta ,TB_Clientes.dtBaja ,TB_Clientes.dtFinOrdenanza  FROM TB_Clientes  WHERE TB_Clientes.cdCliente = 4013  AND  TB_Clientes.flEliminar = 0  
03/10/2015 16:12:27 | SET DATEFORMAT dmy
03/10/2015 16:12:27 | select getdate() AS FECHA
03/10/2015 16:12:27 |  UPDATE TB_Clientes SET TB_Clientes.dsRazonSocial  = 'SILVINA SZPERLING' ,TB_Clientes.cdCliente  = 4013 ,TB_Clientes.nmApellido  = 'SZPERLING' ,TB_Clientes.nmNombre  = 'SILVINA' ,TB_Clientes.tpCliente  = 'Empresa' ,TB_Clientes.vlTopeCredito  = 0.00 ,TB_Clientes.nrFax  = null ,TB_Clientes.nrTel  = null ,TB_Clientes.vlOrdenanza3337  = 0.00 ,TB_Clientes.dsEmail  = null ,TB_Clientes.dsCargo  = null ,TB_Clientes.nmLocalidad  = null ,TB_Clientes.cdPostal  = null ,TB_Clientes.dsDomicilio  = 'TRIUNVIRATO  4050' ,TB_Clientes.vlSaldo  = 0.00 ,TB_Clientes.tpEstado  = null ,TB_Clientes.flBloqueado  = 0 ,TB_Clientes.tpIIBB  = null ,TB_Clientes.nrIIBB  = null ,TB_Clientes.tpIVA  = 'RI' ,TB_Clientes.tpDoc  = 'CUIT' ,TB_Clientes.nrDoc  = '27-14012559-3' ,TB_Clientes.tpFormadePago  = 'Cuenta Corriente' ,TB_Clientes.dtAlta  = null ,TB_Clientes.dtBaja  = null ,TB_Clientes.dtFinOrdenanza  = null ,TB_Clientes.dtActualizacion  = '03/10/2015 04:12:27'   WHERE TB_Clientes.cdCliente = 4013  
03/10/2015 16:12:29 | Exec sco_AccesosOpcionesMenu @p_tpNivelAcceso = 'Administración' ,@p_operaconcaja = 1 
03/10/2015 16:12:31 | Inicializando Servicio SGLibrary.ServicePrinter
03/10/2015 16:12:31 | Inicializando Servicio SGLibrary.ServicePrinter OK 
03/10/2015 16:12:36 |  SELECT TB_Cupones.cdCodBar ,TB_Cupones.nrLicencia ,TB_Cupones.nmLicenciatario ,TB_Cupones.cdCliente ,TB_Cupones.nrCupon ,TB_Cupones.tpCupon ,TB_Cupones.vlMontoCupon ,TB_Cupones.vlPagoPesos ,TB_Cupones.vlPagoEuros ,TB_Cupones.vlPagoDolares ,TB_Cupones.vlComision ,TB_Cupones.nrTalonarioCliente ,TB_Cupones.nrComprabanteCliente ,TB_Cupones.flCobradoalCliente ,TB_Cupones.vlafavorAdmin ,TB_Cupones.dtCupon  FROM TB_Cupones  WHERE TB_Cupones.cdCliente = 40134  AND  TB_Cupones.tpCupon = 'Cuenta Corriente' AND TB_Cupones.flEliminar = 0  AND  TB_Cupones.flCobradoalCliente = 0 AND TB_Cupones.flAnulado = 0   Order by TB_Cupones.cdCliente ASC 
03/10/2015 16:12:39 |  SELECT TB_Cupones.cdCodBar ,TB_Cupones.nrLicencia ,TB_Cupones.nmLicenciatario ,TB_Cupones.cdCliente ,TB_Cupones.nrCupon ,TB_Cupones.tpCupon ,TB_Cupones.vlMontoCupon ,TB_Cupones.vlPagoPesos ,TB_Cupones.vlPagoEuros ,TB_Cupones.vlPagoDolares ,TB_Cupones.vlComision ,TB_Cupones.nrTalonarioCliente ,TB_Cupones.nrComprabanteCliente ,TB_Cupones.flCobradoalCliente ,TB_Cupones.vlafavorAdmin ,TB_Cupones.dtCupon  FROM TB_Cupones  WHERE TB_Cupones.cdCliente = 4013  AND  TB_Cupones.tpCupon = 'Cuenta Corriente' AND TB_Cupones.flEliminar = 0  AND  TB_Cupones.flCobradoalCliente = 0 AND TB_Cupones.flAnulado = 0   Order by TB_Cupones.cdCliente ASC 
03/10/2015 16:12:39 |  SELECT TB_Clientes.cdCliente ,TB_Clientes.dsRazonSocial  FROM TB_Clientes  WHERE TB_Clientes.cdCliente = 4013  
03/10/2015 16:12:42 |  SELECT TB_Clientes.cdCliente ,TB_Clientes.dsRazonSocial ,TB_Clientes.nrDoc ,TB_Clientes.dsEmail ,TB_Clientes.tpIVA  FROM TB_Clientes  WHERE TB_Clientes.cdCliente = 4013  AND  TB_Clientes.flEliminar = 0  
03/10/2015 16:12:42 |  SELECT tb_parametros.dsParametro ,tb_parametros.vlParametro ,tb_parametros.tpParametro ,tb_parametros.flEditable ,tb_parametros.nrTamanio ,tb_parametros.dtActualizacion  FROM tb_parametros  WHERE tb_parametros.dsParametro = 'PUESTO_FACTURACION_CTA_CTE'  
03/10/2015 16:12:42 | Exec dbo.spu_obtener_puntosdeventa_facturacion_v1_0 @nrPuesto_param=4, @tipo_iva = RI,  @auto_impresor = S; 
03/10/2015 16:12:42 | Inicializando Servicio SGLibrary.ServicePrinter
03/10/2015 16:12:42 | Inicializando Servicio SGLibrary.ServicePrinter OK 
03/10/2015 16:12:42 |  SELECT tb_parametros.dsParametro ,tb_parametros.vlParametro ,tb_parametros.tpParametro ,tb_parametros.flEditable ,tb_parametros.nrTamanio ,tb_parametros.dtActualizacion  FROM tb_parametros  WHERE tb_parametros.dsParametro = 'PUESTO_FACTURACION_CTA_CTE'  
03/10/2015 16:12:48 |  SELECT TB_Cupones.cdCodBar ,TB_Cupones.nrLicencia ,TB_Cupones.nmLicenciatario ,TB_Cupones.cdCliente ,TB_Cupones.nrCupon ,TB_Cupones.tpCupon ,TB_Cupones.vlMontoCupon ,TB_Cupones.vlPagoPesos ,TB_Cupones.vlPagoEuros ,TB_Cupones.vlPagoDolares ,TB_Cupones.vlComision ,TB_Cupones.nrTalonarioCliente ,TB_Cupones.nrComprabanteCliente ,TB_Cupones.flCobradoalCliente ,TB_Cupones.vlafavorAdmin ,TB_Cupones.dtCupon  FROM TB_Cupones  WHERE TB_Cupones.cdCliente = 4013  AND  TB_Cupones.tpCupon = 'Cuenta Corriente' AND TB_Cupones.flEliminar = 0  AND  TB_Cupones.flCobradoalCliente = 0 AND TB_Cupones.flAnulado = 0   Order by TB_Cupones.cdCliente ASC 
03/10/2015 16:12:48 |  SELECT TB_Clientes.cdCliente ,TB_Clientes.dsRazonSocial  FROM TB_Clientes  WHERE TB_Clientes.cdCliente = 4013  
03/10/2015 16:12:51 |  SELECT TB_Clientes.cdCliente ,TB_Clientes.dsRazonSocial ,TB_Clientes.nrDoc ,TB_Clientes.dsEmail ,TB_Clientes.tpIVA  FROM TB_Clientes  WHERE TB_Clientes.cdCliente = 4013  AND  TB_Clientes.flEliminar = 0  
03/10/2015 16:12:51 |  SELECT tb_parametros.dsParametro ,tb_parametros.vlParametro ,tb_parametros.tpParametro ,tb_parametros.flEditable ,tb_parametros.nrTamanio ,tb_parametros.dtActualizacion  FROM tb_parametros  WHERE tb_parametros.dsParametro = 'PUESTO_FACTURACION_CTA_CTE'  
03/10/2015 16:12:51 | Exec dbo.spu_obtener_puntosdeventa_facturacion_v1_0 @nrPuesto_param=4, @tipo_iva = RI,  @auto_impresor = S; 
03/10/2015 16:12:51 | Inicializando Servicio SGLibrary.ServicePrinter
03/10/2015 16:12:51 | Inicializando Servicio SGLibrary.ServicePrinter OK 
03/10/2015 16:12:51 |  SELECT tb_parametros.dsParametro ,tb_parametros.vlParametro ,tb_parametros.tpParametro ,tb_parametros.flEditable ,tb_parametros.nrTamanio ,tb_parametros.dtActualizacion  FROM tb_parametros  WHERE tb_parametros.dsParametro = 'PUESTO_FACTURACION_CTA_CTE'  
03/10/2015 16:13:06 | Exec  SP_ObtenerMaxNroComprobanteporTalonario @nrTalonario='0008',@tpLetra='A',@tpComprobante='A'
03/10/2015 16:13:06 |  INSERT TB_Comprobantes (nrComprobante ,nrTalonario ,nrDoc ,cdCliente ,dsRazonSocial ,vlTotalGeneral ,dsLeyenda ,nmEmpleado ,nrPuesto ,nrCaja ,nrLicencia ,nmLicenciatario ,dtComprobante ,dsEmail ,cdCondVenta ,tpComprobante ,tpComision ,tpIVA ,dsOpcional3 ,cdCodBar ,dtCaja ,dtInsercion ,dsOpcional1 ,IdReciboCtaCte ,nrCAI ,dtVencimiento ,vlPagoPesos ,vlDiaDolar ,vlDiaEuro ,dsOpcional2 ,tpLetra ,dsUsuario )  VALUES ('00000001' ,'0008' ,'27-14012559-3' ,4013 ,'SILVINA SZPERLING' ,540.00 ,null ,'CAMILA PASQUALI' ,9 ,9000003773 ,999 ,'Coop. Taxi Ezeiza' ,'03/10/2015' ,null ,'Contado' ,'A' ,'A Clientes' ,'RI' ,'30708249919010008' ,'000800000001999' ,'03/10/2015 04:13:06' ,'03/10/2015 04:13:06' ,'16:13' ,1 ,null ,null ,540.00 ,9.10 ,10.00 ,'Viajes según recibo Nro. 1' ,'A' ,'CAMILAP' )
03/10/2015 16:13:06 | Exec sco_DiccionariodeDatos @nmtabla_param='DiccionariodeDatos'
03/10/2015 16:13:06 |  UPDATE DiccionariodeDatos SET DiccionariodeDatos.vlPuesto4  = '4630'   WHERE DiccionariodeDatos.nmTabla = 'TB_Comprobantes'  AND  DiccionariodeDatos.nmCampo = 'nrComprobante'  
03/10/2015 16:13:06 | Exec sco_DiccionariodeDatos @nmtabla_param='TB_ComprobantesDetalle'
03/10/2015 16:13:06 |  INSERT TB_ComprobantesDetalle (nrTalonario ,nrComprobante ,tpComprobante ,tpLetra ,nrItem ,cdProducto ,dsProducto ,tpOperacion ,vlPorcentaje ,vlPrecioPeaje ,vlPrecioViaje ,dtInsercion ,nrCaja ,nrPuesto )  VALUES ('0008' ,'00000001' ,'A' ,'A' ,1 ,999 ,'Viajes según recibo Nro. 1' ,null ,null ,null ,540.00 ,'03/10/2015' ,9000003773 ,9 )
03/10/2015 16:13:06 | Exec sco_DiccionariodeDatos @nmtabla_param='SP_ObtenerMaxnrCupon_v1_3'
03/10/2015 16:13:06 | Exec SP_ObtenerMaxnrCupon_v1_3 @nrPuesto = 9 
03/10/2015 16:13:06 |  INSERT TB_Cupones (nrTalonarioCliente ,nrComprabanteCliente ,tpComprobanteCliente ,tpLetraCliente ,cdCliente ,nrPuesto ,nrLicencia ,nmLicenciatario ,vlMontoCupon ,vlPagoPesos ,vlPagoDolares ,vlPagoEuros ,nrCantidadBultos ,tpCupon ,flCobradoalCliente ,dtCobradoalCliente ,flCompensado ,vlafavorAdmin ,vlComision ,dtCajaCliente ,nrCajaCliente ,dtCupon ,dsUsuario ,nrPasajeros ,cdCodBar ,dsDestino ,dsHoraViaje ,nrCupon )  VALUES ('0008' ,'00000001' ,'A' ,'A' ,4013 ,4 ,999 ,'Coop. Taxi Ezeiza' ,540.00 ,540.00 ,0 ,0 ,0 ,'Contado' ,1 ,'03/10/2015 04:13:06' ,0 ,0 ,0 ,'03/10/2015 04:13:06' ,9000003773 ,'03/10/2015 04:13:06' ,'CAMILAP' ,0 ,'000800000001999' ,'Viajes según recibo Nro. 1' ,'16:13' ,3 )
03/10/2015 16:13:06 |  UPDATE DiccionariodeDatos SET DiccionariodeDatos.vlPuesto4  = '3'   WHERE DiccionariodeDatos.nmTabla = 'TB_Cupones'  AND  DiccionariodeDatos.nmCampo = 'nrCupon'  
03/10/2015 16:13:06 | Exec sco_DiccionariodeDatos @nmtabla_param='TB_Puestos'
03/10/2015 16:13:06 | SET DATEFORMAT dmy
03/10/2015 16:13:06 | select getdate() AS FECHA
03/10/2015 16:13:06 |  UPDATE TB_Puestos SET TB_Puestos.nrComprobante_auto_empresa_ult  = 1 ,TB_Puestos.dtActualizacion  = '03/10/2015 04:13:07'   WHERE TB_Puestos.nrPuesto = 4  
03/10/2015 16:17:04 |  INSERT TB_Recibos (IdRecibo ,vlAcumDolares ,vlSaldoPesos ,vlSaldoEuros ,vlAcumPesos ,vlAcumEuros ,vlAcumComision ,vlSaldoDolares ,dtRecibo ,tpRecibo ,cdCliente ,dsRazonSocial ,nrCaja )  VALUES (1 ,0 ,540.00 ,0 ,540.00 ,0 ,0 ,0 ,'03/10/2015 04:17:04' ,'Detalle de Cobro a Cta. Cte.' ,'4013' ,'SILVINA SZPERLING' ,9000003773 )
03/10/2015 16:17:04 |  UPDATE DiccionariodeDatos SET DiccionariodeDatos.vlPuesto9  = '1000276229'   WHERE DiccionariodeDatos.nmTabla = 'TB_Recibos'  AND  DiccionariodeDatos.nmCampo = 'IdRecibo'  
03/10/2015 16:17:04 | SET DATEFORMAT dmy
03/10/2015 16:17:04 | select getdate() AS FECHA
03/10/2015 16:17:04 |  UPDATE TB_Cupones SET TB_Cupones.flCobradoalCliente  = 1 ,TB_Cupones.dtCobradoalCliente  = '03/10/2015 04:17:04' ,TB_Cupones.nrCajaCtaCte  = 9000003773 ,TB_Cupones.dtCajaCtaCte  = '03/10/2015 04:17:04' ,TB_Cupones.IdReciboCtaCte  = 1 ,TB_Cupones.dsUsuario  = 'CAMILAP'   WHERE TB_Cupones.nrCupon = 2  
03/10/2015 16:18:04 |  SELECT TB_Cupones.cdCodBar ,TB_Cupones.nrLicencia ,TB_Cupones.nmLicenciatario ,TB_Cupones.cdCliente ,TB_Cupones.nrCupon ,TB_Cupones.tpCupon ,TB_Cupones.vlMontoCupon ,TB_Cupones.vlPagoPesos ,TB_Cupones.vlPagoEuros ,TB_Cupones.vlPagoDolares ,TB_Cupones.vlComision ,TB_Cupones.nrTalonarioCliente ,TB_Cupones.nrComprabanteCliente ,TB_Cupones.flCobradoalCliente ,TB_Cupones.vlafavorAdmin ,TB_Cupones.dtCupon  FROM TB_Cupones  WHERE TB_Cupones.cdCliente = 4013  AND  TB_Cupones.tpCupon = 'Cuenta Corriente' AND TB_Cupones.flEliminar = 0  AND  TB_Cupones.flCobradoalCliente = 0 AND TB_Cupones.flAnulado = 0   Order by TB_Cupones.cdCliente ASC 
03/10/2015 16:18:04 |  SELECT TB_Clientes.cdCliente ,TB_Clientes.dsRazonSocial  FROM TB_Clientes  WHERE TB_Clientes.cdCliente = 4013  
03/10/2015 16:18:10 | Exec sco_AccesosOpcionesMenu @p_tpNivelAcceso = 'Administración' ,@p_operaconcaja = 1 
