09/06/2016 22:55:14 | Exec  sco_TB_Productos_v4_1 
09/06/2016 22:55:15 | Exec sco_DiccionariodeDatos @nmtabla_param='TB_Usuarios'
09/06/2016 22:55:17 |  SELECT TB_Usuarios.dsUsuario ,TB_Usuarios.dspassword ,TB_Usuarios.tpAcceso ,TB_Usuarios.nmNombre ,TB_Usuarios.nmApellido ,TB_Usuarios.flBloqueado ,TB_Usuarios.tpNivelJerarquico  FROM TB_Usuarios  WHERE TB_Usuarios.dsUsuario = 'BFAZZALARI'  AND  TB_Usuarios.flEliminar = 0  
09/06/2016 22:55:17 |  SELECT TB_Usuarios.dsUsuario ,TB_Usuarios.dspassword ,TB_Usuarios.tpAcceso ,TB_Usuarios.nmNombre ,TB_Usuarios.nmApellido ,TB_Usuarios.flBloqueado ,TB_Usuarios.tpNivelJerarquico  FROM TB_Usuarios  WHERE TB_Usuarios.dsUsuario = 'BFAZZALARI'  AND  TB_Usuarios.flEliminar = 0  
09/06/2016 22:55:17 | Exec sco_DiccionariodeDatos @nmtabla_param='sp_obtenerCajasPendientesdeAprobacion_v2_5'
09/06/2016 22:55:17 | Exec sp_obtenerCajasPendientesdeAprobacion_v2_5 @pdsUsuario_param = 'BFAZZALARI' 
09/06/2016 22:55:19 | Exec sp_obtenerCajasRechazadas_v2_9 
09/06/2016 22:55:19 | Exec sco_DiccionariodeDatos @nmtabla_param='TB_Parametros'
09/06/2016 22:55:19 |  SELECT TB_Parametros.vlParametro  FROM TB_Parametros  WHERE TB_Parametros.dsParametro = 'VALOR EURO'  
09/06/2016 22:55:19 |  SELECT TB_Parametros.vlParametro  FROM TB_Parametros  WHERE TB_Parametros.dsParametro = 'VALOR DOLAR'  
09/06/2016 22:55:19 | Exec SP_ValorPromoRetorno
09/06/2016 22:55:19 | Exec sco_DiccionariodeDatos @nmtabla_param='TB_Comisiones'
09/06/2016 22:55:19 |  SELECT TB_Comisiones.vlMontoMinimo  FROM TB_Comisiones  WHERE TB_Comisiones.tpComision = 'Retorno'  AND  TB_Comisiones.flEliminar = 0  
09/06/2016 22:55:19 |  SELECT TB_Parametros.vlParametro  FROM TB_Parametros  WHERE TB_Parametros.dsParametro = 'VALOR REAL'  
09/06/2016 22:55:19 | Exec sco_DiccionariodeDatos @nmtabla_param='TB_Cajas'
09/06/2016 22:55:19 |  SELECT TB_Cajas.nrCaja  FROM TB_Cajas  WHERE TB_Cajas.dsUsuario = 'BFAZZALARI'  and  TB_Cajas.flEstado = 0  and  TB_Cajas.tpEstadoAprobacion IS NULL  and  TB_Cajas.nrcaja > 0  
09/06/2016 22:55:21 | Exec sco_DiccionariodeDatos @nmtabla_param='sco_FondoFijoCajaAnterior_v3_7'
09/06/2016 22:55:21 | Exec sco_FondoFijoCajaAnterior_v3_7 @nrPuesto = 1 
09/06/2016 22:55:26 | Exec sco_DiccionariodeDatos @nmtabla_param='SP_ObtenerMaxnrCaja_v2_8'
09/06/2016 22:55:26 | Exec SP_ObtenerMaxnrCaja_v2_8 @nrPuesto = 1 
09/06/2016 22:55:26 |  INSERT TB_Cajas (nrCaja ,vlFondoFijoEuros ,nrPuesto ,dsUsuario ,vlFondoFijoReales ,dtApertura ,dtCierre ,vlDiaDolar ,vlDiaEuro ,vlSaldoInicialPesos ,vlSaldoInicialReales ,vlSaldoInicialEuros ,vlFondoFijoPesos ,dsDiferenciaDeCierre ,vlDiaReal ,vlFondoFijoDolares ,vlSaldoInicialDolares ,vlSaldoFinalDolares ,vlCierreDolares ,vlSaldoFinalRealDolares ,vlDiferenciaDeCierre ,dtObservacion ,dsObservacion ,vlSaldoFinalPesos ,vlSaldoFinalReales ,vlSaldoFinalEuros ,vlTotalSaldoFinal ,vlSaldoFinalRealPesos ,vlSaldoFinalRealReales ,vlSaldoFinalRealEuros ,vlTotalSaldoFinalReal ,vlCierrePesos ,vlCierreReales ,vlCierreEuros ,vlTotalSaldoCierre ,flSincronizado ,hrApertura )  VALUES (1000010105 ,null ,1 ,'BFAZZALARI' ,null ,'09/06/2016 10:55:21' ,null ,9.10 ,10 ,1000.00 ,0.00 ,50.00 ,null ,null ,3.21 ,null ,100.00 ,100.00 ,-100.00 ,null ,0.00 ,null ,null ,1000.00 ,0.00 ,50.00 ,0.00 ,null ,null ,null ,0.00 ,-1000.00 ,0.00 ,-50.00 ,0 ,0 ,'22:55' )
09/06/2016 22:55:26 | Exec sco_DiccionariodeDatos @nmtabla_param='DiccionariodeDatos'
09/06/2016 22:55:26 |  UPDATE DiccionariodeDatos SET DiccionariodeDatos.vlPuesto1  = '1000010105'   WHERE DiccionariodeDatos.nmTabla = 'TB_Cajas'  AND  DiccionariodeDatos.nmCampo = 'nrCaja'  
09/06/2016 22:55:28 | Exec sco_DiccionariodeDatos @nmtabla_param='sco_AccesosOpcionesMenu'
09/06/2016 22:55:28 | Exec sco_AccesosOpcionesMenu @p_tpNivelAcceso = 'Puestos' ,@p_operaconcaja = 1 
09/06/2016 22:55:28 | Exec sco_AccesosOpcionesMenu @p_tpNivelAcceso = 'Puestos' ,@p_operaconcaja = 1 
09/06/2016 22:55:31 | Exec sco_DiccionariodeDatos @nmtabla_param='sco_cajapuesto_v3_9'
09/06/2016 22:55:31 | Exec sco_cajapuesto_v3_9 @nrCaja_param = 1000010105 
09/06/2016 22:55:31 | Exec sco_DiccionariodeDatos @nmtabla_param='TB_Comprobantes'
09/06/2016 22:55:31 | Exec sco_DiccionariodeDatos @nmtabla_param='sp_obtenerComision_v4_7'
09/06/2016 22:55:31 | Exec sp_obtenerComision_v4_7 @tpComprobante_param = null ,@vlTotalGeneral_param = 0 ,@tpComision_param = null ,@tpCliente_param = null ,@dsCodigoDestinos_param = null 
09/06/2016 22:55:31 | Exec sp_obtenerComision_v4_7 @tpComprobante_param = null ,@vlTotalGeneral_param = 0 ,@tpComision_param = 'A Clientes' ,@tpCliente_param = 'A Clientes' ,@dsCodigoDestinos_param = null 
09/06/2016 22:55:31 | Exec sco_DiccionariodeDatos @nmtabla_param='spu_obtener_puntosdeventa_facturacion_v4_7'
09/06/2016 22:55:31 | Exec spu_obtener_puntosdeventa_facturacion_v4_7 @nrPuesto_param = 1 ,@tipo_iva = 'CF' ,@auto_impresor = 'S' ,@tpFormadePago = null ,@tpComprobante = 'FA' 
09/06/2016 22:55:31 | Exec sp_obtenerComision_v4_7 @tpComprobante_param = 'FA' ,@vlTotalGeneral_param = 0 ,@tpComision_param = 'A Clientes' ,@tpCliente_param = 'A Clientes' ,@dsCodigoDestinos_param = null 
09/06/2016 22:55:31 | Exec spu_obtener_puntosdeventa_facturacion_v4_7 @nrPuesto_param = 1 ,@tipo_iva = 'CF' ,@auto_impresor = 'S' ,@tpFormadePago = null ,@tpComprobante = 'FA' 
09/06/2016 22:55:31 | Exec spu_obtener_puntosdeventa_facturacion_v4_7 @nrPuesto_param = 1 ,@tipo_iva = 'CF' ,@auto_impresor = 'S' ,@tpFormadePago = null ,@tpComprobante = 'FA' 
09/06/2016 22:55:31 | Exec sp_obtenerComision_v4_7 @tpComprobante_param = 'FA' ,@vlTotalGeneral_param = 0 ,@tpComision_param = 'A Clientes' ,@tpCliente_param = 'A Clientes' ,@dsCodigoDestinos_param = null 
09/06/2016 22:55:31 | Exec sp_obtenerComision_v4_7 @tpComprobante_param = 'FA' ,@vlTotalGeneral_param = 0 ,@tpComision_param = 'A Clientes' ,@tpCliente_param = 'A Clientes' ,@dsCodigoDestinos_param = null 
09/06/2016 22:55:31 | Exec sp_obtenerComision_v4_7 @tpComprobante_param = 'FA' ,@vlTotalGeneral_param = 0 ,@tpComision_param = 'A Clientes' ,@tpCliente_param = 'A Clientes' ,@dsCodigoDestinos_param = null 
09/06/2016 22:55:31 | Exec sco_DiccionariodeDatos @nmtabla_param='TB_Productos'
09/06/2016 22:55:34 | Exec sp_obtenerComision_v4_7 @tpComprobante_param = 'FA' ,@vlTotalGeneral_param = 0 ,@tpComision_param = 'A Clientes' ,@tpCliente_param = 'A Clientes' ,@dsCodigoDestinos_param = null 
09/06/2016 22:55:34 | Exec sp_obtenerComision_v4_7 @tpComprobante_param = 'FA' ,@vlTotalGeneral_param = 0 ,@tpComision_param = 'A Clientes' ,@tpCliente_param = 'A Clientes' ,@dsCodigoDestinos_param = null 
09/06/2016 22:55:38 | Exec sp_obtenerComision_v4_7 @tpComprobante_param = 'FA' ,@vlTotalGeneral_param = 0 ,@tpComision_param = 'A Clientes' ,@tpCliente_param = 'A Clientes' ,@dsCodigoDestinos_param = '''Viaje'',null,450' 
09/06/2016 22:55:38 | Exec sp_obtenerComision_v4_7 @tpComprobante_param = 'FA' ,@vlTotalGeneral_param = 0 ,@tpComision_param = 'A Clientes' ,@tpCliente_param = 'A Clientes' ,@dsCodigoDestinos_param = '''Viaje'',null,450' 
09/06/2016 22:55:38 | Exec sco_DiccionariodeDatos @nmtabla_param='SP_Supera_KM_IVA_segunMonto_2_0'
09/06/2016 22:55:38 | Exec SP_Supera_KM_IVA_segunMonto_2_0 @tpCategoriaIVA_param = 'CF' ,@vlKilometros_param = 0 ,@vlMonto_param = 450 
09/06/2016 22:55:38 | Exec sp_obtenerComision_v4_7 @tpComprobante_param = 'FA' ,@vlTotalGeneral_param = 450 ,@tpComision_param = 'A Clientes' ,@tpCliente_param = 'A Clientes' ,@dsCodigoDestinos_param = '''Viaje'',null,450' 
09/06/2016 22:55:38 | Exec sp_obtenerComision_v4_7 @tpComprobante_param = 'FA' ,@vlTotalGeneral_param = 450 ,@tpComision_param = 'A Clientes' ,@tpCliente_param = 'A Clientes' ,@dsCodigoDestinos_param = '''Viaje'',null,450' 
09/06/2016 22:55:38 | Exec sp_obtenerComision_v4_7 @tpComprobante_param = 'FA' ,@vlTotalGeneral_param = 450 ,@tpComision_param = 'A Clientes' ,@tpCliente_param = 'A Clientes' ,@dsCodigoDestinos_param = '''Viaje'',null,450' 
09/06/2016 22:55:40 | Exec sco_DiccionariodeDatos @nmtabla_param='TB_Proveedores'
09/06/2016 22:55:40 |  SELECT TB_Proveedores.nmNombre ,TB_Proveedores.nmApellido  FROM TB_Proveedores  WHERE TB_Proveedores.tpCategoria = 'Licenciatario'  AND  TB_Proveedores.nrLicencia = 124  AND  TB_Proveedores.flEliminar = 0  
09/06/2016 22:55:41 |  SELECT tb_parametros.dsParametro ,tb_parametros.vlParametro ,tb_parametros.tpParametro ,tb_parametros.flEditable ,tb_parametros.nrTamanio ,tb_parametros.dtActualizacion  FROM tb_parametros  WHERE tb_parametros.dsParametro = 'CALCULA_IVA_LIC_990'  
09/06/2016 22:55:43 | Exec sp_obtenerComision_v4_7 @tpComprobante_param = 'FA' ,@vlTotalGeneral_param = 450 ,@tpComision_param = 'A Clientes' ,@tpCliente_param = 'A Clientes' ,@dsCodigoDestinos_param = '''Viaje'',null,450' 
09/06/2016 22:55:43 |  SELECT tb_parametros.dsParametro ,tb_parametros.vlParametro ,tb_parametros.tpParametro ,tb_parametros.flEditable ,tb_parametros.nrTamanio ,tb_parametros.dtActualizacion  FROM tb_parametros  WHERE tb_parametros.dsParametro = 'MONTO_EXIGE_CUIT_CUIL'  
09/06/2016 22:55:43 |  SELECT TB_Cajas.nrCaja  FROM TB_Cajas  WHERE TB_Cajas.nrCaja = 1000010105  AND  TB_Cajas.flEstado = 0  
09/06/2016 22:55:54 | Exec sco_DiccionariodeDatos @nmtabla_param='sp_eliminarFisicamenteunComprobanteEliminadoLogicamente_v2_5'
09/06/2016 22:55:54 | Exec sp_eliminarFisicamenteunComprobanteEliminadoLogicamente_v2_5 @nrTalonario_param = '0006' ,@nrComprobante_param = '00633540' ,@tpComprobante_param = 'FA' ,@tpLetra_param = 'B' 
09/06/2016 22:55:54 | Exec spu_obtener_puntosdeventa_facturacion_v4_7 @nrPuesto_param = 1 ,@tipo_iva = 'CF' ,@auto_impresor = 'S' ,@tpFormadePago = null ,@tpComprobante = 'FA' 
09/06/2016 22:55:54 |  INSERT TB_Comprobantes (nrComprobante ,nrTalonario ,vlPagoReales ,nrDoc ,tpLetra ,cdCliente ,dsRazonSocial ,vlTotalGeneral ,dsLeyenda ,vlPagoEuros ,nmEmpleado ,nrPuesto ,nrCaja ,nrLicencia ,nrBultos ,nrPasajeros ,tpComprobante ,vlPagoDolares ,vlPagoPesos ,nmLicenciatario ,dtComprobante ,dsEmail ,vlSubtotal ,vlIVA ,cdCondVenta ,tpComision ,tpIVA ,dsOpcional3 ,cdCodBar ,dtCaja ,dtInsercion ,dsOpcional1 ,nrCAI ,dtVencimiento ,vlDiaDolar ,vlDiaEuro ,vlDiaReal ,dsOpcional2 ,dsUsuario ,flSincronizado ,flManual )  VALUES ('00633540' ,'0006' ,0.00 ,null ,'B' ,1 ,'Consumidor Final' ,450.00 ,null ,0.00 ,'BARBARA FAZZALARI' ,1 ,1000010105 ,124 ,null ,null ,'FA' ,0.00 ,450.00 ,'GILIBERTI PASCUAL' ,'09/06/2016' ,null ,450.00 ,0.00 ,'Contado' ,'A Clientes' ,'CF' ,'307082499190100063506310668186314012017' ,'000600633540124' ,'09/06/2016 10:55:54' ,'09/06/2016 10:55:54' ,'22:55' ,'35063106681863' ,'14/01/2017' ,9.1 ,10 ,3.21 ,'CENTRO - CAPITAL FEDERAL CON PEAJES  (1 DESTINO) ' ,'BFAZZALARI' ,0 ,'N' )
09/06/2016 22:55:54 |  UPDATE DiccionariodeDatos SET DiccionariodeDatos.vlPuesto1  = '633540'   WHERE DiccionariodeDatos.nmTabla = 'TB_Comprobantes'  AND  DiccionariodeDatos.nmCampo = 'nrComprobante'  
09/06/2016 22:55:54 | Exec sco_DiccionariodeDatos @nmtabla_param='TB_ComprobantesDetalle'
09/06/2016 22:55:54 |  INSERT TB_ComprobantesDetalle (nrTalonario ,nrComprobante ,tpComprobante ,tpLetra ,nrItem ,cdProducto ,dsProducto ,tpOperacion ,vlPorcentaje ,vlPrecioPeaje ,vlKilometros ,vlPrecioViaje ,dtInsercion ,flSincronizado ,nrCaja ,nrPuesto )  VALUES ('0006' ,'00633540' ,'FA' ,'B' ,1 ,90001 ,'CENTRO - CAPITAL FEDERAL CON PEAJES  (1 DESTINO) ' ,'Viaje' ,0 ,0 ,null ,450 ,'09/06/2016' ,0 ,1000010105 ,1 )
09/06/2016 22:55:54 | Exec sp_obtenerComision_v4_7 @tpComprobante_param = 'FA' ,@vlTotalGeneral_param = 450 ,@tpComision_param = 'A Clientes' ,@tpCliente_param = 'A Clientes' ,@dsCodigoDestinos_param = '''Viaje'',null,450' 
09/06/2016 22:55:54 | Exec sco_DiccionariodeDatos @nmtabla_param='TB_Cupones'
09/06/2016 22:55:55 | Exec SP_ObtenerMaxnrCupon_v2_7 
09/06/2016 22:55:55 |  INSERT TB_Cupones (nrTalonarioCliente ,nrComprabanteCliente ,tpComprobanteCliente ,tpLetraCliente ,cdCliente ,nrPuesto ,nrLicencia ,nmLicenciatario ,vlMontoCupon ,vlPagoPesos ,vlPagoDolares ,vlPagoEuros ,vlPagoReales ,nrCantidadBultos ,tpCupon ,dsDestino ,dsHoraViaje ,dsLeyenda ,flCobradoalCliente ,dtCobradoalCliente ,flCompensado ,vlaFavordelLicenciatario ,vlafavorAdmin ,vlComision ,dtCajaCliente ,nrCajaCliente ,dtCupon ,dsUsuario ,nrPasajeros ,flSincronizado ,vlIVA ,vlSubtotal ,cdCodBar ,nrCupon )  VALUES ('0006' ,'00633540' ,'FA' ,'B' ,1 ,1 ,124 ,'GILIBERTI PASCUAL' ,450.00 ,450.00 ,0.00 ,0.00 ,0.00 ,null ,'Contado' ,'CENTRO - CAPITAL FEDERAL CON PEAJES  (1 DESTINO) ' ,'22:55' ,null ,1 ,'09/06/2016 10:55:55' ,0 ,414 ,0 ,36 ,'09/06/2016 10:55:55' ,1000010105 ,'09/06/2016 10:55:55' ,'BFAZZALARI' ,null ,0 ,0.00 ,450.00 ,'000600633540124' ,48 )
09/06/2016 22:55:55 |  UPDATE DiccionariodeDatos SET DiccionariodeDatos.vlPuesto1  = '48'   WHERE DiccionariodeDatos.nmTabla = 'TB_Cupones'  AND  DiccionariodeDatos.nmCampo = 'nrCupon'  
09/06/2016 22:55:55 |  SELECT TB_Cajas.vlSaldoFinalPesos ,TB_Cajas.vlSaldoFinalDolares ,TB_Cajas.vlSaldoFinalEuros ,TB_Cajas.vlSaldoFinalReales  FROM TB_Cajas  WHERE TB_Cajas.nrCaja = 1000010105  
09/06/2016 22:55:55 |  UPDATE TB_Cajas SET TB_Cajas.vlSaldoFinalPesos  = 1450 ,TB_Cajas.vlSaldoFinalDolares  = 100 ,TB_Cajas.vlSaldoFinalReales  = 0 ,TB_Cajas.vlSaldoFinalEuros  = 50   WHERE TB_Cajas.nrCaja = 1000010105  
09/06/2016 22:55:55 | Exec sco_DiccionariodeDatos @nmtabla_param='spu_actualizar_puntosdeventa_facturacion_v4_7'
09/06/2016 22:55:55 | Exec spu_actualizar_puntosdeventa_facturacion_v4_7 @nrPuesto_param = 1 ,@tipo_iva = 'CF' ,@auto_impresor = 'S' ,@tpFormadePago = null ,@tpComprobante = 'FA' ,@nrComprobante = 633540 
09/06/2016 22:55:55 | Exec sco_DiccionariodeDatos @nmtabla_param='SP_PrepararReimpresiondeComprobante_v4_7'
09/06/2016 22:55:55 | Exec sco_DiccionariodeDatos @nmtabla_param='SP_PrepararReimpresiondeComprobante_v4_7'
09/06/2016 22:56:13 | Exec SP_PrepararReimpresiondeComprobante_v4_7 @nrTalonario = '0006' ,@nrComprobante = '00633540' ,@tpComprobante = 'FA' ,@tpLetra = 'B' 
09/06/2016 22:57:40 | Exec  sco_TB_Productos_v4_1 
09/06/2016 22:57:40 | Exec sco_DiccionariodeDatos @nmtabla_param='TB_Usuarios'
09/06/2016 22:57:43 |  SELECT TB_Usuarios.dsUsuario ,TB_Usuarios.dspassword ,TB_Usuarios.tpAcceso ,TB_Usuarios.nmNombre ,TB_Usuarios.nmApellido ,TB_Usuarios.flBloqueado ,TB_Usuarios.tpNivelJerarquico  FROM TB_Usuarios  WHERE TB_Usuarios.dsUsuario = 'BFAZZALARI'  AND  TB_Usuarios.flEliminar = 0  
09/06/2016 22:57:43 |  SELECT TB_Usuarios.dsUsuario ,TB_Usuarios.dspassword ,TB_Usuarios.tpAcceso ,TB_Usuarios.nmNombre ,TB_Usuarios.nmApellido ,TB_Usuarios.flBloqueado ,TB_Usuarios.tpNivelJerarquico  FROM TB_Usuarios  WHERE TB_Usuarios.dsUsuario = 'BFAZZALARI'  AND  TB_Usuarios.flEliminar = 0  
09/06/2016 22:57:43 | Exec sco_DiccionariodeDatos @nmtabla_param='sp_obtenerCajasPendientesdeAprobacion_v2_5'
09/06/2016 22:57:43 | Exec sp_obtenerCajasPendientesdeAprobacion_v2_5 @pdsUsuario_param = 'BFAZZALARI' 
09/06/2016 22:57:44 | Exec sp_obtenerCajasRechazadas_v2_9 
09/06/2016 22:57:44 | Exec sco_DiccionariodeDatos @nmtabla_param='TB_Parametros'
09/06/2016 22:57:44 |  SELECT TB_Parametros.vlParametro  FROM TB_Parametros  WHERE TB_Parametros.dsParametro = 'VALOR EURO'  
09/06/2016 22:57:44 |  SELECT TB_Parametros.vlParametro  FROM TB_Parametros  WHERE TB_Parametros.dsParametro = 'VALOR DOLAR'  
09/06/2016 22:57:45 | Exec SP_ValorPromoRetorno
09/06/2016 22:57:45 | Exec sco_DiccionariodeDatos @nmtabla_param='TB_Comisiones'
09/06/2016 22:57:45 |  SELECT TB_Comisiones.vlMontoMinimo  FROM TB_Comisiones  WHERE TB_Comisiones.tpComision = 'Retorno'  AND  TB_Comisiones.flEliminar = 0  
09/06/2016 22:57:45 |  SELECT TB_Parametros.vlParametro  FROM TB_Parametros  WHERE TB_Parametros.dsParametro = 'VALOR REAL'  
09/06/2016 22:57:45 | Exec sco_DiccionariodeDatos @nmtabla_param='TB_Cajas'
09/06/2016 22:57:45 |  SELECT TB_Cajas.nrCaja  FROM TB_Cajas  WHERE TB_Cajas.dsUsuario = 'BFAZZALARI'  and  TB_Cajas.flEstado = 0  and  TB_Cajas.tpEstadoAprobacion IS NULL  and  TB_Cajas.nrcaja > 0  
09/06/2016 22:57:46 | Exec sco_DiccionariodeDatos @nmtabla_param='sco_AccesosOpcionesMenu'
09/06/2016 22:57:46 | Exec sco_AccesosOpcionesMenu @p_tpNivelAcceso = 'Puestos' ,@p_operaconcaja = 1 
09/06/2016 22:57:46 | Exec sco_AccesosOpcionesMenu @p_tpNivelAcceso = 'Puestos' ,@p_operaconcaja = 1 
09/06/2016 22:57:48 | Exec sco_DiccionariodeDatos @nmtabla_param='sco_cajapuesto_v3_9'
09/06/2016 22:57:48 | Exec sco_cajapuesto_v3_9 @nrCaja_param = 1000010105 
09/06/2016 22:57:48 | Exec sco_DiccionariodeDatos @nmtabla_param='TB_Comprobantes'
09/06/2016 22:57:48 | Exec sco_DiccionariodeDatos @nmtabla_param='sp_obtenerComision_v4_7'
09/06/2016 22:57:48 | Exec sp_obtenerComision_v4_7 @tpComprobante_param = null ,@vlTotalGeneral_param = 0 ,@tpComision_param = null ,@tpCliente_param = null ,@dsCodigoDestinos_param = null 
09/06/2016 22:57:48 | Exec sp_obtenerComision_v4_7 @tpComprobante_param = null ,@vlTotalGeneral_param = 0 ,@tpComision_param = 'A Clientes' ,@tpCliente_param = 'A Clientes' ,@dsCodigoDestinos_param = null 
09/06/2016 22:57:48 | Exec sco_DiccionariodeDatos @nmtabla_param='spu_obtener_puntosdeventa_facturacion_v4_7'
09/06/2016 22:57:48 | Exec spu_obtener_puntosdeventa_facturacion_v4_7 @nrPuesto_param = 1 ,@tipo_iva = 'CF' ,@auto_impresor = 'S' ,@tpFormadePago = null ,@tpComprobante = 'FA' 
09/06/2016 22:57:48 | Exec sp_obtenerComision_v4_7 @tpComprobante_param = 'FA' ,@vlTotalGeneral_param = 0 ,@tpComision_param = 'A Clientes' ,@tpCliente_param = 'A Clientes' ,@dsCodigoDestinos_param = null 
09/06/2016 22:57:48 | Exec spu_obtener_puntosdeventa_facturacion_v4_7 @nrPuesto_param = 1 ,@tipo_iva = 'CF' ,@auto_impresor = 'S' ,@tpFormadePago = null ,@tpComprobante = 'FA' 
09/06/2016 22:57:48 | Exec spu_obtener_puntosdeventa_facturacion_v4_7 @nrPuesto_param = 1 ,@tipo_iva = 'CF' ,@auto_impresor = 'S' ,@tpFormadePago = null ,@tpComprobante = 'FA' 
09/06/2016 22:57:48 | Exec sp_obtenerComision_v4_7 @tpComprobante_param = 'FA' ,@vlTotalGeneral_param = 0 ,@tpComision_param = 'A Clientes' ,@tpCliente_param = 'A Clientes' ,@dsCodigoDestinos_param = null 
09/06/2016 22:57:48 | Exec sp_obtenerComision_v4_7 @tpComprobante_param = 'FA' ,@vlTotalGeneral_param = 0 ,@tpComision_param = 'A Clientes' ,@tpCliente_param = 'A Clientes' ,@dsCodigoDestinos_param = null 
09/06/2016 22:57:48 | Exec sp_obtenerComision_v4_7 @tpComprobante_param = 'FA' ,@vlTotalGeneral_param = 0 ,@tpComision_param = 'A Clientes' ,@tpCliente_param = 'A Clientes' ,@dsCodigoDestinos_param = null 
09/06/2016 22:57:48 | Exec sco_DiccionariodeDatos @nmtabla_param='TB_Productos'
09/06/2016 22:57:49 | Exec sp_obtenerComision_v4_7 @tpComprobante_param = 'FA' ,@vlTotalGeneral_param = 0 ,@tpComision_param = 'A Clientes' ,@tpCliente_param = 'A Clientes' ,@dsCodigoDestinos_param = null 
09/06/2016 22:57:49 | Exec sp_obtenerComision_v4_7 @tpComprobante_param = 'FA' ,@vlTotalGeneral_param = 0 ,@tpComision_param = 'A Clientes' ,@tpCliente_param = 'A Clientes' ,@dsCodigoDestinos_param = null 
09/06/2016 22:57:51 | Exec sp_obtenerComision_v4_7 @tpComprobante_param = 'FA' ,@vlTotalGeneral_param = 0 ,@tpComision_param = 'A Clientes' ,@tpCliente_param = 'A Clientes' ,@dsCodigoDestinos_param = '''Viaje'',null,450' 
09/06/2016 22:57:51 | Exec sp_obtenerComision_v4_7 @tpComprobante_param = 'FA' ,@vlTotalGeneral_param = 0 ,@tpComision_param = 'A Clientes' ,@tpCliente_param = 'A Clientes' ,@dsCodigoDestinos_param = '''Viaje'',null,450' 
09/06/2016 22:57:51 | Exec sco_DiccionariodeDatos @nmtabla_param='SP_Supera_KM_IVA_segunMonto_2_0'
09/06/2016 22:57:51 | Exec SP_Supera_KM_IVA_segunMonto_2_0 @tpCategoriaIVA_param = 'CF' ,@vlKilometros_param = 0 ,@vlMonto_param = 450 
09/06/2016 22:57:51 | Exec sp_obtenerComision_v4_7 @tpComprobante_param = 'FA' ,@vlTotalGeneral_param = 450 ,@tpComision_param = 'A Clientes' ,@tpCliente_param = 'A Clientes' ,@dsCodigoDestinos_param = '''Viaje'',null,450' 
09/06/2016 22:57:51 | Exec sp_obtenerComision_v4_7 @tpComprobante_param = 'FA' ,@vlTotalGeneral_param = 450 ,@tpComision_param = 'A Clientes' ,@tpCliente_param = 'A Clientes' ,@dsCodigoDestinos_param = '''Viaje'',null,450' 
09/06/2016 22:57:51 | Exec sp_obtenerComision_v4_7 @tpComprobante_param = 'FA' ,@vlTotalGeneral_param = 450 ,@tpComision_param = 'A Clientes' ,@tpCliente_param = 'A Clientes' ,@dsCodigoDestinos_param = '''Viaje'',null,450' 
09/06/2016 22:57:52 | Exec sco_DiccionariodeDatos @nmtabla_param='TB_Proveedores'
09/06/2016 22:57:52 |  SELECT TB_Proveedores.nmNombre ,TB_Proveedores.nmApellido  FROM TB_Proveedores  WHERE TB_Proveedores.tpCategoria = 'Licenciatario'  AND  TB_Proveedores.nrLicencia = 123  AND  TB_Proveedores.flEliminar = 0  
09/06/2016 22:57:54 |  SELECT tb_parametros.dsParametro ,tb_parametros.vlParametro ,tb_parametros.tpParametro ,tb_parametros.flEditable ,tb_parametros.nrTamanio ,tb_parametros.dtActualizacion  FROM tb_parametros  WHERE tb_parametros.dsParametro = 'CALCULA_IVA_LIC_990'  
09/06/2016 22:57:55 | Exec sp_obtenerComision_v4_7 @tpComprobante_param = 'FA' ,@vlTotalGeneral_param = 450 ,@tpComision_param = 'A Clientes' ,@tpCliente_param = 'A Clientes' ,@dsCodigoDestinos_param = '''Viaje'',null,450' 
09/06/2016 22:57:55 |  SELECT tb_parametros.dsParametro ,tb_parametros.vlParametro ,tb_parametros.tpParametro ,tb_parametros.flEditable ,tb_parametros.nrTamanio ,tb_parametros.dtActualizacion  FROM tb_parametros  WHERE tb_parametros.dsParametro = 'MONTO_EXIGE_CUIT_CUIL'  
09/06/2016 22:57:55 |  SELECT TB_Cajas.nrCaja  FROM TB_Cajas  WHERE TB_Cajas.nrCaja = 1000010105  AND  TB_Cajas.flEstado = 0  
09/06/2016 22:58:05 | Exec sco_DiccionariodeDatos @nmtabla_param='sp_eliminarFisicamenteunComprobanteEliminadoLogicamente_v2_5'
09/06/2016 22:58:06 | Exec sp_eliminarFisicamenteunComprobanteEliminadoLogicamente_v2_5 @nrTalonario_param = '0006' ,@nrComprobante_param = '00633541' ,@tpComprobante_param = 'FA' ,@tpLetra_param = 'B' 
09/06/2016 22:58:06 | Exec spu_obtener_puntosdeventa_facturacion_v4_7 @nrPuesto_param = 1 ,@tipo_iva = 'CF' ,@auto_impresor = 'S' ,@tpFormadePago = null ,@tpComprobante = 'FA' 
09/06/2016 22:58:06 |  INSERT TB_Comprobantes (nrComprobante ,nrTalonario ,vlPagoReales ,nrDoc ,tpLetra ,cdCliente ,dsRazonSocial ,vlTotalGeneral ,dsLeyenda ,vlPagoEuros ,nmEmpleado ,nrPuesto ,nrCaja ,nrLicencia ,nrBultos ,nrPasajeros ,tpComprobante ,vlPagoDolares ,vlPagoPesos ,nmLicenciatario ,dtComprobante ,dsEmail ,vlSubtotal ,vlIVA ,cdCondVenta ,tpComision ,tpIVA ,dsOpcional3 ,cdCodBar ,dtCaja ,dtInsercion ,dsOpcional1 ,nrCAI ,dtVencimiento ,vlDiaDolar ,vlDiaEuro ,vlDiaReal ,dsOpcional2 ,dsUsuario ,flSincronizado ,flManual )  VALUES ('00633541' ,'0006' ,0.00 ,null ,'B' ,1 ,'Consumidor Final' ,450.00 ,null ,0.00 ,'BARBARA FAZZALARI' ,1 ,1000010105 ,123 ,null ,null ,'FA' ,0.00 ,450.00 ,'SUFFIA DIEGO ALEJANDRO' ,'09/06/2016' ,null ,450.00 ,0.00 ,'Contado' ,'A Clientes' ,'CF' ,'307082499190100063506310668186314012017' ,'000600633541123' ,'09/06/2016 10:58:06' ,'09/06/2016 10:58:06' ,'22:58' ,'35063106681863' ,'14/01/2017' ,9.1 ,10 ,3.21 ,'CENTRO - CAPITAL FEDERAL CON PEAJES  (1 DESTINO) ' ,'BFAZZALARI' ,0 ,'N' )
09/06/2016 22:58:06 | Exec sco_DiccionariodeDatos @nmtabla_param='DiccionariodeDatos'
09/06/2016 22:58:06 |  UPDATE DiccionariodeDatos SET DiccionariodeDatos.vlPuesto1  = '633541'   WHERE DiccionariodeDatos.nmTabla = 'TB_Comprobantes'  AND  DiccionariodeDatos.nmCampo = 'nrComprobante'  
09/06/2016 22:58:06 | Exec sco_DiccionariodeDatos @nmtabla_param='TB_ComprobantesDetalle'
09/06/2016 22:58:06 |  INSERT TB_ComprobantesDetalle (nrTalonario ,nrComprobante ,tpComprobante ,tpLetra ,nrItem ,cdProducto ,dsProducto ,tpOperacion ,vlPorcentaje ,vlPrecioPeaje ,vlKilometros ,vlPrecioViaje ,dtInsercion ,flSincronizado ,nrCaja ,nrPuesto )  VALUES ('0006' ,'00633541' ,'FA' ,'B' ,1 ,90001 ,'CENTRO - CAPITAL FEDERAL CON PEAJES  (1 DESTINO) ' ,'Viaje' ,0 ,0 ,null ,450 ,'09/06/2016' ,0 ,1000010105 ,1 )
09/06/2016 22:58:06 | Exec sp_obtenerComision_v4_7 @tpComprobante_param = 'FA' ,@vlTotalGeneral_param = 450 ,@tpComision_param = 'A Clientes' ,@tpCliente_param = 'A Clientes' ,@dsCodigoDestinos_param = '''Viaje'',null,450' 
09/06/2016 22:58:06 | Exec sco_DiccionariodeDatos @nmtabla_param='TB_Cupones'
09/06/2016 22:58:06 | Exec SP_ObtenerMaxnrCupon_v2_7 
09/06/2016 22:58:06 |  INSERT TB_Cupones (nrTalonarioCliente ,nrComprabanteCliente ,tpComprobanteCliente ,tpLetraCliente ,cdCliente ,nrPuesto ,nrLicencia ,nmLicenciatario ,vlMontoCupon ,vlPagoPesos ,vlPagoDolares ,vlPagoEuros ,vlPagoReales ,nrCantidadBultos ,tpCupon ,dsDestino ,dsHoraViaje ,dsLeyenda ,flCobradoalCliente ,dtCobradoalCliente ,flCompensado ,vlaFavordelLicenciatario ,vlafavorAdmin ,vlComision ,dtCajaCliente ,nrCajaCliente ,dtCupon ,dsUsuario ,nrPasajeros ,flSincronizado ,vlIVA ,vlSubtotal ,cdCodBar ,nrCupon )  VALUES ('0006' ,'00633541' ,'FA' ,'B' ,1 ,1 ,123 ,'SUFFIA DIEGO ALEJANDRO' ,450.00 ,450.00 ,0.00 ,0.00 ,0.00 ,null ,'Contado' ,'CENTRO - CAPITAL FEDERAL CON PEAJES  (1 DESTINO) ' ,'22:58' ,null ,1 ,'09/06/2016 10:58:06' ,0 ,414 ,0 ,36 ,'09/06/2016 10:58:06' ,1000010105 ,'09/06/2016 10:58:06' ,'BFAZZALARI' ,null ,0 ,0.00 ,450.00 ,'000600633541123' ,49 )
09/06/2016 22:58:06 |  UPDATE DiccionariodeDatos SET DiccionariodeDatos.vlPuesto1  = '49'   WHERE DiccionariodeDatos.nmTabla = 'TB_Cupones'  AND  DiccionariodeDatos.nmCampo = 'nrCupon'  
09/06/2016 22:58:06 |  SELECT TB_Cajas.vlSaldoFinalPesos ,TB_Cajas.vlSaldoFinalDolares ,TB_Cajas.vlSaldoFinalEuros ,TB_Cajas.vlSaldoFinalReales  FROM TB_Cajas  WHERE TB_Cajas.nrCaja = 1000010105  
09/06/2016 22:58:06 |  UPDATE TB_Cajas SET TB_Cajas.vlSaldoFinalPesos  = 1900 ,TB_Cajas.vlSaldoFinalDolares  = 100 ,TB_Cajas.vlSaldoFinalReales  = 0 ,TB_Cajas.vlSaldoFinalEuros  = 50   WHERE TB_Cajas.nrCaja = 1000010105  
09/06/2016 22:58:06 | Exec sco_DiccionariodeDatos @nmtabla_param='spu_actualizar_puntosdeventa_facturacion_v4_7'
09/06/2016 22:58:06 | Exec spu_actualizar_puntosdeventa_facturacion_v4_7 @nrPuesto_param = 1 ,@tipo_iva = 'CF' ,@auto_impresor = 'S' ,@tpFormadePago = null ,@tpComprobante = 'FA' ,@nrComprobante = 633541 
09/06/2016 22:58:06 | Exec sco_DiccionariodeDatos @nmtabla_param='SP_PrepararReimpresiondeComprobante_v4_7'
09/06/2016 22:58:06 | Exec SP_PrepararReimpresiondeComprobante_v4_7 @nrTalonario = '0006' ,@nrComprobante = '00633541' ,@tpComprobante = 'FA' ,@tpLetra = 'B' ,@dsUsuario = 'BFAZZALARI' 
09/06/2016 22:59:46 | Exec  sco_TB_Productos_v4_1 
09/06/2016 22:59:46 | Exec sco_DiccionariodeDatos @nmtabla_param='TB_Usuarios'
09/06/2016 22:59:49 |  SELECT TB_Usuarios.dsUsuario ,TB_Usuarios.dspassword ,TB_Usuarios.tpAcceso ,TB_Usuarios.nmNombre ,TB_Usuarios.nmApellido ,TB_Usuarios.flBloqueado ,TB_Usuarios.tpNivelJerarquico  FROM TB_Usuarios  WHERE TB_Usuarios.dsUsuario = 'BFAZZALARI'  AND  TB_Usuarios.flEliminar = 0  
09/06/2016 22:59:49 |  SELECT TB_Usuarios.dsUsuario ,TB_Usuarios.dspassword ,TB_Usuarios.tpAcceso ,TB_Usuarios.nmNombre ,TB_Usuarios.nmApellido ,TB_Usuarios.flBloqueado ,TB_Usuarios.tpNivelJerarquico  FROM TB_Usuarios  WHERE TB_Usuarios.dsUsuario = 'BFAZZALARI'  AND  TB_Usuarios.flEliminar = 0  
09/06/2016 22:59:49 | Exec sco_DiccionariodeDatos @nmtabla_param='sp_obtenerCajasPendientesdeAprobacion_v2_5'
09/06/2016 22:59:49 | Exec sp_obtenerCajasPendientesdeAprobacion_v2_5 @pdsUsuario_param = 'BFAZZALARI' 
09/06/2016 22:59:51 | Exec sp_obtenerCajasRechazadas_v2_9 
09/06/2016 22:59:51 | Exec sco_DiccionariodeDatos @nmtabla_param='TB_Parametros'
09/06/2016 22:59:51 |  SELECT TB_Parametros.vlParametro  FROM TB_Parametros  WHERE TB_Parametros.dsParametro = 'VALOR EURO'  
09/06/2016 22:59:51 |  SELECT TB_Parametros.vlParametro  FROM TB_Parametros  WHERE TB_Parametros.dsParametro = 'VALOR DOLAR'  
09/06/2016 22:59:51 | Exec SP_ValorPromoRetorno
09/06/2016 22:59:51 | Exec sco_DiccionariodeDatos @nmtabla_param='TB_Comisiones'
09/06/2016 22:59:51 |  SELECT TB_Comisiones.vlMontoMinimo  FROM TB_Comisiones  WHERE TB_Comisiones.tpComision = 'Retorno'  AND  TB_Comisiones.flEliminar = 0  
09/06/2016 22:59:51 |  SELECT TB_Parametros.vlParametro  FROM TB_Parametros  WHERE TB_Parametros.dsParametro = 'VALOR REAL'  
09/06/2016 22:59:51 | Exec sco_DiccionariodeDatos @nmtabla_param='TB_Cajas'
09/06/2016 22:59:51 |  SELECT TB_Cajas.nrCaja  FROM TB_Cajas  WHERE TB_Cajas.dsUsuario = 'BFAZZALARI'  and  TB_Cajas.flEstado = 0  and  TB_Cajas.tpEstadoAprobacion IS NULL  and  TB_Cajas.nrcaja > 0  
09/06/2016 22:59:53 | Exec sco_DiccionariodeDatos @nmtabla_param='sco_AccesosOpcionesMenu'
09/06/2016 22:59:53 | Exec sco_AccesosOpcionesMenu @p_tpNivelAcceso = 'Puestos' ,@p_operaconcaja = 1 
09/06/2016 22:59:53 | Exec sco_AccesosOpcionesMenu @p_tpNivelAcceso = 'Puestos' ,@p_operaconcaja = 1 
09/06/2016 22:59:56 | Exec sco_DiccionariodeDatos @nmtabla_param='sco_cajapuesto_v3_9'
09/06/2016 22:59:56 | Exec sco_cajapuesto_v3_9 @nrCaja_param = 1000010105 
09/06/2016 22:59:56 | Exec sco_DiccionariodeDatos @nmtabla_param='TB_Comprobantes'
09/06/2016 22:59:56 | Exec sco_DiccionariodeDatos @nmtabla_param='sp_obtenerComision_v4_7'
09/06/2016 22:59:56 | Exec sp_obtenerComision_v4_7 @tpComprobante_param = null ,@vlTotalGeneral_param = 0 ,@tpComision_param = null ,@tpCliente_param = null ,@dsCodigoDestinos_param = null 
09/06/2016 22:59:56 | Exec sp_obtenerComision_v4_7 @tpComprobante_param = null ,@vlTotalGeneral_param = 0 ,@tpComision_param = 'A Clientes' ,@tpCliente_param = 'A Clientes' ,@dsCodigoDestinos_param = null 
09/06/2016 22:59:56 | Exec sco_DiccionariodeDatos @nmtabla_param='spu_obtener_puntosdeventa_facturacion_v4_7'
09/06/2016 22:59:56 | Exec spu_obtener_puntosdeventa_facturacion_v4_7 @nrPuesto_param = 1 ,@tipo_iva = 'CF' ,@auto_impresor = 'S' ,@tpFormadePago = null ,@tpComprobante = 'FA' 
09/06/2016 22:59:56 | Exec sp_obtenerComision_v4_7 @tpComprobante_param = 'FA' ,@vlTotalGeneral_param = 0 ,@tpComision_param = 'A Clientes' ,@tpCliente_param = 'A Clientes' ,@dsCodigoDestinos_param = null 
09/06/2016 22:59:56 | Exec spu_obtener_puntosdeventa_facturacion_v4_7 @nrPuesto_param = 1 ,@tipo_iva = 'CF' ,@auto_impresor = 'S' ,@tpFormadePago = null ,@tpComprobante = 'FA' 
09/06/2016 22:59:56 | Exec spu_obtener_puntosdeventa_facturacion_v4_7 @nrPuesto_param = 1 ,@tipo_iva = 'CF' ,@auto_impresor = 'S' ,@tpFormadePago = null ,@tpComprobante = 'FA' 
09/06/2016 22:59:56 | Exec sp_obtenerComision_v4_7 @tpComprobante_param = 'FA' ,@vlTotalGeneral_param = 0 ,@tpComision_param = 'A Clientes' ,@tpCliente_param = 'A Clientes' ,@dsCodigoDestinos_param = null 
09/06/2016 22:59:56 | Exec sp_obtenerComision_v4_7 @tpComprobante_param = 'FA' ,@vlTotalGeneral_param = 0 ,@tpComision_param = 'A Clientes' ,@tpCliente_param = 'A Clientes' ,@dsCodigoDestinos_param = null 
09/06/2016 22:59:56 | Exec sp_obtenerComision_v4_7 @tpComprobante_param = 'FA' ,@vlTotalGeneral_param = 0 ,@tpComision_param = 'A Clientes' ,@tpCliente_param = 'A Clientes' ,@dsCodigoDestinos_param = null 
09/06/2016 22:59:56 | Exec sco_DiccionariodeDatos @nmtabla_param='TB_Productos'
09/06/2016 22:59:57 | Exec sp_obtenerComision_v4_7 @tpComprobante_param = 'FA' ,@vlTotalGeneral_param = 0 ,@tpComision_param = 'A Clientes' ,@tpCliente_param = 'A Clientes' ,@dsCodigoDestinos_param = null 
09/06/2016 22:59:57 | Exec sp_obtenerComision_v4_7 @tpComprobante_param = 'FA' ,@vlTotalGeneral_param = 0 ,@tpComision_param = 'A Clientes' ,@tpCliente_param = 'A Clientes' ,@dsCodigoDestinos_param = null 
09/06/2016 22:59:59 | Exec sp_obtenerComision_v4_7 @tpComprobante_param = 'FA' ,@vlTotalGeneral_param = 0 ,@tpComision_param = 'A Clientes' ,@tpCliente_param = 'A Clientes' ,@dsCodigoDestinos_param = '''Viaje'',null,450' 
09/06/2016 22:59:59 | Exec sp_obtenerComision_v4_7 @tpComprobante_param = 'FA' ,@vlTotalGeneral_param = 0 ,@tpComision_param = 'A Clientes' ,@tpCliente_param = 'A Clientes' ,@dsCodigoDestinos_param = '''Viaje'',null,450' 
09/06/2016 22:59:59 | Exec sco_DiccionariodeDatos @nmtabla_param='SP_Supera_KM_IVA_segunMonto_2_0'
09/06/2016 22:59:59 | Exec SP_Supera_KM_IVA_segunMonto_2_0 @tpCategoriaIVA_param = 'CF' ,@vlKilometros_param = 0 ,@vlMonto_param = 450 
09/06/2016 22:59:59 | Exec sp_obtenerComision_v4_7 @tpComprobante_param = 'FA' ,@vlTotalGeneral_param = 450 ,@tpComision_param = 'A Clientes' ,@tpCliente_param = 'A Clientes' ,@dsCodigoDestinos_param = '''Viaje'',null,450' 
09/06/2016 22:59:59 | Exec sp_obtenerComision_v4_7 @tpComprobante_param = 'FA' ,@vlTotalGeneral_param = 450 ,@tpComision_param = 'A Clientes' ,@tpCliente_param = 'A Clientes' ,@dsCodigoDestinos_param = '''Viaje'',null,450' 
09/06/2016 22:59:59 | Exec sp_obtenerComision_v4_7 @tpComprobante_param = 'FA' ,@vlTotalGeneral_param = 450 ,@tpComision_param = 'A Clientes' ,@tpCliente_param = 'A Clientes' ,@dsCodigoDestinos_param = '''Viaje'',null,450' 
09/06/2016 23:00:01 | Exec sco_DiccionariodeDatos @nmtabla_param='TB_Proveedores'
09/06/2016 23:00:01 |  SELECT TB_Proveedores.nmNombre ,TB_Proveedores.nmApellido  FROM TB_Proveedores  WHERE TB_Proveedores.tpCategoria = 'Licenciatario'  AND  TB_Proveedores.nrLicencia = 123  AND  TB_Proveedores.flEliminar = 0  
09/06/2016 23:00:02 |  SELECT tb_parametros.dsParametro ,tb_parametros.vlParametro ,tb_parametros.tpParametro ,tb_parametros.flEditable ,tb_parametros.nrTamanio ,tb_parametros.dtActualizacion  FROM tb_parametros  WHERE tb_parametros.dsParametro = 'CALCULA_IVA_LIC_990'  
09/06/2016 23:00:03 | Exec sp_obtenerComision_v4_7 @tpComprobante_param = 'FA' ,@vlTotalGeneral_param = 450 ,@tpComision_param = 'A Clientes' ,@tpCliente_param = 'A Clientes' ,@dsCodigoDestinos_param = '''Viaje'',null,450' 
09/06/2016 23:00:03 |  SELECT tb_parametros.dsParametro ,tb_parametros.vlParametro ,tb_parametros.tpParametro ,tb_parametros.flEditable ,tb_parametros.nrTamanio ,tb_parametros.dtActualizacion  FROM tb_parametros  WHERE tb_parametros.dsParametro = 'MONTO_EXIGE_CUIT_CUIL'  
09/06/2016 23:00:03 |  SELECT TB_Cajas.nrCaja  FROM TB_Cajas  WHERE TB_Cajas.nrCaja = 1000010105  AND  TB_Cajas.flEstado = 0  
09/06/2016 23:00:36 | Exec sco_DiccionariodeDatos @nmtabla_param='sp_eliminarFisicamenteunComprobanteEliminadoLogicamente_v2_5'
09/06/2016 23:00:36 | Exec sp_eliminarFisicamenteunComprobanteEliminadoLogicamente_v2_5 @nrTalonario_param = '0006' ,@nrComprobante_param = '00633542' ,@tpComprobante_param = 'FA' ,@tpLetra_param = 'B' 
09/06/2016 23:00:36 | Exec spu_obtener_puntosdeventa_facturacion_v4_7 @nrPuesto_param = 1 ,@tipo_iva = 'CF' ,@auto_impresor = 'S' ,@tpFormadePago = null ,@tpComprobante = 'FA' 
09/06/2016 23:00:36 |  INSERT TB_Comprobantes (nrComprobante ,nrTalonario ,vlPagoReales ,nrDoc ,tpLetra ,cdCliente ,dsRazonSocial ,vlTotalGeneral ,dsLeyenda ,vlPagoEuros ,nmEmpleado ,nrPuesto ,nrCaja ,nrLicencia ,nrBultos ,nrPasajeros ,tpComprobante ,vlPagoDolares ,vlPagoPesos ,nmLicenciatario ,dtComprobante ,dsEmail ,vlSubtotal ,vlIVA ,cdCondVenta ,tpComision ,tpIVA ,dsOpcional3 ,cdCodBar ,dtCaja ,dtInsercion ,dsOpcional1 ,nrCAI ,dtVencimiento ,vlDiaDolar ,vlDiaEuro ,vlDiaReal ,dsOpcional2 ,dsUsuario ,flSincronizado ,flManual )  VALUES ('00633542' ,'0006' ,0.00 ,null ,'B' ,1 ,'Consumidor Final' ,450.00 ,null ,0.00 ,'BARBARA FAZZALARI' ,1 ,1000010105 ,123 ,null ,null ,'FA' ,0.00 ,450.00 ,'SUFFIA DIEGO ALEJANDRO' ,'09/06/2016' ,null ,450.00 ,0.00 ,'Contado' ,'A Clientes' ,'CF' ,'307082499190100063506310668186314012017' ,'000600633542123' ,'09/06/2016 11:00:36' ,'09/06/2016 11:00:36' ,'23:00' ,'35063106681863' ,'14/01/2017' ,9.1 ,10 ,3.21 ,'CENTRO - CAPITAL FEDERAL CON PEAJES  (1 DESTINO) ' ,'BFAZZALARI' ,0 ,'N' )
09/06/2016 23:00:36 | Exec sco_DiccionariodeDatos @nmtabla_param='DiccionariodeDatos'
09/06/2016 23:00:36 |  UPDATE DiccionariodeDatos SET DiccionariodeDatos.vlPuesto1  = '633542'   WHERE DiccionariodeDatos.nmTabla = 'TB_Comprobantes'  AND  DiccionariodeDatos.nmCampo = 'nrComprobante'  
09/06/2016 23:00:36 | Exec sco_DiccionariodeDatos @nmtabla_param='TB_ComprobantesDetalle'
09/06/2016 23:00:36 |  INSERT TB_ComprobantesDetalle (nrTalonario ,nrComprobante ,tpComprobante ,tpLetra ,nrItem ,cdProducto ,dsProducto ,tpOperacion ,vlPorcentaje ,vlPrecioPeaje ,vlKilometros ,vlPrecioViaje ,dtInsercion ,flSincronizado ,nrCaja ,nrPuesto )  VALUES ('0006' ,'00633542' ,'FA' ,'B' ,1 ,90001 ,'CENTRO - CAPITAL FEDERAL CON PEAJES  (1 DESTINO) ' ,'Viaje' ,0 ,0 ,null ,450 ,'09/06/2016' ,0 ,1000010105 ,1 )
09/06/2016 23:00:36 | Exec sp_obtenerComision_v4_7 @tpComprobante_param = 'FA' ,@vlTotalGeneral_param = 450 ,@tpComision_param = 'A Clientes' ,@tpCliente_param = 'A Clientes' ,@dsCodigoDestinos_param = '''Viaje'',null,450' 
09/06/2016 23:00:36 | Exec sco_DiccionariodeDatos @nmtabla_param='TB_Cupones'
09/06/2016 23:00:36 | Exec SP_ObtenerMaxnrCupon_v2_7 
09/06/2016 23:00:36 |  INSERT TB_Cupones (nrTalonarioCliente ,nrComprabanteCliente ,tpComprobanteCliente ,tpLetraCliente ,cdCliente ,nrPuesto ,nrLicencia ,nmLicenciatario ,vlMontoCupon ,vlPagoPesos ,vlPagoDolares ,vlPagoEuros ,vlPagoReales ,nrCantidadBultos ,tpCupon ,dsDestino ,dsHoraViaje ,dsLeyenda ,flCobradoalCliente ,dtCobradoalCliente ,flCompensado ,vlaFavordelLicenciatario ,vlafavorAdmin ,vlComision ,dtCajaCliente ,nrCajaCliente ,dtCupon ,dsUsuario ,nrPasajeros ,flSincronizado ,vlIVA ,vlSubtotal ,cdCodBar ,nrCupon )  VALUES ('0006' ,'00633542' ,'FA' ,'B' ,1 ,1 ,123 ,'SUFFIA DIEGO ALEJANDRO' ,450.00 ,450.00 ,0.00 ,0.00 ,0.00 ,null ,'Contado' ,'CENTRO - CAPITAL FEDERAL CON PEAJES  (1 DESTINO) ' ,'23:00' ,null ,1 ,'09/06/2016 11:00:36' ,0 ,414 ,0 ,36 ,'09/06/2016 11:00:36' ,1000010105 ,'09/06/2016 11:00:36' ,'BFAZZALARI' ,null ,0 ,0.00 ,450.00 ,'000600633542123' ,50 )
09/06/2016 23:00:36 |  UPDATE DiccionariodeDatos SET DiccionariodeDatos.vlPuesto1  = '50'   WHERE DiccionariodeDatos.nmTabla = 'TB_Cupones'  AND  DiccionariodeDatos.nmCampo = 'nrCupon'  
09/06/2016 23:00:36 |  SELECT TB_Cajas.vlSaldoFinalPesos ,TB_Cajas.vlSaldoFinalDolares ,TB_Cajas.vlSaldoFinalEuros ,TB_Cajas.vlSaldoFinalReales  FROM TB_Cajas  WHERE TB_Cajas.nrCaja = 1000010105  
09/06/2016 23:00:36 |  UPDATE TB_Cajas SET TB_Cajas.vlSaldoFinalPesos  = 2350 ,TB_Cajas.vlSaldoFinalDolares  = 100 ,TB_Cajas.vlSaldoFinalReales  = 0 ,TB_Cajas.vlSaldoFinalEuros  = 50   WHERE TB_Cajas.nrCaja = 1000010105  
09/06/2016 23:00:36 | Exec sco_DiccionariodeDatos @nmtabla_param='spu_actualizar_puntosdeventa_facturacion_v4_7'
09/06/2016 23:00:36 | Exec spu_actualizar_puntosdeventa_facturacion_v4_7 @nrPuesto_param = 1 ,@tipo_iva = 'CF' ,@auto_impresor = 'S' ,@tpFormadePago = null ,@tpComprobante = 'FA' ,@nrComprobante = 633542 
09/06/2016 23:00:36 | Exec sco_DiccionariodeDatos @nmtabla_param='SP_PrepararReimpresiondeComprobante_v4_7'
09/06/2016 23:00:36 | Exec SP_PrepararReimpresiondeComprobante_v4_7 @nrTalonario = '0006' ,@nrComprobante = '00633542' ,@tpComprobante = 'FA' ,@tpLetra = 'B' ,@dsUsuario = 'BFAZZALARI' 
09/06/2016 23:00:40 | Exec sco_DiccionariodeDatos @nmtabla_param='SP_eliminarTablasImpresion_v4_7'
09/06/2016 23:00:40 | Exec SP_eliminarTablasImpresion_v4_7 @dsUsuario = 'BFAZZALARI' 
09/06/2016 23:00:40 | Exec spu_obtener_puntosdeventa_facturacion_v4_7 @nrPuesto_param = 1 ,@tipo_iva = 'CF' ,@auto_impresor = 'S' ,@tpFormadePago = null ,@tpComprobante = 'FA' 
09/06/2016 23:00:40 | Exec spu_obtener_puntosdeventa_facturacion_v4_7 @nrPuesto_param = 1 ,@tipo_iva = 'CF' ,@auto_impresor = 'S' ,@tpFormadePago = null ,@tpComprobante = 'FA' 
09/06/2016 23:00:40 | Exec sp_obtenerComision_v4_7 @tpComprobante_param = 'FA' ,@vlTotalGeneral_param = 0 ,@tpComision_param = 'A Clientes' ,@tpCliente_param = 'A Clientes' ,@dsCodigoDestinos_param = null 
09/06/2016 23:00:40 | Exec sp_obtenerComision_v4_7 @tpComprobante_param = 'FA' ,@vlTotalGeneral_param = 0 ,@tpComision_param = 'A Clientes' ,@tpCliente_param = 'A Clientes' ,@dsCodigoDestinos_param = null 
09/06/2016 23:00:40 | Exec sp_obtenerComision_v4_7 @tpComprobante_param = 'FA' ,@vlTotalGeneral_param = 0 ,@tpComision_param = 'A Clientes' ,@tpCliente_param = 'A Clientes' ,@dsCodigoDestinos_param = null 
09/06/2016 23:01:43 | Exec sp_obtenerComision_v4_7 @tpComprobante_param = 'FA' ,@vlTotalGeneral_param = 0 ,@tpComision_param = 'A Clientes' ,@tpCliente_param = 'A Clientes' ,@dsCodigoDestinos_param = null 
09/06/2016 23:01:43 | Exec sp_obtenerComision_v4_7 @tpComprobante_param = 'FA' ,@vlTotalGeneral_param = 0 ,@tpComision_param = 'A Clientes' ,@tpCliente_param = 'A Clientes' ,@dsCodigoDestinos_param = null 
09/06/2016 23:01:47 | Exec sco_AccesosOpcionesMenu @p_tpNivelAcceso = 'Puestos' ,@p_operaconcaja = 1 
09/06/2016 23:01:53 | Exec  sco_TB_Productos_v4_1 
09/06/2016 23:01:53 | Exec sco_DiccionariodeDatos @nmtabla_param='TB_Usuarios'
09/06/2016 23:01:56 |  SELECT TB_Usuarios.dsUsuario ,TB_Usuarios.dspassword ,TB_Usuarios.tpAcceso ,TB_Usuarios.nmNombre ,TB_Usuarios.nmApellido ,TB_Usuarios.flBloqueado ,TB_Usuarios.tpNivelJerarquico  FROM TB_Usuarios  WHERE TB_Usuarios.dsUsuario = 'BFAZZALARI'  AND  TB_Usuarios.flEliminar = 0  
09/06/2016 23:01:56 |  SELECT TB_Usuarios.dsUsuario ,TB_Usuarios.dspassword ,TB_Usuarios.tpAcceso ,TB_Usuarios.nmNombre ,TB_Usuarios.nmApellido ,TB_Usuarios.flBloqueado ,TB_Usuarios.tpNivelJerarquico  FROM TB_Usuarios  WHERE TB_Usuarios.dsUsuario = 'BFAZZALARI'  AND  TB_Usuarios.flEliminar = 0  
09/06/2016 23:01:56 | Exec sco_DiccionariodeDatos @nmtabla_param='sp_obtenerCajasPendientesdeAprobacion_v2_5'
09/06/2016 23:01:56 | Exec sp_obtenerCajasPendientesdeAprobacion_v2_5 @pdsUsuario_param = 'BFAZZALARI' 
09/06/2016 23:01:57 | Exec sp_obtenerCajasRechazadas_v2_9 
09/06/2016 23:01:57 | Exec sco_DiccionariodeDatos @nmtabla_param='TB_Parametros'
09/06/2016 23:01:57 |  SELECT TB_Parametros.vlParametro  FROM TB_Parametros  WHERE TB_Parametros.dsParametro = 'VALOR EURO'  
09/06/2016 23:01:57 |  SELECT TB_Parametros.vlParametro  FROM TB_Parametros  WHERE TB_Parametros.dsParametro = 'VALOR DOLAR'  
09/06/2016 23:01:57 | Exec SP_ValorPromoRetorno
09/06/2016 23:01:57 | Exec sco_DiccionariodeDatos @nmtabla_param='TB_Comisiones'
09/06/2016 23:01:57 |  SELECT TB_Comisiones.vlMontoMinimo  FROM TB_Comisiones  WHERE TB_Comisiones.tpComision = 'Retorno'  AND  TB_Comisiones.flEliminar = 0  
09/06/2016 23:01:57 |  SELECT TB_Parametros.vlParametro  FROM TB_Parametros  WHERE TB_Parametros.dsParametro = 'VALOR REAL'  
09/06/2016 23:01:57 | Exec sco_DiccionariodeDatos @nmtabla_param='TB_Cajas'
09/06/2016 23:01:57 |  SELECT TB_Cajas.nrCaja  FROM TB_Cajas  WHERE TB_Cajas.dsUsuario = 'BFAZZALARI'  and  TB_Cajas.flEstado = 0  and  TB_Cajas.tpEstadoAprobacion IS NULL  and  TB_Cajas.nrcaja > 0  
09/06/2016 23:01:58 | Exec sco_DiccionariodeDatos @nmtabla_param='sco_AccesosOpcionesMenu'
09/06/2016 23:01:58 | Exec sco_AccesosOpcionesMenu @p_tpNivelAcceso = 'Puestos' ,@p_operaconcaja = 1 
09/06/2016 23:01:58 | Exec sco_AccesosOpcionesMenu @p_tpNivelAcceso = 'Puestos' ,@p_operaconcaja = 1 
09/06/2016 23:01:59 | Exec sco_DiccionariodeDatos @nmtabla_param='sco_cajapuesto_v3_9'
09/06/2016 23:01:59 | Exec sco_cajapuesto_v3_9 @nrCaja_param = 1000010105 
09/06/2016 23:01:59 | Exec sco_DiccionariodeDatos @nmtabla_param='TB_Comprobantes'
09/06/2016 23:01:59 | Exec sco_DiccionariodeDatos @nmtabla_param='sp_obtenerComision_v4_7'
09/06/2016 23:01:59 | Exec sp_obtenerComision_v4_7 @tpComprobante_param = null ,@vlTotalGeneral_param = 0 ,@tpComision_param = null ,@tpCliente_param = null ,@dsCodigoDestinos_param = null 
09/06/2016 23:01:59 | Exec sp_obtenerComision_v4_7 @tpComprobante_param = null ,@vlTotalGeneral_param = 0 ,@tpComision_param = 'A Clientes' ,@tpCliente_param = 'A Clientes' ,@dsCodigoDestinos_param = null 
09/06/2016 23:02:00 | Exec sco_DiccionariodeDatos @nmtabla_param='spu_obtener_puntosdeventa_facturacion_v4_7'
09/06/2016 23:02:00 | Exec spu_obtener_puntosdeventa_facturacion_v4_7 @nrPuesto_param = 1 ,@tipo_iva = 'CF' ,@auto_impresor = 'S' ,@tpFormadePago = null ,@tpComprobante = 'FA' 
09/06/2016 23:02:00 | Exec sp_obtenerComision_v4_7 @tpComprobante_param = 'FA' ,@vlTotalGeneral_param = 0 ,@tpComision_param = 'A Clientes' ,@tpCliente_param = 'A Clientes' ,@dsCodigoDestinos_param = null 
09/06/2016 23:02:00 | Exec spu_obtener_puntosdeventa_facturacion_v4_7 @nrPuesto_param = 1 ,@tipo_iva = 'CF' ,@auto_impresor = 'S' ,@tpFormadePago = null ,@tpComprobante = 'FA' 
09/06/2016 23:02:00 | Exec spu_obtener_puntosdeventa_facturacion_v4_7 @nrPuesto_param = 1 ,@tipo_iva = 'CF' ,@auto_impresor = 'S' ,@tpFormadePago = null ,@tpComprobante = 'FA' 
09/06/2016 23:02:00 | Exec sp_obtenerComision_v4_7 @tpComprobante_param = 'FA' ,@vlTotalGeneral_param = 0 ,@tpComision_param = 'A Clientes' ,@tpCliente_param = 'A Clientes' ,@dsCodigoDestinos_param = null 
09/06/2016 23:02:00 | Exec sp_obtenerComision_v4_7 @tpComprobante_param = 'FA' ,@vlTotalGeneral_param = 0 ,@tpComision_param = 'A Clientes' ,@tpCliente_param = 'A Clientes' ,@dsCodigoDestinos_param = null 
09/06/2016 23:02:00 | Exec sp_obtenerComision_v4_7 @tpComprobante_param = 'FA' ,@vlTotalGeneral_param = 0 ,@tpComision_param = 'A Clientes' ,@tpCliente_param = 'A Clientes' ,@dsCodigoDestinos_param = null 
09/06/2016 23:02:00 | Exec sco_DiccionariodeDatos @nmtabla_param='TB_Productos'
09/06/2016 23:02:01 | Exec sp_obtenerComision_v4_7 @tpComprobante_param = 'FA' ,@vlTotalGeneral_param = 0 ,@tpComision_param = 'A Clientes' ,@tpCliente_param = 'A Clientes' ,@dsCodigoDestinos_param = null 
09/06/2016 23:02:01 | Exec sp_obtenerComision_v4_7 @tpComprobante_param = 'FA' ,@vlTotalGeneral_param = 0 ,@tpComision_param = 'A Clientes' ,@tpCliente_param = 'A Clientes' ,@dsCodigoDestinos_param = null 
09/06/2016 23:02:03 | Exec sp_obtenerComision_v4_7 @tpComprobante_param = 'FA' ,@vlTotalGeneral_param = 0 ,@tpComision_param = 'A Clientes' ,@tpCliente_param = 'A Clientes' ,@dsCodigoDestinos_param = '''Viaje'',null,450' 
09/06/2016 23:02:03 | Exec sp_obtenerComision_v4_7 @tpComprobante_param = 'FA' ,@vlTotalGeneral_param = 0 ,@tpComision_param = 'A Clientes' ,@tpCliente_param = 'A Clientes' ,@dsCodigoDestinos_param = '''Viaje'',null,450' 
09/06/2016 23:02:03 | Exec sco_DiccionariodeDatos @nmtabla_param='SP_Supera_KM_IVA_segunMonto_2_0'
09/06/2016 23:02:03 | Exec SP_Supera_KM_IVA_segunMonto_2_0 @tpCategoriaIVA_param = 'CF' ,@vlKilometros_param = 0 ,@vlMonto_param = 450 
09/06/2016 23:02:03 | Exec sp_obtenerComision_v4_7 @tpComprobante_param = 'FA' ,@vlTotalGeneral_param = 450 ,@tpComision_param = 'A Clientes' ,@tpCliente_param = 'A Clientes' ,@dsCodigoDestinos_param = '''Viaje'',null,450' 
09/06/2016 23:02:03 | Exec sp_obtenerComision_v4_7 @tpComprobante_param = 'FA' ,@vlTotalGeneral_param = 450 ,@tpComision_param = 'A Clientes' ,@tpCliente_param = 'A Clientes' ,@dsCodigoDestinos_param = '''Viaje'',null,450' 
09/06/2016 23:02:03 | Exec sp_obtenerComision_v4_7 @tpComprobante_param = 'FA' ,@vlTotalGeneral_param = 450 ,@tpComision_param = 'A Clientes' ,@tpCliente_param = 'A Clientes' ,@dsCodigoDestinos_param = '''Viaje'',null,450' 
09/06/2016 23:02:04 | Exec sco_DiccionariodeDatos @nmtabla_param='TB_Proveedores'
09/06/2016 23:02:04 |  SELECT TB_Proveedores.nmNombre ,TB_Proveedores.nmApellido  FROM TB_Proveedores  WHERE TB_Proveedores.tpCategoria = 'Licenciatario'  AND  TB_Proveedores.nrLicencia = 123  AND  TB_Proveedores.flEliminar = 0  
09/06/2016 23:02:05 |  SELECT tb_parametros.dsParametro ,tb_parametros.vlParametro ,tb_parametros.tpParametro ,tb_parametros.flEditable ,tb_parametros.nrTamanio ,tb_parametros.dtActualizacion  FROM tb_parametros  WHERE tb_parametros.dsParametro = 'CALCULA_IVA_LIC_990'  
09/06/2016 23:02:06 | Exec sp_obtenerComision_v4_7 @tpComprobante_param = 'FA' ,@vlTotalGeneral_param = 450 ,@tpComision_param = 'A Clientes' ,@tpCliente_param = 'A Clientes' ,@dsCodigoDestinos_param = '''Viaje'',null,450' 
09/06/2016 23:02:06 |  SELECT tb_parametros.dsParametro ,tb_parametros.vlParametro ,tb_parametros.tpParametro ,tb_parametros.flEditable ,tb_parametros.nrTamanio ,tb_parametros.dtActualizacion  FROM tb_parametros  WHERE tb_parametros.dsParametro = 'MONTO_EXIGE_CUIT_CUIL'  
09/06/2016 23:02:06 |  SELECT TB_Cajas.nrCaja  FROM TB_Cajas  WHERE TB_Cajas.nrCaja = 1000010105  AND  TB_Cajas.flEstado = 0  
09/06/2016 23:02:08 | Exec sco_DiccionariodeDatos @nmtabla_param='sp_eliminarFisicamenteunComprobanteEliminadoLogicamente_v2_5'
09/06/2016 23:02:08 | Exec sp_eliminarFisicamenteunComprobanteEliminadoLogicamente_v2_5 @nrTalonario_param = '0006' ,@nrComprobante_param = '00633543' ,@tpComprobante_param = 'FA' ,@tpLetra_param = 'B' 
09/06/2016 23:02:08 | Exec spu_obtener_puntosdeventa_facturacion_v4_7 @nrPuesto_param = 1 ,@tipo_iva = 'CF' ,@auto_impresor = 'S' ,@tpFormadePago = null ,@tpComprobante = 'FA' 
09/06/2016 23:02:08 |  INSERT TB_Comprobantes (nrComprobante ,nrTalonario ,vlPagoReales ,nrDoc ,tpLetra ,cdCliente ,dsRazonSocial ,vlTotalGeneral ,dsLeyenda ,vlPagoEuros ,nmEmpleado ,nrPuesto ,nrCaja ,nrLicencia ,nrBultos ,nrPasajeros ,tpComprobante ,vlPagoDolares ,vlPagoPesos ,nmLicenciatario ,dtComprobante ,dsEmail ,vlSubtotal ,vlIVA ,cdCondVenta ,tpComision ,tpIVA ,dsOpcional3 ,cdCodBar ,dtCaja ,dtInsercion ,dsOpcional1 ,nrCAI ,dtVencimiento ,vlDiaDolar ,vlDiaEuro ,vlDiaReal ,dsOpcional2 ,dsUsuario ,flSincronizado ,flManual )  VALUES ('00633543' ,'0006' ,0.00 ,null ,'B' ,1 ,'Consumidor Final' ,450.00 ,null ,0.00 ,'BARBARA FAZZALARI' ,1 ,1000010105 ,123 ,null ,null ,'FA' ,0.00 ,450.00 ,'SUFFIA DIEGO ALEJANDRO' ,'09/06/2016' ,null ,450.00 ,0.00 ,'Contado' ,'A Clientes' ,'CF' ,'307082499190100063506310668186314012017' ,'000600633543123' ,'09/06/2016 11:02:08' ,'09/06/2016 11:02:08' ,'23:02' ,'35063106681863' ,'14/01/2017' ,9.1 ,10 ,3.21 ,'CENTRO - CAPITAL FEDERAL CON PEAJES  (1 DESTINO) ' ,'BFAZZALARI' ,0 ,'N' )
09/06/2016 23:02:08 | Exec sco_DiccionariodeDatos @nmtabla_param='DiccionariodeDatos'
09/06/2016 23:02:08 |  UPDATE DiccionariodeDatos SET DiccionariodeDatos.vlPuesto1  = '633543'   WHERE DiccionariodeDatos.nmTabla = 'TB_Comprobantes'  AND  DiccionariodeDatos.nmCampo = 'nrComprobante'  
09/06/2016 23:02:08 | Exec sco_DiccionariodeDatos @nmtabla_param='TB_ComprobantesDetalle'
09/06/2016 23:02:08 |  INSERT TB_ComprobantesDetalle (nrTalonario ,nrComprobante ,tpComprobante ,tpLetra ,nrItem ,cdProducto ,dsProducto ,tpOperacion ,vlPorcentaje ,vlPrecioPeaje ,vlKilometros ,vlPrecioViaje ,dtInsercion ,flSincronizado ,nrCaja ,nrPuesto )  VALUES ('0006' ,'00633543' ,'FA' ,'B' ,1 ,90001 ,'CENTRO - CAPITAL FEDERAL CON PEAJES  (1 DESTINO) ' ,'Viaje' ,0 ,0 ,null ,450 ,'09/06/2016' ,0 ,1000010105 ,1 )
09/06/2016 23:02:08 | Exec sp_obtenerComision_v4_7 @tpComprobante_param = 'FA' ,@vlTotalGeneral_param = 450 ,@tpComision_param = 'A Clientes' ,@tpCliente_param = 'A Clientes' ,@dsCodigoDestinos_param = '''Viaje'',null,450' 
09/06/2016 23:02:08 | Exec sco_DiccionariodeDatos @nmtabla_param='TB_Cupones'
09/06/2016 23:02:08 | Exec SP_ObtenerMaxnrCupon_v2_7 
09/06/2016 23:02:08 |  INSERT TB_Cupones (nrTalonarioCliente ,nrComprabanteCliente ,tpComprobanteCliente ,tpLetraCliente ,cdCliente ,nrPuesto ,nrLicencia ,nmLicenciatario ,vlMontoCupon ,vlPagoPesos ,vlPagoDolares ,vlPagoEuros ,vlPagoReales ,nrCantidadBultos ,tpCupon ,dsDestino ,dsHoraViaje ,dsLeyenda ,flCobradoalCliente ,dtCobradoalCliente ,flCompensado ,vlaFavordelLicenciatario ,vlafavorAdmin ,vlComision ,dtCajaCliente ,nrCajaCliente ,dtCupon ,dsUsuario ,nrPasajeros ,flSincronizado ,vlIVA ,vlSubtotal ,cdCodBar ,nrCupon )  VALUES ('0006' ,'00633543' ,'FA' ,'B' ,1 ,1 ,123 ,'SUFFIA DIEGO ALEJANDRO' ,450.00 ,450.00 ,0.00 ,0.00 ,0.00 ,null ,'Contado' ,'CENTRO - CAPITAL FEDERAL CON PEAJES  (1 DESTINO) ' ,'23:02' ,null ,1 ,'09/06/2016 11:02:08' ,0 ,414 ,0 ,36 ,'09/06/2016 11:02:08' ,1000010105 ,'09/06/2016 11:02:08' ,'BFAZZALARI' ,null ,0 ,0.00 ,450.00 ,'000600633543123' ,51 )
09/06/2016 23:02:08 |  UPDATE DiccionariodeDatos SET DiccionariodeDatos.vlPuesto1  = '51'   WHERE DiccionariodeDatos.nmTabla = 'TB_Cupones'  AND  DiccionariodeDatos.nmCampo = 'nrCupon'  
09/06/2016 23:02:08 |  SELECT TB_Cajas.vlSaldoFinalPesos ,TB_Cajas.vlSaldoFinalDolares ,TB_Cajas.vlSaldoFinalEuros ,TB_Cajas.vlSaldoFinalReales  FROM TB_Cajas  WHERE TB_Cajas.nrCaja = 1000010105  
09/06/2016 23:02:08 |  UPDATE TB_Cajas SET TB_Cajas.vlSaldoFinalPesos  = 2800 ,TB_Cajas.vlSaldoFinalDolares  = 100 ,TB_Cajas.vlSaldoFinalReales  = 0 ,TB_Cajas.vlSaldoFinalEuros  = 50   WHERE TB_Cajas.nrCaja = 1000010105  
09/06/2016 23:02:08 | Exec sco_DiccionariodeDatos @nmtabla_param='spu_actualizar_puntosdeventa_facturacion_v4_7'
09/06/2016 23:02:08 | Exec spu_actualizar_puntosdeventa_facturacion_v4_7 @nrPuesto_param = 1 ,@tipo_iva = 'CF' ,@auto_impresor = 'S' ,@tpFormadePago = null ,@tpComprobante = 'FA' ,@nrComprobante = 633543 
09/06/2016 23:02:08 | Exec sco_DiccionariodeDatos @nmtabla_param='SP_PrepararReimpresiondeComprobante_v4_7'
09/06/2016 23:02:08 | Exec SP_PrepararReimpresiondeComprobante_v4_7 @nrTalonario = '0006' ,@nrComprobante = '00633543' ,@tpComprobante = 'FA' ,@tpLetra = 'B' ,@dsUsuario = 'BFAZZALARI' 
09/06/2016 23:02:16 | Exec sco_DiccionariodeDatos @nmtabla_param='SP_eliminarTablasImpresion_v4_7'
09/06/2016 23:02:16 | Exec SP_eliminarTablasImpresion_v4_7 @dsUsuario = 'BFAZZALARI' 
09/06/2016 23:02:16 | Exec spu_obtener_puntosdeventa_facturacion_v4_7 @nrPuesto_param = 1 ,@tipo_iva = 'CF' ,@auto_impresor = 'S' ,@tpFormadePago = null ,@tpComprobante = 'FA' 
09/06/2016 23:02:16 | Exec spu_obtener_puntosdeventa_facturacion_v4_7 @nrPuesto_param = 1 ,@tipo_iva = 'CF' ,@auto_impresor = 'S' ,@tpFormadePago = null ,@tpComprobante = 'FA' 
09/06/2016 23:02:16 | Exec sp_obtenerComision_v4_7 @tpComprobante_param = 'FA' ,@vlTotalGeneral_param = 0 ,@tpComision_param = 'A Clientes' ,@tpCliente_param = 'A Clientes' ,@dsCodigoDestinos_param = null 
09/06/2016 23:02:16 | Exec sp_obtenerComision_v4_7 @tpComprobante_param = 'FA' ,@vlTotalGeneral_param = 0 ,@tpComision_param = 'A Clientes' ,@tpCliente_param = 'A Clientes' ,@dsCodigoDestinos_param = null 
09/06/2016 23:02:16 | Exec sp_obtenerComision_v4_7 @tpComprobante_param = 'FA' ,@vlTotalGeneral_param = 0 ,@tpComision_param = 'A Clientes' ,@tpCliente_param = 'A Clientes' ,@dsCodigoDestinos_param = null 
09/06/2016 23:12:21 | Exec sp_obtenerComision_v4_7 @tpComprobante_param = 'FA' ,@vlTotalGeneral_param = 0 ,@tpComision_param = 'A Clientes' ,@tpCliente_param = 'A Clientes' ,@dsCodigoDestinos_param = null 
09/06/2016 23:12:21 | Exec sp_obtenerComision_v4_7 @tpComprobante_param = 'FA' ,@vlTotalGeneral_param = 0 ,@tpComision_param = 'A Clientes' ,@tpCliente_param = 'A Clientes' ,@dsCodigoDestinos_param = null 
09/06/2016 23:12:32 | Exec sco_AccesosOpcionesMenu @p_tpNivelAcceso = 'Puestos' ,@p_operaconcaja = 1 
09/06/2016 23:27:52 | Exec  sco_TB_Productos_v4_1 
09/06/2016 23:27:53 | Exec sco_DiccionariodeDatos @nmtabla_param='TB_Usuarios'
09/06/2016 23:27:55 |  SELECT TB_Usuarios.dsUsuario ,TB_Usuarios.dspassword ,TB_Usuarios.tpAcceso ,TB_Usuarios.nmNombre ,TB_Usuarios.nmApellido ,TB_Usuarios.flBloqueado ,TB_Usuarios.tpNivelJerarquico  FROM TB_Usuarios  WHERE TB_Usuarios.dsUsuario = 'BFAZZALARI'  AND  TB_Usuarios.flEliminar = 0  
09/06/2016 23:27:55 |  SELECT TB_Usuarios.dsUsuario ,TB_Usuarios.dspassword ,TB_Usuarios.tpAcceso ,TB_Usuarios.nmNombre ,TB_Usuarios.nmApellido ,TB_Usuarios.flBloqueado ,TB_Usuarios.tpNivelJerarquico  FROM TB_Usuarios  WHERE TB_Usuarios.dsUsuario = 'BFAZZALARI'  AND  TB_Usuarios.flEliminar = 0  
09/06/2016 23:27:55 | Exec sco_DiccionariodeDatos @nmtabla_param='sp_obtenerCajasPendientesdeAprobacion_v2_5'
09/06/2016 23:27:56 | Exec sp_obtenerCajasPendientesdeAprobacion_v2_5 @pdsUsuario_param = 'BFAZZALARI' 
09/06/2016 23:27:57 | Exec sp_obtenerCajasRechazadas_v2_9 
09/06/2016 23:27:57 | Exec sco_DiccionariodeDatos @nmtabla_param='TB_Parametros'
09/06/2016 23:27:57 |  SELECT TB_Parametros.vlParametro  FROM TB_Parametros  WHERE TB_Parametros.dsParametro = 'VALOR EURO'  
09/06/2016 23:27:57 |  SELECT TB_Parametros.vlParametro  FROM TB_Parametros  WHERE TB_Parametros.dsParametro = 'VALOR DOLAR'  
09/06/2016 23:27:57 | Exec SP_ValorPromoRetorno
09/06/2016 23:27:57 | Exec sco_DiccionariodeDatos @nmtabla_param='TB_Comisiones'
09/06/2016 23:27:57 |  SELECT TB_Comisiones.vlMontoMinimo  FROM TB_Comisiones  WHERE TB_Comisiones.tpComision = 'Retorno'  AND  TB_Comisiones.flEliminar = 0  
09/06/2016 23:27:57 |  SELECT TB_Parametros.vlParametro  FROM TB_Parametros  WHERE TB_Parametros.dsParametro = 'VALOR REAL'  
09/06/2016 23:27:57 | Exec sco_DiccionariodeDatos @nmtabla_param='TB_Cajas'
09/06/2016 23:27:57 |  SELECT TB_Cajas.nrCaja  FROM TB_Cajas  WHERE TB_Cajas.dsUsuario = 'BFAZZALARI'  and  TB_Cajas.flEstado = 0  and  TB_Cajas.tpEstadoAprobacion IS NULL  and  TB_Cajas.nrcaja > 0  
09/06/2016 23:27:58 | Exec sco_DiccionariodeDatos @nmtabla_param='sco_AccesosOpcionesMenu'
09/06/2016 23:27:58 | Exec sco_AccesosOpcionesMenu @p_tpNivelAcceso = 'Puestos' ,@p_operaconcaja = 1 
09/06/2016 23:27:58 | Exec sco_AccesosOpcionesMenu @p_tpNivelAcceso = 'Puestos' ,@p_operaconcaja = 1 
09/06/2016 23:28:00 | Exec sco_DiccionariodeDatos @nmtabla_param='sco_cajapuesto_v3_9'
09/06/2016 23:28:00 | Exec sco_cajapuesto_v3_9 @nrCaja_param = 1000010105 
09/06/2016 23:28:00 | Exec sco_DiccionariodeDatos @nmtabla_param='TB_Comprobantes'
09/06/2016 23:28:00 | Exec sco_DiccionariodeDatos @nmtabla_param='sp_obtenerComision_v4_7'
09/06/2016 23:28:00 | Exec sp_obtenerComision_v4_7 @tpComprobante_param = null ,@vlTotalGeneral_param = 0 ,@tpComision_param = null ,@tpCliente_param = null ,@dsCodigoDestinos_param = null 
09/06/2016 23:28:00 | Exec sp_obtenerComision_v4_7 @tpComprobante_param = null ,@vlTotalGeneral_param = 0 ,@tpComision_param = 'A Clientes' ,@tpCliente_param = 'A Clientes' ,@dsCodigoDestinos_param = null 
09/06/2016 23:28:00 | Exec sco_DiccionariodeDatos @nmtabla_param='spu_obtener_puntosdeventa_facturacion_v4_7'
09/06/2016 23:28:00 | Exec spu_obtener_puntosdeventa_facturacion_v4_7 @nrPuesto_param = 1 ,@tipo_iva = 'CF' ,@auto_impresor = 'S' ,@tpFormadePago = null ,@tpComprobante = 'FA' 
09/06/2016 23:28:00 | Exec sp_obtenerComision_v4_7 @tpComprobante_param = 'FA' ,@vlTotalGeneral_param = 0 ,@tpComision_param = 'A Clientes' ,@tpCliente_param = 'A Clientes' ,@dsCodigoDestinos_param = null 
09/06/2016 23:28:00 | Exec spu_obtener_puntosdeventa_facturacion_v4_7 @nrPuesto_param = 1 ,@tipo_iva = 'CF' ,@auto_impresor = 'S' ,@tpFormadePago = null ,@tpComprobante = 'FA' 
09/06/2016 23:28:00 | Exec spu_obtener_puntosdeventa_facturacion_v4_7 @nrPuesto_param = 1 ,@tipo_iva = 'CF' ,@auto_impresor = 'S' ,@tpFormadePago = null ,@tpComprobante = 'FA' 
09/06/2016 23:28:00 | Exec sp_obtenerComision_v4_7 @tpComprobante_param = 'FA' ,@vlTotalGeneral_param = 0 ,@tpComision_param = 'A Clientes' ,@tpCliente_param = 'A Clientes' ,@dsCodigoDestinos_param = null 
09/06/2016 23:28:00 | Exec sp_obtenerComision_v4_7 @tpComprobante_param = 'FA' ,@vlTotalGeneral_param = 0 ,@tpComision_param = 'A Clientes' ,@tpCliente_param = 'A Clientes' ,@dsCodigoDestinos_param = null 
09/06/2016 23:28:00 | Exec sp_obtenerComision_v4_7 @tpComprobante_param = 'FA' ,@vlTotalGeneral_param = 0 ,@tpComision_param = 'A Clientes' ,@tpCliente_param = 'A Clientes' ,@dsCodigoDestinos_param = null 
09/06/2016 23:28:00 | Exec sco_DiccionariodeDatos @nmtabla_param='TB_Productos'
09/06/2016 23:28:01 | Exec sp_obtenerComision_v4_7 @tpComprobante_param = 'FA' ,@vlTotalGeneral_param = 0 ,@tpComision_param = 'A Clientes' ,@tpCliente_param = 'A Clientes' ,@dsCodigoDestinos_param = null 
09/06/2016 23:28:01 | Exec sp_obtenerComision_v4_7 @tpComprobante_param = 'FA' ,@vlTotalGeneral_param = 0 ,@tpComision_param = 'A Clientes' ,@tpCliente_param = 'A Clientes' ,@dsCodigoDestinos_param = null 
09/06/2016 23:28:03 | Exec sp_obtenerComision_v4_7 @tpComprobante_param = 'FA' ,@vlTotalGeneral_param = 0 ,@tpComision_param = 'A Clientes' ,@tpCliente_param = 'A Clientes' ,@dsCodigoDestinos_param = '''Viaje'',null,450' 
09/06/2016 23:28:04 | Exec sp_obtenerComision_v4_7 @tpComprobante_param = 'FA' ,@vlTotalGeneral_param = 0 ,@tpComision_param = 'A Clientes' ,@tpCliente_param = 'A Clientes' ,@dsCodigoDestinos_param = '''Viaje'',null,450' 
09/06/2016 23:28:04 | Exec sco_DiccionariodeDatos @nmtabla_param='SP_Supera_KM_IVA_segunMonto_2_0'
09/06/2016 23:28:04 | Exec SP_Supera_KM_IVA_segunMonto_2_0 @tpCategoriaIVA_param = 'CF' ,@vlKilometros_param = 0 ,@vlMonto_param = 450 
09/06/2016 23:28:04 | Exec sp_obtenerComision_v4_7 @tpComprobante_param = 'FA' ,@vlTotalGeneral_param = 450 ,@tpComision_param = 'A Clientes' ,@tpCliente_param = 'A Clientes' ,@dsCodigoDestinos_param = '''Viaje'',null,450' 
09/06/2016 23:28:04 | Exec sp_obtenerComision_v4_7 @tpComprobante_param = 'FA' ,@vlTotalGeneral_param = 450 ,@tpComision_param = 'A Clientes' ,@tpCliente_param = 'A Clientes' ,@dsCodigoDestinos_param = '''Viaje'',null,450' 
09/06/2016 23:28:04 | Exec sp_obtenerComision_v4_7 @tpComprobante_param = 'FA' ,@vlTotalGeneral_param = 450 ,@tpComision_param = 'A Clientes' ,@tpCliente_param = 'A Clientes' ,@dsCodigoDestinos_param = '''Viaje'',null,450' 
09/06/2016 23:28:05 | Exec sco_DiccionariodeDatos @nmtabla_param='TB_Proveedores'
09/06/2016 23:28:05 |  SELECT TB_Proveedores.nmNombre ,TB_Proveedores.nmApellido  FROM TB_Proveedores  WHERE TB_Proveedores.tpCategoria = 'Licenciatario'  AND  TB_Proveedores.nrLicencia = 123  AND  TB_Proveedores.flEliminar = 0  
09/06/2016 23:28:07 |  SELECT tb_parametros.dsParametro ,tb_parametros.vlParametro ,tb_parametros.tpParametro ,tb_parametros.flEditable ,tb_parametros.nrTamanio ,tb_parametros.dtActualizacion  FROM tb_parametros  WHERE tb_parametros.dsParametro = 'CALCULA_IVA_LIC_990'  
09/06/2016 23:28:07 | Exec sp_obtenerComision_v4_7 @tpComprobante_param = 'FA' ,@vlTotalGeneral_param = 450 ,@tpComision_param = 'A Clientes' ,@tpCliente_param = 'A Clientes' ,@dsCodigoDestinos_param = '''Viaje'',null,450' 
09/06/2016 23:28:07 |  SELECT tb_parametros.dsParametro ,tb_parametros.vlParametro ,tb_parametros.tpParametro ,tb_parametros.flEditable ,tb_parametros.nrTamanio ,tb_parametros.dtActualizacion  FROM tb_parametros  WHERE tb_parametros.dsParametro = 'MONTO_EXIGE_CUIT_CUIL'  
09/06/2016 23:28:07 |  SELECT TB_Cajas.nrCaja  FROM TB_Cajas  WHERE TB_Cajas.nrCaja = 1000010105  AND  TB_Cajas.flEstado = 0  
09/06/2016 23:28:09 | Exec sco_DiccionariodeDatos @nmtabla_param='sp_eliminarFisicamenteunComprobanteEliminadoLogicamente_v2_5'
09/06/2016 23:28:09 | Exec sp_eliminarFisicamenteunComprobanteEliminadoLogicamente_v2_5 @nrTalonario_param = '0006' ,@nrComprobante_param = '00633544' ,@tpComprobante_param = 'FA' ,@tpLetra_param = 'B' 
09/06/2016 23:28:09 | Exec spu_obtener_puntosdeventa_facturacion_v4_7 @nrPuesto_param = 1 ,@tipo_iva = 'CF' ,@auto_impresor = 'S' ,@tpFormadePago = null ,@tpComprobante = 'FA' 
09/06/2016 23:28:09 |  INSERT TB_Comprobantes (nrComprobante ,nrTalonario ,vlPagoReales ,nrDoc ,tpLetra ,cdCliente ,dsRazonSocial ,vlTotalGeneral ,dsLeyenda ,vlPagoEuros ,nmEmpleado ,nrPuesto ,nrCaja ,nrLicencia ,nrBultos ,nrPasajeros ,tpComprobante ,vlPagoDolares ,vlPagoPesos ,nmLicenciatario ,dtComprobante ,dsEmail ,vlSubtotal ,vlIVA ,cdCondVenta ,tpComision ,tpIVA ,dsOpcional3 ,cdCodBar ,dtCaja ,dtInsercion ,dsOpcional1 ,nrCAI ,dtVencimiento ,vlDiaDolar ,vlDiaEuro ,vlDiaReal ,dsOpcional2 ,dsUsuario ,flSincronizado ,flManual )  VALUES ('00633544' ,'0006' ,0.00 ,null ,'B' ,1 ,'Consumidor Final' ,450.00 ,null ,0.00 ,'BARBARA FAZZALARI' ,1 ,1000010105 ,123 ,null ,null ,'FA' ,0.00 ,450.00 ,'SUFFIA DIEGO ALEJANDRO' ,'09/06/2016' ,null ,450.00 ,0.00 ,'Contado' ,'A Clientes' ,'CF' ,'307082499190100063506310668186314012017' ,'000600633544123' ,'09/06/2016 11:28:09' ,'09/06/2016 11:28:09' ,'23:28' ,'35063106681863' ,'14/01/2017' ,9.1 ,10 ,3.21 ,'CENTRO - CAPITAL FEDERAL CON PEAJES  (1 DESTINO) ' ,'BFAZZALARI' ,0 ,'N' )
09/06/2016 23:28:09 | Exec sco_DiccionariodeDatos @nmtabla_param='DiccionariodeDatos'
09/06/2016 23:28:09 |  UPDATE DiccionariodeDatos SET DiccionariodeDatos.vlPuesto1  = '633544'   WHERE DiccionariodeDatos.nmTabla = 'TB_Comprobantes'  AND  DiccionariodeDatos.nmCampo = 'nrComprobante'  
09/06/2016 23:28:09 | Exec sco_DiccionariodeDatos @nmtabla_param='TB_ComprobantesDetalle'
09/06/2016 23:28:09 |  INSERT TB_ComprobantesDetalle (nrTalonario ,nrComprobante ,tpComprobante ,tpLetra ,nrItem ,cdProducto ,dsProducto ,tpOperacion ,vlPorcentaje ,vlPrecioPeaje ,vlKilometros ,vlPrecioViaje ,dtInsercion ,flSincronizado ,nrCaja ,nrPuesto )  VALUES ('0006' ,'00633544' ,'FA' ,'B' ,1 ,90001 ,'CENTRO - CAPITAL FEDERAL CON PEAJES  (1 DESTINO) ' ,'Viaje' ,0 ,0 ,null ,450 ,'09/06/2016' ,0 ,1000010105 ,1 )
09/06/2016 23:28:09 | Exec sp_obtenerComision_v4_7 @tpComprobante_param = 'FA' ,@vlTotalGeneral_param = 450 ,@tpComision_param = 'A Clientes' ,@tpCliente_param = 'A Clientes' ,@dsCodigoDestinos_param = '''Viaje'',null,450' 
09/06/2016 23:28:09 | Exec sco_DiccionariodeDatos @nmtabla_param='TB_Cupones'
09/06/2016 23:28:09 | Exec SP_ObtenerMaxnrCupon_v2_7 
09/06/2016 23:28:09 |  INSERT TB_Cupones (nrTalonarioCliente ,nrComprabanteCliente ,tpComprobanteCliente ,tpLetraCliente ,cdCliente ,nrPuesto ,nrLicencia ,nmLicenciatario ,vlMontoCupon ,vlPagoPesos ,vlPagoDolares ,vlPagoEuros ,vlPagoReales ,nrCantidadBultos ,tpCupon ,dsDestino ,dsHoraViaje ,dsLeyenda ,flCobradoalCliente ,dtCobradoalCliente ,flCompensado ,vlaFavordelLicenciatario ,vlafavorAdmin ,vlComision ,dtCajaCliente ,nrCajaCliente ,dtCupon ,dsUsuario ,nrPasajeros ,flSincronizado ,vlIVA ,vlSubtotal ,cdCodBar ,nrCupon )  VALUES ('0006' ,'00633544' ,'FA' ,'B' ,1 ,1 ,123 ,'SUFFIA DIEGO ALEJANDRO' ,450.00 ,450.00 ,0.00 ,0.00 ,0.00 ,null ,'Contado' ,'CENTRO - CAPITAL FEDERAL CON PEAJES  (1 DESTINO) ' ,'23:28' ,null ,1 ,'09/06/2016 11:28:09' ,0 ,414 ,0 ,36 ,'09/06/2016 11:28:09' ,1000010105 ,'09/06/2016 11:28:09' ,'BFAZZALARI' ,null ,0 ,0.00 ,450.00 ,'000600633544123' ,52 )
09/06/2016 23:28:09 |  UPDATE DiccionariodeDatos SET DiccionariodeDatos.vlPuesto1  = '52'   WHERE DiccionariodeDatos.nmTabla = 'TB_Cupones'  AND  DiccionariodeDatos.nmCampo = 'nrCupon'  
09/06/2016 23:28:09 |  SELECT TB_Cajas.vlSaldoFinalPesos ,TB_Cajas.vlSaldoFinalDolares ,TB_Cajas.vlSaldoFinalEuros ,TB_Cajas.vlSaldoFinalReales  FROM TB_Cajas  WHERE TB_Cajas.nrCaja = 1000010105  
09/06/2016 23:28:09 |  UPDATE TB_Cajas SET TB_Cajas.vlSaldoFinalPesos  = 3250 ,TB_Cajas.vlSaldoFinalDolares  = 100 ,TB_Cajas.vlSaldoFinalReales  = 0 ,TB_Cajas.vlSaldoFinalEuros  = 50   WHERE TB_Cajas.nrCaja = 1000010105  
09/06/2016 23:28:09 | Exec sco_DiccionariodeDatos @nmtabla_param='spu_actualizar_puntosdeventa_facturacion_v4_7'
09/06/2016 23:28:09 | Exec spu_actualizar_puntosdeventa_facturacion_v4_7 @nrPuesto_param = 1 ,@tipo_iva = 'CF' ,@auto_impresor = 'S' ,@tpFormadePago = null ,@tpComprobante = 'FA' ,@nrComprobante = 633544 
09/06/2016 23:28:09 | Exec sco_DiccionariodeDatos @nmtabla_param='SP_PrepararReimpresiondeComprobante_v4_7'
09/06/2016 23:28:09 | Exec SP_PrepararReimpresiondeComprobante_v4_7 @nrTalonario = '0006' ,@nrComprobante = '00633544' ,@tpComprobante = 'FA' ,@tpLetra = 'B' ,@dsUsuario = 'BFAZZALARI' 
09/06/2016 23:28:22 | Exec sco_DiccionariodeDatos @nmtabla_param='SP_eliminarTablasImpresion_v4_7'
09/06/2016 23:28:22 | Exec SP_eliminarTablasImpresion_v4_7 @dsUsuario = 'BFAZZALARI' 
09/06/2016 23:28:22 | Exec spu_obtener_puntosdeventa_facturacion_v4_7 @nrPuesto_param = 1 ,@tipo_iva = 'CF' ,@auto_impresor = 'S' ,@tpFormadePago = null ,@tpComprobante = 'FA' 
09/06/2016 23:28:22 | Exec spu_obtener_puntosdeventa_facturacion_v4_7 @nrPuesto_param = 1 ,@tipo_iva = 'CF' ,@auto_impresor = 'S' ,@tpFormadePago = null ,@tpComprobante = 'FA' 
09/06/2016 23:28:22 | Exec sp_obtenerComision_v4_7 @tpComprobante_param = 'FA' ,@vlTotalGeneral_param = 0 ,@tpComision_param = 'A Clientes' ,@tpCliente_param = 'A Clientes' ,@dsCodigoDestinos_param = null 
09/06/2016 23:28:22 | Exec sp_obtenerComision_v4_7 @tpComprobante_param = 'FA' ,@vlTotalGeneral_param = 0 ,@tpComision_param = 'A Clientes' ,@tpCliente_param = 'A Clientes' ,@dsCodigoDestinos_param = null 
09/06/2016 23:28:22 | Exec sp_obtenerComision_v4_7 @tpComprobante_param = 'FA' ,@vlTotalGeneral_param = 0 ,@tpComision_param = 'A Clientes' ,@tpCliente_param = 'A Clientes' ,@dsCodigoDestinos_param = null 
09/06/2016 23:28:47 | Exec sp_obtenerComision_v4_7 @tpComprobante_param = 'FA' ,@vlTotalGeneral_param = 0 ,@tpComision_param = 'A Clientes' ,@tpCliente_param = 'A Clientes' ,@dsCodigoDestinos_param = null 
09/06/2016 23:28:47 | Exec sp_obtenerComision_v4_7 @tpComprobante_param = 'FA' ,@vlTotalGeneral_param = 0 ,@tpComision_param = 'A Clientes' ,@tpCliente_param = 'A Clientes' ,@dsCodigoDestinos_param = null 
09/06/2016 23:28:48 | Exec sco_AccesosOpcionesMenu @p_tpNivelAcceso = 'Puestos' ,@p_operaconcaja = 1 
