08/01/2016 18:09:58 | Exec  sco_TB_Productos_v4_1 
08/01/2016 18:10:00 | Exec sco_DiccionariodeDatos @nmtabla_param='TB_Usuarios'
08/01/2016 18:10:06 |  SELECT TB_Usuarios.dsUsuario ,TB_Usuarios.dspassword ,TB_Usuarios.tpAcceso ,TB_Usuarios.nmNombre ,TB_Usuarios.nmApellido ,TB_Usuarios.flBloqueado ,TB_Usuarios.tpNivelJerarquico  FROM TB_Usuarios  WHERE TB_Usuarios.dsUsuario = 'CAMILAP'  AND  TB_Usuarios.flEliminar = 0  
08/01/2016 18:10:06 |  SELECT TB_Usuarios.dsUsuario ,TB_Usuarios.dspassword ,TB_Usuarios.tpAcceso ,TB_Usuarios.nmNombre ,TB_Usuarios.nmApellido ,TB_Usuarios.flBloqueado ,TB_Usuarios.tpNivelJerarquico  FROM TB_Usuarios  WHERE TB_Usuarios.dsUsuario = 'CAMILAP'  AND  TB_Usuarios.flEliminar = 0  
08/01/2016 18:10:06 | Exec sco_DiccionariodeDatos @nmtabla_param='sp_obtenerCajasPendientesdeAprobacion_v2_5'
08/01/2016 18:10:06 | Exec sp_obtenerCajasPendientesdeAprobacion_v2_5 @pdsUsuario_param = 'CAMILAP' 
08/01/2016 18:10:06 | Exec sp_obtenerCajasRechazadas_v2_9 
08/01/2016 18:10:06 | Exec sco_DiccionariodeDatos @nmtabla_param='TB_Parametros'
08/01/2016 18:10:06 |  SELECT TB_Parametros.vlParametro  FROM TB_Parametros  WHERE TB_Parametros.dsParametro = 'VALOR EURO'  
08/01/2016 18:10:06 |  SELECT TB_Parametros.vlParametro  FROM TB_Parametros  WHERE TB_Parametros.dsParametro = 'VALOR DOLAR'  
08/01/2016 18:10:06 | Exec SP_ValorPromoRetorno
08/01/2016 18:10:06 | Exec sco_DiccionariodeDatos @nmtabla_param='TB_Comisiones'
08/01/2016 18:10:06 |  SELECT TB_Comisiones.vlMontoMinimo  FROM TB_Comisiones  WHERE TB_Comisiones.tpComision = 'Retorno'  AND  TB_Comisiones.flEliminar = 0  
08/01/2016 18:10:06 |  SELECT TB_Parametros.vlParametro  FROM TB_Parametros  WHERE TB_Parametros.dsParametro = 'VALOR REAL'  
08/01/2016 18:10:06 | Exec sco_DiccionariodeDatos @nmtabla_param='TB_Cajas'
08/01/2016 18:10:06 |  SELECT TB_Cajas.nrCaja  FROM TB_Cajas  WHERE TB_Cajas.dsUsuario = 'CAMILAP'  and  TB_Cajas.flEstado = 0  and  TB_Cajas.tpEstadoAprobacion IS NULL  and  TB_Cajas.nrcaja > 0  
08/01/2016 18:10:08 |  SELECT TB_Cajas.nrCaja ,TB_Cajas.vlTotalSaldoFinal ,TB_Cajas.nrPuesto ,TB_Cajas.dsUsuario ,TB_Cajas.vlSaldoInicialPesos ,TB_Cajas.dtApertura ,TB_Cajas.dtCierre ,TB_Cajas.vlDiaDolar ,TB_Cajas.vlDiaEuro ,TB_Cajas.vlSaldoInicialEuros ,TB_Cajas.vlSaldoInicialDolares ,TB_Cajas.vlSaldoFinalRealPesos ,TB_Cajas.vlTotalSaldoInicial ,TB_Cajas.dtObservacion ,TB_Cajas.vlCierrePesos ,TB_Cajas.vlSaldoFinalRealDolares ,TB_Cajas.vlSaldoFinalRealEuros ,TB_Cajas.vlTotalSaldoFinalReal ,TB_Cajas.vlCierreDolares ,TB_Cajas.vlCierreEuros ,TB_Cajas.dsObservacion ,TB_Cajas.vlDiaReal ,TB_Cajas.flEstado  FROM TB_Cajas  WHERE TB_Cajas.nrCaja = 9000003773  
08/01/2016 18:10:08 | Exec sco_DiccionariodeDatos @nmtabla_param='SP_SumaCajaADM_v2_9'
08/01/2016 18:10:08 | Exec SP_SumaCajaADM_v2_9 @nrCaja_param = 9000003773 ,@tpCaja_param = 'CA' ,@tpCajaImputacion_param = null 
08/01/2016 18:10:08 |  UPDATE TB_Cajas SET TB_Cajas.vlSaldoFinalRealPesos  = 6049.00 ,TB_Cajas.vlSaldoFinalRealEuros  = 0.00 ,TB_Cajas.vlSaldoFinalRealDolares  = 0.00 ,TB_Cajas.vlCierrePesos  = 6049 ,TB_Cajas.vlCierreDolares  = 0 ,TB_Cajas.vlCierreEuros  = 0   WHERE TB_Cajas.nrCaja = 9000003773  
08/01/2016 18:10:09 |  UPDATE TB_Cajas SET TB_Cajas.nrCaja  = 9000003773 ,TB_Cajas.vlTotalSaldoFinal  = 6049.00 ,TB_Cajas.nrPuesto  = 9 ,TB_Cajas.dsUsuario  = 'CAMILAP' ,TB_Cajas.vlSaldoInicialPesos  = 0.00 ,TB_Cajas.dtApertura  = '19/08/2015 11:17:24' ,TB_Cajas.dtCierre  = null ,TB_Cajas.vlDiaDolar  = 9.10 ,TB_Cajas.vlDiaEuro  = 10.00 ,TB_Cajas.vlSaldoInicialEuros  = 0.00 ,TB_Cajas.vlSaldoInicialDolares  = 0.00 ,TB_Cajas.vlSaldoFinalRealPesos  = 6049.00 ,TB_Cajas.vlTotalSaldoInicial  = 0.00 ,TB_Cajas.dtObservacion  = '08/01/2016 06:10:09' ,TB_Cajas.vlCierrePesos  = 6049 ,TB_Cajas.vlSaldoFinalRealDolares  = 0.00 ,TB_Cajas.vlSaldoFinalRealEuros  = 0.00 ,TB_Cajas.vlTotalSaldoFinalReal  = 6049.00 ,TB_Cajas.vlCierreDolares  = 0 ,TB_Cajas.vlCierreEuros  = 0 ,TB_Cajas.dsObservacion  = null ,TB_Cajas.vlDiaReal  = 3.21 ,TB_Cajas.flCajaAdm  = 1   WHERE TB_Cajas.nrCaja = 9000003773  
08/01/2016 18:10:09 | Exec sco_DiccionariodeDatos @nmtabla_param='VW_UltimaCajaAdm'
08/01/2016 18:10:09 |  SELECT VW_UltimaCajaAdm.nrCaja ,VW_UltimaCajaAdm.vlSaldoFinalRealPesos ,VW_UltimaCajaAdm.vlSaldoFinalRealEuros ,VW_UltimaCajaAdm.vlSaldoFinalRealDolares  FROM VW_UltimaCajaAdm 
08/01/2016 18:10:09 |  SELECT TB_Cajas.nrCaja  FROM TB_Cajas  WHERE TB_Cajas.nrCaja = 9000003773  AND  TB_Cajas.flEstado = 0  
08/01/2016 18:10:09 | Exec sco_DiccionariodeDatos @nmtabla_param='sco_cajapuesto_v3_9'
08/01/2016 18:10:09 | Exec sco_cajapuesto_v3_9 @nrCaja_param = 9000003772 
08/01/2016 18:10:09 | Exec sco_cajapuesto_v3_9 @nrCaja_param = 9000003773 
08/01/2016 18:10:09 | Exec sco_DiccionariodeDatos @nmtabla_param='spu_esdifporCotizacionImputadas_v3_9'
08/01/2016 18:10:09 | Exec spu_esdifporCotizacionImputadas_v3_9 @nrCajaAdmActual = 9000003773 
08/01/2016 18:10:09 | Exec sco_validarVencimientosCAI_v4_1
08/01/2016 18:10:13 |  alter  procedure sp_marcarTipodeActualizacionCajaPuesto_v3_7(
 @nrTalonario_param          as varchar(4),
  @nrComprobante_param        as varchar(8),
  @tpComprobante_param        as varchar(4),
 @tpLetra_param              as varchar(2),
 @tpModificacionCajaPuesto_param  varchar(50), /* Agregado, Eliminado, Anulado, Modificado*/  
                           /* En Analisis: Desanulado, Deseliminado */ 
 @dsObservacionCajaPuesto_param   varchar(400)=null) 
 as 
 begin 
    Update [TB_Comprobantes] 
    set  tpModificacionCajaPuesto = @tpModificacionCajaPuesto_param, 
         dsObservacionCajaPuesto  = left(@tpModificacionCajaPuesto_param+': '+ isnull(@dsObservacionCajaPuesto_param,'') + ' / '+isnull(dsObservacionCajaPuesto,''),400) 
    Where 
         nrTalonario =  @nrTalonario_param    and 
        nrComprobante = @nrComprobante_param and 
          tpComprobante = @tpComprobante_param and 
     tpLetra = @tpLetra_param 
End /* DESDE VB */ 
08/01/2016 18:10:13 | Exec sco_DiccionariodeDatos @nmtabla_param='sco_AccesosOpcionesMenu'
08/01/2016 18:10:13 | Exec sco_AccesosOpcionesMenu @p_tpNivelAcceso = 'Administración' ,@p_operaconcaja = 1 
08/01/2016 18:10:13 | Exec sco_AccesosOpcionesMenu @p_tpNivelAcceso = 'Administración' ,@p_operaconcaja = 1 
08/01/2016 18:10:27 | Inicializando Servicio SGLibrary.ServicePrinter
08/01/2016 18:10:28 | Inicializando Servicio SGLibrary.ServicePrinter OK 
08/01/2016 18:10:28 | Exec sco_DiccionariodeDatos @nmtabla_param='TB_Cupones'
08/01/2016 18:10:31 |  SELECT TB_Cupones.cdCodBar ,TB_Cupones.nrLicencia ,TB_Cupones.nmLicenciatario ,TB_Cupones.cdCliente ,TB_Cupones.nrCupon ,TB_Cupones.tpCupon ,TB_Cupones.vlMontoCupon ,TB_Cupones.vlPagoPesos ,TB_Cupones.vlPagoEuros ,TB_Cupones.vlPagoDolares ,TB_Cupones.vlComision ,TB_Cupones.nrTalonarioCliente ,TB_Cupones.nrComprabanteCliente ,TB_Cupones.flCobradoalCliente ,TB_Cupones.vlafavorAdmin ,TB_Cupones.dtCupon  FROM TB_Cupones  WHERE TB_Cupones.cdCliente = 4013  AND  TB_Cupones.tpCupon = 'Cuenta Corriente' AND TB_Cupones.flEliminar = 0  AND  TB_Cupones.flCobradoalCliente = 0 AND TB_Cupones.flAnulado = 0   Order by TB_Cupones.cdCliente ASC 
08/01/2016 18:10:31 | Exec sco_DiccionariodeDatos @nmtabla_param='TB_Clientes'
08/01/2016 18:10:31 |  SELECT TB_Clientes.cdCliente ,TB_Clientes.dsRazonSocial  FROM TB_Clientes  WHERE TB_Clientes.cdCliente = 4013  
08/01/2016 18:10:36 | Exec sco_AccesosOpcionesMenu @p_tpNivelAcceso = 'Administración' ,@p_operaconcaja = 1 
08/01/2016 18:12:18 | Exec  sco_TB_Productos_v4_1 
08/01/2016 18:12:19 | Exec sco_DiccionariodeDatos @nmtabla_param='TB_Usuarios'
08/01/2016 18:12:21 |  SELECT TB_Usuarios.dsUsuario ,TB_Usuarios.dspassword ,TB_Usuarios.tpAcceso ,TB_Usuarios.nmNombre ,TB_Usuarios.nmApellido ,TB_Usuarios.flBloqueado ,TB_Usuarios.tpNivelJerarquico  FROM TB_Usuarios  WHERE TB_Usuarios.dsUsuario = 'CAMILAP'  AND  TB_Usuarios.flEliminar = 0  
08/01/2016 18:12:21 |  SELECT TB_Usuarios.dsUsuario ,TB_Usuarios.dspassword ,TB_Usuarios.tpAcceso ,TB_Usuarios.nmNombre ,TB_Usuarios.nmApellido ,TB_Usuarios.flBloqueado ,TB_Usuarios.tpNivelJerarquico  FROM TB_Usuarios  WHERE TB_Usuarios.dsUsuario = 'CAMILAP'  AND  TB_Usuarios.flEliminar = 0  
08/01/2016 18:12:21 | Exec sco_DiccionariodeDatos @nmtabla_param='sp_obtenerCajasPendientesdeAprobacion_v2_5'
08/01/2016 18:12:21 | Exec sp_obtenerCajasPendientesdeAprobacion_v2_5 @pdsUsuario_param = 'CAMILAP' 
08/01/2016 18:12:21 | Exec sp_obtenerCajasRechazadas_v2_9 
08/01/2016 18:12:21 | Exec sco_DiccionariodeDatos @nmtabla_param='TB_Parametros'
08/01/2016 18:12:21 |  SELECT TB_Parametros.vlParametro  FROM TB_Parametros  WHERE TB_Parametros.dsParametro = 'VALOR EURO'  
08/01/2016 18:12:21 |  SELECT TB_Parametros.vlParametro  FROM TB_Parametros  WHERE TB_Parametros.dsParametro = 'VALOR DOLAR'  
08/01/2016 18:12:21 | Exec SP_ValorPromoRetorno
08/01/2016 18:12:21 | Exec sco_DiccionariodeDatos @nmtabla_param='TB_Comisiones'
08/01/2016 18:12:21 |  SELECT TB_Comisiones.vlMontoMinimo  FROM TB_Comisiones  WHERE TB_Comisiones.tpComision = 'Retorno'  AND  TB_Comisiones.flEliminar = 0  
08/01/2016 18:12:21 |  SELECT TB_Parametros.vlParametro  FROM TB_Parametros  WHERE TB_Parametros.dsParametro = 'VALOR REAL'  
08/01/2016 18:12:21 | Exec sco_DiccionariodeDatos @nmtabla_param='TB_Cajas'
08/01/2016 18:12:21 |  SELECT TB_Cajas.nrCaja  FROM TB_Cajas  WHERE TB_Cajas.dsUsuario = 'CAMILAP'  and  TB_Cajas.flEstado = 0  and  TB_Cajas.tpEstadoAprobacion IS NULL  and  TB_Cajas.nrcaja > 0  
08/01/2016 18:12:23 |  SELECT TB_Cajas.nrCaja ,TB_Cajas.vlTotalSaldoFinal ,TB_Cajas.nrPuesto ,TB_Cajas.dsUsuario ,TB_Cajas.vlSaldoInicialPesos ,TB_Cajas.dtApertura ,TB_Cajas.dtCierre ,TB_Cajas.vlDiaDolar ,TB_Cajas.vlDiaEuro ,TB_Cajas.vlSaldoInicialEuros ,TB_Cajas.vlSaldoInicialDolares ,TB_Cajas.vlSaldoFinalRealPesos ,TB_Cajas.vlTotalSaldoInicial ,TB_Cajas.dtObservacion ,TB_Cajas.vlCierrePesos ,TB_Cajas.vlSaldoFinalRealDolares ,TB_Cajas.vlSaldoFinalRealEuros ,TB_Cajas.vlTotalSaldoFinalReal ,TB_Cajas.vlCierreDolares ,TB_Cajas.vlCierreEuros ,TB_Cajas.dsObservacion ,TB_Cajas.vlDiaReal ,TB_Cajas.flEstado  FROM TB_Cajas  WHERE TB_Cajas.nrCaja = 9000003773  
08/01/2016 18:12:23 | Exec sco_DiccionariodeDatos @nmtabla_param='SP_SumaCajaADM_v2_9'
08/01/2016 18:12:23 | Exec SP_SumaCajaADM_v2_9 @nrCaja_param = 9000003773 ,@tpCaja_param = 'CA' ,@tpCajaImputacion_param = null 
08/01/2016 18:12:23 |  UPDATE TB_Cajas SET TB_Cajas.vlSaldoFinalRealPesos  = 6049.00 ,TB_Cajas.vlSaldoFinalRealEuros  = 0.00 ,TB_Cajas.vlSaldoFinalRealDolares  = 0.00 ,TB_Cajas.vlCierrePesos  = 6049 ,TB_Cajas.vlCierreDolares  = 0 ,TB_Cajas.vlCierreEuros  = 0   WHERE TB_Cajas.nrCaja = 9000003773  
08/01/2016 18:12:24 |  UPDATE TB_Cajas SET TB_Cajas.nrCaja  = 9000003773 ,TB_Cajas.vlTotalSaldoFinal  = 6049.00 ,TB_Cajas.nrPuesto  = 9 ,TB_Cajas.dsUsuario  = 'CAMILAP' ,TB_Cajas.vlSaldoInicialPesos  = 0.00 ,TB_Cajas.dtApertura  = '19/08/2015 11:17:24' ,TB_Cajas.dtCierre  = null ,TB_Cajas.vlDiaDolar  = 9.10 ,TB_Cajas.vlDiaEuro  = 10.00 ,TB_Cajas.vlSaldoInicialEuros  = 0.00 ,TB_Cajas.vlSaldoInicialDolares  = 0.00 ,TB_Cajas.vlSaldoFinalRealPesos  = 6049.00 ,TB_Cajas.vlTotalSaldoInicial  = 0.00 ,TB_Cajas.dtObservacion  = '08/01/2016 06:12:24' ,TB_Cajas.vlCierrePesos  = 6049 ,TB_Cajas.vlSaldoFinalRealDolares  = 0.00 ,TB_Cajas.vlSaldoFinalRealEuros  = 0.00 ,TB_Cajas.vlTotalSaldoFinalReal  = 6049.00 ,TB_Cajas.vlCierreDolares  = 0 ,TB_Cajas.vlCierreEuros  = 0 ,TB_Cajas.dsObservacion  = null ,TB_Cajas.vlDiaReal  = 3.21 ,TB_Cajas.flCajaAdm  = 1   WHERE TB_Cajas.nrCaja = 9000003773  
08/01/2016 18:12:24 | Exec sco_DiccionariodeDatos @nmtabla_param='VW_UltimaCajaAdm'
08/01/2016 18:12:24 |  SELECT VW_UltimaCajaAdm.nrCaja ,VW_UltimaCajaAdm.vlSaldoFinalRealPesos ,VW_UltimaCajaAdm.vlSaldoFinalRealEuros ,VW_UltimaCajaAdm.vlSaldoFinalRealDolares  FROM VW_UltimaCajaAdm 
08/01/2016 18:12:24 |  SELECT TB_Cajas.nrCaja  FROM TB_Cajas  WHERE TB_Cajas.nrCaja = 9000003773  AND  TB_Cajas.flEstado = 0  
08/01/2016 18:12:24 | Exec sco_DiccionariodeDatos @nmtabla_param='sco_cajapuesto_v3_9'
08/01/2016 18:12:24 | Exec sco_cajapuesto_v3_9 @nrCaja_param = 9000003772 
08/01/2016 18:12:24 | Exec sco_cajapuesto_v3_9 @nrCaja_param = 9000003773 
08/01/2016 18:12:24 | Exec sco_DiccionariodeDatos @nmtabla_param='spu_esdifporCotizacionImputadas_v3_9'
08/01/2016 18:12:24 | Exec spu_esdifporCotizacionImputadas_v3_9 @nrCajaAdmActual = 9000003773 
08/01/2016 18:12:24 | Exec sco_validarVencimientosCAI_v4_1
08/01/2016 18:12:27 |  alter  procedure sp_marcarTipodeActualizacionCajaPuesto_v3_7(
 @nrTalonario_param          as varchar(4),
  @nrComprobante_param        as varchar(8),
  @tpComprobante_param        as varchar(4),
 @tpLetra_param              as varchar(2),
 @tpModificacionCajaPuesto_param  varchar(50), /* Agregado, Eliminado, Anulado, Modificado*/  
                           /* En Analisis: Desanulado, Deseliminado */ 
 @dsObservacionCajaPuesto_param   varchar(400)=null) 
 as 
 begin 
    Update [TB_Comprobantes] 
    set  tpModificacionCajaPuesto = @tpModificacionCajaPuesto_param, 
         dsObservacionCajaPuesto  = left(@tpModificacionCajaPuesto_param+': '+ isnull(@dsObservacionCajaPuesto_param,'') + ' / '+isnull(dsObservacionCajaPuesto,''),400) 
    Where 
         nrTalonario =  @nrTalonario_param    and 
        nrComprobante = @nrComprobante_param and 
          tpComprobante = @tpComprobante_param and 
     tpLetra = @tpLetra_param 
End /* DESDE VB */ 
08/01/2016 18:12:27 | Exec sco_DiccionariodeDatos @nmtabla_param='sco_AccesosOpcionesMenu'
08/01/2016 18:12:27 | Exec sco_AccesosOpcionesMenu @p_tpNivelAcceso = 'Administración' ,@p_operaconcaja = 1 
08/01/2016 18:12:27 | Exec sco_AccesosOpcionesMenu @p_tpNivelAcceso = 'Administración' ,@p_operaconcaja = 1 
08/01/2016 18:12:30 | Inicializando Servicio SGLibrary.ServicePrinter
08/01/2016 18:12:30 | Inicializando Servicio SGLibrary.ServicePrinter OK 
08/01/2016 18:12:30 | Exec sco_DiccionariodeDatos @nmtabla_param='TB_Cupones'
08/01/2016 18:12:35 |  SELECT TB_Cupones.cdCodBar ,TB_Cupones.nrLicencia ,TB_Cupones.nmLicenciatario ,TB_Cupones.cdCliente ,TB_Cupones.nrCupon ,TB_Cupones.tpCupon ,TB_Cupones.vlMontoCupon ,TB_Cupones.vlPagoPesos ,TB_Cupones.vlPagoEuros ,TB_Cupones.vlPagoDolares ,TB_Cupones.vlComision ,TB_Cupones.nrTalonarioCliente ,TB_Cupones.nrComprabanteCliente ,TB_Cupones.flCobradoalCliente ,TB_Cupones.vlafavorAdmin ,TB_Cupones.dtCupon  FROM TB_Cupones  WHERE TB_Cupones.cdCliente = 4013  AND  TB_Cupones.tpCupon = 'Cuenta Corriente' AND TB_Cupones.flEliminar = 0  AND  TB_Cupones.flCobradoalCliente = 0 AND TB_Cupones.flAnulado = 0   Order by TB_Cupones.cdCliente ASC 
08/01/2016 18:12:35 | Exec sco_DiccionariodeDatos @nmtabla_param='TB_Clientes'
08/01/2016 18:12:35 |  SELECT TB_Clientes.cdCliente ,TB_Clientes.dsRazonSocial  FROM TB_Clientes  WHERE TB_Clientes.cdCliente = 4013  
08/01/2016 18:13:04 |  SELECT TB_Clientes.cdCliente ,TB_Clientes.dsRazonSocial ,TB_Clientes.nrDoc ,TB_Clientes.dsEmail ,TB_Clientes.tpIVA  FROM TB_Clientes  WHERE TB_Clientes.cdCliente = 4013  AND  TB_Clientes.flEliminar = 0  
08/01/2016 18:13:04 |  SELECT tb_parametros.dsParametro ,tb_parametros.vlParametro ,tb_parametros.tpParametro ,tb_parametros.flEditable ,tb_parametros.nrTamanio ,tb_parametros.dtActualizacion  FROM tb_parametros  WHERE tb_parametros.dsParametro = 'PUESTO_FACTURACION_CTA_CTE'  
08/01/2016 18:13:04 | Exec dbo.spu_obtener_puntosdeventa_facturacion_v4_7 @nrPuesto_param=4, @tipo_iva = RI,  @auto_impresor = S, @tpFormadePago = null,  @tpComprobante = 'FA'
08/01/2016 18:13:04 | Inicializando Servicio SGLibrary.ServicePrinter
08/01/2016 18:13:04 | Inicializando Servicio SGLibrary.ServicePrinter OK 
08/01/2016 18:13:04 |  SELECT tb_parametros.dsParametro ,tb_parametros.vlParametro ,tb_parametros.tpParametro ,tb_parametros.flEditable ,tb_parametros.nrTamanio ,tb_parametros.dtActualizacion  FROM tb_parametros  WHERE tb_parametros.dsParametro = 'PUESTO_FACTURACION_CTA_CTE'  
08/01/2016 18:13:04 | Exec sco_DiccionariodeDatos @nmtabla_param='TB_Comprobantes'
08/01/2016 18:13:13 |  INSERT TB_Comprobantes (nrComprobante ,nrTalonario ,nrDoc ,cdCliente ,dsRazonSocial ,vlTotalGeneral ,dsLeyenda ,nmEmpleado ,nrPuesto ,nrCaja ,nrLicencia ,nmLicenciatario ,dtComprobante ,tpComprobante ,tpLetra ,dsEmail ,cdCondVenta ,tpComision ,tpIVA ,dsOpcional3 ,cdCodBar ,dtCaja ,dtInsercion ,dsOpcional1 ,IdReciboCtaCte ,nrCAI ,dtVencimiento ,vlPagoPesos ,vlDiaDolar ,vlDiaEuro ,dsOpcional2 ,dsUsuario )  VALUES ('00000005' ,'0008' ,'27-14012559-3' ,4013 ,'SILVINA SZPERLING' ,1110.00 ,null ,'CAMILA PASQUALI' ,9 ,9000003773 ,999 ,'Coop. Taxi Ezeiza' ,'08/01/2016' ,'FA' ,'A' ,null ,'Contado' ,'A Clientes' ,'RI' ,'307082499190100084118901535439705102017' ,'000800000005999' ,'08/01/2016 06:13:13' ,'08/01/2016 06:13:13' ,'18:13' ,11 ,'41189015354397' ,'05/10/2017' ,1110.00 ,9.10 ,10.00 ,'Viajes según recibo Nro. 11' ,'CAMILAP' )
08/01/2016 18:13:13 | Exec sco_DiccionariodeDatos @nmtabla_param='DiccionariodeDatos'
08/01/2016 18:13:13 |  UPDATE DiccionariodeDatos SET DiccionariodeDatos.vlPuesto4  = '5'   WHERE DiccionariodeDatos.nmTabla = 'TB_Comprobantes'  AND  DiccionariodeDatos.nmCampo = 'nrComprobante'  
08/01/2016 18:13:13 | Exec sco_DiccionariodeDatos @nmtabla_param='TB_ComprobantesDetalle'
08/01/2016 18:13:13 |  INSERT TB_ComprobantesDetalle (nrTalonario ,nrComprobante ,tpComprobante ,tpLetra ,nrItem ,cdProducto ,dsProducto ,tpOperacion ,vlPorcentaje ,vlPrecioPeaje ,vlPrecioViaje ,dtInsercion ,nrCaja ,nrPuesto )  VALUES ('0008' ,'00000005' ,'FA' ,'A' ,1 ,999 ,'Viajes según recibo Nro. 11' ,null ,null ,null ,1110.00 ,'08/01/2016' ,9000003773 ,9 )
08/01/2016 18:13:13 | Exec sco_DiccionariodeDatos @nmtabla_param='SP_ObtenerMaxnrCupon_v1_3'
08/01/2016 18:13:13 | Exec SP_ObtenerMaxnrCupon_v1_3 @nrPuesto = 9 
08/01/2016 18:13:13 |  INSERT TB_Cupones (nrTalonarioCliente ,nrComprabanteCliente ,tpComprobanteCliente ,tpLetraCliente ,cdCliente ,nrPuesto ,nrLicencia ,nmLicenciatario ,vlMontoCupon ,vlPagoPesos ,vlPagoDolares ,vlPagoEuros ,nrCantidadBultos ,tpCupon ,flCobradoalCliente ,dtCobradoalCliente ,flCompensado ,vlafavorAdmin ,vlComision ,dtCajaCliente ,nrCajaCliente ,dtCupon ,dsUsuario ,nrPasajeros ,cdCodBar ,dsDestino ,dsHoraViaje ,nrCupon )  VALUES ('0008' ,'00000005' ,'FA' ,'A' ,4013 ,4 ,999 ,'Coop. Taxi Ezeiza' ,1110.00 ,1110.00 ,0 ,0 ,0 ,'Contado' ,1 ,'08/01/2016 06:13:13' ,0 ,0 ,0 ,'08/01/2016 06:13:13' ,9000003773 ,'08/01/2016 06:13:13' ,'CAMILAP' ,0 ,'000800000005999' ,'Viajes según recibo Nro. 11' ,'18:13' ,46 )
08/01/2016 18:13:13 |  UPDATE DiccionariodeDatos SET DiccionariodeDatos.vlPuesto4  = '46'   WHERE DiccionariodeDatos.nmTabla = 'TB_Cupones'  AND  DiccionariodeDatos.nmCampo = 'nrCupon'  
08/01/2016 18:13:13 | Exec sco_DiccionariodeDatos @nmtabla_param='spu_actualizar_puntosdeventa_facturacion_v4_7'
08/01/2016 18:13:13 | Exec spu_actualizar_puntosdeventa_facturacion_v4_7 @nrPuesto_param = 4 ,@tipo_iva = 'RI' ,@auto_impresor = 'S' ,@tpComprobante = 'FA' ,@nrComprobante = 5 
08/01/2016 18:13:50 | Exec sco_DiccionariodeDatos @nmtabla_param='TB_Recibos'
08/01/2016 18:13:50 |  INSERT TB_Recibos (IdRecibo ,vlAcumDolares ,vlSaldoPesos ,vlSaldoEuros ,vlAcumPesos ,vlAcumEuros ,vlAcumComision ,vlSaldoDolares ,dtRecibo ,tpRecibo ,cdCliente ,dsRazonSocial ,nrCaja )  VALUES (11 ,0 ,1110.00 ,0 ,1110.00 ,0 ,0 ,0 ,'08/01/2016 06:13:50' ,'Detalle de Cobro a Cta. Cte.' ,'4013' ,'SILVINA SZPERLING' ,9000003773 )
08/01/2016 18:13:50 |  UPDATE DiccionariodeDatos SET DiccionariodeDatos.vlPuesto9  = '1000276239'   WHERE DiccionariodeDatos.nmTabla = 'TB_Recibos'  AND  DiccionariodeDatos.nmCampo = 'IdRecibo'  
08/01/2016 18:13:50 | SET DATEFORMAT dmy
08/01/2016 18:13:50 | select getdate() AS FECHA
08/01/2016 18:13:50 |  UPDATE TB_Cupones SET TB_Cupones.flCobradoalCliente  = 1 ,TB_Cupones.dtCobradoalCliente  = '08/01/2016 06:13:50' ,TB_Cupones.nrCajaCtaCte  = 9000003773 ,TB_Cupones.dtCajaCtaCte  = '08/01/2016 06:13:50' ,TB_Cupones.IdReciboCtaCte  = 11 ,TB_Cupones.dsUsuario  = 'CAMILAP'   WHERE TB_Cupones.nrCupon = 32  
08/01/2016 18:13:50 | SET DATEFORMAT dmy
08/01/2016 18:13:50 | select getdate() AS FECHA
08/01/2016 18:13:50 |  UPDATE TB_Cupones SET TB_Cupones.flCobradoalCliente  = 1 ,TB_Cupones.dtCobradoalCliente  = '08/01/2016 06:13:50' ,TB_Cupones.nrCajaCtaCte  = 9000003773 ,TB_Cupones.dtCajaCtaCte  = '08/01/2016 06:13:50' ,TB_Cupones.IdReciboCtaCte  = 11 ,TB_Cupones.dsUsuario  = 'CAMILAP'   WHERE TB_Cupones.nrCupon = 2  
08/01/2016 18:14:41 |  SELECT TB_Cupones.cdCodBar ,TB_Cupones.nrLicencia ,TB_Cupones.nmLicenciatario ,TB_Cupones.cdCliente ,TB_Cupones.nrCupon ,TB_Cupones.tpCupon ,TB_Cupones.vlMontoCupon ,TB_Cupones.vlPagoPesos ,TB_Cupones.vlPagoEuros ,TB_Cupones.vlPagoDolares ,TB_Cupones.vlComision ,TB_Cupones.nrTalonarioCliente ,TB_Cupones.nrComprabanteCliente ,TB_Cupones.flCobradoalCliente ,TB_Cupones.vlafavorAdmin ,TB_Cupones.dtCupon  FROM TB_Cupones  WHERE TB_Cupones.cdCliente = 4013  AND  TB_Cupones.tpCupon = 'Cuenta Corriente' AND TB_Cupones.flEliminar = 0  AND  TB_Cupones.flCobradoalCliente = 0 AND TB_Cupones.flAnulado = 0   Order by TB_Cupones.cdCliente ASC 
08/01/2016 18:14:41 |  SELECT TB_Clientes.cdCliente ,TB_Clientes.dsRazonSocial  FROM TB_Clientes  WHERE TB_Clientes.cdCliente = 4013  
08/01/2016 18:14:42 | Exec sco_AccesosOpcionesMenu @p_tpNivelAcceso = 'Administración' ,@p_operaconcaja = 1 
08/01/2016 18:14:49 |  SELECT TB_Comprobantes.dtComprobante ,TB_Comprobantes.nrComprobante ,TB_Comprobantes.cdCliente ,TB_Comprobantes.cdCodBar ,TB_Comprobantes.nrLicencia ,TB_Comprobantes.nrPuesto ,TB_Comprobantes.nrTalonario ,TB_Comprobantes.tpComprobante ,TB_Comprobantes.nrCaja ,TB_Comprobantes.cdCondVenta ,TB_Comprobantes.nrDoc ,TB_Comprobantes.dsRazonSocial ,TB_Comprobantes.nmLicenciatario ,TB_Comprobantes.dsUsuario ,TB_Comprobantes.dsDomicilio ,TB_Comprobantes.tpComprobante ,TB_Comprobantes.tpLetra ,TB_Comprobantes.flManual  FROM TB_Comprobantes  WHERE  nrComprobante Like ('%%%') AND TB_Comprobantes.flAnulado = 0  AND  TB_Comprobantes.flEliminar = 0  AND  TB_Comprobantes.dtComprobante >= '08/01/2016 00:00:00'  AND  TB_Comprobantes.dtComprobante <= '08/01/2016 23:59:59'   Order by TB_Comprobantes.nrComprobante ASC 
08/01/2016 18:14:52 |  SELECT TB_Comprobantes.dsLeyenda ,TB_Comprobantes.tpLetra ,TB_Comprobantes.vlTotalGeneral ,TB_Comprobantes.vlPagoEuros ,TB_Comprobantes.vlPagoPesos ,TB_Comprobantes.tpMoneda ,TB_Comprobantes.dsDomicilio ,TB_Comprobantes.nmLocalidad ,TB_Comprobantes.dsEmail ,TB_Comprobantes.cdPostal ,TB_Comprobantes.dtVencimiento ,TB_Comprobantes.nrBultos ,TB_Comprobantes.nrPasajeros ,TB_Comprobantes.vlPagoDolares ,TB_Comprobantes.nrTel ,TB_Comprobantes.vlDiaEuro ,TB_Comprobantes.cdCliente ,TB_Comprobantes.nrTalonario ,TB_Comprobantes.dtComprobante ,TB_Comprobantes.nrComprobante ,TB_Comprobantes.cdCodBar ,TB_Comprobantes.tpComprobante ,TB_Comprobantes.nrCaja ,TB_Comprobantes.cdCondVenta ,TB_Comprobantes.nrDoc ,TB_Comprobantes.dsRazonSocial ,TB_Comprobantes.nrLicencia ,TB_Comprobantes.nmLicenciatario ,TB_Comprobantes.dsUsuario ,TB_Comprobantes.nrPuesto ,TB_Comprobantes.nmApellido ,TB_Comprobantes.nmNombre ,TB_Comprobantes.dsOpcional3 ,TB_Comprobantes.IdReciboCtaCte ,TB_Comprobantes.flAnulado ,TB_Comprobantes.flManual ,TB_Comprobantes.vlPagoReales  FROM TB_Comprobantes  WHERE TB_Comprobantes.nrComprobante = '00000005    '  AND  TB_Comprobantes.nrTalonario = '0008'  AND  TB_Comprobantes.nrCaja = 9000003773  AND  TB_Comprobantes.tpLetra = 'A'  AND  TB_Comprobantes.tpComprobante = 'FA'  AND  TB_Comprobantes.flEliminar = 0  
08/01/2016 18:14:52 |  SELECT TB_ComprobantesDetalle.nrItem ,TB_ComprobantesDetalle.cdProducto ,TB_ComprobantesDetalle.dsProducto ,TB_ComprobantesDetalle.vlPrecioViaje ,TB_ComprobantesDetalle.vlTotalItem  FROM TB_ComprobantesDetalle  WHERE TB_ComprobantesDetalle.nrTalonario = '0008'  AND  TB_ComprobantesDetalle.nrComprobante = '00000005'  AND  TB_ComprobantesDetalle.tpComprobante = 'FA'  AND  TB_ComprobantesDetalle.tpLetra = 'A'  
08/01/2016 18:15:07 |  SELECT TB_Cupones.flCompensado  FROM TB_Cupones  WHERE TB_Cupones.nrComprabanteCliente = '00000005'  AND  TB_Cupones.nrTalonarioCliente = '0008'  AND  TB_Cupones.tpComprobanteCliente = 'FA'  AND TB_Cupones.tpLetraCliente = 'A'  AND TB_Cupones.flCompensado = 1  
08/01/2016 18:15:07 | SET DATEFORMAT dmy
08/01/2016 18:15:07 | select getdate() AS FECHA
08/01/2016 18:15:07 |  UPDATE TB_Cupones SET TB_Cupones.flAnulado  = 1 ,TB_Cupones.dtAnulado  = '08/01/2016 06:15:07' ,TB_Cupones.flSincronizado  = 0 ,TB_Cupones.dtActualizacion  = '08/01/2016 06:15:07'   WHERE TB_Cupones.nrComprabanteCliente = '00000005'  AND  TB_Cupones.nrTalonarioCliente = '0008'  AND  TB_Cupones.tpComprobanteCliente = 'FA'  AND TB_Cupones.tpLetraCliente = 'A'  
08/01/2016 18:19:41 | Exec  SP_AnularFacturaCtaCte 11,CAMILAP
08/01/2016 18:19:41 | SET DATEFORMAT dmy
08/01/2016 18:19:41 | select getdate() AS FECHA
08/01/2016 18:19:41 |  UPDATE TB_Comprobantes SET TB_Comprobantes.flAnulado  = 1 ,TB_Comprobantes.dtAnulado  = '08/01/2016 06:19:41' ,TB_Comprobantes.flSincronizado  = 0 ,TB_Comprobantes.dtActualizacion  = '08/01/2016 06:19:42'   WHERE TB_Comprobantes.nrComprobante = '00000005'  AND  TB_Comprobantes.nrTalonario = '0008'  AND  TB_Comprobantes.tpLetra = 'A'  AND  TB_Comprobantes.tpComprobante = 'FA'  
08/01/2016 18:19:41 | SET DATEFORMAT dmy
08/01/2016 18:19:41 | select getdate() AS FECHA
08/01/2016 18:19:41 |  UPDATE TB_Cajas SET TB_Cajas.dtActualizacion  = '08/01/2016 06:19:42'   WHERE TB_Cajas.nrCaja = 9000003773  
08/01/2016 18:19:41 |  SELECT TB_Cajas.nrCaja  FROM TB_Cajas  WHERE TB_Cajas.nrCaja = 9000003773  AND  TB_Cajas.flEstado = 0  
08/01/2016 18:19:41 |  SELECT TB_Cajas.nrCaja  FROM TB_Cajas  WHERE TB_Cajas.nrCaja = 9000003773  AND  TB_Cajas.flCajaAdm = 0  
08/01/2016 18:19:42 |  SELECT TB_Comprobantes.dtComprobante ,TB_Comprobantes.nrComprobante ,TB_Comprobantes.cdCliente ,TB_Comprobantes.cdCodBar ,TB_Comprobantes.nrLicencia ,TB_Comprobantes.nrPuesto ,TB_Comprobantes.nrTalonario ,TB_Comprobantes.tpComprobante ,TB_Comprobantes.nrCaja ,TB_Comprobantes.cdCondVenta ,TB_Comprobantes.nrDoc ,TB_Comprobantes.dsRazonSocial ,TB_Comprobantes.nmLicenciatario ,TB_Comprobantes.dsUsuario ,TB_Comprobantes.dsDomicilio ,TB_Comprobantes.tpComprobante ,TB_Comprobantes.tpLetra ,TB_Comprobantes.flManual  FROM TB_Comprobantes  WHERE  nrComprobante Like ('%%%') AND TB_Comprobantes.flAnulado = 0  AND  TB_Comprobantes.flEliminar = 0  AND  TB_Comprobantes.dtComprobante >= '08/01/2016 00:00:00'  AND  TB_Comprobantes.dtComprobante <= '08/01/2016 23:59:59'   Order by TB_Comprobantes.nrComprobante ASC 
08/01/2016 18:19:44 | Exec sco_AccesosOpcionesMenu @p_tpNivelAcceso = 'Administración' ,@p_operaconcaja = 1 
08/01/2016 18:19:46 | Inicializando Servicio SGLibrary.ServicePrinter
08/01/2016 18:19:46 | Inicializando Servicio SGLibrary.ServicePrinter OK 
08/01/2016 18:19:48 |  SELECT TB_Cupones.cdCodBar ,TB_Cupones.nrLicencia ,TB_Cupones.nmLicenciatario ,TB_Cupones.cdCliente ,TB_Cupones.nrCupon ,TB_Cupones.tpCupon ,TB_Cupones.vlMontoCupon ,TB_Cupones.vlPagoPesos ,TB_Cupones.vlPagoEuros ,TB_Cupones.vlPagoDolares ,TB_Cupones.vlComision ,TB_Cupones.nrTalonarioCliente ,TB_Cupones.nrComprabanteCliente ,TB_Cupones.flCobradoalCliente ,TB_Cupones.vlafavorAdmin ,TB_Cupones.dtCupon  FROM TB_Cupones  WHERE TB_Cupones.cdCliente = 4013  AND  TB_Cupones.tpCupon = 'Cuenta Corriente' AND TB_Cupones.flEliminar = 0  AND  TB_Cupones.flCobradoalCliente = 0 AND TB_Cupones.flAnulado = 0   Order by TB_Cupones.cdCliente ASC 
08/01/2016 18:19:48 |  SELECT TB_Clientes.cdCliente ,TB_Clientes.dsRazonSocial  FROM TB_Clientes  WHERE TB_Clientes.cdCliente = 4013  
08/01/2016 18:19:55 |  SELECT TB_Clientes.cdCliente ,TB_Clientes.dsRazonSocial ,TB_Clientes.nrDoc ,TB_Clientes.dsEmail ,TB_Clientes.tpIVA  FROM TB_Clientes  WHERE TB_Clientes.cdCliente = 4013  AND  TB_Clientes.flEliminar = 0  
08/01/2016 18:19:55 |  SELECT tb_parametros.dsParametro ,tb_parametros.vlParametro ,tb_parametros.tpParametro ,tb_parametros.flEditable ,tb_parametros.nrTamanio ,tb_parametros.dtActualizacion  FROM tb_parametros  WHERE tb_parametros.dsParametro = 'PUESTO_FACTURACION_CTA_CTE'  
08/01/2016 18:19:55 | Exec dbo.spu_obtener_puntosdeventa_facturacion_v4_7 @nrPuesto_param=4, @tipo_iva = RI,  @auto_impresor = S, @tpFormadePago = null,  @tpComprobante = 'FA'
08/01/2016 18:19:55 | Inicializando Servicio SGLibrary.ServicePrinter
08/01/2016 18:19:55 | Inicializando Servicio SGLibrary.ServicePrinter OK 
08/01/2016 18:19:55 |  SELECT tb_parametros.dsParametro ,tb_parametros.vlParametro ,tb_parametros.tpParametro ,tb_parametros.flEditable ,tb_parametros.nrTamanio ,tb_parametros.dtActualizacion  FROM tb_parametros  WHERE tb_parametros.dsParametro = 'PUESTO_FACTURACION_CTA_CTE'  
08/01/2016 18:19:57 |  INSERT TB_Comprobantes (nrComprobante ,nrTalonario ,nrDoc ,cdCliente ,dsRazonSocial ,vlTotalGeneral ,dsLeyenda ,nmEmpleado ,nrPuesto ,nrCaja ,nrLicencia ,nmLicenciatario ,dtComprobante ,tpComprobante ,tpLetra ,dsEmail ,cdCondVenta ,tpComision ,tpIVA ,dsOpcional3 ,cdCodBar ,dtCaja ,dtInsercion ,dsOpcional1 ,IdReciboCtaCte ,nrCAI ,dtVencimiento ,vlPagoPesos ,vlDiaDolar ,vlDiaEuro ,dsOpcional2 ,dsUsuario )  VALUES ('00000006' ,'0008' ,'27-14012559-3' ,4013 ,'SILVINA SZPERLING' ,3210.00 ,null ,'CAMILA PASQUALI' ,9 ,9000003773 ,999 ,'Coop. Taxi Ezeiza' ,'08/01/2016' ,'FA' ,'A' ,null ,'Contado' ,'A Clientes' ,'RI' ,'307082499190100084118901535439705102017' ,'000800000006999' ,'08/01/2016 06:19:57' ,'08/01/2016 06:19:57' ,'18:19' ,12 ,'41189015354397' ,'05/10/2017' ,3210.00 ,9.10 ,10.00 ,'Viajes según recibo Nro. 12' ,'CAMILAP' )
08/01/2016 18:19:57 |  UPDATE DiccionariodeDatos SET DiccionariodeDatos.vlPuesto4  = '6'   WHERE DiccionariodeDatos.nmTabla = 'TB_Comprobantes'  AND  DiccionariodeDatos.nmCampo = 'nrComprobante'  
08/01/2016 18:19:57 |  INSERT TB_ComprobantesDetalle (nrTalonario ,nrComprobante ,tpComprobante ,tpLetra ,nrItem ,cdProducto ,dsProducto ,tpOperacion ,vlPorcentaje ,vlPrecioPeaje ,vlPrecioViaje ,dtInsercion ,nrCaja ,nrPuesto )  VALUES ('0008' ,'00000006' ,'FA' ,'A' ,1 ,999 ,'Viajes según recibo Nro. 12' ,null ,null ,null ,3210.00 ,'08/01/2016' ,9000003773 ,9 )
08/01/2016 18:19:57 | Exec SP_ObtenerMaxnrCupon_v1_3 @nrPuesto = 9 
08/01/2016 18:19:57 |  INSERT TB_Cupones (nrTalonarioCliente ,nrComprabanteCliente ,tpComprobanteCliente ,tpLetraCliente ,cdCliente ,nrPuesto ,nrLicencia ,nmLicenciatario ,vlMontoCupon ,vlPagoPesos ,vlPagoDolares ,vlPagoEuros ,nrCantidadBultos ,tpCupon ,flCobradoalCliente ,dtCobradoalCliente ,flCompensado ,vlafavorAdmin ,vlComision ,dtCajaCliente ,nrCajaCliente ,dtCupon ,dsUsuario ,nrPasajeros ,cdCodBar ,dsDestino ,dsHoraViaje ,nrCupon )  VALUES ('0008' ,'00000006' ,'FA' ,'A' ,4013 ,4 ,999 ,'Coop. Taxi Ezeiza' ,3210.00 ,3210.00 ,0 ,0 ,0 ,'Contado' ,1 ,'08/01/2016 06:19:57' ,0 ,0 ,0 ,'08/01/2016 06:19:57' ,9000003773 ,'08/01/2016 06:19:57' ,'CAMILAP' ,0 ,'000800000006999' ,'Viajes según recibo Nro. 12' ,'18:19' ,47 )
08/01/2016 18:19:57 |  UPDATE DiccionariodeDatos SET DiccionariodeDatos.vlPuesto4  = '47'   WHERE DiccionariodeDatos.nmTabla = 'TB_Cupones'  AND  DiccionariodeDatos.nmCampo = 'nrCupon'  
08/01/2016 18:19:57 | Exec spu_actualizar_puntosdeventa_facturacion_v4_7 @nrPuesto_param = 4 ,@tipo_iva = 'RI' ,@auto_impresor = 'S' ,@tpComprobante = 'FA' ,@nrComprobante = 6 
08/01/2016 18:20:09 |  INSERT TB_Recibos (IdRecibo ,vlAcumDolares ,vlSaldoPesos ,vlSaldoEuros ,vlAcumPesos ,vlAcumEuros ,vlAcumComision ,vlSaldoDolares ,dtRecibo ,tpRecibo ,cdCliente ,dsRazonSocial ,nrCaja )  VALUES (12 ,0 ,3210.00 ,0 ,3210.00 ,0 ,0 ,0 ,'08/01/2016 06:20:09' ,'Detalle de Cobro a Cta. Cte.' ,'4013' ,'SILVINA SZPERLING' ,9000003773 )
08/01/2016 18:20:09 |  UPDATE DiccionariodeDatos SET DiccionariodeDatos.vlPuesto9  = '1000276240'   WHERE DiccionariodeDatos.nmTabla = 'TB_Recibos'  AND  DiccionariodeDatos.nmCampo = 'IdRecibo'  
08/01/2016 18:20:09 | SET DATEFORMAT dmy
08/01/2016 18:20:09 | select getdate() AS FECHA
08/01/2016 18:20:09 |  UPDATE TB_Cupones SET TB_Cupones.flCobradoalCliente  = 1 ,TB_Cupones.dtCobradoalCliente  = '08/01/2016 06:20:09' ,TB_Cupones.nrCajaCtaCte  = 9000003773 ,TB_Cupones.dtCajaCtaCte  = '08/01/2016 06:20:10' ,TB_Cupones.IdReciboCtaCte  = 12 ,TB_Cupones.dsUsuario  = 'CAMILAP'   WHERE TB_Cupones.nrCupon = 32  
08/01/2016 18:20:09 | SET DATEFORMAT dmy
08/01/2016 18:20:09 | select getdate() AS FECHA
08/01/2016 18:20:09 |  UPDATE TB_Cupones SET TB_Cupones.flCobradoalCliente  = 1 ,TB_Cupones.dtCobradoalCliente  = '08/01/2016 06:20:09' ,TB_Cupones.nrCajaCtaCte  = 9000003773 ,TB_Cupones.dtCajaCtaCte  = '08/01/2016 06:20:10' ,TB_Cupones.IdReciboCtaCte  = 12 ,TB_Cupones.dsUsuario  = 'CAMILAP'   WHERE TB_Cupones.nrCupon = 2  
08/01/2016 18:20:09 | SET DATEFORMAT dmy
08/01/2016 18:20:09 | select getdate() AS FECHA
08/01/2016 18:20:09 |  UPDATE TB_Cupones SET TB_Cupones.flCobradoalCliente  = 1 ,TB_Cupones.dtCobradoalCliente  = '08/01/2016 06:20:09' ,TB_Cupones.nrCajaCtaCte  = 9000003773 ,TB_Cupones.dtCajaCtaCte  = '08/01/2016 06:20:10' ,TB_Cupones.IdReciboCtaCte  = 12 ,TB_Cupones.dsUsuario  = 'CAMILAP'   WHERE TB_Cupones.nrCupon = 29  
08/01/2016 18:20:09 | SET DATEFORMAT dmy
08/01/2016 18:20:09 | select getdate() AS FECHA
08/01/2016 18:20:09 |  UPDATE TB_Cupones SET TB_Cupones.flCobradoalCliente  = 1 ,TB_Cupones.dtCobradoalCliente  = '08/01/2016 06:20:09' ,TB_Cupones.nrCajaCtaCte  = 9000003773 ,TB_Cupones.dtCajaCtaCte  = '08/01/2016 06:20:10' ,TB_Cupones.IdReciboCtaCte  = 12 ,TB_Cupones.dsUsuario  = 'CAMILAP'   WHERE TB_Cupones.nrCupon = 34  
08/01/2016 18:20:09 | SET DATEFORMAT dmy
08/01/2016 18:20:09 | select getdate() AS FECHA
08/01/2016 18:20:09 |  UPDATE TB_Cupones SET TB_Cupones.flCobradoalCliente  = 1 ,TB_Cupones.dtCobradoalCliente  = '08/01/2016 06:20:09' ,TB_Cupones.nrCajaCtaCte  = 9000003773 ,TB_Cupones.dtCajaCtaCte  = '08/01/2016 06:20:10' ,TB_Cupones.IdReciboCtaCte  = 12 ,TB_Cupones.dsUsuario  = 'CAMILAP'   WHERE TB_Cupones.nrCupon = 26  
08/01/2016 18:20:09 | SET DATEFORMAT dmy
08/01/2016 18:20:09 | select getdate() AS FECHA
08/01/2016 18:20:09 |  UPDATE TB_Cupones SET TB_Cupones.flCobradoalCliente  = 1 ,TB_Cupones.dtCobradoalCliente  = '08/01/2016 06:20:09' ,TB_Cupones.nrCajaCtaCte  = 9000003773 ,TB_Cupones.dtCajaCtaCte  = '08/01/2016 06:20:10' ,TB_Cupones.IdReciboCtaCte  = 12 ,TB_Cupones.dsUsuario  = 'CAMILAP'   WHERE TB_Cupones.nrCupon = 27  
08/01/2016 18:20:14 |  SELECT TB_Cupones.cdCodBar ,TB_Cupones.nrLicencia ,TB_Cupones.nmLicenciatario ,TB_Cupones.cdCliente ,TB_Cupones.nrCupon ,TB_Cupones.tpCupon ,TB_Cupones.vlMontoCupon ,TB_Cupones.vlPagoPesos ,TB_Cupones.vlPagoEuros ,TB_Cupones.vlPagoDolares ,TB_Cupones.vlComision ,TB_Cupones.nrTalonarioCliente ,TB_Cupones.nrComprabanteCliente ,TB_Cupones.flCobradoalCliente ,TB_Cupones.vlafavorAdmin ,TB_Cupones.dtCupon  FROM TB_Cupones  WHERE TB_Cupones.cdCliente = 4013  AND  TB_Cupones.tpCupon = 'Cuenta Corriente' AND TB_Cupones.flEliminar = 0  AND  TB_Cupones.flCobradoalCliente = 0 AND TB_Cupones.flAnulado = 0   Order by TB_Cupones.cdCliente ASC 
08/01/2016 18:20:44 | Exec sco_AccesosOpcionesMenu @p_tpNivelAcceso = 'Administración' ,@p_operaconcaja = 1 
08/01/2016 18:20:50 |  SELECT TB_Comprobantes.dtComprobante ,TB_Comprobantes.nrComprobante ,TB_Comprobantes.cdCliente ,TB_Comprobantes.cdCodBar ,TB_Comprobantes.nrLicencia ,TB_Comprobantes.nrPuesto ,TB_Comprobantes.nrTalonario ,TB_Comprobantes.tpComprobante ,TB_Comprobantes.nrCaja ,TB_Comprobantes.cdCondVenta ,TB_Comprobantes.nrDoc ,TB_Comprobantes.dsRazonSocial ,TB_Comprobantes.nmLicenciatario ,TB_Comprobantes.dsUsuario ,TB_Comprobantes.dsDomicilio ,TB_Comprobantes.tpComprobante ,TB_Comprobantes.tpLetra ,TB_Comprobantes.flManual  FROM TB_Comprobantes  WHERE  nrComprobante Like ('%%%') AND TB_Comprobantes.flAnulado = 0  AND  TB_Comprobantes.flEliminar = 0  AND  TB_Comprobantes.dtComprobante >= '08/01/2016 00:00:00'  AND  TB_Comprobantes.dtComprobante <= '08/01/2016 23:59:59'   Order by TB_Comprobantes.nrComprobante ASC 
08/01/2016 18:20:52 |  SELECT TB_Comprobantes.dsLeyenda ,TB_Comprobantes.tpLetra ,TB_Comprobantes.vlTotalGeneral ,TB_Comprobantes.vlPagoEuros ,TB_Comprobantes.vlPagoPesos ,TB_Comprobantes.tpMoneda ,TB_Comprobantes.dsDomicilio ,TB_Comprobantes.nmLocalidad ,TB_Comprobantes.dsEmail ,TB_Comprobantes.cdPostal ,TB_Comprobantes.dtVencimiento ,TB_Comprobantes.nrBultos ,TB_Comprobantes.nrPasajeros ,TB_Comprobantes.vlPagoDolares ,TB_Comprobantes.nrTel ,TB_Comprobantes.vlDiaEuro ,TB_Comprobantes.cdCliente ,TB_Comprobantes.nrTalonario ,TB_Comprobantes.dtComprobante ,TB_Comprobantes.nrComprobante ,TB_Comprobantes.cdCodBar ,TB_Comprobantes.tpComprobante ,TB_Comprobantes.nrCaja ,TB_Comprobantes.cdCondVenta ,TB_Comprobantes.nrDoc ,TB_Comprobantes.dsRazonSocial ,TB_Comprobantes.nrLicencia ,TB_Comprobantes.nmLicenciatario ,TB_Comprobantes.dsUsuario ,TB_Comprobantes.nrPuesto ,TB_Comprobantes.nmApellido ,TB_Comprobantes.nmNombre ,TB_Comprobantes.dsOpcional3 ,TB_Comprobantes.IdReciboCtaCte ,TB_Comprobantes.flAnulado ,TB_Comprobantes.flManual ,TB_Comprobantes.vlPagoReales  FROM TB_Comprobantes  WHERE TB_Comprobantes.nrComprobante = '00000006    '  AND  TB_Comprobantes.nrTalonario = '0008'  AND  TB_Comprobantes.nrCaja = 9000003773  AND  TB_Comprobantes.tpLetra = 'A'  AND  TB_Comprobantes.tpComprobante = 'FA'  AND  TB_Comprobantes.flEliminar = 0  
08/01/2016 18:20:52 |  SELECT TB_ComprobantesDetalle.nrItem ,TB_ComprobantesDetalle.cdProducto ,TB_ComprobantesDetalle.dsProducto ,TB_ComprobantesDetalle.vlPrecioViaje ,TB_ComprobantesDetalle.vlTotalItem  FROM TB_ComprobantesDetalle  WHERE TB_ComprobantesDetalle.nrTalonario = '0008'  AND  TB_ComprobantesDetalle.nrComprobante = '00000006'  AND  TB_ComprobantesDetalle.tpComprobante = 'FA'  AND  TB_ComprobantesDetalle.tpLetra = 'A'  
08/01/2016 18:20:57 | Exec sco_AccesosOpcionesMenu @p_tpNivelAcceso = 'Administración' ,@p_operaconcaja = 1 
08/01/2016 18:20:59 | Inicializando Servicio SGLibrary.ServicePrinter
08/01/2016 18:20:59 | Inicializando Servicio SGLibrary.ServicePrinter OK 
08/01/2016 18:21:03 |  SELECT TB_Cupones.cdCodBar ,TB_Cupones.nrLicencia ,TB_Cupones.nmLicenciatario ,TB_Cupones.cdCliente ,TB_Cupones.nrCupon ,TB_Cupones.tpCupon ,TB_Cupones.vlMontoCupon ,TB_Cupones.vlPagoPesos ,TB_Cupones.vlPagoEuros ,TB_Cupones.vlPagoDolares ,TB_Cupones.vlComision ,TB_Cupones.nrTalonarioCliente ,TB_Cupones.nrComprabanteCliente ,TB_Cupones.flCobradoalCliente ,TB_Cupones.vlafavorAdmin ,TB_Cupones.dtCupon  FROM TB_Cupones  WHERE TB_Cupones.cdCliente = 4013  AND  TB_Cupones.tpCupon = 'Cuenta Corriente' AND TB_Cupones.flEliminar = 0  AND  TB_Cupones.flCobradoalCliente = 0 AND TB_Cupones.flAnulado = 0   Order by TB_Cupones.cdCliente ASC 
08/01/2016 18:21:04 | Exec sco_AccesosOpcionesMenu @p_tpNivelAcceso = 'Administración' ,@p_operaconcaja = 1 
08/01/2016 18:21:08 | Inicializando Servicio SGLibrary.ServicePrinter
08/01/2016 18:21:08 | Inicializando Servicio SGLibrary.ServicePrinter OK 
08/01/2016 18:21:09 | Exec sco_AccesosOpcionesMenu @p_tpNivelAcceso = 'Administración' ,@p_operaconcaja = 1 
08/01/2016 18:21:15 |  SELECT TB_Comprobantes.dtComprobante ,TB_Comprobantes.nrComprobante ,TB_Comprobantes.cdCliente ,TB_Comprobantes.cdCodBar ,TB_Comprobantes.nrLicencia ,TB_Comprobantes.nrPuesto ,TB_Comprobantes.nrTalonario ,TB_Comprobantes.tpComprobante ,TB_Comprobantes.nrCaja ,TB_Comprobantes.cdCondVenta ,TB_Comprobantes.nrDoc ,TB_Comprobantes.dsRazonSocial ,TB_Comprobantes.nmLicenciatario ,TB_Comprobantes.dsUsuario ,TB_Comprobantes.dsDomicilio ,TB_Comprobantes.tpComprobante ,TB_Comprobantes.tpLetra ,TB_Comprobantes.flManual  FROM TB_Comprobantes  WHERE  nrComprobante Like ('%%%') AND TB_Comprobantes.flAnulado = 0  AND  TB_Comprobantes.flEliminar = 0  AND  TB_Comprobantes.dtComprobante >= '08/01/2016 00:00:00'  AND  TB_Comprobantes.dtComprobante <= '08/01/2016 23:59:59'   Order by TB_Comprobantes.nrComprobante ASC 
08/01/2016 18:21:17 |  SELECT TB_Comprobantes.dsLeyenda ,TB_Comprobantes.tpLetra ,TB_Comprobantes.vlTotalGeneral ,TB_Comprobantes.vlPagoEuros ,TB_Comprobantes.vlPagoPesos ,TB_Comprobantes.tpMoneda ,TB_Comprobantes.dsDomicilio ,TB_Comprobantes.nmLocalidad ,TB_Comprobantes.dsEmail ,TB_Comprobantes.cdPostal ,TB_Comprobantes.dtVencimiento ,TB_Comprobantes.nrBultos ,TB_Comprobantes.nrPasajeros ,TB_Comprobantes.vlPagoDolares ,TB_Comprobantes.nrTel ,TB_Comprobantes.vlDiaEuro ,TB_Comprobantes.cdCliente ,TB_Comprobantes.nrTalonario ,TB_Comprobantes.dtComprobante ,TB_Comprobantes.nrComprobante ,TB_Comprobantes.cdCodBar ,TB_Comprobantes.tpComprobante ,TB_Comprobantes.nrCaja ,TB_Comprobantes.cdCondVenta ,TB_Comprobantes.nrDoc ,TB_Comprobantes.dsRazonSocial ,TB_Comprobantes.nrLicencia ,TB_Comprobantes.nmLicenciatario ,TB_Comprobantes.dsUsuario ,TB_Comprobantes.nrPuesto ,TB_Comprobantes.nmApellido ,TB_Comprobantes.nmNombre ,TB_Comprobantes.dsOpcional3 ,TB_Comprobantes.IdReciboCtaCte ,TB_Comprobantes.flAnulado ,TB_Comprobantes.flManual ,TB_Comprobantes.vlPagoReales  FROM TB_Comprobantes  WHERE TB_Comprobantes.nrComprobante = '00000006    '  AND  TB_Comprobantes.nrTalonario = '0008'  AND  TB_Comprobantes.nrCaja = 9000003773  AND  TB_Comprobantes.tpLetra = 'A'  AND  TB_Comprobantes.tpComprobante = 'FA'  AND  TB_Comprobantes.flEliminar = 0  
08/01/2016 18:21:17 |  SELECT TB_ComprobantesDetalle.nrItem ,TB_ComprobantesDetalle.cdProducto ,TB_ComprobantesDetalle.dsProducto ,TB_ComprobantesDetalle.vlPrecioViaje ,TB_ComprobantesDetalle.vlTotalItem  FROM TB_ComprobantesDetalle  WHERE TB_ComprobantesDetalle.nrTalonario = '0008'  AND  TB_ComprobantesDetalle.nrComprobante = '00000006'  AND  TB_ComprobantesDetalle.tpComprobante = 'FA'  AND  TB_ComprobantesDetalle.tpLetra = 'A'  
08/01/2016 18:21:22 |  SELECT TB_Cupones.flCompensado  FROM TB_Cupones  WHERE TB_Cupones.nrComprabanteCliente = '00000006'  AND  TB_Cupones.nrTalonarioCliente = '0008'  AND  TB_Cupones.tpComprobanteCliente = 'FA'  AND TB_Cupones.tpLetraCliente = 'A'  AND TB_Cupones.flCompensado = 1  
08/01/2016 18:21:22 | SET DATEFORMAT dmy
08/01/2016 18:21:22 | select getdate() AS FECHA
08/01/2016 18:21:22 |  UPDATE TB_Cupones SET TB_Cupones.flAnulado  = 1 ,TB_Cupones.dtAnulado  = '08/01/2016 06:21:22' ,TB_Cupones.flSincronizado  = 0 ,TB_Cupones.dtActualizacion  = '08/01/2016 06:21:23'   WHERE TB_Cupones.nrComprabanteCliente = '00000006'  AND  TB_Cupones.nrTalonarioCliente = '0008'  AND  TB_Cupones.tpComprobanteCliente = 'FA'  AND TB_Cupones.tpLetraCliente = 'A'  
08/01/2016 18:21:25 | Exec  SP_AnularFacturaCtaCte 12,CAMILAP
08/01/2016 18:21:25 | SET DATEFORMAT dmy
08/01/2016 18:21:25 | select getdate() AS FECHA
08/01/2016 18:21:25 |  UPDATE TB_Comprobantes SET TB_Comprobantes.flAnulado  = 1 ,TB_Comprobantes.dtAnulado  = '08/01/2016 06:21:25' ,TB_Comprobantes.flSincronizado  = 0 ,TB_Comprobantes.dtActualizacion  = '08/01/2016 06:21:25'   WHERE TB_Comprobantes.nrComprobante = '00000006'  AND  TB_Comprobantes.nrTalonario = '0008'  AND  TB_Comprobantes.tpLetra = 'A'  AND  TB_Comprobantes.tpComprobante = 'FA'  
08/01/2016 18:21:25 | SET DATEFORMAT dmy
08/01/2016 18:21:25 | select getdate() AS FECHA
08/01/2016 18:21:25 |  UPDATE TB_Cajas SET TB_Cajas.dtActualizacion  = '08/01/2016 06:21:25'   WHERE TB_Cajas.nrCaja = 9000003773  
08/01/2016 18:21:25 |  SELECT TB_Cajas.nrCaja  FROM TB_Cajas  WHERE TB_Cajas.nrCaja = 9000003773  AND  TB_Cajas.flEstado = 0  
08/01/2016 18:21:25 |  SELECT TB_Cajas.nrCaja  FROM TB_Cajas  WHERE TB_Cajas.nrCaja = 9000003773  AND  TB_Cajas.flCajaAdm = 0  
08/01/2016 18:21:26 |  SELECT TB_Comprobantes.dtComprobante ,TB_Comprobantes.nrComprobante ,TB_Comprobantes.cdCliente ,TB_Comprobantes.cdCodBar ,TB_Comprobantes.nrLicencia ,TB_Comprobantes.nrPuesto ,TB_Comprobantes.nrTalonario ,TB_Comprobantes.tpComprobante ,TB_Comprobantes.nrCaja ,TB_Comprobantes.cdCondVenta ,TB_Comprobantes.nrDoc ,TB_Comprobantes.dsRazonSocial ,TB_Comprobantes.nmLicenciatario ,TB_Comprobantes.dsUsuario ,TB_Comprobantes.dsDomicilio ,TB_Comprobantes.tpComprobante ,TB_Comprobantes.tpLetra ,TB_Comprobantes.flManual  FROM TB_Comprobantes  WHERE  nrComprobante Like ('%%%') AND TB_Comprobantes.flAnulado = 0  AND  TB_Comprobantes.flEliminar = 0  AND  TB_Comprobantes.dtComprobante >= '08/01/2016 00:00:00'  AND  TB_Comprobantes.dtComprobante <= '08/01/2016 23:59:59'   Order by TB_Comprobantes.nrComprobante ASC 
08/01/2016 18:21:50 |  SELECT TB_Comprobantes.dtComprobante ,TB_Comprobantes.nrComprobante ,TB_Comprobantes.cdCliente ,TB_Comprobantes.cdCodBar ,TB_Comprobantes.nrLicencia ,TB_Comprobantes.nrPuesto ,TB_Comprobantes.nrTalonario ,TB_Comprobantes.tpComprobante ,TB_Comprobantes.nrCaja ,TB_Comprobantes.cdCondVenta ,TB_Comprobantes.nrDoc ,TB_Comprobantes.dsRazonSocial ,TB_Comprobantes.nmLicenciatario ,TB_Comprobantes.dsUsuario ,TB_Comprobantes.dsDomicilio ,TB_Comprobantes.tpComprobante ,TB_Comprobantes.tpLetra ,TB_Comprobantes.flManual  FROM TB_Comprobantes  WHERE  nrComprobante Like ('%%%') AND TB_Comprobantes.flAnulado = 0  AND  TB_Comprobantes.flEliminar = 0  AND  TB_Comprobantes.dtComprobante >= '08/01/2016 00:00:00'  AND  TB_Comprobantes.dtComprobante <= '08/01/2016 23:59:59'   Order by TB_Comprobantes.nrComprobante ASC 
08/01/2016 18:21:54 | Exec sco_AccesosOpcionesMenu @p_tpNivelAcceso = 'Administración' ,@p_operaconcaja = 1 
08/01/2016 18:21:58 | Inicializando Servicio SGLibrary.ServicePrinter
08/01/2016 18:21:59 | Inicializando Servicio SGLibrary.ServicePrinter OK 
08/01/2016 18:22:03 |  SELECT TB_Cupones.cdCodBar ,TB_Cupones.nrLicencia ,TB_Cupones.nmLicenciatario ,TB_Cupones.cdCliente ,TB_Cupones.nrCupon ,TB_Cupones.tpCupon ,TB_Cupones.vlMontoCupon ,TB_Cupones.vlPagoPesos ,TB_Cupones.vlPagoEuros ,TB_Cupones.vlPagoDolares ,TB_Cupones.vlComision ,TB_Cupones.nrTalonarioCliente ,TB_Cupones.nrComprabanteCliente ,TB_Cupones.flCobradoalCliente ,TB_Cupones.vlafavorAdmin ,TB_Cupones.dtCupon  FROM TB_Cupones  WHERE TB_Cupones.cdCliente = 4013  AND  TB_Cupones.tpCupon = 'Cuenta Corriente' AND TB_Cupones.flEliminar = 0  AND  TB_Cupones.flCobradoalCliente = 0 AND TB_Cupones.flAnulado = 0   Order by TB_Cupones.cdCliente ASC 
08/01/2016 18:22:03 |  SELECT TB_Clientes.cdCliente ,TB_Clientes.dsRazonSocial  FROM TB_Clientes  WHERE TB_Clientes.cdCliente = 4013  
08/01/2016 18:22:05 | Exec sco_AccesosOpcionesMenu @p_tpNivelAcceso = 'Administración' ,@p_operaconcaja = 1 
