25/08/2016 17:28:51 | Exec  sco_TB_Productos_v4_1 
25/08/2016 17:28:51 | Exec sco_DiccionariodeDatos @nmtabla_param='TB_Usuarios'
25/08/2016 17:29:43 | Exec  sco_TB_Productos_v4_1 
25/08/2016 17:29:43 | Exec sco_DiccionariodeDatos @nmtabla_param='TB_Usuarios'
25/08/2016 17:29:48 |  SELECT TOP 100 TB_Usuarios.dsUsuario  FROM TB_Usuarios  WHERE TB_Usuarios.tpAcceso <> 'Puestos'  AND  TB_Usuarios.flBloqueado = 0  AND   dsUsuario Like ('m%') AND TB_Usuarios.flEliminar = 0
25/08/2016 17:29:48 |  SELECT TOP 100 TB_Usuarios.dsUsuario  FROM TB_Usuarios  WHERE TB_Usuarios.tpAcceso <> 'Puestos'  AND  TB_Usuarios.flBloqueado = 0  AND   dsUsuario Like ('ma%') AND TB_Usuarios.flEliminar = 0
25/08/2016 17:29:52 |  SELECT TB_Usuarios.dsUsuario ,TB_Usuarios.dspassword ,TB_Usuarios.tpAcceso ,TB_Usuarios.nmNombre ,TB_Usuarios.nmApellido ,TB_Usuarios.flBloqueado ,TB_Usuarios.tpNivelJerarquico  FROM TB_Usuarios  WHERE TB_Usuarios.dsUsuario = 'MARIANA'  AND  TB_Usuarios.flEliminar = 0  
25/08/2016 17:29:52 |  SELECT TB_Usuarios.dsUsuario ,TB_Usuarios.dspassword ,TB_Usuarios.tpAcceso ,TB_Usuarios.nmNombre ,TB_Usuarios.nmApellido ,TB_Usuarios.flBloqueado ,TB_Usuarios.tpNivelJerarquico  FROM TB_Usuarios  WHERE TB_Usuarios.dsUsuario = 'MARIANA'  AND  TB_Usuarios.flEliminar = 0  
25/08/2016 17:29:52 | Exec sco_DiccionariodeDatos @nmtabla_param='sp_obtenerCajasPendientesdeAprobacion_v2_5'
25/08/2016 17:29:53 | Exec sp_obtenerCajasPendientesdeAprobacion_v2_5 @pdsUsuario_param = 'MARIANA' 
25/08/2016 17:29:53 | Exec sp_obtenerCajasRechazadas_v2_9 
25/08/2016 17:29:53 | Exec sco_DiccionariodeDatos @nmtabla_param='TB_Parametros'
25/08/2016 17:29:53 |  SELECT TB_Parametros.vlParametro  FROM TB_Parametros  WHERE TB_Parametros.dsParametro = 'VALOR EURO'  
25/08/2016 17:29:53 |  SELECT TB_Parametros.vlParametro  FROM TB_Parametros  WHERE TB_Parametros.dsParametro = 'VALOR DOLAR'  
25/08/2016 17:29:53 | Exec SP_ValorPromoRetorno
25/08/2016 17:29:53 | Exec sco_DiccionariodeDatos @nmtabla_param='TB_Comisiones'
25/08/2016 17:29:53 |  SELECT TB_Comisiones.vlMontoMinimo  FROM TB_Comisiones  WHERE TB_Comisiones.tpComision = 'Retorno'  AND  TB_Comisiones.flEliminar = 0  
25/08/2016 17:29:54 |  SELECT TB_Parametros.vlParametro  FROM TB_Parametros  WHERE TB_Parametros.dsParametro = 'VALOR REAL'  
25/08/2016 17:29:54 | Exec sco_DiccionariodeDatos @nmtabla_param='TB_Cajas'
25/08/2016 17:29:59 |  SELECT TB_Cajas.nrCaja  FROM TB_Cajas  WHERE TB_Cajas.dsUsuario = 'MARIANA'  and  TB_Cajas.flEstado = 0  and  TB_Cajas.tpEstadoAprobacion IS NULL  and  TB_Cajas.nrcaja > 0  
25/08/2016 17:29:59 | Exec sco_DiccionariodeDatos @nmtabla_param='VW_CajadeADMAbierta'
25/08/2016 17:29:59 |  SELECT VW_CajadeADMAbierta.nrCaja ,VW_CajadeADMAbierta.vlSaldoFinalRealPesos ,VW_CajadeADMAbierta.vlSaldoFinalRealEuros ,VW_CajadeADMAbierta.vlSaldoFinalRealDolares ,VW_CajadeADMAbierta.dsUsuario  FROM VW_CajadeADMAbierta 
25/08/2016 17:30:14 | Exec  sco_TB_Productos_v4_1 
25/08/2016 17:30:14 | Exec sco_DiccionariodeDatos @nmtabla_param='TB_Usuarios'
25/08/2016 17:30:15 |  SELECT TOP 100 TB_Usuarios.dsUsuario  FROM TB_Usuarios  WHERE TB_Usuarios.tpAcceso <> 'Puestos'  AND  TB_Usuarios.flBloqueado = 0  AND   dsUsuario Like ('c%') AND TB_Usuarios.flEliminar = 0
25/08/2016 17:30:15 |  SELECT TOP 100 TB_Usuarios.dsUsuario  FROM TB_Usuarios  WHERE TB_Usuarios.tpAcceso <> 'Puestos'  AND  TB_Usuarios.flBloqueado = 0  AND   dsUsuario Like ('ca%') AND TB_Usuarios.flEliminar = 0
25/08/2016 17:30:16 |  SELECT TOP 100 TB_Usuarios.dsUsuario  FROM TB_Usuarios  WHERE TB_Usuarios.tpAcceso <> 'Puestos'  AND  TB_Usuarios.flBloqueado = 0  AND   dsUsuario Like ('cam%') AND TB_Usuarios.flEliminar = 0
25/08/2016 17:30:16 |  SELECT TOP 100 TB_Usuarios.dsUsuario  FROM TB_Usuarios  WHERE TB_Usuarios.tpAcceso <> 'Puestos'  AND  TB_Usuarios.flBloqueado = 0  AND   dsUsuario Like ('cami%') AND TB_Usuarios.flEliminar = 0
25/08/2016 17:30:16 |  SELECT TOP 100 TB_Usuarios.dsUsuario  FROM TB_Usuarios  WHERE TB_Usuarios.tpAcceso <> 'Puestos'  AND  TB_Usuarios.flBloqueado = 0  AND   dsUsuario Like ('camil%') AND TB_Usuarios.flEliminar = 0
25/08/2016 17:30:16 |  SELECT TOP 100 TB_Usuarios.dsUsuario  FROM TB_Usuarios  WHERE TB_Usuarios.tpAcceso <> 'Puestos'  AND  TB_Usuarios.flBloqueado = 0  AND   dsUsuario Like ('camila%') AND TB_Usuarios.flEliminar = 0
25/08/2016 17:30:19 |  SELECT TB_Usuarios.dsUsuario ,TB_Usuarios.dspassword ,TB_Usuarios.tpAcceso ,TB_Usuarios.nmNombre ,TB_Usuarios.nmApellido ,TB_Usuarios.flBloqueado ,TB_Usuarios.tpNivelJerarquico  FROM TB_Usuarios  WHERE TB_Usuarios.dsUsuario = 'CAMILAP'  AND  TB_Usuarios.flEliminar = 0  
25/08/2016 17:30:23 |  SELECT TB_Usuarios.dsUsuario ,TB_Usuarios.dspassword ,TB_Usuarios.tpAcceso ,TB_Usuarios.nmNombre ,TB_Usuarios.nmApellido ,TB_Usuarios.flBloqueado ,TB_Usuarios.tpNivelJerarquico  FROM TB_Usuarios  WHERE TB_Usuarios.dsUsuario = 'CAMILAP'  AND  TB_Usuarios.flEliminar = 0  
25/08/2016 17:30:30 |  SELECT TB_Usuarios.dsUsuario ,TB_Usuarios.dspassword ,TB_Usuarios.tpAcceso ,TB_Usuarios.nmNombre ,TB_Usuarios.nmApellido ,TB_Usuarios.flBloqueado ,TB_Usuarios.tpNivelJerarquico  FROM TB_Usuarios  WHERE TB_Usuarios.dsUsuario = 'CAMILAP'  AND  TB_Usuarios.flEliminar = 0  
25/08/2016 17:30:36 |  SELECT TB_Usuarios.dsUsuario ,TB_Usuarios.dspassword ,TB_Usuarios.tpAcceso ,TB_Usuarios.nmNombre ,TB_Usuarios.nmApellido ,TB_Usuarios.flBloqueado ,TB_Usuarios.tpNivelJerarquico  FROM TB_Usuarios  WHERE TB_Usuarios.dsUsuario = 'CAMILAP'  AND  TB_Usuarios.flEliminar = 0  
25/08/2016 17:30:37 |  SELECT TB_Usuarios.dsUsuario ,TB_Usuarios.dspassword ,TB_Usuarios.tpAcceso ,TB_Usuarios.nmNombre ,TB_Usuarios.nmApellido ,TB_Usuarios.flBloqueado ,TB_Usuarios.tpNivelJerarquico  FROM TB_Usuarios  WHERE TB_Usuarios.dsUsuario = 'CAMILAP'  AND  TB_Usuarios.flEliminar = 0  
25/08/2016 17:30:37 | Exec sco_DiccionariodeDatos @nmtabla_param='sp_obtenerCajasPendientesdeAprobacion_v2_5'
25/08/2016 17:30:37 | Exec sp_obtenerCajasPendientesdeAprobacion_v2_5 @pdsUsuario_param = 'CAMILAP' 
25/08/2016 17:30:37 | Exec sp_obtenerCajasRechazadas_v2_9 
25/08/2016 17:30:37 | Exec sco_DiccionariodeDatos @nmtabla_param='TB_Parametros'
25/08/2016 17:30:37 |  SELECT TB_Parametros.vlParametro  FROM TB_Parametros  WHERE TB_Parametros.dsParametro = 'VALOR EURO'  
25/08/2016 17:30:37 |  SELECT TB_Parametros.vlParametro  FROM TB_Parametros  WHERE TB_Parametros.dsParametro = 'VALOR DOLAR'  
25/08/2016 17:30:37 | Exec SP_ValorPromoRetorno
25/08/2016 17:30:37 | Exec sco_DiccionariodeDatos @nmtabla_param='TB_Comisiones'
25/08/2016 17:30:37 |  SELECT TB_Comisiones.vlMontoMinimo  FROM TB_Comisiones  WHERE TB_Comisiones.tpComision = 'Retorno'  AND  TB_Comisiones.flEliminar = 0  
25/08/2016 17:30:37 |  SELECT TB_Parametros.vlParametro  FROM TB_Parametros  WHERE TB_Parametros.dsParametro = 'VALOR REAL'  
25/08/2016 17:30:37 | Exec sco_DiccionariodeDatos @nmtabla_param='TB_Cajas'
25/08/2016 17:30:37 |  SELECT TB_Cajas.nrCaja  FROM TB_Cajas  WHERE TB_Cajas.dsUsuario = 'CAMILAP'  and  TB_Cajas.flEstado = 0  and  TB_Cajas.tpEstadoAprobacion IS NULL  and  TB_Cajas.nrcaja > 0  
25/08/2016 17:30:38 |  SELECT TB_Cajas.nrCaja ,TB_Cajas.vlTotalSaldoFinal ,TB_Cajas.nrPuesto ,TB_Cajas.dsUsuario ,TB_Cajas.vlSaldoInicialPesos ,TB_Cajas.dtApertura ,TB_Cajas.dtCierre ,TB_Cajas.vlDiaDolar ,TB_Cajas.vlDiaEuro ,TB_Cajas.vlSaldoInicialEuros ,TB_Cajas.vlSaldoInicialDolares ,TB_Cajas.vlSaldoFinalRealPesos ,TB_Cajas.vlTotalSaldoInicial ,TB_Cajas.dtObservacion ,TB_Cajas.vlCierrePesos ,TB_Cajas.vlSaldoFinalRealDolares ,TB_Cajas.vlSaldoFinalRealEuros ,TB_Cajas.vlTotalSaldoFinalReal ,TB_Cajas.vlCierreDolares ,TB_Cajas.vlCierreEuros ,TB_Cajas.dsObservacion ,TB_Cajas.vlDiaReal ,TB_Cajas.flEstado  FROM TB_Cajas  WHERE TB_Cajas.nrCaja = 9000003767  
25/08/2016 17:30:38 | Exec sco_DiccionariodeDatos @nmtabla_param='SP_SumaCajaADM_v2_9'
25/08/2016 17:30:39 | Exec SP_SumaCajaADM_v2_9 @nrCaja_param = 9000003767 ,@tpCaja_param = 'CA' ,@tpCajaImputacion_param = null 
25/08/2016 17:30:39 |  UPDATE TB_Cajas SET TB_Cajas.vlSaldoFinalRealPesos  = 1170934.00 ,TB_Cajas.vlSaldoFinalRealEuros  = 173.00 ,TB_Cajas.vlSaldoFinalRealDolares  = 163.00 ,TB_Cajas.vlCierrePesos  = 194179.1 ,TB_Cajas.vlCierreDolares  = 163 ,TB_Cajas.vlCierreEuros  = 173   WHERE TB_Cajas.nrCaja = 9000003767  
25/08/2016 17:30:40 |  UPDATE TB_Cajas SET TB_Cajas.nrCaja  = 9000003767 ,TB_Cajas.vlTotalSaldoFinal  = 197392.40 ,TB_Cajas.nrPuesto  = 9 ,TB_Cajas.dsUsuario  = 'CAMILAP' ,TB_Cajas.vlSaldoInicialPesos  = 976755.30 ,TB_Cajas.dtApertura  = '30/07/2015 07:02:46' ,TB_Cajas.dtCierre  = null ,TB_Cajas.vlDiaDolar  = 9.10 ,TB_Cajas.vlDiaEuro  = 10.00 ,TB_Cajas.vlSaldoInicialEuros  = 0.00 ,TB_Cajas.vlSaldoInicialDolares  = 0.00 ,TB_Cajas.vlSaldoFinalRealPesos  = 976755.30 ,TB_Cajas.vlTotalSaldoInicial  = 976755.30 ,TB_Cajas.dtObservacion  = '25/08/2016 17:30:40' ,TB_Cajas.vlCierrePesos  = 194179.1 ,TB_Cajas.vlSaldoFinalRealDolares  = 163.00 ,TB_Cajas.vlSaldoFinalRealEuros  = 173.00 ,TB_Cajas.vlTotalSaldoFinalReal  = 1174147.00 ,TB_Cajas.vlCierreDolares  = 163 ,TB_Cajas.vlCierreEuros  = 173 ,TB_Cajas.dsObservacion  = null ,TB_Cajas.vlDiaReal  = 3.21 ,TB_Cajas.flCajaAdm  = 1   WHERE TB_Cajas.nrCaja = 9000003767  
25/08/2016 17:30:41 | Exec sco_DiccionariodeDatos @nmtabla_param='VW_UltimaCajaAdm'
25/08/2016 17:30:41 |  SELECT VW_UltimaCajaAdm.nrCaja ,VW_UltimaCajaAdm.vlSaldoFinalRealPesos ,VW_UltimaCajaAdm.vlSaldoFinalRealEuros ,VW_UltimaCajaAdm.vlSaldoFinalRealDolares  FROM VW_UltimaCajaAdm 
25/08/2016 17:30:41 |  SELECT TB_Cajas.nrCaja  FROM TB_Cajas  WHERE TB_Cajas.nrCaja = 9000003767  AND  TB_Cajas.flEstado = 0  
25/08/2016 17:30:41 | Exec sco_DiccionariodeDatos @nmtabla_param='sco_cajapuesto_v3_9'
25/08/2016 17:30:42 | Exec sco_cajapuesto_v3_9 @nrCaja_param = 9000003766 
25/08/2016 17:30:42 | Exec sco_cajapuesto_v3_9 @nrCaja_param = 9000003767 
25/08/2016 17:30:42 | Exec sco_DiccionariodeDatos @nmtabla_param='spu_esdifporCotizacionImputadas_v3_9'
25/08/2016 17:30:43 | Exec spu_esdifporCotizacionImputadas_v3_9 @nrCajaAdmActual = 9000003767 
25/08/2016 17:30:44 | Exec sco_validarVencimientosCAI_v4_1
25/08/2016 17:30:46 | Exec sco_DiccionariodeDatos @nmtabla_param='sco_AccesosOpcionesMenu'
25/08/2016 17:30:46 | Exec sco_AccesosOpcionesMenu @p_tpNivelAcceso = 'Administración' ,@p_operaconcaja = 1 
25/08/2016 17:30:46 | Exec sco_AccesosOpcionesMenu @p_tpNivelAcceso = 'Administración' ,@p_operaconcaja = 1 
25/08/2016 17:31:03 | Exec sco_AccesosOpcionesMenu @p_tpNivelAcceso = 'Administración' ,@p_operaconcaja = 1 
25/08/2016 17:31:11 |  SELECT TOP 100 TB_Usuarios.dsUsuario  FROM TB_Usuarios  WHERE TB_Usuarios.tpAcceso <> 'Puestos'  AND  TB_Usuarios.flBloqueado = 0  AND   dsUsuario Like ('u%') AND TB_Usuarios.flEliminar = 0
25/08/2016 17:31:11 |  SELECT TOP 100 TB_Usuarios.dsUsuario  FROM TB_Usuarios  WHERE TB_Usuarios.tpAcceso <> 'Puestos'  AND  TB_Usuarios.flBloqueado = 0  AND   dsUsuario Like ('us%') AND TB_Usuarios.flEliminar = 0
25/08/2016 17:31:11 |  SELECT TOP 100 TB_Usuarios.dsUsuario  FROM TB_Usuarios  WHERE TB_Usuarios.tpAcceso <> 'Puestos'  AND  TB_Usuarios.flBloqueado = 0  AND   dsUsuario Like ('usr%') AND TB_Usuarios.flEliminar = 0
25/08/2016 17:31:11 |  SELECT TOP 100 TB_Usuarios.dsUsuario  FROM TB_Usuarios  WHERE TB_Usuarios.tpAcceso <> 'Puestos'  AND  TB_Usuarios.flBloqueado = 0  AND   dsUsuario Like ('usrp%') AND TB_Usuarios.flEliminar = 0
25/08/2016 17:31:11 |  SELECT TOP 100 TB_Usuarios.dsUsuario  FROM TB_Usuarios  WHERE TB_Usuarios.tpAcceso <> 'Puestos'  AND  TB_Usuarios.flBloqueado = 0  AND   dsUsuario Like ('usrpa%') AND TB_Usuarios.flEliminar = 0
25/08/2016 17:31:18 |  SELECT TB_Usuarios.dsUsuario ,TB_Usuarios.dspassword ,TB_Usuarios.tpAcceso ,TB_Usuarios.nmNombre ,TB_Usuarios.nmApellido ,TB_Usuarios.flBloqueado ,TB_Usuarios.tpNivelJerarquico  FROM TB_Usuarios  WHERE TB_Usuarios.dsUsuario = 'USRPARAM'  AND  TB_Usuarios.flEliminar = 0  
25/08/2016 17:31:18 |  SELECT TB_Parametros.vlParametro  FROM TB_Parametros  WHERE TB_Parametros.dsParametro = 'VALOR EURO'  
25/08/2016 17:31:18 |  SELECT TB_Parametros.vlParametro  FROM TB_Parametros  WHERE TB_Parametros.dsParametro = 'VALOR DOLAR'  
25/08/2016 17:31:18 | Exec SP_ValorPromoRetorno
25/08/2016 17:31:18 |  SELECT TB_Comisiones.vlMontoMinimo  FROM TB_Comisiones  WHERE TB_Comisiones.tpComision = 'Retorno'  AND  TB_Comisiones.flEliminar = 0  
25/08/2016 17:31:18 |  SELECT TB_Parametros.vlParametro  FROM TB_Parametros  WHERE TB_Parametros.dsParametro = 'VALOR REAL'  
25/08/2016 17:31:18 | Exec sco_AccesosOpcionesMenu @p_tpNivelAcceso = 'Parametrización' ,@p_operaconcaja = 1 
25/08/2016 17:31:18 | Exec sco_AccesosOpcionesMenu @p_tpNivelAcceso = 'Parametrización' ,@p_operaconcaja = 1 
25/08/2016 17:31:20 | Exec sco_DiccionariodeDatos @nmtabla_param='TB_NivelAcceso'
25/08/2016 17:31:22 |  SELECT TB_NivelAcceso.tpNivelAcceso  FROM TB_NivelAcceso  WHERE  tpNivelAcceso Like ('%%%') Order by TB_NivelAcceso.tpNivelAcceso ASC 
25/08/2016 17:31:24 |  SELECT TB_NivelAcceso.tpNivelAcceso  FROM TB_NivelAcceso  WHERE TB_NivelAcceso.tpNivelAcceso = 'Administración'  
25/08/2016 17:31:24 | Exec sco_AccesosOpcionesMenu @p_tpNivelAcceso = 'Administración' 
25/08/2016 17:31:33 |  UPDATE TB_NivelAcceso SET TB_NivelAcceso.tpNivelAcceso  = 'Administración'   WHERE TB_NivelAcceso.tpNivelAcceso = 'Administración'  
25/08/2016 17:31:33 | Exec sco_DiccionariodeDatos @nmtabla_param='TB_NivelAccesoOpcionesMenu'
25/08/2016 17:31:34 |  UPDATE TB_NivelAccesoOpcionesMenu SET TB_NivelAccesoOpcionesMenu.flAcceso  = -1   WHERE TB_NivelAccesoOpcionesMenu.tpNivelAcceso = 'Administración'  AND  TB_NivelAccesoOpcionesMenu.idOpcionMenu = 1  
25/08/2016 17:31:34 |  UPDATE TB_NivelAccesoOpcionesMenu SET TB_NivelAccesoOpcionesMenu.flAcceso  = -1   WHERE TB_NivelAccesoOpcionesMenu.tpNivelAcceso = 'Administración'  AND  TB_NivelAccesoOpcionesMenu.idOpcionMenu = 2  
25/08/2016 17:31:34 |  UPDATE TB_NivelAccesoOpcionesMenu SET TB_NivelAccesoOpcionesMenu.flAcceso  = -1   WHERE TB_NivelAccesoOpcionesMenu.tpNivelAcceso = 'Administración'  AND  TB_NivelAccesoOpcionesMenu.idOpcionMenu = 3  
25/08/2016 17:31:34 |  UPDATE TB_NivelAccesoOpcionesMenu SET TB_NivelAccesoOpcionesMenu.flAcceso  = -1   WHERE TB_NivelAccesoOpcionesMenu.tpNivelAcceso = 'Administración'  AND  TB_NivelAccesoOpcionesMenu.idOpcionMenu = 4  
25/08/2016 17:31:34 |  UPDATE TB_NivelAccesoOpcionesMenu SET TB_NivelAccesoOpcionesMenu.flAcceso  = 0   WHERE TB_NivelAccesoOpcionesMenu.tpNivelAcceso = 'Administración'  AND  TB_NivelAccesoOpcionesMenu.idOpcionMenu = 5  
25/08/2016 17:31:34 |  UPDATE TB_NivelAccesoOpcionesMenu SET TB_NivelAccesoOpcionesMenu.flAcceso  = 0   WHERE TB_NivelAccesoOpcionesMenu.tpNivelAcceso = 'Administración'  AND  TB_NivelAccesoOpcionesMenu.idOpcionMenu = 49  
25/08/2016 17:31:34 |  UPDATE TB_NivelAccesoOpcionesMenu SET TB_NivelAccesoOpcionesMenu.flAcceso  = -1   WHERE TB_NivelAccesoOpcionesMenu.tpNivelAcceso = 'Administración'  AND  TB_NivelAccesoOpcionesMenu.idOpcionMenu = 6  
25/08/2016 17:31:34 |  UPDATE TB_NivelAccesoOpcionesMenu SET TB_NivelAccesoOpcionesMenu.flAcceso  = -1   WHERE TB_NivelAccesoOpcionesMenu.tpNivelAcceso = 'Administración'  AND  TB_NivelAccesoOpcionesMenu.idOpcionMenu = 7  
25/08/2016 17:31:34 |  UPDATE TB_NivelAccesoOpcionesMenu SET TB_NivelAccesoOpcionesMenu.flAcceso  = -1   WHERE TB_NivelAccesoOpcionesMenu.tpNivelAcceso = 'Administración'  AND  TB_NivelAccesoOpcionesMenu.idOpcionMenu = 60  
25/08/2016 17:31:34 |  UPDATE TB_NivelAccesoOpcionesMenu SET TB_NivelAccesoOpcionesMenu.flAcceso  = -1   WHERE TB_NivelAccesoOpcionesMenu.tpNivelAcceso = 'Administración'  AND  TB_NivelAccesoOpcionesMenu.idOpcionMenu = 62  
25/08/2016 17:31:34 |  UPDATE TB_NivelAccesoOpcionesMenu SET TB_NivelAccesoOpcionesMenu.flAcceso  = -1   WHERE TB_NivelAccesoOpcionesMenu.tpNivelAcceso = 'Administración'  AND  TB_NivelAccesoOpcionesMenu.idOpcionMenu = 63  
25/08/2016 17:31:34 |  UPDATE TB_NivelAccesoOpcionesMenu SET TB_NivelAccesoOpcionesMenu.flAcceso  = -1   WHERE TB_NivelAccesoOpcionesMenu.tpNivelAcceso = 'Administración'  AND  TB_NivelAccesoOpcionesMenu.idOpcionMenu = 61  
25/08/2016 17:31:34 |  UPDATE TB_NivelAccesoOpcionesMenu SET TB_NivelAccesoOpcionesMenu.flAcceso  = -1   WHERE TB_NivelAccesoOpcionesMenu.tpNivelAcceso = 'Administración'  AND  TB_NivelAccesoOpcionesMenu.idOpcionMenu = 64  
25/08/2016 17:31:34 |  UPDATE TB_NivelAccesoOpcionesMenu SET TB_NivelAccesoOpcionesMenu.flAcceso  = -1   WHERE TB_NivelAccesoOpcionesMenu.tpNivelAcceso = 'Administración'  AND  TB_NivelAccesoOpcionesMenu.idOpcionMenu = 8  
25/08/2016 17:31:34 |  UPDATE TB_NivelAccesoOpcionesMenu SET TB_NivelAccesoOpcionesMenu.flAcceso  = -1   WHERE TB_NivelAccesoOpcionesMenu.tpNivelAcceso = 'Administración'  AND  TB_NivelAccesoOpcionesMenu.idOpcionMenu = 9  
25/08/2016 17:31:34 |  UPDATE TB_NivelAccesoOpcionesMenu SET TB_NivelAccesoOpcionesMenu.flAcceso  = 0   WHERE TB_NivelAccesoOpcionesMenu.tpNivelAcceso = 'Administración'  AND  TB_NivelAccesoOpcionesMenu.idOpcionMenu = 200  
25/08/2016 17:31:34 |  UPDATE TB_NivelAccesoOpcionesMenu SET TB_NivelAccesoOpcionesMenu.flAcceso  = -1   WHERE TB_NivelAccesoOpcionesMenu.tpNivelAcceso = 'Administración'  AND  TB_NivelAccesoOpcionesMenu.idOpcionMenu = 201  
25/08/2016 17:31:34 |  UPDATE TB_NivelAccesoOpcionesMenu SET TB_NivelAccesoOpcionesMenu.flAcceso  = 0   WHERE TB_NivelAccesoOpcionesMenu.tpNivelAcceso = 'Administración'  AND  TB_NivelAccesoOpcionesMenu.idOpcionMenu = 10  
25/08/2016 17:31:34 |  UPDATE TB_NivelAccesoOpcionesMenu SET TB_NivelAccesoOpcionesMenu.flAcceso  = 0   WHERE TB_NivelAccesoOpcionesMenu.tpNivelAcceso = 'Administración'  AND  TB_NivelAccesoOpcionesMenu.idOpcionMenu = 11  
25/08/2016 17:31:34 |  UPDATE TB_NivelAccesoOpcionesMenu SET TB_NivelAccesoOpcionesMenu.flAcceso  = -1   WHERE TB_NivelAccesoOpcionesMenu.tpNivelAcceso = 'Administración'  AND  TB_NivelAccesoOpcionesMenu.idOpcionMenu = 12  
25/08/2016 17:31:34 |  UPDATE TB_NivelAccesoOpcionesMenu SET TB_NivelAccesoOpcionesMenu.flAcceso  = -1   WHERE TB_NivelAccesoOpcionesMenu.tpNivelAcceso = 'Administración'  AND  TB_NivelAccesoOpcionesMenu.idOpcionMenu = 13  
25/08/2016 17:31:34 |  UPDATE TB_NivelAccesoOpcionesMenu SET TB_NivelAccesoOpcionesMenu.flAcceso  = -1   WHERE TB_NivelAccesoOpcionesMenu.tpNivelAcceso = 'Administración'  AND  TB_NivelAccesoOpcionesMenu.idOpcionMenu = 14  
25/08/2016 17:31:34 |  UPDATE TB_NivelAccesoOpcionesMenu SET TB_NivelAccesoOpcionesMenu.flAcceso  = -1   WHERE TB_NivelAccesoOpcionesMenu.tpNivelAcceso = 'Administración'  AND  TB_NivelAccesoOpcionesMenu.idOpcionMenu = 15  
25/08/2016 17:31:34 |  UPDATE TB_NivelAccesoOpcionesMenu SET TB_NivelAccesoOpcionesMenu.flAcceso  = -1   WHERE TB_NivelAccesoOpcionesMenu.tpNivelAcceso = 'Administración'  AND  TB_NivelAccesoOpcionesMenu.idOpcionMenu = 16  
25/08/2016 17:31:34 |  UPDATE TB_NivelAccesoOpcionesMenu SET TB_NivelAccesoOpcionesMenu.flAcceso  = -1   WHERE TB_NivelAccesoOpcionesMenu.tpNivelAcceso = 'Administración'  AND  TB_NivelAccesoOpcionesMenu.idOpcionMenu = 17  
25/08/2016 17:31:34 |  UPDATE TB_NivelAccesoOpcionesMenu SET TB_NivelAccesoOpcionesMenu.flAcceso  = 0   WHERE TB_NivelAccesoOpcionesMenu.tpNivelAcceso = 'Administración'  AND  TB_NivelAccesoOpcionesMenu.idOpcionMenu = 50  
25/08/2016 17:31:34 |  UPDATE TB_NivelAccesoOpcionesMenu SET TB_NivelAccesoOpcionesMenu.flAcceso  = -1   WHERE TB_NivelAccesoOpcionesMenu.tpNivelAcceso = 'Administración'  AND  TB_NivelAccesoOpcionesMenu.idOpcionMenu = 18  
25/08/2016 17:31:34 |  UPDATE TB_NivelAccesoOpcionesMenu SET TB_NivelAccesoOpcionesMenu.flAcceso  = -1   WHERE TB_NivelAccesoOpcionesMenu.tpNivelAcceso = 'Administración'  AND  TB_NivelAccesoOpcionesMenu.idOpcionMenu = 19  
25/08/2016 17:31:34 |  UPDATE TB_NivelAccesoOpcionesMenu SET TB_NivelAccesoOpcionesMenu.flAcceso  = -1   WHERE TB_NivelAccesoOpcionesMenu.tpNivelAcceso = 'Administración'  AND  TB_NivelAccesoOpcionesMenu.idOpcionMenu = 21  
25/08/2016 17:31:34 |  UPDATE TB_NivelAccesoOpcionesMenu SET TB_NivelAccesoOpcionesMenu.flAcceso  = -1   WHERE TB_NivelAccesoOpcionesMenu.tpNivelAcceso = 'Administración'  AND  TB_NivelAccesoOpcionesMenu.idOpcionMenu = 208  
25/08/2016 17:31:34 |  UPDATE TB_NivelAccesoOpcionesMenu SET TB_NivelAccesoOpcionesMenu.flAcceso  = -1   WHERE TB_NivelAccesoOpcionesMenu.tpNivelAcceso = 'Administración'  AND  TB_NivelAccesoOpcionesMenu.idOpcionMenu = 209  
25/08/2016 17:31:34 |  UPDATE TB_NivelAccesoOpcionesMenu SET TB_NivelAccesoOpcionesMenu.flAcceso  = -1   WHERE TB_NivelAccesoOpcionesMenu.tpNivelAcceso = 'Administración'  AND  TB_NivelAccesoOpcionesMenu.idOpcionMenu = 23  
25/08/2016 17:31:34 |  UPDATE TB_NivelAccesoOpcionesMenu SET TB_NivelAccesoOpcionesMenu.flAcceso  = -1   WHERE TB_NivelAccesoOpcionesMenu.tpNivelAcceso = 'Administración'  AND  TB_NivelAccesoOpcionesMenu.idOpcionMenu = 24  
25/08/2016 17:31:34 |  UPDATE TB_NivelAccesoOpcionesMenu SET TB_NivelAccesoOpcionesMenu.flAcceso  = -1   WHERE TB_NivelAccesoOpcionesMenu.tpNivelAcceso = 'Administración'  AND  TB_NivelAccesoOpcionesMenu.idOpcionMenu = 25  
25/08/2016 17:31:34 |  UPDATE TB_NivelAccesoOpcionesMenu SET TB_NivelAccesoOpcionesMenu.flAcceso  = -1   WHERE TB_NivelAccesoOpcionesMenu.tpNivelAcceso = 'Administración'  AND  TB_NivelAccesoOpcionesMenu.idOpcionMenu = 26  
25/08/2016 17:31:34 |  UPDATE TB_NivelAccesoOpcionesMenu SET TB_NivelAccesoOpcionesMenu.flAcceso  = 0   WHERE TB_NivelAccesoOpcionesMenu.tpNivelAcceso = 'Administración'  AND  TB_NivelAccesoOpcionesMenu.idOpcionMenu = 27  
25/08/2016 17:31:34 |  UPDATE TB_NivelAccesoOpcionesMenu SET TB_NivelAccesoOpcionesMenu.flAcceso  = 0   WHERE TB_NivelAccesoOpcionesMenu.tpNivelAcceso = 'Administración'  AND  TB_NivelAccesoOpcionesMenu.idOpcionMenu = 29  
25/08/2016 17:31:34 |  UPDATE TB_NivelAccesoOpcionesMenu SET TB_NivelAccesoOpcionesMenu.flAcceso  = -1   WHERE TB_NivelAccesoOpcionesMenu.tpNivelAcceso = 'Administración'  AND  TB_NivelAccesoOpcionesMenu.idOpcionMenu = 30  
25/08/2016 17:31:34 |  UPDATE TB_NivelAccesoOpcionesMenu SET TB_NivelAccesoOpcionesMenu.flAcceso  = -1   WHERE TB_NivelAccesoOpcionesMenu.tpNivelAcceso = 'Administración'  AND  TB_NivelAccesoOpcionesMenu.idOpcionMenu = 35  
25/08/2016 17:31:34 |  UPDATE TB_NivelAccesoOpcionesMenu SET TB_NivelAccesoOpcionesMenu.flAcceso  = -1   WHERE TB_NivelAccesoOpcionesMenu.tpNivelAcceso = 'Administración'  AND  TB_NivelAccesoOpcionesMenu.idOpcionMenu = 37  
25/08/2016 17:31:34 |  UPDATE TB_NivelAccesoOpcionesMenu SET TB_NivelAccesoOpcionesMenu.flAcceso  = -1   WHERE TB_NivelAccesoOpcionesMenu.tpNivelAcceso = 'Administración'  AND  TB_NivelAccesoOpcionesMenu.idOpcionMenu = 40  
25/08/2016 17:31:34 |  UPDATE TB_NivelAccesoOpcionesMenu SET TB_NivelAccesoOpcionesMenu.flAcceso  = -1   WHERE TB_NivelAccesoOpcionesMenu.tpNivelAcceso = 'Administración'  AND  TB_NivelAccesoOpcionesMenu.idOpcionMenu = 68  
25/08/2016 17:31:34 |  UPDATE TB_NivelAccesoOpcionesMenu SET TB_NivelAccesoOpcionesMenu.flAcceso  = -1   WHERE TB_NivelAccesoOpcionesMenu.tpNivelAcceso = 'Administración'  AND  TB_NivelAccesoOpcionesMenu.idOpcionMenu = 41  
25/08/2016 17:31:34 |  UPDATE TB_NivelAccesoOpcionesMenu SET TB_NivelAccesoOpcionesMenu.flAcceso  = -1   WHERE TB_NivelAccesoOpcionesMenu.tpNivelAcceso = 'Administración'  AND  TB_NivelAccesoOpcionesMenu.idOpcionMenu = 44  
25/08/2016 17:31:34 |  UPDATE TB_NivelAccesoOpcionesMenu SET TB_NivelAccesoOpcionesMenu.flAcceso  = -1   WHERE TB_NivelAccesoOpcionesMenu.tpNivelAcceso = 'Administración'  AND  TB_NivelAccesoOpcionesMenu.idOpcionMenu = 45  
25/08/2016 17:31:34 |  UPDATE TB_NivelAccesoOpcionesMenu SET TB_NivelAccesoOpcionesMenu.flAcceso  = -1   WHERE TB_NivelAccesoOpcionesMenu.tpNivelAcceso = 'Administración'  AND  TB_NivelAccesoOpcionesMenu.idOpcionMenu = 65  
25/08/2016 17:31:34 |  UPDATE TB_NivelAccesoOpcionesMenu SET TB_NivelAccesoOpcionesMenu.flAcceso  = -1   WHERE TB_NivelAccesoOpcionesMenu.tpNivelAcceso = 'Administración'  AND  TB_NivelAccesoOpcionesMenu.idOpcionMenu = 46  
25/08/2016 17:31:34 |  UPDATE TB_NivelAccesoOpcionesMenu SET TB_NivelAccesoOpcionesMenu.flAcceso  = -1   WHERE TB_NivelAccesoOpcionesMenu.tpNivelAcceso = 'Administración'  AND  TB_NivelAccesoOpcionesMenu.idOpcionMenu = 47  
25/08/2016 17:31:34 |  UPDATE TB_NivelAccesoOpcionesMenu SET TB_NivelAccesoOpcionesMenu.flAcceso  = -1   WHERE TB_NivelAccesoOpcionesMenu.tpNivelAcceso = 'Administración'  AND  TB_NivelAccesoOpcionesMenu.idOpcionMenu = 48  
25/08/2016 17:31:34 |  UPDATE TB_NivelAccesoOpcionesMenu SET TB_NivelAccesoOpcionesMenu.flAcceso  = -1   WHERE TB_NivelAccesoOpcionesMenu.tpNivelAcceso = 'Administración'  AND  TB_NivelAccesoOpcionesMenu.idOpcionMenu = 210  
25/08/2016 17:31:34 |  UPDATE TB_NivelAccesoOpcionesMenu SET TB_NivelAccesoOpcionesMenu.flAcceso  = -1   WHERE TB_NivelAccesoOpcionesMenu.tpNivelAcceso = 'Administración'  AND  TB_NivelAccesoOpcionesMenu.idOpcionMenu = 232  
25/08/2016 17:31:34 |  UPDATE TB_NivelAccesoOpcionesMenu SET TB_NivelAccesoOpcionesMenu.flAcceso  = -1   WHERE TB_NivelAccesoOpcionesMenu.tpNivelAcceso = 'Administración'  AND  TB_NivelAccesoOpcionesMenu.idOpcionMenu = 233  
25/08/2016 17:31:34 |  UPDATE TB_NivelAccesoOpcionesMenu SET TB_NivelAccesoOpcionesMenu.flAcceso  = -1   WHERE TB_NivelAccesoOpcionesMenu.tpNivelAcceso = 'Administración'  AND  TB_NivelAccesoOpcionesMenu.idOpcionMenu = 221  
25/08/2016 17:31:35 | Exec sco_AccesosOpcionesMenu @p_tpNivelAcceso = 'Parametrización' ,@p_operaconcaja = 1 
25/08/2016 17:31:41 |  SELECT TOP 100 TB_Usuarios.dsUsuario  FROM TB_Usuarios  WHERE TB_Usuarios.tpAcceso <> 'Puestos'  AND  TB_Usuarios.flBloqueado = 0  AND   dsUsuario Like ('c%') AND TB_Usuarios.flEliminar = 0
25/08/2016 17:31:41 |  SELECT TOP 100 TB_Usuarios.dsUsuario  FROM TB_Usuarios  WHERE TB_Usuarios.tpAcceso <> 'Puestos'  AND  TB_Usuarios.flBloqueado = 0  AND   dsUsuario Like ('ca%') AND TB_Usuarios.flEliminar = 0
25/08/2016 17:31:41 |  SELECT TOP 100 TB_Usuarios.dsUsuario  FROM TB_Usuarios  WHERE TB_Usuarios.tpAcceso <> 'Puestos'  AND  TB_Usuarios.flBloqueado = 0  AND   dsUsuario Like ('cam%') AND TB_Usuarios.flEliminar = 0
25/08/2016 17:31:41 |  SELECT TOP 100 TB_Usuarios.dsUsuario  FROM TB_Usuarios  WHERE TB_Usuarios.tpAcceso <> 'Puestos'  AND  TB_Usuarios.flBloqueado = 0  AND   dsUsuario Like ('cami%') AND TB_Usuarios.flEliminar = 0
25/08/2016 17:31:41 |  SELECT TOP 100 TB_Usuarios.dsUsuario  FROM TB_Usuarios  WHERE TB_Usuarios.tpAcceso <> 'Puestos'  AND  TB_Usuarios.flBloqueado = 0  AND   dsUsuario Like ('camil%') AND TB_Usuarios.flEliminar = 0
25/08/2016 17:31:47 |  SELECT TB_Usuarios.dsUsuario ,TB_Usuarios.dspassword ,TB_Usuarios.tpAcceso ,TB_Usuarios.nmNombre ,TB_Usuarios.nmApellido ,TB_Usuarios.flBloqueado ,TB_Usuarios.tpNivelJerarquico  FROM TB_Usuarios  WHERE TB_Usuarios.dsUsuario = 'CAMILAP'  AND  TB_Usuarios.flEliminar = 0  
25/08/2016 17:31:47 |  SELECT TB_Parametros.vlParametro  FROM TB_Parametros  WHERE TB_Parametros.dsParametro = 'VALOR EURO'  
25/08/2016 17:31:47 |  SELECT TB_Parametros.vlParametro  FROM TB_Parametros  WHERE TB_Parametros.dsParametro = 'VALOR DOLAR'  
25/08/2016 17:31:47 | Exec SP_ValorPromoRetorno
25/08/2016 17:31:47 |  SELECT TB_Comisiones.vlMontoMinimo  FROM TB_Comisiones  WHERE TB_Comisiones.tpComision = 'Retorno'  AND  TB_Comisiones.flEliminar = 0  
25/08/2016 17:31:47 |  SELECT TB_Parametros.vlParametro  FROM TB_Parametros  WHERE TB_Parametros.dsParametro = 'VALOR REAL'  
25/08/2016 17:31:50 |  SELECT TB_Cajas.nrCaja  FROM TB_Cajas  WHERE TB_Cajas.dsUsuario = 'CAMILAP'  and  TB_Cajas.flEstado = 0  and  TB_Cajas.tpEstadoAprobacion IS NULL  and  TB_Cajas.nrcaja > 0  
25/08/2016 17:31:52 |  SELECT TB_Cajas.nrCaja ,TB_Cajas.vlTotalSaldoFinal ,TB_Cajas.nrPuesto ,TB_Cajas.dsUsuario ,TB_Cajas.vlSaldoInicialPesos ,TB_Cajas.dtApertura ,TB_Cajas.dtCierre ,TB_Cajas.vlDiaDolar ,TB_Cajas.vlDiaEuro ,TB_Cajas.vlSaldoInicialEuros ,TB_Cajas.vlSaldoInicialDolares ,TB_Cajas.vlSaldoFinalRealPesos ,TB_Cajas.vlTotalSaldoInicial ,TB_Cajas.dtObservacion ,TB_Cajas.vlCierrePesos ,TB_Cajas.vlSaldoFinalRealDolares ,TB_Cajas.vlSaldoFinalRealEuros ,TB_Cajas.vlTotalSaldoFinalReal ,TB_Cajas.vlCierreDolares ,TB_Cajas.vlCierreEuros ,TB_Cajas.dsObservacion ,TB_Cajas.vlDiaReal ,TB_Cajas.flEstado  FROM TB_Cajas  WHERE TB_Cajas.nrCaja = 9000003767  
25/08/2016 17:31:52 | Exec SP_SumaCajaADM_v2_9 @nrCaja_param = 9000003767 ,@tpCaja_param = 'CA' ,@tpCajaImputacion_param = null 
25/08/2016 17:31:52 |  UPDATE TB_Cajas SET TB_Cajas.vlSaldoFinalRealPesos  = 1170934.00 ,TB_Cajas.vlSaldoFinalRealEuros  = 173.00 ,TB_Cajas.vlSaldoFinalRealDolares  = 163.00 ,TB_Cajas.vlCierrePesos  = 194179.1 ,TB_Cajas.vlCierreDolares  = 163 ,TB_Cajas.vlCierreEuros  = 173   WHERE TB_Cajas.nrCaja = 9000003767  
25/08/2016 17:31:54 |  UPDATE TB_Cajas SET TB_Cajas.nrCaja  = 9000003767 ,TB_Cajas.vlTotalSaldoFinal  = 197392.40 ,TB_Cajas.nrPuesto  = 9 ,TB_Cajas.dsUsuario  = 'CAMILAP' ,TB_Cajas.vlSaldoInicialPesos  = 976755.30 ,TB_Cajas.dtApertura  = '30/07/2015 07:02:46' ,TB_Cajas.dtCierre  = null ,TB_Cajas.vlDiaDolar  = 9.10 ,TB_Cajas.vlDiaEuro  = 10.00 ,TB_Cajas.vlSaldoInicialEuros  = 0.00 ,TB_Cajas.vlSaldoInicialDolares  = 0.00 ,TB_Cajas.vlSaldoFinalRealPesos  = 976755.30 ,TB_Cajas.vlTotalSaldoInicial  = 976755.30 ,TB_Cajas.dtObservacion  = '25/08/2016 17:31:54' ,TB_Cajas.vlCierrePesos  = 194179.1 ,TB_Cajas.vlSaldoFinalRealDolares  = 163.00 ,TB_Cajas.vlSaldoFinalRealEuros  = 173.00 ,TB_Cajas.vlTotalSaldoFinalReal  = 1174147.00 ,TB_Cajas.vlCierreDolares  = 163 ,TB_Cajas.vlCierreEuros  = 173 ,TB_Cajas.dsObservacion  = null ,TB_Cajas.vlDiaReal  = 3.21 ,TB_Cajas.flCajaAdm  = 1   WHERE TB_Cajas.nrCaja = 9000003767  
25/08/2016 17:31:54 |  SELECT VW_UltimaCajaAdm.nrCaja ,VW_UltimaCajaAdm.vlSaldoFinalRealPesos ,VW_UltimaCajaAdm.vlSaldoFinalRealEuros ,VW_UltimaCajaAdm.vlSaldoFinalRealDolares  FROM VW_UltimaCajaAdm 
25/08/2016 17:31:54 |  SELECT TB_Cajas.nrCaja  FROM TB_Cajas  WHERE TB_Cajas.nrCaja = 9000003767  AND  TB_Cajas.flEstado = 0  
25/08/2016 17:31:54 | Exec sco_cajapuesto_v3_9 @nrCaja_param = 9000003766 
25/08/2016 17:31:54 | Exec sco_cajapuesto_v3_9 @nrCaja_param = 9000003767 
25/08/2016 17:31:54 | Exec spu_esdifporCotizacionImputadas_v3_9 @nrCajaAdmActual = 9000003767 
25/08/2016 17:31:54 | Exec sco_AccesosOpcionesMenu @p_tpNivelAcceso = 'Administración' ,@p_operaconcaja = 1 
25/08/2016 17:31:54 | Exec sco_AccesosOpcionesMenu @p_tpNivelAcceso = 'Administración' ,@p_operaconcaja = 1 
25/08/2016 17:32:07 | Exec sco_DiccionariodeDatos @nmtabla_param='spu_obtieneDatosCITIVentas_v4_8'
25/08/2016 17:32:11 | Exec spu_obtieneDatosCITIVentas_v4_8 @mes = 2016 ,@anio = 01 
25/08/2016 17:32:11 | Exec sco_DiccionariodeDatos @nmtabla_param='spu_obtieneDatosCITIVentas_Alicuotas_v4_9'
25/08/2016 17:42:40 | Exec  sco_TB_Productos_v4_1 
25/08/2016 17:42:41 | Exec sco_DiccionariodeDatos @nmtabla_param='TB_Usuarios'
25/08/2016 17:42:45 |  SELECT TOP 100 TB_Usuarios.dsUsuario  FROM TB_Usuarios  WHERE TB_Usuarios.tpAcceso <> 'Puestos'  AND  TB_Usuarios.flBloqueado = 0  AND   dsUsuario Like ('c%') AND TB_Usuarios.flEliminar = 0
25/08/2016 17:42:45 |  SELECT TOP 100 TB_Usuarios.dsUsuario  FROM TB_Usuarios  WHERE TB_Usuarios.tpAcceso <> 'Puestos'  AND  TB_Usuarios.flBloqueado = 0  AND   dsUsuario Like ('ca%') AND TB_Usuarios.flEliminar = 0
25/08/2016 17:42:45 |  SELECT TOP 100 TB_Usuarios.dsUsuario  FROM TB_Usuarios  WHERE TB_Usuarios.tpAcceso <> 'Puestos'  AND  TB_Usuarios.flBloqueado = 0  AND   dsUsuario Like ('cam%') AND TB_Usuarios.flEliminar = 0
25/08/2016 17:42:46 |  SELECT TOP 100 TB_Usuarios.dsUsuario  FROM TB_Usuarios  WHERE TB_Usuarios.tpAcceso <> 'Puestos'  AND  TB_Usuarios.flBloqueado = 0  AND   dsUsuario Like ('cami%') AND TB_Usuarios.flEliminar = 0
25/08/2016 17:42:49 |  SELECT TB_Usuarios.dsUsuario ,TB_Usuarios.dspassword ,TB_Usuarios.tpAcceso ,TB_Usuarios.nmNombre ,TB_Usuarios.nmApellido ,TB_Usuarios.flBloqueado ,TB_Usuarios.tpNivelJerarquico  FROM TB_Usuarios  WHERE TB_Usuarios.dsUsuario = 'CAMILAP'  AND  TB_Usuarios.flEliminar = 0  
25/08/2016 17:42:49 |  SELECT TB_Usuarios.dsUsuario ,TB_Usuarios.dspassword ,TB_Usuarios.tpAcceso ,TB_Usuarios.nmNombre ,TB_Usuarios.nmApellido ,TB_Usuarios.flBloqueado ,TB_Usuarios.tpNivelJerarquico  FROM TB_Usuarios  WHERE TB_Usuarios.dsUsuario = 'CAMILAP'  AND  TB_Usuarios.flEliminar = 0  
25/08/2016 17:42:49 | Exec sco_DiccionariodeDatos @nmtabla_param='sp_obtenerCajasPendientesdeAprobacion_v2_5'
25/08/2016 17:42:49 | Exec sp_obtenerCajasPendientesdeAprobacion_v2_5 @pdsUsuario_param = 'CAMILAP' 
25/08/2016 17:42:49 | Exec sp_obtenerCajasRechazadas_v2_9 
25/08/2016 17:42:49 | Exec sco_DiccionariodeDatos @nmtabla_param='TB_Parametros'
25/08/2016 17:42:49 |  SELECT TB_Parametros.vlParametro  FROM TB_Parametros  WHERE TB_Parametros.dsParametro = 'VALOR EURO'  
25/08/2016 17:42:49 |  SELECT TB_Parametros.vlParametro  FROM TB_Parametros  WHERE TB_Parametros.dsParametro = 'VALOR DOLAR'  
25/08/2016 17:42:49 | Exec SP_ValorPromoRetorno
25/08/2016 17:42:49 | Exec sco_DiccionariodeDatos @nmtabla_param='TB_Comisiones'
25/08/2016 17:42:49 |  SELECT TB_Comisiones.vlMontoMinimo  FROM TB_Comisiones  WHERE TB_Comisiones.tpComision = 'Retorno'  AND  TB_Comisiones.flEliminar = 0  
25/08/2016 17:42:49 |  SELECT TB_Parametros.vlParametro  FROM TB_Parametros  WHERE TB_Parametros.dsParametro = 'VALOR REAL'  
25/08/2016 17:42:49 | Exec sco_DiccionariodeDatos @nmtabla_param='TB_Cajas'
25/08/2016 17:42:49 |  SELECT TB_Cajas.nrCaja  FROM TB_Cajas  WHERE TB_Cajas.dsUsuario = 'CAMILAP'  and  TB_Cajas.flEstado = 0  and  TB_Cajas.tpEstadoAprobacion IS NULL  and  TB_Cajas.nrcaja > 0  
25/08/2016 17:42:51 |  SELECT TB_Cajas.nrCaja ,TB_Cajas.vlTotalSaldoFinal ,TB_Cajas.nrPuesto ,TB_Cajas.dsUsuario ,TB_Cajas.vlSaldoInicialPesos ,TB_Cajas.dtApertura ,TB_Cajas.dtCierre ,TB_Cajas.vlDiaDolar ,TB_Cajas.vlDiaEuro ,TB_Cajas.vlSaldoInicialEuros ,TB_Cajas.vlSaldoInicialDolares ,TB_Cajas.vlSaldoFinalRealPesos ,TB_Cajas.vlTotalSaldoInicial ,TB_Cajas.dtObservacion ,TB_Cajas.vlCierrePesos ,TB_Cajas.vlSaldoFinalRealDolares ,TB_Cajas.vlSaldoFinalRealEuros ,TB_Cajas.vlTotalSaldoFinalReal ,TB_Cajas.vlCierreDolares ,TB_Cajas.vlCierreEuros ,TB_Cajas.dsObservacion ,TB_Cajas.vlDiaReal ,TB_Cajas.flEstado  FROM TB_Cajas  WHERE TB_Cajas.nrCaja = 9000003767  
25/08/2016 17:42:51 | Exec sco_DiccionariodeDatos @nmtabla_param='SP_SumaCajaADM_v2_9'
25/08/2016 17:42:51 | Exec SP_SumaCajaADM_v2_9 @nrCaja_param = 9000003767 ,@tpCaja_param = 'CA' ,@tpCajaImputacion_param = null 
25/08/2016 17:42:51 |  UPDATE TB_Cajas SET TB_Cajas.vlSaldoFinalRealPesos  = 1170934.00 ,TB_Cajas.vlSaldoFinalRealEuros  = 173.00 ,TB_Cajas.vlSaldoFinalRealDolares  = 163.00 ,TB_Cajas.vlCierrePesos  = 194179.1 ,TB_Cajas.vlCierreDolares  = 163 ,TB_Cajas.vlCierreEuros  = 173   WHERE TB_Cajas.nrCaja = 9000003767  
25/08/2016 17:42:52 |  UPDATE TB_Cajas SET TB_Cajas.nrCaja  = 9000003767 ,TB_Cajas.vlTotalSaldoFinal  = 197392.40 ,TB_Cajas.nrPuesto  = 9 ,TB_Cajas.dsUsuario  = 'CAMILAP' ,TB_Cajas.vlSaldoInicialPesos  = 976755.30 ,TB_Cajas.dtApertura  = '30/07/2015 07:02:46' ,TB_Cajas.dtCierre  = null ,TB_Cajas.vlDiaDolar  = 9.10 ,TB_Cajas.vlDiaEuro  = 10.00 ,TB_Cajas.vlSaldoInicialEuros  = 0.00 ,TB_Cajas.vlSaldoInicialDolares  = 0.00 ,TB_Cajas.vlSaldoFinalRealPesos  = 976755.30 ,TB_Cajas.vlTotalSaldoInicial  = 976755.30 ,TB_Cajas.dtObservacion  = '25/08/2016 17:42:52' ,TB_Cajas.vlCierrePesos  = 194179.1 ,TB_Cajas.vlSaldoFinalRealDolares  = 163.00 ,TB_Cajas.vlSaldoFinalRealEuros  = 173.00 ,TB_Cajas.vlTotalSaldoFinalReal  = 1174147.00 ,TB_Cajas.vlCierreDolares  = 163 ,TB_Cajas.vlCierreEuros  = 173 ,TB_Cajas.dsObservacion  = null ,TB_Cajas.vlDiaReal  = 3.21 ,TB_Cajas.flCajaAdm  = 1   WHERE TB_Cajas.nrCaja = 9000003767  
25/08/2016 17:42:52 | Exec sco_DiccionariodeDatos @nmtabla_param='VW_UltimaCajaAdm'
25/08/2016 17:42:52 |  SELECT VW_UltimaCajaAdm.nrCaja ,VW_UltimaCajaAdm.vlSaldoFinalRealPesos ,VW_UltimaCajaAdm.vlSaldoFinalRealEuros ,VW_UltimaCajaAdm.vlSaldoFinalRealDolares  FROM VW_UltimaCajaAdm 
25/08/2016 17:42:52 |  SELECT TB_Cajas.nrCaja  FROM TB_Cajas  WHERE TB_Cajas.nrCaja = 9000003767  AND  TB_Cajas.flEstado = 0  
25/08/2016 17:42:52 | Exec sco_DiccionariodeDatos @nmtabla_param='sco_cajapuesto_v3_9'
25/08/2016 17:42:52 | Exec sco_cajapuesto_v3_9 @nrCaja_param = 9000003766 
25/08/2016 17:42:52 | Exec sco_cajapuesto_v3_9 @nrCaja_param = 9000003767 
25/08/2016 17:42:52 | Exec sco_DiccionariodeDatos @nmtabla_param='spu_esdifporCotizacionImputadas_v3_9'
25/08/2016 17:42:52 | Exec spu_esdifporCotizacionImputadas_v3_9 @nrCajaAdmActual = 9000003767 
25/08/2016 17:42:52 | Exec sco_validarVencimientosCAI_v4_1
25/08/2016 17:42:53 | Exec sco_DiccionariodeDatos @nmtabla_param='sco_AccesosOpcionesMenu'
25/08/2016 17:42:53 | Exec sco_AccesosOpcionesMenu @p_tpNivelAcceso = 'Administración' ,@p_operaconcaja = 1 
25/08/2016 17:42:53 | Exec sco_AccesosOpcionesMenu @p_tpNivelAcceso = 'Administración' ,@p_operaconcaja = 1 
25/08/2016 17:43:15 | Exec sco_DiccionariodeDatos @nmtabla_param='spu_obtieneDatosCITIVentas_v4_8'
25/08/2016 17:43:16 | Exec spu_obtieneDatosCITIVentas_v4_8 @mes = 01 ,@anio = 2016 
25/08/2016 17:43:16 | Exec sco_DiccionariodeDatos @nmtabla_param='spu_obtieneDatosCITIVentas_Alicuotas_v4_9'
25/08/2016 17:43:17 | Exec spu_obtieneDatosCITIVentas_Alicuotas_v4_9 @mes = 01 ,@anio = 2016 
25/08/2016 17:43:28 | Exec sco_AccesosOpcionesMenu @p_tpNivelAcceso = 'Administración' ,@p_operaconcaja = 1 
25/08/2016 17:47:21 | Exec  sco_TB_Productos_v4_1 
25/08/2016 17:47:22 | Exec sco_DiccionariodeDatos @nmtabla_param='TB_Usuarios'
25/08/2016 17:47:24 |  SELECT TB_Usuarios.dsUsuario ,TB_Usuarios.dspassword ,TB_Usuarios.tpAcceso ,TB_Usuarios.nmNombre ,TB_Usuarios.nmApellido ,TB_Usuarios.flBloqueado ,TB_Usuarios.tpNivelJerarquico  FROM TB_Usuarios  WHERE TB_Usuarios.dsUsuario = 'CAMILAP'  AND  TB_Usuarios.flEliminar = 0  
25/08/2016 17:47:28 |  SELECT TB_Usuarios.dsUsuario ,TB_Usuarios.dspassword ,TB_Usuarios.tpAcceso ,TB_Usuarios.nmNombre ,TB_Usuarios.nmApellido ,TB_Usuarios.flBloqueado ,TB_Usuarios.tpNivelJerarquico  FROM TB_Usuarios  WHERE TB_Usuarios.dsUsuario = 'CAMILAP'  AND  TB_Usuarios.flEliminar = 0  
25/08/2016 17:47:28 |  SELECT TB_Usuarios.dsUsuario ,TB_Usuarios.dspassword ,TB_Usuarios.tpAcceso ,TB_Usuarios.nmNombre ,TB_Usuarios.nmApellido ,TB_Usuarios.flBloqueado ,TB_Usuarios.tpNivelJerarquico  FROM TB_Usuarios  WHERE TB_Usuarios.dsUsuario = 'CAMILAP'  AND  TB_Usuarios.flEliminar = 0  
25/08/2016 17:47:28 | Exec sco_DiccionariodeDatos @nmtabla_param='sp_obtenerCajasPendientesdeAprobacion_v2_5'
25/08/2016 17:47:28 | Exec sp_obtenerCajasPendientesdeAprobacion_v2_5 @pdsUsuario_param = 'CAMILAP' 
25/08/2016 17:47:28 | Exec sp_obtenerCajasRechazadas_v2_9 
25/08/2016 17:47:28 | Exec sco_DiccionariodeDatos @nmtabla_param='TB_Parametros'
25/08/2016 17:47:28 |  SELECT TB_Parametros.vlParametro  FROM TB_Parametros  WHERE TB_Parametros.dsParametro = 'VALOR EURO'  
25/08/2016 17:47:28 |  SELECT TB_Parametros.vlParametro  FROM TB_Parametros  WHERE TB_Parametros.dsParametro = 'VALOR DOLAR'  
25/08/2016 17:47:28 | Exec SP_ValorPromoRetorno
25/08/2016 17:47:28 | Exec sco_DiccionariodeDatos @nmtabla_param='TB_Comisiones'
25/08/2016 17:47:28 |  SELECT TB_Comisiones.vlMontoMinimo  FROM TB_Comisiones  WHERE TB_Comisiones.tpComision = 'Retorno'  AND  TB_Comisiones.flEliminar = 0  
25/08/2016 17:47:28 |  SELECT TB_Parametros.vlParametro  FROM TB_Parametros  WHERE TB_Parametros.dsParametro = 'VALOR REAL'  
25/08/2016 17:47:28 | Exec sco_DiccionariodeDatos @nmtabla_param='TB_Cajas'
25/08/2016 17:47:28 |  SELECT TB_Cajas.nrCaja  FROM TB_Cajas  WHERE TB_Cajas.dsUsuario = 'CAMILAP'  and  TB_Cajas.flEstado = 0  and  TB_Cajas.tpEstadoAprobacion IS NULL  and  TB_Cajas.nrcaja > 0  
25/08/2016 17:47:30 |  SELECT TB_Cajas.nrCaja ,TB_Cajas.vlTotalSaldoFinal ,TB_Cajas.nrPuesto ,TB_Cajas.dsUsuario ,TB_Cajas.vlSaldoInicialPesos ,TB_Cajas.dtApertura ,TB_Cajas.dtCierre ,TB_Cajas.vlDiaDolar ,TB_Cajas.vlDiaEuro ,TB_Cajas.vlSaldoInicialEuros ,TB_Cajas.vlSaldoInicialDolares ,TB_Cajas.vlSaldoFinalRealPesos ,TB_Cajas.vlTotalSaldoInicial ,TB_Cajas.dtObservacion ,TB_Cajas.vlCierrePesos ,TB_Cajas.vlSaldoFinalRealDolares ,TB_Cajas.vlSaldoFinalRealEuros ,TB_Cajas.vlTotalSaldoFinalReal ,TB_Cajas.vlCierreDolares ,TB_Cajas.vlCierreEuros ,TB_Cajas.dsObservacion ,TB_Cajas.vlDiaReal ,TB_Cajas.flEstado  FROM TB_Cajas  WHERE TB_Cajas.nrCaja = 9000003767  
25/08/2016 17:47:30 | Exec sco_DiccionariodeDatos @nmtabla_param='SP_SumaCajaADM_v2_9'
25/08/2016 17:47:30 | Exec SP_SumaCajaADM_v2_9 @nrCaja_param = 9000003767 ,@tpCaja_param = 'CA' ,@tpCajaImputacion_param = null 
25/08/2016 17:47:30 |  UPDATE TB_Cajas SET TB_Cajas.vlSaldoFinalRealPesos  = 1170934.00 ,TB_Cajas.vlSaldoFinalRealEuros  = 173.00 ,TB_Cajas.vlSaldoFinalRealDolares  = 163.00 ,TB_Cajas.vlCierrePesos  = 194179.1 ,TB_Cajas.vlCierreDolares  = 163 ,TB_Cajas.vlCierreEuros  = 173   WHERE TB_Cajas.nrCaja = 9000003767  
25/08/2016 17:47:31 |  UPDATE TB_Cajas SET TB_Cajas.nrCaja  = 9000003767 ,TB_Cajas.vlTotalSaldoFinal  = 197392.40 ,TB_Cajas.nrPuesto  = 9 ,TB_Cajas.dsUsuario  = 'CAMILAP' ,TB_Cajas.vlSaldoInicialPesos  = 976755.30 ,TB_Cajas.dtApertura  = '30/07/2015 07:02:46' ,TB_Cajas.dtCierre  = null ,TB_Cajas.vlDiaDolar  = 9.10 ,TB_Cajas.vlDiaEuro  = 10.00 ,TB_Cajas.vlSaldoInicialEuros  = 0.00 ,TB_Cajas.vlSaldoInicialDolares  = 0.00 ,TB_Cajas.vlSaldoFinalRealPesos  = 976755.30 ,TB_Cajas.vlTotalSaldoInicial  = 976755.30 ,TB_Cajas.dtObservacion  = '25/08/2016 17:47:31' ,TB_Cajas.vlCierrePesos  = 194179.1 ,TB_Cajas.vlSaldoFinalRealDolares  = 163.00 ,TB_Cajas.vlSaldoFinalRealEuros  = 173.00 ,TB_Cajas.vlTotalSaldoFinalReal  = 1174147.00 ,TB_Cajas.vlCierreDolares  = 163 ,TB_Cajas.vlCierreEuros  = 173 ,TB_Cajas.dsObservacion  = null ,TB_Cajas.vlDiaReal  = 3.21 ,TB_Cajas.flCajaAdm  = 1   WHERE TB_Cajas.nrCaja = 9000003767  
25/08/2016 17:47:31 | Exec sco_DiccionariodeDatos @nmtabla_param='VW_UltimaCajaAdm'
25/08/2016 17:47:31 |  SELECT VW_UltimaCajaAdm.nrCaja ,VW_UltimaCajaAdm.vlSaldoFinalRealPesos ,VW_UltimaCajaAdm.vlSaldoFinalRealEuros ,VW_UltimaCajaAdm.vlSaldoFinalRealDolares  FROM VW_UltimaCajaAdm 
25/08/2016 17:47:31 |  SELECT TB_Cajas.nrCaja  FROM TB_Cajas  WHERE TB_Cajas.nrCaja = 9000003767  AND  TB_Cajas.flEstado = 0  
25/08/2016 17:47:31 | Exec sco_DiccionariodeDatos @nmtabla_param='sco_cajapuesto_v3_9'
25/08/2016 17:47:31 | Exec sco_cajapuesto_v3_9 @nrCaja_param = 9000003766 
25/08/2016 17:47:31 | Exec sco_cajapuesto_v3_9 @nrCaja_param = 9000003767 
25/08/2016 17:47:31 | Exec sco_DiccionariodeDatos @nmtabla_param='spu_esdifporCotizacionImputadas_v3_9'
25/08/2016 17:47:31 | Exec spu_esdifporCotizacionImputadas_v3_9 @nrCajaAdmActual = 9000003767 
25/08/2016 17:47:31 | Exec sco_validarVencimientosCAI_v4_1
25/08/2016 17:47:32 | Exec sco_DiccionariodeDatos @nmtabla_param='sco_AccesosOpcionesMenu'
25/08/2016 17:47:32 | Exec sco_AccesosOpcionesMenu @p_tpNivelAcceso = 'Administración' ,@p_operaconcaja = 1 
25/08/2016 17:47:32 | Exec sco_AccesosOpcionesMenu @p_tpNivelAcceso = 'Administración' ,@p_operaconcaja = 1 
25/08/2016 17:47:48 | Exec sco_DiccionariodeDatos @nmtabla_param='spu_obtieneDatosCITIVentas_v4_8'
25/08/2016 17:47:49 | Exec spu_obtieneDatosCITIVentas_v4_8 @mes = 01 ,@anio = 2016 
25/08/2016 17:47:49 | Exec sco_DiccionariodeDatos @nmtabla_param='spu_obtieneDatosCITIVentas_Alicuotas_v4_9'
25/08/2016 17:47:50 | Exec spu_obtieneDatosCITIVentas_Alicuotas_v4_9 @mes = 01 ,@anio = 2016 
25/08/2016 17:49:09 | Exec sco_AccesosOpcionesMenu @p_tpNivelAcceso = 'Administración' ,@p_operaconcaja = 1 
25/08/2016 17:59:46 | Exec spu_obtieneDatosCITIVentas_v4_8 @mes = 01 ,@anio = 2015 
25/08/2016 17:59:47 | Exec spu_obtieneDatosCITIVentas_Alicuotas_v4_9 @mes = 01 ,@anio = 2015 
25/08/2016 17:59:48 | Exec sco_AccesosOpcionesMenu @p_tpNivelAcceso = 'Administración' ,@p_operaconcaja = 1 
25/08/2016 18:01:19 | Exec spu_obtieneDatosCITIVentas_v4_8 @mes = 01 ,@anio = 2015 
25/08/2016 18:01:20 | Exec spu_obtieneDatosCITIVentas_Alicuotas_v4_9 @mes = 01 ,@anio = 2015 
25/08/2016 18:01:21 | Exec sco_AccesosOpcionesMenu @p_tpNivelAcceso = 'Administración' ,@p_operaconcaja = 1 
25/08/2016 18:02:05 | Exec spu_obtieneDatosCITIVentas_v4_8 @mes = 01 ,@anio = 2015 
25/08/2016 18:02:06 | Exec spu_obtieneDatosCITIVentas_Alicuotas_v4_9 @mes = 01 ,@anio = 2015 
25/08/2016 18:03:32 | Exec sco_AccesosOpcionesMenu @p_tpNivelAcceso = 'Administración' ,@p_operaconcaja = 1 
25/08/2016 18:07:38 | Exec  sco_TB_Productos_v4_1 
25/08/2016 18:07:38 | Exec sco_DiccionariodeDatos @nmtabla_param='TB_Usuarios'
25/08/2016 18:07:41 |  SELECT TB_Usuarios.dsUsuario ,TB_Usuarios.dspassword ,TB_Usuarios.tpAcceso ,TB_Usuarios.nmNombre ,TB_Usuarios.nmApellido ,TB_Usuarios.flBloqueado ,TB_Usuarios.tpNivelJerarquico  FROM TB_Usuarios  WHERE TB_Usuarios.dsUsuario = 'CAMILAP'  AND  TB_Usuarios.flEliminar = 0  
25/08/2016 18:07:41 |  SELECT TB_Usuarios.dsUsuario ,TB_Usuarios.dspassword ,TB_Usuarios.tpAcceso ,TB_Usuarios.nmNombre ,TB_Usuarios.nmApellido ,TB_Usuarios.flBloqueado ,TB_Usuarios.tpNivelJerarquico  FROM TB_Usuarios  WHERE TB_Usuarios.dsUsuario = 'CAMILAP'  AND  TB_Usuarios.flEliminar = 0  
25/08/2016 18:07:41 | Exec sco_DiccionariodeDatos @nmtabla_param='sp_obtenerCajasPendientesdeAprobacion_v2_5'
25/08/2016 18:07:42 | Exec sp_obtenerCajasPendientesdeAprobacion_v2_5 @pdsUsuario_param = 'CAMILAP' 
25/08/2016 18:07:42 | Exec sp_obtenerCajasRechazadas_v2_9 
25/08/2016 18:07:42 | Exec sco_DiccionariodeDatos @nmtabla_param='TB_Parametros'
25/08/2016 18:07:42 |  SELECT TB_Parametros.vlParametro  FROM TB_Parametros  WHERE TB_Parametros.dsParametro = 'VALOR EURO'  
25/08/2016 18:07:42 |  SELECT TB_Parametros.vlParametro  FROM TB_Parametros  WHERE TB_Parametros.dsParametro = 'VALOR DOLAR'  
25/08/2016 18:07:42 | Exec SP_ValorPromoRetorno
25/08/2016 18:07:42 | Exec sco_DiccionariodeDatos @nmtabla_param='TB_Comisiones'
25/08/2016 18:07:42 |  SELECT TB_Comisiones.vlMontoMinimo  FROM TB_Comisiones  WHERE TB_Comisiones.tpComision = 'Retorno'  AND  TB_Comisiones.flEliminar = 0  
25/08/2016 18:07:42 |  SELECT TB_Parametros.vlParametro  FROM TB_Parametros  WHERE TB_Parametros.dsParametro = 'VALOR REAL'  
25/08/2016 18:07:42 | Exec sco_DiccionariodeDatos @nmtabla_param='TB_Cajas'
25/08/2016 18:07:42 |  SELECT TB_Cajas.nrCaja  FROM TB_Cajas  WHERE TB_Cajas.dsUsuario = 'CAMILAP'  and  TB_Cajas.flEstado = 0  and  TB_Cajas.tpEstadoAprobacion IS NULL  and  TB_Cajas.nrcaja > 0  
25/08/2016 18:07:43 |  SELECT TB_Cajas.nrCaja ,TB_Cajas.vlTotalSaldoFinal ,TB_Cajas.nrPuesto ,TB_Cajas.dsUsuario ,TB_Cajas.vlSaldoInicialPesos ,TB_Cajas.dtApertura ,TB_Cajas.dtCierre ,TB_Cajas.vlDiaDolar ,TB_Cajas.vlDiaEuro ,TB_Cajas.vlSaldoInicialEuros ,TB_Cajas.vlSaldoInicialDolares ,TB_Cajas.vlSaldoFinalRealPesos ,TB_Cajas.vlTotalSaldoInicial ,TB_Cajas.dtObservacion ,TB_Cajas.vlCierrePesos ,TB_Cajas.vlSaldoFinalRealDolares ,TB_Cajas.vlSaldoFinalRealEuros ,TB_Cajas.vlTotalSaldoFinalReal ,TB_Cajas.vlCierreDolares ,TB_Cajas.vlCierreEuros ,TB_Cajas.dsObservacion ,TB_Cajas.vlDiaReal ,TB_Cajas.flEstado  FROM TB_Cajas  WHERE TB_Cajas.nrCaja = 9000003767  
25/08/2016 18:07:43 | Exec sco_DiccionariodeDatos @nmtabla_param='SP_SumaCajaADM_v2_9'
25/08/2016 18:07:43 | Exec SP_SumaCajaADM_v2_9 @nrCaja_param = 9000003767 ,@tpCaja_param = 'CA' ,@tpCajaImputacion_param = null 
25/08/2016 18:07:43 |  UPDATE TB_Cajas SET TB_Cajas.vlSaldoFinalRealPesos  = 1170934.00 ,TB_Cajas.vlSaldoFinalRealEuros  = 173.00 ,TB_Cajas.vlSaldoFinalRealDolares  = 163.00 ,TB_Cajas.vlCierrePesos  = 194179.1 ,TB_Cajas.vlCierreDolares  = 163 ,TB_Cajas.vlCierreEuros  = 173   WHERE TB_Cajas.nrCaja = 9000003767  
25/08/2016 18:07:44 |  UPDATE TB_Cajas SET TB_Cajas.nrCaja  = 9000003767 ,TB_Cajas.vlTotalSaldoFinal  = 197392.40 ,TB_Cajas.nrPuesto  = 9 ,TB_Cajas.dsUsuario  = 'CAMILAP' ,TB_Cajas.vlSaldoInicialPesos  = 976755.30 ,TB_Cajas.dtApertura  = '30/07/2015 07:02:46' ,TB_Cajas.dtCierre  = null ,TB_Cajas.vlDiaDolar  = 9.10 ,TB_Cajas.vlDiaEuro  = 10.00 ,TB_Cajas.vlSaldoInicialEuros  = 0.00 ,TB_Cajas.vlSaldoInicialDolares  = 0.00 ,TB_Cajas.vlSaldoFinalRealPesos  = 976755.30 ,TB_Cajas.vlTotalSaldoInicial  = 976755.30 ,TB_Cajas.dtObservacion  = '25/08/2016 18:07:44' ,TB_Cajas.vlCierrePesos  = 194179.1 ,TB_Cajas.vlSaldoFinalRealDolares  = 163.00 ,TB_Cajas.vlSaldoFinalRealEuros  = 173.00 ,TB_Cajas.vlTotalSaldoFinalReal  = 1174147.00 ,TB_Cajas.vlCierreDolares  = 163 ,TB_Cajas.vlCierreEuros  = 173 ,TB_Cajas.dsObservacion  = null ,TB_Cajas.vlDiaReal  = 3.21 ,TB_Cajas.flCajaAdm  = 1   WHERE TB_Cajas.nrCaja = 9000003767  
25/08/2016 18:07:44 | Exec sco_DiccionariodeDatos @nmtabla_param='VW_UltimaCajaAdm'
25/08/2016 18:07:44 |  SELECT VW_UltimaCajaAdm.nrCaja ,VW_UltimaCajaAdm.vlSaldoFinalRealPesos ,VW_UltimaCajaAdm.vlSaldoFinalRealEuros ,VW_UltimaCajaAdm.vlSaldoFinalRealDolares  FROM VW_UltimaCajaAdm 
25/08/2016 18:07:44 |  SELECT TB_Cajas.nrCaja  FROM TB_Cajas  WHERE TB_Cajas.nrCaja = 9000003767  AND  TB_Cajas.flEstado = 0  
25/08/2016 18:07:45 | Exec sco_DiccionariodeDatos @nmtabla_param='sco_cajapuesto_v3_9'
25/08/2016 18:07:45 | Exec sco_cajapuesto_v3_9 @nrCaja_param = 9000003766 
25/08/2016 18:07:45 | Exec sco_cajapuesto_v3_9 @nrCaja_param = 9000003767 
25/08/2016 18:07:45 | Exec sco_DiccionariodeDatos @nmtabla_param='spu_esdifporCotizacionImputadas_v3_9'
25/08/2016 18:07:45 | Exec spu_esdifporCotizacionImputadas_v3_9 @nrCajaAdmActual = 9000003767 
25/08/2016 18:07:45 | Exec sco_validarVencimientosCAI_v4_1
25/08/2016 18:07:46 | Exec sco_DiccionariodeDatos @nmtabla_param='sco_AccesosOpcionesMenu'
25/08/2016 18:07:46 | Exec sco_AccesosOpcionesMenu @p_tpNivelAcceso = 'Administración' ,@p_operaconcaja = 1 
25/08/2016 18:07:46 | Exec sco_AccesosOpcionesMenu @p_tpNivelAcceso = 'Administración' ,@p_operaconcaja = 1 
25/08/2016 18:07:50 | Exec sco_AccesosOpcionesMenu @p_tpNivelAcceso = 'Administración' ,@p_operaconcaja = 1 
25/08/2016 18:08:01 | Exec sco_DiccionariodeDatos @nmtabla_param='spu_obtieneDatosCITIVentas_v4_8'
25/08/2016 18:08:05 | Exec spu_obtieneDatosCITIVentas_v4_8 @mes = 01 ,@anio = 2015 
25/08/2016 18:08:05 | Exec sco_DiccionariodeDatos @nmtabla_param='spu_obtieneDatosCITIVentas_Alicuotas_v4_9'
25/08/2016 18:08:06 | Exec spu_obtieneDatosCITIVentas_Alicuotas_v4_9 @mes = 01 ,@anio = 2015 
25/08/2016 18:08:27 | Exec sco_AccesosOpcionesMenu @p_tpNivelAcceso = 'Administración' ,@p_operaconcaja = 1 
