04/07/2016 10:28:40 | Exec  sco_TB_Productos_v4_1 
04/07/2016 10:28:40 | Exec sco_DiccionariodeDatos @nmtabla_param='TB_Usuarios'
04/07/2016 10:28:43 |  SELECT TB_Usuarios.dsUsuario ,TB_Usuarios.dspassword ,TB_Usuarios.tpAcceso ,TB_Usuarios.nmNombre ,TB_Usuarios.nmApellido ,TB_Usuarios.flBloqueado ,TB_Usuarios.tpNivelJerarquico  FROM TB_Usuarios  WHERE TB_Usuarios.dsUsuario = 'BFAZZALARI'  AND  TB_Usuarios.flEliminar = 0  
04/07/2016 10:28:43 |  SELECT TB_Usuarios.dsUsuario ,TB_Usuarios.dspassword ,TB_Usuarios.tpAcceso ,TB_Usuarios.nmNombre ,TB_Usuarios.nmApellido ,TB_Usuarios.flBloqueado ,TB_Usuarios.tpNivelJerarquico  FROM TB_Usuarios  WHERE TB_Usuarios.dsUsuario = 'BFAZZALARI'  AND  TB_Usuarios.flEliminar = 0  
04/07/2016 10:28:43 | Exec sco_DiccionariodeDatos @nmtabla_param='sp_obtenerCajasPendientesdeAprobacion_v2_5'
04/07/2016 10:28:43 | Exec sp_obtenerCajasPendientesdeAprobacion_v2_5 @pdsUsuario_param = 'BFAZZALARI' 
04/07/2016 10:28:44 | Exec sp_obtenerCajasRechazadas_v2_9 
04/07/2016 10:28:44 | Exec sco_DiccionariodeDatos @nmtabla_param='TB_Parametros'
04/07/2016 10:28:44 |  SELECT TB_Parametros.vlParametro  FROM TB_Parametros  WHERE TB_Parametros.dsParametro = 'VALOR EURO'  
04/07/2016 10:28:44 |  SELECT TB_Parametros.vlParametro  FROM TB_Parametros  WHERE TB_Parametros.dsParametro = 'VALOR DOLAR'  
04/07/2016 10:28:44 | Exec SP_ValorPromoRetorno
04/07/2016 10:28:44 | Exec sco_DiccionariodeDatos @nmtabla_param='TB_Comisiones'
04/07/2016 10:28:44 |  SELECT TB_Comisiones.vlMontoMinimo  FROM TB_Comisiones  WHERE TB_Comisiones.tpComision = 'Retorno'  AND  TB_Comisiones.flEliminar = 0  
04/07/2016 10:28:44 |  SELECT TB_Parametros.vlParametro  FROM TB_Parametros  WHERE TB_Parametros.dsParametro = 'VALOR REAL'  
04/07/2016 10:28:44 | Exec sco_DiccionariodeDatos @nmtabla_param='TB_Cajas'
04/07/2016 10:28:44 |  SELECT TB_Cajas.nrCaja  FROM TB_Cajas  WHERE TB_Cajas.dsUsuario = 'BFAZZALARI'  and  TB_Cajas.flEstado = 0  and  TB_Cajas.tpEstadoAprobacion IS NULL  and  TB_Cajas.nrcaja > 0  
04/07/2016 10:28:45 | Exec sco_DiccionariodeDatos @nmtabla_param='sco_AccesosOpcionesMenu'
04/07/2016 10:28:45 | Exec sco_AccesosOpcionesMenu @p_tpNivelAcceso = 'Puestos' ,@p_operaconcaja = 1 
04/07/2016 10:28:45 | Exec sco_AccesosOpcionesMenu @p_tpNivelAcceso = 'Puestos' ,@p_operaconcaja = 1 
04/07/2016 10:28:47 | Exec sco_DiccionariodeDatos @nmtabla_param='sco_cajapuesto_v3_9'
04/07/2016 10:28:47 | Exec sco_cajapuesto_v3_9 @nrCaja_param = 1000010105 
04/07/2016 10:28:47 | Exec sco_DiccionariodeDatos @nmtabla_param='TB_Comprobantes'
04/07/2016 10:28:47 | Exec sco_DiccionariodeDatos @nmtabla_param='sp_obtenerComision_v4_7'
04/07/2016 10:28:47 | Exec sp_obtenerComision_v4_7 @tpComprobante_param = null ,@vlTotalGeneral_param = 0 ,@tpComision_param = null ,@tpCliente_param = null ,@dsCodigoDestinos_param = null 
04/07/2016 10:28:47 | Exec sp_obtenerComision_v4_7 @tpComprobante_param = null ,@vlTotalGeneral_param = 0 ,@tpComision_param = 'A Clientes' ,@tpCliente_param = 'A Clientes' ,@dsCodigoDestinos_param = null 
04/07/2016 10:28:47 | Exec sco_DiccionariodeDatos @nmtabla_param='spu_obtener_puntosdeventa_facturacion_v4_7'
04/07/2016 10:28:47 | Exec spu_obtener_puntosdeventa_facturacion_v4_7 @nrPuesto_param = 1 ,@tipo_iva = 'CF' ,@auto_impresor = 'S' ,@tpFormadePago = null ,@tpComprobante = 'FA' 
04/07/2016 10:28:47 | Exec sp_obtenerComision_v4_7 @tpComprobante_param = 'FA' ,@vlTotalGeneral_param = 0 ,@tpComision_param = 'A Clientes' ,@tpCliente_param = 'A Clientes' ,@dsCodigoDestinos_param = null 
04/07/2016 10:28:48 | Exec spu_obtener_puntosdeventa_facturacion_v4_7 @nrPuesto_param = 1 ,@tipo_iva = 'CF' ,@auto_impresor = 'S' ,@tpFormadePago = null ,@tpComprobante = 'FA' 
04/07/2016 10:28:48 | Exec spu_obtener_puntosdeventa_facturacion_v4_7 @nrPuesto_param = 1 ,@tipo_iva = 'CF' ,@auto_impresor = 'S' ,@tpFormadePago = null ,@tpComprobante = 'FA' 
04/07/2016 10:28:48 | Exec sp_obtenerComision_v4_7 @tpComprobante_param = 'FA' ,@vlTotalGeneral_param = 0 ,@tpComision_param = 'A Clientes' ,@tpCliente_param = 'A Clientes' ,@dsCodigoDestinos_param = null 
04/07/2016 10:28:48 | Exec sp_obtenerComision_v4_7 @tpComprobante_param = 'FA' ,@vlTotalGeneral_param = 0 ,@tpComision_param = 'A Clientes' ,@tpCliente_param = 'A Clientes' ,@dsCodigoDestinos_param = null 
04/07/2016 10:28:48 | Exec sp_obtenerComision_v4_7 @tpComprobante_param = 'FA' ,@vlTotalGeneral_param = 0 ,@tpComision_param = 'A Clientes' ,@tpCliente_param = 'A Clientes' ,@dsCodigoDestinos_param = null 
04/07/2016 10:28:48 | Exec sco_DiccionariodeDatos @nmtabla_param='TB_Productos'
04/07/2016 10:28:49 | Exec sp_obtenerComision_v4_7 @tpComprobante_param = 'FA' ,@vlTotalGeneral_param = 0 ,@tpComision_param = 'A Clientes' ,@tpCliente_param = 'A Clientes' ,@dsCodigoDestinos_param = null 
04/07/2016 10:28:49 | Exec sp_obtenerComision_v4_7 @tpComprobante_param = 'FA' ,@vlTotalGeneral_param = 0 ,@tpComision_param = 'A Clientes' ,@tpCliente_param = 'A Clientes' ,@dsCodigoDestinos_param = null 
04/07/2016 10:28:52 | Exec sp_obtenerComision_v4_7 @tpComprobante_param = 'FA' ,@vlTotalGeneral_param = 0 ,@tpComision_param = 'A Clientes' ,@tpCliente_param = 'A Clientes' ,@dsCodigoDestinos_param = '''Viaje'',null,450' 
04/07/2016 10:28:52 | Exec sp_obtenerComision_v4_7 @tpComprobante_param = 'FA' ,@vlTotalGeneral_param = 0 ,@tpComision_param = 'A Clientes' ,@tpCliente_param = 'A Clientes' ,@dsCodigoDestinos_param = '''Viaje'',null,450' 
04/07/2016 10:28:52 | Exec sco_DiccionariodeDatos @nmtabla_param='SP_Supera_KM_IVA_segunMonto_2_0'
04/07/2016 10:28:52 | Exec SP_Supera_KM_IVA_segunMonto_2_0 @tpCategoriaIVA_param = 'CF' ,@vlKilometros_param = 0 ,@vlMonto_param = 450 
04/07/2016 10:28:52 | Exec sp_obtenerComision_v4_7 @tpComprobante_param = 'FA' ,@vlTotalGeneral_param = 450 ,@tpComision_param = 'A Clientes' ,@tpCliente_param = 'A Clientes' ,@dsCodigoDestinos_param = '''Viaje'',null,450' 
04/07/2016 10:28:52 | Exec sp_obtenerComision_v4_7 @tpComprobante_param = 'FA' ,@vlTotalGeneral_param = 450 ,@tpComision_param = 'A Clientes' ,@tpCliente_param = 'A Clientes' ,@dsCodigoDestinos_param = '''Viaje'',null,450' 
04/07/2016 10:28:52 | Exec sp_obtenerComision_v4_7 @tpComprobante_param = 'FA' ,@vlTotalGeneral_param = 450 ,@tpComision_param = 'A Clientes' ,@tpCliente_param = 'A Clientes' ,@dsCodigoDestinos_param = '''Viaje'',null,450' 
04/07/2016 10:28:56 | Exec sco_DiccionariodeDatos @nmtabla_param='TB_Proveedores'
04/07/2016 10:28:56 |  SELECT TB_Proveedores.nmNombre ,TB_Proveedores.nmApellido  FROM TB_Proveedores  WHERE TB_Proveedores.tpCategoria = 'Licenciatario'  AND  TB_Proveedores.nrLicencia = 124  AND  TB_Proveedores.flEliminar = 0  
04/07/2016 10:28:58 |  SELECT tb_parametros.dsParametro ,tb_parametros.vlParametro ,tb_parametros.tpParametro ,tb_parametros.flEditable ,tb_parametros.nrTamanio ,tb_parametros.dtActualizacion  FROM tb_parametros  WHERE tb_parametros.dsParametro = 'CALCULA_IVA_LIC_990'  
04/07/2016 10:30:03 | Exec  sco_TB_Productos_v4_1 
04/07/2016 10:30:03 | Exec sco_DiccionariodeDatos @nmtabla_param='TB_Usuarios'
04/07/2016 10:30:06 |  SELECT TB_Usuarios.dsUsuario ,TB_Usuarios.dspassword ,TB_Usuarios.tpAcceso ,TB_Usuarios.nmNombre ,TB_Usuarios.nmApellido ,TB_Usuarios.flBloqueado ,TB_Usuarios.tpNivelJerarquico  FROM TB_Usuarios  WHERE TB_Usuarios.dsUsuario = 'BFAZZALARI'  AND  TB_Usuarios.flEliminar = 0  
04/07/2016 10:30:06 |  SELECT TB_Usuarios.dsUsuario ,TB_Usuarios.dspassword ,TB_Usuarios.tpAcceso ,TB_Usuarios.nmNombre ,TB_Usuarios.nmApellido ,TB_Usuarios.flBloqueado ,TB_Usuarios.tpNivelJerarquico  FROM TB_Usuarios  WHERE TB_Usuarios.dsUsuario = 'BFAZZALARI'  AND  TB_Usuarios.flEliminar = 0  
04/07/2016 10:30:06 | Exec sco_DiccionariodeDatos @nmtabla_param='sp_obtenerCajasPendientesdeAprobacion_v2_5'
04/07/2016 10:30:06 | Exec sp_obtenerCajasPendientesdeAprobacion_v2_5 @pdsUsuario_param = 'BFAZZALARI' 
04/07/2016 10:30:08 | Exec sp_obtenerCajasRechazadas_v2_9 
04/07/2016 10:30:08 | Exec sco_DiccionariodeDatos @nmtabla_param='TB_Parametros'
04/07/2016 10:30:08 |  SELECT TB_Parametros.vlParametro  FROM TB_Parametros  WHERE TB_Parametros.dsParametro = 'VALOR EURO'  
04/07/2016 10:30:08 |  SELECT TB_Parametros.vlParametro  FROM TB_Parametros  WHERE TB_Parametros.dsParametro = 'VALOR DOLAR'  
04/07/2016 10:30:08 | Exec SP_ValorPromoRetorno
04/07/2016 10:30:08 | Exec sco_DiccionariodeDatos @nmtabla_param='TB_Comisiones'
04/07/2016 10:30:08 |  SELECT TB_Comisiones.vlMontoMinimo  FROM TB_Comisiones  WHERE TB_Comisiones.tpComision = 'Retorno'  AND  TB_Comisiones.flEliminar = 0  
04/07/2016 10:30:08 |  SELECT TB_Parametros.vlParametro  FROM TB_Parametros  WHERE TB_Parametros.dsParametro = 'VALOR REAL'  
04/07/2016 10:30:08 | Exec sco_DiccionariodeDatos @nmtabla_param='TB_Cajas'
04/07/2016 10:30:08 |  SELECT TB_Cajas.nrCaja  FROM TB_Cajas  WHERE TB_Cajas.dsUsuario = 'BFAZZALARI'  and  TB_Cajas.flEstado = 0  and  TB_Cajas.tpEstadoAprobacion IS NULL  and  TB_Cajas.nrcaja > 0  
04/07/2016 10:30:10 | Exec sco_DiccionariodeDatos @nmtabla_param='sco_AccesosOpcionesMenu'
04/07/2016 10:30:10 | Exec sco_AccesosOpcionesMenu @p_tpNivelAcceso = 'Puestos' ,@p_operaconcaja = 1 
04/07/2016 10:30:10 | Exec sco_AccesosOpcionesMenu @p_tpNivelAcceso = 'Puestos' ,@p_operaconcaja = 1 
04/07/2016 10:30:12 | Exec sco_DiccionariodeDatos @nmtabla_param='sco_cajapuesto_v3_9'
04/07/2016 10:30:12 | Exec sco_cajapuesto_v3_9 @nrCaja_param = 1000010105 
04/07/2016 10:30:12 | Exec sco_DiccionariodeDatos @nmtabla_param='TB_Comprobantes'
04/07/2016 10:30:12 | Exec sco_DiccionariodeDatos @nmtabla_param='sp_obtenerComision_v4_7'
04/07/2016 10:30:12 | Exec sp_obtenerComision_v4_7 @tpComprobante_param = null ,@vlTotalGeneral_param = 0 ,@tpComision_param = null ,@tpCliente_param = null ,@dsCodigoDestinos_param = null 
04/07/2016 10:30:12 | Exec sp_obtenerComision_v4_7 @tpComprobante_param = null ,@vlTotalGeneral_param = 0 ,@tpComision_param = 'A Clientes' ,@tpCliente_param = 'A Clientes' ,@dsCodigoDestinos_param = null 
04/07/2016 10:30:12 | Exec sco_DiccionariodeDatos @nmtabla_param='spu_obtener_puntosdeventa_facturacion_v4_7'
04/07/2016 10:30:12 | Exec spu_obtener_puntosdeventa_facturacion_v4_7 @nrPuesto_param = 1 ,@tipo_iva = 'CF' ,@auto_impresor = 'S' ,@tpFormadePago = null ,@tpComprobante = 'FA' 
04/07/2016 10:30:12 | Exec sp_obtenerComision_v4_7 @tpComprobante_param = 'FA' ,@vlTotalGeneral_param = 0 ,@tpComision_param = 'A Clientes' ,@tpCliente_param = 'A Clientes' ,@dsCodigoDestinos_param = null 
04/07/2016 10:30:12 | Exec spu_obtener_puntosdeventa_facturacion_v4_7 @nrPuesto_param = 1 ,@tipo_iva = 'CF' ,@auto_impresor = 'S' ,@tpFormadePago = null ,@tpComprobante = 'FA' 
04/07/2016 10:30:12 | Exec spu_obtener_puntosdeventa_facturacion_v4_7 @nrPuesto_param = 1 ,@tipo_iva = 'CF' ,@auto_impresor = 'S' ,@tpFormadePago = null ,@tpComprobante = 'FA' 
04/07/2016 10:30:12 | Exec sp_obtenerComision_v4_7 @tpComprobante_param = 'FA' ,@vlTotalGeneral_param = 0 ,@tpComision_param = 'A Clientes' ,@tpCliente_param = 'A Clientes' ,@dsCodigoDestinos_param = null 
04/07/2016 10:30:12 | Exec sp_obtenerComision_v4_7 @tpComprobante_param = 'FA' ,@vlTotalGeneral_param = 0 ,@tpComision_param = 'A Clientes' ,@tpCliente_param = 'A Clientes' ,@dsCodigoDestinos_param = null 
04/07/2016 10:30:12 | Exec sp_obtenerComision_v4_7 @tpComprobante_param = 'FA' ,@vlTotalGeneral_param = 0 ,@tpComision_param = 'A Clientes' ,@tpCliente_param = 'A Clientes' ,@dsCodigoDestinos_param = null 
04/07/2016 10:30:12 | Exec sco_DiccionariodeDatos @nmtabla_param='TB_Productos'
04/07/2016 10:30:13 | Exec sp_obtenerComision_v4_7 @tpComprobante_param = 'FA' ,@vlTotalGeneral_param = 0 ,@tpComision_param = 'A Clientes' ,@tpCliente_param = 'A Clientes' ,@dsCodigoDestinos_param = null 
04/07/2016 10:30:13 | Exec sp_obtenerComision_v4_7 @tpComprobante_param = 'FA' ,@vlTotalGeneral_param = 0 ,@tpComision_param = 'A Clientes' ,@tpCliente_param = 'A Clientes' ,@dsCodigoDestinos_param = null 
04/07/2016 10:30:15 | Exec sp_obtenerComision_v4_7 @tpComprobante_param = 'FA' ,@vlTotalGeneral_param = 0 ,@tpComision_param = 'A Clientes' ,@tpCliente_param = 'A Clientes' ,@dsCodigoDestinos_param = '''Viaje'',null,450' 
04/07/2016 10:30:15 | Exec sp_obtenerComision_v4_7 @tpComprobante_param = 'FA' ,@vlTotalGeneral_param = 0 ,@tpComision_param = 'A Clientes' ,@tpCliente_param = 'A Clientes' ,@dsCodigoDestinos_param = '''Viaje'',null,450' 
04/07/2016 10:30:15 | Exec sco_DiccionariodeDatos @nmtabla_param='SP_Supera_KM_IVA_segunMonto_2_0'
04/07/2016 10:30:15 | Exec SP_Supera_KM_IVA_segunMonto_2_0 @tpCategoriaIVA_param = 'CF' ,@vlKilometros_param = 0 ,@vlMonto_param = 450 
04/07/2016 10:30:15 | Exec sp_obtenerComision_v4_7 @tpComprobante_param = 'FA' ,@vlTotalGeneral_param = 450 ,@tpComision_param = 'A Clientes' ,@tpCliente_param = 'A Clientes' ,@dsCodigoDestinos_param = '''Viaje'',null,450' 
04/07/2016 10:30:15 | Exec sp_obtenerComision_v4_7 @tpComprobante_param = 'FA' ,@vlTotalGeneral_param = 450 ,@tpComision_param = 'A Clientes' ,@tpCliente_param = 'A Clientes' ,@dsCodigoDestinos_param = '''Viaje'',null,450' 
04/07/2016 10:30:15 | Exec sp_obtenerComision_v4_7 @tpComprobante_param = 'FA' ,@vlTotalGeneral_param = 450 ,@tpComision_param = 'A Clientes' ,@tpCliente_param = 'A Clientes' ,@dsCodigoDestinos_param = '''Viaje'',null,450' 
04/07/2016 10:30:19 | Exec sco_DiccionariodeDatos @nmtabla_param='TB_Proveedores'
04/07/2016 10:30:19 |  SELECT TB_Proveedores.nmNombre ,TB_Proveedores.nmApellido  FROM TB_Proveedores  WHERE TB_Proveedores.tpCategoria = 'Licenciatario'  AND  TB_Proveedores.nrLicencia = 124  AND  TB_Proveedores.flEliminar = 0  
04/07/2016 10:30:21 |  SELECT tb_parametros.dsParametro ,tb_parametros.vlParametro ,tb_parametros.tpParametro ,tb_parametros.flEditable ,tb_parametros.nrTamanio ,tb_parametros.dtActualizacion  FROM tb_parametros  WHERE tb_parametros.dsParametro = 'CALCULA_IVA_LIC_990'  
04/07/2016 10:30:39 | Exec sp_obtenerComision_v4_7 @tpComprobante_param = 'FA' ,@vlTotalGeneral_param = 450 ,@tpComision_param = 'A Clientes' ,@tpCliente_param = 'A Clientes' ,@dsCodigoDestinos_param = '''Viaje'',null,450' 
04/07/2016 10:30:39 | Exec sp_obtenerComision_v4_7 @tpComprobante_param = 'FA' ,@vlTotalGeneral_param = 450 ,@tpComision_param = 'A Clientes' ,@tpCliente_param = 'A Clientes' ,@dsCodigoDestinos_param = '''Viaje'',null,450' 
04/07/2016 10:30:42 | Exec sp_obtenerComision_v4_7 @tpComprobante_param = 'FA' ,@vlTotalGeneral_param = 450 ,@tpComision_param = 'A Clientes' ,@tpCliente_param = 'A Clientes' ,@dsCodigoDestinos_param = '''Viaje'',null,450' 
04/07/2016 10:30:48 |  SELECT TB_Proveedores.nmNombre ,TB_Proveedores.nmApellido  FROM TB_Proveedores  WHERE TB_Proveedores.tpCategoria = 'Licenciatario'  AND  TB_Proveedores.nrLicencia = 124  AND  TB_Proveedores.flEliminar = 0  
04/07/2016 10:30:50 |  SELECT tb_parametros.dsParametro ,tb_parametros.vlParametro ,tb_parametros.tpParametro ,tb_parametros.flEditable ,tb_parametros.nrTamanio ,tb_parametros.dtActualizacion  FROM tb_parametros  WHERE tb_parametros.dsParametro = 'CALCULA_IVA_LIC_990'  
04/07/2016 11:00:03 | Exec sco_AccesosOpcionesMenu @p_tpNivelAcceso = 'Puestos' ,@p_operaconcaja = 1 
04/07/2016 11:00:16 | Exec  sco_TB_Productos_v4_1 
04/07/2016 11:00:16 | Exec sco_DiccionariodeDatos @nmtabla_param='TB_Usuarios'
04/07/2016 11:00:21 |  SELECT TB_Usuarios.dsUsuario ,TB_Usuarios.dspassword ,TB_Usuarios.tpAcceso ,TB_Usuarios.nmNombre ,TB_Usuarios.nmApellido ,TB_Usuarios.flBloqueado ,TB_Usuarios.tpNivelJerarquico  FROM TB_Usuarios  WHERE TB_Usuarios.dsUsuario = 'BFAZZALARI'  AND  TB_Usuarios.flEliminar = 0  
04/07/2016 11:00:21 |  SELECT TB_Usuarios.dsUsuario ,TB_Usuarios.dspassword ,TB_Usuarios.tpAcceso ,TB_Usuarios.nmNombre ,TB_Usuarios.nmApellido ,TB_Usuarios.flBloqueado ,TB_Usuarios.tpNivelJerarquico  FROM TB_Usuarios  WHERE TB_Usuarios.dsUsuario = 'BFAZZALARI'  AND  TB_Usuarios.flEliminar = 0  
04/07/2016 11:00:21 | Exec sco_DiccionariodeDatos @nmtabla_param='sp_obtenerCajasPendientesdeAprobacion_v2_5'
04/07/2016 11:00:21 | Exec sp_obtenerCajasPendientesdeAprobacion_v2_5 @pdsUsuario_param = 'BFAZZALARI' 
04/07/2016 11:00:24 | Exec sp_obtenerCajasRechazadas_v2_9 
04/07/2016 11:00:24 | Exec sco_DiccionariodeDatos @nmtabla_param='TB_Parametros'
04/07/2016 11:00:24 |  SELECT TB_Parametros.vlParametro  FROM TB_Parametros  WHERE TB_Parametros.dsParametro = 'VALOR EURO'  
04/07/2016 11:00:24 |  SELECT TB_Parametros.vlParametro  FROM TB_Parametros  WHERE TB_Parametros.dsParametro = 'VALOR DOLAR'  
04/07/2016 11:00:24 | Exec SP_ValorPromoRetorno
04/07/2016 11:00:24 | Exec sco_DiccionariodeDatos @nmtabla_param='TB_Comisiones'
04/07/2016 11:00:24 |  SELECT TB_Comisiones.vlMontoMinimo  FROM TB_Comisiones  WHERE TB_Comisiones.tpComision = 'Retorno'  AND  TB_Comisiones.flEliminar = 0  
04/07/2016 11:00:24 |  SELECT TB_Parametros.vlParametro  FROM TB_Parametros  WHERE TB_Parametros.dsParametro = 'VALOR REAL'  
04/07/2016 11:00:24 | Exec sco_DiccionariodeDatos @nmtabla_param='TB_Cajas'
04/07/2016 11:00:24 |  SELECT TB_Cajas.nrCaja  FROM TB_Cajas  WHERE TB_Cajas.dsUsuario = 'BFAZZALARI'  and  TB_Cajas.flEstado = 0  and  TB_Cajas.tpEstadoAprobacion IS NULL  and  TB_Cajas.nrcaja > 0  
04/07/2016 11:00:25 | Exec sco_DiccionariodeDatos @nmtabla_param='sco_AccesosOpcionesMenu'
04/07/2016 11:00:25 | Exec sco_AccesosOpcionesMenu @p_tpNivelAcceso = 'Puestos' ,@p_operaconcaja = 1 
04/07/2016 11:00:25 | Exec sco_AccesosOpcionesMenu @p_tpNivelAcceso = 'Puestos' ,@p_operaconcaja = 1 
04/07/2016 11:00:27 | Exec sco_DiccionariodeDatos @nmtabla_param='sco_cajapuesto_v3_9'
04/07/2016 11:00:27 | Exec sco_cajapuesto_v3_9 @nrCaja_param = 1000010105 
04/07/2016 11:00:27 | Exec sco_DiccionariodeDatos @nmtabla_param='TB_Comprobantes'
04/07/2016 11:00:27 | Exec sco_DiccionariodeDatos @nmtabla_param='sp_obtenerComision_v4_7'
04/07/2016 11:00:27 | Exec sp_obtenerComision_v4_7 @tpComprobante_param = null ,@vlTotalGeneral_param = 0 ,@tpComision_param = null ,@tpCliente_param = null ,@dsCodigoDestinos_param = null 
04/07/2016 11:00:27 | Exec sp_obtenerComision_v4_7 @tpComprobante_param = null ,@vlTotalGeneral_param = 0 ,@tpComision_param = 'A Clientes' ,@tpCliente_param = 'A Clientes' ,@dsCodigoDestinos_param = null 
04/07/2016 11:00:27 | Exec sco_DiccionariodeDatos @nmtabla_param='spu_obtener_puntosdeventa_facturacion_v4_7'
04/07/2016 11:00:27 | Exec spu_obtener_puntosdeventa_facturacion_v4_7 @nrPuesto_param = 1 ,@tipo_iva = 'CF' ,@auto_impresor = 'S' ,@tpFormadePago = null ,@tpComprobante = 'FA' 
04/07/2016 11:00:27 | Exec sp_obtenerComision_v4_7 @tpComprobante_param = 'FA' ,@vlTotalGeneral_param = 0 ,@tpComision_param = 'A Clientes' ,@tpCliente_param = 'A Clientes' ,@dsCodigoDestinos_param = null 
04/07/2016 11:00:27 | Exec spu_obtener_puntosdeventa_facturacion_v4_7 @nrPuesto_param = 1 ,@tipo_iva = 'CF' ,@auto_impresor = 'S' ,@tpFormadePago = null ,@tpComprobante = 'FA' 
04/07/2016 11:00:27 | Exec spu_obtener_puntosdeventa_facturacion_v4_7 @nrPuesto_param = 1 ,@tipo_iva = 'CF' ,@auto_impresor = 'S' ,@tpFormadePago = null ,@tpComprobante = 'FA' 
04/07/2016 11:00:27 | Exec sp_obtenerComision_v4_7 @tpComprobante_param = 'FA' ,@vlTotalGeneral_param = 0 ,@tpComision_param = 'A Clientes' ,@tpCliente_param = 'A Clientes' ,@dsCodigoDestinos_param = null 
04/07/2016 11:00:27 | Exec sp_obtenerComision_v4_7 @tpComprobante_param = 'FA' ,@vlTotalGeneral_param = 0 ,@tpComision_param = 'A Clientes' ,@tpCliente_param = 'A Clientes' ,@dsCodigoDestinos_param = null 
04/07/2016 11:00:27 | Exec sp_obtenerComision_v4_7 @tpComprobante_param = 'FA' ,@vlTotalGeneral_param = 0 ,@tpComision_param = 'A Clientes' ,@tpCliente_param = 'A Clientes' ,@dsCodigoDestinos_param = null 
04/07/2016 11:00:27 | Exec sco_DiccionariodeDatos @nmtabla_param='TB_Productos'
04/07/2016 11:00:29 | Exec sp_obtenerComision_v4_7 @tpComprobante_param = 'FA' ,@vlTotalGeneral_param = 0 ,@tpComision_param = 'A Clientes' ,@tpCliente_param = 'A Clientes' ,@dsCodigoDestinos_param = null 
04/07/2016 11:00:29 | Exec sp_obtenerComision_v4_7 @tpComprobante_param = 'FA' ,@vlTotalGeneral_param = 0 ,@tpComision_param = 'A Clientes' ,@tpCliente_param = 'A Clientes' ,@dsCodigoDestinos_param = null 
04/07/2016 11:00:32 | Exec sp_obtenerComision_v4_7 @tpComprobante_param = 'FA' ,@vlTotalGeneral_param = 0 ,@tpComision_param = 'A Clientes' ,@tpCliente_param = 'A Clientes' ,@dsCodigoDestinos_param = '''Viaje'',null,450' 
04/07/2016 11:00:32 | Exec sp_obtenerComision_v4_7 @tpComprobante_param = 'FA' ,@vlTotalGeneral_param = 0 ,@tpComision_param = 'A Clientes' ,@tpCliente_param = 'A Clientes' ,@dsCodigoDestinos_param = '''Viaje'',null,450' 
04/07/2016 11:00:32 | Exec sco_DiccionariodeDatos @nmtabla_param='SP_Supera_KM_IVA_segunMonto_2_0'
04/07/2016 11:00:32 | Exec SP_Supera_KM_IVA_segunMonto_2_0 @tpCategoriaIVA_param = 'CF' ,@vlKilometros_param = 0 ,@vlMonto_param = 450 
04/07/2016 11:00:32 | Exec sp_obtenerComision_v4_7 @tpComprobante_param = 'FA' ,@vlTotalGeneral_param = 450 ,@tpComision_param = 'A Clientes' ,@tpCliente_param = 'A Clientes' ,@dsCodigoDestinos_param = '''Viaje'',null,450' 
04/07/2016 11:00:32 | Exec sp_obtenerComision_v4_7 @tpComprobante_param = 'FA' ,@vlTotalGeneral_param = 450 ,@tpComision_param = 'A Clientes' ,@tpCliente_param = 'A Clientes' ,@dsCodigoDestinos_param = '''Viaje'',null,450' 
04/07/2016 11:00:32 | Exec sp_obtenerComision_v4_7 @tpComprobante_param = 'FA' ,@vlTotalGeneral_param = 450 ,@tpComision_param = 'A Clientes' ,@tpCliente_param = 'A Clientes' ,@dsCodigoDestinos_param = '''Viaje'',null,450' 
04/07/2016 11:00:34 | Exec sco_DiccionariodeDatos @nmtabla_param='TB_Proveedores'
04/07/2016 11:00:34 |  SELECT TB_Proveedores.nmNombre ,TB_Proveedores.nmApellido  FROM TB_Proveedores  WHERE TB_Proveedores.tpCategoria = 'Licenciatario'  AND  TB_Proveedores.nrLicencia = 12  AND  TB_Proveedores.flEliminar = 0  
04/07/2016 11:00:38 | Exec sp_obtenerComision_v4_7 @tpComprobante_param = 'FA' ,@vlTotalGeneral_param = 450 ,@tpComision_param = 'A Clientes' ,@tpCliente_param = 'A Clientes' ,@dsCodigoDestinos_param = '''Viaje'',null,450' 
04/07/2016 11:00:39 |  SELECT TB_Proveedores.nmNombre ,TB_Proveedores.nmApellido  FROM TB_Proveedores  WHERE TB_Proveedores.tpCategoria = 'Licenciatario'  AND  TB_Proveedores.nrLicencia = 12  AND  TB_Proveedores.flEliminar = 0  
04/07/2016 11:00:41 |  SELECT tb_parametros.dsParametro ,tb_parametros.vlParametro ,tb_parametros.tpParametro ,tb_parametros.flEditable ,tb_parametros.nrTamanio ,tb_parametros.dtActualizacion  FROM tb_parametros  WHERE tb_parametros.dsParametro = 'CALCULA_IVA_LIC_990'  
04/07/2016 11:08:36 | Exec sp_obtenerComision_v4_7 @tpComprobante_param = 'FA' ,@vlTotalGeneral_param = 450 ,@tpComision_param = 'A Clientes' ,@tpCliente_param = 'A Clientes' ,@dsCodigoDestinos_param = '''Viaje'',null,450' 
04/07/2016 11:08:36 |  SELECT tb_parametros.dsParametro ,tb_parametros.vlParametro ,tb_parametros.tpParametro ,tb_parametros.flEditable ,tb_parametros.nrTamanio ,tb_parametros.dtActualizacion  FROM tb_parametros  WHERE tb_parametros.dsParametro = 'MONTO_EXIGE_CUIT_CUIL'  
04/07/2016 11:08:36 |  SELECT TB_Cajas.nrCaja  FROM TB_Cajas  WHERE TB_Cajas.nrCaja = 1000010105  AND  TB_Cajas.flEstado = 0  
04/07/2016 11:08:40 | Exec sco_DiccionariodeDatos @nmtabla_param='sp_eliminarFisicamenteunComprobanteEliminadoLogicamente_v2_5'
04/07/2016 11:08:40 | Exec sp_eliminarFisicamenteunComprobanteEliminadoLogicamente_v2_5 @nrTalonario_param = '0006' ,@nrComprobante_param = '00633545' ,@tpComprobante_param = 'FA' ,@tpLetra_param = 'B' 
04/07/2016 11:08:40 | Exec spu_obtener_puntosdeventa_facturacion_v4_7 @nrPuesto_param = 1 ,@tipo_iva = 'CF' ,@auto_impresor = 'S' ,@tpFormadePago = null ,@tpComprobante = 'FA' 
04/07/2016 11:08:40 |  INSERT TB_Comprobantes (nrComprobante ,nrTalonario ,vlPagoReales ,nrDoc ,tpLetra ,cdCliente ,dsRazonSocial ,vlTotalGeneral ,dsLeyenda ,vlPagoEuros ,nmEmpleado ,nrPuesto ,nrCaja ,nrLicencia ,nrBultos ,nrPasajeros ,tpComprobante ,vlPagoDolares ,vlPagoPesos ,nmLicenciatario ,dtComprobante ,dsEmail ,vlSubtotal ,vlIVA ,cdCondVenta ,tpComision ,tpIVA ,dsOpcional3 ,cdCodBar ,dtCaja ,dtInsercion ,dsOpcional1 ,nrCAI ,dtVencimiento ,vlDiaDolar ,vlDiaEuro ,vlDiaReal ,dsOpcional2 ,dsUsuario ,flSincronizado ,flManual )  VALUES ('00633545' ,'0006' ,0.00 ,null ,'B' ,1 ,'Consumidor Final' ,450.00 ,null ,0.00 ,'BARBARA FAZZALARI' ,1 ,1000010105 ,12 ,null ,null ,'FA' ,0.00 ,0.00 ,'ABEGAO CARLOS' ,'04/07/2016' ,null ,450.00 ,0.00 ,'Tarjeta de Crédito' ,'A Clientes' ,'CF' ,'307082499190100063506310668186314012017' ,'000600633545012' ,'04/07/2016 11:08:40' ,'04/07/2016 11:08:40' ,'11:08' ,'35063106681863' ,'14/01/2017' ,9.1 ,10 ,3.21 ,'CENTRO - CAPITAL FEDERAL CON PEAJES  (1 DESTINO) ' ,'BFAZZALARI' ,0 ,'N' )
04/07/2016 11:08:40 | Exec sco_DiccionariodeDatos @nmtabla_param='DiccionariodeDatos'
04/07/2016 11:08:40 |  UPDATE DiccionariodeDatos SET DiccionariodeDatos.vlPuesto1  = '633545'   WHERE DiccionariodeDatos.nmTabla = 'TB_Comprobantes'  AND  DiccionariodeDatos.nmCampo = 'nrComprobante'  
04/07/2016 11:08:40 | Exec sco_DiccionariodeDatos @nmtabla_param='TB_ComprobantesDetalle'
04/07/2016 11:08:40 |  INSERT TB_ComprobantesDetalle (nrTalonario ,nrComprobante ,tpComprobante ,tpLetra ,nrItem ,cdProducto ,dsProducto ,tpOperacion ,vlPorcentaje ,vlPrecioPeaje ,vlKilometros ,vlPrecioViaje ,dtInsercion ,flSincronizado ,nrCaja ,nrPuesto )  VALUES ('0006' ,'00633545' ,'FA' ,'B' ,1 ,90001 ,'CENTRO - CAPITAL FEDERAL CON PEAJES  (1 DESTINO) ' ,'Viaje' ,0 ,0 ,null ,450 ,'04/07/2016' ,0 ,1000010105 ,1 )
04/07/2016 11:08:40 | Exec sp_obtenerComision_v4_7 @tpComprobante_param = 'FA' ,@vlTotalGeneral_param = 450 ,@tpComision_param = 'A Clientes' ,@tpCliente_param = 'A Clientes' ,@dsCodigoDestinos_param = '''Viaje'',null,450' 
04/07/2016 11:08:40 | Exec sco_DiccionariodeDatos @nmtabla_param='TB_Cupones'
04/07/2016 11:08:40 | Exec SP_ObtenerMaxnrCupon_v2_7 
04/07/2016 11:08:40 |  INSERT TB_Cupones (nrTalonarioCliente ,nrComprabanteCliente ,tpComprobanteCliente ,tpLetraCliente ,cdCliente ,nrPuesto ,nrLicencia ,nmLicenciatario ,vlMontoCupon ,vlPagoPesos ,vlPagoDolares ,vlPagoEuros ,vlPagoReales ,nrCantidadBultos ,tpCupon ,dsDestino ,dsHoraViaje ,dsLeyenda ,flCobradoalCliente ,flCompensado ,vlaFavordelLicenciatario ,vlafavorAdmin ,vlComision ,dtCajaCliente ,nrCajaCliente ,dtCupon ,dsUsuario ,nrPasajeros ,flSincronizado ,vlIVA ,vlSubtotal ,cdCodBar ,nrCupon )  VALUES ('0006' ,'00633545' ,'FA' ,'B' ,1 ,1 ,12 ,'ABEGAO CARLOS' ,450.00 ,0.00 ,0.00 ,0.00 ,0.00 ,null ,'Tarjeta de Crédito' ,'CENTRO - CAPITAL FEDERAL CON PEAJES  (1 DESTINO) ' ,'11:08' ,null ,0 ,0 ,414 ,0 ,36 ,'04/07/2016 11:08:40' ,1000010105 ,'04/07/2016 11:08:40' ,'BFAZZALARI' ,null ,0 ,0.00 ,450.00 ,'000600633545012' ,53 )
04/07/2016 11:08:40 |  UPDATE DiccionariodeDatos SET DiccionariodeDatos.vlPuesto1  = '53'   WHERE DiccionariodeDatos.nmTabla = 'TB_Cupones'  AND  DiccionariodeDatos.nmCampo = 'nrCupon'  
04/07/2016 11:08:40 | Exec sco_DiccionariodeDatos @nmtabla_param='spu_actualizar_puntosdeventa_facturacion_v4_7'
04/07/2016 11:08:40 | Exec spu_actualizar_puntosdeventa_facturacion_v4_7 @nrPuesto_param = 1 ,@tipo_iva = 'CF' ,@auto_impresor = 'S' ,@tpFormadePago = null ,@tpComprobante = 'FA' ,@nrComprobante = 633545 
04/07/2016 11:08:40 | Exec sco_DiccionariodeDatos @nmtabla_param='SP_PrepararReimpresiondeComprobante_v4_7'
04/07/2016 11:08:40 | Exec SP_PrepararReimpresiondeComprobante_v4_7 @nrTalonario = '0006' ,@nrComprobante = '00633545' ,@tpComprobante = 'FA' ,@tpLetra = 'B' ,@dsUsuario = 'BFAZZALARI' 
04/07/2016 11:08:47 | Exec sco_DiccionariodeDatos @nmtabla_param='SP_eliminarTablasImpresion_v4_7'
04/07/2016 11:08:47 | Exec SP_eliminarTablasImpresion_v4_7 @dsUsuario = 'BFAZZALARI' 
04/07/2016 11:08:47 | Exec sp_obtenerComision_v4_7 @tpComprobante_param = null ,@vlTotalGeneral_param = 0 ,@tpComision_param = 'A Clientes' ,@tpCliente_param = 'A Clientes' ,@dsCodigoDestinos_param = null 
04/07/2016 11:08:47 | Exec spu_obtener_puntosdeventa_facturacion_v4_7 @nrPuesto_param = 1 ,@tipo_iva = 'CF' ,@auto_impresor = 'S' ,@tpFormadePago = null ,@tpComprobante = 'FA' 
04/07/2016 11:08:47 | Exec spu_obtener_puntosdeventa_facturacion_v4_7 @nrPuesto_param = 1 ,@tipo_iva = 'CF' ,@auto_impresor = 'S' ,@tpFormadePago = null ,@tpComprobante = 'FA' 
04/07/2016 11:08:47 | Exec sp_obtenerComision_v4_7 @tpComprobante_param = 'FA' ,@vlTotalGeneral_param = 0 ,@tpComision_param = 'A Clientes' ,@tpCliente_param = 'A Clientes' ,@dsCodigoDestinos_param = null 
04/07/2016 11:08:47 | Exec sp_obtenerComision_v4_7 @tpComprobante_param = 'FA' ,@vlTotalGeneral_param = 0 ,@tpComision_param = 'A Clientes' ,@tpCliente_param = 'A Clientes' ,@dsCodigoDestinos_param = null 
04/07/2016 11:08:47 | Exec sp_obtenerComision_v4_7 @tpComprobante_param = 'FA' ,@vlTotalGeneral_param = 0 ,@tpComision_param = 'A Clientes' ,@tpCliente_param = 'A Clientes' ,@dsCodigoDestinos_param = null 
04/07/2016 11:08:49 | Exec sco_AccesosOpcionesMenu @p_tpNivelAcceso = 'Puestos' ,@p_operaconcaja = 1 
