23/07/2016 13:22:26 | Exec  sco_TB_Productos_v4_1 
23/07/2016 13:22:26 | Exec sco_DiccionariodeDatos @nmtabla_param='TB_Usuarios'
23/07/2016 13:22:31 |  SELECT TB_Usuarios.dsUsuario ,TB_Usuarios.dspassword ,TB_Usuarios.tpAcceso ,TB_Usuarios.nmNombre ,TB_Usuarios.nmApellido ,TB_Usuarios.flBloqueado ,TB_Usuarios.tpNivelJerarquico  FROM TB_Usuarios  WHERE TB_Usuarios.dsUsuario = 'CAMILAP'  AND  TB_Usuarios.flEliminar = 0  
23/07/2016 13:22:31 |  SELECT TB_Usuarios.dsUsuario ,TB_Usuarios.dspassword ,TB_Usuarios.tpAcceso ,TB_Usuarios.nmNombre ,TB_Usuarios.nmApellido ,TB_Usuarios.flBloqueado ,TB_Usuarios.tpNivelJerarquico  FROM TB_Usuarios  WHERE TB_Usuarios.dsUsuario = 'CAMILAP'  AND  TB_Usuarios.flEliminar = 0  
23/07/2016 13:22:31 | Exec sco_DiccionariodeDatos @nmtabla_param='sp_obtenerCajasPendientesdeAprobacion_v2_5'
23/07/2016 13:22:31 | Exec sp_obtenerCajasPendientesdeAprobacion_v2_5 @pdsUsuario_param = 'CAMILAP' 
23/07/2016 13:22:31 | Exec sp_obtenerCajasRechazadas_v2_9 
23/07/2016 13:22:31 | Exec sco_DiccionariodeDatos @nmtabla_param='TB_Parametros'
23/07/2016 13:22:31 |  SELECT TB_Parametros.vlParametro  FROM TB_Parametros  WHERE TB_Parametros.dsParametro = 'VALOR EURO'  
23/07/2016 13:22:31 |  SELECT TB_Parametros.vlParametro  FROM TB_Parametros  WHERE TB_Parametros.dsParametro = 'VALOR DOLAR'  
23/07/2016 13:22:31 | Exec SP_ValorPromoRetorno
23/07/2016 13:22:31 | Exec sco_DiccionariodeDatos @nmtabla_param='TB_Comisiones'
23/07/2016 13:22:31 |  SELECT TB_Comisiones.vlMontoMinimo  FROM TB_Comisiones  WHERE TB_Comisiones.tpComision = 'Retorno'  AND  TB_Comisiones.flEliminar = 0  
23/07/2016 13:22:31 |  SELECT TB_Parametros.vlParametro  FROM TB_Parametros  WHERE TB_Parametros.dsParametro = 'VALOR REAL'  
23/07/2016 13:22:31 | Exec sco_DiccionariodeDatos @nmtabla_param='TB_Cajas'
23/07/2016 13:22:31 |  SELECT TB_Cajas.nrCaja  FROM TB_Cajas  WHERE TB_Cajas.dsUsuario = 'CAMILAP'  and  TB_Cajas.flEstado = 0  and  TB_Cajas.tpEstadoAprobacion IS NULL  and  TB_Cajas.nrcaja > 0  
23/07/2016 13:22:34 |  SELECT TB_Cajas.nrCaja ,TB_Cajas.vlTotalSaldoFinal ,TB_Cajas.nrPuesto ,TB_Cajas.dsUsuario ,TB_Cajas.vlSaldoInicialPesos ,TB_Cajas.dtApertura ,TB_Cajas.dtCierre ,TB_Cajas.vlDiaDolar ,TB_Cajas.vlDiaEuro ,TB_Cajas.vlSaldoInicialEuros ,TB_Cajas.vlSaldoInicialDolares ,TB_Cajas.vlSaldoFinalRealPesos ,TB_Cajas.vlTotalSaldoInicial ,TB_Cajas.dtObservacion ,TB_Cajas.vlCierrePesos ,TB_Cajas.vlSaldoFinalRealDolares ,TB_Cajas.vlSaldoFinalRealEuros ,TB_Cajas.vlTotalSaldoFinalReal ,TB_Cajas.vlCierreDolares ,TB_Cajas.vlCierreEuros ,TB_Cajas.dsObservacion ,TB_Cajas.vlDiaReal ,TB_Cajas.flEstado  FROM TB_Cajas  WHERE TB_Cajas.nrCaja = 9000003773  
23/07/2016 13:22:34 | Exec sco_DiccionariodeDatos @nmtabla_param='SP_SumaCajaADM_v2_9'
23/07/2016 13:22:35 | Exec SP_SumaCajaADM_v2_9 @nrCaja_param = 9000003773 ,@tpCaja_param = 'CA' ,@tpCajaImputacion_param = null 
23/07/2016 13:22:35 |  UPDATE TB_Cajas SET TB_Cajas.vlSaldoFinalRealPesos  = 2829.08 ,TB_Cajas.vlSaldoFinalRealEuros  = 0.00 ,TB_Cajas.vlSaldoFinalRealDolares  = 0.00 ,TB_Cajas.vlCierrePesos  = 2829.08 ,TB_Cajas.vlCierreDolares  = 0 ,TB_Cajas.vlCierreEuros  = 0   WHERE TB_Cajas.nrCaja = 9000003773  
23/07/2016 13:22:36 |  UPDATE TB_Cajas SET TB_Cajas.nrCaja  = 9000003773 ,TB_Cajas.vlTotalSaldoFinal  = 2829.08 ,TB_Cajas.nrPuesto  = 9 ,TB_Cajas.dsUsuario  = 'CAMILAP' ,TB_Cajas.vlSaldoInicialPesos  = 0.00 ,TB_Cajas.dtApertura  = '19/08/2015 11:17:24' ,TB_Cajas.dtCierre  = null ,TB_Cajas.vlDiaDolar  = 9.10 ,TB_Cajas.vlDiaEuro  = 10.00 ,TB_Cajas.vlSaldoInicialEuros  = 0.00 ,TB_Cajas.vlSaldoInicialDolares  = 0.00 ,TB_Cajas.vlSaldoFinalRealPesos  = 2829.08 ,TB_Cajas.vlTotalSaldoInicial  = 0.00 ,TB_Cajas.dtObservacion  = '23/07/2016 1:22:36' ,TB_Cajas.vlCierrePesos  = 2829.08 ,TB_Cajas.vlSaldoFinalRealDolares  = 0.00 ,TB_Cajas.vlSaldoFinalRealEuros  = 0.00 ,TB_Cajas.vlTotalSaldoFinalReal  = 2829.08 ,TB_Cajas.vlCierreDolares  = 0 ,TB_Cajas.vlCierreEuros  = 0 ,TB_Cajas.dsObservacion  = null ,TB_Cajas.vlDiaReal  = 3.21 ,TB_Cajas.flCajaAdm  = 1   WHERE TB_Cajas.nrCaja = 9000003773  
23/07/2016 13:22:36 | Exec sco_DiccionariodeDatos @nmtabla_param='VW_UltimaCajaAdm'
23/07/2016 13:22:36 |  SELECT VW_UltimaCajaAdm.nrCaja ,VW_UltimaCajaAdm.vlSaldoFinalRealPesos ,VW_UltimaCajaAdm.vlSaldoFinalRealEuros ,VW_UltimaCajaAdm.vlSaldoFinalRealDolares  FROM VW_UltimaCajaAdm 
23/07/2016 13:22:36 |  SELECT TB_Cajas.nrCaja  FROM TB_Cajas  WHERE TB_Cajas.nrCaja = 9000003773  AND  TB_Cajas.flEstado = 0  
23/07/2016 13:22:36 | Exec sco_DiccionariodeDatos @nmtabla_param='sco_cajapuesto_v3_9'
23/07/2016 13:22:36 | Exec sco_cajapuesto_v3_9 @nrCaja_param = 9000003772 
23/07/2016 13:22:36 | Exec sco_cajapuesto_v3_9 @nrCaja_param = 9000003773 
23/07/2016 13:22:36 | Exec sco_DiccionariodeDatos @nmtabla_param='spu_esdifporCotizacionImputadas_v3_9'
23/07/2016 13:22:36 | Exec spu_esdifporCotizacionImputadas_v3_9 @nrCajaAdmActual = 9000003773 
23/07/2016 13:22:36 | Exec sco_validarVencimientosCAI_v4_1
23/07/2016 13:22:37 | Exec sco_DiccionariodeDatos @nmtabla_param='sco_AccesosOpcionesMenu'
23/07/2016 13:22:37 | Exec sco_AccesosOpcionesMenu @p_tpNivelAcceso = 'Administración' ,@p_operaconcaja = 1 
23/07/2016 13:22:37 | Exec sco_AccesosOpcionesMenu @p_tpNivelAcceso = 'Administración' ,@p_operaconcaja = 1 
23/07/2016 13:22:40 |  SELECT TB_Cajas.vlSaldoInicialPesos ,TB_Cajas.vlSaldoInicialDolares ,TB_Cajas.vlSaldoInicialEuros ,TB_Cajas.vlSaldoInicialReales ,TB_Cajas.vlDiaEuro ,TB_Cajas.vlDiaDolar ,TB_Cajas.vlDiaReal ,TB_Cajas.dsUsuario ,TB_Cajas.dtApertura ,TB_Cajas.dtCierre  FROM TB_Cajas  WHERE TB_Cajas.nrCaja = 9000003773  
23/07/2016 13:22:40 | Exec sco_DiccionariodeDatos @nmtabla_param='TB_Cupones'
23/07/2016 13:22:40 | Exec  sp_obtiene_falta_compensar_v4_2 
23/07/2016 13:22:40 |  SELECT tb_parametros.dsParametro ,tb_parametros.vlParametro ,tb_parametros.tpParametro ,tb_parametros.flEditable ,tb_parametros.nrTamanio ,tb_parametros.dtActualizacion  FROM tb_parametros  WHERE tb_parametros.dsParametro = 'CANT_VIAJES_A_COMP'  
23/07/2016 13:22:40 |  SELECT tb_parametros.dsParametro ,tb_parametros.vlParametro ,tb_parametros.tpParametro ,tb_parametros.flEditable ,tb_parametros.nrTamanio ,tb_parametros.dtActualizacion  FROM tb_parametros  WHERE tb_parametros.dsParametro = 'CTROL_CANT_VIAJES'  
23/07/2016 13:22:40 |  SELECT tb_parametros.dsParametro ,tb_parametros.vlParametro ,tb_parametros.tpParametro ,tb_parametros.flEditable ,tb_parametros.nrTamanio ,tb_parametros.dtActualizacion  FROM tb_parametros  WHERE tb_parametros.dsParametro = 'COBRO_COMISION_CD_RE_OBLIGATORIA'  
23/07/2016 13:22:40 |  SELECT tb_parametros.dsParametro ,tb_parametros.vlParametro ,tb_parametros.tpParametro ,tb_parametros.flEditable ,tb_parametros.nrTamanio ,tb_parametros.dtActualizacion  FROM tb_parametros  WHERE tb_parametros.dsParametro = 'RESTRINGE_TARJETAS'  
23/07/2016 13:23:21 |  SELECT TB_Cupones.cdCodBar ,TB_Cupones.nrLicencia ,TB_Cupones.nmLicenciatario ,TB_Cupones.cdCliente ,TB_Cupones.nrCupon ,TB_Cupones.tpCupon ,TB_Cupones.vlMontoCupon ,TB_Cupones.vlPagoPesos ,TB_Cupones.vlPagoEuros ,TB_Cupones.vlPagoDolares ,TB_Cupones.vlPagoReales ,TB_Cupones.vlComision ,TB_Cupones.vlRecargoTarjeta ,TB_Cupones.nrTalonarioCliente ,TB_Cupones.tpComprobanteCliente ,TB_Cupones.nrComprabanteCliente ,TB_Cupones.tpLetraCliente ,TB_Cupones.flCobradoalCliente ,TB_Cupones.flCompensado ,TB_Cupones.cdCliente ,TB_Cupones.vlaFavordelLicenciatario ,TB_Cupones.vlafavorAdmin ,TB_Cupones.dtCupon ,TB_Cupones.dsObservacion ,TB_Cupones.vlIVA ,TB_Cupones.flAnulado  FROM TB_Cupones  WHERE TB_Cupones.flEliminar = 0  AND  TB_Cupones.nrLicencia = 12  AND  TB_Cupones.flCompensado = 0  AND  TB_Cupones.flAnulado = 0  
23/07/2016 13:23:21 | Exec sco_DiccionariodeDatos @nmtabla_param='sp_cuponesCompensadosdelDia_v3_3'
23/07/2016 13:23:21 | Exec sp_cuponesCompensadosdelDia_v3_3 @pnrLicencia = '12' 
23/07/2016 13:23:21 | Exec sco_DiccionariodeDatos @nmtabla_param='SP_sepuedecompensar_2_0'
23/07/2016 13:23:21 | Exec SP_sepuedecompensar_2_0 @dtcupon_param = '24/10/2015 12:54:40' 
23/07/2016 13:23:21 | Exec SP_sepuedecompensar_2_0 @dtcupon_param = '24/10/2015 04:39:57' 
23/07/2016 13:23:21 | Exec SP_sepuedecompensar_2_0 @dtcupon_param = '26/10/2015 02:19:56' 
23/07/2016 13:23:21 | Exec SP_sepuedecompensar_2_0 @dtcupon_param = '14/11/2015 05:35:05' 
23/07/2016 13:23:21 | Exec SP_sepuedecompensar_2_0 @dtcupon_param = '14/11/2015 05:40:25' 
23/07/2016 13:23:21 | Exec SP_sepuedecompensar_2_0 @dtcupon_param = '29/12/2015 08:58:00' 
23/07/2016 13:23:21 | Exec SP_sepuedecompensar_2_0 @dtcupon_param = '04/07/2016 11:08:40' 
23/07/2016 13:23:35 |  SELECT TB_Cupones.cdCodBar ,TB_Cupones.nrLicencia ,TB_Cupones.nmLicenciatario ,TB_Cupones.cdCliente ,TB_Cupones.nrCupon ,TB_Cupones.tpCupon ,TB_Cupones.vlMontoCupon ,TB_Cupones.vlPagoPesos ,TB_Cupones.vlPagoEuros ,TB_Cupones.vlPagoDolares ,TB_Cupones.vlPagoReales ,TB_Cupones.vlComision ,TB_Cupones.vlRecargoTarjeta ,TB_Cupones.nrTalonarioCliente ,TB_Cupones.tpComprobanteCliente ,TB_Cupones.nrComprabanteCliente ,TB_Cupones.tpLetraCliente ,TB_Cupones.flCobradoalCliente ,TB_Cupones.flCompensado ,TB_Cupones.cdCliente ,TB_Cupones.vlaFavordelLicenciatario ,TB_Cupones.vlafavorAdmin ,TB_Cupones.dtCupon ,TB_Cupones.dsObservacion ,TB_Cupones.vlIVA ,TB_Cupones.flAnulado  FROM TB_Cupones  WHERE TB_Cupones.flEliminar = 0  AND  TB_Cupones.nrLicencia = 12  AND  TB_Cupones.flCompensado = 0  AND  TB_Cupones.flAnulado = 0  
23/07/2016 13:23:35 | Exec sp_cuponesCompensadosdelDia_v3_3 @pnrLicencia = '12' 
23/07/2016 13:23:35 | Exec SP_sepuedecompensar_2_0 @dtcupon_param = '24/10/2015 12:54:40' 
23/07/2016 13:23:35 | Exec SP_sepuedecompensar_2_0 @dtcupon_param = '24/10/2015 04:39:57' 
23/07/2016 13:23:35 | Exec SP_sepuedecompensar_2_0 @dtcupon_param = '26/10/2015 02:19:56' 
23/07/2016 13:23:35 | Exec SP_sepuedecompensar_2_0 @dtcupon_param = '14/11/2015 05:35:05' 
23/07/2016 13:23:35 | Exec SP_sepuedecompensar_2_0 @dtcupon_param = '14/11/2015 05:40:25' 
23/07/2016 13:23:35 | Exec SP_sepuedecompensar_2_0 @dtcupon_param = '29/12/2015 08:58:00' 
23/07/2016 13:23:35 | Exec SP_sepuedecompensar_2_0 @dtcupon_param = '04/07/2016 11:08:40' 
23/07/2016 13:23:37 | Exec SP_sepuedecompensar_2_0 @dtcupon_param = '04/07/2016 11:08:40' 
23/07/2016 13:23:54 |  SELECT TB_Cupones.cdCodBar ,TB_Cupones.nrLicencia ,TB_Cupones.nmLicenciatario ,TB_Cupones.cdCliente ,TB_Cupones.nrCupon ,TB_Cupones.tpCupon ,TB_Cupones.vlMontoCupon ,TB_Cupones.vlPagoPesos ,TB_Cupones.vlPagoEuros ,TB_Cupones.vlPagoDolares ,TB_Cupones.vlPagoReales ,TB_Cupones.vlComision ,TB_Cupones.vlRecargoTarjeta ,TB_Cupones.nrTalonarioCliente ,TB_Cupones.tpComprobanteCliente ,TB_Cupones.nrComprabanteCliente ,TB_Cupones.tpLetraCliente ,TB_Cupones.flCobradoalCliente ,TB_Cupones.flCompensado ,TB_Cupones.cdCliente ,TB_Cupones.vlaFavordelLicenciatario ,TB_Cupones.vlafavorAdmin ,TB_Cupones.dtCupon ,TB_Cupones.dsObservacion ,TB_Cupones.vlIVA ,TB_Cupones.flAnulado  FROM TB_Cupones  WHERE TB_Cupones.flEliminar = 0  AND  TB_Cupones.nrLicencia = 12  AND  TB_Cupones.flCompensado = 0  AND  TB_Cupones.flAnulado = 0  
23/07/2016 13:23:54 | Exec sp_cuponesCompensadosdelDia_v3_3 @pnrLicencia = '12' 
23/07/2016 13:23:54 | Exec SP_sepuedecompensar_2_0 @dtcupon_param = '24/10/2015 12:54:40' 
23/07/2016 13:23:54 | Exec SP_sepuedecompensar_2_0 @dtcupon_param = '24/10/2015 04:39:57' 
23/07/2016 13:23:54 | Exec SP_sepuedecompensar_2_0 @dtcupon_param = '26/10/2015 02:19:56' 
23/07/2016 13:23:54 | Exec SP_sepuedecompensar_2_0 @dtcupon_param = '14/11/2015 05:35:05' 
23/07/2016 13:23:54 | Exec SP_sepuedecompensar_2_0 @dtcupon_param = '14/11/2015 05:40:25' 
23/07/2016 13:23:54 | Exec SP_sepuedecompensar_2_0 @dtcupon_param = '29/12/2015 08:58:00' 
23/07/2016 13:23:54 | Exec SP_sepuedecompensar_2_0 @dtcupon_param = '04/07/2016 11:08:40' 
23/07/2016 13:24:07 | Exec SP_sepuedecompensar_2_0 @dtcupon_param = '04/07/2016 11:08:40' 
23/07/2016 13:24:08 | Exec SP_sepuedecompensar_2_0 @dtcupon_param = '04/07/2016 11:08:40' 
23/07/2016 13:24:40 |  SELECT TB_Cupones.cdCodBar ,TB_Cupones.nrLicencia ,TB_Cupones.nmLicenciatario ,TB_Cupones.cdCliente ,TB_Cupones.nrCupon ,TB_Cupones.tpCupon ,TB_Cupones.vlMontoCupon ,TB_Cupones.vlPagoPesos ,TB_Cupones.vlPagoEuros ,TB_Cupones.vlPagoDolares ,TB_Cupones.vlPagoReales ,TB_Cupones.vlComision ,TB_Cupones.vlRecargoTarjeta ,TB_Cupones.nrTalonarioCliente ,TB_Cupones.tpComprobanteCliente ,TB_Cupones.nrComprabanteCliente ,TB_Cupones.tpLetraCliente ,TB_Cupones.flCobradoalCliente ,TB_Cupones.flCompensado ,TB_Cupones.cdCliente ,TB_Cupones.vlaFavordelLicenciatario ,TB_Cupones.vlafavorAdmin ,TB_Cupones.dtCupon ,TB_Cupones.dsObservacion ,TB_Cupones.vlIVA ,TB_Cupones.flAnulado  FROM TB_Cupones  WHERE TB_Cupones.flEliminar = 0  AND  TB_Cupones.nrLicencia = 12  AND  TB_Cupones.flCompensado = 0  AND  TB_Cupones.flAnulado = 0  
23/07/2016 13:24:40 | Exec sp_cuponesCompensadosdelDia_v3_3 @pnrLicencia = '12' 
23/07/2016 13:24:40 | Exec SP_sepuedecompensar_2_0 @dtcupon_param = '24/10/2015 12:54:40' 
23/07/2016 13:24:40 | Exec SP_sepuedecompensar_2_0 @dtcupon_param = '24/10/2015 04:39:57' 
23/07/2016 13:24:40 | Exec SP_sepuedecompensar_2_0 @dtcupon_param = '26/10/2015 02:19:56' 
23/07/2016 13:24:40 | Exec SP_sepuedecompensar_2_0 @dtcupon_param = '14/11/2015 05:35:05' 
23/07/2016 13:24:40 | Exec SP_sepuedecompensar_2_0 @dtcupon_param = '14/11/2015 05:40:25' 
23/07/2016 13:24:40 | Exec SP_sepuedecompensar_2_0 @dtcupon_param = '29/12/2015 08:58:00' 
23/07/2016 13:24:40 | Exec SP_sepuedecompensar_2_0 @dtcupon_param = '04/07/2016 11:08:40' 
23/07/2016 13:24:43 | Exec SP_sepuedecompensar_2_0 @dtcupon_param = '04/07/2016 11:08:40' 
23/07/2016 13:24:47 |  SELECT TB_Cupones.nrCupon  FROM TB_Cupones  WHERE TB_Cupones.IdRecibo = 17  
23/07/2016 13:24:47 | Exec sco_DiccionariodeDatos @nmtabla_param='TB_Recibos'
23/07/2016 13:24:47 |  INSERT TB_Recibos (IdRecibo ,vlAcumDolares ,vlSaldoPesos ,vlSaldoEuros ,vlAcumPesos ,vlAcumEuros ,vlAcumComision ,vlAcumTarjeta ,vlSaldoDolares ,dtRecibo ,tpRecibo ,nrCaja )  VALUES (17 ,0.00 ,414.00 ,0.00 ,450.00 ,0.00 ,36.00 ,0.00 ,0.00 ,'23/07/2016 1:24:47' ,'Detalle de Pago a Licenciatario' ,9000003773 )
23/07/2016 13:24:47 | Exec sco_DiccionariodeDatos @nmtabla_param='DiccionariodeDatos'
23/07/2016 13:24:47 |  UPDATE DiccionariodeDatos SET DiccionariodeDatos.vlPuesto9  = '1000276246'   WHERE DiccionariodeDatos.nmTabla = 'TB_Recibos'  AND  DiccionariodeDatos.nmCampo = 'IdRecibo'  
23/07/2016 13:24:47 |  UPDATE TB_Cupones SET TB_Cupones.vlPagoPesos  = 450 ,TB_Cupones.vlPagoDolares  = 0 ,TB_Cupones.vlPagoEuros  = 0 ,TB_Cupones.flCompensado  = 1 ,TB_Cupones.dtCompensado  = '23/07/2016 1:24:47' ,TB_Cupones.nrCajaLicenciatario  = 9000003773 ,TB_Cupones.dtCajaLicenciatario  = '23/07/2016 1:24:47' ,TB_Cupones.IdRecibo  = 17 ,TB_Cupones.dsUsuario  = 'CAMILAP'   WHERE TB_Cupones.nrCupon = 53  AND  TB_Cupones.IdRecibo IS NULL  
23/07/2016 13:24:47 |  select count(*) as cupones_a_compensados from tb_cupones where IdRecibo = 17
23/07/2016 13:24:47 | Exec sco_DiccionariodeDatos @nmtabla_param='TB_Conceptos'
23/07/2016 13:24:47 |  SELECT TB_Conceptos.tpConcepto ,TB_Conceptos.dsConcepto ,TB_Conceptos.tpOperacion ,TB_Conceptos.tpCajaImputacion ,TB_Conceptos.tpCreadoPor  FROM TB_Conceptos  WHERE TB_Conceptos.flEliminar = 0  AND  TB_Conceptos.cdConcepto = 1027  
23/07/2016 13:24:47 | Exec sco_DiccionariodeDatos @nmtabla_param='TB_MovimientosContables'
23/07/2016 13:24:47 |  INSERT TB_MovimientosContables (IdMovimiento ,dsMovimiento ,IdRecibo ,cdConcepto ,tpConcepto ,dsConcepto ,tpOperacion ,vlPesos ,vlDolares ,vlEuros ,nrRecibo ,nrFactura ,nrCaja ,dsUsuario ,dtMovimiento ,dsProveedor ,IdProveedor ,tpCajaImputacion ,dsUsuarioCajaPuesto ,nrCajaPuesto )  VALUES (5 ,'Pago a Licenciatario' ,17 ,1027 ,'Cajas' ,'PAGO DE COMPROBANTES' ,'Salida de Dinero' ,414.00 ,0.00 ,0.00 ,'17' ,null ,9000003773 ,'CAMILAP' ,'23/07/2016 1:24:47' ,'Licencia Nro. 12' ,null ,'Caja de los Licenciatarios' ,null ,null )
23/07/2016 13:24:51 |  SELECT TB_Cupones.cdCodBar ,TB_Cupones.nrLicencia ,TB_Cupones.nmLicenciatario ,TB_Cupones.cdCliente ,TB_Cupones.nrCupon ,TB_Cupones.tpCupon ,TB_Cupones.vlMontoCupon ,TB_Cupones.vlPagoPesos ,TB_Cupones.vlPagoEuros ,TB_Cupones.vlPagoDolares ,TB_Cupones.vlPagoReales ,TB_Cupones.vlComision ,TB_Cupones.vlRecargoTarjeta ,TB_Cupones.nrTalonarioCliente ,TB_Cupones.tpComprobanteCliente ,TB_Cupones.nrComprabanteCliente ,TB_Cupones.tpLetraCliente ,TB_Cupones.flCobradoalCliente ,TB_Cupones.flCompensado ,TB_Cupones.cdCliente ,TB_Cupones.vlaFavordelLicenciatario ,TB_Cupones.vlafavorAdmin ,TB_Cupones.dtCupon ,TB_Cupones.dsObservacion ,TB_Cupones.vlIVA ,TB_Cupones.flAnulado  FROM TB_Cupones  WHERE TB_Cupones.flEliminar = 0  AND  TB_Cupones.nrLicencia = 12  AND  TB_Cupones.flCompensado = 0  AND  TB_Cupones.flAnulado = 0  
23/07/2016 13:24:51 | Exec sp_cuponesCompensadosdelDia_v3_3 @pnrLicencia = '12' 
23/07/2016 13:24:51 | Exec SP_sepuedecompensar_2_0 @dtcupon_param = '24/10/2015 12:54:40' 
23/07/2016 13:24:51 | Exec SP_sepuedecompensar_2_0 @dtcupon_param = '24/10/2015 04:39:57' 
23/07/2016 13:24:51 | Exec SP_sepuedecompensar_2_0 @dtcupon_param = '26/10/2015 02:19:56' 
23/07/2016 13:24:51 | Exec SP_sepuedecompensar_2_0 @dtcupon_param = '14/11/2015 05:35:05' 
23/07/2016 13:24:51 | Exec SP_sepuedecompensar_2_0 @dtcupon_param = '14/11/2015 05:40:25' 
23/07/2016 13:24:51 | Exec SP_sepuedecompensar_2_0 @dtcupon_param = '29/12/2015 08:58:00' 
23/07/2016 13:24:51 | Exec  sp_obtiene_falta_compensar_v4_2 
23/07/2016 13:25:21 |  SELECT TB_Cupones.cdCodBar ,TB_Cupones.nrLicencia ,TB_Cupones.nmLicenciatario ,TB_Cupones.cdCliente ,TB_Cupones.nrCupon ,TB_Cupones.tpCupon ,TB_Cupones.vlMontoCupon ,TB_Cupones.vlPagoPesos ,TB_Cupones.vlPagoEuros ,TB_Cupones.vlPagoDolares ,TB_Cupones.vlPagoReales ,TB_Cupones.vlComision ,TB_Cupones.vlRecargoTarjeta ,TB_Cupones.nrTalonarioCliente ,TB_Cupones.tpComprobanteCliente ,TB_Cupones.nrComprabanteCliente ,TB_Cupones.tpLetraCliente ,TB_Cupones.flCobradoalCliente ,TB_Cupones.flCompensado ,TB_Cupones.cdCliente ,TB_Cupones.vlaFavordelLicenciatario ,TB_Cupones.vlafavorAdmin ,TB_Cupones.dtCupon ,TB_Cupones.dsObservacion ,TB_Cupones.vlIVA ,TB_Cupones.flAnulado  FROM TB_Cupones  WHERE TB_Cupones.flEliminar = 0  AND  TB_Cupones.nrLicencia = 12  AND  TB_Cupones.flCompensado = 0  AND  TB_Cupones.flAnulado = 0  
23/07/2016 13:25:21 | Exec sp_cuponesCompensadosdelDia_v3_3 @pnrLicencia = '12' 
23/07/2016 13:25:21 | Exec SP_sepuedecompensar_2_0 @dtcupon_param = '24/10/2015 12:54:40' 
23/07/2016 13:25:21 | Exec SP_sepuedecompensar_2_0 @dtcupon_param = '24/10/2015 04:39:57' 
23/07/2016 13:25:21 | Exec SP_sepuedecompensar_2_0 @dtcupon_param = '26/10/2015 02:19:56' 
23/07/2016 13:25:21 | Exec SP_sepuedecompensar_2_0 @dtcupon_param = '14/11/2015 05:35:05' 
23/07/2016 13:25:21 | Exec SP_sepuedecompensar_2_0 @dtcupon_param = '14/11/2015 05:40:25' 
23/07/2016 13:25:21 | Exec SP_sepuedecompensar_2_0 @dtcupon_param = '29/12/2015 08:58:00' 
23/07/2016 13:25:24 | Exec sco_AccesosOpcionesMenu @p_tpNivelAcceso = 'Administración' ,@p_operaconcaja = 1 
23/07/2016 13:25:31 |  SELECT TB_Recibos.IdRecibo ,TB_Recibos.vlAcumDolares ,TB_Recibos.vlSaldoPesos ,TB_Recibos.cdCliente ,TB_Recibos.dsRazonSocial ,TB_Recibos.vlSaldoEuros ,TB_Recibos.vlAcumPesos ,TB_Recibos.tpRecibo ,TB_Recibos.vlAcumEuros ,TB_Recibos.vlAcumComision ,TB_Recibos.vlSaldoDolares ,TB_Recibos.dtRecibo ,TB_Recibos.flAnulado ,TB_Recibos.nrCaja ,TB_Recibos.dsUsuario  FROM TB_Recibos  WHERE  IdRecibo Like ('%%%') AND TB_Recibos.dtRecibo >= '23/07/2016 00:00:00'  AND  TB_Recibos.dtRecibo <= '23/07/2016 23:59:59'   Order by TB_Recibos.IdRecibo ASC 
23/07/2016 13:25:34 |  SELECT TB_Usuarios.dsUsuario ,TB_Usuarios.nmNombre ,TB_Usuarios.nmApellido ,TB_Usuarios.tpNivelJerarquico  FROM TB_Usuarios  WHERE TB_Usuarios.flEliminar = 0  AND  TB_Usuarios.flBloqueado = 0  AND  TB_Usuarios.tpNivelJerarquico = 'Supervisor'  
23/07/2016 13:25:41 |  SELECT TB_Usuarios.dsUsuario ,TB_Usuarios.dspassword ,TB_Usuarios.tpAcceso ,TB_Usuarios.nmNombre ,TB_Usuarios.nmApellido ,TB_Usuarios.flBloqueado ,TB_Usuarios.tpNivelJerarquico  FROM TB_Usuarios  WHERE TB_Usuarios.dsUsuario = 'USRPARAM'  AND  TB_Usuarios.flEliminar = 0  
23/07/2016 13:25:44 | Exec  SP_AnularRecibo_v3_7 @idReciboParam=17 ,  @dsUsuario_param='CAMILAP', @dsUsuario_Supervisor_param='USRPARAM'
23/07/2016 13:25:45 |  SELECT TB_Recibos.IdRecibo ,TB_Recibos.vlAcumDolares ,TB_Recibos.vlSaldoPesos ,TB_Recibos.cdCliente ,TB_Recibos.dsRazonSocial ,TB_Recibos.vlSaldoEuros ,TB_Recibos.vlAcumPesos ,TB_Recibos.tpRecibo ,TB_Recibos.vlAcumEuros ,TB_Recibos.vlAcumComision ,TB_Recibos.vlSaldoDolares ,TB_Recibos.dtRecibo ,TB_Recibos.flAnulado ,TB_Recibos.nrCaja ,TB_Recibos.dsUsuario  FROM TB_Recibos  WHERE  IdRecibo Like ('%%%') AND TB_Recibos.dtRecibo >= '23/07/2016 00:00:00'  AND  TB_Recibos.dtRecibo <= '23/07/2016 23:59:59'   Order by TB_Recibos.IdRecibo ASC 
23/07/2016 13:25:47 | Exec sco_AccesosOpcionesMenu @p_tpNivelAcceso = 'Administración' ,@p_operaconcaja = 1 
23/07/2016 13:25:49 |  SELECT TB_Cajas.vlSaldoInicialPesos ,TB_Cajas.vlSaldoInicialDolares ,TB_Cajas.vlSaldoInicialEuros ,TB_Cajas.vlSaldoInicialReales ,TB_Cajas.vlDiaEuro ,TB_Cajas.vlDiaDolar ,TB_Cajas.vlDiaReal ,TB_Cajas.dsUsuario ,TB_Cajas.dtApertura ,TB_Cajas.dtCierre  FROM TB_Cajas  WHERE TB_Cajas.nrCaja = 9000003773  
23/07/2016 13:25:49 | Exec  sp_obtiene_falta_compensar_v4_2 
23/07/2016 13:25:49 |  SELECT tb_parametros.dsParametro ,tb_parametros.vlParametro ,tb_parametros.tpParametro ,tb_parametros.flEditable ,tb_parametros.nrTamanio ,tb_parametros.dtActualizacion  FROM tb_parametros  WHERE tb_parametros.dsParametro = 'CANT_VIAJES_A_COMP'  
23/07/2016 13:25:49 |  SELECT tb_parametros.dsParametro ,tb_parametros.vlParametro ,tb_parametros.tpParametro ,tb_parametros.flEditable ,tb_parametros.nrTamanio ,tb_parametros.dtActualizacion  FROM tb_parametros  WHERE tb_parametros.dsParametro = 'CTROL_CANT_VIAJES'  
23/07/2016 13:25:49 |  SELECT tb_parametros.dsParametro ,tb_parametros.vlParametro ,tb_parametros.tpParametro ,tb_parametros.flEditable ,tb_parametros.nrTamanio ,tb_parametros.dtActualizacion  FROM tb_parametros  WHERE tb_parametros.dsParametro = 'COBRO_COMISION_CD_RE_OBLIGATORIA'  
23/07/2016 13:25:49 |  SELECT tb_parametros.dsParametro ,tb_parametros.vlParametro ,tb_parametros.tpParametro ,tb_parametros.flEditable ,tb_parametros.nrTamanio ,tb_parametros.dtActualizacion  FROM tb_parametros  WHERE tb_parametros.dsParametro = 'RESTRINGE_TARJETAS'  
23/07/2016 13:25:51 |  SELECT TB_Cupones.cdCodBar ,TB_Cupones.nrLicencia ,TB_Cupones.nmLicenciatario ,TB_Cupones.cdCliente ,TB_Cupones.nrCupon ,TB_Cupones.tpCupon ,TB_Cupones.vlMontoCupon ,TB_Cupones.vlPagoPesos ,TB_Cupones.vlPagoEuros ,TB_Cupones.vlPagoDolares ,TB_Cupones.vlPagoReales ,TB_Cupones.vlComision ,TB_Cupones.vlRecargoTarjeta ,TB_Cupones.nrTalonarioCliente ,TB_Cupones.tpComprobanteCliente ,TB_Cupones.nrComprabanteCliente ,TB_Cupones.tpLetraCliente ,TB_Cupones.flCobradoalCliente ,TB_Cupones.flCompensado ,TB_Cupones.cdCliente ,TB_Cupones.vlaFavordelLicenciatario ,TB_Cupones.vlafavorAdmin ,TB_Cupones.dtCupon ,TB_Cupones.dsObservacion ,TB_Cupones.vlIVA ,TB_Cupones.flAnulado  FROM TB_Cupones  WHERE TB_Cupones.flEliminar = 0  AND  TB_Cupones.nrLicencia = 12  AND  TB_Cupones.flCompensado = 0  AND  TB_Cupones.flAnulado = 0  
23/07/2016 13:25:51 | Exec sp_cuponesCompensadosdelDia_v3_3 @pnrLicencia = '12' 
23/07/2016 13:25:51 | Exec SP_sepuedecompensar_2_0 @dtcupon_param = '24/10/2015 12:54:40' 
23/07/2016 13:25:51 | Exec SP_sepuedecompensar_2_0 @dtcupon_param = '24/10/2015 04:39:57' 
23/07/2016 13:25:51 | Exec SP_sepuedecompensar_2_0 @dtcupon_param = '26/10/2015 02:19:56' 
23/07/2016 13:25:51 | Exec SP_sepuedecompensar_2_0 @dtcupon_param = '14/11/2015 05:35:05' 
23/07/2016 13:25:51 | Exec SP_sepuedecompensar_2_0 @dtcupon_param = '14/11/2015 05:40:25' 
23/07/2016 13:25:51 | Exec SP_sepuedecompensar_2_0 @dtcupon_param = '29/12/2015 08:58:00' 
23/07/2016 13:25:51 | Exec SP_sepuedecompensar_2_0 @dtcupon_param = '04/07/2016 11:08:40' 
23/07/2016 13:27:45 |  SELECT TB_Cupones.cdCodBar ,TB_Cupones.nrLicencia ,TB_Cupones.nmLicenciatario ,TB_Cupones.cdCliente ,TB_Cupones.nrCupon ,TB_Cupones.tpCupon ,TB_Cupones.vlMontoCupon ,TB_Cupones.vlPagoPesos ,TB_Cupones.vlPagoEuros ,TB_Cupones.vlPagoDolares ,TB_Cupones.vlPagoReales ,TB_Cupones.vlComision ,TB_Cupones.vlRecargoTarjeta ,TB_Cupones.nrTalonarioCliente ,TB_Cupones.tpComprobanteCliente ,TB_Cupones.nrComprabanteCliente ,TB_Cupones.tpLetraCliente ,TB_Cupones.flCobradoalCliente ,TB_Cupones.flCompensado ,TB_Cupones.cdCliente ,TB_Cupones.vlaFavordelLicenciatario ,TB_Cupones.vlafavorAdmin ,TB_Cupones.dtCupon ,TB_Cupones.dsObservacion ,TB_Cupones.vlIVA ,TB_Cupones.flAnulado  FROM TB_Cupones  WHERE TB_Cupones.flEliminar = 0  AND  TB_Cupones.nrLicencia = 12  AND  TB_Cupones.flCompensado = 0  AND  TB_Cupones.flAnulado = 0  
23/07/2016 13:27:45 | Exec sp_cuponesCompensadosdelDia_v3_3 @pnrLicencia = '12' 
23/07/2016 13:27:45 | Exec SP_sepuedecompensar_2_0 @dtcupon_param = '24/10/2015 12:54:40' 
23/07/2016 13:27:45 | Exec SP_sepuedecompensar_2_0 @dtcupon_param = '24/10/2015 04:39:57' 
23/07/2016 13:27:45 | Exec SP_sepuedecompensar_2_0 @dtcupon_param = '26/10/2015 02:19:56' 
23/07/2016 13:27:45 | Exec SP_sepuedecompensar_2_0 @dtcupon_param = '14/11/2015 05:35:05' 
23/07/2016 13:27:45 | Exec SP_sepuedecompensar_2_0 @dtcupon_param = '14/11/2015 05:40:25' 
23/07/2016 13:27:45 | Exec SP_sepuedecompensar_2_0 @dtcupon_param = '29/12/2015 08:58:00' 
23/07/2016 13:27:45 | Exec SP_sepuedecompensar_2_0 @dtcupon_param = '04/07/2016 11:08:40' 
23/07/2016 13:28:29 |  SELECT TB_Cupones.cdCodBar ,TB_Cupones.nrLicencia ,TB_Cupones.nmLicenciatario ,TB_Cupones.cdCliente ,TB_Cupones.nrCupon ,TB_Cupones.tpCupon ,TB_Cupones.vlMontoCupon ,TB_Cupones.vlPagoPesos ,TB_Cupones.vlPagoEuros ,TB_Cupones.vlPagoDolares ,TB_Cupones.vlPagoReales ,TB_Cupones.vlComision ,TB_Cupones.vlRecargoTarjeta ,TB_Cupones.nrTalonarioCliente ,TB_Cupones.tpComprobanteCliente ,TB_Cupones.nrComprabanteCliente ,TB_Cupones.tpLetraCliente ,TB_Cupones.flCobradoalCliente ,TB_Cupones.flCompensado ,TB_Cupones.cdCliente ,TB_Cupones.vlaFavordelLicenciatario ,TB_Cupones.vlafavorAdmin ,TB_Cupones.dtCupon ,TB_Cupones.dsObservacion ,TB_Cupones.vlIVA ,TB_Cupones.flAnulado  FROM TB_Cupones  WHERE TB_Cupones.flEliminar = 0  AND  TB_Cupones.nrLicencia = 12  AND  TB_Cupones.flCompensado = 0  AND  TB_Cupones.flAnulado = 0  
23/07/2016 13:28:29 | Exec sp_cuponesCompensadosdelDia_v3_3 @pnrLicencia = '12' 
23/07/2016 13:28:29 | Exec SP_sepuedecompensar_2_0 @dtcupon_param = '24/10/2015 12:54:40' 
23/07/2016 13:28:29 | Exec SP_sepuedecompensar_2_0 @dtcupon_param = '24/10/2015 04:39:57' 
23/07/2016 13:28:29 | Exec SP_sepuedecompensar_2_0 @dtcupon_param = '26/10/2015 02:19:56' 
23/07/2016 13:28:29 | Exec SP_sepuedecompensar_2_0 @dtcupon_param = '14/11/2015 05:35:05' 
23/07/2016 13:28:29 | Exec SP_sepuedecompensar_2_0 @dtcupon_param = '14/11/2015 05:40:25' 
23/07/2016 13:28:29 | Exec SP_sepuedecompensar_2_0 @dtcupon_param = '29/12/2015 08:58:00' 
23/07/2016 13:28:29 | Exec SP_sepuedecompensar_2_0 @dtcupon_param = '04/07/2016 11:08:40' 
23/07/2016 13:28:53 | Exec SP_sepuedecompensar_2_0 @dtcupon_param = '04/07/2016 11:08:40' 
23/07/2016 13:28:56 |  SELECT TB_Cupones.nrCupon  FROM TB_Cupones  WHERE TB_Cupones.IdRecibo = 18  
23/07/2016 13:28:56 |  INSERT TB_Recibos (IdRecibo ,vlAcumDolares ,vlSaldoPesos ,vlSaldoEuros ,vlAcumPesos ,vlAcumEuros ,vlAcumComision ,vlAcumTarjeta ,vlSaldoDolares ,dtRecibo ,tpRecibo ,nrCaja )  VALUES (18 ,0.00 ,414.00 ,0.00 ,450.00 ,0.00 ,36.00 ,0.00 ,0.00 ,'23/07/2016 1:28:56' ,'Detalle de Pago a Licenciatario' ,9000003773 )
23/07/2016 13:28:56 |  UPDATE DiccionariodeDatos SET DiccionariodeDatos.vlPuesto9  = '1000276247'   WHERE DiccionariodeDatos.nmTabla = 'TB_Recibos'  AND  DiccionariodeDatos.nmCampo = 'IdRecibo'  
23/07/2016 13:28:56 |  UPDATE TB_Cupones SET TB_Cupones.vlPagoPesos  = 450 ,TB_Cupones.vlPagoDolares  = 0 ,TB_Cupones.vlPagoEuros  = 0 ,TB_Cupones.flCompensado  = 1 ,TB_Cupones.dtCompensado  = '23/07/2016 1:28:56' ,TB_Cupones.nrCajaLicenciatario  = 9000003773 ,TB_Cupones.dtCajaLicenciatario  = '23/07/2016 1:28:56' ,TB_Cupones.IdRecibo  = 18 ,TB_Cupones.dsUsuario  = 'CAMILAP'   WHERE TB_Cupones.nrCupon = 53  AND  TB_Cupones.IdRecibo IS NULL  
23/07/2016 13:28:56 |  select count(*) as cupones_a_compensados from tb_cupones where IdRecibo = 18
23/07/2016 13:28:56 |  SELECT TB_Conceptos.tpConcepto ,TB_Conceptos.dsConcepto ,TB_Conceptos.tpOperacion ,TB_Conceptos.tpCajaImputacion ,TB_Conceptos.tpCreadoPor  FROM TB_Conceptos  WHERE TB_Conceptos.flEliminar = 0  AND  TB_Conceptos.cdConcepto = 1027  
23/07/2016 13:28:56 |  INSERT TB_MovimientosContables (IdMovimiento ,dsMovimiento ,IdRecibo ,cdConcepto ,tpConcepto ,dsConcepto ,tpOperacion ,vlPesos ,vlDolares ,vlEuros ,nrRecibo ,nrFactura ,nrCaja ,dsUsuario ,dtMovimiento ,dsProveedor ,IdProveedor ,tpCajaImputacion ,dsUsuarioCajaPuesto ,nrCajaPuesto )  VALUES (5 ,'Pago a Licenciatario' ,18 ,1027 ,'Cajas' ,'PAGO DE COMPROBANTES' ,'Salida de Dinero' ,414.00 ,0.00 ,0.00 ,'18' ,null ,9000003773 ,'CAMILAP' ,'23/07/2016 1:28:56' ,'Licencia Nro. 12' ,null ,'Caja de los Licenciatarios' ,null ,null )
23/07/2016 13:29:00 |  SELECT TB_Cupones.cdCodBar ,TB_Cupones.nrLicencia ,TB_Cupones.nmLicenciatario ,TB_Cupones.cdCliente ,TB_Cupones.nrCupon ,TB_Cupones.tpCupon ,TB_Cupones.vlMontoCupon ,TB_Cupones.vlPagoPesos ,TB_Cupones.vlPagoEuros ,TB_Cupones.vlPagoDolares ,TB_Cupones.vlPagoReales ,TB_Cupones.vlComision ,TB_Cupones.vlRecargoTarjeta ,TB_Cupones.nrTalonarioCliente ,TB_Cupones.tpComprobanteCliente ,TB_Cupones.nrComprabanteCliente ,TB_Cupones.tpLetraCliente ,TB_Cupones.flCobradoalCliente ,TB_Cupones.flCompensado ,TB_Cupones.cdCliente ,TB_Cupones.vlaFavordelLicenciatario ,TB_Cupones.vlafavorAdmin ,TB_Cupones.dtCupon ,TB_Cupones.dsObservacion ,TB_Cupones.vlIVA ,TB_Cupones.flAnulado  FROM TB_Cupones  WHERE TB_Cupones.flEliminar = 0  AND  TB_Cupones.nrLicencia = 12  AND  TB_Cupones.flCompensado = 0  AND  TB_Cupones.flAnulado = 0  
23/07/2016 13:29:00 | Exec sp_cuponesCompensadosdelDia_v3_3 @pnrLicencia = '12' 
23/07/2016 13:29:00 | Exec SP_sepuedecompensar_2_0 @dtcupon_param = '24/10/2015 12:54:40' 
23/07/2016 13:29:00 | Exec SP_sepuedecompensar_2_0 @dtcupon_param = '24/10/2015 04:39:57' 
23/07/2016 13:29:00 | Exec SP_sepuedecompensar_2_0 @dtcupon_param = '26/10/2015 02:19:56' 
23/07/2016 13:29:00 | Exec SP_sepuedecompensar_2_0 @dtcupon_param = '14/11/2015 05:35:05' 
23/07/2016 13:29:00 | Exec SP_sepuedecompensar_2_0 @dtcupon_param = '14/11/2015 05:40:25' 
23/07/2016 13:29:00 | Exec SP_sepuedecompensar_2_0 @dtcupon_param = '29/12/2015 08:58:00' 
23/07/2016 13:29:00 | Exec  sp_obtiene_falta_compensar_v4_2 
23/07/2016 13:29:43 |  SELECT TB_Cupones.cdCodBar ,TB_Cupones.nrLicencia ,TB_Cupones.nmLicenciatario ,TB_Cupones.cdCliente ,TB_Cupones.nrCupon ,TB_Cupones.tpCupon ,TB_Cupones.vlMontoCupon ,TB_Cupones.vlPagoPesos ,TB_Cupones.vlPagoEuros ,TB_Cupones.vlPagoDolares ,TB_Cupones.vlPagoReales ,TB_Cupones.vlComision ,TB_Cupones.vlRecargoTarjeta ,TB_Cupones.nrTalonarioCliente ,TB_Cupones.tpComprobanteCliente ,TB_Cupones.nrComprabanteCliente ,TB_Cupones.tpLetraCliente ,TB_Cupones.flCobradoalCliente ,TB_Cupones.flCompensado ,TB_Cupones.cdCliente ,TB_Cupones.vlaFavordelLicenciatario ,TB_Cupones.vlafavorAdmin ,TB_Cupones.dtCupon ,TB_Cupones.dsObservacion ,TB_Cupones.vlIVA ,TB_Cupones.flAnulado  FROM TB_Cupones  WHERE TB_Cupones.flEliminar = 0  AND  TB_Cupones.nrLicencia = 12  AND  TB_Cupones.flCompensado = 0  AND  TB_Cupones.flAnulado = 0  
23/07/2016 13:29:43 | Exec sp_cuponesCompensadosdelDia_v3_3 @pnrLicencia = '12' 
23/07/2016 13:29:43 | Exec SP_sepuedecompensar_2_0 @dtcupon_param = '24/10/2015 12:54:40' 
23/07/2016 13:29:43 | Exec SP_sepuedecompensar_2_0 @dtcupon_param = '24/10/2015 04:39:57' 
23/07/2016 13:29:43 | Exec SP_sepuedecompensar_2_0 @dtcupon_param = '26/10/2015 02:19:56' 
23/07/2016 13:29:43 | Exec SP_sepuedecompensar_2_0 @dtcupon_param = '14/11/2015 05:35:05' 
23/07/2016 13:29:43 | Exec SP_sepuedecompensar_2_0 @dtcupon_param = '14/11/2015 05:40:25' 
23/07/2016 13:29:43 | Exec SP_sepuedecompensar_2_0 @dtcupon_param = '29/12/2015 08:58:00' 
23/07/2016 13:29:48 |  SELECT TB_Cupones.cdCodBar ,TB_Cupones.nrLicencia ,TB_Cupones.nmLicenciatario ,TB_Cupones.cdCliente ,TB_Cupones.nrCupon ,TB_Cupones.tpCupon ,TB_Cupones.vlMontoCupon ,TB_Cupones.vlPagoPesos ,TB_Cupones.vlPagoEuros ,TB_Cupones.vlPagoDolares ,TB_Cupones.vlPagoReales ,TB_Cupones.vlComision ,TB_Cupones.vlRecargoTarjeta ,TB_Cupones.nrTalonarioCliente ,TB_Cupones.tpComprobanteCliente ,TB_Cupones.nrComprabanteCliente ,TB_Cupones.tpLetraCliente ,TB_Cupones.flCobradoalCliente ,TB_Cupones.flCompensado ,TB_Cupones.cdCliente ,TB_Cupones.vlaFavordelLicenciatario ,TB_Cupones.vlafavorAdmin ,TB_Cupones.dtCupon ,TB_Cupones.dsObservacion ,TB_Cupones.vlIVA ,TB_Cupones.flAnulado  FROM TB_Cupones  WHERE TB_Cupones.flEliminar = 0  AND  TB_Cupones.nrLicencia = 123  AND  TB_Cupones.flCompensado = 0  AND  TB_Cupones.flAnulado = 0  
23/07/2016 13:29:48 | Exec sp_cuponesCompensadosdelDia_v3_3 @pnrLicencia = '123' 
23/07/2016 13:29:48 | Exec SP_sepuedecompensar_2_0 @dtcupon_param = '24/10/2015 12:37:13' 
23/07/2016 13:29:48 | Exec SP_sepuedecompensar_2_0 @dtcupon_param = '24/10/2015 04:20:24' 
23/07/2016 13:29:48 | Exec SP_sepuedecompensar_2_0 @dtcupon_param = '24/10/2015 04:21:55' 
23/07/2016 13:29:48 | Exec SP_sepuedecompensar_2_0 @dtcupon_param = '26/10/2015 11:21:17' 
23/07/2016 13:29:48 | Exec SP_sepuedecompensar_2_0 @dtcupon_param = '26/10/2015 01:51:43' 
23/07/2016 13:29:48 | Exec SP_sepuedecompensar_2_0 @dtcupon_param = '26/10/2015 02:13:22' 
23/07/2016 13:29:48 | Exec SP_sepuedecompensar_2_0 @dtcupon_param = '14/11/2015 05:39:03' 
23/07/2016 13:29:48 | Exec SP_sepuedecompensar_2_0 @dtcupon_param = '09/06/2016 10:58:06' 
23/07/2016 13:29:48 | Exec SP_sepuedecompensar_2_0 @dtcupon_param = '09/06/2016 11:00:36' 
23/07/2016 13:29:48 | Exec SP_sepuedecompensar_2_0 @dtcupon_param = '09/06/2016 11:02:08' 
23/07/2016 13:29:48 | Exec SP_sepuedecompensar_2_0 @dtcupon_param = '09/06/2016 11:28:09' 
23/07/2016 13:29:48 | Exec SP_sepuedecompensar_2_0 @dtcupon_param = '16/07/2016 07:46:03' 
23/07/2016 13:29:48 | Exec SP_sepuedecompensar_2_0 @dtcupon_param = '16/07/2016 08:53:45' 
23/07/2016 13:29:48 | Exec SP_sepuedecompensar_2_0 @dtcupon_param = '29/12/2015 09:04:00' 
23/07/2016 13:29:48 | Exec SP_sepuedecompensar_2_0 @dtcupon_param = '10/07/2016 11:01:10' 
23/07/2016 13:29:48 | Exec SP_sepuedecompensar_2_0 @dtcupon_param = '10/07/2016 11:03:55' 
23/07/2016 13:29:48 | Exec SP_sepuedecompensar_2_0 @dtcupon_param = '16/07/2016 08:48:38' 
23/07/2016 13:30:22 |  SELECT TB_Cupones.cdCodBar ,TB_Cupones.nrLicencia ,TB_Cupones.nmLicenciatario ,TB_Cupones.cdCliente ,TB_Cupones.nrCupon ,TB_Cupones.tpCupon ,TB_Cupones.vlMontoCupon ,TB_Cupones.vlPagoPesos ,TB_Cupones.vlPagoEuros ,TB_Cupones.vlPagoDolares ,TB_Cupones.vlPagoReales ,TB_Cupones.vlComision ,TB_Cupones.vlRecargoTarjeta ,TB_Cupones.nrTalonarioCliente ,TB_Cupones.tpComprobanteCliente ,TB_Cupones.nrComprabanteCliente ,TB_Cupones.tpLetraCliente ,TB_Cupones.flCobradoalCliente ,TB_Cupones.flCompensado ,TB_Cupones.cdCliente ,TB_Cupones.vlaFavordelLicenciatario ,TB_Cupones.vlafavorAdmin ,TB_Cupones.dtCupon ,TB_Cupones.dsObservacion ,TB_Cupones.vlIVA ,TB_Cupones.flAnulado  FROM TB_Cupones  WHERE TB_Cupones.flEliminar = 0  AND  TB_Cupones.nrLicencia = 123  AND  TB_Cupones.flCompensado = 0  AND  TB_Cupones.flAnulado = 0  
23/07/2016 13:30:22 | Exec sp_cuponesCompensadosdelDia_v3_3 @pnrLicencia = '123' 
23/07/2016 13:30:22 | Exec SP_sepuedecompensar_2_0 @dtcupon_param = '24/10/2015 12:37:13' 
23/07/2016 13:30:22 | Exec SP_sepuedecompensar_2_0 @dtcupon_param = '24/10/2015 04:20:24' 
23/07/2016 13:30:22 | Exec SP_sepuedecompensar_2_0 @dtcupon_param = '24/10/2015 04:21:55' 
23/07/2016 13:30:22 | Exec SP_sepuedecompensar_2_0 @dtcupon_param = '26/10/2015 11:21:17' 
23/07/2016 13:30:22 | Exec SP_sepuedecompensar_2_0 @dtcupon_param = '26/10/2015 01:51:43' 
23/07/2016 13:30:22 | Exec SP_sepuedecompensar_2_0 @dtcupon_param = '26/10/2015 02:13:22' 
23/07/2016 13:30:22 | Exec SP_sepuedecompensar_2_0 @dtcupon_param = '14/11/2015 05:39:03' 
23/07/2016 13:30:22 | Exec SP_sepuedecompensar_2_0 @dtcupon_param = '09/06/2016 10:58:06' 
23/07/2016 13:30:22 | Exec SP_sepuedecompensar_2_0 @dtcupon_param = '09/06/2016 11:00:36' 
23/07/2016 13:30:22 | Exec SP_sepuedecompensar_2_0 @dtcupon_param = '09/06/2016 11:02:08' 
23/07/2016 13:30:22 | Exec SP_sepuedecompensar_2_0 @dtcupon_param = '09/06/2016 11:28:09' 
23/07/2016 13:30:22 | Exec SP_sepuedecompensar_2_0 @dtcupon_param = '16/07/2016 07:46:03' 
23/07/2016 13:30:22 | Exec SP_sepuedecompensar_2_0 @dtcupon_param = '16/07/2016 08:53:45' 
23/07/2016 13:30:22 | Exec SP_sepuedecompensar_2_0 @dtcupon_param = '29/12/2015 09:04:00' 
23/07/2016 13:30:22 | Exec SP_sepuedecompensar_2_0 @dtcupon_param = '10/07/2016 11:01:10' 
23/07/2016 13:30:22 | Exec SP_sepuedecompensar_2_0 @dtcupon_param = '10/07/2016 11:03:55' 
23/07/2016 13:30:22 | Exec SP_sepuedecompensar_2_0 @dtcupon_param = '16/07/2016 08:48:38' 
