04/10/2016 21:24:04 | Exec  sco_TB_Productos_v4_1 
04/10/2016 21:24:05 | Exec sco_DiccionariodeDatos @nmtabla_param='TB_Usuarios'
04/10/2016 21:24:07 |  SELECT TOP 100 TB_Usuarios.dsUsuario  FROM TB_Usuarios  WHERE TB_Usuarios.tpAcceso <> 'Puestos'  AND  TB_Usuarios.flBloqueado = 0  AND   dsUsuario Like ('s%') AND TB_Usuarios.flEliminar = 0
04/10/2016 21:24:07 |  SELECT TOP 100 TB_Usuarios.dsUsuario  FROM TB_Usuarios  WHERE TB_Usuarios.tpAcceso <> 'Puestos'  AND  TB_Usuarios.flBloqueado = 0  AND   dsUsuario Like ('si%') AND TB_Usuarios.flEliminar = 0
04/10/2016 21:24:07 |  SELECT TOP 100 TB_Usuarios.dsUsuario  FROM TB_Usuarios  WHERE TB_Usuarios.tpAcceso <> 'Puestos'  AND  TB_Usuarios.flBloqueado = 0  AND   dsUsuario Like ('ss%') AND TB_Usuarios.flEliminar = 0
04/10/2016 21:24:09 |  SELECT TOP 100 TB_Usuarios.dsUsuario  FROM TB_Usuarios  WHERE TB_Usuarios.tpAcceso <> 'Puestos'  AND  TB_Usuarios.flBloqueado = 0  AND   dsUsuario Like ('ss%') AND TB_Usuarios.flEliminar = 0
04/10/2016 21:24:10 |  SELECT TOP 100 TB_Usuarios.dsUsuario  FROM TB_Usuarios  WHERE TB_Usuarios.tpAcceso <> 'Puestos'  AND  TB_Usuarios.flBloqueado = 0  AND  TB_Usuarios.flEliminar = 0
04/10/2016 21:24:10 |  SELECT TOP 100 TB_Usuarios.dsUsuario  FROM TB_Usuarios  WHERE TB_Usuarios.tpAcceso <> 'Puestos'  AND  TB_Usuarios.flBloqueado = 0  AND   dsUsuario Like ('s%') AND TB_Usuarios.flEliminar = 0
04/10/2016 21:24:11 |  SELECT TOP 100 TB_Usuarios.dsUsuario  FROM TB_Usuarios  WHERE TB_Usuarios.tpAcceso <> 'Puestos'  AND  TB_Usuarios.flBloqueado = 0  AND   dsUsuario Like ('si%') AND TB_Usuarios.flEliminar = 0
04/10/2016 21:24:11 |  SELECT TOP 100 TB_Usuarios.dsUsuario  FROM TB_Usuarios  WHERE TB_Usuarios.tpAcceso <> 'Puestos'  AND  TB_Usuarios.flBloqueado = 0  AND   dsUsuario Like ('ss%') AND TB_Usuarios.flEliminar = 0
04/10/2016 21:24:18 |  SELECT TOP 100 TB_Usuarios.dsUsuario  FROM TB_Usuarios  WHERE TB_Usuarios.tpAcceso <> 'Puestos'  AND  TB_Usuarios.flBloqueado = 0  AND  TB_Usuarios.flEliminar = 0
04/10/2016 21:24:18 |  SELECT TOP 100 TB_Usuarios.dsUsuario  FROM TB_Usuarios  WHERE TB_Usuarios.tpAcceso <> 'Puestos'  AND  TB_Usuarios.flBloqueado = 0  AND   dsUsuario Like ('e%') AND TB_Usuarios.flEliminar = 0
04/10/2016 21:24:23 |  SELECT TOP 100 TB_Usuarios.dsUsuario  FROM TB_Usuarios  WHERE TB_Usuarios.tpAcceso <> 'Puestos'  AND  TB_Usuarios.flBloqueado = 0  AND   dsUsuario Like ('EULISES_AJ%') AND TB_Usuarios.flEliminar = 0
04/10/2016 21:24:23 |  SELECT TOP 100 TB_Usuarios.dsUsuario  FROM TB_Usuarios  WHERE TB_Usuarios.tpAcceso <> 'Puestos'  AND  TB_Usuarios.flBloqueado = 0  AND   dsUsuario Like ('EULISES_AJ%') AND TB_Usuarios.flEliminar = 0
04/10/2016 21:24:25 |  SELECT TOP 100 TB_Usuarios.dsUsuario  FROM TB_Usuarios  WHERE TB_Usuarios.tpAcceso <> 'Puestos'  AND  TB_Usuarios.flBloqueado = 0  AND   dsUsuario Like ('EULISES_AJ%') AND TB_Usuarios.flEliminar = 0
04/10/2016 21:24:25 |  SELECT TOP 100 TB_Usuarios.dsUsuario  FROM TB_Usuarios  WHERE TB_Usuarios.tpAcceso <> 'Puestos'  AND  TB_Usuarios.flBloqueado = 0  AND   dsUsuario Like ('EULISES_AJ%') AND TB_Usuarios.flEliminar = 0
04/10/2016 21:24:44 | Exec  sco_TB_Productos_v4_1 
04/10/2016 21:24:44 | Exec sco_DiccionariodeDatos @nmtabla_param='TB_Usuarios'
04/10/2016 21:24:45 |  SELECT TOP 100 TB_Usuarios.dsUsuario  FROM TB_Usuarios  WHERE TB_Usuarios.tpAcceso <> 'Puestos'  AND  TB_Usuarios.flBloqueado = 0  AND   dsUsuario Like ('e%') AND TB_Usuarios.flEliminar = 0
04/10/2016 21:24:46 |  SELECT TOP 100 TB_Usuarios.dsUsuario  FROM TB_Usuarios  WHERE TB_Usuarios.tpAcceso <> 'Puestos'  AND  TB_Usuarios.flBloqueado = 0  AND   dsUsuario Like ('eu%') AND TB_Usuarios.flEliminar = 0
04/10/2016 21:25:01 | Exec sco_DiccionariodeDatos @nmtabla_param='VW_UltimaCajaAdm'
04/10/2016 21:25:01 |  SELECT VW_UltimaCajaAdm.nrCaja ,VW_UltimaCajaAdm.vlSaldoFinalRealPesos ,VW_UltimaCajaAdm.vlSaldoFinalRealEuros ,VW_UltimaCajaAdm.vlSaldoFinalRealDolares  FROM VW_UltimaCajaAdm 
04/10/2016 21:25:11 | Exec sco_DiccionariodeDatos @nmtabla_param='sco_cajapuesto_v3_9'
04/10/2016 21:25:11 | Exec sco_cajapuesto_v3_9 @nrCaja_param = 9000003772 
04/10/2016 21:25:39 |  SELECT TB_Usuarios.dsUsuario ,TB_Usuarios.dspassword ,TB_Usuarios.tpAcceso ,TB_Usuarios.nmNombre ,TB_Usuarios.nmApellido ,TB_Usuarios.flBloqueado ,TB_Usuarios.tpNivelJerarquico  FROM TB_Usuarios  WHERE TB_Usuarios.dsUsuario = 'MARIELAP'  AND  TB_Usuarios.flEliminar = 0  
04/10/2016 21:26:13 | Exec  sco_TB_Productos_v4_1 
04/10/2016 21:26:13 | Exec sco_DiccionariodeDatos @nmtabla_param='TB_Usuarios'
04/10/2016 21:26:15 |  SELECT TOP 100 TB_Usuarios.dsUsuario  FROM TB_Usuarios  WHERE TB_Usuarios.tpAcceso <> 'Puestos'  AND  TB_Usuarios.flBloqueado = 0  AND   dsUsuario Like ('E%') AND TB_Usuarios.flEliminar = 0
04/10/2016 21:26:16 |  SELECT TOP 100 TB_Usuarios.dsUsuario  FROM TB_Usuarios  WHERE TB_Usuarios.tpAcceso <> 'Puestos'  AND  TB_Usuarios.flBloqueado = 0  AND   dsUsuario Like ('EU%') AND TB_Usuarios.flEliminar = 0
04/10/2016 21:26:16 |  SELECT TOP 100 TB_Usuarios.dsUsuario  FROM TB_Usuarios  WHERE TB_Usuarios.tpAcceso <> 'Puestos'  AND  TB_Usuarios.flBloqueado = 0  AND   dsUsuario Like ('EUL%') AND TB_Usuarios.flEliminar = 0
04/10/2016 21:26:16 |  SELECT TOP 100 TB_Usuarios.dsUsuario  FROM TB_Usuarios  WHERE TB_Usuarios.tpAcceso <> 'Puestos'  AND  TB_Usuarios.flBloqueado = 0  AND   dsUsuario Like ('EULI%') AND TB_Usuarios.flEliminar = 0
04/10/2016 21:26:16 |  SELECT TOP 100 TB_Usuarios.dsUsuario  FROM TB_Usuarios  WHERE TB_Usuarios.tpAcceso <> 'Puestos'  AND  TB_Usuarios.flBloqueado = 0  AND   dsUsuario Like ('EULIS%') AND TB_Usuarios.flEliminar = 0
04/10/2016 21:26:16 |  SELECT TOP 100 TB_Usuarios.dsUsuario  FROM TB_Usuarios  WHERE TB_Usuarios.tpAcceso <> 'Puestos'  AND  TB_Usuarios.flBloqueado = 0  AND   dsUsuario Like ('EULISE%') AND TB_Usuarios.flEliminar = 0
04/10/2016 21:26:17 |  SELECT TOP 100 TB_Usuarios.dsUsuario  FROM TB_Usuarios  WHERE TB_Usuarios.tpAcceso <> 'Puestos'  AND  TB_Usuarios.flBloqueado = 0  AND   dsUsuario Like ('EULISES%') AND TB_Usuarios.flEliminar = 0
04/10/2016 21:26:22 |  SELECT TB_Usuarios.dsUsuario ,TB_Usuarios.dspassword ,TB_Usuarios.tpAcceso ,TB_Usuarios.nmNombre ,TB_Usuarios.nmApellido ,TB_Usuarios.flBloqueado ,TB_Usuarios.tpNivelJerarquico  FROM TB_Usuarios  WHERE TB_Usuarios.dsUsuario = 'EULISES_AJ'  AND  TB_Usuarios.flEliminar = 0  
04/10/2016 21:26:22 |  SELECT TB_Usuarios.dsUsuario ,TB_Usuarios.dspassword ,TB_Usuarios.tpAcceso ,TB_Usuarios.nmNombre ,TB_Usuarios.nmApellido ,TB_Usuarios.flBloqueado ,TB_Usuarios.tpNivelJerarquico  FROM TB_Usuarios  WHERE TB_Usuarios.dsUsuario = 'EULISES_AJ'  AND  TB_Usuarios.flEliminar = 0  
04/10/2016 21:26:22 | Exec sco_DiccionariodeDatos @nmtabla_param='sp_obtenerCajasPendientesdeAprobacion_v2_5'
04/10/2016 21:26:22 | Exec sp_obtenerCajasPendientesdeAprobacion_v2_5 @pdsUsuario_param = 'EULISES_AJ' 
04/10/2016 21:26:22 | Exec sp_obtenerCajasRechazadas_v2_9 
04/10/2016 21:26:22 | Exec sco_DiccionariodeDatos @nmtabla_param='TB_Parametros'
04/10/2016 21:26:22 |  SELECT TB_Parametros.vlParametro  FROM TB_Parametros  WHERE TB_Parametros.dsParametro = 'VALOR EURO'  
04/10/2016 21:26:22 |  SELECT TB_Parametros.vlParametro  FROM TB_Parametros  WHERE TB_Parametros.dsParametro = 'VALOR DOLAR'  
04/10/2016 21:26:22 | Exec SP_ValorPromoRetorno
04/10/2016 21:26:22 | Exec sco_DiccionariodeDatos @nmtabla_param='TB_Comisiones'
04/10/2016 21:26:22 |  SELECT TB_Comisiones.vlMontoMinimo  FROM TB_Comisiones  WHERE TB_Comisiones.tpComision = 'Retorno'  AND  TB_Comisiones.flEliminar = 0  
04/10/2016 21:26:22 |  SELECT TB_Parametros.vlParametro  FROM TB_Parametros  WHERE TB_Parametros.dsParametro = 'VALOR REAL'  
04/10/2016 21:26:22 | Exec sco_DiccionariodeDatos @nmtabla_param='TB_Cajas'
04/10/2016 21:26:22 |  SELECT TB_Cajas.nrCaja  FROM TB_Cajas  WHERE TB_Cajas.dsUsuario = 'EULISES_AJ'  and  TB_Cajas.flEstado = 0  and  TB_Cajas.tpEstadoAprobacion IS NULL  and  TB_Cajas.nrcaja > 0  
04/10/2016 21:26:22 | Exec sco_DiccionariodeDatos @nmtabla_param='VW_CajadeADMAbierta'
04/10/2016 21:26:22 |  SELECT VW_CajadeADMAbierta.nrCaja ,VW_CajadeADMAbierta.vlSaldoFinalRealPesos ,VW_CajadeADMAbierta.vlSaldoFinalRealEuros ,VW_CajadeADMAbierta.vlSaldoFinalRealDolares ,VW_CajadeADMAbierta.dsUsuario  FROM VW_CajadeADMAbierta 
04/10/2016 21:27:08 | Exec  sco_TB_Productos_v4_1 
04/10/2016 21:27:08 | Exec sco_DiccionariodeDatos @nmtabla_param='TB_Usuarios'
04/10/2016 21:27:24 | Exec  sco_TB_Productos_v4_1 
04/10/2016 21:27:24 | Exec sco_DiccionariodeDatos @nmtabla_param='TB_Usuarios'
04/10/2016 21:27:26 |  SELECT TOP 100 TB_Usuarios.dsUsuario  FROM TB_Usuarios  WHERE TB_Usuarios.tpAcceso <> 'Puestos'  AND  TB_Usuarios.flBloqueado = 0  AND   dsUsuario Like ('E%') AND TB_Usuarios.flEliminar = 0
04/10/2016 21:27:26 |  SELECT TOP 100 TB_Usuarios.dsUsuario  FROM TB_Usuarios  WHERE TB_Usuarios.tpAcceso <> 'Puestos'  AND  TB_Usuarios.flBloqueado = 0  AND   dsUsuario Like ('EU%') AND TB_Usuarios.flEliminar = 0
04/10/2016 21:27:39 | Exec sco_DiccionariodeDatos @nmtabla_param='VW_UltimaCajaAdm'
04/10/2016 21:27:39 |  SELECT VW_UltimaCajaAdm.nrCaja ,VW_UltimaCajaAdm.vlSaldoFinalRealPesos ,VW_UltimaCajaAdm.vlSaldoFinalRealEuros ,VW_UltimaCajaAdm.vlSaldoFinalRealDolares  FROM VW_UltimaCajaAdm 
04/10/2016 21:27:47 | Exec sco_DiccionariodeDatos @nmtabla_param='sco_cajapuesto_v3_9'
04/10/2016 21:27:47 | Exec sco_cajapuesto_v3_9 @nrCaja_param = 9000003772 
04/10/2016 22:45:15 | Exec  sco_TB_Productos_v4_1 
04/10/2016 22:45:15 | Exec sco_DiccionariodeDatos @nmtabla_param='TB_Usuarios'
04/10/2016 22:46:08 | Exec  sco_TB_Productos_v4_1 
04/10/2016 22:46:08 | Exec sco_DiccionariodeDatos @nmtabla_param='TB_Usuarios'
04/10/2016 22:46:10 |  SELECT TOP 100 TB_Usuarios.dsUsuario  FROM TB_Usuarios  WHERE TB_Usuarios.tpAcceso <> 'Puestos'  AND  TB_Usuarios.flBloqueado = 0  AND   dsUsuario Like ('e%') AND TB_Usuarios.flEliminar = 0
04/10/2016 22:46:10 |  SELECT TOP 100 TB_Usuarios.dsUsuario  FROM TB_Usuarios  WHERE TB_Usuarios.tpAcceso <> 'Puestos'  AND  TB_Usuarios.flBloqueado = 0  AND   dsUsuario Like ('eu%') AND TB_Usuarios.flEliminar = 0
04/10/2016 22:46:22 | Exec sco_CajadeADMActiva 
04/10/2016 22:46:25 | Exec sco_CajadeADMActiva 
04/10/2016 22:46:25 | Exec sco_DiccionariodeDatos @nmtabla_param='sco_cajapuesto_v3_9'
04/10/2016 22:46:25 | Exec sco_cajapuesto_v3_9 @nrCaja_param = 9000003773 
04/10/2016 22:46:29 |  SELECT TB_Usuarios.dsUsuario ,TB_Usuarios.dspassword ,TB_Usuarios.tpAcceso ,TB_Usuarios.nmNombre ,TB_Usuarios.nmApellido ,TB_Usuarios.flBloqueado ,TB_Usuarios.tpNivelJerarquico  FROM TB_Usuarios  WHERE TB_Usuarios.dsUsuario = 'CAMILAP'  AND  TB_Usuarios.flEliminar = 0  
04/10/2016 22:46:29 | Exec sco_DiccionariodeDatos @nmtabla_param='sp_obtenerCajasPendientesdeAprobacion_v2_5'
04/10/2016 22:46:29 | Exec sp_obtenerCajasPendientesdeAprobacion_v2_5 @pdsUsuario_param = 'CAMILAP' 
04/10/2016 22:46:29 | Exec sco_DiccionariodeDatos @nmtabla_param='TB_Parametros'
04/10/2016 22:46:29 |  SELECT TB_Parametros.vlParametro  FROM TB_Parametros  WHERE TB_Parametros.dsParametro = 'VALOR EURO'  
04/10/2016 22:46:29 |  SELECT TB_Parametros.vlParametro  FROM TB_Parametros  WHERE TB_Parametros.dsParametro = 'VALOR DOLAR'  
04/10/2016 22:46:29 | Exec SP_ValorPromoRetorno
04/10/2016 22:46:29 | Exec sco_DiccionariodeDatos @nmtabla_param='TB_Comisiones'
04/10/2016 22:46:29 |  SELECT TB_Comisiones.vlMontoMinimo  FROM TB_Comisiones  WHERE TB_Comisiones.tpComision = 'Retorno'  AND  TB_Comisiones.flEliminar = 0  
04/10/2016 22:46:29 |  SELECT TB_Parametros.vlParametro  FROM TB_Parametros  WHERE TB_Parametros.dsParametro = 'VALOR REAL'  
04/10/2016 22:46:29 | Exec sco_validarVencimientosCAI_v4_1
04/10/2016 22:46:31 | Exec sco_DiccionariodeDatos @nmtabla_param='sco_AccesosOpcionesMenu'
04/10/2016 22:46:31 | Exec sco_AccesosOpcionesMenu @p_tpNivelAcceso = null ,@p_operaconcaja = 1 
04/10/2016 22:46:31 | Exec sco_AccesosOpcionesMenu @p_tpNivelAcceso = null ,@p_operaconcaja = 1 
04/10/2016 23:09:36 | Exec  sco_TB_Productos_v4_1 
04/10/2016 23:09:36 | Exec sco_DiccionariodeDatos @nmtabla_param='TB_Usuarios'
04/10/2016 23:09:38 |  SELECT TOP 100 TB_Usuarios.dsUsuario  FROM TB_Usuarios  WHERE TB_Usuarios.tpAcceso <> 'Puestos'  AND  TB_Usuarios.flBloqueado = 0  AND   dsUsuario Like ('e%') AND TB_Usuarios.flEliminar = 0
04/10/2016 23:09:38 |  SELECT TOP 100 TB_Usuarios.dsUsuario  FROM TB_Usuarios  WHERE TB_Usuarios.tpAcceso <> 'Puestos'  AND  TB_Usuarios.flBloqueado = 0  AND   dsUsuario Like ('eu%') AND TB_Usuarios.flEliminar = 0
04/10/2016 23:09:38 |  SELECT TOP 100 TB_Usuarios.dsUsuario  FROM TB_Usuarios  WHERE TB_Usuarios.tpAcceso <> 'Puestos'  AND  TB_Usuarios.flBloqueado = 0  AND   dsUsuario Like ('eul%') AND TB_Usuarios.flEliminar = 0
04/10/2016 23:09:38 |  SELECT TOP 100 TB_Usuarios.dsUsuario  FROM TB_Usuarios  WHERE TB_Usuarios.tpAcceso <> 'Puestos'  AND  TB_Usuarios.flBloqueado = 0  AND   dsUsuario Like ('euli%') AND TB_Usuarios.flEliminar = 0
04/10/2016 23:09:39 |  SELECT TOP 100 TB_Usuarios.dsUsuario  FROM TB_Usuarios  WHERE TB_Usuarios.tpAcceso <> 'Puestos'  AND  TB_Usuarios.flBloqueado = 0  AND   dsUsuario Like ('eulis%') AND TB_Usuarios.flEliminar = 0
04/10/2016 23:09:39 |  SELECT TOP 100 TB_Usuarios.dsUsuario  FROM TB_Usuarios  WHERE TB_Usuarios.tpAcceso <> 'Puestos'  AND  TB_Usuarios.flBloqueado = 0  AND   dsUsuario Like ('eulise%') AND TB_Usuarios.flEliminar = 0
04/10/2016 23:09:39 |  SELECT TOP 100 TB_Usuarios.dsUsuario  FROM TB_Usuarios  WHERE TB_Usuarios.tpAcceso <> 'Puestos'  AND  TB_Usuarios.flBloqueado = 0  AND   dsUsuario Like ('eulises%') AND TB_Usuarios.flEliminar = 0
04/10/2016 23:09:59 |  SELECT TB_Usuarios.dsUsuario ,TB_Usuarios.dspassword ,TB_Usuarios.tpAcceso ,TB_Usuarios.nmNombre ,TB_Usuarios.nmApellido ,TB_Usuarios.flBloqueado ,TB_Usuarios.tpNivelJerarquico  FROM TB_Usuarios  WHERE TB_Usuarios.dsUsuario = 'EULISES_AJ'  AND  TB_Usuarios.flEliminar = 0  
04/10/2016 23:10:18 | Exec sco_CajadeADMActiva 
04/10/2016 23:10:18 | Exec sco_CajadeADMActiva 
04/10/2016 23:10:18 | Exec sco_DiccionariodeDatos @nmtabla_param='sco_cajapuesto_v3_9'
04/10/2016 23:10:18 | Exec sco_cajapuesto_v3_9 @nrCaja_param = 9000003773 
04/10/2016 23:10:18 |  SELECT TB_Usuarios.dsUsuario ,TB_Usuarios.dspassword ,TB_Usuarios.tpAcceso ,TB_Usuarios.nmNombre ,TB_Usuarios.nmApellido ,TB_Usuarios.flBloqueado ,TB_Usuarios.tpNivelJerarquico  FROM TB_Usuarios  WHERE TB_Usuarios.dsUsuario = 'CAMILAP'  AND  TB_Usuarios.flEliminar = 0  
04/10/2016 23:10:18 |  SELECT TB_Usuarios.dsUsuario ,TB_Usuarios.dspassword ,TB_Usuarios.tpAcceso ,TB_Usuarios.nmNombre ,TB_Usuarios.nmApellido ,TB_Usuarios.flBloqueado ,TB_Usuarios.tpNivelJerarquico  FROM TB_Usuarios  WHERE TB_Usuarios.dsUsuario = 'CAMILAP'  AND  TB_Usuarios.flEliminar = 0  
04/10/2016 23:10:18 | Exec sco_DiccionariodeDatos @nmtabla_param='sp_obtenerCajasPendientesdeAprobacion_v2_5'
04/10/2016 23:10:18 | Exec sp_obtenerCajasPendientesdeAprobacion_v2_5 @pdsUsuario_param = 'CAMILAP' 
04/10/2016 23:10:18 | Exec sco_DiccionariodeDatos @nmtabla_param='TB_Parametros'
04/10/2016 23:10:18 |  SELECT TB_Parametros.vlParametro  FROM TB_Parametros  WHERE TB_Parametros.dsParametro = 'VALOR EURO'  
04/10/2016 23:10:18 |  SELECT TB_Parametros.vlParametro  FROM TB_Parametros  WHERE TB_Parametros.dsParametro = 'VALOR DOLAR'  
04/10/2016 23:10:18 | Exec SP_ValorPromoRetorno
04/10/2016 23:10:18 | Exec sco_DiccionariodeDatos @nmtabla_param='TB_Comisiones'
04/10/2016 23:10:18 |  SELECT TB_Comisiones.vlMontoMinimo  FROM TB_Comisiones  WHERE TB_Comisiones.tpComision = 'Retorno'  AND  TB_Comisiones.flEliminar = 0  
04/10/2016 23:10:18 |  SELECT TB_Parametros.vlParametro  FROM TB_Parametros  WHERE TB_Parametros.dsParametro = 'VALOR REAL'  
04/10/2016 23:10:18 | Exec sco_validarVencimientosCAI_v4_1
04/10/2016 23:10:20 | Exec sco_DiccionariodeDatos @nmtabla_param='sco_AccesosOpcionesMenu'
04/10/2016 23:10:20 | Exec sco_AccesosOpcionesMenu @p_tpNivelAcceso = null ,@p_operaconcaja = 1 
04/10/2016 23:10:20 | Exec sco_AccesosOpcionesMenu @p_tpNivelAcceso = null ,@p_operaconcaja = 1 
04/10/2016 23:10:32 | Exec  sco_TB_Productos_v4_1 
04/10/2016 23:10:32 | Exec sco_DiccionariodeDatos @nmtabla_param='TB_Usuarios'
04/10/2016 23:10:34 |  SELECT TOP 100 TB_Usuarios.dsUsuario  FROM TB_Usuarios  WHERE TB_Usuarios.tpAcceso <> 'Puestos'  AND  TB_Usuarios.flBloqueado = 0  AND   dsUsuario Like ('e%') AND TB_Usuarios.flEliminar = 0
04/10/2016 23:10:43 | Exec sco_CajadeADMActiva 
04/10/2016 23:10:43 | Exec sco_CajadeADMActiva 
04/10/2016 23:10:43 | Exec sco_DiccionariodeDatos @nmtabla_param='sco_cajapuesto_v3_9'
04/10/2016 23:10:43 | Exec sco_cajapuesto_v3_9 @nrCaja_param = 9000003773 
04/10/2016 23:10:49 |  SELECT TB_Usuarios.dsUsuario ,TB_Usuarios.dspassword ,TB_Usuarios.tpAcceso ,TB_Usuarios.nmNombre ,TB_Usuarios.nmApellido ,TB_Usuarios.flBloqueado ,TB_Usuarios.tpNivelJerarquico  FROM TB_Usuarios  WHERE TB_Usuarios.dsUsuario = 'CAMILAP'  AND  TB_Usuarios.flEliminar = 0  
04/10/2016 23:11:23 |  SELECT TB_Usuarios.dsUsuario ,TB_Usuarios.dspassword ,TB_Usuarios.tpAcceso ,TB_Usuarios.nmNombre ,TB_Usuarios.nmApellido ,TB_Usuarios.flBloqueado ,TB_Usuarios.tpNivelJerarquico  FROM TB_Usuarios  WHERE TB_Usuarios.dsUsuario = 'CAMILAP'  AND  TB_Usuarios.flEliminar = 0  
04/10/2016 23:11:23 |  SELECT TB_Usuarios.dsUsuario ,TB_Usuarios.dspassword ,TB_Usuarios.tpAcceso ,TB_Usuarios.nmNombre ,TB_Usuarios.nmApellido ,TB_Usuarios.flBloqueado ,TB_Usuarios.tpNivelJerarquico  FROM TB_Usuarios  WHERE TB_Usuarios.dsUsuario = 'CAMILAP'  AND  TB_Usuarios.flEliminar = 0  
04/10/2016 23:11:23 | Exec sco_DiccionariodeDatos @nmtabla_param='sp_obtenerCajasPendientesdeAprobacion_v2_5'
04/10/2016 23:11:23 | Exec sp_obtenerCajasPendientesdeAprobacion_v2_5 @pdsUsuario_param = 'CAMILAP' 
04/10/2016 23:11:23 | Exec sp_obtenerCajasRechazadas_v2_9 
04/10/2016 23:11:23 | Exec sco_DiccionariodeDatos @nmtabla_param='TB_Parametros'
04/10/2016 23:11:23 |  SELECT TB_Parametros.vlParametro  FROM TB_Parametros  WHERE TB_Parametros.dsParametro = 'VALOR EURO'  
04/10/2016 23:11:23 |  SELECT TB_Parametros.vlParametro  FROM TB_Parametros  WHERE TB_Parametros.dsParametro = 'VALOR DOLAR'  
04/10/2016 23:11:23 | Exec SP_ValorPromoRetorno
04/10/2016 23:11:23 | Exec sco_DiccionariodeDatos @nmtabla_param='TB_Comisiones'
04/10/2016 23:11:23 |  SELECT TB_Comisiones.vlMontoMinimo  FROM TB_Comisiones  WHERE TB_Comisiones.tpComision = 'Retorno'  AND  TB_Comisiones.flEliminar = 0  
04/10/2016 23:11:23 |  SELECT TB_Parametros.vlParametro  FROM TB_Parametros  WHERE TB_Parametros.dsParametro = 'VALOR REAL'  
04/10/2016 23:11:23 | Exec sco_DiccionariodeDatos @nmtabla_param='TB_Cajas'
04/10/2016 23:11:23 |  SELECT TB_Cajas.nrCaja  FROM TB_Cajas  WHERE TB_Cajas.dsUsuario = 'CAMILAP'  and  TB_Cajas.flEstado = 0  and  TB_Cajas.tpEstadoAprobacion IS NULL  and  TB_Cajas.nrcaja > 0  
04/10/2016 23:11:25 |  SELECT TB_Cajas.nrCaja ,TB_Cajas.vlTotalSaldoFinal ,TB_Cajas.nrPuesto ,TB_Cajas.dsUsuario ,TB_Cajas.vlSaldoInicialPesos ,TB_Cajas.dtApertura ,TB_Cajas.dtCierre ,TB_Cajas.vlDiaDolar ,TB_Cajas.vlDiaEuro ,TB_Cajas.vlSaldoInicialEuros ,TB_Cajas.vlSaldoInicialDolares ,TB_Cajas.vlSaldoFinalRealPesos ,TB_Cajas.vlTotalSaldoInicial ,TB_Cajas.dtObservacion ,TB_Cajas.vlCierrePesos ,TB_Cajas.vlSaldoFinalRealDolares ,TB_Cajas.vlSaldoFinalRealEuros ,TB_Cajas.vlTotalSaldoFinalReal ,TB_Cajas.vlCierreDolares ,TB_Cajas.vlCierreEuros ,TB_Cajas.dsObservacion ,TB_Cajas.vlDiaReal ,TB_Cajas.flEstado  FROM TB_Cajas  WHERE TB_Cajas.nrCaja = 9000003773  
04/10/2016 23:11:25 | Exec sco_DiccionariodeDatos @nmtabla_param='SP_SumaCajaADM_v2_9'
04/10/2016 23:11:25 | Exec SP_SumaCajaADM_v2_9 @nrCaja_param = 9000003773 ,@tpCaja_param = 'CA' ,@tpCajaImputacion_param = null 
04/10/2016 23:11:25 |  UPDATE TB_Cajas SET TB_Cajas.vlSaldoFinalRealPesos  = 155.08 ,TB_Cajas.vlSaldoFinalRealEuros  = 0.00 ,TB_Cajas.vlSaldoFinalRealDolares  = 0.00 ,TB_Cajas.vlCierrePesos  = 155.08 ,TB_Cajas.vlCierreDolares  = 0 ,TB_Cajas.vlCierreEuros  = 0   WHERE TB_Cajas.nrCaja = 9000003773  
04/10/2016 23:11:27 |  UPDATE TB_Cajas SET TB_Cajas.nrCaja  = 9000003773 ,TB_Cajas.vlTotalSaldoFinal  = 155.08 ,TB_Cajas.nrPuesto  = 9 ,TB_Cajas.dsUsuario  = 'CAMILAP' ,TB_Cajas.vlSaldoInicialPesos  = 0.00 ,TB_Cajas.dtApertura  = '19/08/2015 11:17:24' ,TB_Cajas.dtCierre  = null ,TB_Cajas.vlDiaDolar  = 9.10 ,TB_Cajas.vlDiaEuro  = 10.00 ,TB_Cajas.vlSaldoInicialEuros  = 0.00 ,TB_Cajas.vlSaldoInicialDolares  = 0.00 ,TB_Cajas.vlSaldoFinalRealPesos  = 155.08 ,TB_Cajas.vlTotalSaldoInicial  = 0.00 ,TB_Cajas.dtObservacion  = '04/10/2016 11:11:27' ,TB_Cajas.vlCierrePesos  = 155.08 ,TB_Cajas.vlSaldoFinalRealDolares  = 0.00 ,TB_Cajas.vlSaldoFinalRealEuros  = 0.00 ,TB_Cajas.vlTotalSaldoFinalReal  = 155.08 ,TB_Cajas.vlCierreDolares  = 0 ,TB_Cajas.vlCierreEuros  = 0 ,TB_Cajas.dsObservacion  = null ,TB_Cajas.vlDiaReal  = 3.21 ,TB_Cajas.flCajaAdm  = 1   WHERE TB_Cajas.nrCaja = 9000003773  
04/10/2016 23:11:27 | Exec sco_DiccionariodeDatos @nmtabla_param='VW_UltimaCajaAdm'
04/10/2016 23:11:27 |  SELECT VW_UltimaCajaAdm.nrCaja ,VW_UltimaCajaAdm.vlSaldoFinalRealPesos ,VW_UltimaCajaAdm.vlSaldoFinalRealEuros ,VW_UltimaCajaAdm.vlSaldoFinalRealDolares  FROM VW_UltimaCajaAdm 
04/10/2016 23:11:27 |  SELECT TB_Cajas.nrCaja  FROM TB_Cajas  WHERE TB_Cajas.nrCaja = 9000003773  AND  TB_Cajas.flEstado = 0  
04/10/2016 23:11:27 | Exec sco_cajapuesto_v3_9 @nrCaja_param = 9000003772 
04/10/2016 23:11:27 | Exec sco_cajapuesto_v3_9 @nrCaja_param = 9000003773 
04/10/2016 23:11:27 | Exec sco_DiccionariodeDatos @nmtabla_param='spu_esdifporCotizacionImputadas_v3_9'
04/10/2016 23:11:27 | Exec spu_esdifporCotizacionImputadas_v3_9 @nrCajaAdmActual = 9000003773 
04/10/2016 23:11:27 | Exec sco_validarVencimientosCAI_v4_1
04/10/2016 23:11:29 | Exec sco_DiccionariodeDatos @nmtabla_param='sco_AccesosOpcionesMenu'
04/10/2016 23:11:29 | Exec sco_AccesosOpcionesMenu @p_tpNivelAcceso = 'Administración' ,@p_operaconcaja = 1 
04/10/2016 23:11:29 | Exec sco_AccesosOpcionesMenu @p_tpNivelAcceso = 'Administración' ,@p_operaconcaja = 1 
