04/08/2016 21:40:50 | Exec  sco_TB_Productos_v4_1 
04/08/2016 21:40:50 | Exec sco_DiccionariodeDatos @nmtabla_param='TB_Usuarios'
04/08/2016 21:40:53 |  SELECT TB_Usuarios.dsUsuario ,TB_Usuarios.dspassword ,TB_Usuarios.tpAcceso ,TB_Usuarios.nmNombre ,TB_Usuarios.nmApellido ,TB_Usuarios.flBloqueado ,TB_Usuarios.tpNivelJerarquico  FROM TB_Usuarios  WHERE TB_Usuarios.dsUsuario = 'BFAZZALARI'  AND  TB_Usuarios.flEliminar = 0  
04/08/2016 21:40:53 |  SELECT TB_Usuarios.dsUsuario ,TB_Usuarios.dspassword ,TB_Usuarios.tpAcceso ,TB_Usuarios.nmNombre ,TB_Usuarios.nmApellido ,TB_Usuarios.flBloqueado ,TB_Usuarios.tpNivelJerarquico  FROM TB_Usuarios  WHERE TB_Usuarios.dsUsuario = 'BFAZZALARI'  AND  TB_Usuarios.flEliminar = 0  
04/08/2016 21:40:53 | Exec sco_DiccionariodeDatos @nmtabla_param='sp_obtenerCajasPendientesdeAprobacion_v2_5'
04/08/2016 21:40:53 | Exec sp_obtenerCajasPendientesdeAprobacion_v2_5 @pdsUsuario_param = 'BFAZZALARI' 
04/08/2016 21:40:59 | Exec sp_obtenerCajasRechazadas_v2_9 
04/08/2016 21:40:59 | Exec sco_DiccionariodeDatos @nmtabla_param='TB_Parametros'
04/08/2016 21:40:59 |  SELECT TB_Parametros.vlParametro  FROM TB_Parametros  WHERE TB_Parametros.dsParametro = 'VALOR EURO'  
04/08/2016 21:40:59 |  SELECT TB_Parametros.vlParametro  FROM TB_Parametros  WHERE TB_Parametros.dsParametro = 'VALOR DOLAR'  
04/08/2016 21:40:59 | Exec SP_ValorPromoRetorno
04/08/2016 21:40:59 | Exec sco_DiccionariodeDatos @nmtabla_param='TB_Comisiones'
04/08/2016 21:40:59 |  SELECT TB_Comisiones.vlMontoMinimo  FROM TB_Comisiones  WHERE TB_Comisiones.tpComision = 'Retorno'  AND  TB_Comisiones.flEliminar = 0  
04/08/2016 21:40:59 |  SELECT TB_Parametros.vlParametro  FROM TB_Parametros  WHERE TB_Parametros.dsParametro = 'VALOR REAL'  
04/08/2016 21:40:59 | Exec sco_DiccionariodeDatos @nmtabla_param='TB_Cajas'
04/08/2016 21:40:59 |  SELECT TB_Cajas.nrCaja  FROM TB_Cajas  WHERE TB_Cajas.dsUsuario = 'BFAZZALARI'  and  TB_Cajas.flEstado = 0  and  TB_Cajas.tpEstadoAprobacion IS NULL  and  TB_Cajas.nrcaja > 0  
04/08/2016 21:41:00 | Exec sco_DiccionariodeDatos @nmtabla_param='sco_AccesosOpcionesMenu'
04/08/2016 21:41:00 | Exec sco_AccesosOpcionesMenu @p_tpNivelAcceso = 'Puestos' ,@p_operaconcaja = 1 
04/08/2016 21:41:00 | Exec sco_AccesosOpcionesMenu @p_tpNivelAcceso = 'Puestos' ,@p_operaconcaja = 1 
04/08/2016 21:41:09 | Exec sco_DiccionariodeDatos @nmtabla_param='VW_CajasPuestos_v2_5'
04/08/2016 21:41:09 |  SELECT VW_CajasPuestos_v2_5.nrCaja ,VW_CajasPuestos_v2_5.dtApertura ,VW_CajasPuestos_v2_5.dtCierre ,VW_CajasPuestos_v2_5.nrPuesto ,VW_CajasPuestos_v2_5.dsUsuario ,VW_CajasPuestos_v2_5.vlDiferenciaDeCierre ,VW_CajasPuestos_v2_5.dsUsuario ,VW_CajasPuestos_v2_5.vlSaldoInicialPesos ,VW_CajasPuestos_v2_5.vlSaldoFinalPesos ,VW_CajasPuestos_v2_5.flSincronizado ,VW_CajasPuestos_v2_5.tpEstadoAprobacion  FROM VW_CajasPuestos_v2_5  WHERE VW_CajasPuestos_v2_5.tpAcceso = 'Puestos' AND VW_CajasPuestos_v2_5.dtApertura >= '20/07/2016 00:00:00'  AND  VW_CajasPuestos_v2_5.dtApertura <= '04/08/2016 23:59:59'  AND   nrCaja Like ('%%%') AND VW_CajasPuestos_v2_5.dsUsuario = 'BFAZZALARI'   Order by VW_CajasPuestos_v2_5.dtApertura DESC 
04/08/2016 21:41:13 | Exec sco_AccesosOpcionesMenu @p_tpNivelAcceso = 'Puestos' ,@p_operaconcaja = 1 
04/08/2016 21:41:16 |  SELECT TB_Cajas.nrCaja  FROM TB_Cajas  WHERE TB_Cajas.nrCaja = 1000010106  AND  TB_Cajas.flEstado = 0  
04/08/2016 21:41:16 |  SELECT tb_parametros.dsParametro ,tb_parametros.vlParametro ,tb_parametros.tpParametro ,tb_parametros.flEditable ,tb_parametros.nrTamanio ,tb_parametros.dtActualizacion  FROM tb_parametros  WHERE tb_parametros.dsParametro = 'FONDO_FIJO_MINIMO'  
04/08/2016 21:41:16 |  SELECT TB_Cajas.vlSaldoInicialPesos ,TB_Cajas.vlSaldoInicialDolares ,TB_Cajas.vlSaldoInicialEuros ,TB_Cajas.vlSaldoInicialReales ,TB_Cajas.vlDiaEuro ,TB_Cajas.vlDiaDolar ,TB_Cajas.vlDiaReal ,TB_Cajas.dsUsuario ,TB_Cajas.dtApertura ,TB_Cajas.dtCierre  FROM TB_Cajas  WHERE TB_Cajas.nrCaja = 1000010106  
04/08/2016 21:41:16 | Exec sco_DiccionariodeDatos @nmtabla_param='SP_SumaCajaPuestosCondVenta_v3_7'
04/08/2016 21:41:16 | Exec SP_SumaCajaPuestosCondVenta_v3_7 @pnrCaja_param = 1000010106 
04/08/2016 21:41:16 | Exec sco_DiccionariodeDatos @nmtabla_param='sco_cajapuesto_v3_9'
04/08/2016 21:41:16 | Exec sco_cajapuesto_v3_9 @nrCaja_param = 1000010106 
04/08/2016 21:41:16 | Exec SP_SumaCajaPuestosCondVenta_v3_7 @pnrCaja_param = 1000010106 
04/08/2016 21:41:20 | Exec SP_SumaCajaPuestosCondVenta_v3_7 @pnrCaja_param = 1000010106 
04/08/2016 21:41:23 | Exec SP_SumaCajaPuestosCondVenta_v3_7 @pnrCaja_param = 1000010106 
04/08/2016 21:41:25 | Exec SP_SumaCajaPuestosCondVenta_v3_7 @pnrCaja_param = 1000010106 
04/08/2016 21:41:26 | Exec SP_SumaCajaPuestosCondVenta_v3_7 @pnrCaja_param = 1000010106 
04/08/2016 21:41:28 | Exec SP_SumaCajaPuestosCondVenta_v3_7 @pnrCaja_param = 1000010106 
04/08/2016 21:41:28 |  SELECT TB_Cajas.vlSaldoInicialPesos ,TB_Cajas.vlSaldoInicialDolares ,TB_Cajas.vlSaldoInicialEuros ,TB_Cajas.vlSaldoInicialReales ,TB_Cajas.vlDiaEuro ,TB_Cajas.vlDiaDolar ,TB_Cajas.vlDiaReal ,TB_Cajas.dsUsuario ,TB_Cajas.dtApertura ,TB_Cajas.dtCierre  FROM TB_Cajas  WHERE TB_Cajas.nrCaja = 1000010106  
04/08/2016 21:41:28 | Exec SP_SumaCajaPuestosCondVenta_v3_7 @pnrCaja_param = 1000010106 
04/08/2016 21:41:29 |  UPDATE TB_Cajas SET TB_Cajas.flEstado  = 1 ,TB_Cajas.hrCierre  = '21:41' ,TB_Cajas.flSincronizado  = 1 ,TB_Cajas.vlDiferenciaDeCierre  = 0.00 ,TB_Cajas.dsDiferenciaDeCierre  = null ,TB_Cajas.vlSaldoFinalPesos  = 1900 ,TB_Cajas.vlSaldoFinalDolares  = 100 ,TB_Cajas.vlSaldoFinalEuros  = 50 ,TB_Cajas.vlTotalSaldoFinal  = 3310.00 ,TB_Cajas.vlSaldoFinalRealPesos  = 1900 ,TB_Cajas.vlSaldoFinalRealDolares  = 100.00 ,TB_Cajas.vlSaldoFinalRealEuros  = 50.00 ,TB_Cajas.vlSaldoFinalRealReales  = 0.00 ,TB_Cajas.vlTotalSaldoFinalReal  = 3310.00 ,TB_Cajas.dsObservacion  = 'DDDSS' ,TB_Cajas.dtObservacion  = '04/08/2016 9:41:29' ,TB_Cajas.vlCierrePesos  = 900.00 ,TB_Cajas.vlCierreDolares  = 0.00 ,TB_Cajas.vlCierreEuros  = 0.00 ,TB_Cajas.vlCierreReales  = 0.00 ,TB_Cajas.vlFondoFijoPesos  = 1000.00 ,TB_Cajas.vlFondoFijoDolares  = 100.00 ,TB_Cajas.vlFondoFijoEuros  = 50.00 ,TB_Cajas.vlFondoFijoReales  = 0.00 ,TB_Cajas.vlTotalSaldoCierre  = 900.00 ,TB_Cajas.dtCierre  = '04/08/2016 9:41:29'   WHERE TB_Cajas.nrCaja = 1000010106  
04/08/2016 21:42:11 | Exec sco_DiccionariodeDatos @nmtabla_param='rpt_cierredecaja_v4_9'
04/08/2016 21:42:16 | Exec rpt_cierredecaja_v4_9 
04/08/2016 21:42:16 | Invalid procedure call or argument
04/08/2016 21:42:26 |  SELECT TB_Parametros.vlParametro  FROM TB_Parametros  WHERE TB_Parametros.dsParametro = 'VALOR EURO'  
04/08/2016 21:42:26 |  SELECT TB_Parametros.vlParametro  FROM TB_Parametros  WHERE TB_Parametros.dsParametro = 'VALOR DOLAR'  
04/08/2016 21:42:26 | Exec SP_ValorPromoRetorno
04/08/2016 21:42:26 |  SELECT TB_Comisiones.vlMontoMinimo  FROM TB_Comisiones  WHERE TB_Comisiones.tpComision = 'Retorno'  AND  TB_Comisiones.flEliminar = 0  
04/08/2016 21:42:26 |  SELECT TB_Parametros.vlParametro  FROM TB_Parametros  WHERE TB_Parametros.dsParametro = 'VALOR REAL'  
04/08/2016 21:42:26 |  SELECT TB_Cajas.nrCaja  FROM TB_Cajas  WHERE TB_Cajas.dsUsuario = 'BFAZZALARI'  and  TB_Cajas.flEstado = 0  and  TB_Cajas.tpEstadoAprobacion IS NULL  and  TB_Cajas.nrcaja > 0  
04/08/2016 21:42:26 | Exec sco_DiccionariodeDatos @nmtabla_param='sco_FondoFijoCajaAnterior_v3_7'
04/08/2016 21:42:26 | Exec sco_FondoFijoCajaAnterior_v3_7 @nrPuesto = 1 
04/08/2016 21:42:28 | Exec sco_DiccionariodeDatos @nmtabla_param='SP_ObtenerMaxnrCaja_v2_8'
04/08/2016 21:42:28 | Exec SP_ObtenerMaxnrCaja_v2_8 @nrPuesto = 1 
04/08/2016 21:42:28 |  INSERT TB_Cajas (nrCaja ,vlFondoFijoEuros ,nrPuesto ,dsUsuario ,vlFondoFijoReales ,dtApertura ,dtCierre ,vlDiaDolar ,vlDiaEuro ,vlSaldoInicialPesos ,vlSaldoInicialReales ,vlSaldoInicialEuros ,vlFondoFijoPesos ,dsDiferenciaDeCierre ,vlDiaReal ,vlFondoFijoDolares ,vlSaldoInicialDolares ,vlSaldoFinalDolares ,vlCierreDolares ,vlSaldoFinalRealDolares ,vlDiferenciaDeCierre ,dtObservacion ,dsObservacion ,vlSaldoFinalPesos ,vlSaldoFinalReales ,vlSaldoFinalEuros ,vlTotalSaldoFinal ,vlSaldoFinalRealPesos ,vlSaldoFinalRealReales ,vlSaldoFinalRealEuros ,vlTotalSaldoFinalReal ,vlCierrePesos ,vlCierreReales ,vlCierreEuros ,vlTotalSaldoCierre ,flSincronizado ,hrApertura )  VALUES (1000010107 ,null ,1 ,'BFAZZALARI' ,null ,'04/08/2016 9:42:26' ,null ,9.10 ,10 ,1000.00 ,0.00 ,50.00 ,null ,null ,3.21 ,null ,100.00 ,100.00 ,-100.00 ,null ,0.00 ,null ,null ,1000.00 ,0.00 ,50.00 ,0.00 ,null ,null ,null ,0.00 ,-1000.00 ,0.00 ,-50.00 ,0 ,0 ,'21:42' )
04/08/2016 21:42:28 | Exec sco_DiccionariodeDatos @nmtabla_param='DiccionariodeDatos'
04/08/2016 21:42:28 |  UPDATE DiccionariodeDatos SET DiccionariodeDatos.vlPuesto1  = '1000010107'   WHERE DiccionariodeDatos.nmTabla = 'TB_Cajas'  AND  DiccionariodeDatos.nmCampo = 'nrCaja'  
04/08/2016 21:42:29 | Exec sco_AccesosOpcionesMenu @p_tpNivelAcceso = 'Puestos' ,@p_operaconcaja = 1 
04/08/2016 21:45:35 | Exec  sco_TB_Productos_v4_1 
04/08/2016 21:45:35 | Exec sco_DiccionariodeDatos @nmtabla_param='TB_Usuarios'
04/08/2016 21:45:38 |  SELECT TB_Usuarios.dsUsuario ,TB_Usuarios.dspassword ,TB_Usuarios.tpAcceso ,TB_Usuarios.nmNombre ,TB_Usuarios.nmApellido ,TB_Usuarios.flBloqueado ,TB_Usuarios.tpNivelJerarquico  FROM TB_Usuarios  WHERE TB_Usuarios.dsUsuario = 'BFAZZALARI'  AND  TB_Usuarios.flEliminar = 0  
04/08/2016 21:45:38 |  SELECT TB_Usuarios.dsUsuario ,TB_Usuarios.dspassword ,TB_Usuarios.tpAcceso ,TB_Usuarios.nmNombre ,TB_Usuarios.nmApellido ,TB_Usuarios.flBloqueado ,TB_Usuarios.tpNivelJerarquico  FROM TB_Usuarios  WHERE TB_Usuarios.dsUsuario = 'BFAZZALARI'  AND  TB_Usuarios.flEliminar = 0  
04/08/2016 21:45:38 | Exec sco_DiccionariodeDatos @nmtabla_param='sp_obtenerCajasPendientesdeAprobacion_v2_5'
04/08/2016 21:45:38 | Exec sp_obtenerCajasPendientesdeAprobacion_v2_5 @pdsUsuario_param = 'BFAZZALARI' 
04/08/2016 21:45:40 | Exec sp_obtenerCajasRechazadas_v2_9 
04/08/2016 21:45:40 | Exec sco_DiccionariodeDatos @nmtabla_param='TB_Parametros'
04/08/2016 21:45:40 |  SELECT TB_Parametros.vlParametro  FROM TB_Parametros  WHERE TB_Parametros.dsParametro = 'VALOR EURO'  
04/08/2016 21:45:40 |  SELECT TB_Parametros.vlParametro  FROM TB_Parametros  WHERE TB_Parametros.dsParametro = 'VALOR DOLAR'  
04/08/2016 21:45:40 | Exec SP_ValorPromoRetorno
04/08/2016 21:45:40 | Exec sco_DiccionariodeDatos @nmtabla_param='TB_Comisiones'
04/08/2016 21:45:40 |  SELECT TB_Comisiones.vlMontoMinimo  FROM TB_Comisiones  WHERE TB_Comisiones.tpComision = 'Retorno'  AND  TB_Comisiones.flEliminar = 0  
04/08/2016 21:45:40 |  SELECT TB_Parametros.vlParametro  FROM TB_Parametros  WHERE TB_Parametros.dsParametro = 'VALOR REAL'  
04/08/2016 21:45:40 | Exec sco_DiccionariodeDatos @nmtabla_param='TB_Cajas'
04/08/2016 21:45:40 |  SELECT TB_Cajas.nrCaja  FROM TB_Cajas  WHERE TB_Cajas.dsUsuario = 'BFAZZALARI'  and  TB_Cajas.flEstado = 0  and  TB_Cajas.tpEstadoAprobacion IS NULL  and  TB_Cajas.nrcaja > 0  
04/08/2016 21:45:41 | Exec sco_DiccionariodeDatos @nmtabla_param='sco_AccesosOpcionesMenu'
04/08/2016 21:45:41 | Exec sco_AccesosOpcionesMenu @p_tpNivelAcceso = 'Puestos' ,@p_operaconcaja = 1 
04/08/2016 21:45:41 | Exec sco_AccesosOpcionesMenu @p_tpNivelAcceso = 'Puestos' ,@p_operaconcaja = 1 
04/08/2016 21:45:43 | Exec sco_DiccionariodeDatos @nmtabla_param='sco_cajapuesto_v3_9'
04/08/2016 21:45:43 | Exec sco_cajapuesto_v3_9 @nrCaja_param = 1000010107 
04/08/2016 21:45:43 |  SELECT tb_parametros.dsParametro ,tb_parametros.vlParametro ,tb_parametros.tpParametro ,tb_parametros.flEditable ,tb_parametros.nrTamanio ,tb_parametros.dtActualizacion  FROM tb_parametros  WHERE tb_parametros.dsParametro = 'PORC_RECARGO_TD'  
04/08/2016 21:45:43 |  SELECT tb_parametros.dsParametro ,tb_parametros.vlParametro ,tb_parametros.tpParametro ,tb_parametros.flEditable ,tb_parametros.nrTamanio ,tb_parametros.dtActualizacion  FROM tb_parametros  WHERE tb_parametros.dsParametro = 'PORC_RECARGO_TC'  
04/08/2016 21:45:43 | Exec sco_DiccionariodeDatos @nmtabla_param='TB_Comprobantes'
04/08/2016 21:45:43 | Exec sco_DiccionariodeDatos @nmtabla_param='sp_obtenerComision_v4_7'
04/08/2016 21:45:43 | Exec sp_obtenerComision_v4_7 @tpComprobante_param = null ,@vlTotalGeneral_param = 0 ,@tpComision_param = null ,@tpCliente_param = null ,@dsCodigoDestinos_param = null 
04/08/2016 21:45:43 | Exec sp_obtenerComision_v4_7 @tpComprobante_param = null ,@vlTotalGeneral_param = 0 ,@tpComision_param = 'A Clientes' ,@tpCliente_param = 'A Clientes' ,@dsCodigoDestinos_param = null 
04/08/2016 21:45:43 | Exec sco_DiccionariodeDatos @nmtabla_param='spu_obtener_puntosdeventa_facturacion_v4_7'
04/08/2016 21:45:43 | Exec spu_obtener_puntosdeventa_facturacion_v4_7 @nrPuesto_param = 1 ,@tipo_iva = 'CF' ,@auto_impresor = 'S' ,@tpFormadePago = null ,@tpComprobante = 'FA' 
04/08/2016 21:45:43 | Exec sp_obtenerComision_v4_7 @tpComprobante_param = 'FA' ,@vlTotalGeneral_param = 0 ,@tpComision_param = 'A Clientes' ,@tpCliente_param = 'A Clientes' ,@dsCodigoDestinos_param = null 
04/08/2016 21:45:43 | Exec spu_obtener_puntosdeventa_facturacion_v4_7 @nrPuesto_param = 1 ,@tipo_iva = 'CF' ,@auto_impresor = 'S' ,@tpFormadePago = null ,@tpComprobante = 'FA' 
04/08/2016 21:45:43 | Exec spu_obtener_puntosdeventa_facturacion_v4_7 @nrPuesto_param = 1 ,@tipo_iva = 'CF' ,@auto_impresor = 'S' ,@tpFormadePago = null ,@tpComprobante = 'FA' 
04/08/2016 21:45:43 | Exec sp_obtenerComision_v4_7 @tpComprobante_param = 'FA' ,@vlTotalGeneral_param = 0 ,@tpComision_param = 'A Clientes' ,@tpCliente_param = 'A Clientes' ,@dsCodigoDestinos_param = null 
04/08/2016 21:45:43 | Exec sp_obtenerComision_v4_7 @tpComprobante_param = 'FA' ,@vlTotalGeneral_param = 0 ,@tpComision_param = 'A Clientes' ,@tpCliente_param = 'A Clientes' ,@dsCodigoDestinos_param = null 
04/08/2016 21:45:43 | Exec sp_obtenerComision_v4_7 @tpComprobante_param = 'FA' ,@vlTotalGeneral_param = 0 ,@tpComision_param = 'A Clientes' ,@tpCliente_param = 'A Clientes' ,@dsCodigoDestinos_param = null 
04/08/2016 21:45:43 | Exec sco_DiccionariodeDatos @nmtabla_param='TB_Productos'
04/08/2016 21:45:46 | Exec sco_DiccionariodeDatos @nmtabla_param='SP_Supera_KM_IVA_segunMonto_2_0'
04/08/2016 21:45:46 | Exec SP_Supera_KM_IVA_segunMonto_2_0 @tpCategoriaIVA_param = 'CF' ,@vlKilometros_param = 0 ,@vlMonto_param = 900 
04/08/2016 21:45:46 | Exec sp_obtenerComision_v4_7 @tpComprobante_param = 'FA' ,@vlTotalGeneral_param = 900 ,@tpComision_param = 'A Clientes' ,@tpCliente_param = 'A Clientes' ,@dsCodigoDestinos_param = '''Viaje'',null,450' 
04/08/2016 21:45:47 | Exec sp_obtenerComision_v4_7 @tpComprobante_param = 'FA' ,@vlTotalGeneral_param = 900 ,@tpComision_param = 'A Clientes' ,@tpCliente_param = 'A Clientes' ,@dsCodigoDestinos_param = '''Viaje'',null,450' 
04/08/2016 21:45:47 | Exec sp_obtenerComision_v4_7 @tpComprobante_param = 'FA' ,@vlTotalGeneral_param = 900 ,@tpComision_param = 'A Clientes' ,@tpCliente_param = 'A Clientes' ,@dsCodigoDestinos_param = '''Viaje'',null,450' 
04/08/2016 21:45:47 | Exec SP_Supera_KM_IVA_segunMonto_2_0 @tpCategoriaIVA_param = 'CF' ,@vlKilometros_param = 0 ,@vlMonto_param = 900 
04/08/2016 21:45:47 | Exec sp_obtenerComision_v4_7 @tpComprobante_param = 'FA' ,@vlTotalGeneral_param = 900 ,@tpComision_param = 'A Clientes' ,@tpCliente_param = 'A Clientes' ,@dsCodigoDestinos_param = '''Viaje'',null,450' 
04/08/2016 21:45:47 | Exec SP_Supera_KM_IVA_segunMonto_2_0 @tpCategoriaIVA_param = 'CF' ,@vlKilometros_param = 0 ,@vlMonto_param = 900 
04/08/2016 21:45:47 | Exec sp_obtenerComision_v4_7 @tpComprobante_param = 'FA' ,@vlTotalGeneral_param = 900 ,@tpComision_param = 'A Clientes' ,@tpCliente_param = 'A Clientes' ,@dsCodigoDestinos_param = '''Viaje'',null,450' 
04/08/2016 21:45:47 | Exec sp_obtenerComision_v4_7 @tpComprobante_param = 'FA' ,@vlTotalGeneral_param = 900 ,@tpComision_param = 'A Clientes' ,@tpCliente_param = 'A Clientes' ,@dsCodigoDestinos_param = '''Viaje'',null,450' 
04/08/2016 21:45:47 | Exec sp_obtenerComision_v4_7 @tpComprobante_param = 'FA' ,@vlTotalGeneral_param = 900 ,@tpComision_param = 'A Clientes' ,@tpCliente_param = 'A Clientes' ,@dsCodigoDestinos_param = '''Viaje'',null,450' 
04/08/2016 21:45:51 | Exec SP_Supera_KM_IVA_segunMonto_2_0 @tpCategoriaIVA_param = 'CF' ,@vlKilometros_param = 0 ,@vlMonto_param = 978 
04/08/2016 21:45:51 | Exec sp_obtenerComision_v4_7 @tpComprobante_param = 'FA' ,@vlTotalGeneral_param = 978 ,@tpComision_param = 'A Clientes' ,@tpCliente_param = 'A Clientes' ,@dsCodigoDestinos_param = '''Viaje'',null,450' 
04/08/2016 21:45:51 | Exec sp_obtenerComision_v4_7 @tpComprobante_param = 'FA' ,@vlTotalGeneral_param = 978 ,@tpComision_param = 'A Clientes' ,@tpCliente_param = 'A Clientes' ,@dsCodigoDestinos_param = '''Viaje'',null,450' 
04/08/2016 21:45:54 | Exec sco_DiccionariodeDatos @nmtabla_param='TB_Proveedores'
04/08/2016 21:45:54 |  SELECT TB_Proveedores.nmNombre ,TB_Proveedores.nmApellido  FROM TB_Proveedores  WHERE TB_Proveedores.tpCategoria = 'Licenciatario'  AND  TB_Proveedores.nrLicencia = 12  AND  TB_Proveedores.flEliminar = 0  
04/08/2016 21:46:03 |  SELECT tb_parametros.dsParametro ,tb_parametros.vlParametro ,tb_parametros.tpParametro ,tb_parametros.flEditable ,tb_parametros.nrTamanio ,tb_parametros.dtActualizacion  FROM tb_parametros  WHERE tb_parametros.dsParametro = 'CALCULA_IVA_LIC_990'  
04/08/2016 21:46:11 | Exec SP_Supera_KM_IVA_segunMonto_2_0 @tpCategoriaIVA_param = 'CF' ,@vlKilometros_param = 0 ,@vlMonto_param = 978 
04/08/2016 21:46:11 | Exec sp_obtenerComision_v4_7 @tpComprobante_param = 'FA' ,@vlTotalGeneral_param = 978 ,@tpComision_param = 'A Clientes' ,@tpCliente_param = 'A Clientes' ,@dsCodigoDestinos_param = '''Viaje'',null,450' 
04/08/2016 21:46:11 | Exec sp_obtenerComision_v4_7 @tpComprobante_param = 'FA' ,@vlTotalGeneral_param = 978 ,@tpComision_param = 'A Clientes' ,@tpCliente_param = 'A Clientes' ,@dsCodigoDestinos_param = '''Viaje'',null,450' 
04/08/2016 21:46:11 |  SELECT tb_parametros.dsParametro ,tb_parametros.vlParametro ,tb_parametros.tpParametro ,tb_parametros.flEditable ,tb_parametros.nrTamanio ,tb_parametros.dtActualizacion  FROM tb_parametros  WHERE tb_parametros.dsParametro = 'MONTO_EXIGE_CUIT_CUIL'  
04/08/2016 21:46:11 |  SELECT TB_Cajas.nrCaja  FROM TB_Cajas  WHERE TB_Cajas.nrCaja = 1000010107  AND  TB_Cajas.flEstado = 0  
04/08/2016 21:46:13 | Exec sco_DiccionariodeDatos @nmtabla_param='sp_eliminarFisicamenteunComprobanteEliminadoLogicamente_v2_5'
04/08/2016 21:46:13 | Exec sp_eliminarFisicamenteunComprobanteEliminadoLogicamente_v2_5 @nrTalonario_param = '0006' ,@nrComprobante_param = '00633560' ,@tpComprobante_param = 'FA' ,@tpLetra_param = 'B' 
04/08/2016 21:46:13 | Exec spu_obtener_puntosdeventa_facturacion_v4_7 @nrPuesto_param = 1 ,@tipo_iva = 'CF' ,@auto_impresor = 'S' ,@tpFormadePago = null ,@tpComprobante = 'FA' 
04/08/2016 21:46:13 |  INSERT TB_Comprobantes (nrComprobante ,nrTalonario ,vlPagoReales ,nrDoc ,tpLetra ,cdCliente ,dsRazonSocial ,vlTotalGeneral ,dsLeyenda ,vlPagoEuros ,nmEmpleado ,nrPuesto ,nrCaja ,nrLicencia ,nrBultos ,nrPasajeros ,tpComprobante ,vlPagoDolares ,vlPagoPesos ,nmLicenciatario ,dtComprobante ,dsEmail ,vlSubtotal ,vlIVA ,cdCondVenta ,tpComision ,tpIVA ,dsOpcional3 ,cdCodBar ,dtCaja ,dtInsercion ,dsOpcional1 ,nrCAI ,dtVencimiento ,vlDiaDolar ,vlDiaEuro ,vlDiaReal ,dsOpcional2 ,dsUsuario ,flSincronizado ,flManual ,nrTarjeta ,tpDocTarjeta ,nrDocTarjeta )  VALUES ('00633560' ,'0006' ,0.00 ,null ,'B' ,1 ,'Consumidor Final' ,978.00 ,null ,0.00 ,'BARBARA FAZZALARI' ,1 ,1000010107 ,12 ,4 ,null ,'FA' ,0.00 ,0.00 ,'ABEGAO CARLOS' ,'04/08/2016' ,null ,978.00 ,0.00 ,'Tarjeta de Crédito' ,'A Clientes' ,'CF' ,'307082499190100063506310668186314012017' ,'000600633560012' ,'04/08/2016 9:46:13' ,'04/08/2016 9:46:13' ,'21:46' ,'35063106681863' ,'14/01/2017' ,9.1 ,10 ,3.21 ,'CENTRO - CAPITAL FEDERAL CON PEAJES  (1 DESTINO) ' ,'BFAZZALARI' ,0 ,'N' ,'0' ,'DNI' ,'0' )
04/08/2016 21:46:13 | Exec sco_DiccionariodeDatos @nmtabla_param='DiccionariodeDatos'
04/08/2016 21:46:13 |  UPDATE DiccionariodeDatos SET DiccionariodeDatos.vlPuesto1  = '633560'   WHERE DiccionariodeDatos.nmTabla = 'TB_Comprobantes'  AND  DiccionariodeDatos.nmCampo = 'nrComprobante'  
04/08/2016 21:46:13 | Exec sco_DiccionariodeDatos @nmtabla_param='TB_ComprobantesDetalle'
04/08/2016 21:46:13 |  INSERT TB_ComprobantesDetalle (nrTalonario ,nrComprobante ,tpComprobante ,tpLetra ,nrItem ,cdProducto ,dsProducto ,tpOperacion ,vlPorcentaje ,vlPrecioPeaje ,vlKilometros ,vlPrecioViaje ,vlPrecioTC ,vlPrecioTD ,vlRecargoTC ,vlRecargoTD ,dtInsercion ,flSincronizado ,nrCaja ,nrPuesto )  VALUES ('0006' ,'00633560' ,'FA' ,'B' ,1 ,90001 ,'CENTRO - CAPITAL FEDERAL CON PEAJES  (1 DESTINO) ' ,'Viaje' ,0 ,0 ,null ,450 ,'489' ,'489' ,'39' ,'39' ,'04/08/2016' ,0 ,1000010107 ,1 )
04/08/2016 21:46:13 | Exec sp_obtenerComision_v4_7 @tpComprobante_param = 'FA' ,@vlTotalGeneral_param = 978 ,@tpComision_param = 'A Clientes' ,@tpCliente_param = 'A Clientes' ,@dsCodigoDestinos_param = '''Viaje'',null,450' 
04/08/2016 21:46:13 | Exec sco_DiccionariodeDatos @nmtabla_param='TB_Cupones'
04/08/2016 21:46:13 | Exec SP_ObtenerMaxnrCupon_v2_7 
04/08/2016 21:46:13 |  INSERT TB_Cupones (nrTalonarioCliente ,nrComprabanteCliente ,tpComprobanteCliente ,tpLetraCliente ,cdCliente ,nrPuesto ,nrLicencia ,nmLicenciatario ,vlMontoCupon ,vlPagoPesos ,vlPagoDolares ,vlPagoEuros ,vlPagoReales ,nrCantidadBultos ,tpCupon ,dsDestino ,dsHoraViaje ,dsLeyenda ,flCobradoalCliente ,flCompensado ,vlaFavordelLicenciatario ,vlafavorAdmin ,vlComision ,dtCajaCliente ,nrCajaCliente ,dtCupon ,dsUsuario ,nrPasajeros ,flSincronizado ,vlIVA ,vlSubtotal ,cdCodBar ,nrCupon ,nrTarjeta ,tpDocTarjeta ,nrDocTarjeta ,vlRecargoTarjeta )  VALUES ('0006' ,'00633560' ,'FA' ,'B' ,1 ,1 ,12 ,'ABEGAO CARLOS' ,978.00 ,0.00 ,0.00 ,0.00 ,0.00 ,4 ,'Tarjeta de Crédito' ,'CENTRO - CAPITAL FEDERAL CON PEAJES  (1 DESTINO) ' ,'21:46' ,null ,0 ,0 ,942 ,0 ,36 ,'04/08/2016 9:46:13' ,1000010107 ,'04/08/2016 9:46:13' ,'BFAZZALARI' ,null ,0 ,0.00 ,978.00 ,'000600633560012' ,68 ,'0' ,'DNI' ,'0' ,78 )
04/08/2016 21:46:13 |  UPDATE DiccionariodeDatos SET DiccionariodeDatos.vlPuesto1  = '68'   WHERE DiccionariodeDatos.nmTabla = 'TB_Cupones'  AND  DiccionariodeDatos.nmCampo = 'nrCupon'  
04/08/2016 21:46:13 | Exec sco_DiccionariodeDatos @nmtabla_param='spu_actualizar_puntosdeventa_facturacion_v4_7'
04/08/2016 21:46:13 | Exec spu_actualizar_puntosdeventa_facturacion_v4_7 @nrPuesto_param = 1 ,@tipo_iva = 'CF' ,@auto_impresor = 'S' ,@tpFormadePago = null ,@tpComprobante = 'FA' ,@nrComprobante = 633560 
04/08/2016 21:46:13 | Exec sco_DiccionariodeDatos @nmtabla_param='SP_PrepararReimpresiondeComprobante_v4_9'
04/08/2016 21:46:13 | Exec SP_PrepararReimpresiondeComprobante_v4_9 @nrTalonario = '0006' ,@nrComprobante = '00633560' ,@tpComprobante = 'FA' ,@tpLetra = 'B' ,@dsUsuario = 'BFAZZALARI' 
04/08/2016 21:46:55 | Exec sco_DiccionariodeDatos @nmtabla_param='SP_eliminarTablasImpresion_v4_7'
04/08/2016 21:46:55 | Exec SP_eliminarTablasImpresion_v4_7 @dsUsuario = 'BFAZZALARI' 
04/08/2016 21:46:55 | Exec sp_obtenerComision_v4_7 @tpComprobante_param = null ,@vlTotalGeneral_param = 0 ,@tpComision_param = 'A Clientes' ,@tpCliente_param = 'A Clientes' ,@dsCodigoDestinos_param = null 
04/08/2016 21:46:55 | Exec spu_obtener_puntosdeventa_facturacion_v4_7 @nrPuesto_param = 1 ,@tipo_iva = 'CF' ,@auto_impresor = 'S' ,@tpFormadePago = null ,@tpComprobante = 'FA' 
04/08/2016 21:46:56 | Exec spu_obtener_puntosdeventa_facturacion_v4_7 @nrPuesto_param = 1 ,@tipo_iva = 'CF' ,@auto_impresor = 'S' ,@tpFormadePago = null ,@tpComprobante = 'FA' 
04/08/2016 21:46:56 | Exec sp_obtenerComision_v4_7 @tpComprobante_param = 'FA' ,@vlTotalGeneral_param = 0 ,@tpComision_param = 'A Clientes' ,@tpCliente_param = 'A Clientes' ,@dsCodigoDestinos_param = null 
04/08/2016 21:46:56 | Exec sp_obtenerComision_v4_7 @tpComprobante_param = 'FA' ,@vlTotalGeneral_param = 0 ,@tpComision_param = 'A Clientes' ,@tpCliente_param = 'A Clientes' ,@dsCodigoDestinos_param = null 
04/08/2016 21:46:56 | Exec sp_obtenerComision_v4_7 @tpComprobante_param = 'FA' ,@vlTotalGeneral_param = 0 ,@tpComision_param = 'A Clientes' ,@tpCliente_param = 'A Clientes' ,@dsCodigoDestinos_param = null 
04/08/2016 21:47:05 | Exec SP_Supera_KM_IVA_segunMonto_2_0 @tpCategoriaIVA_param = 'CF' ,@vlKilometros_param = 0 ,@vlMonto_param = 900 
04/08/2016 21:47:05 | Exec sp_obtenerComision_v4_7 @tpComprobante_param = 'FA' ,@vlTotalGeneral_param = 900 ,@tpComision_param = 'A Clientes' ,@tpCliente_param = 'A Clientes' ,@dsCodigoDestinos_param = '''Viaje'',null,450' 
04/08/2016 21:47:05 | Exec sp_obtenerComision_v4_7 @tpComprobante_param = 'FA' ,@vlTotalGeneral_param = 900 ,@tpComision_param = 'A Clientes' ,@tpCliente_param = 'A Clientes' ,@dsCodigoDestinos_param = '''Viaje'',null,450' 
04/08/2016 21:47:05 | Exec sp_obtenerComision_v4_7 @tpComprobante_param = 'FA' ,@vlTotalGeneral_param = 900 ,@tpComision_param = 'A Clientes' ,@tpCliente_param = 'A Clientes' ,@dsCodigoDestinos_param = '''Viaje'',null,450' 
04/08/2016 21:47:05 | Exec SP_Supera_KM_IVA_segunMonto_2_0 @tpCategoriaIVA_param = 'CF' ,@vlKilometros_param = 0 ,@vlMonto_param = 900 
04/08/2016 21:47:05 | Exec sp_obtenerComision_v4_7 @tpComprobante_param = 'FA' ,@vlTotalGeneral_param = 900 ,@tpComision_param = 'A Clientes' ,@tpCliente_param = 'A Clientes' ,@dsCodigoDestinos_param = '''Viaje'',null,450' 
04/08/2016 21:47:05 | Exec SP_Supera_KM_IVA_segunMonto_2_0 @tpCategoriaIVA_param = 'CF' ,@vlKilometros_param = 0 ,@vlMonto_param = 900 
04/08/2016 21:47:05 | Exec sp_obtenerComision_v4_7 @tpComprobante_param = 'FA' ,@vlTotalGeneral_param = 900 ,@tpComision_param = 'A Clientes' ,@tpCliente_param = 'A Clientes' ,@dsCodigoDestinos_param = '''Viaje'',null,450' 
04/08/2016 21:47:05 | Exec sp_obtenerComision_v4_7 @tpComprobante_param = 'FA' ,@vlTotalGeneral_param = 900 ,@tpComision_param = 'A Clientes' ,@tpCliente_param = 'A Clientes' ,@dsCodigoDestinos_param = '''Viaje'',null,450' 
04/08/2016 21:47:05 | Exec sp_obtenerComision_v4_7 @tpComprobante_param = 'FA' ,@vlTotalGeneral_param = 900 ,@tpComision_param = 'A Clientes' ,@tpCliente_param = 'A Clientes' ,@dsCodigoDestinos_param = '''Viaje'',null,450' 
04/08/2016 21:47:08 |  SELECT TB_Proveedores.nmNombre ,TB_Proveedores.nmApellido  FROM TB_Proveedores  WHERE TB_Proveedores.tpCategoria = 'Licenciatario'  AND  TB_Proveedores.nrLicencia = 23  AND  TB_Proveedores.flEliminar = 0  
04/08/2016 21:47:09 |  SELECT tb_parametros.dsParametro ,tb_parametros.vlParametro ,tb_parametros.tpParametro ,tb_parametros.flEditable ,tb_parametros.nrTamanio ,tb_parametros.dtActualizacion  FROM tb_parametros  WHERE tb_parametros.dsParametro = 'CALCULA_IVA_LIC_990'  
04/08/2016 21:47:09 | Exec SP_Supera_KM_IVA_segunMonto_2_0 @tpCategoriaIVA_param = 'CF' ,@vlKilometros_param = 0 ,@vlMonto_param = 900 
04/08/2016 21:47:09 | Exec sp_obtenerComision_v4_7 @tpComprobante_param = 'FA' ,@vlTotalGeneral_param = 900 ,@tpComision_param = 'A Clientes' ,@tpCliente_param = 'A Clientes' ,@dsCodigoDestinos_param = '''Viaje'',null,450' 
04/08/2016 21:47:09 | Exec sp_obtenerComision_v4_7 @tpComprobante_param = 'FA' ,@vlTotalGeneral_param = 900 ,@tpComision_param = 'A Clientes' ,@tpCliente_param = 'A Clientes' ,@dsCodigoDestinos_param = '''Viaje'',null,450' 
04/08/2016 21:47:09 |  SELECT tb_parametros.dsParametro ,tb_parametros.vlParametro ,tb_parametros.tpParametro ,tb_parametros.flEditable ,tb_parametros.nrTamanio ,tb_parametros.dtActualizacion  FROM tb_parametros  WHERE tb_parametros.dsParametro = 'MONTO_EXIGE_CUIT_CUIL'  
04/08/2016 21:47:09 |  SELECT TB_Cajas.nrCaja  FROM TB_Cajas  WHERE TB_Cajas.nrCaja = 1000010107  AND  TB_Cajas.flEstado = 0  
04/08/2016 21:47:12 | Exec sp_eliminarFisicamenteunComprobanteEliminadoLogicamente_v2_5 @nrTalonario_param = '0006' ,@nrComprobante_param = '00633561' ,@tpComprobante_param = 'FA' ,@tpLetra_param = 'B' 
04/08/2016 21:47:12 | Exec spu_obtener_puntosdeventa_facturacion_v4_7 @nrPuesto_param = 1 ,@tipo_iva = 'CF' ,@auto_impresor = 'S' ,@tpFormadePago = null ,@tpComprobante = 'FA' 
04/08/2016 21:47:12 |  INSERT TB_Comprobantes (nrComprobante ,nrTalonario ,vlPagoReales ,nrDoc ,tpLetra ,cdCliente ,dsRazonSocial ,vlTotalGeneral ,dsLeyenda ,vlPagoEuros ,nmEmpleado ,nrPuesto ,nrCaja ,nrLicencia ,nrBultos ,nrPasajeros ,tpComprobante ,vlPagoDolares ,vlPagoPesos ,nmLicenciatario ,dtComprobante ,dsEmail ,vlSubtotal ,vlIVA ,cdCondVenta ,tpComision ,tpIVA ,dsOpcional3 ,cdCodBar ,dtCaja ,dtInsercion ,dsOpcional1 ,nrCAI ,dtVencimiento ,vlDiaDolar ,vlDiaEuro ,vlDiaReal ,dsOpcional2 ,dsUsuario ,flSincronizado ,flManual ,nrTarjeta ,tpDocTarjeta ,nrDocTarjeta )  VALUES ('00633561' ,'0006' ,0.00 ,null ,'B' ,1 ,'Consumidor Final' ,900.00 ,null ,0.00 ,'BARBARA FAZZALARI' ,1 ,1000010107 ,23 ,null ,null ,'FA' ,0.00 ,900.00 ,'MILIANTI OMAR' ,'04/08/2016' ,null ,900.00 ,0.00 ,'Contado' ,'A Clientes' ,'CF' ,'307082499190100063506310668186314012017' ,'000600633561023' ,'04/08/2016 9:47:12' ,'04/08/2016 9:47:12' ,'21:47' ,'35063106681863' ,'14/01/2017' ,9.1 ,10 ,3.21 ,'CENTRO - CAPITAL FEDERAL CON PEAJES  (1 DESTINO) ' ,'BFAZZALARI' ,0 ,'N' ,null ,null ,null )
04/08/2016 21:47:12 |  UPDATE DiccionariodeDatos SET DiccionariodeDatos.vlPuesto1  = '633561'   WHERE DiccionariodeDatos.nmTabla = 'TB_Comprobantes'  AND  DiccionariodeDatos.nmCampo = 'nrComprobante'  
04/08/2016 21:47:12 |  INSERT TB_ComprobantesDetalle (nrTalonario ,nrComprobante ,tpComprobante ,tpLetra ,nrItem ,cdProducto ,dsProducto ,tpOperacion ,vlPorcentaje ,vlPrecioPeaje ,vlKilometros ,vlPrecioViaje ,vlPrecioTC ,vlPrecioTD ,vlRecargoTC ,vlRecargoTD ,dtInsercion ,flSincronizado ,nrCaja ,nrPuesto )  VALUES ('0006' ,'00633561' ,'FA' ,'B' ,1 ,90001 ,'CENTRO - CAPITAL FEDERAL CON PEAJES  (1 DESTINO) ' ,'Viaje' ,0 ,0 ,null ,450 ,'489' ,'489' ,'39' ,'39' ,'04/08/2016' ,0 ,1000010107 ,1 )
04/08/2016 21:47:12 | Exec sp_obtenerComision_v4_7 @tpComprobante_param = 'FA' ,@vlTotalGeneral_param = 900 ,@tpComision_param = 'A Clientes' ,@tpCliente_param = 'A Clientes' ,@dsCodigoDestinos_param = '''Viaje'',null,450' 
04/08/2016 21:47:12 | Exec SP_ObtenerMaxnrCupon_v2_7 
04/08/2016 21:47:12 |  INSERT TB_Cupones (nrTalonarioCliente ,nrComprabanteCliente ,tpComprobanteCliente ,tpLetraCliente ,cdCliente ,nrPuesto ,nrLicencia ,nmLicenciatario ,vlMontoCupon ,vlPagoPesos ,vlPagoDolares ,vlPagoEuros ,vlPagoReales ,nrCantidadBultos ,tpCupon ,dsDestino ,dsHoraViaje ,dsLeyenda ,flCobradoalCliente ,dtCobradoalCliente ,flCompensado ,vlaFavordelLicenciatario ,vlafavorAdmin ,vlComision ,dtCajaCliente ,nrCajaCliente ,dtCupon ,dsUsuario ,nrPasajeros ,flSincronizado ,vlIVA ,vlSubtotal ,cdCodBar ,nrCupon ,nrTarjeta ,tpDocTarjeta ,nrDocTarjeta ,vlRecargoTarjeta )  VALUES ('0006' ,'00633561' ,'FA' ,'B' ,1 ,1 ,23 ,'MILIANTI OMAR' ,900.00 ,900.00 ,0.00 ,0.00 ,0.00 ,null ,'Contado' ,'CENTRO - CAPITAL FEDERAL CON PEAJES  (1 DESTINO) ' ,'21:47' ,null ,1 ,'04/08/2016 9:47:12' ,0 ,864 ,0 ,36 ,'04/08/2016 9:47:12' ,1000010107 ,'04/08/2016 9:47:12' ,'BFAZZALARI' ,null ,0 ,0.00 ,900.00 ,'000600633561023' ,69 ,null ,null ,null ,0 )
04/08/2016 21:47:12 |  UPDATE DiccionariodeDatos SET DiccionariodeDatos.vlPuesto1  = '69'   WHERE DiccionariodeDatos.nmTabla = 'TB_Cupones'  AND  DiccionariodeDatos.nmCampo = 'nrCupon'  
04/08/2016 21:47:12 |  SELECT TB_Cajas.vlSaldoFinalPesos ,TB_Cajas.vlSaldoFinalDolares ,TB_Cajas.vlSaldoFinalEuros ,TB_Cajas.vlSaldoFinalReales  FROM TB_Cajas  WHERE TB_Cajas.nrCaja = 1000010107  
04/08/2016 21:47:12 |  UPDATE TB_Cajas SET TB_Cajas.vlSaldoFinalPesos  = 1900 ,TB_Cajas.vlSaldoFinalDolares  = 100 ,TB_Cajas.vlSaldoFinalReales  = 0 ,TB_Cajas.vlSaldoFinalEuros  = 50   WHERE TB_Cajas.nrCaja = 1000010107  
04/08/2016 21:47:12 | Exec spu_actualizar_puntosdeventa_facturacion_v4_7 @nrPuesto_param = 1 ,@tipo_iva = 'CF' ,@auto_impresor = 'S' ,@tpFormadePago = null ,@tpComprobante = 'FA' ,@nrComprobante = 633561 
04/08/2016 21:47:12 | Exec SP_PrepararReimpresiondeComprobante_v4_9 @nrTalonario = '0006' ,@nrComprobante = '00633561' ,@tpComprobante = 'FA' ,@tpLetra = 'B' ,@dsUsuario = 'BFAZZALARI' 
04/08/2016 21:47:27 | Exec SP_eliminarTablasImpresion_v4_7 @dsUsuario = 'BFAZZALARI' 
04/08/2016 21:47:27 | Exec spu_obtener_puntosdeventa_facturacion_v4_7 @nrPuesto_param = 1 ,@tipo_iva = 'CF' ,@auto_impresor = 'S' ,@tpFormadePago = null ,@tpComprobante = 'FA' 
04/08/2016 21:47:28 | Exec spu_obtener_puntosdeventa_facturacion_v4_7 @nrPuesto_param = 1 ,@tipo_iva = 'CF' ,@auto_impresor = 'S' ,@tpFormadePago = null ,@tpComprobante = 'FA' 
04/08/2016 21:47:28 | Exec sp_obtenerComision_v4_7 @tpComprobante_param = 'FA' ,@vlTotalGeneral_param = 0 ,@tpComision_param = 'A Clientes' ,@tpCliente_param = 'A Clientes' ,@dsCodigoDestinos_param = null 
04/08/2016 21:47:28 | Exec sp_obtenerComision_v4_7 @tpComprobante_param = 'FA' ,@vlTotalGeneral_param = 0 ,@tpComision_param = 'A Clientes' ,@tpCliente_param = 'A Clientes' ,@dsCodigoDestinos_param = null 
04/08/2016 21:47:28 | Exec sp_obtenerComision_v4_7 @tpComprobante_param = 'FA' ,@vlTotalGeneral_param = 0 ,@tpComision_param = 'A Clientes' ,@tpCliente_param = 'A Clientes' ,@dsCodigoDestinos_param = null 
04/08/2016 21:47:49 | Exec SP_Supera_KM_IVA_segunMonto_2_0 @tpCategoriaIVA_param = 'CF' ,@vlKilometros_param = 189 ,@vlMonto_param = 4574 
04/08/2016 21:47:49 | Exec SP_Supera_KM_IVA_segunMonto_2_0 @tpCategoriaIVA_param = 'CF' ,@vlKilometros_param = 189 ,@vlMonto_param = 4574 
04/08/2016 21:47:49 | Exec sco_DiccionariodeDatos @nmtabla_param='SP_obtenerAlicuotaIVA'
04/08/2016 21:47:49 | Exec SP_obtenerAlicuotaIVA @tpCategoriaIVA_param = 'CF' 
04/08/2016 21:47:49 | Exec sco_DiccionariodeDatos @nmtabla_param='SP_CalcularIVA'
04/08/2016 21:47:49 | Exec SP_CalcularIVA @tpCategoriaIVA_param = 'CF' ,@vlMonto_param = 4574 ,@vlAlicuota_param = 21 ,@precio_menos_iva_param = 1 
04/08/2016 21:47:49 | Exec SP_obtenerAlicuotaIVA @tpCategoriaIVA_param = 'CF' 
04/08/2016 21:47:49 | Exec sco_DiccionariodeDatos @nmtabla_param='SP_CalcularSubtotalIVA'
04/08/2016 21:47:49 | Exec SP_CalcularSubtotalIVA @tpCategoriaIVA_param = 'CF' ,@vlMonto_param = 4574 ,@vlAlicuota_param = 21 
04/08/2016 21:47:49 | Exec sp_obtenerComision_v4_7 @tpComprobante_param = 'FA' ,@vlTotalGeneral_param = 4574 ,@tpComision_param = 'A Clientes' ,@tpCliente_param = 'A Clientes' ,@dsCodigoDestinos_param = '''Viaje'',null,2287' 
04/08/2016 21:47:49 | Exec sp_obtenerComision_v4_7 @tpComprobante_param = 'FA' ,@vlTotalGeneral_param = 4574 ,@tpComision_param = 'A Clientes' ,@tpCliente_param = 'A Clientes' ,@dsCodigoDestinos_param = '''Viaje'',null,2287' 
04/08/2016 21:47:49 | Exec sp_obtenerComision_v4_7 @tpComprobante_param = 'FA' ,@vlTotalGeneral_param = 4574 ,@tpComision_param = 'A Clientes' ,@tpCliente_param = 'A Clientes' ,@dsCodigoDestinos_param = '''Viaje'',null,2287' 
04/08/2016 21:47:49 | Exec SP_Supera_KM_IVA_segunMonto_2_0 @tpCategoriaIVA_param = 'CF' ,@vlKilometros_param = 189 ,@vlMonto_param = 4574 
04/08/2016 21:47:49 | Exec SP_Supera_KM_IVA_segunMonto_2_0 @tpCategoriaIVA_param = 'CF' ,@vlKilometros_param = 189 ,@vlMonto_param = 4574 
04/08/2016 21:47:49 | Exec SP_obtenerAlicuotaIVA @tpCategoriaIVA_param = 'CF' 
04/08/2016 21:47:49 | Exec SP_CalcularIVA @tpCategoriaIVA_param = 'CF' ,@vlMonto_param = 4574 ,@vlAlicuota_param = 21 ,@precio_menos_iva_param = 1 
04/08/2016 21:47:49 | Exec SP_obtenerAlicuotaIVA @tpCategoriaIVA_param = 'CF' 
04/08/2016 21:47:49 | Exec SP_CalcularSubtotalIVA @tpCategoriaIVA_param = 'CF' ,@vlMonto_param = 4574 ,@vlAlicuota_param = 21 
04/08/2016 21:47:49 | Exec sp_obtenerComision_v4_7 @tpComprobante_param = 'FA' ,@vlTotalGeneral_param = 4574 ,@tpComision_param = 'A Clientes' ,@tpCliente_param = 'A Clientes' ,@dsCodigoDestinos_param = '''Viaje'',null,2287' 
04/08/2016 21:47:49 | Exec SP_Supera_KM_IVA_segunMonto_2_0 @tpCategoriaIVA_param = 'CF' ,@vlKilometros_param = 189 ,@vlMonto_param = 4574 
04/08/2016 21:47:49 | Exec SP_Supera_KM_IVA_segunMonto_2_0 @tpCategoriaIVA_param = 'CF' ,@vlKilometros_param = 189 ,@vlMonto_param = 4574 
04/08/2016 21:47:49 | Exec SP_obtenerAlicuotaIVA @tpCategoriaIVA_param = 'CF' 
04/08/2016 21:47:49 | Exec SP_CalcularIVA @tpCategoriaIVA_param = 'CF' ,@vlMonto_param = 4574 ,@vlAlicuota_param = 21 ,@precio_menos_iva_param = 1 
04/08/2016 21:47:49 | Exec SP_obtenerAlicuotaIVA @tpCategoriaIVA_param = 'CF' 
04/08/2016 21:47:49 | Exec SP_CalcularSubtotalIVA @tpCategoriaIVA_param = 'CF' ,@vlMonto_param = 4574 ,@vlAlicuota_param = 21 
04/08/2016 21:47:49 | Exec sp_obtenerComision_v4_7 @tpComprobante_param = 'FA' ,@vlTotalGeneral_param = 4574 ,@tpComision_param = 'A Clientes' ,@tpCliente_param = 'A Clientes' ,@dsCodigoDestinos_param = '''Viaje'',null,2287' 
04/08/2016 21:47:49 | Exec sp_obtenerComision_v4_7 @tpComprobante_param = 'FA' ,@vlTotalGeneral_param = 4574 ,@tpComision_param = 'A Clientes' ,@tpCliente_param = 'A Clientes' ,@dsCodigoDestinos_param = '''Viaje'',null,2287' 
04/08/2016 21:47:49 | Exec sp_obtenerComision_v4_7 @tpComprobante_param = 'FA' ,@vlTotalGeneral_param = 4574 ,@tpComision_param = 'A Clientes' ,@tpCliente_param = 'A Clientes' ,@dsCodigoDestinos_param = '''Viaje'',null,2287' 
04/08/2016 21:47:54 | Exec SP_Supera_KM_IVA_segunMonto_2_0 @tpCategoriaIVA_param = 'CF' ,@vlKilometros_param = 189 ,@vlMonto_param = 4972 
04/08/2016 21:47:54 | Exec SP_Supera_KM_IVA_segunMonto_2_0 @tpCategoriaIVA_param = 'CF' ,@vlKilometros_param = 189 ,@vlMonto_param = 4972 
04/08/2016 21:47:54 | Exec SP_obtenerAlicuotaIVA @tpCategoriaIVA_param = 'CF' 
04/08/2016 21:47:54 | Exec SP_CalcularIVA @tpCategoriaIVA_param = 'CF' ,@vlMonto_param = 4972 ,@vlAlicuota_param = 21 ,@precio_menos_iva_param = 1 
04/08/2016 21:47:54 | Exec SP_obtenerAlicuotaIVA @tpCategoriaIVA_param = 'CF' 
04/08/2016 21:47:54 | Exec SP_CalcularSubtotalIVA @tpCategoriaIVA_param = 'CF' ,@vlMonto_param = 4972 ,@vlAlicuota_param = 21 
04/08/2016 21:47:54 | Exec sp_obtenerComision_v4_7 @tpComprobante_param = 'FA' ,@vlTotalGeneral_param = 4972 ,@tpComision_param = 'A Clientes' ,@tpCliente_param = 'A Clientes' ,@dsCodigoDestinos_param = '''Viaje'',null,2287' 
04/08/2016 21:47:54 | Exec sp_obtenerComision_v4_7 @tpComprobante_param = 'FA' ,@vlTotalGeneral_param = 4972 ,@tpComision_param = 'A Clientes' ,@tpCliente_param = 'A Clientes' ,@dsCodigoDestinos_param = '''Viaje'',null,2287' 
04/08/2016 21:48:27 | Exec SP_Supera_KM_IVA_segunMonto_2_0 @tpCategoriaIVA_param = 'CF' ,@vlKilometros_param = 189 ,@vlMonto_param = 4968 
04/08/2016 21:48:27 | Exec SP_Supera_KM_IVA_segunMonto_2_0 @tpCategoriaIVA_param = 'CF' ,@vlKilometros_param = 189 ,@vlMonto_param = 4968 
04/08/2016 21:48:27 | Exec SP_obtenerAlicuotaIVA @tpCategoriaIVA_param = 'CF' 
04/08/2016 21:48:27 | Exec SP_CalcularIVA @tpCategoriaIVA_param = 'CF' ,@vlMonto_param = 4968 ,@vlAlicuota_param = 21 ,@precio_menos_iva_param = 1 
04/08/2016 21:48:27 | Exec SP_obtenerAlicuotaIVA @tpCategoriaIVA_param = 'CF' 
04/08/2016 21:48:27 | Exec SP_CalcularSubtotalIVA @tpCategoriaIVA_param = 'CF' ,@vlMonto_param = 4968 ,@vlAlicuota_param = 21 
04/08/2016 21:48:27 | Exec sp_obtenerComision_v4_7 @tpComprobante_param = 'FA' ,@vlTotalGeneral_param = 4968 ,@tpComision_param = 'A Clientes' ,@tpCliente_param = 'A Clientes' ,@dsCodigoDestinos_param = '''Viaje'',null,2287' 
04/08/2016 21:48:27 | Exec sp_obtenerComision_v4_7 @tpComprobante_param = 'FA' ,@vlTotalGeneral_param = 4968 ,@tpComision_param = 'A Clientes' ,@tpCliente_param = 'A Clientes' ,@dsCodigoDestinos_param = '''Viaje'',null,2287' 
04/08/2016 21:48:29 | Exec SP_Supera_KM_IVA_segunMonto_2_0 @tpCategoriaIVA_param = 'CF' ,@vlKilometros_param = 189 ,@vlMonto_param = 4574 
04/08/2016 21:48:29 | Exec SP_Supera_KM_IVA_segunMonto_2_0 @tpCategoriaIVA_param = 'CF' ,@vlKilometros_param = 189 ,@vlMonto_param = 4574 
04/08/2016 21:48:29 | Exec SP_obtenerAlicuotaIVA @tpCategoriaIVA_param = 'CF' 
04/08/2016 21:48:29 | Exec SP_CalcularIVA @tpCategoriaIVA_param = 'CF' ,@vlMonto_param = 4574 ,@vlAlicuota_param = 21 ,@precio_menos_iva_param = 1 
04/08/2016 21:48:29 | Exec SP_obtenerAlicuotaIVA @tpCategoriaIVA_param = 'CF' 
04/08/2016 21:48:29 | Exec SP_CalcularSubtotalIVA @tpCategoriaIVA_param = 'CF' ,@vlMonto_param = 4574 ,@vlAlicuota_param = 21 
04/08/2016 21:48:29 | Exec sp_obtenerComision_v4_7 @tpComprobante_param = 'FA' ,@vlTotalGeneral_param = 4574 ,@tpComision_param = 'A Clientes' ,@tpCliente_param = 'A Clientes' ,@dsCodigoDestinos_param = '''Viaje'',null,2287' 
04/08/2016 21:48:29 | Exec sp_obtenerComision_v4_7 @tpComprobante_param = 'FA' ,@vlTotalGeneral_param = 4574 ,@tpComision_param = 'A Clientes' ,@tpCliente_param = 'A Clientes' ,@dsCodigoDestinos_param = '''Viaje'',null,2287' 
04/08/2016 21:48:30 | Exec SP_Supera_KM_IVA_segunMonto_2_0 @tpCategoriaIVA_param = 'CF' ,@vlKilometros_param = 189 ,@vlMonto_param = 4968 
04/08/2016 21:48:30 | Exec SP_Supera_KM_IVA_segunMonto_2_0 @tpCategoriaIVA_param = 'CF' ,@vlKilometros_param = 189 ,@vlMonto_param = 4968 
04/08/2016 21:48:30 | Exec SP_obtenerAlicuotaIVA @tpCategoriaIVA_param = 'CF' 
04/08/2016 21:48:30 | Exec SP_CalcularIVA @tpCategoriaIVA_param = 'CF' ,@vlMonto_param = 4968 ,@vlAlicuota_param = 21 ,@precio_menos_iva_param = 1 
04/08/2016 21:48:30 | Exec SP_obtenerAlicuotaIVA @tpCategoriaIVA_param = 'CF' 
04/08/2016 21:48:30 | Exec SP_CalcularSubtotalIVA @tpCategoriaIVA_param = 'CF' ,@vlMonto_param = 4968 ,@vlAlicuota_param = 21 
04/08/2016 21:48:30 | Exec sp_obtenerComision_v4_7 @tpComprobante_param = 'FA' ,@vlTotalGeneral_param = 4968 ,@tpComision_param = 'A Clientes' ,@tpCliente_param = 'A Clientes' ,@dsCodigoDestinos_param = '''Viaje'',null,2287' 
04/08/2016 21:48:30 | Exec sp_obtenerComision_v4_7 @tpComprobante_param = 'FA' ,@vlTotalGeneral_param = 4968 ,@tpComision_param = 'A Clientes' ,@tpCliente_param = 'A Clientes' ,@dsCodigoDestinos_param = '''Viaje'',null,2287' 
04/08/2016 21:48:43 | Exec SP_Supera_KM_IVA_segunMonto_2_0 @tpCategoriaIVA_param = 'CF' ,@vlKilometros_param = 189 ,@vlMonto_param = 4574 
04/08/2016 21:48:43 | Exec SP_Supera_KM_IVA_segunMonto_2_0 @tpCategoriaIVA_param = 'CF' ,@vlKilometros_param = 189 ,@vlMonto_param = 4574 
04/08/2016 21:48:43 | Exec SP_obtenerAlicuotaIVA @tpCategoriaIVA_param = 'CF' 
04/08/2016 21:48:43 | Exec SP_CalcularIVA @tpCategoriaIVA_param = 'CF' ,@vlMonto_param = 4574 ,@vlAlicuota_param = 21 ,@precio_menos_iva_param = 1 
04/08/2016 21:48:43 | Exec SP_obtenerAlicuotaIVA @tpCategoriaIVA_param = 'CF' 
04/08/2016 21:48:43 | Exec SP_CalcularSubtotalIVA @tpCategoriaIVA_param = 'CF' ,@vlMonto_param = 4574 ,@vlAlicuota_param = 21 
04/08/2016 21:48:43 | Exec sp_obtenerComision_v4_7 @tpComprobante_param = 'FA' ,@vlTotalGeneral_param = 4574 ,@tpComision_param = 'A Clientes' ,@tpCliente_param = 'A Clientes' ,@dsCodigoDestinos_param = '''Viaje'',null,2287' 
04/08/2016 21:48:43 | Exec sp_obtenerComision_v4_7 @tpComprobante_param = 'FA' ,@vlTotalGeneral_param = 4574 ,@tpComision_param = 'A Clientes' ,@tpCliente_param = 'A Clientes' ,@dsCodigoDestinos_param = '''Viaje'',null,2287' 
04/08/2016 21:48:44 | Exec SP_Supera_KM_IVA_segunMonto_2_0 @tpCategoriaIVA_param = 'CF' ,@vlKilometros_param = 189 ,@vlMonto_param = 4968 
04/08/2016 21:48:44 | Exec SP_Supera_KM_IVA_segunMonto_2_0 @tpCategoriaIVA_param = 'CF' ,@vlKilometros_param = 189 ,@vlMonto_param = 4968 
04/08/2016 21:48:44 | Exec SP_obtenerAlicuotaIVA @tpCategoriaIVA_param = 'CF' 
04/08/2016 21:48:44 | Exec SP_CalcularIVA @tpCategoriaIVA_param = 'CF' ,@vlMonto_param = 4968 ,@vlAlicuota_param = 21 ,@precio_menos_iva_param = 1 
04/08/2016 21:48:44 | Exec SP_obtenerAlicuotaIVA @tpCategoriaIVA_param = 'CF' 
04/08/2016 21:48:44 | Exec SP_CalcularSubtotalIVA @tpCategoriaIVA_param = 'CF' ,@vlMonto_param = 4968 ,@vlAlicuota_param = 21 
04/08/2016 21:48:44 | Exec sp_obtenerComision_v4_7 @tpComprobante_param = 'FA' ,@vlTotalGeneral_param = 4968 ,@tpComision_param = 'A Clientes' ,@tpCliente_param = 'A Clientes' ,@dsCodigoDestinos_param = '''Viaje'',null,2287' 
04/08/2016 21:48:44 | Exec sp_obtenerComision_v4_7 @tpComprobante_param = 'FA' ,@vlTotalGeneral_param = 4968 ,@tpComision_param = 'A Clientes' ,@tpCliente_param = 'A Clientes' ,@dsCodigoDestinos_param = '''Viaje'',null,2287' 
04/08/2016 21:48:44 | Exec SP_Supera_KM_IVA_segunMonto_2_0 @tpCategoriaIVA_param = 'CF' ,@vlKilometros_param = 189 ,@vlMonto_param = 4972 
04/08/2016 21:48:44 | Exec SP_Supera_KM_IVA_segunMonto_2_0 @tpCategoriaIVA_param = 'CF' ,@vlKilometros_param = 189 ,@vlMonto_param = 4972 
04/08/2016 21:48:44 | Exec SP_obtenerAlicuotaIVA @tpCategoriaIVA_param = 'CF' 
04/08/2016 21:48:44 | Exec SP_CalcularIVA @tpCategoriaIVA_param = 'CF' ,@vlMonto_param = 4972 ,@vlAlicuota_param = 21 ,@precio_menos_iva_param = 1 
04/08/2016 21:48:44 | Exec SP_obtenerAlicuotaIVA @tpCategoriaIVA_param = 'CF' 
04/08/2016 21:48:44 | Exec SP_CalcularSubtotalIVA @tpCategoriaIVA_param = 'CF' ,@vlMonto_param = 4972 ,@vlAlicuota_param = 21 
04/08/2016 21:48:44 | Exec sp_obtenerComision_v4_7 @tpComprobante_param = 'FA' ,@vlTotalGeneral_param = 4972 ,@tpComision_param = 'A Clientes' ,@tpCliente_param = 'A Clientes' ,@dsCodigoDestinos_param = '''Viaje'',null,2287' 
04/08/2016 21:48:44 | Exec sp_obtenerComision_v4_7 @tpComprobante_param = 'FA' ,@vlTotalGeneral_param = 4972 ,@tpComision_param = 'A Clientes' ,@tpCliente_param = 'A Clientes' ,@dsCodigoDestinos_param = '''Viaje'',null,2287' 
04/08/2016 21:48:44 | Exec SP_Supera_KM_IVA_segunMonto_2_0 @tpCategoriaIVA_param = 'CF' ,@vlKilometros_param = 189 ,@vlMonto_param = 4574 
04/08/2016 21:48:44 | Exec SP_Supera_KM_IVA_segunMonto_2_0 @tpCategoriaIVA_param = 'CF' ,@vlKilometros_param = 189 ,@vlMonto_param = 4574 
04/08/2016 21:48:45 | Exec SP_obtenerAlicuotaIVA @tpCategoriaIVA_param = 'CF' 
04/08/2016 21:48:45 | Exec SP_CalcularIVA @tpCategoriaIVA_param = 'CF' ,@vlMonto_param = 4574 ,@vlAlicuota_param = 21 ,@precio_menos_iva_param = 1 
04/08/2016 21:48:45 | Exec SP_obtenerAlicuotaIVA @tpCategoriaIVA_param = 'CF' 
04/08/2016 21:48:45 | Exec SP_CalcularSubtotalIVA @tpCategoriaIVA_param = 'CF' ,@vlMonto_param = 4574 ,@vlAlicuota_param = 21 
04/08/2016 21:48:45 | Exec sp_obtenerComision_v4_7 @tpComprobante_param = 'FA' ,@vlTotalGeneral_param = 4574 ,@tpComision_param = 'A Clientes' ,@tpCliente_param = 'A Clientes' ,@dsCodigoDestinos_param = '''Viaje'',null,2287' 
04/08/2016 21:48:45 | Exec sp_obtenerComision_v4_7 @tpComprobante_param = 'FA' ,@vlTotalGeneral_param = 4574 ,@tpComision_param = 'A Clientes' ,@tpCliente_param = 'A Clientes' ,@dsCodigoDestinos_param = '''Viaje'',null,2287' 
04/08/2016 21:48:46 | Exec SP_Supera_KM_IVA_segunMonto_2_0 @tpCategoriaIVA_param = 'CF' ,@vlKilometros_param = 189 ,@vlMonto_param = 4972 
04/08/2016 21:48:46 | Exec SP_Supera_KM_IVA_segunMonto_2_0 @tpCategoriaIVA_param = 'CF' ,@vlKilometros_param = 189 ,@vlMonto_param = 4972 
04/08/2016 21:48:46 | Exec SP_obtenerAlicuotaIVA @tpCategoriaIVA_param = 'CF' 
04/08/2016 21:48:46 | Exec SP_CalcularIVA @tpCategoriaIVA_param = 'CF' ,@vlMonto_param = 4972 ,@vlAlicuota_param = 21 ,@precio_menos_iva_param = 1 
04/08/2016 21:48:46 | Exec SP_obtenerAlicuotaIVA @tpCategoriaIVA_param = 'CF' 
04/08/2016 21:48:46 | Exec SP_CalcularSubtotalIVA @tpCategoriaIVA_param = 'CF' ,@vlMonto_param = 4972 ,@vlAlicuota_param = 21 
04/08/2016 21:48:46 | Exec sp_obtenerComision_v4_7 @tpComprobante_param = 'FA' ,@vlTotalGeneral_param = 4972 ,@tpComision_param = 'A Clientes' ,@tpCliente_param = 'A Clientes' ,@dsCodigoDestinos_param = '''Viaje'',null,2287' 
04/08/2016 21:48:46 | Exec sp_obtenerComision_v4_7 @tpComprobante_param = 'FA' ,@vlTotalGeneral_param = 4972 ,@tpComision_param = 'A Clientes' ,@tpCliente_param = 'A Clientes' ,@dsCodigoDestinos_param = '''Viaje'',null,2287' 
04/08/2016 21:48:46 | Exec SP_Supera_KM_IVA_segunMonto_2_0 @tpCategoriaIVA_param = 'CF' ,@vlKilometros_param = 189 ,@vlMonto_param = 4968 
04/08/2016 21:48:46 | Exec SP_Supera_KM_IVA_segunMonto_2_0 @tpCategoriaIVA_param = 'CF' ,@vlKilometros_param = 189 ,@vlMonto_param = 4968 
04/08/2016 21:48:46 | Exec SP_obtenerAlicuotaIVA @tpCategoriaIVA_param = 'CF' 
04/08/2016 21:48:46 | Exec SP_CalcularIVA @tpCategoriaIVA_param = 'CF' ,@vlMonto_param = 4968 ,@vlAlicuota_param = 21 ,@precio_menos_iva_param = 1 
04/08/2016 21:48:46 | Exec SP_obtenerAlicuotaIVA @tpCategoriaIVA_param = 'CF' 
04/08/2016 21:48:46 | Exec SP_CalcularSubtotalIVA @tpCategoriaIVA_param = 'CF' ,@vlMonto_param = 4968 ,@vlAlicuota_param = 21 
04/08/2016 21:48:46 | Exec sp_obtenerComision_v4_7 @tpComprobante_param = 'FA' ,@vlTotalGeneral_param = 4968 ,@tpComision_param = 'A Clientes' ,@tpCliente_param = 'A Clientes' ,@dsCodigoDestinos_param = '''Viaje'',null,2287' 
04/08/2016 21:48:46 | Exec sp_obtenerComision_v4_7 @tpComprobante_param = 'FA' ,@vlTotalGeneral_param = 4968 ,@tpComision_param = 'A Clientes' ,@tpCliente_param = 'A Clientes' ,@dsCodigoDestinos_param = '''Viaje'',null,2287' 
04/08/2016 21:48:46 | Exec SP_Supera_KM_IVA_segunMonto_2_0 @tpCategoriaIVA_param = 'CF' ,@vlKilometros_param = 189 ,@vlMonto_param = 4574 
04/08/2016 21:48:46 | Exec SP_Supera_KM_IVA_segunMonto_2_0 @tpCategoriaIVA_param = 'CF' ,@vlKilometros_param = 189 ,@vlMonto_param = 4574 
04/08/2016 21:48:46 | Exec SP_obtenerAlicuotaIVA @tpCategoriaIVA_param = 'CF' 
04/08/2016 21:48:46 | Exec SP_CalcularIVA @tpCategoriaIVA_param = 'CF' ,@vlMonto_param = 4574 ,@vlAlicuota_param = 21 ,@precio_menos_iva_param = 1 
04/08/2016 21:48:46 | Exec SP_obtenerAlicuotaIVA @tpCategoriaIVA_param = 'CF' 
04/08/2016 21:48:46 | Exec SP_CalcularSubtotalIVA @tpCategoriaIVA_param = 'CF' ,@vlMonto_param = 4574 ,@vlAlicuota_param = 21 
04/08/2016 21:48:46 | Exec sp_obtenerComision_v4_7 @tpComprobante_param = 'FA' ,@vlTotalGeneral_param = 4574 ,@tpComision_param = 'A Clientes' ,@tpCliente_param = 'A Clientes' ,@dsCodigoDestinos_param = '''Viaje'',null,2287' 
04/08/2016 21:48:46 | Exec sp_obtenerComision_v4_7 @tpComprobante_param = 'FA' ,@vlTotalGeneral_param = 4574 ,@tpComision_param = 'A Clientes' ,@tpCliente_param = 'A Clientes' ,@dsCodigoDestinos_param = '''Viaje'',null,2287' 
04/08/2016 21:48:47 | Exec SP_Supera_KM_IVA_segunMonto_2_0 @tpCategoriaIVA_param = 'CF' ,@vlKilometros_param = 189 ,@vlMonto_param = 4968 
04/08/2016 21:48:47 | Exec SP_Supera_KM_IVA_segunMonto_2_0 @tpCategoriaIVA_param = 'CF' ,@vlKilometros_param = 189 ,@vlMonto_param = 4968 
04/08/2016 21:48:47 | Exec SP_obtenerAlicuotaIVA @tpCategoriaIVA_param = 'CF' 
04/08/2016 21:48:47 | Exec SP_CalcularIVA @tpCategoriaIVA_param = 'CF' ,@vlMonto_param = 4968 ,@vlAlicuota_param = 21 ,@precio_menos_iva_param = 1 
04/08/2016 21:48:47 | Exec SP_obtenerAlicuotaIVA @tpCategoriaIVA_param = 'CF' 
04/08/2016 21:48:47 | Exec SP_CalcularSubtotalIVA @tpCategoriaIVA_param = 'CF' ,@vlMonto_param = 4968 ,@vlAlicuota_param = 21 
04/08/2016 21:48:47 | Exec sp_obtenerComision_v4_7 @tpComprobante_param = 'FA' ,@vlTotalGeneral_param = 4968 ,@tpComision_param = 'A Clientes' ,@tpCliente_param = 'A Clientes' ,@dsCodigoDestinos_param = '''Viaje'',null,2287' 
04/08/2016 21:48:47 | Exec sp_obtenerComision_v4_7 @tpComprobante_param = 'FA' ,@vlTotalGeneral_param = 4968 ,@tpComision_param = 'A Clientes' ,@tpCliente_param = 'A Clientes' ,@dsCodigoDestinos_param = '''Viaje'',null,2287' 
04/08/2016 21:48:47 | Exec SP_Supera_KM_IVA_segunMonto_2_0 @tpCategoriaIVA_param = 'CF' ,@vlKilometros_param = 189 ,@vlMonto_param = 4972 
04/08/2016 21:48:47 | Exec SP_Supera_KM_IVA_segunMonto_2_0 @tpCategoriaIVA_param = 'CF' ,@vlKilometros_param = 189 ,@vlMonto_param = 4972 
04/08/2016 21:48:47 | Exec SP_obtenerAlicuotaIVA @tpCategoriaIVA_param = 'CF' 
04/08/2016 21:48:47 | Exec SP_CalcularIVA @tpCategoriaIVA_param = 'CF' ,@vlMonto_param = 4972 ,@vlAlicuota_param = 21 ,@precio_menos_iva_param = 1 
04/08/2016 21:48:47 | Exec SP_obtenerAlicuotaIVA @tpCategoriaIVA_param = 'CF' 
04/08/2016 21:48:47 | Exec SP_CalcularSubtotalIVA @tpCategoriaIVA_param = 'CF' ,@vlMonto_param = 4972 ,@vlAlicuota_param = 21 
04/08/2016 21:48:47 | Exec sp_obtenerComision_v4_7 @tpComprobante_param = 'FA' ,@vlTotalGeneral_param = 4972 ,@tpComision_param = 'A Clientes' ,@tpCliente_param = 'A Clientes' ,@dsCodigoDestinos_param = '''Viaje'',null,2287' 
04/08/2016 21:48:47 | Exec sp_obtenerComision_v4_7 @tpComprobante_param = 'FA' ,@vlTotalGeneral_param = 4972 ,@tpComision_param = 'A Clientes' ,@tpCliente_param = 'A Clientes' ,@dsCodigoDestinos_param = '''Viaje'',null,2287' 
04/08/2016 21:48:48 | Exec SP_Supera_KM_IVA_segunMonto_2_0 @tpCategoriaIVA_param = 'CF' ,@vlKilometros_param = 189 ,@vlMonto_param = 4574 
04/08/2016 21:48:48 | Exec SP_Supera_KM_IVA_segunMonto_2_0 @tpCategoriaIVA_param = 'CF' ,@vlKilometros_param = 189 ,@vlMonto_param = 4574 
04/08/2016 21:48:48 | Exec SP_obtenerAlicuotaIVA @tpCategoriaIVA_param = 'CF' 
04/08/2016 21:48:48 | Exec SP_CalcularIVA @tpCategoriaIVA_param = 'CF' ,@vlMonto_param = 4574 ,@vlAlicuota_param = 21 ,@precio_menos_iva_param = 1 
04/08/2016 21:48:48 | Exec SP_obtenerAlicuotaIVA @tpCategoriaIVA_param = 'CF' 
04/08/2016 21:48:48 | Exec SP_CalcularSubtotalIVA @tpCategoriaIVA_param = 'CF' ,@vlMonto_param = 4574 ,@vlAlicuota_param = 21 
04/08/2016 21:48:48 | Exec sp_obtenerComision_v4_7 @tpComprobante_param = 'FA' ,@vlTotalGeneral_param = 4574 ,@tpComision_param = 'A Clientes' ,@tpCliente_param = 'A Clientes' ,@dsCodigoDestinos_param = '''Viaje'',null,2287' 
04/08/2016 21:48:48 | Exec sp_obtenerComision_v4_7 @tpComprobante_param = 'FA' ,@vlTotalGeneral_param = 4574 ,@tpComision_param = 'A Clientes' ,@tpCliente_param = 'A Clientes' ,@dsCodigoDestinos_param = '''Viaje'',null,2287' 
04/08/2016 21:48:48 | Exec SP_Supera_KM_IVA_segunMonto_2_0 @tpCategoriaIVA_param = 'CF' ,@vlKilometros_param = 189 ,@vlMonto_param = 4972 
04/08/2016 21:48:48 | Exec SP_Supera_KM_IVA_segunMonto_2_0 @tpCategoriaIVA_param = 'CF' ,@vlKilometros_param = 189 ,@vlMonto_param = 4972 
04/08/2016 21:48:48 | Exec SP_obtenerAlicuotaIVA @tpCategoriaIVA_param = 'CF' 
04/08/2016 21:48:48 | Exec SP_CalcularIVA @tpCategoriaIVA_param = 'CF' ,@vlMonto_param = 4972 ,@vlAlicuota_param = 21 ,@precio_menos_iva_param = 1 
04/08/2016 21:48:48 | Exec SP_obtenerAlicuotaIVA @tpCategoriaIVA_param = 'CF' 
04/08/2016 21:48:48 | Exec SP_CalcularSubtotalIVA @tpCategoriaIVA_param = 'CF' ,@vlMonto_param = 4972 ,@vlAlicuota_param = 21 
04/08/2016 21:48:48 | Exec sp_obtenerComision_v4_7 @tpComprobante_param = 'FA' ,@vlTotalGeneral_param = 4972 ,@tpComision_param = 'A Clientes' ,@tpCliente_param = 'A Clientes' ,@dsCodigoDestinos_param = '''Viaje'',null,2287' 
04/08/2016 21:48:48 | Exec sp_obtenerComision_v4_7 @tpComprobante_param = 'FA' ,@vlTotalGeneral_param = 4972 ,@tpComision_param = 'A Clientes' ,@tpCliente_param = 'A Clientes' ,@dsCodigoDestinos_param = '''Viaje'',null,2287' 
04/08/2016 21:48:48 | Exec SP_Supera_KM_IVA_segunMonto_2_0 @tpCategoriaIVA_param = 'CF' ,@vlKilometros_param = 189 ,@vlMonto_param = 4968 
04/08/2016 21:48:48 | Exec SP_Supera_KM_IVA_segunMonto_2_0 @tpCategoriaIVA_param = 'CF' ,@vlKilometros_param = 189 ,@vlMonto_param = 4968 
04/08/2016 21:48:48 | Exec SP_obtenerAlicuotaIVA @tpCategoriaIVA_param = 'CF' 
04/08/2016 21:48:48 | Exec SP_CalcularIVA @tpCategoriaIVA_param = 'CF' ,@vlMonto_param = 4968 ,@vlAlicuota_param = 21 ,@precio_menos_iva_param = 1 
04/08/2016 21:48:48 | Exec SP_obtenerAlicuotaIVA @tpCategoriaIVA_param = 'CF' 
04/08/2016 21:48:48 | Exec SP_CalcularSubtotalIVA @tpCategoriaIVA_param = 'CF' ,@vlMonto_param = 4968 ,@vlAlicuota_param = 21 
04/08/2016 21:48:48 | Exec sp_obtenerComision_v4_7 @tpComprobante_param = 'FA' ,@vlTotalGeneral_param = 4968 ,@tpComision_param = 'A Clientes' ,@tpCliente_param = 'A Clientes' ,@dsCodigoDestinos_param = '''Viaje'',null,2287' 
04/08/2016 21:48:48 | Exec sp_obtenerComision_v4_7 @tpComprobante_param = 'FA' ,@vlTotalGeneral_param = 4968 ,@tpComision_param = 'A Clientes' ,@tpCliente_param = 'A Clientes' ,@dsCodigoDestinos_param = '''Viaje'',null,2287' 
04/08/2016 21:48:48 | Exec SP_Supera_KM_IVA_segunMonto_2_0 @tpCategoriaIVA_param = 'CF' ,@vlKilometros_param = 189 ,@vlMonto_param = 4574 
04/08/2016 21:48:48 | Exec SP_Supera_KM_IVA_segunMonto_2_0 @tpCategoriaIVA_param = 'CF' ,@vlKilometros_param = 189 ,@vlMonto_param = 4574 
04/08/2016 21:48:48 | Exec SP_obtenerAlicuotaIVA @tpCategoriaIVA_param = 'CF' 
04/08/2016 21:48:48 | Exec SP_CalcularIVA @tpCategoriaIVA_param = 'CF' ,@vlMonto_param = 4574 ,@vlAlicuota_param = 21 ,@precio_menos_iva_param = 1 
04/08/2016 21:48:49 | Exec SP_obtenerAlicuotaIVA @tpCategoriaIVA_param = 'CF' 
04/08/2016 21:48:49 | Exec SP_CalcularSubtotalIVA @tpCategoriaIVA_param = 'CF' ,@vlMonto_param = 4574 ,@vlAlicuota_param = 21 
04/08/2016 21:48:49 | Exec sp_obtenerComision_v4_7 @tpComprobante_param = 'FA' ,@vlTotalGeneral_param = 4574 ,@tpComision_param = 'A Clientes' ,@tpCliente_param = 'A Clientes' ,@dsCodigoDestinos_param = '''Viaje'',null,2287' 
04/08/2016 21:48:49 | Exec sp_obtenerComision_v4_7 @tpComprobante_param = 'FA' ,@vlTotalGeneral_param = 4574 ,@tpComision_param = 'A Clientes' ,@tpCliente_param = 'A Clientes' ,@dsCodigoDestinos_param = '''Viaje'',null,2287' 
04/08/2016 21:48:49 | Exec SP_Supera_KM_IVA_segunMonto_2_0 @tpCategoriaIVA_param = 'CF' ,@vlKilometros_param = 189 ,@vlMonto_param = 4968 
04/08/2016 21:48:49 | Exec SP_Supera_KM_IVA_segunMonto_2_0 @tpCategoriaIVA_param = 'CF' ,@vlKilometros_param = 189 ,@vlMonto_param = 4968 
04/08/2016 21:48:49 | Exec SP_obtenerAlicuotaIVA @tpCategoriaIVA_param = 'CF' 
04/08/2016 21:48:49 | Exec SP_CalcularIVA @tpCategoriaIVA_param = 'CF' ,@vlMonto_param = 4968 ,@vlAlicuota_param = 21 ,@precio_menos_iva_param = 1 
04/08/2016 21:48:49 | Exec SP_obtenerAlicuotaIVA @tpCategoriaIVA_param = 'CF' 
04/08/2016 21:48:49 | Exec SP_CalcularSubtotalIVA @tpCategoriaIVA_param = 'CF' ,@vlMonto_param = 4968 ,@vlAlicuota_param = 21 
04/08/2016 21:48:49 | Exec sp_obtenerComision_v4_7 @tpComprobante_param = 'FA' ,@vlTotalGeneral_param = 4968 ,@tpComision_param = 'A Clientes' ,@tpCliente_param = 'A Clientes' ,@dsCodigoDestinos_param = '''Viaje'',null,2287' 
04/08/2016 21:48:49 | Exec sp_obtenerComision_v4_7 @tpComprobante_param = 'FA' ,@vlTotalGeneral_param = 4968 ,@tpComision_param = 'A Clientes' ,@tpCliente_param = 'A Clientes' ,@dsCodigoDestinos_param = '''Viaje'',null,2287' 
04/08/2016 21:48:50 | Exec SP_Supera_KM_IVA_segunMonto_2_0 @tpCategoriaIVA_param = 'CF' ,@vlKilometros_param = 189 ,@vlMonto_param = 4972 
04/08/2016 21:48:50 | Exec SP_Supera_KM_IVA_segunMonto_2_0 @tpCategoriaIVA_param = 'CF' ,@vlKilometros_param = 189 ,@vlMonto_param = 4972 
04/08/2016 21:48:50 | Exec SP_obtenerAlicuotaIVA @tpCategoriaIVA_param = 'CF' 
04/08/2016 21:48:50 | Exec SP_CalcularIVA @tpCategoriaIVA_param = 'CF' ,@vlMonto_param = 4972 ,@vlAlicuota_param = 21 ,@precio_menos_iva_param = 1 
04/08/2016 21:48:50 | Exec SP_obtenerAlicuotaIVA @tpCategoriaIVA_param = 'CF' 
04/08/2016 21:48:50 | Exec SP_CalcularSubtotalIVA @tpCategoriaIVA_param = 'CF' ,@vlMonto_param = 4972 ,@vlAlicuota_param = 21 
04/08/2016 21:48:50 | Exec sp_obtenerComision_v4_7 @tpComprobante_param = 'FA' ,@vlTotalGeneral_param = 4972 ,@tpComision_param = 'A Clientes' ,@tpCliente_param = 'A Clientes' ,@dsCodigoDestinos_param = '''Viaje'',null,2287' 
04/08/2016 21:48:50 | Exec sp_obtenerComision_v4_7 @tpComprobante_param = 'FA' ,@vlTotalGeneral_param = 4972 ,@tpComision_param = 'A Clientes' ,@tpCliente_param = 'A Clientes' ,@dsCodigoDestinos_param = '''Viaje'',null,2287' 
04/08/2016 21:48:50 | Exec SP_Supera_KM_IVA_segunMonto_2_0 @tpCategoriaIVA_param = 'CF' ,@vlKilometros_param = 189 ,@vlMonto_param = 4574 
04/08/2016 21:48:50 | Exec SP_Supera_KM_IVA_segunMonto_2_0 @tpCategoriaIVA_param = 'CF' ,@vlKilometros_param = 189 ,@vlMonto_param = 4574 
04/08/2016 21:48:51 | Exec SP_obtenerAlicuotaIVA @tpCategoriaIVA_param = 'CF' 
04/08/2016 21:48:51 | Exec SP_CalcularIVA @tpCategoriaIVA_param = 'CF' ,@vlMonto_param = 4574 ,@vlAlicuota_param = 21 ,@precio_menos_iva_param = 1 
04/08/2016 21:48:51 | Exec SP_obtenerAlicuotaIVA @tpCategoriaIVA_param = 'CF' 
04/08/2016 21:48:51 | Exec SP_CalcularSubtotalIVA @tpCategoriaIVA_param = 'CF' ,@vlMonto_param = 4574 ,@vlAlicuota_param = 21 
04/08/2016 21:48:51 | Exec sp_obtenerComision_v4_7 @tpComprobante_param = 'FA' ,@vlTotalGeneral_param = 4574 ,@tpComision_param = 'A Clientes' ,@tpCliente_param = 'A Clientes' ,@dsCodigoDestinos_param = '''Viaje'',null,2287' 
04/08/2016 21:48:51 | Exec sp_obtenerComision_v4_7 @tpComprobante_param = 'FA' ,@vlTotalGeneral_param = 4574 ,@tpComision_param = 'A Clientes' ,@tpCliente_param = 'A Clientes' ,@dsCodigoDestinos_param = '''Viaje'',null,2287' 
04/08/2016 21:48:52 | Exec SP_Supera_KM_IVA_segunMonto_2_0 @tpCategoriaIVA_param = 'CF' ,@vlKilometros_param = 189 ,@vlMonto_param = 4972 
04/08/2016 21:48:52 | Exec SP_Supera_KM_IVA_segunMonto_2_0 @tpCategoriaIVA_param = 'CF' ,@vlKilometros_param = 189 ,@vlMonto_param = 4972 
04/08/2016 21:48:52 | Exec SP_obtenerAlicuotaIVA @tpCategoriaIVA_param = 'CF' 
04/08/2016 21:48:52 | Exec SP_CalcularIVA @tpCategoriaIVA_param = 'CF' ,@vlMonto_param = 4972 ,@vlAlicuota_param = 21 ,@precio_menos_iva_param = 1 
04/08/2016 21:48:52 | Exec SP_obtenerAlicuotaIVA @tpCategoriaIVA_param = 'CF' 
04/08/2016 21:48:52 | Exec SP_CalcularSubtotalIVA @tpCategoriaIVA_param = 'CF' ,@vlMonto_param = 4972 ,@vlAlicuota_param = 21 
04/08/2016 21:48:52 | Exec sp_obtenerComision_v4_7 @tpComprobante_param = 'FA' ,@vlTotalGeneral_param = 4972 ,@tpComision_param = 'A Clientes' ,@tpCliente_param = 'A Clientes' ,@dsCodigoDestinos_param = '''Viaje'',null,2287' 
04/08/2016 21:48:52 | Exec sp_obtenerComision_v4_7 @tpComprobante_param = 'FA' ,@vlTotalGeneral_param = 4972 ,@tpComision_param = 'A Clientes' ,@tpCliente_param = 'A Clientes' ,@dsCodigoDestinos_param = '''Viaje'',null,2287' 
04/08/2016 21:48:53 | Exec SP_Supera_KM_IVA_segunMonto_2_0 @tpCategoriaIVA_param = 'CF' ,@vlKilometros_param = 189 ,@vlMonto_param = 4968 
04/08/2016 21:48:53 | Exec SP_Supera_KM_IVA_segunMonto_2_0 @tpCategoriaIVA_param = 'CF' ,@vlKilometros_param = 189 ,@vlMonto_param = 4968 
04/08/2016 21:48:53 | Exec SP_obtenerAlicuotaIVA @tpCategoriaIVA_param = 'CF' 
04/08/2016 21:48:53 | Exec SP_CalcularIVA @tpCategoriaIVA_param = 'CF' ,@vlMonto_param = 4968 ,@vlAlicuota_param = 21 ,@precio_menos_iva_param = 1 
04/08/2016 21:48:53 | Exec SP_obtenerAlicuotaIVA @tpCategoriaIVA_param = 'CF' 
04/08/2016 21:48:53 | Exec SP_CalcularSubtotalIVA @tpCategoriaIVA_param = 'CF' ,@vlMonto_param = 4968 ,@vlAlicuota_param = 21 
04/08/2016 21:48:53 | Exec sp_obtenerComision_v4_7 @tpComprobante_param = 'FA' ,@vlTotalGeneral_param = 4968 ,@tpComision_param = 'A Clientes' ,@tpCliente_param = 'A Clientes' ,@dsCodigoDestinos_param = '''Viaje'',null,2287' 
04/08/2016 21:48:53 | Exec sp_obtenerComision_v4_7 @tpComprobante_param = 'FA' ,@vlTotalGeneral_param = 4968 ,@tpComision_param = 'A Clientes' ,@tpCliente_param = 'A Clientes' ,@dsCodigoDestinos_param = '''Viaje'',null,2287' 
04/08/2016 21:48:53 | Exec SP_Supera_KM_IVA_segunMonto_2_0 @tpCategoriaIVA_param = 'CF' ,@vlKilometros_param = 189 ,@vlMonto_param = 4574 
04/08/2016 21:48:53 | Exec SP_Supera_KM_IVA_segunMonto_2_0 @tpCategoriaIVA_param = 'CF' ,@vlKilometros_param = 189 ,@vlMonto_param = 4574 
04/08/2016 21:48:53 | Exec SP_obtenerAlicuotaIVA @tpCategoriaIVA_param = 'CF' 
04/08/2016 21:48:53 | Exec SP_CalcularIVA @tpCategoriaIVA_param = 'CF' ,@vlMonto_param = 4574 ,@vlAlicuota_param = 21 ,@precio_menos_iva_param = 1 
04/08/2016 21:48:53 | Exec SP_obtenerAlicuotaIVA @tpCategoriaIVA_param = 'CF' 
04/08/2016 21:48:53 | Exec SP_CalcularSubtotalIVA @tpCategoriaIVA_param = 'CF' ,@vlMonto_param = 4574 ,@vlAlicuota_param = 21 
04/08/2016 21:48:53 | Exec sp_obtenerComision_v4_7 @tpComprobante_param = 'FA' ,@vlTotalGeneral_param = 4574 ,@tpComision_param = 'A Clientes' ,@tpCliente_param = 'A Clientes' ,@dsCodigoDestinos_param = '''Viaje'',null,2287' 
04/08/2016 21:48:53 | Exec sp_obtenerComision_v4_7 @tpComprobante_param = 'FA' ,@vlTotalGeneral_param = 4574 ,@tpComision_param = 'A Clientes' ,@tpCliente_param = 'A Clientes' ,@dsCodigoDestinos_param = '''Viaje'',null,2287' 
04/08/2016 21:49:42 | Exec sp_obtenerComision_v4_7 @tpComprobante_param = 'FA' ,@vlTotalGeneral_param = 4574 ,@tpComision_param = 'A Clientes' ,@tpCliente_param = 'A Clientes' ,@dsCodigoDestinos_param = null 
04/08/2016 21:49:42 | Exec sp_obtenerComision_v4_7 @tpComprobante_param = 'FA' ,@vlTotalGeneral_param = 4574 ,@tpComision_param = 'A Clientes' ,@tpCliente_param = 'A Clientes' ,@dsCodigoDestinos_param = null 
04/08/2016 21:49:44 | Exec spu_obtener_puntosdeventa_facturacion_v4_7 @nrPuesto_param = 1 ,@tipo_iva = 'CF' ,@auto_impresor = 'S' ,@tpFormadePago = null ,@tpComprobante = 'FA' 
04/08/2016 21:49:44 | Exec spu_obtener_puntosdeventa_facturacion_v4_7 @nrPuesto_param = 1 ,@tipo_iva = 'CF' ,@auto_impresor = 'S' ,@tpFormadePago = null ,@tpComprobante = 'FA' 
04/08/2016 21:49:44 | Exec sp_obtenerComision_v4_7 @tpComprobante_param = 'FA' ,@vlTotalGeneral_param = 0 ,@tpComision_param = 'A Clientes' ,@tpCliente_param = 'A Clientes' ,@dsCodigoDestinos_param = null 
04/08/2016 21:49:44 | Exec sp_obtenerComision_v4_7 @tpComprobante_param = 'FA' ,@vlTotalGeneral_param = 0 ,@tpComision_param = 'A Clientes' ,@tpCliente_param = 'A Clientes' ,@dsCodigoDestinos_param = null 
04/08/2016 21:49:44 | Exec sp_obtenerComision_v4_7 @tpComprobante_param = 'FA' ,@vlTotalGeneral_param = 0 ,@tpComision_param = 'A Clientes' ,@tpCliente_param = 'A Clientes' ,@dsCodigoDestinos_param = null 
04/08/2016 21:49:48 | Exec SP_Supera_KM_IVA_segunMonto_2_0 @tpCategoriaIVA_param = 'CF' ,@vlKilometros_param = 0 ,@vlMonto_param = 900 
04/08/2016 21:49:48 | Exec sp_obtenerComision_v4_7 @tpComprobante_param = 'FA' ,@vlTotalGeneral_param = 900 ,@tpComision_param = 'A Clientes' ,@tpCliente_param = 'A Clientes' ,@dsCodigoDestinos_param = '''Viaje'',null,450' 
04/08/2016 21:49:48 | Exec sp_obtenerComision_v4_7 @tpComprobante_param = 'FA' ,@vlTotalGeneral_param = 900 ,@tpComision_param = 'A Clientes' ,@tpCliente_param = 'A Clientes' ,@dsCodigoDestinos_param = '''Viaje'',null,450' 
04/08/2016 21:49:48 | Exec sp_obtenerComision_v4_7 @tpComprobante_param = 'FA' ,@vlTotalGeneral_param = 900 ,@tpComision_param = 'A Clientes' ,@tpCliente_param = 'A Clientes' ,@dsCodigoDestinos_param = '''Viaje'',null,450' 
04/08/2016 21:49:48 | Exec SP_Supera_KM_IVA_segunMonto_2_0 @tpCategoriaIVA_param = 'CF' ,@vlKilometros_param = 0 ,@vlMonto_param = 900 
04/08/2016 21:49:48 | Exec sp_obtenerComision_v4_7 @tpComprobante_param = 'FA' ,@vlTotalGeneral_param = 900 ,@tpComision_param = 'A Clientes' ,@tpCliente_param = 'A Clientes' ,@dsCodigoDestinos_param = '''Viaje'',null,450' 
04/08/2016 21:49:48 | Exec SP_Supera_KM_IVA_segunMonto_2_0 @tpCategoriaIVA_param = 'CF' ,@vlKilometros_param = 0 ,@vlMonto_param = 900 
04/08/2016 21:49:48 | Exec sp_obtenerComision_v4_7 @tpComprobante_param = 'FA' ,@vlTotalGeneral_param = 900 ,@tpComision_param = 'A Clientes' ,@tpCliente_param = 'A Clientes' ,@dsCodigoDestinos_param = '''Viaje'',null,450' 
04/08/2016 21:49:48 | Exec sp_obtenerComision_v4_7 @tpComprobante_param = 'FA' ,@vlTotalGeneral_param = 900 ,@tpComision_param = 'A Clientes' ,@tpCliente_param = 'A Clientes' ,@dsCodigoDestinos_param = '''Viaje'',null,450' 
04/08/2016 21:49:48 | Exec sp_obtenerComision_v4_7 @tpComprobante_param = 'FA' ,@vlTotalGeneral_param = 900 ,@tpComision_param = 'A Clientes' ,@tpCliente_param = 'A Clientes' ,@dsCodigoDestinos_param = '''Viaje'',null,450' 
04/08/2016 21:50:01 | Exec sco_AccesosOpcionesMenu @p_tpNivelAcceso = 'Puestos' ,@p_operaconcaja = 1 
04/08/2016 21:52:03 | Exec  sco_TB_Productos_v4_1 
04/08/2016 21:52:03 | Exec sco_DiccionariodeDatos @nmtabla_param='TB_Usuarios'
04/08/2016 21:52:09 |  SELECT TB_Usuarios.dsUsuario ,TB_Usuarios.dspassword ,TB_Usuarios.tpAcceso ,TB_Usuarios.nmNombre ,TB_Usuarios.nmApellido ,TB_Usuarios.flBloqueado ,TB_Usuarios.tpNivelJerarquico  FROM TB_Usuarios  WHERE TB_Usuarios.dsUsuario = 'BFAZZALARI'  AND  TB_Usuarios.flEliminar = 0  
04/08/2016 21:52:09 |  SELECT TB_Usuarios.dsUsuario ,TB_Usuarios.dspassword ,TB_Usuarios.tpAcceso ,TB_Usuarios.nmNombre ,TB_Usuarios.nmApellido ,TB_Usuarios.flBloqueado ,TB_Usuarios.tpNivelJerarquico  FROM TB_Usuarios  WHERE TB_Usuarios.dsUsuario = 'BFAZZALARI'  AND  TB_Usuarios.flEliminar = 0  
04/08/2016 21:52:09 | Exec sco_DiccionariodeDatos @nmtabla_param='sp_obtenerCajasPendientesdeAprobacion_v2_5'
04/08/2016 21:52:09 | Exec sp_obtenerCajasPendientesdeAprobacion_v2_5 @pdsUsuario_param = 'BFAZZALARI' 
04/08/2016 21:52:10 | Exec sp_obtenerCajasRechazadas_v2_9 
04/08/2016 21:52:10 | Exec sco_DiccionariodeDatos @nmtabla_param='TB_Parametros'
04/08/2016 21:52:10 |  SELECT TB_Parametros.vlParametro  FROM TB_Parametros  WHERE TB_Parametros.dsParametro = 'VALOR EURO'  
04/08/2016 21:52:10 |  SELECT TB_Parametros.vlParametro  FROM TB_Parametros  WHERE TB_Parametros.dsParametro = 'VALOR DOLAR'  
04/08/2016 21:52:10 | Exec SP_ValorPromoRetorno
04/08/2016 21:52:10 | Exec sco_DiccionariodeDatos @nmtabla_param='TB_Comisiones'
04/08/2016 21:52:10 |  SELECT TB_Comisiones.vlMontoMinimo  FROM TB_Comisiones  WHERE TB_Comisiones.tpComision = 'Retorno'  AND  TB_Comisiones.flEliminar = 0  
04/08/2016 21:52:10 |  SELECT TB_Parametros.vlParametro  FROM TB_Parametros  WHERE TB_Parametros.dsParametro = 'VALOR REAL'  
04/08/2016 21:52:10 | Exec sco_DiccionariodeDatos @nmtabla_param='TB_Cajas'
04/08/2016 21:52:10 |  SELECT TB_Cajas.nrCaja  FROM TB_Cajas  WHERE TB_Cajas.dsUsuario = 'BFAZZALARI'  and  TB_Cajas.flEstado = 0  and  TB_Cajas.tpEstadoAprobacion IS NULL  and  TB_Cajas.nrcaja > 0  
04/08/2016 21:52:12 | Exec sco_DiccionariodeDatos @nmtabla_param='sco_AccesosOpcionesMenu'
04/08/2016 21:52:12 | Exec sco_AccesosOpcionesMenu @p_tpNivelAcceso = 'Puestos' ,@p_operaconcaja = 1 
04/08/2016 21:52:12 | Exec sco_AccesosOpcionesMenu @p_tpNivelAcceso = 'Puestos' ,@p_operaconcaja = 1 
04/08/2016 21:52:14 | Exec sco_DiccionariodeDatos @nmtabla_param='sco_cajapuesto_v3_9'
04/08/2016 21:52:14 | Exec sco_cajapuesto_v3_9 @nrCaja_param = 1000010107 
04/08/2016 21:52:14 |  SELECT tb_parametros.dsParametro ,tb_parametros.vlParametro ,tb_parametros.tpParametro ,tb_parametros.flEditable ,tb_parametros.nrTamanio ,tb_parametros.dtActualizacion  FROM tb_parametros  WHERE tb_parametros.dsParametro = 'PORC_RECARGO_TD'  
04/08/2016 21:52:14 |  SELECT tb_parametros.dsParametro ,tb_parametros.vlParametro ,tb_parametros.tpParametro ,tb_parametros.flEditable ,tb_parametros.nrTamanio ,tb_parametros.dtActualizacion  FROM tb_parametros  WHERE tb_parametros.dsParametro = 'PORC_RECARGO_TC'  
04/08/2016 21:52:14 | Exec sco_DiccionariodeDatos @nmtabla_param='TB_Comprobantes'
04/08/2016 21:52:15 | Exec sco_DiccionariodeDatos @nmtabla_param='sp_obtenerComision_v4_7'
04/08/2016 21:52:15 | Exec sp_obtenerComision_v4_7 @tpComprobante_param = null ,@vlTotalGeneral_param = 0 ,@tpComision_param = null ,@tpCliente_param = null ,@dsCodigoDestinos_param = null 
04/08/2016 21:52:15 | Exec sp_obtenerComision_v4_7 @tpComprobante_param = null ,@vlTotalGeneral_param = 0 ,@tpComision_param = 'A Clientes' ,@tpCliente_param = 'A Clientes' ,@dsCodigoDestinos_param = null 
04/08/2016 21:52:15 | Exec sco_DiccionariodeDatos @nmtabla_param='spu_obtener_puntosdeventa_facturacion_v4_7'
04/08/2016 21:52:15 | Exec spu_obtener_puntosdeventa_facturacion_v4_7 @nrPuesto_param = 1 ,@tipo_iva = 'CF' ,@auto_impresor = 'S' ,@tpFormadePago = null ,@tpComprobante = 'FA' 
04/08/2016 21:52:16 | Exec sp_obtenerComision_v4_7 @tpComprobante_param = 'FA' ,@vlTotalGeneral_param = 0 ,@tpComision_param = 'A Clientes' ,@tpCliente_param = 'A Clientes' ,@dsCodigoDestinos_param = null 
04/08/2016 21:52:16 | Exec spu_obtener_puntosdeventa_facturacion_v4_7 @nrPuesto_param = 1 ,@tipo_iva = 'CF' ,@auto_impresor = 'S' ,@tpFormadePago = null ,@tpComprobante = 'FA' 
04/08/2016 21:52:16 | Exec spu_obtener_puntosdeventa_facturacion_v4_7 @nrPuesto_param = 1 ,@tipo_iva = 'CF' ,@auto_impresor = 'S' ,@tpFormadePago = null ,@tpComprobante = 'FA' 
04/08/2016 21:52:16 | Exec sp_obtenerComision_v4_7 @tpComprobante_param = 'FA' ,@vlTotalGeneral_param = 0 ,@tpComision_param = 'A Clientes' ,@tpCliente_param = 'A Clientes' ,@dsCodigoDestinos_param = null 
04/08/2016 21:52:17 | Exec sp_obtenerComision_v4_7 @tpComprobante_param = 'FA' ,@vlTotalGeneral_param = 0 ,@tpComision_param = 'A Clientes' ,@tpCliente_param = 'A Clientes' ,@dsCodigoDestinos_param = null 
04/08/2016 21:52:17 | Exec sp_obtenerComision_v4_7 @tpComprobante_param = 'FA' ,@vlTotalGeneral_param = 0 ,@tpComision_param = 'A Clientes' ,@tpCliente_param = 'A Clientes' ,@dsCodigoDestinos_param = null 
04/08/2016 21:52:17 | Exec sco_DiccionariodeDatos @nmtabla_param='TB_Productos'
04/08/2016 21:56:28 | Exec  sco_TB_Productos_v4_1 
04/08/2016 21:56:28 | Exec sco_DiccionariodeDatos @nmtabla_param='TB_Usuarios'
04/08/2016 21:56:30 |  SELECT TB_Usuarios.dsUsuario ,TB_Usuarios.dspassword ,TB_Usuarios.tpAcceso ,TB_Usuarios.nmNombre ,TB_Usuarios.nmApellido ,TB_Usuarios.flBloqueado ,TB_Usuarios.tpNivelJerarquico  FROM TB_Usuarios  WHERE TB_Usuarios.dsUsuario = 'BFAZZALARI'  AND  TB_Usuarios.flEliminar = 0  
04/08/2016 21:56:30 |  SELECT TB_Usuarios.dsUsuario ,TB_Usuarios.dspassword ,TB_Usuarios.tpAcceso ,TB_Usuarios.nmNombre ,TB_Usuarios.nmApellido ,TB_Usuarios.flBloqueado ,TB_Usuarios.tpNivelJerarquico  FROM TB_Usuarios  WHERE TB_Usuarios.dsUsuario = 'BFAZZALARI'  AND  TB_Usuarios.flEliminar = 0  
04/08/2016 21:56:30 | Exec sco_DiccionariodeDatos @nmtabla_param='sp_obtenerCajasPendientesdeAprobacion_v2_5'
04/08/2016 21:56:30 | Exec sp_obtenerCajasPendientesdeAprobacion_v2_5 @pdsUsuario_param = 'BFAZZALARI' 
04/08/2016 21:56:31 | Exec sp_obtenerCajasRechazadas_v2_9 
04/08/2016 21:56:31 | Exec sco_DiccionariodeDatos @nmtabla_param='TB_Parametros'
04/08/2016 21:56:31 |  SELECT TB_Parametros.vlParametro  FROM TB_Parametros  WHERE TB_Parametros.dsParametro = 'VALOR EURO'  
04/08/2016 21:56:31 |  SELECT TB_Parametros.vlParametro  FROM TB_Parametros  WHERE TB_Parametros.dsParametro = 'VALOR DOLAR'  
04/08/2016 21:56:31 | Exec SP_ValorPromoRetorno
04/08/2016 21:56:31 | Exec sco_DiccionariodeDatos @nmtabla_param='TB_Comisiones'
04/08/2016 21:56:31 |  SELECT TB_Comisiones.vlMontoMinimo  FROM TB_Comisiones  WHERE TB_Comisiones.tpComision = 'Retorno'  AND  TB_Comisiones.flEliminar = 0  
04/08/2016 21:56:31 |  SELECT TB_Parametros.vlParametro  FROM TB_Parametros  WHERE TB_Parametros.dsParametro = 'VALOR REAL'  
04/08/2016 21:56:31 | Exec sco_DiccionariodeDatos @nmtabla_param='TB_Cajas'
04/08/2016 21:56:31 |  SELECT TB_Cajas.nrCaja  FROM TB_Cajas  WHERE TB_Cajas.dsUsuario = 'BFAZZALARI'  and  TB_Cajas.flEstado = 0  and  TB_Cajas.tpEstadoAprobacion IS NULL  and  TB_Cajas.nrcaja > 0  
04/08/2016 21:56:33 | Exec sco_DiccionariodeDatos @nmtabla_param='sco_AccesosOpcionesMenu'
04/08/2016 21:56:33 | Exec sco_AccesosOpcionesMenu @p_tpNivelAcceso = 'Puestos' ,@p_operaconcaja = 1 
04/08/2016 21:56:33 | Exec sco_AccesosOpcionesMenu @p_tpNivelAcceso = 'Puestos' ,@p_operaconcaja = 1 
04/08/2016 21:56:35 | Exec sco_DiccionariodeDatos @nmtabla_param='sco_cajapuesto_v3_9'
04/08/2016 21:56:35 | Exec sco_cajapuesto_v3_9 @nrCaja_param = 1000010107 
04/08/2016 21:56:35 |  SELECT tb_parametros.dsParametro ,tb_parametros.vlParametro ,tb_parametros.tpParametro ,tb_parametros.flEditable ,tb_parametros.nrTamanio ,tb_parametros.dtActualizacion  FROM tb_parametros  WHERE tb_parametros.dsParametro = 'PORC_RECARGO_TD'  
04/08/2016 21:56:35 |  SELECT tb_parametros.dsParametro ,tb_parametros.vlParametro ,tb_parametros.tpParametro ,tb_parametros.flEditable ,tb_parametros.nrTamanio ,tb_parametros.dtActualizacion  FROM tb_parametros  WHERE tb_parametros.dsParametro = 'PORC_RECARGO_TC'  
04/08/2016 21:56:35 | Exec sco_DiccionariodeDatos @nmtabla_param='TB_Comprobantes'
04/08/2016 21:56:36 | Exec sco_DiccionariodeDatos @nmtabla_param='sp_obtenerComision_v4_7'
04/08/2016 21:56:36 | Exec sp_obtenerComision_v4_7 @tpComprobante_param = null ,@vlTotalGeneral_param = 0 ,@tpComision_param = null ,@tpCliente_param = null ,@dsCodigoDestinos_param = null 
04/08/2016 21:56:36 | Exec sp_obtenerComision_v4_7 @tpComprobante_param = null ,@vlTotalGeneral_param = 0 ,@tpComision_param = 'A Clientes' ,@tpCliente_param = 'A Clientes' ,@dsCodigoDestinos_param = null 
04/08/2016 21:56:36 | Exec sco_DiccionariodeDatos @nmtabla_param='spu_obtener_puntosdeventa_facturacion_v4_7'
04/08/2016 21:56:36 | Exec spu_obtener_puntosdeventa_facturacion_v4_7 @nrPuesto_param = 1 ,@tipo_iva = 'CF' ,@auto_impresor = 'S' ,@tpFormadePago = null ,@tpComprobante = 'FA' 
04/08/2016 21:56:40 | Exec sp_obtenerComision_v4_7 @tpComprobante_param = 'FA' ,@vlTotalGeneral_param = 0 ,@tpComision_param = 'A Clientes' ,@tpCliente_param = 'A Clientes' ,@dsCodigoDestinos_param = null 
04/08/2016 21:56:40 | Exec spu_obtener_puntosdeventa_facturacion_v4_7 @nrPuesto_param = 1 ,@tipo_iva = 'CF' ,@auto_impresor = 'S' ,@tpFormadePago = null ,@tpComprobante = 'FA' 
04/08/2016 21:56:41 | Exec spu_obtener_puntosdeventa_facturacion_v4_7 @nrPuesto_param = 1 ,@tipo_iva = 'CF' ,@auto_impresor = 'S' ,@tpFormadePago = null ,@tpComprobante = 'FA' 
04/08/2016 21:56:41 | Exec sp_obtenerComision_v4_7 @tpComprobante_param = 'FA' ,@vlTotalGeneral_param = 0 ,@tpComision_param = 'A Clientes' ,@tpCliente_param = 'A Clientes' ,@dsCodigoDestinos_param = null 
04/08/2016 21:56:41 | Exec sp_obtenerComision_v4_7 @tpComprobante_param = 'FA' ,@vlTotalGeneral_param = 0 ,@tpComision_param = 'A Clientes' ,@tpCliente_param = 'A Clientes' ,@dsCodigoDestinos_param = null 
04/08/2016 21:56:41 | Exec sp_obtenerComision_v4_7 @tpComprobante_param = 'FA' ,@vlTotalGeneral_param = 0 ,@tpComision_param = 'A Clientes' ,@tpCliente_param = 'A Clientes' ,@dsCodigoDestinos_param = null 
04/08/2016 21:56:41 | Exec sco_DiccionariodeDatos @nmtabla_param='TB_Productos'
04/08/2016 21:56:49 | Exec sco_DiccionariodeDatos @nmtabla_param='SP_Supera_KM_IVA_segunMonto_2_0'
04/08/2016 21:56:49 | Exec SP_Supera_KM_IVA_segunMonto_2_0 @tpCategoriaIVA_param = 'CF' ,@vlKilometros_param = 0 ,@vlMonto_param = 450 
04/08/2016 21:56:55 | Exec sp_obtenerComision_v4_7 @tpComprobante_param = 'FA' ,@vlTotalGeneral_param = 450 ,@tpComision_param = 'A Clientes' ,@tpCliente_param = 'A Clientes' ,@dsCodigoDestinos_param = '''Viaje'',null,450' 
04/08/2016 21:56:55 | Exec sp_obtenerComision_v4_7 @tpComprobante_param = 'FA' ,@vlTotalGeneral_param = 450 ,@tpComision_param = 'A Clientes' ,@tpCliente_param = 'A Clientes' ,@dsCodigoDestinos_param = '''Viaje'',null,450' 
04/08/2016 21:56:56 | Exec sp_obtenerComision_v4_7 @tpComprobante_param = 'FA' ,@vlTotalGeneral_param = 450 ,@tpComision_param = 'A Clientes' ,@tpCliente_param = 'A Clientes' ,@dsCodigoDestinos_param = '''Viaje'',null,450' 
04/08/2016 21:56:56 | Exec SP_Supera_KM_IVA_segunMonto_2_0 @tpCategoriaIVA_param = 'CF' ,@vlKilometros_param = 0 ,@vlMonto_param = 450 
04/08/2016 21:56:56 | Exec sp_obtenerComision_v4_7 @tpComprobante_param = 'FA' ,@vlTotalGeneral_param = 450 ,@tpComision_param = 'A Clientes' ,@tpCliente_param = 'A Clientes' ,@dsCodigoDestinos_param = '''Viaje'',null,450' 
04/08/2016 21:56:56 | Exec SP_Supera_KM_IVA_segunMonto_2_0 @tpCategoriaIVA_param = 'CF' ,@vlKilometros_param = 0 ,@vlMonto_param = 450 
04/08/2016 21:56:56 | Exec sp_obtenerComision_v4_7 @tpComprobante_param = 'FA' ,@vlTotalGeneral_param = 450 ,@tpComision_param = 'A Clientes' ,@tpCliente_param = 'A Clientes' ,@dsCodigoDestinos_param = '''Viaje'',null,450' 
04/08/2016 21:56:56 | Exec sp_obtenerComision_v4_7 @tpComprobante_param = 'FA' ,@vlTotalGeneral_param = 450 ,@tpComision_param = 'A Clientes' ,@tpCliente_param = 'A Clientes' ,@dsCodigoDestinos_param = '''Viaje'',null,450' 
04/08/2016 21:56:56 | Exec sp_obtenerComision_v4_7 @tpComprobante_param = 'FA' ,@vlTotalGeneral_param = 450 ,@tpComision_param = 'A Clientes' ,@tpCliente_param = 'A Clientes' ,@dsCodigoDestinos_param = '''Viaje'',null,450' 
04/08/2016 21:56:58 | Exec SP_Supera_KM_IVA_segunMonto_2_0 @tpCategoriaIVA_param = 'CF' ,@vlKilometros_param = 0 ,@vlMonto_param = 489 
04/08/2016 21:56:58 | Exec sp_obtenerComision_v4_7 @tpComprobante_param = 'FA' ,@vlTotalGeneral_param = 489 ,@tpComision_param = 'A Clientes' ,@tpCliente_param = 'A Clientes' ,@dsCodigoDestinos_param = '''Viaje'',null,450' 
04/08/2016 21:56:58 | Exec sp_obtenerComision_v4_7 @tpComprobante_param = 'FA' ,@vlTotalGeneral_param = 489 ,@tpComision_param = 'A Clientes' ,@tpCliente_param = 'A Clientes' ,@dsCodigoDestinos_param = '''Viaje'',null,450' 
04/08/2016 21:56:58 | Exec SP_Supera_KM_IVA_segunMonto_2_0 @tpCategoriaIVA_param = 'CF' ,@vlKilometros_param = 0 ,@vlMonto_param = 489 
04/08/2016 21:56:58 | Exec sp_obtenerComision_v4_7 @tpComprobante_param = 'FA' ,@vlTotalGeneral_param = 489 ,@tpComision_param = 'A Clientes' ,@tpCliente_param = 'A Clientes' ,@dsCodigoDestinos_param = '''Viaje'',null,450' 
04/08/2016 21:56:58 | Exec sp_obtenerComision_v4_7 @tpComprobante_param = 'FA' ,@vlTotalGeneral_param = 489 ,@tpComision_param = 'A Clientes' ,@tpCliente_param = 'A Clientes' ,@dsCodigoDestinos_param = '''Viaje'',null,450' 
04/08/2016 21:57:01 | Exec sco_DiccionariodeDatos @nmtabla_param='TB_Proveedores'
04/08/2016 21:57:01 |  SELECT TB_Proveedores.nmNombre ,TB_Proveedores.nmApellido  FROM TB_Proveedores  WHERE TB_Proveedores.tpCategoria = 'Licenciatario'  AND  TB_Proveedores.nrLicencia = 12  AND  TB_Proveedores.flEliminar = 0  
04/08/2016 21:57:03 |  SELECT tb_parametros.dsParametro ,tb_parametros.vlParametro ,tb_parametros.tpParametro ,tb_parametros.flEditable ,tb_parametros.nrTamanio ,tb_parametros.dtActualizacion  FROM tb_parametros  WHERE tb_parametros.dsParametro = 'CALCULA_IVA_LIC_990'  
04/08/2016 21:57:12 | Exec SP_Supera_KM_IVA_segunMonto_2_0 @tpCategoriaIVA_param = 'CF' ,@vlKilometros_param = 0 ,@vlMonto_param = 489 
04/08/2016 21:57:12 | Exec sp_obtenerComision_v4_7 @tpComprobante_param = 'FA' ,@vlTotalGeneral_param = 489 ,@tpComision_param = 'A Clientes' ,@tpCliente_param = 'A Clientes' ,@dsCodigoDestinos_param = '''Viaje'',null,450' 
04/08/2016 21:57:12 | Exec sp_obtenerComision_v4_7 @tpComprobante_param = 'FA' ,@vlTotalGeneral_param = 489 ,@tpComision_param = 'A Clientes' ,@tpCliente_param = 'A Clientes' ,@dsCodigoDestinos_param = '''Viaje'',null,450' 
04/08/2016 21:57:12 |  SELECT tb_parametros.dsParametro ,tb_parametros.vlParametro ,tb_parametros.tpParametro ,tb_parametros.flEditable ,tb_parametros.nrTamanio ,tb_parametros.dtActualizacion  FROM tb_parametros  WHERE tb_parametros.dsParametro = 'MONTO_EXIGE_CUIT_CUIL'  
04/08/2016 21:57:12 |  SELECT TB_Cajas.nrCaja  FROM TB_Cajas  WHERE TB_Cajas.nrCaja = 1000010107  AND  TB_Cajas.flEstado = 0  
04/08/2016 21:57:14 | Exec sco_DiccionariodeDatos @nmtabla_param='sp_eliminarFisicamenteunComprobanteEliminadoLogicamente_v2_5'
04/08/2016 21:57:14 | Exec sp_eliminarFisicamenteunComprobanteEliminadoLogicamente_v2_5 @nrTalonario_param = '0006' ,@nrComprobante_param = '00633562' ,@tpComprobante_param = 'FA' ,@tpLetra_param = 'B' 
04/08/2016 21:57:14 | Exec spu_obtener_puntosdeventa_facturacion_v4_7 @nrPuesto_param = 1 ,@tipo_iva = 'CF' ,@auto_impresor = 'S' ,@tpFormadePago = null ,@tpComprobante = 'FA' 
04/08/2016 21:57:14 |  INSERT TB_Comprobantes (nrComprobante ,nrTalonario ,vlPagoReales ,nrDoc ,tpLetra ,cdCliente ,dsRazonSocial ,vlTotalGeneral ,dsLeyenda ,vlPagoEuros ,nmEmpleado ,nrPuesto ,nrCaja ,nrLicencia ,nrBultos ,nrPasajeros ,tpComprobante ,vlPagoDolares ,vlPagoPesos ,nmLicenciatario ,dtComprobante ,dsEmail ,vlSubtotal ,vlIVA ,cdCondVenta ,tpComision ,tpIVA ,dsOpcional3 ,cdCodBar ,dtCaja ,dtInsercion ,dsOpcional1 ,nrCAI ,dtVencimiento ,vlDiaDolar ,vlDiaEuro ,vlDiaReal ,dsOpcional2 ,dsUsuario ,flSincronizado ,flManual ,nrTarjeta ,tpDocTarjeta ,nrDocTarjeta )  VALUES ('00633562' ,'0006' ,0.00 ,null ,'B' ,1 ,'Consumidor Final' ,489.00 ,null ,0.00 ,'BARBARA FAZZALARI' ,1 ,1000010107 ,12 ,null ,null ,'FA' ,0.00 ,0.00 ,'ABEGAO CARLOS' ,'04/08/2016' ,null ,489.00 ,0.00 ,'Tarjeta de Crédito' ,'A Clientes' ,'CF' ,'307082499190100063506310668186314012017' ,'000600633562012' ,'04/08/2016 9:57:14' ,'04/08/2016 9:57:14' ,'21:57' ,'35063106681863' ,'14/01/2017' ,9.1 ,10 ,3.21 ,'CENTRO - CAPITAL FEDERAL CON PEAJES  (1 DESTINO) ' ,'BFAZZALARI' ,0 ,'N' ,'0' ,'DNI' ,'0' )
04/08/2016 21:57:14 | Exec sco_DiccionariodeDatos @nmtabla_param='DiccionariodeDatos'
04/08/2016 21:57:14 |  UPDATE DiccionariodeDatos SET DiccionariodeDatos.vlPuesto1  = '633562'   WHERE DiccionariodeDatos.nmTabla = 'TB_Comprobantes'  AND  DiccionariodeDatos.nmCampo = 'nrComprobante'  
04/08/2016 21:57:14 | Exec sco_DiccionariodeDatos @nmtabla_param='TB_ComprobantesDetalle'
04/08/2016 21:57:15 |  INSERT TB_ComprobantesDetalle (nrTalonario ,nrComprobante ,tpComprobante ,tpLetra ,nrItem ,cdProducto ,dsProducto ,tpOperacion ,vlPorcentaje ,vlPrecioPeaje ,vlKilometros ,vlPrecioViaje ,vlPrecioTC ,vlPrecioTD ,vlRecargoTC ,vlRecargoTD ,dtInsercion ,flSincronizado ,nrCaja ,nrPuesto )  VALUES ('0006' ,'00633562' ,'FA' ,'B' ,1 ,90001 ,'CENTRO - CAPITAL FEDERAL CON PEAJES  (1 DESTINO) ' ,'Viaje' ,0 ,0 ,null ,450 ,'489' ,'489' ,'39' ,'39' ,'04/08/2016' ,0 ,1000010107 ,1 )
04/08/2016 21:57:15 | Exec sp_obtenerComision_v4_7 @tpComprobante_param = 'FA' ,@vlTotalGeneral_param = 489 ,@tpComision_param = 'A Clientes' ,@tpCliente_param = 'A Clientes' ,@dsCodigoDestinos_param = '''Viaje'',null,450' 
04/08/2016 21:57:15 | Exec sco_DiccionariodeDatos @nmtabla_param='TB_Cupones'
04/08/2016 21:57:15 | Exec SP_ObtenerMaxnrCupon_v2_7 
04/08/2016 21:57:15 |  INSERT TB_Cupones (nrTalonarioCliente ,nrComprabanteCliente ,tpComprobanteCliente ,tpLetraCliente ,cdCliente ,nrPuesto ,nrLicencia ,nmLicenciatario ,vlMontoCupon ,vlPagoPesos ,vlPagoDolares ,vlPagoEuros ,vlPagoReales ,nrCantidadBultos ,tpCupon ,dsDestino ,dsHoraViaje ,dsLeyenda ,flCobradoalCliente ,flCompensado ,vlaFavordelLicenciatario ,vlafavorAdmin ,vlComision ,dtCajaCliente ,nrCajaCliente ,dtCupon ,dsUsuario ,nrPasajeros ,flSincronizado ,vlIVA ,vlSubtotal ,cdCodBar ,nrCupon ,nrTarjeta ,tpDocTarjeta ,nrDocTarjeta ,vlRecargoTarjeta )  VALUES ('0006' ,'00633562' ,'FA' ,'B' ,1 ,1 ,12 ,'ABEGAO CARLOS' ,489.00 ,0.00 ,0.00 ,0.00 ,0.00 ,null ,'Tarjeta de Crédito' ,'CENTRO - CAPITAL FEDERAL CON PEAJES  (1 DESTINO) ' ,'21:57' ,null ,0 ,0 ,453 ,0 ,36 ,'04/08/2016 9:57:15' ,1000010107 ,'04/08/2016 9:57:15' ,'BFAZZALARI' ,null ,0 ,0.00 ,489.00 ,'000600633562012' ,70 ,'0' ,'DNI' ,'0' ,39 )
04/08/2016 21:57:15 |  UPDATE DiccionariodeDatos SET DiccionariodeDatos.vlPuesto1  = '70'   WHERE DiccionariodeDatos.nmTabla = 'TB_Cupones'  AND  DiccionariodeDatos.nmCampo = 'nrCupon'  
04/08/2016 21:57:15 | Exec sco_DiccionariodeDatos @nmtabla_param='spu_actualizar_puntosdeventa_facturacion_v4_7'
04/08/2016 21:57:15 | Exec spu_actualizar_puntosdeventa_facturacion_v4_7 @nrPuesto_param = 1 ,@tipo_iva = 'CF' ,@auto_impresor = 'S' ,@tpFormadePago = null ,@tpComprobante = 'FA' ,@nrComprobante = 633562 
04/08/2016 21:57:15 | Exec sco_DiccionariodeDatos @nmtabla_param='SP_PrepararReimpresiondeComprobante_v4_9'
04/08/2016 21:57:15 | Exec SP_PrepararReimpresiondeComprobante_v4_9 @nrTalonario = '0006' ,@nrComprobante = '00633562' ,@tpComprobante = 'FA' ,@tpLetra = 'B' ,@dsUsuario = 'BFAZZALARI' 
04/08/2016 21:57:30 | Exec sco_DiccionariodeDatos @nmtabla_param='SP_eliminarTablasImpresion_v4_7'
04/08/2016 21:57:30 | Exec SP_eliminarTablasImpresion_v4_7 @dsUsuario = 'BFAZZALARI' 
04/08/2016 21:57:30 | Exec sp_obtenerComision_v4_7 @tpComprobante_param = null ,@vlTotalGeneral_param = 0 ,@tpComision_param = 'A Clientes' ,@tpCliente_param = 'A Clientes' ,@dsCodigoDestinos_param = null 
04/08/2016 21:57:30 | Exec spu_obtener_puntosdeventa_facturacion_v4_7 @nrPuesto_param = 1 ,@tipo_iva = 'CF' ,@auto_impresor = 'S' ,@tpFormadePago = null ,@tpComprobante = 'FA' 
04/08/2016 21:57:31 | Exec spu_obtener_puntosdeventa_facturacion_v4_7 @nrPuesto_param = 1 ,@tipo_iva = 'CF' ,@auto_impresor = 'S' ,@tpFormadePago = null ,@tpComprobante = 'FA' 
04/08/2016 21:57:31 | Exec sp_obtenerComision_v4_7 @tpComprobante_param = 'FA' ,@vlTotalGeneral_param = 0 ,@tpComision_param = 'A Clientes' ,@tpCliente_param = 'A Clientes' ,@dsCodigoDestinos_param = null 
04/08/2016 21:57:31 | Exec sp_obtenerComision_v4_7 @tpComprobante_param = 'FA' ,@vlTotalGeneral_param = 0 ,@tpComision_param = 'A Clientes' ,@tpCliente_param = 'A Clientes' ,@dsCodigoDestinos_param = null 
04/08/2016 21:57:31 | Exec sp_obtenerComision_v4_7 @tpComprobante_param = 'FA' ,@vlTotalGeneral_param = 0 ,@tpComision_param = 'A Clientes' ,@tpCliente_param = 'A Clientes' ,@dsCodigoDestinos_param = null 
04/08/2016 21:57:51 | Exec sco_AccesosOpcionesMenu @p_tpNivelAcceso = 'Puestos' ,@p_operaconcaja = 1 
04/08/2016 21:57:54 |  SELECT TB_Cajas.nrCaja  FROM TB_Cajas  WHERE TB_Cajas.nrCaja = 1000010107  AND  TB_Cajas.flEstado = 0  
04/08/2016 21:57:54 |  SELECT tb_parametros.dsParametro ,tb_parametros.vlParametro ,tb_parametros.tpParametro ,tb_parametros.flEditable ,tb_parametros.nrTamanio ,tb_parametros.dtActualizacion  FROM tb_parametros  WHERE tb_parametros.dsParametro = 'FONDO_FIJO_MINIMO'  
04/08/2016 21:57:54 |  SELECT TB_Cajas.vlSaldoInicialPesos ,TB_Cajas.vlSaldoInicialDolares ,TB_Cajas.vlSaldoInicialEuros ,TB_Cajas.vlSaldoInicialReales ,TB_Cajas.vlDiaEuro ,TB_Cajas.vlDiaDolar ,TB_Cajas.vlDiaReal ,TB_Cajas.dsUsuario ,TB_Cajas.dtApertura ,TB_Cajas.dtCierre  FROM TB_Cajas  WHERE TB_Cajas.nrCaja = 1000010107  
04/08/2016 21:57:54 | Exec sco_DiccionariodeDatos @nmtabla_param='SP_SumaCajaPuestosCondVenta_v3_7'
04/08/2016 21:57:54 | Exec SP_SumaCajaPuestosCondVenta_v3_7 @pnrCaja_param = 1000010107 
04/08/2016 21:57:54 | Exec sco_cajapuesto_v3_9 @nrCaja_param = 1000010107 
04/08/2016 21:57:54 | Exec SP_SumaCajaPuestosCondVenta_v3_7 @pnrCaja_param = 1000010107 
04/08/2016 21:57:58 | Exec SP_SumaCajaPuestosCondVenta_v3_7 @pnrCaja_param = 1000010107 
04/08/2016 21:57:59 | Exec SP_SumaCajaPuestosCondVenta_v3_7 @pnrCaja_param = 1000010107 
04/08/2016 21:58:02 | Exec SP_SumaCajaPuestosCondVenta_v3_7 @pnrCaja_param = 1000010107 
04/08/2016 21:58:05 | Exec SP_SumaCajaPuestosCondVenta_v3_7 @pnrCaja_param = 1000010107 
04/08/2016 21:58:06 | Exec SP_SumaCajaPuestosCondVenta_v3_7 @pnrCaja_param = 1000010107 
04/08/2016 21:58:07 | Exec SP_SumaCajaPuestosCondVenta_v3_7 @pnrCaja_param = 1000010107 
04/08/2016 21:58:07 |  SELECT TB_Cajas.vlSaldoInicialPesos ,TB_Cajas.vlSaldoInicialDolares ,TB_Cajas.vlSaldoInicialEuros ,TB_Cajas.vlSaldoInicialReales ,TB_Cajas.vlDiaEuro ,TB_Cajas.vlDiaDolar ,TB_Cajas.vlDiaReal ,TB_Cajas.dsUsuario ,TB_Cajas.dtApertura ,TB_Cajas.dtCierre  FROM TB_Cajas  WHERE TB_Cajas.nrCaja = 1000010107  
04/08/2016 21:58:07 | Exec SP_SumaCajaPuestosCondVenta_v3_7 @pnrCaja_param = 1000010107 
04/08/2016 21:58:08 |  UPDATE TB_Cajas SET TB_Cajas.flEstado  = 1 ,TB_Cajas.hrCierre  = '21:58' ,TB_Cajas.flSincronizado  = 1 ,TB_Cajas.vlDiferenciaDeCierre  = 0.00 ,TB_Cajas.dsDiferenciaDeCierre  = null ,TB_Cajas.vlSaldoFinalPesos  = 1900 ,TB_Cajas.vlSaldoFinalDolares  = 100 ,TB_Cajas.vlSaldoFinalEuros  = 50 ,TB_Cajas.vlTotalSaldoFinal  = 3310.00 ,TB_Cajas.vlSaldoFinalRealPesos  = 1900 ,TB_Cajas.vlSaldoFinalRealDolares  = 100.00 ,TB_Cajas.vlSaldoFinalRealEuros  = 50.00 ,TB_Cajas.vlSaldoFinalRealReales  = 0.00 ,TB_Cajas.vlTotalSaldoFinalReal  = 3310.00 ,TB_Cajas.dsObservacion  = null ,TB_Cajas.dtObservacion  = '04/08/2016 9:58:08' ,TB_Cajas.vlCierrePesos  = 900.00 ,TB_Cajas.vlCierreDolares  = 0.00 ,TB_Cajas.vlCierreEuros  = 0.00 ,TB_Cajas.vlCierreReales  = 0.00 ,TB_Cajas.vlFondoFijoPesos  = 1000.00 ,TB_Cajas.vlFondoFijoDolares  = 100.00 ,TB_Cajas.vlFondoFijoEuros  = 50.00 ,TB_Cajas.vlFondoFijoReales  = 0.00 ,TB_Cajas.vlTotalSaldoCierre  = 900.00 ,TB_Cajas.dtCierre  = '04/08/2016 9:58:08'   WHERE TB_Cajas.nrCaja = 1000010107  
04/08/2016 21:58:17 | Exec sco_DiccionariodeDatos @nmtabla_param='rpt_cierredecaja_v4_9'
04/08/2016 21:58:17 | Exec rpt_cierredecaja_v4_9 @nrCaja_param = 1000010107 
04/08/2016 21:59:58 |  SELECT TB_Parametros.vlParametro  FROM TB_Parametros  WHERE TB_Parametros.dsParametro = 'VALOR EURO'  
04/08/2016 21:59:58 |  SELECT TB_Parametros.vlParametro  FROM TB_Parametros  WHERE TB_Parametros.dsParametro = 'VALOR DOLAR'  
04/08/2016 21:59:58 | Exec SP_ValorPromoRetorno
04/08/2016 21:59:58 |  SELECT TB_Comisiones.vlMontoMinimo  FROM TB_Comisiones  WHERE TB_Comisiones.tpComision = 'Retorno'  AND  TB_Comisiones.flEliminar = 0  
04/08/2016 21:59:58 |  SELECT TB_Parametros.vlParametro  FROM TB_Parametros  WHERE TB_Parametros.dsParametro = 'VALOR REAL'  
04/08/2016 21:59:58 |  SELECT TB_Cajas.nrCaja  FROM TB_Cajas  WHERE TB_Cajas.dsUsuario = 'BFAZZALARI'  and  TB_Cajas.flEstado = 0  and  TB_Cajas.tpEstadoAprobacion IS NULL  and  TB_Cajas.nrcaja > 0  
04/08/2016 22:00:00 | Exec sco_DiccionariodeDatos @nmtabla_param='sco_FondoFijoCajaAnterior_v3_7'
04/08/2016 22:00:00 | Exec sco_FondoFijoCajaAnterior_v3_7 @nrPuesto = 1 
04/08/2016 22:00:01 | Exec sco_DiccionariodeDatos @nmtabla_param='SP_ObtenerMaxnrCaja_v2_8'
04/08/2016 22:00:01 | Exec SP_ObtenerMaxnrCaja_v2_8 @nrPuesto = 1 
04/08/2016 22:00:01 |  INSERT TB_Cajas (nrCaja ,vlFondoFijoEuros ,nrPuesto ,dsUsuario ,vlFondoFijoReales ,dtApertura ,dtCierre ,vlDiaDolar ,vlDiaEuro ,vlSaldoInicialPesos ,vlSaldoInicialReales ,vlSaldoInicialEuros ,vlFondoFijoPesos ,dsDiferenciaDeCierre ,vlDiaReal ,vlFondoFijoDolares ,vlSaldoInicialDolares ,vlSaldoFinalDolares ,vlCierreDolares ,vlSaldoFinalRealDolares ,vlDiferenciaDeCierre ,dtObservacion ,dsObservacion ,vlSaldoFinalPesos ,vlSaldoFinalReales ,vlSaldoFinalEuros ,vlTotalSaldoFinal ,vlSaldoFinalRealPesos ,vlSaldoFinalRealReales ,vlSaldoFinalRealEuros ,vlTotalSaldoFinalReal ,vlCierrePesos ,vlCierreReales ,vlCierreEuros ,vlTotalSaldoCierre ,flSincronizado ,hrApertura )  VALUES (1000010108 ,null ,1 ,'BFAZZALARI' ,null ,'04/08/2016 10:00:00' ,null ,9.10 ,10 ,1000.00 ,0.00 ,50.00 ,null ,null ,3.21 ,null ,100.00 ,100.00 ,-100.00 ,null ,0.00 ,null ,null ,1000.00 ,0.00 ,50.00 ,0.00 ,null ,null ,null ,0.00 ,-1000.00 ,0.00 ,-50.00 ,0 ,0 ,'22:00' )
04/08/2016 22:00:01 |  UPDATE DiccionariodeDatos SET DiccionariodeDatos.vlPuesto1  = '1000010108'   WHERE DiccionariodeDatos.nmTabla = 'TB_Cajas'  AND  DiccionariodeDatos.nmCampo = 'nrCaja'  
04/08/2016 22:00:02 | Exec sco_AccesosOpcionesMenu @p_tpNivelAcceso = 'Puestos' ,@p_operaconcaja = 1 
04/08/2016 22:00:07 | Exec sco_DiccionariodeDatos @nmtabla_param='VW_CajasPuestos_v2_5'
04/08/2016 22:00:07 |  SELECT VW_CajasPuestos_v2_5.nrCaja ,VW_CajasPuestos_v2_5.dtApertura ,VW_CajasPuestos_v2_5.dtCierre ,VW_CajasPuestos_v2_5.nrPuesto ,VW_CajasPuestos_v2_5.dsUsuario ,VW_CajasPuestos_v2_5.vlDiferenciaDeCierre ,VW_CajasPuestos_v2_5.dsUsuario ,VW_CajasPuestos_v2_5.vlSaldoInicialPesos ,VW_CajasPuestos_v2_5.vlSaldoFinalPesos ,VW_CajasPuestos_v2_5.flSincronizado ,VW_CajasPuestos_v2_5.tpEstadoAprobacion  FROM VW_CajasPuestos_v2_5  WHERE VW_CajasPuestos_v2_5.tpAcceso = 'Puestos' AND VW_CajasPuestos_v2_5.dtApertura >= '20/07/2016 00:00:00'  AND  VW_CajasPuestos_v2_5.dtApertura <= '04/08/2016 23:59:59'  AND   nrCaja Like ('%%%') AND VW_CajasPuestos_v2_5.dsUsuario = 'BFAZZALARI'   Order by VW_CajasPuestos_v2_5.dtApertura DESC 
04/08/2016 22:00:08 |  SELECT TB_Cajas.nrCaja ,TB_Cajas.vlFondoFijoEuros ,TB_Cajas.nrPuesto ,TB_Cajas.dsUsuario ,TB_Cajas.vlFondoFijoReales ,TB_Cajas.dtApertura ,TB_Cajas.dtCierre ,TB_Cajas.vlDiaDolar ,TB_Cajas.vlDiaEuro ,TB_Cajas.vlSaldoInicialPesos ,TB_Cajas.vlSaldoInicialReales ,TB_Cajas.vlSaldoInicialEuros ,TB_Cajas.vlFondoFijoPesos ,TB_Cajas.dsDiferenciaDeCierre ,TB_Cajas.vlDiaReal ,TB_Cajas.vlFondoFijoDolares ,TB_Cajas.vlSaldoInicialDolares ,TB_Cajas.vlSaldoFinalDolares ,TB_Cajas.vlCierreDolares ,TB_Cajas.vlSaldoFinalRealDolares ,TB_Cajas.vlDiferenciaDeCierre ,TB_Cajas.dtObservacion ,TB_Cajas.dsObservacion ,TB_Cajas.vlSaldoFinalPesos ,TB_Cajas.vlSaldoFinalReales ,TB_Cajas.vlSaldoFinalEuros ,TB_Cajas.vlTotalSaldoFinal ,TB_Cajas.vlSaldoFinalRealPesos ,TB_Cajas.vlSaldoFinalRealReales ,TB_Cajas.vlSaldoFinalRealEuros ,TB_Cajas.vlTotalSaldoFinalReal ,TB_Cajas.vlCierrePesos ,TB_Cajas.vlCierreReales ,TB_Cajas.vlCierreEuros ,TB_Cajas.vlTotalSaldoCierre ,TB_Cajas.flEstado  FROM TB_Cajas  WHERE TB_Cajas.nrCaja = 1000010107  
04/08/2016 22:00:09 | Exec sco_DiccionariodeDatos @nmtabla_param='SP_ObtenerResumenCajaPuesto_v3_7'
04/08/2016 22:00:09 | Exec SP_ObtenerResumenCajaPuesto_v3_7 @nrCaja = 1000010107 
04/08/2016 22:00:09 | Exec sco_DiccionariodeDatos @nmtabla_param='rpt_ComprobantesManuales_cajapuesto_v3_7'
04/08/2016 22:00:09 | Exec rpt_ComprobantesManuales_cajapuesto_v3_7 @nrCaja_param = 1000010107 
04/08/2016 22:00:19 | Exec SP_ObtenerResumenCajaPuesto_v3_7 @nrCaja = 1000010107 
04/08/2016 22:00:20 | Exec rpt_ComprobantesManuales_cajapuesto_v3_7 @nrCaja_param = 1000010107 
04/08/2016 22:00:41 | Exec sco_AccesosOpcionesMenu @p_tpNivelAcceso = 'Puestos' ,@p_operaconcaja = 1 
