28/08/2016 09:24:26 | Exec  sco_TB_Productos_v4_1 
28/08/2016 09:24:26 | Exec sco_DiccionariodeDatos @nmtabla_param='TB_Usuarios'
28/08/2016 09:24:49 |  SELECT TB_Usuarios.dsUsuario ,TB_Usuarios.dspassword ,TB_Usuarios.tpAcceso ,TB_Usuarios.nmNombre ,TB_Usuarios.nmApellido ,TB_Usuarios.flBloqueado ,TB_Usuarios.tpNivelJerarquico  FROM TB_Usuarios  WHERE TB_Usuarios.dsUsuario = 'CAMILAP'  AND  TB_Usuarios.flEliminar = 0  
28/08/2016 09:24:49 |  SELECT TB_Usuarios.dsUsuario ,TB_Usuarios.dspassword ,TB_Usuarios.tpAcceso ,TB_Usuarios.nmNombre ,TB_Usuarios.nmApellido ,TB_Usuarios.flBloqueado ,TB_Usuarios.tpNivelJerarquico  FROM TB_Usuarios  WHERE TB_Usuarios.dsUsuario = 'CAMILAP'  AND  TB_Usuarios.flEliminar = 0  
28/08/2016 09:24:49 | Exec sco_DiccionariodeDatos @nmtabla_param='sp_obtenerCajasPendientesdeAprobacion_v2_5'
28/08/2016 09:24:49 | Exec sp_obtenerCajasPendientesdeAprobacion_v2_5 @pdsUsuario_param = 'CAMILAP' 
28/08/2016 09:24:49 | Exec sp_obtenerCajasRechazadas_v2_9 
28/08/2016 09:24:49 | Exec sco_DiccionariodeDatos @nmtabla_param='TB_Parametros'
28/08/2016 09:24:49 |  SELECT TB_Parametros.vlParametro  FROM TB_Parametros  WHERE TB_Parametros.dsParametro = 'VALOR EURO'  
28/08/2016 09:24:49 |  SELECT TB_Parametros.vlParametro  FROM TB_Parametros  WHERE TB_Parametros.dsParametro = 'VALOR DOLAR'  
28/08/2016 09:24:49 | Exec SP_ValorPromoRetorno
28/08/2016 09:24:49 | Exec sco_DiccionariodeDatos @nmtabla_param='TB_Comisiones'
28/08/2016 09:24:49 |  SELECT TB_Comisiones.vlMontoMinimo  FROM TB_Comisiones  WHERE TB_Comisiones.tpComision = 'Retorno'  AND  TB_Comisiones.flEliminar = 0  
28/08/2016 09:24:49 |  SELECT TB_Parametros.vlParametro  FROM TB_Parametros  WHERE TB_Parametros.dsParametro = 'VALOR REAL'  
28/08/2016 09:24:49 | Exec sco_DiccionariodeDatos @nmtabla_param='TB_Cajas'
28/08/2016 09:24:49 |  SELECT TB_Cajas.nrCaja  FROM TB_Cajas  WHERE TB_Cajas.dsUsuario = 'CAMILAP'  and  TB_Cajas.flEstado = 0  and  TB_Cajas.tpEstadoAprobacion IS NULL  and  TB_Cajas.nrcaja > 0  
28/08/2016 09:24:50 |  SELECT TB_Cajas.nrCaja ,TB_Cajas.vlTotalSaldoFinal ,TB_Cajas.nrPuesto ,TB_Cajas.dsUsuario ,TB_Cajas.vlSaldoInicialPesos ,TB_Cajas.dtApertura ,TB_Cajas.dtCierre ,TB_Cajas.vlDiaDolar ,TB_Cajas.vlDiaEuro ,TB_Cajas.vlSaldoInicialEuros ,TB_Cajas.vlSaldoInicialDolares ,TB_Cajas.vlSaldoFinalRealPesos ,TB_Cajas.vlTotalSaldoInicial ,TB_Cajas.dtObservacion ,TB_Cajas.vlCierrePesos ,TB_Cajas.vlSaldoFinalRealDolares ,TB_Cajas.vlSaldoFinalRealEuros ,TB_Cajas.vlTotalSaldoFinalReal ,TB_Cajas.vlCierreDolares ,TB_Cajas.vlCierreEuros ,TB_Cajas.dsObservacion ,TB_Cajas.vlDiaReal ,TB_Cajas.flEstado  FROM TB_Cajas  WHERE TB_Cajas.nrCaja = 9000003773  
28/08/2016 09:24:50 | Exec sco_DiccionariodeDatos @nmtabla_param='SP_SumaCajaADM_v2_9'
28/08/2016 09:24:50 | Exec SP_SumaCajaADM_v2_9 @nrCaja_param = 9000003773 ,@tpCaja_param = 'CA' ,@tpCajaImputacion_param = null 
28/08/2016 09:24:50 |  UPDATE TB_Cajas SET TB_Cajas.vlSaldoFinalRealPesos  = 155.08 ,TB_Cajas.vlSaldoFinalRealEuros  = 0.00 ,TB_Cajas.vlSaldoFinalRealDolares  = 0.00 ,TB_Cajas.vlCierrePesos  = 155.08 ,TB_Cajas.vlCierreDolares  = 0 ,TB_Cajas.vlCierreEuros  = 0   WHERE TB_Cajas.nrCaja = 9000003773  
28/08/2016 09:24:52 |  UPDATE TB_Cajas SET TB_Cajas.nrCaja  = 9000003773 ,TB_Cajas.vlTotalSaldoFinal  = 155.08 ,TB_Cajas.nrPuesto  = 9 ,TB_Cajas.dsUsuario  = 'CAMILAP' ,TB_Cajas.vlSaldoInicialPesos  = 0.00 ,TB_Cajas.dtApertura  = '19/08/2015 11:17:24' ,TB_Cajas.dtCierre  = null ,TB_Cajas.vlDiaDolar  = 9.10 ,TB_Cajas.vlDiaEuro  = 10.00 ,TB_Cajas.vlSaldoInicialEuros  = 0.00 ,TB_Cajas.vlSaldoInicialDolares  = 0.00 ,TB_Cajas.vlSaldoFinalRealPesos  = 155.08 ,TB_Cajas.vlTotalSaldoInicial  = 0.00 ,TB_Cajas.dtObservacion  = '28/08/2016 9:24:52' ,TB_Cajas.vlCierrePesos  = 155.08 ,TB_Cajas.vlSaldoFinalRealDolares  = 0.00 ,TB_Cajas.vlSaldoFinalRealEuros  = 0.00 ,TB_Cajas.vlTotalSaldoFinalReal  = 155.08 ,TB_Cajas.vlCierreDolares  = 0 ,TB_Cajas.vlCierreEuros  = 0 ,TB_Cajas.dsObservacion  = null ,TB_Cajas.vlDiaReal  = 3.21 ,TB_Cajas.flCajaAdm  = 1   WHERE TB_Cajas.nrCaja = 9000003773  
28/08/2016 09:24:52 | Exec sco_DiccionariodeDatos @nmtabla_param='VW_UltimaCajaAdm'
28/08/2016 09:24:52 |  SELECT VW_UltimaCajaAdm.nrCaja ,VW_UltimaCajaAdm.vlSaldoFinalRealPesos ,VW_UltimaCajaAdm.vlSaldoFinalRealEuros ,VW_UltimaCajaAdm.vlSaldoFinalRealDolares  FROM VW_UltimaCajaAdm 
28/08/2016 09:24:52 |  SELECT TB_Cajas.nrCaja  FROM TB_Cajas  WHERE TB_Cajas.nrCaja = 9000003773  AND  TB_Cajas.flEstado = 0  
28/08/2016 09:24:52 | Exec sco_DiccionariodeDatos @nmtabla_param='sco_cajapuesto_v3_9'
28/08/2016 09:24:52 | Exec sco_cajapuesto_v3_9 @nrCaja_param = 9000003772 
28/08/2016 09:24:52 | Exec sco_cajapuesto_v3_9 @nrCaja_param = 9000003773 
28/08/2016 09:24:52 | Exec sco_DiccionariodeDatos @nmtabla_param='spu_esdifporCotizacionImputadas_v3_9'
28/08/2016 09:24:52 | Exec spu_esdifporCotizacionImputadas_v3_9 @nrCajaAdmActual = 9000003773 
28/08/2016 09:24:52 | Exec sco_validarVencimientosCAI_v4_1
28/08/2016 09:24:54 | Exec sco_DiccionariodeDatos @nmtabla_param='sco_AccesosOpcionesMenu'
28/08/2016 09:24:54 | Exec sco_AccesosOpcionesMenu @p_tpNivelAcceso = 'Administración' ,@p_operaconcaja = 1 
28/08/2016 09:24:54 | Exec sco_AccesosOpcionesMenu @p_tpNivelAcceso = 'Administración' ,@p_operaconcaja = 1 
28/08/2016 09:25:01 | Exec sco_DiccionariodeDatos @nmtabla_param='VW_CajasPuestos_v2_5'
28/08/2016 09:25:01 |  SELECT VW_CajasPuestos_v2_5.nrCaja ,VW_CajasPuestos_v2_5.dtApertura ,VW_CajasPuestos_v2_5.dtCierre ,VW_CajasPuestos_v2_5.nrPuesto ,VW_CajasPuestos_v2_5.dsUsuario ,VW_CajasPuestos_v2_5.vlDiferenciaDeCierre ,VW_CajasPuestos_v2_5.dsUsuario ,VW_CajasPuestos_v2_5.vlSaldoInicialPesos ,VW_CajasPuestos_v2_5.vlSaldoFinalPesos ,VW_CajasPuestos_v2_5.flSincronizado ,VW_CajasPuestos_v2_5.tpEstadoAprobacion  FROM VW_CajasPuestos_v2_5  WHERE VW_CajasPuestos_v2_5.nrPuesto <> 9 AND VW_CajasPuestos_v2_5.dtApertura >= '13/08/2016 00:00:00'  AND  VW_CajasPuestos_v2_5.dtApertura <= '28/08/2016 23:59:59'  AND   nrCaja Like ('%%%') Order by VW_CajasPuestos_v2_5.dtApertura DESC 
28/08/2016 09:25:02 | Exec sco_AccesosOpcionesMenu @p_tpNivelAcceso = 'Administración' ,@p_operaconcaja = 1 
28/08/2016 09:25:07 |  SELECT VW_CajasPuestos_v2_5.nrCaja ,VW_CajasPuestos_v2_5.dtApertura ,VW_CajasPuestos_v2_5.dtCierre ,VW_CajasPuestos_v2_5.nrPuesto ,VW_CajasPuestos_v2_5.dsUsuario ,VW_CajasPuestos_v2_5.vlDiferenciaDeCierre ,VW_CajasPuestos_v2_5.dsUsuario ,VW_CajasPuestos_v2_5.vlSaldoInicialPesos ,VW_CajasPuestos_v2_5.vlTotalSaldoFinalReal  FROM VW_CajasPuestos_v2_5  WHERE VW_CajasPuestos_v2_5.dtApertura >= '13/08/2016 00:00:00'  AND  VW_CajasPuestos_v2_5.dtApertura <= '28/08/2016 23:59:59'  AND   CONVERT(char,dtApertura,103) LIKE ('%%%') AND VW_CajasPuestos_v2_5.tpAcceso = 'Administración'   Order by VW_CajasPuestos_v2_5.dtApertura DESC 
28/08/2016 09:25:12 | Exec SP_SumaCajaADM_v2_9 @nrCaja_param = null ,@tpCaja_param = 'CA' ,@tpCajaImputacion_param = null 
28/08/2016 09:25:45 | Exec  sco_TB_Productos_v4_1 
28/08/2016 09:25:45 | Exec sco_DiccionariodeDatos @nmtabla_param='TB_Usuarios'
28/08/2016 09:25:48 |  SELECT TB_Usuarios.dsUsuario ,TB_Usuarios.dspassword ,TB_Usuarios.tpAcceso ,TB_Usuarios.nmNombre ,TB_Usuarios.nmApellido ,TB_Usuarios.flBloqueado ,TB_Usuarios.tpNivelJerarquico  FROM TB_Usuarios  WHERE TB_Usuarios.dsUsuario = 'CAMILAP'  AND  TB_Usuarios.flEliminar = 0  
28/08/2016 09:25:48 |  SELECT TB_Usuarios.dsUsuario ,TB_Usuarios.dspassword ,TB_Usuarios.tpAcceso ,TB_Usuarios.nmNombre ,TB_Usuarios.nmApellido ,TB_Usuarios.flBloqueado ,TB_Usuarios.tpNivelJerarquico  FROM TB_Usuarios  WHERE TB_Usuarios.dsUsuario = 'CAMILAP'  AND  TB_Usuarios.flEliminar = 0  
28/08/2016 09:25:48 | Exec sco_DiccionariodeDatos @nmtabla_param='sp_obtenerCajasPendientesdeAprobacion_v2_5'
28/08/2016 09:25:48 | Exec sp_obtenerCajasPendientesdeAprobacion_v2_5 @pdsUsuario_param = 'CAMILAP' 
28/08/2016 09:25:48 | Exec sp_obtenerCajasRechazadas_v2_9 
28/08/2016 09:25:48 | Exec sco_DiccionariodeDatos @nmtabla_param='TB_Parametros'
28/08/2016 09:25:48 |  SELECT TB_Parametros.vlParametro  FROM TB_Parametros  WHERE TB_Parametros.dsParametro = 'VALOR EURO'  
28/08/2016 09:25:48 |  SELECT TB_Parametros.vlParametro  FROM TB_Parametros  WHERE TB_Parametros.dsParametro = 'VALOR DOLAR'  
28/08/2016 09:25:48 | Exec SP_ValorPromoRetorno
28/08/2016 09:25:48 | Exec sco_DiccionariodeDatos @nmtabla_param='TB_Comisiones'
28/08/2016 09:25:48 |  SELECT TB_Comisiones.vlMontoMinimo  FROM TB_Comisiones  WHERE TB_Comisiones.tpComision = 'Retorno'  AND  TB_Comisiones.flEliminar = 0  
28/08/2016 09:25:48 |  SELECT TB_Parametros.vlParametro  FROM TB_Parametros  WHERE TB_Parametros.dsParametro = 'VALOR REAL'  
28/08/2016 09:25:48 | Exec sco_DiccionariodeDatos @nmtabla_param='TB_Cajas'
28/08/2016 09:25:48 |  SELECT TB_Cajas.nrCaja  FROM TB_Cajas  WHERE TB_Cajas.dsUsuario = 'CAMILAP'  and  TB_Cajas.flEstado = 0  and  TB_Cajas.tpEstadoAprobacion IS NULL  and  TB_Cajas.nrcaja > 0  
28/08/2016 09:25:50 |  SELECT TB_Cajas.nrCaja ,TB_Cajas.vlTotalSaldoFinal ,TB_Cajas.nrPuesto ,TB_Cajas.dsUsuario ,TB_Cajas.vlSaldoInicialPesos ,TB_Cajas.dtApertura ,TB_Cajas.dtCierre ,TB_Cajas.vlDiaDolar ,TB_Cajas.vlDiaEuro ,TB_Cajas.vlSaldoInicialEuros ,TB_Cajas.vlSaldoInicialDolares ,TB_Cajas.vlSaldoFinalRealPesos ,TB_Cajas.vlTotalSaldoInicial ,TB_Cajas.dtObservacion ,TB_Cajas.vlCierrePesos ,TB_Cajas.vlSaldoFinalRealDolares ,TB_Cajas.vlSaldoFinalRealEuros ,TB_Cajas.vlTotalSaldoFinalReal ,TB_Cajas.vlCierreDolares ,TB_Cajas.vlCierreEuros ,TB_Cajas.dsObservacion ,TB_Cajas.vlDiaReal ,TB_Cajas.flEstado  FROM TB_Cajas  WHERE TB_Cajas.nrCaja = 9000003773  
28/08/2016 09:25:50 | Exec sco_DiccionariodeDatos @nmtabla_param='SP_SumaCajaADM_v2_9'
28/08/2016 09:25:50 | Exec SP_SumaCajaADM_v2_9 @nrCaja_param = 9000003773 ,@tpCaja_param = 'CA' ,@tpCajaImputacion_param = null 
28/08/2016 09:25:50 |  UPDATE TB_Cajas SET TB_Cajas.vlSaldoFinalRealPesos  = 155.08 ,TB_Cajas.vlSaldoFinalRealEuros  = 0.00 ,TB_Cajas.vlSaldoFinalRealDolares  = 0.00 ,TB_Cajas.vlCierrePesos  = 155.08 ,TB_Cajas.vlCierreDolares  = 0 ,TB_Cajas.vlCierreEuros  = 0   WHERE TB_Cajas.nrCaja = 9000003773  
28/08/2016 09:25:51 |  UPDATE TB_Cajas SET TB_Cajas.nrCaja  = 9000003773 ,TB_Cajas.vlTotalSaldoFinal  = 155.08 ,TB_Cajas.nrPuesto  = 9 ,TB_Cajas.dsUsuario  = 'CAMILAP' ,TB_Cajas.vlSaldoInicialPesos  = 0.00 ,TB_Cajas.dtApertura  = '19/08/2015 11:17:24' ,TB_Cajas.dtCierre  = null ,TB_Cajas.vlDiaDolar  = 9.10 ,TB_Cajas.vlDiaEuro  = 10.00 ,TB_Cajas.vlSaldoInicialEuros  = 0.00 ,TB_Cajas.vlSaldoInicialDolares  = 0.00 ,TB_Cajas.vlSaldoFinalRealPesos  = 155.08 ,TB_Cajas.vlTotalSaldoInicial  = 0.00 ,TB_Cajas.dtObservacion  = '28/08/2016 9:25:51' ,TB_Cajas.vlCierrePesos  = 155.08 ,TB_Cajas.vlSaldoFinalRealDolares  = 0.00 ,TB_Cajas.vlSaldoFinalRealEuros  = 0.00 ,TB_Cajas.vlTotalSaldoFinalReal  = 155.08 ,TB_Cajas.vlCierreDolares  = 0 ,TB_Cajas.vlCierreEuros  = 0 ,TB_Cajas.dsObservacion  = null ,TB_Cajas.vlDiaReal  = 3.21 ,TB_Cajas.flCajaAdm  = 1   WHERE TB_Cajas.nrCaja = 9000003773  
28/08/2016 09:25:51 | Exec sco_DiccionariodeDatos @nmtabla_param='VW_UltimaCajaAdm'
28/08/2016 09:25:51 |  SELECT VW_UltimaCajaAdm.nrCaja ,VW_UltimaCajaAdm.vlSaldoFinalRealPesos ,VW_UltimaCajaAdm.vlSaldoFinalRealEuros ,VW_UltimaCajaAdm.vlSaldoFinalRealDolares  FROM VW_UltimaCajaAdm 
28/08/2016 09:25:51 |  SELECT TB_Cajas.nrCaja  FROM TB_Cajas  WHERE TB_Cajas.nrCaja = 9000003773  AND  TB_Cajas.flEstado = 0  
28/08/2016 09:25:51 | Exec sco_DiccionariodeDatos @nmtabla_param='sco_cajapuesto_v3_9'
28/08/2016 09:25:51 | Exec sco_cajapuesto_v3_9 @nrCaja_param = 9000003772 
28/08/2016 09:25:51 | Exec sco_cajapuesto_v3_9 @nrCaja_param = 9000003773 
28/08/2016 09:25:51 | Exec sco_DiccionariodeDatos @nmtabla_param='spu_esdifporCotizacionImputadas_v3_9'
28/08/2016 09:25:51 | Exec spu_esdifporCotizacionImputadas_v3_9 @nrCajaAdmActual = 9000003773 
28/08/2016 09:25:51 | Exec sco_validarVencimientosCAI_v4_1
28/08/2016 09:25:52 | Exec sco_DiccionariodeDatos @nmtabla_param='sco_AccesosOpcionesMenu'
28/08/2016 09:25:52 | Exec sco_AccesosOpcionesMenu @p_tpNivelAcceso = 'Administración' ,@p_operaconcaja = 1 
28/08/2016 09:25:53 | Exec sco_AccesosOpcionesMenu @p_tpNivelAcceso = 'Administración' ,@p_operaconcaja = 1 
28/08/2016 09:25:57 | Exec sco_DiccionariodeDatos @nmtabla_param='VW_CajasPuestos_v2_5'
28/08/2016 09:25:57 |  SELECT VW_CajasPuestos_v2_5.nrCaja ,VW_CajasPuestos_v2_5.dtApertura ,VW_CajasPuestos_v2_5.dtCierre ,VW_CajasPuestos_v2_5.nrPuesto ,VW_CajasPuestos_v2_5.dsUsuario ,VW_CajasPuestos_v2_5.vlDiferenciaDeCierre ,VW_CajasPuestos_v2_5.dsUsuario ,VW_CajasPuestos_v2_5.vlSaldoInicialPesos ,VW_CajasPuestos_v2_5.vlTotalSaldoFinalReal  FROM VW_CajasPuestos_v2_5  WHERE VW_CajasPuestos_v2_5.dtApertura >= '13/08/2016 00:00:00'  AND  VW_CajasPuestos_v2_5.dtApertura <= '28/08/2016 23:59:59'  AND   CONVERT(char,dtApertura,103) LIKE ('%%%') AND VW_CajasPuestos_v2_5.tpAcceso = 'Administración'   Order by VW_CajasPuestos_v2_5.dtApertura DESC 
28/08/2016 09:26:16 |  SELECT VW_CajasPuestos_v2_5.nrCaja ,VW_CajasPuestos_v2_5.dtApertura ,VW_CajasPuestos_v2_5.dtCierre ,VW_CajasPuestos_v2_5.nrPuesto ,VW_CajasPuestos_v2_5.dsUsuario ,VW_CajasPuestos_v2_5.vlDiferenciaDeCierre ,VW_CajasPuestos_v2_5.dsUsuario ,VW_CajasPuestos_v2_5.vlSaldoInicialPesos ,VW_CajasPuestos_v2_5.vlTotalSaldoFinalReal  FROM VW_CajasPuestos_v2_5  WHERE VW_CajasPuestos_v2_5.dtApertura >= '20/04/2015 00:00:00'  AND  VW_CajasPuestos_v2_5.dtApertura <= '28/08/2016 23:59:59'  AND   nrCaja Like ('%%%') AND VW_CajasPuestos_v2_5.tpAcceso = 'Administración'   Order by VW_CajasPuestos_v2_5.nrCaja DESC 
28/08/2016 09:26:21 |  SELECT TB_Cajas.nrCaja ,TB_Cajas.vlTotalSaldoFinal ,TB_Cajas.nrPuesto ,TB_Cajas.dsUsuario ,TB_Cajas.vlSaldoInicialPesos ,TB_Cajas.dtApertura ,TB_Cajas.dtCierre ,TB_Cajas.vlDiaDolar ,TB_Cajas.vlDiaEuro ,TB_Cajas.vlSaldoInicialEuros ,TB_Cajas.vlSaldoInicialDolares ,TB_Cajas.vlSaldoFinalRealPesos ,TB_Cajas.vlTotalSaldoInicial ,TB_Cajas.dtObservacion ,TB_Cajas.vlCierrePesos ,TB_Cajas.vlSaldoFinalRealDolares ,TB_Cajas.vlSaldoFinalRealEuros ,TB_Cajas.vlTotalSaldoFinalReal ,TB_Cajas.vlCierreDolares ,TB_Cajas.vlCierreEuros ,TB_Cajas.dsObservacion ,TB_Cajas.vlDiaReal ,TB_Cajas.flEstado  FROM TB_Cajas  WHERE TB_Cajas.nrCaja = 9000003772  
28/08/2016 09:26:21 | Exec SP_SumaCajaADM_v2_9 @nrCaja_param = 9000003772 ,@tpCaja_param = 'CA' ,@tpCajaImputacion_param = null 
28/08/2016 09:26:22 | Exec sco_DiccionariodeDatos @nmtabla_param='SP_ResumenCajaADM_v2_9'
28/08/2016 09:26:23 | Exec SP_ResumenCajaADM_v2_9 @nrCaja_param = 9000003772 ,@tpCaja_param = 'CA' ,@tpCajaImputacion_param = null 
28/08/2016 09:26:23 |  SELECT TB_Cajas.vlSaldoInicialPesos ,TB_Cajas.vlSaldoInicialDolares ,TB_Cajas.vlSaldoInicialEuros ,TB_Cajas.vlSaldoInicialReales ,TB_Cajas.vlDiaEuro ,TB_Cajas.vlDiaDolar ,TB_Cajas.vlDiaReal ,TB_Cajas.dsUsuario ,TB_Cajas.dtApertura ,TB_Cajas.dtCierre  FROM TB_Cajas  WHERE TB_Cajas.nrCaja = 9000003772  
28/08/2016 09:26:23 | Exec sco_DiccionariodeDatos @nmtabla_param='SP_CalculaSaldoInicial_v2_9'
28/08/2016 09:26:23 | Exec SP_CalculaSaldoInicial_v2_9 @tpCaja_param = 'CA' ,@tpCajaImputacion_param = null ,@nrCaja_param = 9000003772 
28/08/2016 09:26:23 | Exec SP_SumaCajaADM_v2_9 @nrCaja_param = 9000003772 ,@tpCaja_param = 'CA' ,@tpCajaImputacion_param = null 
28/08/2016 09:26:29 | Exec sco_DiccionariodeDatos @nmtabla_param='sp_versionreporte_v3_2'
28/08/2016 09:26:29 | Exec sp_versionreporte_v3_2 @dtFechaOperacion = '05/08/2015' 
28/08/2016 09:26:33 |  SELECT VW_UltimaCajaAdm.nrCaja ,VW_UltimaCajaAdm.vlSaldoFinalRealPesos ,VW_UltimaCajaAdm.vlSaldoFinalRealEuros ,VW_UltimaCajaAdm.vlSaldoFinalRealDolares  FROM VW_UltimaCajaAdm 
28/08/2016 09:26:33 |  SELECT TB_Cajas.nrCaja  FROM TB_Cajas  WHERE TB_Cajas.nrCaja = 9000003773  AND  TB_Cajas.flEstado = 0  
28/08/2016 09:26:33 | Exec sco_cajapuesto_v3_9 @nrCaja_param = 9000003772 
28/08/2016 09:26:33 | Exec sco_cajapuesto_v3_9 @nrCaja_param = 9000003773 
28/08/2016 09:26:33 | Exec spu_esdifporCotizacionImputadas_v3_9 @nrCajaAdmActual = 9000003773 
28/08/2016 09:26:33 | Exec sco_AccesosOpcionesMenu @p_tpNivelAcceso = 'Administración' ,@p_operaconcaja = 1 
28/08/2016 09:26:38 |  SELECT VW_CajasPuestos_v2_5.nrCaja ,VW_CajasPuestos_v2_5.dtApertura ,VW_CajasPuestos_v2_5.dtCierre ,VW_CajasPuestos_v2_5.nrPuesto ,VW_CajasPuestos_v2_5.dsUsuario ,VW_CajasPuestos_v2_5.vlDiferenciaDeCierre ,VW_CajasPuestos_v2_5.dsUsuario ,VW_CajasPuestos_v2_5.vlSaldoInicialPesos ,VW_CajasPuestos_v2_5.vlTotalSaldoFinalReal  FROM VW_CajasPuestos_v2_5  WHERE VW_CajasPuestos_v2_5.dtApertura >= '13/08/2016 00:00:00'  AND  VW_CajasPuestos_v2_5.dtApertura <= '28/08/2016 23:59:59'  AND   CONVERT(char,dtApertura,103) LIKE ('%%%') AND VW_CajasPuestos_v2_5.tpAcceso = 'Administración'   Order by VW_CajasPuestos_v2_5.dtApertura DESC 
28/08/2016 09:26:48 |  SELECT VW_CajasPuestos_v2_5.nrCaja ,VW_CajasPuestos_v2_5.dtApertura ,VW_CajasPuestos_v2_5.dtCierre ,VW_CajasPuestos_v2_5.nrPuesto ,VW_CajasPuestos_v2_5.dsUsuario ,VW_CajasPuestos_v2_5.vlDiferenciaDeCierre ,VW_CajasPuestos_v2_5.dsUsuario ,VW_CajasPuestos_v2_5.vlSaldoInicialPesos ,VW_CajasPuestos_v2_5.vlTotalSaldoFinalReal  FROM VW_CajasPuestos_v2_5  WHERE VW_CajasPuestos_v2_5.dtApertura >= '09/02/2015 00:00:00'  AND  VW_CajasPuestos_v2_5.dtApertura <= '28/08/2016 23:59:59'  AND   nrCaja Like ('%%%') AND VW_CajasPuestos_v2_5.tpAcceso = 'Administración'   Order by VW_CajasPuestos_v2_5.nrCaja DESC 
28/08/2016 09:26:50 |  SELECT TB_Cajas.nrCaja ,TB_Cajas.vlTotalSaldoFinal ,TB_Cajas.nrPuesto ,TB_Cajas.dsUsuario ,TB_Cajas.vlSaldoInicialPesos ,TB_Cajas.dtApertura ,TB_Cajas.dtCierre ,TB_Cajas.vlDiaDolar ,TB_Cajas.vlDiaEuro ,TB_Cajas.vlSaldoInicialEuros ,TB_Cajas.vlSaldoInicialDolares ,TB_Cajas.vlSaldoFinalRealPesos ,TB_Cajas.vlTotalSaldoInicial ,TB_Cajas.dtObservacion ,TB_Cajas.vlCierrePesos ,TB_Cajas.vlSaldoFinalRealDolares ,TB_Cajas.vlSaldoFinalRealEuros ,TB_Cajas.vlTotalSaldoFinalReal ,TB_Cajas.vlCierreDolares ,TB_Cajas.vlCierreEuros ,TB_Cajas.dsObservacion ,TB_Cajas.vlDiaReal ,TB_Cajas.flEstado  FROM TB_Cajas  WHERE TB_Cajas.nrCaja = 9000003773  
28/08/2016 09:26:50 | Exec SP_SumaCajaADM_v2_9 @nrCaja_param = 9000003773 ,@tpCaja_param = 'CA' ,@tpCajaImputacion_param = null 
28/08/2016 09:26:52 |  UPDATE TB_Cajas SET TB_Cajas.nrCaja  = 9000003773 ,TB_Cajas.vlTotalSaldoFinal  = 155.08 ,TB_Cajas.nrPuesto  = 9 ,TB_Cajas.dsUsuario  = 'CAMILAP' ,TB_Cajas.vlSaldoInicialPesos  = 0.00 ,TB_Cajas.dtApertura  = '19/08/2015 11:17:24' ,TB_Cajas.dtCierre  = null ,TB_Cajas.vlDiaDolar  = 9.10 ,TB_Cajas.vlDiaEuro  = 10.00 ,TB_Cajas.vlSaldoInicialEuros  = 0.00 ,TB_Cajas.vlSaldoInicialDolares  = 0.00 ,TB_Cajas.vlSaldoFinalRealPesos  = 155.08 ,TB_Cajas.vlTotalSaldoInicial  = 0.00 ,TB_Cajas.dtObservacion  = '28/08/2016 9:25:51' ,TB_Cajas.vlCierrePesos  = 155.08 ,TB_Cajas.vlSaldoFinalRealDolares  = 0.00 ,TB_Cajas.vlSaldoFinalRealEuros  = 0.00 ,TB_Cajas.vlTotalSaldoFinalReal  = 155.08 ,TB_Cajas.vlCierreDolares  = 0 ,TB_Cajas.vlCierreEuros  = 0 ,TB_Cajas.dsObservacion  = null ,TB_Cajas.vlDiaReal  = 3.21 ,TB_Cajas.flCajaAdm  = 1   WHERE TB_Cajas.nrCaja = 9000003773  
28/08/2016 09:26:52 | Exec sp_versionreporte_v3_2 @dtFechaOperacion = null 
