09/10/2016 09:00:38 | Exec  sco_TB_Productos_v4_1 
09/10/2016 09:00:38 | Exec sco_DiccionariodeDatos @nmtabla_param='TB_Usuarios'
09/10/2016 09:01:10 |  SELECT TB_Usuarios.dsUsuario ,TB_Usuarios.dspassword ,TB_Usuarios.tpAcceso ,TB_Usuarios.nmNombre ,TB_Usuarios.nmApellido ,TB_Usuarios.flBloqueado ,TB_Usuarios.tpNivelJerarquico  FROM TB_Usuarios  WHERE TB_Usuarios.dsUsuario = 'CAMILAP'  AND  TB_Usuarios.flEliminar = 0  
09/10/2016 09:01:10 |  SELECT TB_Usuarios.dsUsuario ,TB_Usuarios.dspassword ,TB_Usuarios.tpAcceso ,TB_Usuarios.nmNombre ,TB_Usuarios.nmApellido ,TB_Usuarios.flBloqueado ,TB_Usuarios.tpNivelJerarquico  FROM TB_Usuarios  WHERE TB_Usuarios.dsUsuario = 'CAMILAP'  AND  TB_Usuarios.flEliminar = 0  
09/10/2016 09:01:10 | Exec sco_DiccionariodeDatos @nmtabla_param='sp_obtenerCajasPendientesdeAprobacion_v2_5'
09/10/2016 09:01:10 | Exec sp_obtenerCajasPendientesdeAprobacion_v2_5 @pdsUsuario_param = 'CAMILAP' 
09/10/2016 09:01:10 | Exec sp_obtenerCajasRechazadas_v2_9 
09/10/2016 09:01:10 | Exec sco_DiccionariodeDatos @nmtabla_param='TB_Parametros'
09/10/2016 09:01:10 |  SELECT TB_Parametros.vlParametro  FROM TB_Parametros  WHERE TB_Parametros.dsParametro = 'VALOR EURO'  
09/10/2016 09:01:10 |  SELECT TB_Parametros.vlParametro  FROM TB_Parametros  WHERE TB_Parametros.dsParametro = 'VALOR DOLAR'  
09/10/2016 09:01:10 | Exec SP_ValorPromoRetorno
09/10/2016 09:01:10 | Exec sco_DiccionariodeDatos @nmtabla_param='TB_Comisiones'
09/10/2016 09:01:10 |  SELECT TB_Comisiones.vlMontoMinimo  FROM TB_Comisiones  WHERE TB_Comisiones.tpComision = 'Retorno'  AND  TB_Comisiones.flEliminar = 0  
09/10/2016 09:01:10 |  SELECT TB_Parametros.vlParametro  FROM TB_Parametros  WHERE TB_Parametros.dsParametro = 'VALOR REAL'  
09/10/2016 09:01:10 | Exec sco_DiccionariodeDatos @nmtabla_param='TB_Cajas'
09/10/2016 09:01:10 |  SELECT TB_Cajas.nrCaja  FROM TB_Cajas  WHERE TB_Cajas.dsUsuario = 'CAMILAP'  and  TB_Cajas.flEstado = 0  and  TB_Cajas.tpEstadoAprobacion IS NULL  and  TB_Cajas.nrcaja > 0  
09/10/2016 09:01:12 |  SELECT TB_Cajas.nrCaja ,TB_Cajas.vlTotalSaldoFinal ,TB_Cajas.nrPuesto ,TB_Cajas.dsUsuario ,TB_Cajas.vlSaldoInicialPesos ,TB_Cajas.dtApertura ,TB_Cajas.dtCierre ,TB_Cajas.vlDiaDolar ,TB_Cajas.vlDiaEuro ,TB_Cajas.vlSaldoInicialEuros ,TB_Cajas.vlSaldoInicialDolares ,TB_Cajas.vlSaldoFinalRealPesos ,TB_Cajas.vlTotalSaldoInicial ,TB_Cajas.dtObservacion ,TB_Cajas.vlCierrePesos ,TB_Cajas.vlSaldoFinalRealDolares ,TB_Cajas.vlSaldoFinalRealEuros ,TB_Cajas.vlTotalSaldoFinalReal ,TB_Cajas.vlCierreDolares ,TB_Cajas.vlCierreEuros ,TB_Cajas.dsObservacion ,TB_Cajas.vlDiaReal ,TB_Cajas.flEstado  FROM TB_Cajas  WHERE TB_Cajas.nrCaja = 9000003773  
09/10/2016 09:01:12 | Exec sco_DiccionariodeDatos @nmtabla_param='SP_SumaCajaADM_v2_9'
09/10/2016 09:01:12 | Exec SP_SumaCajaADM_v2_9 @nrCaja_param = 9000003773 ,@tpCaja_param = 'CA' ,@tpCajaImputacion_param = null 
09/10/2016 09:01:12 |  UPDATE TB_Cajas SET TB_Cajas.vlSaldoFinalRealPesos  = 155.08 ,TB_Cajas.vlSaldoFinalRealEuros  = 0.00 ,TB_Cajas.vlSaldoFinalRealDolares  = 0.00 ,TB_Cajas.vlCierrePesos  = 155.08 ,TB_Cajas.vlCierreDolares  = 0 ,TB_Cajas.vlCierreEuros  = 0   WHERE TB_Cajas.nrCaja = 9000003773  
09/10/2016 09:01:13 |  UPDATE TB_Cajas SET TB_Cajas.nrCaja  = 9000003773 ,TB_Cajas.vlTotalSaldoFinal  = 155.08 ,TB_Cajas.nrPuesto  = 9 ,TB_Cajas.dsUsuario  = 'CAMILAP' ,TB_Cajas.vlSaldoInicialPesos  = 0.00 ,TB_Cajas.dtApertura  = '19/08/2015 11:17:24' ,TB_Cajas.dtCierre  = null ,TB_Cajas.vlDiaDolar  = 9.10 ,TB_Cajas.vlDiaEuro  = 10.00 ,TB_Cajas.vlSaldoInicialEuros  = 0.00 ,TB_Cajas.vlSaldoInicialDolares  = 0.00 ,TB_Cajas.vlSaldoFinalRealPesos  = 155.08 ,TB_Cajas.vlTotalSaldoInicial  = 0.00 ,TB_Cajas.dtObservacion  = '09/10/2016 9:01:13' ,TB_Cajas.vlCierrePesos  = 155.08 ,TB_Cajas.vlSaldoFinalRealDolares  = 0.00 ,TB_Cajas.vlSaldoFinalRealEuros  = 0.00 ,TB_Cajas.vlTotalSaldoFinalReal  = 155.08 ,TB_Cajas.vlCierreDolares  = 0 ,TB_Cajas.vlCierreEuros  = 0 ,TB_Cajas.dsObservacion  = null ,TB_Cajas.vlDiaReal  = 3.21 ,TB_Cajas.flCajaAdm  = 1   WHERE TB_Cajas.nrCaja = 9000003773  
09/10/2016 09:01:13 | Exec sco_DiccionariodeDatos @nmtabla_param='VW_UltimaCajaAdm'
09/10/2016 09:01:13 |  SELECT VW_UltimaCajaAdm.nrCaja ,VW_UltimaCajaAdm.vlSaldoFinalRealPesos ,VW_UltimaCajaAdm.vlSaldoFinalRealEuros ,VW_UltimaCajaAdm.vlSaldoFinalRealDolares  FROM VW_UltimaCajaAdm 
09/10/2016 09:01:13 |  SELECT TB_Cajas.nrCaja  FROM TB_Cajas  WHERE TB_Cajas.nrCaja = 9000003773  AND  TB_Cajas.flEstado = 0  
09/10/2016 09:01:13 | Exec sco_DiccionariodeDatos @nmtabla_param='sco_cajapuesto_v3_9'
09/10/2016 09:01:13 | Exec sco_cajapuesto_v3_9 @nrCaja_param = 9000003772 
09/10/2016 09:01:13 | Exec sco_cajapuesto_v3_9 @nrCaja_param = 9000003773 
09/10/2016 09:01:13 | Exec sco_DiccionariodeDatos @nmtabla_param='spu_esdifporCotizacionImputadas_v3_9'
09/10/2016 09:01:13 | Exec spu_esdifporCotizacionImputadas_v3_9 @nrCajaAdmActual = 9000003773 
09/10/2016 09:01:13 | Exec sco_validarVencimientosCAI_v4_1
09/10/2016 09:01:15 | Exec sco_DiccionariodeDatos @nmtabla_param='sco_AccesosOpcionesMenu'
09/10/2016 09:01:15 | Exec sco_AccesosOpcionesMenu @p_tpNivelAcceso = 'Administración' ,@p_operaconcaja = 1 
09/10/2016 09:01:15 | Exec sco_AccesosOpcionesMenu @p_tpNivelAcceso = 'Administración' ,@p_operaconcaja = 1 
09/10/2016 09:01:18 |  SELECT TB_Cajas.vlSaldoInicialPesos ,TB_Cajas.vlSaldoInicialDolares ,TB_Cajas.vlSaldoInicialEuros ,TB_Cajas.vlSaldoInicialReales ,TB_Cajas.vlDiaEuro ,TB_Cajas.vlDiaDolar ,TB_Cajas.vlDiaReal ,TB_Cajas.dsUsuario ,TB_Cajas.dtApertura ,TB_Cajas.dtCierre  FROM TB_Cajas  WHERE TB_Cajas.nrCaja = 9000003773  
09/10/2016 09:01:18 | Exec sco_DiccionariodeDatos @nmtabla_param='TB_Cupones'
09/10/2016 09:01:18 | Exec  sp_obtiene_falta_compensar_v4_2 
09/10/2016 09:01:18 |  SELECT tb_parametros.dsParametro ,tb_parametros.vlParametro ,tb_parametros.tpParametro ,tb_parametros.flEditable ,tb_parametros.nrTamanio ,tb_parametros.dtActualizacion  FROM tb_parametros  WHERE tb_parametros.dsParametro = 'CANT_VIAJES_A_COMP'  
09/10/2016 09:01:18 |  SELECT tb_parametros.dsParametro ,tb_parametros.vlParametro ,tb_parametros.tpParametro ,tb_parametros.flEditable ,tb_parametros.nrTamanio ,tb_parametros.dtActualizacion  FROM tb_parametros  WHERE tb_parametros.dsParametro = 'CTROL_CANT_VIAJES'  
09/10/2016 09:01:18 |  SELECT tb_parametros.dsParametro ,tb_parametros.vlParametro ,tb_parametros.tpParametro ,tb_parametros.flEditable ,tb_parametros.nrTamanio ,tb_parametros.dtActualizacion  FROM tb_parametros  WHERE tb_parametros.dsParametro = 'COBRO_COMISION_CD_RE_OBLIGATORIA'  
09/10/2016 09:01:18 |  SELECT tb_parametros.dsParametro ,tb_parametros.vlParametro ,tb_parametros.tpParametro ,tb_parametros.flEditable ,tb_parametros.nrTamanio ,tb_parametros.dtActualizacion  FROM tb_parametros  WHERE tb_parametros.dsParametro = 'RESTRINGE_TARJETAS'  
09/10/2016 09:01:22 |  SELECT TB_Cupones.cdCodBar ,TB_Cupones.nrLicencia ,TB_Cupones.nmLicenciatario ,TB_Cupones.cdCliente ,TB_Cupones.nrCupon ,TB_Cupones.tpCupon ,TB_Cupones.vlMontoCupon ,TB_Cupones.vlPagoPesos ,TB_Cupones.vlPagoEuros ,TB_Cupones.vlPagoDolares ,TB_Cupones.vlPagoReales ,TB_Cupones.vlComision ,TB_Cupones.vlRecargoTarjeta ,TB_Cupones.nrTalonarioCliente ,TB_Cupones.tpComprobanteCliente ,TB_Cupones.nrComprabanteCliente ,TB_Cupones.tpLetraCliente ,TB_Cupones.flCobradoalCliente ,TB_Cupones.dtCobradoalCliente ,TB_Cupones.flCompensado ,TB_Cupones.cdCliente ,TB_Cupones.vlaFavordelLicenciatario ,TB_Cupones.vlafavorAdmin ,TB_Cupones.dtCupon ,TB_Cupones.dsObservacion ,TB_Cupones.vlIVA ,TB_Cupones.flAnulado  FROM TB_Cupones  WHERE TB_Cupones.flEliminar = 0  AND  TB_Cupones.nrLicencia = 124  AND  TB_Cupones.flCompensado = 0  AND  TB_Cupones.flAnulado = 0  
09/10/2016 09:01:22 | Exec sco_DiccionariodeDatos @nmtabla_param='sp_cuponesCompensadosdelDia_v3_3'
09/10/2016 09:01:22 | Exec sp_cuponesCompensadosdelDia_v3_3 @pnrLicencia = '124' 
09/10/2016 09:01:22 | Exec sco_DiccionariodeDatos @nmtabla_param='SP_sepuedecompensar_2_0'
09/10/2016 09:01:22 | Exec SP_sepuedecompensar_2_0 @dtcupon_param = '03/10/2015 04:09:15' 
09/10/2016 09:01:22 | Exec SP_sepuedecompensar_2_0 @dtcupon_param = '03/10/2015 04:10:04' 
09/10/2016 09:01:22 | Exec SP_sepuedecompensar_2_0 @dtcupon_param = '24/10/2015 12:11:16' 
09/10/2016 09:01:22 | Exec SP_sepuedecompensar_2_0 @dtcupon_param = '14/11/2015 05:23:21' 
09/10/2016 09:01:22 | Exec SP_sepuedecompensar_2_0 @dtcupon_param = '14/11/2015 05:33:50' 
09/10/2016 09:01:22 | Exec SP_sepuedecompensar_2_0 @dtcupon_param = '14/11/2015 05:42:56' 
09/10/2016 09:01:22 | Exec SP_sepuedecompensar_2_0 @dtcupon_param = '05/01/2016 10:50:00' 
09/10/2016 09:01:22 | Exec SP_sepuedecompensar_2_0 @dtcupon_param = '09/06/2016 10:55:55' 
09/10/2016 09:01:22 | Exec SP_sepuedecompensar_2_0 @dtcupon_param = '10/07/2016 09:33:56' 
09/10/2016 09:01:22 | Exec SP_sepuedecompensar_2_0 @dtcupon_param = '01/08/2016 10:32:20' 
09/10/2016 09:01:22 | Exec SP_sepuedecompensar_2_0 @dtcupon_param = '08/08/2016 10:39:45' 
09/10/2016 09:01:28 | Exec sco_AccesosOpcionesMenu @p_tpNivelAcceso = 'Administración' ,@p_operaconcaja = 1 
09/10/2016 09:01:31 |  SELECT TB_Cajas.vlSaldoInicialPesos ,TB_Cajas.vlSaldoInicialDolares ,TB_Cajas.vlSaldoInicialEuros ,TB_Cajas.vlSaldoInicialReales ,TB_Cajas.vlDiaEuro ,TB_Cajas.vlDiaDolar ,TB_Cajas.vlDiaReal ,TB_Cajas.dsUsuario ,TB_Cajas.dtApertura ,TB_Cajas.dtCierre  FROM TB_Cajas  WHERE TB_Cajas.nrCaja = 9000003773  
09/10/2016 09:01:31 | Exec  sp_obtiene_falta_compensar_v4_2 
09/10/2016 09:01:31 |  SELECT tb_parametros.dsParametro ,tb_parametros.vlParametro ,tb_parametros.tpParametro ,tb_parametros.flEditable ,tb_parametros.nrTamanio ,tb_parametros.dtActualizacion  FROM tb_parametros  WHERE tb_parametros.dsParametro = 'CANT_VIAJES_A_COMP'  
09/10/2016 09:01:31 |  SELECT tb_parametros.dsParametro ,tb_parametros.vlParametro ,tb_parametros.tpParametro ,tb_parametros.flEditable ,tb_parametros.nrTamanio ,tb_parametros.dtActualizacion  FROM tb_parametros  WHERE tb_parametros.dsParametro = 'CTROL_CANT_VIAJES'  
09/10/2016 09:01:31 |  SELECT tb_parametros.dsParametro ,tb_parametros.vlParametro ,tb_parametros.tpParametro ,tb_parametros.flEditable ,tb_parametros.nrTamanio ,tb_parametros.dtActualizacion  FROM tb_parametros  WHERE tb_parametros.dsParametro = 'COBRO_COMISION_CD_RE_OBLIGATORIA'  
09/10/2016 09:01:31 |  SELECT tb_parametros.dsParametro ,tb_parametros.vlParametro ,tb_parametros.tpParametro ,tb_parametros.flEditable ,tb_parametros.nrTamanio ,tb_parametros.dtActualizacion  FROM tb_parametros  WHERE tb_parametros.dsParametro = 'RESTRINGE_TARJETAS'  
09/10/2016 09:01:33 |  SELECT TB_Cupones.cdCodBar ,TB_Cupones.nrLicencia ,TB_Cupones.nmLicenciatario ,TB_Cupones.cdCliente ,TB_Cupones.nrCupon ,TB_Cupones.tpCupon ,TB_Cupones.vlMontoCupon ,TB_Cupones.vlPagoPesos ,TB_Cupones.vlPagoEuros ,TB_Cupones.vlPagoDolares ,TB_Cupones.vlPagoReales ,TB_Cupones.vlComision ,TB_Cupones.vlRecargoTarjeta ,TB_Cupones.nrTalonarioCliente ,TB_Cupones.tpComprobanteCliente ,TB_Cupones.nrComprabanteCliente ,TB_Cupones.tpLetraCliente ,TB_Cupones.flCobradoalCliente ,TB_Cupones.dtCobradoalCliente ,TB_Cupones.flCompensado ,TB_Cupones.cdCliente ,TB_Cupones.vlaFavordelLicenciatario ,TB_Cupones.vlafavorAdmin ,TB_Cupones.dtCupon ,TB_Cupones.dsObservacion ,TB_Cupones.vlIVA ,TB_Cupones.flAnulado  FROM TB_Cupones  WHERE TB_Cupones.flEliminar = 0  AND  TB_Cupones.nrLicencia = 12  AND  TB_Cupones.flCompensado = 0  AND  TB_Cupones.flAnulado = 0  
09/10/2016 09:01:33 | Exec sp_cuponesCompensadosdelDia_v3_3 @pnrLicencia = '12' 
09/10/2016 09:01:33 | Exec SP_sepuedecompensar_2_0 @dtcupon_param = '24/10/2015 12:54:40' 
09/10/2016 09:01:33 | Exec SP_sepuedecompensar_2_0 @dtcupon_param = '24/10/2015 04:39:57' 
09/10/2016 09:01:33 | Exec SP_sepuedecompensar_2_0 @dtcupon_param = '26/10/2015 02:19:56' 
09/10/2016 09:01:33 | Exec SP_sepuedecompensar_2_0 @dtcupon_param = '14/11/2015 05:35:05' 
09/10/2016 09:01:33 | Exec SP_sepuedecompensar_2_0 @dtcupon_param = '14/11/2015 05:40:25' 
09/10/2016 09:01:33 | Exec SP_sepuedecompensar_2_0 @dtcupon_param = '29/12/2015 08:58:00' 
09/10/2016 09:01:33 | Exec SP_sepuedecompensar_2_0 @dtcupon_param = '04/07/2016 11:08:40' 
09/10/2016 09:01:33 | Exec SP_sepuedecompensar_2_0 @dtcupon_param = '04/08/2016 09:46:13' 
09/10/2016 09:01:33 | Exec SP_sepuedecompensar_2_0 @dtcupon_param = '04/08/2016 09:57:15' 
09/10/2016 09:01:33 | Exec SP_sepuedecompensar_2_0 @dtcupon_param = '08/08/2016 10:23:20' 
09/10/2016 09:01:33 | Exec SP_sepuedecompensar_2_0 @dtcupon_param = '08/08/2016 10:40:17' 
09/10/2016 09:01:33 | Exec SP_sepuedecompensar_2_0 @dtcupon_param = '08/08/2016 10:40:41' 
09/10/2016 09:01:33 | Exec SP_sepuedecompensar_2_0 @dtcupon_param = '17/08/2016 10:56:01' 
09/10/2016 09:01:33 | Exec SP_sepuedecompensar_2_0 @dtcupon_param = '17/08/2016 11:16:54' 
09/10/2016 09:01:33 | Exec SP_sepuedecompensar_2_0 @dtcupon_param = '17/08/2016 11:24:44' 
09/10/2016 09:01:33 | Exec SP_sepuedecompensar_2_0 @dtcupon_param = '17/08/2016 11:25:27' 
09/10/2016 09:01:33 | Exec SP_sepuedecompensar_2_0 @dtcupon_param = '18/08/2016 10:30:41' 
09/10/2016 09:01:33 | Exec SP_sepuedecompensar_2_0 @dtcupon_param = '18/08/2016 10:31:22' 
09/10/2016 09:01:33 | Exec SP_sepuedecompensar_2_0 @dtcupon_param = '18/08/2016 10:31:54' 
09/10/2016 09:01:33 | Exec SP_sepuedecompensar_2_0 @dtcupon_param = '18/08/2016 10:32:18' 
09/10/2016 09:01:33 | Exec SP_sepuedecompensar_2_0 @dtcupon_param = '18/08/2016 10:35:48' 
09/10/2016 09:01:40 | Exec SP_sepuedecompensar_2_0 @dtcupon_param = '18/08/2016 10:31:22' 
09/10/2016 09:02:17 | Exec sco_AccesosOpcionesMenu @p_tpNivelAcceso = 'Administración' ,@p_operaconcaja = 1 
09/10/2016 09:02:25 | Exec  sco_TB_Productos_v4_1 
09/10/2016 09:02:25 | Exec sco_DiccionariodeDatos @nmtabla_param='TB_Usuarios'
09/10/2016 09:02:34 |  SELECT TB_Usuarios.dsUsuario ,TB_Usuarios.dspassword ,TB_Usuarios.tpAcceso ,TB_Usuarios.nmNombre ,TB_Usuarios.nmApellido ,TB_Usuarios.flBloqueado ,TB_Usuarios.tpNivelJerarquico  FROM TB_Usuarios  WHERE TB_Usuarios.dsUsuario = 'CAMILAP'  AND  TB_Usuarios.flEliminar = 0  
09/10/2016 09:02:34 |  SELECT TB_Usuarios.dsUsuario ,TB_Usuarios.dspassword ,TB_Usuarios.tpAcceso ,TB_Usuarios.nmNombre ,TB_Usuarios.nmApellido ,TB_Usuarios.flBloqueado ,TB_Usuarios.tpNivelJerarquico  FROM TB_Usuarios  WHERE TB_Usuarios.dsUsuario = 'CAMILAP'  AND  TB_Usuarios.flEliminar = 0  
09/10/2016 09:02:34 | Exec sco_DiccionariodeDatos @nmtabla_param='sp_obtenerCajasPendientesdeAprobacion_v2_5'
09/10/2016 09:02:34 | Exec sp_obtenerCajasPendientesdeAprobacion_v2_5 @pdsUsuario_param = 'CAMILAP' 
09/10/2016 09:02:34 | Exec sp_obtenerCajasRechazadas_v2_9 
09/10/2016 09:02:34 | Exec sco_DiccionariodeDatos @nmtabla_param='TB_Parametros'
09/10/2016 09:02:34 |  SELECT TB_Parametros.vlParametro  FROM TB_Parametros  WHERE TB_Parametros.dsParametro = 'VALOR EURO'  
09/10/2016 09:02:34 |  SELECT TB_Parametros.vlParametro  FROM TB_Parametros  WHERE TB_Parametros.dsParametro = 'VALOR DOLAR'  
09/10/2016 09:02:34 | Exec SP_ValorPromoRetorno
09/10/2016 09:02:34 | Exec sco_DiccionariodeDatos @nmtabla_param='TB_Comisiones'
09/10/2016 09:02:34 |  SELECT TB_Comisiones.vlMontoMinimo  FROM TB_Comisiones  WHERE TB_Comisiones.tpComision = 'Retorno'  AND  TB_Comisiones.flEliminar = 0  
09/10/2016 09:02:34 |  SELECT TB_Parametros.vlParametro  FROM TB_Parametros  WHERE TB_Parametros.dsParametro = 'VALOR REAL'  
09/10/2016 09:02:34 | Exec sco_DiccionariodeDatos @nmtabla_param='TB_Cajas'
09/10/2016 09:02:34 |  SELECT TB_Cajas.nrCaja  FROM TB_Cajas  WHERE TB_Cajas.dsUsuario = 'CAMILAP'  and  TB_Cajas.flEstado = 0  and  TB_Cajas.tpEstadoAprobacion IS NULL  and  TB_Cajas.nrcaja > 0  
09/10/2016 09:02:36 |  SELECT TB_Cajas.nrCaja ,TB_Cajas.vlTotalSaldoFinal ,TB_Cajas.nrPuesto ,TB_Cajas.dsUsuario ,TB_Cajas.vlSaldoInicialPesos ,TB_Cajas.dtApertura ,TB_Cajas.dtCierre ,TB_Cajas.vlDiaDolar ,TB_Cajas.vlDiaEuro ,TB_Cajas.vlSaldoInicialEuros ,TB_Cajas.vlSaldoInicialDolares ,TB_Cajas.vlSaldoFinalRealPesos ,TB_Cajas.vlTotalSaldoInicial ,TB_Cajas.dtObservacion ,TB_Cajas.vlCierrePesos ,TB_Cajas.vlSaldoFinalRealDolares ,TB_Cajas.vlSaldoFinalRealEuros ,TB_Cajas.vlTotalSaldoFinalReal ,TB_Cajas.vlCierreDolares ,TB_Cajas.vlCierreEuros ,TB_Cajas.dsObservacion ,TB_Cajas.vlDiaReal ,TB_Cajas.flEstado  FROM TB_Cajas  WHERE TB_Cajas.nrCaja = 9000003773  
09/10/2016 09:02:36 | Exec sco_DiccionariodeDatos @nmtabla_param='SP_SumaCajaADM_v2_9'
09/10/2016 09:02:36 | Exec SP_SumaCajaADM_v2_9 @nrCaja_param = 9000003773 ,@tpCaja_param = 'CA' ,@tpCajaImputacion_param = null 
09/10/2016 09:02:36 |  UPDATE TB_Cajas SET TB_Cajas.vlSaldoFinalRealPesos  = 155.08 ,TB_Cajas.vlSaldoFinalRealEuros  = 0.00 ,TB_Cajas.vlSaldoFinalRealDolares  = 0.00 ,TB_Cajas.vlCierrePesos  = 155.08 ,TB_Cajas.vlCierreDolares  = 0 ,TB_Cajas.vlCierreEuros  = 0   WHERE TB_Cajas.nrCaja = 9000003773  
09/10/2016 09:02:37 |  UPDATE TB_Cajas SET TB_Cajas.nrCaja  = 9000003773 ,TB_Cajas.vlTotalSaldoFinal  = 155.08 ,TB_Cajas.nrPuesto  = 9 ,TB_Cajas.dsUsuario  = 'CAMILAP' ,TB_Cajas.vlSaldoInicialPesos  = 0.00 ,TB_Cajas.dtApertura  = '19/08/2015 11:17:24' ,TB_Cajas.dtCierre  = null ,TB_Cajas.vlDiaDolar  = 9.10 ,TB_Cajas.vlDiaEuro  = 10.00 ,TB_Cajas.vlSaldoInicialEuros  = 0.00 ,TB_Cajas.vlSaldoInicialDolares  = 0.00 ,TB_Cajas.vlSaldoFinalRealPesos  = 155.08 ,TB_Cajas.vlTotalSaldoInicial  = 0.00 ,TB_Cajas.dtObservacion  = '09/10/2016 9:02:37' ,TB_Cajas.vlCierrePesos  = 155.08 ,TB_Cajas.vlSaldoFinalRealDolares  = 0.00 ,TB_Cajas.vlSaldoFinalRealEuros  = 0.00 ,TB_Cajas.vlTotalSaldoFinalReal  = 155.08 ,TB_Cajas.vlCierreDolares  = 0 ,TB_Cajas.vlCierreEuros  = 0 ,TB_Cajas.dsObservacion  = null ,TB_Cajas.vlDiaReal  = 3.21 ,TB_Cajas.flCajaAdm  = 1   WHERE TB_Cajas.nrCaja = 9000003773  
09/10/2016 09:02:37 | Exec sco_DiccionariodeDatos @nmtabla_param='VW_UltimaCajaAdm'
09/10/2016 09:02:37 |  SELECT VW_UltimaCajaAdm.nrCaja ,VW_UltimaCajaAdm.vlSaldoFinalRealPesos ,VW_UltimaCajaAdm.vlSaldoFinalRealEuros ,VW_UltimaCajaAdm.vlSaldoFinalRealDolares  FROM VW_UltimaCajaAdm 
09/10/2016 09:02:37 |  SELECT TB_Cajas.nrCaja  FROM TB_Cajas  WHERE TB_Cajas.nrCaja = 9000003773  AND  TB_Cajas.flEstado = 0  
09/10/2016 09:02:37 | Exec sco_DiccionariodeDatos @nmtabla_param='sco_cajapuesto_v3_9'
09/10/2016 09:02:37 | Exec sco_cajapuesto_v3_9 @nrCaja_param = 9000003772 
09/10/2016 09:02:37 | Exec sco_cajapuesto_v3_9 @nrCaja_param = 9000003773 
09/10/2016 09:02:37 | Exec sco_DiccionariodeDatos @nmtabla_param='spu_esdifporCotizacionImputadas_v3_9'
09/10/2016 09:02:37 | Exec spu_esdifporCotizacionImputadas_v3_9 @nrCajaAdmActual = 9000003773 
09/10/2016 09:02:37 | Exec sco_validarVencimientosCAI_v4_1
09/10/2016 09:02:38 | Exec sco_DiccionariodeDatos @nmtabla_param='sco_AccesosOpcionesMenu'
09/10/2016 09:02:38 | Exec sco_AccesosOpcionesMenu @p_tpNivelAcceso = 'Administración' ,@p_operaconcaja = 1 
09/10/2016 09:02:38 | Exec sco_AccesosOpcionesMenu @p_tpNivelAcceso = 'Administración' ,@p_operaconcaja = 1 
09/10/2016 09:02:42 |  SELECT TB_Cajas.vlSaldoInicialPesos ,TB_Cajas.vlSaldoInicialDolares ,TB_Cajas.vlSaldoInicialEuros ,TB_Cajas.vlSaldoInicialReales ,TB_Cajas.vlDiaEuro ,TB_Cajas.vlDiaDolar ,TB_Cajas.vlDiaReal ,TB_Cajas.dsUsuario ,TB_Cajas.dtApertura ,TB_Cajas.dtCierre  FROM TB_Cajas  WHERE TB_Cajas.nrCaja = 9000003773  
09/10/2016 09:02:42 | Exec sco_DiccionariodeDatos @nmtabla_param='TB_Cupones'
09/10/2016 09:02:42 | Exec  sp_obtiene_falta_compensar_v4_2 
09/10/2016 09:02:42 |  SELECT tb_parametros.dsParametro ,tb_parametros.vlParametro ,tb_parametros.tpParametro ,tb_parametros.flEditable ,tb_parametros.nrTamanio ,tb_parametros.dtActualizacion  FROM tb_parametros  WHERE tb_parametros.dsParametro = 'CANT_VIAJES_A_COMP'  
09/10/2016 09:02:42 |  SELECT tb_parametros.dsParametro ,tb_parametros.vlParametro ,tb_parametros.tpParametro ,tb_parametros.flEditable ,tb_parametros.nrTamanio ,tb_parametros.dtActualizacion  FROM tb_parametros  WHERE tb_parametros.dsParametro = 'CTROL_CANT_VIAJES'  
09/10/2016 09:02:42 |  SELECT tb_parametros.dsParametro ,tb_parametros.vlParametro ,tb_parametros.tpParametro ,tb_parametros.flEditable ,tb_parametros.nrTamanio ,tb_parametros.dtActualizacion  FROM tb_parametros  WHERE tb_parametros.dsParametro = 'COBRO_COMISION_CD_RE_OBLIGATORIA'  
09/10/2016 09:02:42 |  SELECT tb_parametros.dsParametro ,tb_parametros.vlParametro ,tb_parametros.tpParametro ,tb_parametros.flEditable ,tb_parametros.nrTamanio ,tb_parametros.dtActualizacion  FROM tb_parametros  WHERE tb_parametros.dsParametro = 'RESTRINGE_TARJETAS'  
09/10/2016 09:02:44 |  SELECT TB_Cupones.cdCodBar ,TB_Cupones.nrLicencia ,TB_Cupones.nmLicenciatario ,TB_Cupones.cdCliente ,TB_Cupones.nrCupon ,TB_Cupones.tpCupon ,TB_Cupones.vlMontoCupon ,TB_Cupones.vlPagoPesos ,TB_Cupones.vlPagoEuros ,TB_Cupones.vlPagoDolares ,TB_Cupones.vlPagoReales ,TB_Cupones.vlComision ,TB_Cupones.vlRecargoTarjeta ,TB_Cupones.nrTalonarioCliente ,TB_Cupones.tpComprobanteCliente ,TB_Cupones.nrComprabanteCliente ,TB_Cupones.tpLetraCliente ,TB_Cupones.flCobradoalCliente ,TB_Cupones.dtCobradoalCliente ,TB_Cupones.flCompensado ,TB_Cupones.cdCliente ,TB_Cupones.vlaFavordelLicenciatario ,TB_Cupones.vlafavorAdmin ,TB_Cupones.dtCupon ,TB_Cupones.dsObservacion ,TB_Cupones.vlIVA ,TB_Cupones.flAnulado  FROM TB_Cupones  WHERE TB_Cupones.flEliminar = 0  AND  TB_Cupones.nrLicencia = 12  AND  TB_Cupones.flCompensado = 0  AND  TB_Cupones.flAnulado = 0  
09/10/2016 09:02:44 | Exec sco_DiccionariodeDatos @nmtabla_param='sp_cuponesCompensadosdelDia_v3_3'
09/10/2016 09:02:44 | Exec sp_cuponesCompensadosdelDia_v3_3 @pnrLicencia = '12' 
09/10/2016 09:02:52 | Exec sco_DiccionariodeDatos @nmtabla_param='SP_sepuedecompensar_2_0'
09/10/2016 09:02:52 | Exec SP_sepuedecompensar_2_0 @dtcupon_param = '24/10/2015 12:54:40' 
09/10/2016 09:02:54 | Exec SP_sepuedecompensar_2_0 @dtcupon_param = '24/10/2015 04:39:57' 
09/10/2016 09:02:56 | Exec SP_sepuedecompensar_2_0 @dtcupon_param = '26/10/2015 02:19:56' 
09/10/2016 09:02:58 | Exec SP_sepuedecompensar_2_0 @dtcupon_param = '14/11/2015 05:35:05' 
09/10/2016 09:03:00 | Exec SP_sepuedecompensar_2_0 @dtcupon_param = '14/11/2015 05:40:25' 
09/10/2016 09:03:03 | Exec SP_sepuedecompensar_2_0 @dtcupon_param = '29/12/2015 08:58:00' 
09/10/2016 09:03:08 | Exec SP_sepuedecompensar_2_0 @dtcupon_param = '04/07/2016 11:08:40' 
09/10/2016 09:03:12 | Exec SP_sepuedecompensar_2_0 @dtcupon_param = '04/08/2016 09:46:13' 
09/10/2016 09:04:08 | Exec SP_sepuedecompensar_2_0 @dtcupon_param = '04/08/2016 09:57:15' 
09/10/2016 09:06:40 | Exec  sco_TB_Productos_v4_1 
09/10/2016 09:06:40 | Exec sco_DiccionariodeDatos @nmtabla_param='TB_Usuarios'
09/10/2016 09:06:49 |  SELECT TB_Usuarios.dsUsuario ,TB_Usuarios.dspassword ,TB_Usuarios.tpAcceso ,TB_Usuarios.nmNombre ,TB_Usuarios.nmApellido ,TB_Usuarios.flBloqueado ,TB_Usuarios.tpNivelJerarquico  FROM TB_Usuarios  WHERE TB_Usuarios.dsUsuario = 'CAMILAP'  AND  TB_Usuarios.flEliminar = 0  
09/10/2016 09:06:49 |  SELECT TB_Usuarios.dsUsuario ,TB_Usuarios.dspassword ,TB_Usuarios.tpAcceso ,TB_Usuarios.nmNombre ,TB_Usuarios.nmApellido ,TB_Usuarios.flBloqueado ,TB_Usuarios.tpNivelJerarquico  FROM TB_Usuarios  WHERE TB_Usuarios.dsUsuario = 'CAMILAP'  AND  TB_Usuarios.flEliminar = 0  
09/10/2016 09:06:49 | Exec sco_DiccionariodeDatos @nmtabla_param='sp_obtenerCajasPendientesdeAprobacion_v2_5'
09/10/2016 09:06:49 | Exec sp_obtenerCajasPendientesdeAprobacion_v2_5 @pdsUsuario_param = 'CAMILAP' 
09/10/2016 09:06:49 | Exec sp_obtenerCajasRechazadas_v2_9 
09/10/2016 09:06:49 | Exec sco_DiccionariodeDatos @nmtabla_param='TB_Parametros'
09/10/2016 09:06:49 |  SELECT TB_Parametros.vlParametro  FROM TB_Parametros  WHERE TB_Parametros.dsParametro = 'VALOR EURO'  
09/10/2016 09:06:49 |  SELECT TB_Parametros.vlParametro  FROM TB_Parametros  WHERE TB_Parametros.dsParametro = 'VALOR DOLAR'  
09/10/2016 09:06:49 | Exec SP_ValorPromoRetorno
09/10/2016 09:06:49 | Exec sco_DiccionariodeDatos @nmtabla_param='TB_Comisiones'
09/10/2016 09:06:49 |  SELECT TB_Comisiones.vlMontoMinimo  FROM TB_Comisiones  WHERE TB_Comisiones.tpComision = 'Retorno'  AND  TB_Comisiones.flEliminar = 0  
09/10/2016 09:06:49 |  SELECT TB_Parametros.vlParametro  FROM TB_Parametros  WHERE TB_Parametros.dsParametro = 'VALOR REAL'  
09/10/2016 09:06:49 | Exec sco_DiccionariodeDatos @nmtabla_param='TB_Cajas'
09/10/2016 09:06:49 |  SELECT TB_Cajas.nrCaja  FROM TB_Cajas  WHERE TB_Cajas.dsUsuario = 'CAMILAP'  and  TB_Cajas.flEstado = 0  and  TB_Cajas.tpEstadoAprobacion IS NULL  and  TB_Cajas.nrcaja > 0  
09/10/2016 09:06:50 |  SELECT TB_Cajas.nrCaja ,TB_Cajas.vlTotalSaldoFinal ,TB_Cajas.nrPuesto ,TB_Cajas.dsUsuario ,TB_Cajas.vlSaldoInicialPesos ,TB_Cajas.dtApertura ,TB_Cajas.dtCierre ,TB_Cajas.vlDiaDolar ,TB_Cajas.vlDiaEuro ,TB_Cajas.vlSaldoInicialEuros ,TB_Cajas.vlSaldoInicialDolares ,TB_Cajas.vlSaldoFinalRealPesos ,TB_Cajas.vlTotalSaldoInicial ,TB_Cajas.dtObservacion ,TB_Cajas.vlCierrePesos ,TB_Cajas.vlSaldoFinalRealDolares ,TB_Cajas.vlSaldoFinalRealEuros ,TB_Cajas.vlTotalSaldoFinalReal ,TB_Cajas.vlCierreDolares ,TB_Cajas.vlCierreEuros ,TB_Cajas.dsObservacion ,TB_Cajas.vlDiaReal ,TB_Cajas.flEstado  FROM TB_Cajas  WHERE TB_Cajas.nrCaja = 9000003773  
09/10/2016 09:06:50 | Exec sco_DiccionariodeDatos @nmtabla_param='SP_SumaCajaADM_v2_9'
09/10/2016 09:06:50 | Exec SP_SumaCajaADM_v2_9 @nrCaja_param = 9000003773 ,@tpCaja_param = 'CA' ,@tpCajaImputacion_param = null 
09/10/2016 09:06:50 |  UPDATE TB_Cajas SET TB_Cajas.vlSaldoFinalRealPesos  = 155.08 ,TB_Cajas.vlSaldoFinalRealEuros  = 0.00 ,TB_Cajas.vlSaldoFinalRealDolares  = 0.00 ,TB_Cajas.vlCierrePesos  = 155.08 ,TB_Cajas.vlCierreDolares  = 0 ,TB_Cajas.vlCierreEuros  = 0   WHERE TB_Cajas.nrCaja = 9000003773  
09/10/2016 09:06:52 |  UPDATE TB_Cajas SET TB_Cajas.nrCaja  = 9000003773 ,TB_Cajas.vlTotalSaldoFinal  = 155.08 ,TB_Cajas.nrPuesto  = 9 ,TB_Cajas.dsUsuario  = 'CAMILAP' ,TB_Cajas.vlSaldoInicialPesos  = 0.00 ,TB_Cajas.dtApertura  = '19/08/2015 11:17:24' ,TB_Cajas.dtCierre  = null ,TB_Cajas.vlDiaDolar  = 9.10 ,TB_Cajas.vlDiaEuro  = 10.00 ,TB_Cajas.vlSaldoInicialEuros  = 0.00 ,TB_Cajas.vlSaldoInicialDolares  = 0.00 ,TB_Cajas.vlSaldoFinalRealPesos  = 155.08 ,TB_Cajas.vlTotalSaldoInicial  = 0.00 ,TB_Cajas.dtObservacion  = '09/10/2016 9:06:52' ,TB_Cajas.vlCierrePesos  = 155.08 ,TB_Cajas.vlSaldoFinalRealDolares  = 0.00 ,TB_Cajas.vlSaldoFinalRealEuros  = 0.00 ,TB_Cajas.vlTotalSaldoFinalReal  = 155.08 ,TB_Cajas.vlCierreDolares  = 0 ,TB_Cajas.vlCierreEuros  = 0 ,TB_Cajas.dsObservacion  = null ,TB_Cajas.vlDiaReal  = 3.21 ,TB_Cajas.flCajaAdm  = 1   WHERE TB_Cajas.nrCaja = 9000003773  
09/10/2016 09:06:52 | Exec sco_DiccionariodeDatos @nmtabla_param='VW_UltimaCajaAdm'
09/10/2016 09:06:52 |  SELECT VW_UltimaCajaAdm.nrCaja ,VW_UltimaCajaAdm.vlSaldoFinalRealPesos ,VW_UltimaCajaAdm.vlSaldoFinalRealEuros ,VW_UltimaCajaAdm.vlSaldoFinalRealDolares  FROM VW_UltimaCajaAdm 
09/10/2016 09:06:52 |  SELECT TB_Cajas.nrCaja  FROM TB_Cajas  WHERE TB_Cajas.nrCaja = 9000003773  AND  TB_Cajas.flEstado = 0  
09/10/2016 09:06:52 | Exec sco_DiccionariodeDatos @nmtabla_param='sco_cajapuesto_v3_9'
09/10/2016 09:06:52 | Exec sco_cajapuesto_v3_9 @nrCaja_param = 9000003772 
09/10/2016 09:06:52 | Exec sco_cajapuesto_v3_9 @nrCaja_param = 9000003773 
09/10/2016 09:06:52 | Exec sco_DiccionariodeDatos @nmtabla_param='spu_esdifporCotizacionImputadas_v3_9'
09/10/2016 09:06:52 | Exec spu_esdifporCotizacionImputadas_v3_9 @nrCajaAdmActual = 9000003773 
09/10/2016 09:06:52 | Exec sco_validarVencimientosCAI_v4_1
09/10/2016 09:06:53 | Exec sco_DiccionariodeDatos @nmtabla_param='sco_AccesosOpcionesMenu'
09/10/2016 09:06:53 | Exec sco_AccesosOpcionesMenu @p_tpNivelAcceso = 'Administración' ,@p_operaconcaja = 1 
09/10/2016 09:06:53 | Exec sco_AccesosOpcionesMenu @p_tpNivelAcceso = 'Administración' ,@p_operaconcaja = 1 
09/10/2016 09:06:56 |  SELECT TB_Cajas.vlSaldoInicialPesos ,TB_Cajas.vlSaldoInicialDolares ,TB_Cajas.vlSaldoInicialEuros ,TB_Cajas.vlSaldoInicialReales ,TB_Cajas.vlDiaEuro ,TB_Cajas.vlDiaDolar ,TB_Cajas.vlDiaReal ,TB_Cajas.dsUsuario ,TB_Cajas.dtApertura ,TB_Cajas.dtCierre  FROM TB_Cajas  WHERE TB_Cajas.nrCaja = 9000003773  
09/10/2016 09:06:56 | Exec sco_DiccionariodeDatos @nmtabla_param='TB_Cupones'
09/10/2016 09:06:56 | Exec  sp_obtiene_falta_compensar_v4_2 
09/10/2016 09:06:56 |  SELECT tb_parametros.dsParametro ,tb_parametros.vlParametro ,tb_parametros.tpParametro ,tb_parametros.flEditable ,tb_parametros.nrTamanio ,tb_parametros.dtActualizacion  FROM tb_parametros  WHERE tb_parametros.dsParametro = 'CANT_VIAJES_A_COMP'  
09/10/2016 09:06:56 |  SELECT tb_parametros.dsParametro ,tb_parametros.vlParametro ,tb_parametros.tpParametro ,tb_parametros.flEditable ,tb_parametros.nrTamanio ,tb_parametros.dtActualizacion  FROM tb_parametros  WHERE tb_parametros.dsParametro = 'CTROL_CANT_VIAJES'  
09/10/2016 09:06:56 |  SELECT tb_parametros.dsParametro ,tb_parametros.vlParametro ,tb_parametros.tpParametro ,tb_parametros.flEditable ,tb_parametros.nrTamanio ,tb_parametros.dtActualizacion  FROM tb_parametros  WHERE tb_parametros.dsParametro = 'COBRO_COMISION_CD_RE_OBLIGATORIA'  
09/10/2016 09:06:56 |  SELECT tb_parametros.dsParametro ,tb_parametros.vlParametro ,tb_parametros.tpParametro ,tb_parametros.flEditable ,tb_parametros.nrTamanio ,tb_parametros.dtActualizacion  FROM tb_parametros  WHERE tb_parametros.dsParametro = 'RESTRINGE_TARJETAS'  
09/10/2016 09:06:57 |  SELECT TB_Cupones.cdCodBar ,TB_Cupones.nrLicencia ,TB_Cupones.nmLicenciatario ,TB_Cupones.cdCliente ,TB_Cupones.nrCupon ,TB_Cupones.tpCupon ,TB_Cupones.vlMontoCupon ,TB_Cupones.vlPagoPesos ,TB_Cupones.vlPagoEuros ,TB_Cupones.vlPagoDolares ,TB_Cupones.vlPagoReales ,TB_Cupones.vlComision ,TB_Cupones.vlRecargoTarjeta ,TB_Cupones.nrTalonarioCliente ,TB_Cupones.tpComprobanteCliente ,TB_Cupones.nrComprabanteCliente ,TB_Cupones.tpLetraCliente ,TB_Cupones.flCobradoalCliente ,TB_Cupones.dtCobradoalCliente ,TB_Cupones.flCompensado ,TB_Cupones.cdCliente ,TB_Cupones.vlaFavordelLicenciatario ,TB_Cupones.vlafavorAdmin ,TB_Cupones.dtCupon ,TB_Cupones.dsObservacion ,TB_Cupones.vlIVA ,TB_Cupones.flAnulado  FROM TB_Cupones  WHERE TB_Cupones.flEliminar = 0  AND  TB_Cupones.nrLicencia = 12  AND  TB_Cupones.flCompensado = 0  AND  TB_Cupones.flAnulado = 0  
09/10/2016 09:06:57 | Exec sco_DiccionariodeDatos @nmtabla_param='sp_cuponesCompensadosdelDia_v3_3'
09/10/2016 09:06:57 | Exec sp_cuponesCompensadosdelDia_v3_3 @pnrLicencia = '12' 
09/10/2016 09:07:09 | Exec sco_DiccionariodeDatos @nmtabla_param='SP_sepuedecompensar_2_0'
09/10/2016 09:07:09 | Exec SP_sepuedecompensar_2_0 @dtcupon_param = '24/10/2015 12:54:40' 
09/10/2016 09:07:13 | Exec SP_sepuedecompensar_2_0 @dtcupon_param = '24/10/2015 04:39:57' 
09/10/2016 09:07:13 | Exec SP_sepuedecompensar_2_0 @dtcupon_param = '26/10/2015 02:19:56' 
09/10/2016 09:07:13 | Exec SP_sepuedecompensar_2_0 @dtcupon_param = '14/11/2015 05:35:05' 
09/10/2016 09:07:13 | Exec SP_sepuedecompensar_2_0 @dtcupon_param = '14/11/2015 05:40:25' 
09/10/2016 09:07:13 | Exec SP_sepuedecompensar_2_0 @dtcupon_param = '29/12/2015 08:58:00' 
09/10/2016 09:07:13 | Exec SP_sepuedecompensar_2_0 @dtcupon_param = '04/07/2016 11:08:40' 
09/10/2016 09:07:24 | Exec SP_sepuedecompensar_2_0 @dtcupon_param = '04/08/2016 09:46:13' 
09/10/2016 09:07:31 | Exec SP_sepuedecompensar_2_0 @dtcupon_param = '04/08/2016 09:57:15' 
09/10/2016 09:07:55 | Exec SP_sepuedecompensar_2_0 @dtcupon_param = '08/08/2016 10:23:20' 
09/10/2016 09:07:55 | Exec SP_sepuedecompensar_2_0 @dtcupon_param = '08/08/2016 10:40:17' 
09/10/2016 09:07:55 | Exec SP_sepuedecompensar_2_0 @dtcupon_param = '08/08/2016 10:40:41' 
09/10/2016 09:07:55 | Exec SP_sepuedecompensar_2_0 @dtcupon_param = '17/08/2016 10:56:01' 
09/10/2016 09:07:55 | Exec SP_sepuedecompensar_2_0 @dtcupon_param = '17/08/2016 11:16:54' 
09/10/2016 09:07:55 | Exec SP_sepuedecompensar_2_0 @dtcupon_param = '17/08/2016 11:24:44' 
09/10/2016 09:07:55 | Exec SP_sepuedecompensar_2_0 @dtcupon_param = '17/08/2016 11:25:27' 
09/10/2016 09:07:55 | Exec SP_sepuedecompensar_2_0 @dtcupon_param = '18/08/2016 10:30:41' 
09/10/2016 09:07:55 | Exec SP_sepuedecompensar_2_0 @dtcupon_param = '18/08/2016 10:31:22' 
09/10/2016 09:07:55 | Exec SP_sepuedecompensar_2_0 @dtcupon_param = '18/08/2016 10:31:54' 
09/10/2016 09:07:55 | Exec SP_sepuedecompensar_2_0 @dtcupon_param = '18/08/2016 10:32:18' 
09/10/2016 09:07:55 | Exec SP_sepuedecompensar_2_0 @dtcupon_param = '18/08/2016 10:35:48' 
09/10/2016 09:08:05 | Exec SP_sepuedecompensar_2_0 @dtcupon_param = '18/08/2016 10:31:22' 
09/10/2016 09:08:05 | Exec SP_sepuedecompensar_2_0 @dtcupon_param = '18/08/2016 10:31:22' 
09/10/2016 09:09:06 | Exec sco_AccesosOpcionesMenu @p_tpNivelAcceso = 'Administración' ,@p_operaconcaja = 1 
