07/10/2017 16:16:09 | Exec sco_DiccionariodeDatos @nmtabla_param='TB_Puestos'
07/10/2017 16:16:09 |  SELECT TB_Puestos.nrPuesto ,TB_Puestos.dsPuesto  FROM TB_Puestos   
07/10/2017 16:16:09 |  SELECT TB_Puestos.nrPuesto ,TB_Puestos.dsPuesto  FROM TB_Puestos  WHERE TB_Puestos.nrPuesto = 4    
07/10/2017 16:16:17 | Exec  sco_TB_Productos_v4_1 
07/10/2017 16:16:17 | Exec sco_DiccionariodeDatos @nmtabla_param='TB_Usuarios'
07/10/2017 16:16:19 |  SELECT TOP 100 TB_Usuarios.dsUsuario  FROM TB_Usuarios  WHERE TB_Usuarios.tpAcceso <> 'Puestos'  AND  TB_Usuarios.flBloqueado = 0  AND   dsUsuario Like ('c%') AND TB_Usuarios.flEliminar = 0
07/10/2017 16:16:20 |  SELECT TOP 100 TB_Usuarios.dsUsuario  FROM TB_Usuarios  WHERE TB_Usuarios.tpAcceso <> 'Puestos'  AND  TB_Usuarios.flBloqueado = 0  AND   dsUsuario Like ('ca%') AND TB_Usuarios.flEliminar = 0
07/10/2017 16:16:20 |  SELECT TOP 100 TB_Usuarios.dsUsuario  FROM TB_Usuarios  WHERE TB_Usuarios.tpAcceso <> 'Puestos'  AND  TB_Usuarios.flBloqueado = 0  AND   dsUsuario Like ('cam%') AND TB_Usuarios.flEliminar = 0
07/10/2017 16:16:26 |  SELECT TB_Usuarios.dsUsuario ,TB_Usuarios.dspassword ,TB_Usuarios.tpAcceso ,TB_Usuarios.nmNombre ,TB_Usuarios.nmApellido ,TB_Usuarios.flBloqueado ,TB_Usuarios.tpNivelJerarquico  FROM TB_Usuarios  WHERE TB_Usuarios.dsUsuario = 'CAMILAP'  AND  TB_Usuarios.flEliminar = 0    
07/10/2017 16:16:26 |  SELECT TB_Usuarios.dsUsuario ,TB_Usuarios.dspassword ,TB_Usuarios.tpAcceso ,TB_Usuarios.nmNombre ,TB_Usuarios.nmApellido ,TB_Usuarios.flBloqueado ,TB_Usuarios.tpNivelJerarquico  FROM TB_Usuarios  WHERE TB_Usuarios.dsUsuario = 'CAMILAP'  AND  TB_Usuarios.flEliminar = 0    
07/10/2017 16:16:26 | Exec sco_DiccionariodeDatos @nmtabla_param='sp_obtenerCajasPendientesdeAprobacion_v2_5'
07/10/2017 16:16:26 | Exec sp_obtenerCajasPendientesdeAprobacion_v2_5 @pdsUsuario_param = 'CAMILAP' 
07/10/2017 16:16:26 | Exec sp_obtenerCajasRechazadas_v2_9 
07/10/2017 16:16:26 | Exec sco_DiccionariodeDatos @nmtabla_param='TB_Parametros'
07/10/2017 16:16:26 |  SELECT TB_Parametros.vlParametro  FROM TB_Parametros  WHERE TB_Parametros.dsParametro = 'VALOR EURO'    
07/10/2017 16:16:26 |  SELECT TB_Parametros.vlParametro  FROM TB_Parametros  WHERE TB_Parametros.dsParametro = 'VALOR DOLAR'    
07/10/2017 16:16:26 | Exec SP_ValorPromoRetorno
07/10/2017 16:16:26 | Exec sco_DiccionariodeDatos @nmtabla_param='TB_Comisiones'
07/10/2017 16:16:26 |  SELECT TB_Comisiones.vlMontoMinimo  FROM TB_Comisiones  WHERE TB_Comisiones.tpComision = 'Retorno'  AND  TB_Comisiones.flEliminar = 0    
07/10/2017 16:16:26 |  SELECT TB_Parametros.vlParametro  FROM TB_Parametros  WHERE TB_Parametros.dsParametro = 'VALOR REAL'    
07/10/2017 16:16:26 | Exec sco_DiccionariodeDatos @nmtabla_param='TB_Cajas'
07/10/2017 16:16:26 |  SELECT TB_Cajas.nrCaja  FROM TB_Cajas  WHERE TB_Cajas.dsUsuario = 'CAMILAP'  and  TB_Cajas.flEstado = 0  and  TB_Cajas.tpEstadoAprobacion IS NULL  and  TB_Cajas.nrcaja > 0    
07/10/2017 16:16:28 |  SELECT TB_Cajas.nrCaja ,TB_Cajas.vlTotalSaldoFinal ,TB_Cajas.nrPuesto ,TB_Cajas.dsUsuario ,TB_Cajas.vlSaldoInicialPesos ,TB_Cajas.dtApertura ,TB_Cajas.dtCierre ,TB_Cajas.vlDiaDolar ,TB_Cajas.vlDiaEuro ,TB_Cajas.vlSaldoInicialEuros ,TB_Cajas.vlSaldoInicialDolares ,TB_Cajas.vlSaldoFinalRealPesos ,TB_Cajas.vlTotalSaldoInicial ,TB_Cajas.dtObservacion ,TB_Cajas.vlCierrePesos ,TB_Cajas.vlSaldoFinalRealDolares ,TB_Cajas.vlSaldoFinalRealEuros ,TB_Cajas.vlTotalSaldoFinalReal ,TB_Cajas.vlCierreDolares ,TB_Cajas.vlCierreEuros ,TB_Cajas.dsObservacion ,TB_Cajas.vlDiaReal ,TB_Cajas.flEstado  FROM TB_Cajas  WHERE TB_Cajas.nrCaja = 9000003773    
07/10/2017 16:16:28 | Exec sco_DiccionariodeDatos @nmtabla_param='SP_SumaCajaADM_v2_9'
07/10/2017 16:16:28 | Exec SP_SumaCajaADM_v2_9 @nrCaja_param = 9000003773 ,@tpCaja_param = 'CA' ,@tpCajaImputacion_param = null 
07/10/2017 16:16:28 |  UPDATE TB_Cajas SET TB_Cajas.vlSaldoFinalRealPesos  = -258.92 ,TB_Cajas.vlSaldoFinalRealEuros  = 0.00 ,TB_Cajas.vlSaldoFinalRealDolares  = 0.00 ,TB_Cajas.vlCierrePesos  = -258.92 ,TB_Cajas.vlCierreDolares  = 0 ,TB_Cajas.vlCierreEuros  = 0   WHERE TB_Cajas.nrCaja = 9000003773  
07/10/2017 16:16:31 |  UPDATE TB_Cajas SET TB_Cajas.nrCaja  = 9000003773 ,TB_Cajas.vlTotalSaldoFinal  = -258.92 ,TB_Cajas.nrPuesto  = 9 ,TB_Cajas.dsUsuario  = 'CAMILAP' ,TB_Cajas.vlSaldoInicialPesos  = 0.00 ,TB_Cajas.dtApertura  = '19/08/2015 11:17:24' ,TB_Cajas.dtCierre  = null ,TB_Cajas.vlDiaDolar  = 9.10 ,TB_Cajas.vlDiaEuro  = 10.00 ,TB_Cajas.vlSaldoInicialEuros  = 0.00 ,TB_Cajas.vlSaldoInicialDolares  = 0.00 ,TB_Cajas.vlSaldoFinalRealPesos  = 0.00 ,TB_Cajas.vlTotalSaldoInicial  = 0.00 ,TB_Cajas.dtObservacion  = '07/10/2017 4:16:29' ,TB_Cajas.vlCierrePesos  = -258.92 ,TB_Cajas.vlSaldoFinalRealDolares  = 0.00 ,TB_Cajas.vlSaldoFinalRealEuros  = 0.00 ,TB_Cajas.vlTotalSaldoFinalReal  = -258.92 ,TB_Cajas.vlCierreDolares  = 0 ,TB_Cajas.vlCierreEuros  = 0 ,TB_Cajas.dsObservacion  = null ,TB_Cajas.vlDiaReal  = 3.21 ,TB_Cajas.flCajaAdm  = 1   WHERE TB_Cajas.nrCaja = 9000003773  
07/10/2017 16:16:31 | Exec sco_DiccionariodeDatos @nmtabla_param='VW_UltimaCajaAdm'
07/10/2017 16:16:31 |  SELECT VW_UltimaCajaAdm.nrCaja ,VW_UltimaCajaAdm.vlSaldoFinalRealPesos ,VW_UltimaCajaAdm.vlSaldoFinalRealEuros ,VW_UltimaCajaAdm.vlSaldoFinalRealDolares  FROM VW_UltimaCajaAdm   
07/10/2017 16:16:31 |  SELECT TB_Cajas.nrCaja  FROM TB_Cajas  WHERE TB_Cajas.nrCaja = 9000003773  AND  TB_Cajas.flEstado = 0    
07/10/2017 16:16:31 | Exec sco_DiccionariodeDatos @nmtabla_param='sco_cajapuesto_v3_9'
07/10/2017 16:16:31 | Exec sco_cajapuesto_v3_9 @nrCaja_param = 9000003772 
07/10/2017 16:16:31 | Exec sco_cajapuesto_v3_9 @nrCaja_param = 9000003773 
07/10/2017 16:16:31 | Exec sco_DiccionariodeDatos @nmtabla_param='spu_esdifporCotizacionImputadas_v3_9'
07/10/2017 16:16:31 | Exec spu_esdifporCotizacionImputadas_v3_9 @nrCajaAdmActual = 9000003773 
07/10/2017 16:16:31 | Exec sco_validarVencimientosCAI_v4_1
07/10/2017 16:16:31 | Exec sco_DiccionariodeDatos @nmtabla_param='sco_AccesosOpcionesMenu'
07/10/2017 16:16:31 | Exec sco_AccesosOpcionesMenu @p_tpNivelAcceso = 'Administración' ,@p_operaconcaja = 1 
07/10/2017 16:16:31 | Exec sco_AccesosOpcionesMenu @p_tpNivelAcceso = 'Administración' ,@p_operaconcaja = 1 
07/10/2017 16:16:34 |  SELECT TB_Cajas.nrCaja  FROM TB_Cajas  WHERE TB_Cajas.nrCaja = 9000003773  AND  TB_Cajas.flEstado = 0    
07/10/2017 16:16:36 | Exec sco_DiccionariodeDatos @nmtabla_param='sp_existen_cajas_desimputadas_v3_2'
07/10/2017 16:16:36 | Exec sp_existen_cajas_desimputadas_v3_2 @nrCajaAdmActual = 9000003773 
07/10/2017 16:16:36 | Exec sco_cajapuesto_v3_9 @nrCaja_param = 9000003773 
07/10/2017 16:16:36 |  SELECT TB_Parametros.vlParametro  FROM TB_Parametros  WHERE TB_Parametros.dsParametro = 'VALOR EURO'    
07/10/2017 16:16:36 |  SELECT TB_Parametros.vlParametro  FROM TB_Parametros  WHERE TB_Parametros.dsParametro = 'VALOR DOLAR'    
07/10/2017 16:16:36 | Exec SP_ValorPromoRetorno
07/10/2017 16:16:36 |  SELECT TB_Comisiones.vlMontoMinimo  FROM TB_Comisiones  WHERE TB_Comisiones.tpComision = 'Retorno'  AND  TB_Comisiones.flEliminar = 0    
07/10/2017 16:16:36 |  SELECT TB_Parametros.vlParametro  FROM TB_Parametros  WHERE TB_Parametros.dsParametro = 'VALOR REAL'    
07/10/2017 16:16:36 |  SELECT TB_Cajas.nrCaja ,TB_Cajas.vlTotalSaldoFinal ,TB_Cajas.nrPuesto ,TB_Cajas.dsUsuario ,TB_Cajas.vlSaldoInicialPesos ,TB_Cajas.dtApertura ,TB_Cajas.dtCierre ,TB_Cajas.vlDiaDolar ,TB_Cajas.vlDiaEuro ,TB_Cajas.vlSaldoInicialEuros ,TB_Cajas.vlSaldoInicialDolares ,TB_Cajas.vlSaldoFinalRealPesos ,TB_Cajas.vlTotalSaldoInicial ,TB_Cajas.dtObservacion ,TB_Cajas.vlCierrePesos ,TB_Cajas.vlSaldoFinalRealDolares ,TB_Cajas.vlSaldoFinalRealEuros ,TB_Cajas.vlTotalSaldoFinalReal ,TB_Cajas.vlCierreDolares ,TB_Cajas.vlCierreEuros ,TB_Cajas.dsObservacion ,TB_Cajas.vlDiaReal ,TB_Cajas.flEstado  FROM TB_Cajas  WHERE TB_Cajas.nrCaja = 9000003773    
07/10/2017 16:16:36 | Exec SP_SumaCajaADM_v2_9 @nrCaja_param = 9000003773 ,@tpCaja_param = 'CA' ,@tpCajaImputacion_param = null 
07/10/2017 16:16:36 |  UPDATE TB_Cajas SET TB_Cajas.vlSaldoFinalRealPesos  = -258.92 ,TB_Cajas.vlSaldoFinalRealEuros  = 0.00 ,TB_Cajas.vlSaldoFinalRealDolares  = 0.00 ,TB_Cajas.vlCierrePesos  = -258.92 ,TB_Cajas.vlCierreDolares  = 0 ,TB_Cajas.vlCierreEuros  = 0   WHERE TB_Cajas.nrCaja = 9000003773  
07/10/2017 16:16:39 |  SELECT VW_UltimaCajaAdm.nrCaja ,VW_UltimaCajaAdm.vlSaldoFinalRealPesos ,VW_UltimaCajaAdm.vlSaldoFinalRealEuros ,VW_UltimaCajaAdm.vlSaldoFinalRealDolares  FROM VW_UltimaCajaAdm   
07/10/2017 16:16:39 |  SELECT TB_Cajas.nrCaja  FROM TB_Cajas  WHERE TB_Cajas.nrCaja = 9000003773  AND  TB_Cajas.flEstado = 0    
07/10/2017 16:16:39 | Exec sco_cajapuesto_v3_9 @nrCaja_param = 9000003772 
07/10/2017 16:16:39 | Exec sco_cajapuesto_v3_9 @nrCaja_param = 9000003773 
07/10/2017 16:16:39 | Exec spu_esdifporCotizacionImputadas_v3_9 @nrCajaAdmActual = 9000003773 
07/10/2017 16:16:39 | Exec sco_AccesosOpcionesMenu @p_tpNivelAcceso = 'Administración' ,@p_operaconcaja = 1 
07/10/2017 16:16:41 |  SELECT TB_Cajas.nrCaja  FROM TB_Cajas  WHERE TB_Cajas.nrCaja = 9000003773  AND  TB_Cajas.flEstado = 0    
07/10/2017 16:16:44 | Exec sp_existen_cajas_desimputadas_v3_2 @nrCajaAdmActual = 9000003773 
07/10/2017 16:16:44 | Exec sco_cajapuesto_v3_9 @nrCaja_param = 9000003773 
07/10/2017 16:16:44 |  SELECT TB_Parametros.vlParametro  FROM TB_Parametros  WHERE TB_Parametros.dsParametro = 'VALOR EURO'    
07/10/2017 16:16:44 |  SELECT TB_Parametros.vlParametro  FROM TB_Parametros  WHERE TB_Parametros.dsParametro = 'VALOR DOLAR'    
07/10/2017 16:16:44 | Exec SP_ValorPromoRetorno
07/10/2017 16:16:44 |  SELECT TB_Comisiones.vlMontoMinimo  FROM TB_Comisiones  WHERE TB_Comisiones.tpComision = 'Retorno'  AND  TB_Comisiones.flEliminar = 0    
07/10/2017 16:16:44 |  SELECT TB_Parametros.vlParametro  FROM TB_Parametros  WHERE TB_Parametros.dsParametro = 'VALOR REAL'    
07/10/2017 16:16:44 |  SELECT TB_Cajas.nrCaja ,TB_Cajas.vlTotalSaldoFinal ,TB_Cajas.nrPuesto ,TB_Cajas.dsUsuario ,TB_Cajas.vlSaldoInicialPesos ,TB_Cajas.dtApertura ,TB_Cajas.dtCierre ,TB_Cajas.vlDiaDolar ,TB_Cajas.vlDiaEuro ,TB_Cajas.vlSaldoInicialEuros ,TB_Cajas.vlSaldoInicialDolares ,TB_Cajas.vlSaldoFinalRealPesos ,TB_Cajas.vlTotalSaldoInicial ,TB_Cajas.dtObservacion ,TB_Cajas.vlCierrePesos ,TB_Cajas.vlSaldoFinalRealDolares ,TB_Cajas.vlSaldoFinalRealEuros ,TB_Cajas.vlTotalSaldoFinalReal ,TB_Cajas.vlCierreDolares ,TB_Cajas.vlCierreEuros ,TB_Cajas.dsObservacion ,TB_Cajas.vlDiaReal ,TB_Cajas.flEstado  FROM TB_Cajas  WHERE TB_Cajas.nrCaja = 9000003773    
07/10/2017 16:16:44 | Exec SP_SumaCajaADM_v2_9 @nrCaja_param = 9000003773 ,@tpCaja_param = 'CA' ,@tpCajaImputacion_param = null 
07/10/2017 16:16:44 |  UPDATE TB_Cajas SET TB_Cajas.vlSaldoFinalRealPesos  = -258.92 ,TB_Cajas.vlSaldoFinalRealEuros  = 0.00 ,TB_Cajas.vlSaldoFinalRealDolares  = 0.00 ,TB_Cajas.vlCierrePesos  = -258.92 ,TB_Cajas.vlCierreDolares  = 0 ,TB_Cajas.vlCierreEuros  = 0   WHERE TB_Cajas.nrCaja = 9000003773  
07/10/2017 16:16:46 | Exec sco_DiccionariodeDatos @nmtabla_param='SP_obtenerCajasPuestosImputadas_v3_7'
07/10/2017 16:16:46 | Exec SP_obtenerCajasPuestosImputadas_v3_7 @nrCaja_param = 9000003773 ,@flSumatorio_param = 1 
07/10/2017 16:16:46 |  UPDATE TB_Cajas SET TB_Cajas.vlSumaCajasPuestosCierrePesos  = 0 ,TB_Cajas.vlSumaCajasPuestosCierreDolares  = 0 ,TB_Cajas.vlSumaCajasPuestosCierreEuros  = 0 ,TB_Cajas.vlSumaCajasPuestosDiferencia  = 0   WHERE TB_Cajas.nrCaja = 9000003773  
07/10/2017 16:16:46 |  UPDATE TB_Cajas SET TB_Cajas.nrCaja  = 9000003773 ,TB_Cajas.vlTotalSaldoFinal  = -258.92 ,TB_Cajas.nrPuesto  = 9 ,TB_Cajas.dsUsuario  = 'CAMILAP' ,TB_Cajas.vlSaldoInicialPesos  = 0.00 ,TB_Cajas.dtApertura  = '19/08/2015 11:17:24' ,TB_Cajas.dtCierre  = '07/10/2017 4:16:44' ,TB_Cajas.vlDiaDolar  = 9.10 ,TB_Cajas.vlDiaEuro  = 10.00 ,TB_Cajas.vlSaldoInicialEuros  = 0.00 ,TB_Cajas.vlSaldoInicialDolares  = 0.00 ,TB_Cajas.vlSaldoFinalRealPesos  = -258.92 ,TB_Cajas.vlTotalSaldoInicial  = 0.00 ,TB_Cajas.dtObservacion  = '07/10/2017 4:16:29' ,TB_Cajas.vlCierrePesos  = -258.92 ,TB_Cajas.vlSaldoFinalRealDolares  = 0.00 ,TB_Cajas.vlSaldoFinalRealEuros  = 0.00 ,TB_Cajas.vlTotalSaldoFinalReal  = -258.92 ,TB_Cajas.vlCierreDolares  = 0 ,TB_Cajas.vlCierreEuros  = 0 ,TB_Cajas.dsObservacion  = null ,TB_Cajas.vlDiaReal  = 3.21 ,TB_Cajas.flCajaAdm  = 1 ,TB_Cajas.flEstado  = 1 ,TB_Cajas.hrCierre  = '16:16'   WHERE TB_Cajas.nrCaja = 9000003773  
07/10/2017 16:16:47 | Exec sco_DiccionariodeDatos @nmtabla_param='sp_versionreporte_v3_2'
07/10/2017 16:16:47 | Exec sp_versionreporte_v3_2 @dtFechaOperacion = '07/10/2017' 
07/10/2017 16:16:49 |  SELECT VW_UltimaCajaAdm.nrCaja ,VW_UltimaCajaAdm.vlSaldoFinalRealPesos ,VW_UltimaCajaAdm.vlSaldoFinalRealEuros ,VW_UltimaCajaAdm.vlSaldoFinalRealDolares  FROM VW_UltimaCajaAdm   
07/10/2017 16:16:49 |  SELECT TB_Cajas.nrCaja  FROM TB_Cajas  WHERE TB_Cajas.nrCaja = 9000003773  AND  TB_Cajas.flEstado = 0    
07/10/2017 16:16:49 | Exec spu_esdifporCotizacionImputadas_v3_9 @nrCajaAdmActual = 9000003773 
07/10/2017 16:16:52 |  SELECT TB_Parametros.vlParametro  FROM TB_Parametros  WHERE TB_Parametros.dsParametro = 'VALOR EURO'    
07/10/2017 16:16:52 |  SELECT TB_Parametros.vlParametro  FROM TB_Parametros  WHERE TB_Parametros.dsParametro = 'VALOR DOLAR'    
07/10/2017 16:16:52 | Exec SP_ValorPromoRetorno
07/10/2017 16:16:52 |  SELECT TB_Comisiones.vlMontoMinimo  FROM TB_Comisiones  WHERE TB_Comisiones.tpComision = 'Retorno'  AND  TB_Comisiones.flEliminar = 0    
07/10/2017 16:16:52 |  SELECT TB_Parametros.vlParametro  FROM TB_Parametros  WHERE TB_Parametros.dsParametro = 'VALOR REAL'    
07/10/2017 16:16:52 |  SELECT TB_Cajas.nrCaja  FROM TB_Cajas  WHERE TB_Cajas.dsUsuario = 'CAMILAP'  and  TB_Cajas.flEstado = 0  and  TB_Cajas.tpEstadoAprobacion IS NULL  and  TB_Cajas.nrcaja > 0    
07/10/2017 16:16:52 | Exec sco_DiccionariodeDatos @nmtabla_param='VW_CajadeADMAbierta'
07/10/2017 16:16:52 |  SELECT VW_CajadeADMAbierta.nrCaja ,VW_CajadeADMAbierta.vlSaldoFinalRealPesos ,VW_CajadeADMAbierta.vlSaldoFinalRealEuros ,VW_CajadeADMAbierta.vlSaldoFinalRealDolares ,VW_CajadeADMAbierta.dsUsuario  FROM VW_CajadeADMAbierta   
07/10/2017 16:16:52 | Exec sco_DiccionariodeDatos @nmtabla_param='SP_CalculaSaldoInicial_v2_9'
07/10/2017 16:16:52 | Exec SP_CalculaSaldoInicial_v2_9 @tpCaja_param = null ,@tpCajaImputacion_param = null ,@nrCaja_param = null 
07/10/2017 16:16:57 | Exec sco_DiccionariodeDatos @nmtabla_param='SP_ObtenerMaxnrCaja_v2_8'
07/10/2017 16:16:57 | Exec SP_ObtenerMaxnrCaja_v2_8 @nrPuesto = 4 
07/10/2017 16:16:57 |  INSERT TB_Cajas (nrCaja ,vlTotalSaldoFinal ,nrPuesto ,dsUsuario ,vlSaldoInicialPesos ,dtApertura ,dtCierre ,vlDiaDolar ,vlDiaEuro ,vlSaldoInicialEuros ,vlSaldoInicialDolares ,vlSaldoFinalRealPesos ,vlTotalSaldoInicial ,dtObservacion ,vlCierrePesos ,vlSaldoFinalRealDolares ,vlSaldoFinalRealEuros ,vlTotalSaldoFinalReal ,vlCierreDolares ,vlCierreEuros ,dsObservacion ,vlDiaReal ,flCajaAdm )  VALUES (4000005229 ,null ,9 ,'CAMILAP' ,-258.92 ,'07/10/2017 4:16:52' ,null ,9.10 ,10 ,0 ,0 ,-258.92 ,-258.92 ,'07/10/2017 4:16:53' ,null ,0 ,0 ,null ,null ,null ,null ,3.21 ,1 )
07/10/2017 16:16:57 | Exec sco_DiccionariodeDatos @nmtabla_param='DiccionariodeDatos'
07/10/2017 16:16:57 |  UPDATE DiccionariodeDatos SET DiccionariodeDatos.vlPuesto9  = '4000005229'   WHERE DiccionariodeDatos.nmTabla = 'TB_Cajas'  AND  DiccionariodeDatos.nmCampo = 'nrCaja'  
07/10/2017 16:16:58 |  SELECT VW_UltimaCajaAdm.nrCaja ,VW_UltimaCajaAdm.vlSaldoFinalRealPesos ,VW_UltimaCajaAdm.vlSaldoFinalRealEuros ,VW_UltimaCajaAdm.vlSaldoFinalRealDolares  FROM VW_UltimaCajaAdm   
07/10/2017 16:16:58 |  SELECT TB_Cajas.nrCaja  FROM TB_Cajas  WHERE TB_Cajas.nrCaja = 4000005229  AND  TB_Cajas.flEstado = 0    
07/10/2017 16:16:58 | Exec sco_cajapuesto_v3_9 @nrCaja_param = 9000003773 
07/10/2017 16:16:58 | Exec sco_cajapuesto_v3_9 @nrCaja_param = 4000005229 
07/10/2017 16:16:58 | Exec spu_esdifporCotizacionImputadas_v3_9 @nrCajaAdmActual = 4000005229 
07/10/2017 16:16:58 | Exec sco_AccesosOpcionesMenu @p_tpNivelAcceso = 'Administración' ,@p_operaconcaja = 1 
07/10/2017 16:17:04 | Exec sco_DiccionariodeDatos @nmtabla_param='VW_CajasPuestos_v2_5'
07/10/2017 16:17:04 |  SELECT VW_CajasPuestos_v2_5.nrCaja ,VW_CajasPuestos_v2_5.dtApertura ,VW_CajasPuestos_v2_5.dtCierre ,VW_CajasPuestos_v2_5.nrPuesto ,VW_CajasPuestos_v2_5.dsUsuario ,VW_CajasPuestos_v2_5.vlDiferenciaDeCierre ,VW_CajasPuestos_v2_5.dsUsuario ,VW_CajasPuestos_v2_5.vlSaldoInicialPesos ,VW_CajasPuestos_v2_5.vlTotalSaldoFinalReal  FROM VW_CajasPuestos_v2_5  WHERE VW_CajasPuestos_v2_5.dtApertura >= '22/09/2017 00:00:00'  AND  VW_CajasPuestos_v2_5.dtApertura <= '07/10/2017 23:59:59'  AND   CONVERT(char,dtApertura,103) LIKE ('%%%') AND VW_CajasPuestos_v2_5.tpAcceso = 'Administración'     Order by VW_CajasPuestos_v2_5.dtApertura DESC 
07/10/2017 16:17:07 |  SELECT VW_CajasPuestos_v2_5.nrCaja ,VW_CajasPuestos_v2_5.dtApertura ,VW_CajasPuestos_v2_5.dtCierre ,VW_CajasPuestos_v2_5.nrPuesto ,VW_CajasPuestos_v2_5.dsUsuario ,VW_CajasPuestos_v2_5.vlDiferenciaDeCierre ,VW_CajasPuestos_v2_5.dsUsuario ,VW_CajasPuestos_v2_5.vlSaldoInicialPesos ,VW_CajasPuestos_v2_5.vlTotalSaldoFinalReal  FROM VW_CajasPuestos_v2_5  WHERE VW_CajasPuestos_v2_5.dtApertura >= '22/09/2017 00:00:00'  AND  VW_CajasPuestos_v2_5.dtApertura <= '07/10/2017 23:59:59'  AND   nrCaja Like ('%%%') AND VW_CajasPuestos_v2_5.tpAcceso = 'Administración'     Order by VW_CajasPuestos_v2_5.nrCaja DESC 
07/10/2017 16:17:11 |  SELECT VW_CajasPuestos_v2_5.nrCaja ,VW_CajasPuestos_v2_5.dtApertura ,VW_CajasPuestos_v2_5.dtCierre ,VW_CajasPuestos_v2_5.nrPuesto ,VW_CajasPuestos_v2_5.dsUsuario ,VW_CajasPuestos_v2_5.vlDiferenciaDeCierre ,VW_CajasPuestos_v2_5.dsUsuario ,VW_CajasPuestos_v2_5.vlSaldoInicialPesos ,VW_CajasPuestos_v2_5.vlTotalSaldoFinalReal  FROM VW_CajasPuestos_v2_5  WHERE VW_CajasPuestos_v2_5.dtApertura >= '11/04/2017 00:00:00'  AND  VW_CajasPuestos_v2_5.dtApertura <= '07/10/2017 23:59:59'  AND   nrCaja Like ('%%%') AND VW_CajasPuestos_v2_5.tpAcceso = 'Administración'     Order by VW_CajasPuestos_v2_5.nrCaja DESC 
07/10/2017 16:17:18 |  SELECT VW_CajasPuestos_v2_5.nrCaja ,VW_CajasPuestos_v2_5.dtApertura ,VW_CajasPuestos_v2_5.dtCierre ,VW_CajasPuestos_v2_5.nrPuesto ,VW_CajasPuestos_v2_5.dsUsuario ,VW_CajasPuestos_v2_5.vlDiferenciaDeCierre ,VW_CajasPuestos_v2_5.dsUsuario ,VW_CajasPuestos_v2_5.vlSaldoInicialPesos ,VW_CajasPuestos_v2_5.vlTotalSaldoFinalReal  FROM VW_CajasPuestos_v2_5  WHERE VW_CajasPuestos_v2_5.dtApertura >= '13/09/2016 00:00:00'  AND  VW_CajasPuestos_v2_5.dtApertura <= '07/10/2017 23:59:59'  AND   nrCaja Like ('%%%') AND VW_CajasPuestos_v2_5.tpAcceso = 'Administración'     Order by VW_CajasPuestos_v2_5.nrCaja DESC 
07/10/2017 16:17:28 |  SELECT TB_Cajas.nrCaja ,TB_Cajas.vlTotalSaldoFinal ,TB_Cajas.nrPuesto ,TB_Cajas.dsUsuario ,TB_Cajas.vlSaldoInicialPesos ,TB_Cajas.dtApertura ,TB_Cajas.dtCierre ,TB_Cajas.vlDiaDolar ,TB_Cajas.vlDiaEuro ,TB_Cajas.vlSaldoInicialEuros ,TB_Cajas.vlSaldoInicialDolares ,TB_Cajas.vlSaldoFinalRealPesos ,TB_Cajas.vlTotalSaldoInicial ,TB_Cajas.dtObservacion ,TB_Cajas.vlCierrePesos ,TB_Cajas.vlSaldoFinalRealDolares ,TB_Cajas.vlSaldoFinalRealEuros ,TB_Cajas.vlTotalSaldoFinalReal ,TB_Cajas.vlCierreDolares ,TB_Cajas.vlCierreEuros ,TB_Cajas.dsObservacion ,TB_Cajas.vlDiaReal ,TB_Cajas.flEstado  FROM TB_Cajas  WHERE TB_Cajas.nrCaja = 4000005229    
07/10/2017 16:17:28 | Exec SP_SumaCajaADM_v2_9 @nrCaja_param = 4000005229 ,@tpCaja_param = 'CA' ,@tpCajaImputacion_param = null 
07/10/2017 16:17:30 |  SELECT VW_UltimaCajaAdm.nrCaja ,VW_UltimaCajaAdm.vlSaldoFinalRealPesos ,VW_UltimaCajaAdm.vlSaldoFinalRealEuros ,VW_UltimaCajaAdm.vlSaldoFinalRealDolares  FROM VW_UltimaCajaAdm   
07/10/2017 16:17:30 |  SELECT TB_Cajas.nrCaja  FROM TB_Cajas  WHERE TB_Cajas.nrCaja = 4000005229  AND  TB_Cajas.flEstado = 0    
07/10/2017 16:17:30 | Exec sco_cajapuesto_v3_9 @nrCaja_param = 9000003773 
07/10/2017 16:17:30 | Exec sco_cajapuesto_v3_9 @nrCaja_param = 4000005229 
07/10/2017 16:17:30 | Exec spu_esdifporCotizacionImputadas_v3_9 @nrCajaAdmActual = 4000005229 
07/10/2017 16:17:30 | Exec sco_AccesosOpcionesMenu @p_tpNivelAcceso = 'Administración' ,@p_operaconcaja = 1 
07/10/2017 16:17:44 |  SELECT VW_CajasPuestos_v2_5.nrCaja ,VW_CajasPuestos_v2_5.dtApertura ,VW_CajasPuestos_v2_5.dtCierre ,VW_CajasPuestos_v2_5.nrPuesto ,VW_CajasPuestos_v2_5.dsUsuario ,VW_CajasPuestos_v2_5.vlDiferenciaDeCierre ,VW_CajasPuestos_v2_5.dsUsuario ,VW_CajasPuestos_v2_5.vlSaldoInicialPesos ,VW_CajasPuestos_v2_5.vlTotalSaldoFinalReal  FROM VW_CajasPuestos_v2_5  WHERE VW_CajasPuestos_v2_5.dtApertura >= '22/09/2017 00:00:00'  AND  VW_CajasPuestos_v2_5.dtApertura <= '07/10/2017 23:59:59'  AND   CONVERT(char,dtApertura,103) LIKE ('%%%') AND VW_CajasPuestos_v2_5.tpAcceso = 'Administración'     Order by VW_CajasPuestos_v2_5.dtApertura DESC 
07/10/2017 16:17:45 |  SELECT TB_Cajas.nrCaja ,TB_Cajas.vlTotalSaldoFinal ,TB_Cajas.nrPuesto ,TB_Cajas.dsUsuario ,TB_Cajas.vlSaldoInicialPesos ,TB_Cajas.dtApertura ,TB_Cajas.dtCierre ,TB_Cajas.vlDiaDolar ,TB_Cajas.vlDiaEuro ,TB_Cajas.vlSaldoInicialEuros ,TB_Cajas.vlSaldoInicialDolares ,TB_Cajas.vlSaldoFinalRealPesos ,TB_Cajas.vlTotalSaldoInicial ,TB_Cajas.dtObservacion ,TB_Cajas.vlCierrePesos ,TB_Cajas.vlSaldoFinalRealDolares ,TB_Cajas.vlSaldoFinalRealEuros ,TB_Cajas.vlTotalSaldoFinalReal ,TB_Cajas.vlCierreDolares ,TB_Cajas.vlCierreEuros ,TB_Cajas.dsObservacion ,TB_Cajas.vlDiaReal ,TB_Cajas.flEstado  FROM TB_Cajas  WHERE TB_Cajas.nrCaja = 4000005229    
07/10/2017 16:17:45 | Exec SP_SumaCajaADM_v2_9 @nrCaja_param = 4000005229 ,@tpCaja_param = 'CA' ,@tpCajaImputacion_param = null 
07/10/2017 16:17:47 | Exec sco_AccesosOpcionesMenu @p_tpNivelAcceso = 'Administración' ,@p_operaconcaja = 1 
07/10/2017 16:18:06 | Exec sco_DiccionariodeDatos @nmtabla_param='TB_Puestos'
07/10/2017 16:18:06 |  SELECT TB_Puestos.nrPuesto ,TB_Puestos.dsPuesto  FROM TB_Puestos   
07/10/2017 16:18:06 |  SELECT TB_Puestos.nrPuesto ,TB_Puestos.dsPuesto  FROM TB_Puestos  WHERE TB_Puestos.nrPuesto = 9    
07/10/2017 16:18:08 | Exec  sco_TB_Productos_v4_1 
07/10/2017 16:18:08 | Exec sco_DiccionariodeDatos @nmtabla_param='TB_Usuarios'
07/10/2017 16:18:11 |  SELECT TB_Usuarios.dsUsuario ,TB_Usuarios.dspassword ,TB_Usuarios.tpAcceso ,TB_Usuarios.nmNombre ,TB_Usuarios.nmApellido ,TB_Usuarios.flBloqueado ,TB_Usuarios.tpNivelJerarquico  FROM TB_Usuarios  WHERE TB_Usuarios.dsUsuario = 'CAMILAP'  AND  TB_Usuarios.flEliminar = 0    
07/10/2017 16:18:11 |  SELECT TB_Usuarios.dsUsuario ,TB_Usuarios.dspassword ,TB_Usuarios.tpAcceso ,TB_Usuarios.nmNombre ,TB_Usuarios.nmApellido ,TB_Usuarios.flBloqueado ,TB_Usuarios.tpNivelJerarquico  FROM TB_Usuarios  WHERE TB_Usuarios.dsUsuario = 'CAMILAP'  AND  TB_Usuarios.flEliminar = 0    
07/10/2017 16:18:11 | Exec sco_DiccionariodeDatos @nmtabla_param='sp_obtenerCajasPendientesdeAprobacion_v2_5'
07/10/2017 16:18:11 | Exec sp_obtenerCajasPendientesdeAprobacion_v2_5 @pdsUsuario_param = 'CAMILAP' 
07/10/2017 16:18:11 | Exec sp_obtenerCajasRechazadas_v2_9 
07/10/2017 16:18:11 | Exec sco_DiccionariodeDatos @nmtabla_param='TB_Parametros'
07/10/2017 16:18:11 |  SELECT TB_Parametros.vlParametro  FROM TB_Parametros  WHERE TB_Parametros.dsParametro = 'VALOR EURO'    
07/10/2017 16:18:11 |  SELECT TB_Parametros.vlParametro  FROM TB_Parametros  WHERE TB_Parametros.dsParametro = 'VALOR DOLAR'    
07/10/2017 16:18:11 | Exec SP_ValorPromoRetorno
07/10/2017 16:18:11 | Exec sco_DiccionariodeDatos @nmtabla_param='TB_Comisiones'
07/10/2017 16:18:11 |  SELECT TB_Comisiones.vlMontoMinimo  FROM TB_Comisiones  WHERE TB_Comisiones.tpComision = 'Retorno'  AND  TB_Comisiones.flEliminar = 0    
07/10/2017 16:18:11 |  SELECT TB_Parametros.vlParametro  FROM TB_Parametros  WHERE TB_Parametros.dsParametro = 'VALOR REAL'    
07/10/2017 16:18:11 | Exec sco_DiccionariodeDatos @nmtabla_param='TB_Cajas'
07/10/2017 16:18:11 |  SELECT TB_Cajas.nrCaja  FROM TB_Cajas  WHERE TB_Cajas.dsUsuario = 'CAMILAP'  and  TB_Cajas.flEstado = 0  and  TB_Cajas.tpEstadoAprobacion IS NULL  and  TB_Cajas.nrcaja > 0    
07/10/2017 16:18:13 |  SELECT TB_Cajas.nrCaja ,TB_Cajas.vlTotalSaldoFinal ,TB_Cajas.nrPuesto ,TB_Cajas.dsUsuario ,TB_Cajas.vlSaldoInicialPesos ,TB_Cajas.dtApertura ,TB_Cajas.dtCierre ,TB_Cajas.vlDiaDolar ,TB_Cajas.vlDiaEuro ,TB_Cajas.vlSaldoInicialEuros ,TB_Cajas.vlSaldoInicialDolares ,TB_Cajas.vlSaldoFinalRealPesos ,TB_Cajas.vlTotalSaldoInicial ,TB_Cajas.dtObservacion ,TB_Cajas.vlCierrePesos ,TB_Cajas.vlSaldoFinalRealDolares ,TB_Cajas.vlSaldoFinalRealEuros ,TB_Cajas.vlTotalSaldoFinalReal ,TB_Cajas.vlCierreDolares ,TB_Cajas.vlCierreEuros ,TB_Cajas.dsObservacion ,TB_Cajas.vlDiaReal ,TB_Cajas.flEstado  FROM TB_Cajas  WHERE TB_Cajas.nrCaja = 4000005229    
07/10/2017 16:18:13 | Exec sco_DiccionariodeDatos @nmtabla_param='SP_SumaCajaADM_v2_9'
07/10/2017 16:18:13 | Exec SP_SumaCajaADM_v2_9 @nrCaja_param = 4000005229 ,@tpCaja_param = 'CA' ,@tpCajaImputacion_param = null 
07/10/2017 16:18:13 |  UPDATE TB_Cajas SET TB_Cajas.vlSaldoFinalRealPesos  = -258.92 ,TB_Cajas.vlSaldoFinalRealEuros  = 0.00 ,TB_Cajas.vlSaldoFinalRealDolares  = 0.00 ,TB_Cajas.vlCierrePesos  = 0 ,TB_Cajas.vlCierreDolares  = 0 ,TB_Cajas.vlCierreEuros  = 0   WHERE TB_Cajas.nrCaja = 4000005229  
07/10/2017 16:18:21 |  UPDATE TB_Cajas SET TB_Cajas.nrCaja  = 4000005229 ,TB_Cajas.vlTotalSaldoFinal  = 0.00 ,TB_Cajas.nrPuesto  = 9 ,TB_Cajas.dsUsuario  = 'CAMILAP' ,TB_Cajas.vlSaldoInicialPesos  = -258.92 ,TB_Cajas.dtApertura  = '07/10/2017 4:16:52' ,TB_Cajas.dtCierre  = null ,TB_Cajas.vlDiaDolar  = 9.10 ,TB_Cajas.vlDiaEuro  = 10.00 ,TB_Cajas.vlSaldoInicialEuros  = 0.00 ,TB_Cajas.vlSaldoInicialDolares  = 0.00 ,TB_Cajas.vlSaldoFinalRealPesos  = -258.92 ,TB_Cajas.vlTotalSaldoInicial  = -258.92 ,TB_Cajas.dtObservacion  = '07/10/2017 4:18:18' ,TB_Cajas.vlCierrePesos  = 0 ,TB_Cajas.vlSaldoFinalRealDolares  = 0.00 ,TB_Cajas.vlSaldoFinalRealEuros  = 0.00 ,TB_Cajas.vlTotalSaldoFinalReal  = -258.92 ,TB_Cajas.vlCierreDolares  = 0 ,TB_Cajas.vlCierreEuros  = 0 ,TB_Cajas.dsObservacion  = null ,TB_Cajas.vlDiaReal  = 3.21 ,TB_Cajas.flCajaAdm  = 1   WHERE TB_Cajas.nrCaja = 4000005229  
07/10/2017 16:18:21 | Exec sco_DiccionariodeDatos @nmtabla_param='VW_UltimaCajaAdm'
07/10/2017 16:18:21 |  SELECT VW_UltimaCajaAdm.nrCaja ,VW_UltimaCajaAdm.vlSaldoFinalRealPesos ,VW_UltimaCajaAdm.vlSaldoFinalRealEuros ,VW_UltimaCajaAdm.vlSaldoFinalRealDolares  FROM VW_UltimaCajaAdm   
07/10/2017 16:18:21 |  SELECT TB_Cajas.nrCaja  FROM TB_Cajas  WHERE TB_Cajas.nrCaja = 4000005229  AND  TB_Cajas.flEstado = 0    
07/10/2017 16:18:21 | Exec sco_DiccionariodeDatos @nmtabla_param='sco_cajapuesto_v3_9'
07/10/2017 16:18:21 | Exec sco_cajapuesto_v3_9 @nrCaja_param = 9000003773 
07/10/2017 16:18:21 | Exec sco_cajapuesto_v3_9 @nrCaja_param = 4000005229 
07/10/2017 16:18:21 | Exec sco_DiccionariodeDatos @nmtabla_param='spu_esdifporCotizacionImputadas_v3_9'
07/10/2017 16:18:21 | Exec spu_esdifporCotizacionImputadas_v3_9 @nrCajaAdmActual = 4000005229 
07/10/2017 16:18:21 | Exec sco_validarVencimientosCAI_v4_1
07/10/2017 16:18:21 | Exec sco_DiccionariodeDatos @nmtabla_param='sco_AccesosOpcionesMenu'
07/10/2017 16:18:21 | Exec sco_AccesosOpcionesMenu @p_tpNivelAcceso = 'Administración' ,@p_operaconcaja = 1 
07/10/2017 16:18:21 | Exec sco_AccesosOpcionesMenu @p_tpNivelAcceso = 'Administración' ,@p_operaconcaja = 1 
07/10/2017 16:18:24 |  SELECT TB_Cajas.nrCaja  FROM TB_Cajas  WHERE TB_Cajas.nrCaja = 4000005229  AND  TB_Cajas.flEstado = 0    
07/10/2017 16:18:30 | Exec sco_DiccionariodeDatos @nmtabla_param='VW_CajasPuestos_v2_5'
07/10/2017 16:18:30 |  SELECT VW_CajasPuestos_v2_5.nrCaja ,VW_CajasPuestos_v2_5.dtApertura ,VW_CajasPuestos_v2_5.dtCierre ,VW_CajasPuestos_v2_5.nrPuesto ,VW_CajasPuestos_v2_5.dsUsuario ,VW_CajasPuestos_v2_5.vlDiferenciaDeCierre ,VW_CajasPuestos_v2_5.dsUsuario ,VW_CajasPuestos_v2_5.vlSaldoInicialPesos ,VW_CajasPuestos_v2_5.vlTotalSaldoFinalReal  FROM VW_CajasPuestos_v2_5  WHERE VW_CajasPuestos_v2_5.dtApertura >= '22/09/2017 00:00:00'  AND  VW_CajasPuestos_v2_5.dtApertura <= '07/10/2017 23:59:59'  AND   CONVERT(char,dtApertura,103) LIKE ('%%%') AND VW_CajasPuestos_v2_5.tpAcceso = 'Administración'     Order by VW_CajasPuestos_v2_5.dtApertura DESC 
07/10/2017 16:18:31 |  SELECT TB_Cajas.nrCaja ,TB_Cajas.vlTotalSaldoFinal ,TB_Cajas.nrPuesto ,TB_Cajas.dsUsuario ,TB_Cajas.vlSaldoInicialPesos ,TB_Cajas.dtApertura ,TB_Cajas.dtCierre ,TB_Cajas.vlDiaDolar ,TB_Cajas.vlDiaEuro ,TB_Cajas.vlSaldoInicialEuros ,TB_Cajas.vlSaldoInicialDolares ,TB_Cajas.vlSaldoFinalRealPesos ,TB_Cajas.vlTotalSaldoInicial ,TB_Cajas.dtObservacion ,TB_Cajas.vlCierrePesos ,TB_Cajas.vlSaldoFinalRealDolares ,TB_Cajas.vlSaldoFinalRealEuros ,TB_Cajas.vlTotalSaldoFinalReal ,TB_Cajas.vlCierreDolares ,TB_Cajas.vlCierreEuros ,TB_Cajas.dsObservacion ,TB_Cajas.vlDiaReal ,TB_Cajas.flEstado  FROM TB_Cajas  WHERE TB_Cajas.nrCaja = 4000005229    
07/10/2017 16:18:31 | Exec SP_SumaCajaADM_v2_9 @nrCaja_param = 4000005229 ,@tpCaja_param = 'CA' ,@tpCajaImputacion_param = null 
07/10/2017 16:18:36 |  SELECT TB_Cajas.nrCaja ,TB_Cajas.vlTotalSaldoFinal ,TB_Cajas.nrPuesto ,TB_Cajas.dsUsuario ,TB_Cajas.vlSaldoInicialPesos ,TB_Cajas.dtApertura ,TB_Cajas.dtCierre ,TB_Cajas.vlDiaDolar ,TB_Cajas.vlDiaEuro ,TB_Cajas.vlSaldoInicialEuros ,TB_Cajas.vlSaldoInicialDolares ,TB_Cajas.vlSaldoFinalRealPesos ,TB_Cajas.vlTotalSaldoInicial ,TB_Cajas.dtObservacion ,TB_Cajas.vlCierrePesos ,TB_Cajas.vlSaldoFinalRealDolares ,TB_Cajas.vlSaldoFinalRealEuros ,TB_Cajas.vlTotalSaldoFinalReal ,TB_Cajas.vlCierreDolares ,TB_Cajas.vlCierreEuros ,TB_Cajas.dsObservacion ,TB_Cajas.vlDiaReal ,TB_Cajas.flEstado  FROM TB_Cajas  WHERE TB_Cajas.nrCaja = 4000005229    
07/10/2017 16:18:36 | Exec SP_SumaCajaADM_v2_9 @nrCaja_param = 4000005229 ,@tpCaja_param = 'CA' ,@tpCajaImputacion_param = null 
07/10/2017 16:18:52 |  SELECT VW_CajasPuestos_v2_5.nrCaja ,VW_CajasPuestos_v2_5.dtApertura ,VW_CajasPuestos_v2_5.dtCierre ,VW_CajasPuestos_v2_5.nrPuesto ,VW_CajasPuestos_v2_5.dsUsuario ,VW_CajasPuestos_v2_5.vlDiferenciaDeCierre ,VW_CajasPuestos_v2_5.dsUsuario ,VW_CajasPuestos_v2_5.vlSaldoInicialPesos ,VW_CajasPuestos_v2_5.vlTotalSaldoFinalReal  FROM VW_CajasPuestos_v2_5  WHERE VW_CajasPuestos_v2_5.dtApertura >= '18/08/2015 00:00:00'  AND  VW_CajasPuestos_v2_5.dtApertura <= '07/10/2017 23:59:59'  AND   nrCaja Like ('%%%') AND VW_CajasPuestos_v2_5.tpAcceso = 'Administración'     Order by VW_CajasPuestos_v2_5.nrCaja DESC 
07/10/2017 16:18:54 |  SELECT TB_Cajas.nrCaja ,TB_Cajas.vlTotalSaldoFinal ,TB_Cajas.nrPuesto ,TB_Cajas.dsUsuario ,TB_Cajas.vlSaldoInicialPesos ,TB_Cajas.dtApertura ,TB_Cajas.dtCierre ,TB_Cajas.vlDiaDolar ,TB_Cajas.vlDiaEuro ,TB_Cajas.vlSaldoInicialEuros ,TB_Cajas.vlSaldoInicialDolares ,TB_Cajas.vlSaldoFinalRealPesos ,TB_Cajas.vlTotalSaldoInicial ,TB_Cajas.dtObservacion ,TB_Cajas.vlCierrePesos ,TB_Cajas.vlSaldoFinalRealDolares ,TB_Cajas.vlSaldoFinalRealEuros ,TB_Cajas.vlTotalSaldoFinalReal ,TB_Cajas.vlCierreDolares ,TB_Cajas.vlCierreEuros ,TB_Cajas.dsObservacion ,TB_Cajas.vlDiaReal ,TB_Cajas.flEstado  FROM TB_Cajas  WHERE TB_Cajas.nrCaja = 9000003773    
07/10/2017 16:18:54 | Exec SP_SumaCajaADM_v2_9 @nrCaja_param = 9000003773 ,@tpCaja_param = 'CA' ,@tpCajaImputacion_param = null 
07/10/2017 16:18:57 |  SELECT TB_Cajas.nrCaja ,TB_Cajas.vlTotalSaldoFinal ,TB_Cajas.nrPuesto ,TB_Cajas.dsUsuario ,TB_Cajas.vlSaldoInicialPesos ,TB_Cajas.dtApertura ,TB_Cajas.dtCierre ,TB_Cajas.vlDiaDolar ,TB_Cajas.vlDiaEuro ,TB_Cajas.vlSaldoInicialEuros ,TB_Cajas.vlSaldoInicialDolares ,TB_Cajas.vlSaldoFinalRealPesos ,TB_Cajas.vlTotalSaldoInicial ,TB_Cajas.dtObservacion ,TB_Cajas.vlCierrePesos ,TB_Cajas.vlSaldoFinalRealDolares ,TB_Cajas.vlSaldoFinalRealEuros ,TB_Cajas.vlTotalSaldoFinalReal ,TB_Cajas.vlCierreDolares ,TB_Cajas.vlCierreEuros ,TB_Cajas.dsObservacion ,TB_Cajas.vlDiaReal ,TB_Cajas.flEstado  FROM TB_Cajas  WHERE TB_Cajas.nrCaja = 9000003773    
07/10/2017 16:18:57 | Exec SP_SumaCajaADM_v2_9 @nrCaja_param = 9000003773 ,@tpCaja_param = 'CA' ,@tpCajaImputacion_param = null 
07/10/2017 16:18:59 |  SELECT TB_Cajas.nrCaja ,TB_Cajas.vlTotalSaldoFinal ,TB_Cajas.nrPuesto ,TB_Cajas.dsUsuario ,TB_Cajas.vlSaldoInicialPesos ,TB_Cajas.dtApertura ,TB_Cajas.dtCierre ,TB_Cajas.vlDiaDolar ,TB_Cajas.vlDiaEuro ,TB_Cajas.vlSaldoInicialEuros ,TB_Cajas.vlSaldoInicialDolares ,TB_Cajas.vlSaldoFinalRealPesos ,TB_Cajas.vlTotalSaldoInicial ,TB_Cajas.dtObservacion ,TB_Cajas.vlCierrePesos ,TB_Cajas.vlSaldoFinalRealDolares ,TB_Cajas.vlSaldoFinalRealEuros ,TB_Cajas.vlTotalSaldoFinalReal ,TB_Cajas.vlCierreDolares ,TB_Cajas.vlCierreEuros ,TB_Cajas.dsObservacion ,TB_Cajas.vlDiaReal ,TB_Cajas.flEstado  FROM TB_Cajas  WHERE TB_Cajas.nrCaja = 4000005229    
07/10/2017 16:18:59 | Exec SP_SumaCajaADM_v2_9 @nrCaja_param = 4000005229 ,@tpCaja_param = 'CA' ,@tpCajaImputacion_param = null 
07/10/2017 16:19:07 | Exec sco_AccesosOpcionesMenu @p_tpNivelAcceso = 'Administración' ,@p_operaconcaja = 1 
07/10/2017 16:20:15 | Exec sco_DiccionariodeDatos @nmtabla_param='TB_ResumenMovimientosContables'
07/10/2017 16:20:16 |  SELECT TB_ResumenMovimientosContables.tpConcepto ,TB_ResumenMovimientosContables.tpOperacion ,TB_ResumenMovimientosContables.dsConcepto ,TB_ResumenMovimientosContables.vlSumaPesos ,TB_ResumenMovimientosContables.vlSumaDolares ,TB_ResumenMovimientosContables.vlSumaEuros ,TB_ResumenMovimientosContables.vlSumaEuros  FROM TB_ResumenMovimientosContables  WHERE  tpOperacion Like ('%%%') AND TB_ResumenMovimientosContables.dsUsuario = 'CAMILAP'    
07/10/2017 16:20:22 | Exec sco_AccesosOpcionesMenu @p_tpNivelAcceso = 'Administración' ,@p_operaconcaja = 1 
07/10/2017 16:20:25 | Exec sco_DiccionariodeDatos @nmtabla_param='TB_MovimientosContables'
07/10/2017 16:20:25 | Exec sco_DiccionariodeDatos @nmtabla_param='TB_Conceptos'
07/10/2017 16:20:25 |  SELECT TB_Conceptos.cdConcepto ,TB_Conceptos.dsConcepto ,TB_Conceptos.tpConcepto ,TB_Conceptos.tpOperacion ,TB_Conceptos.tpCajaImputacion  FROM TB_Conceptos  WHERE TB_Conceptos.tpOperacion <> 'Neutro' AND TB_Conceptos.flEliminar = 0 AND TB_Conceptos.tpCreadopor = 'Usuario'    
07/10/2017 16:20:25 | Exec sco_DiccionariodeDatos @nmtabla_param='SP_TB_MovimientosContables_Qry_v2_9'
07/10/2017 16:20:26 | Exec SP_TB_MovimientosContables_Qry_v2_9 @strSQL_param = 'WHERE  dsConcepto Like (''%%%'')  AND nrCaja=4000005229' ,@dsUsuario_param = 'CAMILAP' 
07/10/2017 16:20:26 |  SELECT TB_Cajas.vlSaldoInicialPesos ,TB_Cajas.vlSaldoInicialDolares ,TB_Cajas.vlSaldoInicialEuros ,TB_Cajas.vlSaldoInicialReales ,TB_Cajas.vlDiaEuro ,TB_Cajas.vlDiaDolar ,TB_Cajas.vlDiaReal ,TB_Cajas.dsUsuario ,TB_Cajas.dtApertura ,TB_Cajas.dtCierre  FROM TB_Cajas  WHERE TB_Cajas.nrCaja = 4000005229    
07/10/2017 16:20:26 | Exec SP_SumaCajaADM_v2_9 @nrCaja_param = 4000005229 ,@tpCaja_param = 'CA' ,@tpCajaImputacion_param = null 
07/10/2017 16:20:33 | Exec sco_AccesosOpcionesMenu @p_tpNivelAcceso = 'Administración' ,@p_operaconcaja = 1 
07/10/2017 16:20:40 |  SELECT TB_Conceptos.cdConcepto ,TB_Conceptos.dsConcepto ,TB_Conceptos.tpConcepto ,TB_Conceptos.tpOperacion  FROM TB_Conceptos  WHERE TB_Conceptos.flEliminar = 0 AND TB_Conceptos.tpOperacion <> 'Neutro' AND TB_Conceptos.cdConcepto <> 1027 AND TB_Conceptos.cdConcepto <> 1028    
07/10/2017 16:20:44 |  SELECT TB_MovimientosContables.nrCaja ,TB_MovimientosContables.IdMovimiento ,TB_MovimientosContables.dsConcepto ,TB_MovimientosContables.dtMovimiento ,TB_MovimientosContables.tpConcepto ,TB_MovimientosContables.dsMovimiento ,TB_MovimientosContables.tpOperacion ,TB_MovimientosContables.nrRecibo ,TB_MovimientosContables.nrFactura ,TB_MovimientosContables.dsUsuario ,TB_MovimientosContables.nrCajaPuesto ,TB_MovimientosContables.tpCajaImputacion ,TB_MovimientosContables.vlPesos ,TB_MovimientosContables.vlDolares ,TB_MovimientosContables.dsUsuarioCajaPuesto ,TB_MovimientosContables.vlEuros ,TB_MovimientosContables.dsProveedor ,TB_MovimientosContables.dsObservacion  FROM TB_MovimientosContables  WHERE  dsConcepto Like ('%%%') AND TB_MovimientosContables.dtMovimiento >= '01/10/2017 00:00:00'  AND  TB_MovimientosContables.dtMovimiento <= '07/10/2017 23:59:59'     Order by TB_MovimientosContables.dsConcepto ASC 
07/10/2017 16:20:47 | Exec sco_AccesosOpcionesMenu @p_tpNivelAcceso = 'Administración' ,@p_operaconcaja = 1 
07/10/2017 16:20:49 |  SELECT TB_Cajas.vlSaldoInicialPesos ,TB_Cajas.vlSaldoInicialDolares ,TB_Cajas.vlSaldoInicialEuros ,TB_Cajas.vlSaldoInicialReales ,TB_Cajas.vlDiaEuro ,TB_Cajas.vlDiaDolar ,TB_Cajas.vlDiaReal ,TB_Cajas.dsUsuario ,TB_Cajas.dtApertura ,TB_Cajas.dtCierre  FROM TB_Cajas  WHERE TB_Cajas.nrCaja = 4000005229    
07/10/2017 16:20:49 | Exec sco_DiccionariodeDatos @nmtabla_param='TB_Cupones'
07/10/2017 16:20:49 |  SELECT tb_parametros.dsParametro ,tb_parametros.vlParametro ,tb_parametros.tpParametro ,tb_parametros.flEditable ,tb_parametros.nrTamanio ,tb_parametros.dtActualizacion  FROM tb_parametros  WHERE tb_parametros.dsParametro = 'CANT_VIAJES_A_COMP'    
07/10/2017 16:20:49 |  SELECT tb_parametros.dsParametro ,tb_parametros.vlParametro ,tb_parametros.tpParametro ,tb_parametros.flEditable ,tb_parametros.nrTamanio ,tb_parametros.dtActualizacion  FROM tb_parametros  WHERE tb_parametros.dsParametro = 'CTROL_CANT_VIAJES'    
07/10/2017 16:20:49 |  SELECT tb_parametros.dsParametro ,tb_parametros.vlParametro ,tb_parametros.tpParametro ,tb_parametros.flEditable ,tb_parametros.nrTamanio ,tb_parametros.dtActualizacion  FROM tb_parametros  WHERE tb_parametros.dsParametro = 'COBRO_COMISION_CD_RE_OBLIGATORIA'    
07/10/2017 16:20:49 |  SELECT tb_parametros.dsParametro ,tb_parametros.vlParametro ,tb_parametros.tpParametro ,tb_parametros.flEditable ,tb_parametros.nrTamanio ,tb_parametros.dtActualizacion  FROM tb_parametros  WHERE tb_parametros.dsParametro = 'RESTRINGE_TARJETAS'    
07/10/2017 16:20:52 |  SELECT TB_Cupones.cdCodBar ,TB_Cupones.nrLicencia ,TB_Cupones.nmLicenciatario ,TB_Cupones.cdCliente ,TB_Cupones.nrCupon ,TB_Cupones.tpCupon ,TB_Cupones.vlMontoCupon ,TB_Cupones.vlPagoPesos ,TB_Cupones.vlPagoEuros ,TB_Cupones.vlPagoDolares ,TB_Cupones.vlPagoReales ,TB_Cupones.vlComision ,TB_Cupones.vlRecargoTarjeta ,TB_Cupones.nrTalonarioCliente ,TB_Cupones.tpComprobanteCliente ,TB_Cupones.nrComprabanteCliente ,TB_Cupones.tpLetraCliente ,TB_Cupones.flCobradoalCliente ,TB_Cupones.dtCobradoalCliente ,TB_Cupones.flCompensado ,TB_Cupones.cdCliente ,TB_Cupones.dsLeyenda ,TB_Cupones.vlaFavordelLicenciatario ,TB_Cupones.vlafavorAdmin ,TB_Cupones.dtCupon ,TB_Cupones.dsObservacion ,TB_Cupones.vlIVA ,TB_Cupones.flAnulado ,TB_Cupones.dsLeyenda  FROM TB_Cupones  WHERE TB_Cupones.flEliminar = 0  AND  TB_Cupones.nrLicencia = 124  AND  TB_Cupones.flCompensado = 0  AND  TB_Cupones.flAnulado = 0    AND (  CONVERT(DATE, dtCupon) >= '08/08/2017' AND CONVERT(DATE, dtCupon) <= '07/10/2017'    OR tpCupon in ('Retorno','Cobro en Destino'))  
07/10/2017 16:20:52 | Exec sco_DiccionariodeDatos @nmtabla_param='sp_cuponesCompensadosdelDia_v3_3'
07/10/2017 16:20:53 | Exec sp_cuponesCompensadosdelDia_v3_3 @pnrLicencia = '124' 
07/10/2017 16:20:53 | Exec sco_DiccionariodeDatos @nmtabla_param='SP_sepuedecompensar_2_0'
07/10/2017 16:20:53 | Exec SP_sepuedecompensar_2_0 @dtcupon_param = '06/10/2017 08:31:11' 
07/10/2017 16:20:54 | Exec SP_sepuedecompensar_2_0 @dtcupon_param = '06/10/2017 08:31:11' 
07/10/2017 16:20:54 | Exec SP_sepuedecompensar_2_0 @dtcupon_param = '06/10/2017 08:31:11' 
07/10/2017 16:20:55 | Exec SP_sepuedecompensar_2_0 @dtcupon_param = '06/10/2017 08:31:11' 
07/10/2017 16:20:56 | Exec SP_sepuedecompensar_2_0 @dtcupon_param = '06/10/2017 08:31:11' 
07/10/2017 16:20:56 |  SELECT TB_Cupones.nrCupon ,TB_Cupones.nrLicencia ,TB_Cupones.nrTalonarioCliente ,TB_Cupones.nrComprabanteCliente ,TB_Cupones.dtCupon ,TB_Cupones.dsDestino ,TB_Cupones.vlIVA ,TB_Cupones.dsObservacion ,TB_Cupones.dsLeyenda  FROM TB_Cupones  WHERE TB_Cupones.nrCupon = 123    
07/10/2017 16:20:57 |  UPDATE TB_Cupones SET TB_Cupones.dsObservacion  = null   WHERE TB_Cupones.nrCupon = 123  
07/10/2017 16:20:58 |  SELECT TB_Cupones.cdCodBar ,TB_Cupones.nrLicencia ,TB_Cupones.nmLicenciatario ,TB_Cupones.cdCliente ,TB_Cupones.nrCupon ,TB_Cupones.tpCupon ,TB_Cupones.vlMontoCupon ,TB_Cupones.vlPagoPesos ,TB_Cupones.vlPagoEuros ,TB_Cupones.vlPagoDolares ,TB_Cupones.vlPagoReales ,TB_Cupones.vlComision ,TB_Cupones.vlRecargoTarjeta ,TB_Cupones.nrTalonarioCliente ,TB_Cupones.tpComprobanteCliente ,TB_Cupones.nrComprabanteCliente ,TB_Cupones.tpLetraCliente ,TB_Cupones.flCobradoalCliente ,TB_Cupones.dtCobradoalCliente ,TB_Cupones.flCompensado ,TB_Cupones.cdCliente ,TB_Cupones.dsLeyenda ,TB_Cupones.vlaFavordelLicenciatario ,TB_Cupones.vlafavorAdmin ,TB_Cupones.dtCupon ,TB_Cupones.dsObservacion ,TB_Cupones.vlIVA ,TB_Cupones.flAnulado ,TB_Cupones.dsLeyenda  FROM TB_Cupones  WHERE TB_Cupones.flEliminar = 0  AND  TB_Cupones.nrLicencia = 124  AND  TB_Cupones.flCompensado = 0  AND  TB_Cupones.flAnulado = 0    AND (  CONVERT(DATE, dtCupon) >= '08/08/2017' AND CONVERT(DATE, dtCupon) <= '07/10/2017'    OR tpCupon in ('Retorno','Cobro en Destino'))  
07/10/2017 16:20:58 | Exec sp_cuponesCompensadosdelDia_v3_3 @pnrLicencia = '124' 
07/10/2017 16:20:58 | Exec SP_sepuedecompensar_2_0 @dtcupon_param = '06/10/2017 08:31:11' 
07/10/2017 16:20:59 | Exec SP_sepuedecompensar_2_0 @dtcupon_param = '06/10/2017 08:31:11' 
07/10/2017 16:21:00 | Exec SP_sepuedecompensar_2_0 @dtcupon_param = '06/10/2017 08:31:11' 
07/10/2017 16:21:08 |  SELECT TB_Cupones.cdCodBar ,TB_Cupones.nrLicencia ,TB_Cupones.nmLicenciatario ,TB_Cupones.cdCliente ,TB_Cupones.nrCupon ,TB_Cupones.tpCupon ,TB_Cupones.vlMontoCupon ,TB_Cupones.vlPagoPesos ,TB_Cupones.vlPagoEuros ,TB_Cupones.vlPagoDolares ,TB_Cupones.vlPagoReales ,TB_Cupones.vlComision ,TB_Cupones.vlRecargoTarjeta ,TB_Cupones.nrTalonarioCliente ,TB_Cupones.tpComprobanteCliente ,TB_Cupones.nrComprabanteCliente ,TB_Cupones.tpLetraCliente ,TB_Cupones.flCobradoalCliente ,TB_Cupones.dtCobradoalCliente ,TB_Cupones.flCompensado ,TB_Cupones.cdCliente ,TB_Cupones.dsLeyenda ,TB_Cupones.vlaFavordelLicenciatario ,TB_Cupones.vlafavorAdmin ,TB_Cupones.dtCupon ,TB_Cupones.dsObservacion ,TB_Cupones.vlIVA ,TB_Cupones.flAnulado ,TB_Cupones.dsLeyenda  FROM TB_Cupones  WHERE TB_Cupones.flEliminar = 0  AND  TB_Cupones.nrLicencia = 10  AND  TB_Cupones.flCompensado = 0  AND  TB_Cupones.flAnulado = 0    AND (  CONVERT(DATE, dtCupon) >= '08/08/2017' AND CONVERT(DATE, dtCupon) <= '07/10/2017'    OR tpCupon in ('Retorno','Cobro en Destino'))  
07/10/2017 16:21:08 | Exec sp_cuponesCompensadosdelDia_v3_3 @pnrLicencia = '10' 
07/10/2017 16:21:08 | Exec SP_sepuedecompensar_2_0 @dtcupon_param = '24/06/2017 11:09:03' 
07/10/2017 16:21:08 | Exec SP_sepuedecompensar_2_0 @dtcupon_param = '24/06/2017 11:09:29' 
07/10/2017 16:21:12 |  SELECT TB_Cupones.nrCupon  FROM TB_Cupones  WHERE TB_Cupones.IdRecibo = 32    
07/10/2017 16:21:12 | Exec sco_DiccionariodeDatos @nmtabla_param='TB_Recibos'
07/10/2017 16:21:12 |  INSERT TB_Recibos (IdRecibo ,vlAcumDolares ,vlSaldoPesos ,vlSaldoEuros ,vlAcumPesos ,vlAcumEuros ,vlAcumComision ,vlAcumTarjeta ,vlSaldoDolares ,dtRecibo ,tpRecibo ,nrCaja )  VALUES (32 ,0.00 ,-36.00 ,0.00 ,0.00 ,0.00 ,36.00 ,0.00 ,0.00 ,'07/10/2017 4:21:12' ,'Detalle de Pago a Licenciatario' ,4000005229 )
07/10/2017 16:21:12 | Exec sco_DiccionariodeDatos @nmtabla_param='DiccionariodeDatos'
07/10/2017 16:21:12 |  UPDATE DiccionariodeDatos SET DiccionariodeDatos.vlPuesto9  = '1000276284'   WHERE DiccionariodeDatos.nmTabla = 'TB_Recibos'  AND  DiccionariodeDatos.nmCampo = 'IdRecibo'  
07/10/2017 16:21:12 |  UPDATE TB_Cupones SET TB_Cupones.vlPagoPesos  = 0 ,TB_Cupones.vlPagoDolares  = 0 ,TB_Cupones.vlPagoEuros  = 0 ,TB_Cupones.flCompensado  = 1 ,TB_Cupones.flCobradoalCliente  = 1 ,TB_Cupones.dtCobradoalCliente  = '07/10/2017 4:21:12' ,TB_Cupones.dtCompensado  = '07/10/2017 4:21:12' ,TB_Cupones.nrCajaLicenciatario  = 4000005229 ,TB_Cupones.dtCajaLicenciatario  = '07/10/2017 4:21:12' ,TB_Cupones.IdRecibo  = 32 ,TB_Cupones.dsUsuario  = 'CAMILAP'   WHERE TB_Cupones.nrCupon = 113  AND  TB_Cupones.IdRecibo IS NULL  
07/10/2017 16:21:12 |  UPDATE TB_Cupones SET TB_Cupones.vlPagoPesos  = 0 ,TB_Cupones.vlPagoDolares  = 0 ,TB_Cupones.vlPagoEuros  = 0 ,TB_Cupones.flCompensado  = 1 ,TB_Cupones.flCobradoalCliente  = 1 ,TB_Cupones.dtCobradoalCliente  = '07/10/2017 4:21:12' ,TB_Cupones.dtCompensado  = '07/10/2017 4:21:12' ,TB_Cupones.nrCajaLicenciatario  = 4000005229 ,TB_Cupones.dtCajaLicenciatario  = '07/10/2017 4:21:12' ,TB_Cupones.IdRecibo  = 32 ,TB_Cupones.dsUsuario  = 'CAMILAP'   WHERE TB_Cupones.nrCupon = 114  AND  TB_Cupones.IdRecibo IS NULL  
07/10/2017 16:21:12 |  select count(*) as cupones_a_compensados from tb_cupones where IdRecibo = 32
07/10/2017 16:21:12 |  SELECT TB_Conceptos.tpConcepto ,TB_Conceptos.dsConcepto ,TB_Conceptos.tpOperacion ,TB_Conceptos.tpCajaImputacion ,TB_Conceptos.tpCreadoPor  FROM TB_Conceptos  WHERE TB_Conceptos.flEliminar = 0  AND  TB_Conceptos.cdConcepto = 2020    
07/10/2017 16:21:12 |  INSERT TB_MovimientosContables (IdMovimiento ,dsMovimiento ,IdRecibo ,cdConcepto ,tpConcepto ,dsConcepto ,tpOperacion ,vlPesos ,vlDolares ,vlEuros ,nrRecibo ,nrFactura ,nrCaja ,dsUsuario ,dtMovimiento ,dsProveedor ,IdProveedor ,tpCajaImputacion ,dsUsuarioCajaPuesto ,nrCajaPuesto )  VALUES (164 ,'Ingreso Compensatorio por comisiones' ,32 ,2020 ,'Cajas' ,'Ingreso Compensatorio por comisiones' ,'Entrada de Dinero' ,36 ,0 ,0 ,'32' ,null ,4000005229 ,'CAMILAP' ,'07/10/2017 4:21:12' ,'Licencia Nro. 10' ,null ,'Caja de los Licenciatarios' ,null ,null )
07/10/2017 16:21:15 |  SELECT TB_Cupones.cdCodBar ,TB_Cupones.nrLicencia ,TB_Cupones.nmLicenciatario ,TB_Cupones.cdCliente ,TB_Cupones.nrCupon ,TB_Cupones.tpCupon ,TB_Cupones.vlMontoCupon ,TB_Cupones.vlPagoPesos ,TB_Cupones.vlPagoEuros ,TB_Cupones.vlPagoDolares ,TB_Cupones.vlPagoReales ,TB_Cupones.vlComision ,TB_Cupones.vlRecargoTarjeta ,TB_Cupones.nrTalonarioCliente ,TB_Cupones.tpComprobanteCliente ,TB_Cupones.nrComprabanteCliente ,TB_Cupones.tpLetraCliente ,TB_Cupones.flCobradoalCliente ,TB_Cupones.dtCobradoalCliente ,TB_Cupones.flCompensado ,TB_Cupones.cdCliente ,TB_Cupones.dsLeyenda ,TB_Cupones.vlaFavordelLicenciatario ,TB_Cupones.vlafavorAdmin ,TB_Cupones.dtCupon ,TB_Cupones.dsObservacion ,TB_Cupones.vlIVA ,TB_Cupones.flAnulado ,TB_Cupones.dsLeyenda  FROM TB_Cupones  WHERE TB_Cupones.flEliminar = 0  AND  TB_Cupones.nrLicencia = 10  AND  TB_Cupones.flCompensado = 0  AND  TB_Cupones.flAnulado = 0    AND (  CONVERT(DATE, dtCupon) >= '08/08/2017' AND CONVERT(DATE, dtCupon) <= '07/10/2017'    OR tpCupon in ('Retorno','Cobro en Destino'))  
07/10/2017 16:21:22 | Exec sco_AccesosOpcionesMenu @p_tpNivelAcceso = 'Administración' ,@p_operaconcaja = 1 
07/10/2017 16:21:25 |  SELECT TB_Conceptos.cdConcepto ,TB_Conceptos.dsConcepto ,TB_Conceptos.tpConcepto ,TB_Conceptos.tpOperacion ,TB_Conceptos.tpCajaImputacion  FROM TB_Conceptos  WHERE TB_Conceptos.tpOperacion <> 'Neutro' AND TB_Conceptos.flEliminar = 0 AND TB_Conceptos.tpCreadopor = 'Usuario'    
07/10/2017 16:21:25 | Exec SP_TB_MovimientosContables_Qry_v2_9 @strSQL_param = 'WHERE  dsConcepto Like (''%%%'')  AND nrCaja=4000005229' ,@dsUsuario_param = 'CAMILAP' 
07/10/2017 16:21:25 |  SELECT TB_Cajas.vlSaldoInicialPesos ,TB_Cajas.vlSaldoInicialDolares ,TB_Cajas.vlSaldoInicialEuros ,TB_Cajas.vlSaldoInicialReales ,TB_Cajas.vlDiaEuro ,TB_Cajas.vlDiaDolar ,TB_Cajas.vlDiaReal ,TB_Cajas.dsUsuario ,TB_Cajas.dtApertura ,TB_Cajas.dtCierre  FROM TB_Cajas  WHERE TB_Cajas.nrCaja = 4000005229    
07/10/2017 16:21:25 | Exec SP_SumaCajaADM_v2_9 @nrCaja_param = 4000005229 ,@tpCaja_param = 'CA' ,@tpCajaImputacion_param = null 
07/10/2017 16:21:28 |  SELECT TB_Usuarios.dsUsuario ,TB_Usuarios.nmNombre ,TB_Usuarios.nmApellido ,TB_Usuarios.tpNivelJerarquico  FROM TB_Usuarios  WHERE TB_Usuarios.flEliminar = 0  AND  TB_Usuarios.flBloqueado = 0  AND  TB_Usuarios.tpNivelJerarquico = 'Supervisor'    
07/10/2017 16:21:37 |  SELECT TB_Usuarios.dsUsuario ,TB_Usuarios.nmNombre ,TB_Usuarios.nmApellido ,TB_Usuarios.tpNivelJerarquico  FROM TB_Usuarios  WHERE TB_Usuarios.flEliminar = 0  AND  TB_Usuarios.flBloqueado = 0  AND  TB_Usuarios.tpNivelJerarquico = 'Supervisor'    
07/10/2017 16:21:43 | Exec sco_AccesosOpcionesMenu @p_tpNivelAcceso = 'Administración' ,@p_operaconcaja = 1 
07/10/2017 16:21:50 |  SELECT TB_ResumenMovimientosContables.tpConcepto ,TB_ResumenMovimientosContables.tpOperacion ,TB_ResumenMovimientosContables.dsConcepto ,TB_ResumenMovimientosContables.vlSumaPesos ,TB_ResumenMovimientosContables.vlSumaDolares ,TB_ResumenMovimientosContables.vlSumaEuros ,TB_ResumenMovimientosContables.vlSumaEuros  FROM TB_ResumenMovimientosContables  WHERE  tpOperacion Like ('%%%') AND TB_ResumenMovimientosContables.dsUsuario = 'CAMILAP'    
07/10/2017 16:21:52 |  SELECT TB_Conceptos.cdConcepto ,TB_Conceptos.dsConcepto ,TB_Conceptos.tpConcepto ,TB_Conceptos.tpOperacion  FROM TB_Conceptos  WHERE TB_Conceptos.flEliminar = 0 AND TB_Conceptos.tpOperacion <> 'Neutro' AND TB_Conceptos.cdConcepto <> 1027 AND TB_Conceptos.cdConcepto <> 1028    
07/10/2017 16:21:54 |  SELECT TB_MovimientosContables.nrCaja ,TB_MovimientosContables.IdMovimiento ,TB_MovimientosContables.dsConcepto ,TB_MovimientosContables.dtMovimiento ,TB_MovimientosContables.tpConcepto ,TB_MovimientosContables.dsMovimiento ,TB_MovimientosContables.tpOperacion ,TB_MovimientosContables.nrRecibo ,TB_MovimientosContables.nrFactura ,TB_MovimientosContables.dsUsuario ,TB_MovimientosContables.nrCajaPuesto ,TB_MovimientosContables.tpCajaImputacion ,TB_MovimientosContables.vlPesos ,TB_MovimientosContables.vlDolares ,TB_MovimientosContables.dsUsuarioCajaPuesto ,TB_MovimientosContables.vlEuros ,TB_MovimientosContables.dsProveedor ,TB_MovimientosContables.dsObservacion  FROM TB_MovimientosContables  WHERE TB_MovimientosContables.dsConcepto = 'Ingreso Compensatorio por comisiones'  AND  TB_MovimientosContables.tpConcepto = 'Cajas'  AND  TB_MovimientosContables.dtMovimiento >= '01/10/2017 00:00:00'  AND  TB_MovimientosContables.dtMovimiento <= '07/10/2017 23:59:59'    
07/10/2017 16:22:02 |  SELECT TB_Conceptos.cdConcepto ,TB_Conceptos.dsConcepto ,TB_Conceptos.tpConcepto ,TB_Conceptos.tpOperacion  FROM TB_Conceptos  WHERE TB_Conceptos.flEliminar = 0 AND TB_Conceptos.tpOperacion <> 'Neutro' AND TB_Conceptos.cdConcepto <> 1027 AND TB_Conceptos.cdConcepto <> 1028    
07/10/2017 16:22:04 |  SELECT TB_MovimientosContables.nrCaja ,TB_MovimientosContables.IdMovimiento ,TB_MovimientosContables.dsConcepto ,TB_MovimientosContables.dtMovimiento ,TB_MovimientosContables.tpConcepto ,TB_MovimientosContables.dsMovimiento ,TB_MovimientosContables.tpOperacion ,TB_MovimientosContables.nrRecibo ,TB_MovimientosContables.nrFactura ,TB_MovimientosContables.dsUsuario ,TB_MovimientosContables.nrCajaPuesto ,TB_MovimientosContables.tpCajaImputacion ,TB_MovimientosContables.vlPesos ,TB_MovimientosContables.vlDolares ,TB_MovimientosContables.dsUsuarioCajaPuesto ,TB_MovimientosContables.vlEuros ,TB_MovimientosContables.dsProveedor ,TB_MovimientosContables.dsObservacion  FROM TB_MovimientosContables  WHERE TB_MovimientosContables.dsConcepto = 'Ingreso Compensatorio por comisiones'  AND  TB_MovimientosContables.tpConcepto = 'Cajas'  AND  TB_MovimientosContables.dtMovimiento >= '01/10/2017 00:00:00'  AND  TB_MovimientosContables.dtMovimiento <= '07/10/2017 23:59:59'    
07/10/2017 16:22:15 | Exec sco_AccesosOpcionesMenu @p_tpNivelAcceso = 'Administración' ,@p_operaconcaja = 1 
07/10/2017 16:31:17 | Exec sco_DiccionariodeDatos @nmtabla_param='TB_Puestos'
07/10/2017 16:31:17 |  SELECT TB_Puestos.nrPuesto ,TB_Puestos.dsPuesto  FROM TB_Puestos   
07/10/2017 16:31:17 |  SELECT TB_Puestos.nrPuesto ,TB_Puestos.dsPuesto  FROM TB_Puestos  WHERE TB_Puestos.nrPuesto = 9    
07/10/2017 16:31:20 | Exec  sco_TB_Productos_v4_1 
07/10/2017 16:31:20 | Exec sco_DiccionariodeDatos @nmtabla_param='TB_Usuarios'
07/10/2017 16:31:23 |  SELECT TB_Usuarios.dsUsuario ,TB_Usuarios.dspassword ,TB_Usuarios.tpAcceso ,TB_Usuarios.nmNombre ,TB_Usuarios.nmApellido ,TB_Usuarios.flBloqueado ,TB_Usuarios.tpNivelJerarquico  FROM TB_Usuarios  WHERE TB_Usuarios.dsUsuario = 'CAMILAP'  AND  TB_Usuarios.flEliminar = 0    
07/10/2017 16:31:23 |  SELECT TB_Usuarios.dsUsuario ,TB_Usuarios.dspassword ,TB_Usuarios.tpAcceso ,TB_Usuarios.nmNombre ,TB_Usuarios.nmApellido ,TB_Usuarios.flBloqueado ,TB_Usuarios.tpNivelJerarquico  FROM TB_Usuarios  WHERE TB_Usuarios.dsUsuario = 'CAMILAP'  AND  TB_Usuarios.flEliminar = 0    
07/10/2017 16:31:23 | Exec sco_DiccionariodeDatos @nmtabla_param='sp_obtenerCajasPendientesdeAprobacion_v2_5'
07/10/2017 16:31:23 | Exec sp_obtenerCajasPendientesdeAprobacion_v2_5 @pdsUsuario_param = 'CAMILAP' 
07/10/2017 16:31:23 | Exec sp_obtenerCajasRechazadas_v2_9 
07/10/2017 16:31:23 | Exec sco_DiccionariodeDatos @nmtabla_param='TB_Parametros'
07/10/2017 16:31:23 |  SELECT TB_Parametros.vlParametro  FROM TB_Parametros  WHERE TB_Parametros.dsParametro = 'VALOR EURO'    
07/10/2017 16:31:23 |  SELECT TB_Parametros.vlParametro  FROM TB_Parametros  WHERE TB_Parametros.dsParametro = 'VALOR DOLAR'    
07/10/2017 16:31:23 | Exec SP_ValorPromoRetorno
07/10/2017 16:31:23 | Exec sco_DiccionariodeDatos @nmtabla_param='TB_Comisiones'
07/10/2017 16:31:23 |  SELECT TB_Comisiones.vlMontoMinimo  FROM TB_Comisiones  WHERE TB_Comisiones.tpComision = 'Retorno'  AND  TB_Comisiones.flEliminar = 0    
07/10/2017 16:31:23 |  SELECT TB_Parametros.vlParametro  FROM TB_Parametros  WHERE TB_Parametros.dsParametro = 'VALOR REAL'    
07/10/2017 16:31:23 | Exec sco_DiccionariodeDatos @nmtabla_param='TB_Cajas'
07/10/2017 16:31:23 |  SELECT TB_Cajas.nrCaja  FROM TB_Cajas  WHERE TB_Cajas.dsUsuario = 'CAMILAP'  and  TB_Cajas.flEstado = 0  and  TB_Cajas.tpEstadoAprobacion IS NULL  and  TB_Cajas.nrcaja > 0    
07/10/2017 16:31:24 |  SELECT TB_Cajas.nrCaja ,TB_Cajas.vlTotalSaldoFinal ,TB_Cajas.nrPuesto ,TB_Cajas.dsUsuario ,TB_Cajas.vlSaldoInicialPesos ,TB_Cajas.dtApertura ,TB_Cajas.dtCierre ,TB_Cajas.vlDiaDolar ,TB_Cajas.vlDiaEuro ,TB_Cajas.vlSaldoInicialEuros ,TB_Cajas.vlSaldoInicialDolares ,TB_Cajas.vlSaldoFinalRealPesos ,TB_Cajas.vlTotalSaldoInicial ,TB_Cajas.dtObservacion ,TB_Cajas.vlCierrePesos ,TB_Cajas.vlSaldoFinalRealDolares ,TB_Cajas.vlSaldoFinalRealEuros ,TB_Cajas.vlTotalSaldoFinalReal ,TB_Cajas.vlCierreDolares ,TB_Cajas.vlCierreEuros ,TB_Cajas.dsObservacion ,TB_Cajas.vlDiaReal ,TB_Cajas.flEstado  FROM TB_Cajas  WHERE TB_Cajas.nrCaja = 4000005229    
07/10/2017 16:31:24 | Exec sco_DiccionariodeDatos @nmtabla_param='SP_SumaCajaADM_v2_9'
07/10/2017 16:31:25 | Exec SP_SumaCajaADM_v2_9 @nrCaja_param = 4000005229 ,@tpCaja_param = 'CA' ,@tpCajaImputacion_param = null 
07/10/2017 16:31:25 |  UPDATE TB_Cajas SET TB_Cajas.vlSaldoFinalRealPesos  = -222.92 ,TB_Cajas.vlSaldoFinalRealEuros  = 0.00 ,TB_Cajas.vlSaldoFinalRealDolares  = 0.00 ,TB_Cajas.vlCierrePesos  = 36 ,TB_Cajas.vlCierreDolares  = 0 ,TB_Cajas.vlCierreEuros  = 0   WHERE TB_Cajas.nrCaja = 4000005229  
07/10/2017 16:31:31 |  UPDATE TB_Cajas SET TB_Cajas.nrCaja  = 4000005229 ,TB_Cajas.vlTotalSaldoFinal  = 36.00 ,TB_Cajas.nrPuesto  = 9 ,TB_Cajas.dsUsuario  = 'CAMILAP' ,TB_Cajas.vlSaldoInicialPesos  = -258.92 ,TB_Cajas.dtApertura  = '07/10/2017 4:16:52' ,TB_Cajas.dtCierre  = null ,TB_Cajas.vlDiaDolar  = 9.10 ,TB_Cajas.vlDiaEuro  = 10.00 ,TB_Cajas.vlSaldoInicialEuros  = 0.00 ,TB_Cajas.vlSaldoInicialDolares  = 0.00 ,TB_Cajas.vlSaldoFinalRealPesos  = -258.92 ,TB_Cajas.vlTotalSaldoInicial  = -258.92 ,TB_Cajas.dtObservacion  = '07/10/2017 4:31:26' ,TB_Cajas.vlCierrePesos  = 36 ,TB_Cajas.vlSaldoFinalRealDolares  = 0.00 ,TB_Cajas.vlSaldoFinalRealEuros  = 0.00 ,TB_Cajas.vlTotalSaldoFinalReal  = -222.92 ,TB_Cajas.vlCierreDolares  = 0 ,TB_Cajas.vlCierreEuros  = 0 ,TB_Cajas.dsObservacion  = null ,TB_Cajas.vlDiaReal  = 3.21 ,TB_Cajas.flCajaAdm  = 1   WHERE TB_Cajas.nrCaja = 4000005229  
07/10/2017 16:31:31 | Exec sco_DiccionariodeDatos @nmtabla_param='VW_UltimaCajaAdm'
07/10/2017 16:31:31 |  SELECT VW_UltimaCajaAdm.nrCaja ,VW_UltimaCajaAdm.vlSaldoFinalRealPesos ,VW_UltimaCajaAdm.vlSaldoFinalRealEuros ,VW_UltimaCajaAdm.vlSaldoFinalRealDolares  FROM VW_UltimaCajaAdm   
07/10/2017 16:31:31 |  SELECT TB_Cajas.nrCaja  FROM TB_Cajas  WHERE TB_Cajas.nrCaja = 4000005229  AND  TB_Cajas.flEstado = 0    
07/10/2017 16:31:31 | Exec sco_DiccionariodeDatos @nmtabla_param='sco_cajapuesto_v3_9'
07/10/2017 16:31:31 | Exec sco_cajapuesto_v3_9 @nrCaja_param = 9000003773 
07/10/2017 16:31:31 | Exec sco_cajapuesto_v3_9 @nrCaja_param = 4000005229 
07/10/2017 16:31:32 | Exec sco_DiccionariodeDatos @nmtabla_param='spu_esdifporCotizacionImputadas_v3_9'
07/10/2017 16:31:32 | Exec spu_esdifporCotizacionImputadas_v3_9 @nrCajaAdmActual = 4000005229 
07/10/2017 16:31:32 | Exec sco_validarVencimientosCAI_v4_1
07/10/2017 16:31:32 | Exec sco_DiccionariodeDatos @nmtabla_param='sco_AccesosOpcionesMenu'
07/10/2017 16:31:32 | Exec sco_AccesosOpcionesMenu @p_tpNivelAcceso = 'Administración' ,@p_operaconcaja = 1 
07/10/2017 16:31:32 | Exec sco_AccesosOpcionesMenu @p_tpNivelAcceso = 'Administración' ,@p_operaconcaja = 1 
07/10/2017 16:31:35 | Exec sco_DiccionariodeDatos @nmtabla_param='TB_MovimientosContables'
07/10/2017 16:31:35 | Exec sco_DiccionariodeDatos @nmtabla_param='TB_Conceptos'
07/10/2017 16:31:35 |  SELECT TB_Conceptos.cdConcepto ,TB_Conceptos.dsConcepto ,TB_Conceptos.tpConcepto ,TB_Conceptos.tpOperacion  FROM TB_Conceptos  WHERE TB_Conceptos.flEliminar = 0 AND TB_Conceptos.tpOperacion <> 'Neutro' AND TB_Conceptos.cdConcepto <> 1027 AND TB_Conceptos.cdConcepto <> 1028    
07/10/2017 16:31:51 |  SELECT TB_MovimientosContables.nrCaja ,TB_MovimientosContables.IdMovimiento ,TB_MovimientosContables.dsConcepto ,TB_MovimientosContables.dtMovimiento ,TB_MovimientosContables.tpConcepto ,TB_MovimientosContables.dsMovimiento ,TB_MovimientosContables.tpOperacion ,TB_MovimientosContables.nrRecibo ,TB_MovimientosContables.nrFactura ,TB_MovimientosContables.dsUsuario ,TB_MovimientosContables.nrCajaPuesto ,TB_MovimientosContables.tpCajaImputacion ,TB_MovimientosContables.vlPesos ,TB_MovimientosContables.vlDolares ,TB_MovimientosContables.dsUsuarioCajaPuesto ,TB_MovimientosContables.vlEuros ,TB_MovimientosContables.dsProveedor ,TB_MovimientosContables.dsObservacion  FROM TB_MovimientosContables  WHERE  dsConcepto Like ('%%%') AND TB_MovimientosContables.dtMovimiento >= '01/10/2017 00:00:00'  AND  TB_MovimientosContables.dtMovimiento <= '07/10/2017 23:59:59'     Order by TB_MovimientosContables.dsConcepto ASC 
07/10/2017 17:01:04 | Exec sco_AccesosOpcionesMenu @p_tpNivelAcceso = 'Administración' ,@p_operaconcaja = 1 
07/10/2017 17:01:07 | Exec sco_DiccionariodeDatos @nmtabla_param='TB_ResumenMovimientosContables'
07/10/2017 17:01:07 |  SELECT TB_ResumenMovimientosContables.tpConcepto ,TB_ResumenMovimientosContables.tpOperacion ,TB_ResumenMovimientosContables.dsConcepto ,TB_ResumenMovimientosContables.vlSumaPesos ,TB_ResumenMovimientosContables.vlSumaDolares ,TB_ResumenMovimientosContables.vlSumaEuros ,TB_ResumenMovimientosContables.vlSumaEuros  FROM TB_ResumenMovimientosContables  WHERE  tpOperacion Like ('%%%') AND TB_ResumenMovimientosContables.dsUsuario = 'CAMILAP'    
07/10/2017 17:01:08 |  SELECT TB_Conceptos.cdConcepto ,TB_Conceptos.dsConcepto ,TB_Conceptos.tpConcepto ,TB_Conceptos.tpOperacion  FROM TB_Conceptos  WHERE TB_Conceptos.flEliminar = 0 AND TB_Conceptos.tpOperacion <> 'Neutro' AND TB_Conceptos.cdConcepto <> 1027 AND TB_Conceptos.cdConcepto <> 1028    
07/10/2017 17:01:10 |  SELECT TB_MovimientosContables.nrCaja ,TB_MovimientosContables.IdMovimiento ,TB_MovimientosContables.dsConcepto ,TB_MovimientosContables.dtMovimiento ,TB_MovimientosContables.tpConcepto ,TB_MovimientosContables.dsMovimiento ,TB_MovimientosContables.tpOperacion ,TB_MovimientosContables.nrRecibo ,TB_MovimientosContables.nrFactura ,TB_MovimientosContables.dsUsuario ,TB_MovimientosContables.nrCajaPuesto ,TB_MovimientosContables.tpCajaImputacion ,TB_MovimientosContables.vlPesos ,TB_MovimientosContables.vlDolares ,TB_MovimientosContables.dsUsuarioCajaPuesto ,TB_MovimientosContables.vlEuros ,TB_MovimientosContables.dsProveedor ,TB_MovimientosContables.dsObservacion  FROM TB_MovimientosContables  WHERE TB_MovimientosContables.dsConcepto = 'Ingreso Compensatorio por comisiones'  AND  TB_MovimientosContables.tpConcepto = 'Cajas'  AND  TB_MovimientosContables.dtMovimiento >= '01/10/2017 00:00:00'  AND  TB_MovimientosContables.dtMovimiento <= '07/10/2017 23:59:59'    
07/10/2017 17:01:17 |  SELECT TB_Conceptos.cdConcepto ,TB_Conceptos.dsConcepto ,TB_Conceptos.tpConcepto ,TB_Conceptos.tpOperacion  FROM TB_Conceptos  WHERE TB_Conceptos.flEliminar = 0 AND TB_Conceptos.tpOperacion <> 'Neutro' AND TB_Conceptos.cdConcepto <> 1027 AND TB_Conceptos.cdConcepto <> 1028    
07/10/2017 17:01:20 |  SELECT TB_MovimientosContables.nrCaja ,TB_MovimientosContables.IdMovimiento ,TB_MovimientosContables.dsConcepto ,TB_MovimientosContables.dtMovimiento ,TB_MovimientosContables.tpConcepto ,TB_MovimientosContables.dsMovimiento ,TB_MovimientosContables.tpOperacion ,TB_MovimientosContables.nrRecibo ,TB_MovimientosContables.nrFactura ,TB_MovimientosContables.dsUsuario ,TB_MovimientosContables.nrCajaPuesto ,TB_MovimientosContables.tpCajaImputacion ,TB_MovimientosContables.vlPesos ,TB_MovimientosContables.vlDolares ,TB_MovimientosContables.dsUsuarioCajaPuesto ,TB_MovimientosContables.vlEuros ,TB_MovimientosContables.dsProveedor ,TB_MovimientosContables.dsObservacion  FROM TB_MovimientosContables  WHERE TB_MovimientosContables.dsConcepto = 'Ingreso Compensatorio por comisiones'  AND  TB_MovimientosContables.tpConcepto = 'Cajas'  AND  TB_MovimientosContables.dtMovimiento >= '01/10/2017 00:00:00'  AND  TB_MovimientosContables.dtMovimiento <= '07/10/2017 23:59:59'    
07/10/2017 17:01:23 | Exec sco_AccesosOpcionesMenu @p_tpNivelAcceso = 'Administración' ,@p_operaconcaja = 1 
07/10/2017 17:01:27 |  SELECT TB_Conceptos.cdConcepto ,TB_Conceptos.dsConcepto ,TB_Conceptos.tpConcepto ,TB_Conceptos.tpOperacion  FROM TB_Conceptos  WHERE TB_Conceptos.flEliminar = 0 AND TB_Conceptos.tpOperacion <> 'Neutro' AND TB_Conceptos.cdConcepto <> 1027 AND TB_Conceptos.cdConcepto <> 1028    
07/10/2017 17:01:29 |  SELECT TB_MovimientosContables.nrCaja ,TB_MovimientosContables.IdMovimiento ,TB_MovimientosContables.dsConcepto ,TB_MovimientosContables.dtMovimiento ,TB_MovimientosContables.tpConcepto ,TB_MovimientosContables.dsMovimiento ,TB_MovimientosContables.tpOperacion ,TB_MovimientosContables.nrRecibo ,TB_MovimientosContables.nrFactura ,TB_MovimientosContables.dsUsuario ,TB_MovimientosContables.nrCajaPuesto ,TB_MovimientosContables.tpCajaImputacion ,TB_MovimientosContables.vlPesos ,TB_MovimientosContables.vlDolares ,TB_MovimientosContables.dsUsuarioCajaPuesto ,TB_MovimientosContables.vlEuros ,TB_MovimientosContables.dsProveedor ,TB_MovimientosContables.dsObservacion  FROM TB_MovimientosContables  WHERE  dsConcepto Like ('%%%') AND TB_MovimientosContables.dtMovimiento >= '01/10/2017 00:00:00'  AND  TB_MovimientosContables.dtMovimiento <= '07/10/2017 23:59:59'     Order by TB_MovimientosContables.dsConcepto ASC 
07/10/2017 17:01:35 |  SELECT TB_MovimientosContables.IdMovimiento ,TB_MovimientosContables.dsProveedor ,TB_MovimientosContables.nrRecibo ,TB_MovimientosContables.cdConcepto ,TB_MovimientosContables.dsConcepto ,TB_MovimientosContables.tpConcepto ,TB_MovimientosContables.tpOperacion ,TB_MovimientosContables.nrFactura ,TB_MovimientosContables.vlEuros ,TB_MovimientosContables.dtMovimiento ,TB_MovimientosContables.nrCaja ,TB_MovimientosContables.dsUsuario ,TB_MovimientosContables.vlDolares ,TB_MovimientosContables.vlPesos ,TB_MovimientosContables.dsObservacion  FROM TB_MovimientosContables  WHERE TB_MovimientosContables.IdMovimiento = 164    
07/10/2017 17:01:35 |  SELECT TB_Conceptos.tpConcepto ,TB_Conceptos.dsConcepto ,TB_Conceptos.tpOperacion ,TB_Conceptos.tpCajaImputacion ,TB_Conceptos.tpCreadoPor  FROM TB_Conceptos  WHERE TB_Conceptos.flEliminar = 0  AND  TB_Conceptos.cdConcepto = 2020    
07/10/2017 17:01:39 | Exec sco_AccesosOpcionesMenu @p_tpNivelAcceso = 'Administración' ,@p_operaconcaja = 1 
07/10/2017 17:07:35 | Exec sco_DiccionariodeDatos @nmtabla_param='TB_Puestos'
07/10/2017 17:07:35 |  SELECT TB_Puestos.nrPuesto ,TB_Puestos.dsPuesto  FROM TB_Puestos   
07/10/2017 17:07:35 |  SELECT TB_Puestos.nrPuesto ,TB_Puestos.dsPuesto  FROM TB_Puestos  WHERE TB_Puestos.nrPuesto = 9    
07/10/2017 17:07:37 | Exec  sco_TB_Productos_v4_1 
07/10/2017 17:07:38 | Exec sco_DiccionariodeDatos @nmtabla_param='TB_Usuarios'
07/10/2017 17:07:40 |  SELECT TB_Usuarios.dsUsuario ,TB_Usuarios.dspassword ,TB_Usuarios.tpAcceso ,TB_Usuarios.nmNombre ,TB_Usuarios.nmApellido ,TB_Usuarios.flBloqueado ,TB_Usuarios.tpNivelJerarquico  FROM TB_Usuarios  WHERE TB_Usuarios.dsUsuario = 'CAMILAP'  AND  TB_Usuarios.flEliminar = 0    
07/10/2017 17:07:40 |  SELECT TB_Usuarios.dsUsuario ,TB_Usuarios.dspassword ,TB_Usuarios.tpAcceso ,TB_Usuarios.nmNombre ,TB_Usuarios.nmApellido ,TB_Usuarios.flBloqueado ,TB_Usuarios.tpNivelJerarquico  FROM TB_Usuarios  WHERE TB_Usuarios.dsUsuario = 'CAMILAP'  AND  TB_Usuarios.flEliminar = 0    
07/10/2017 17:07:40 | Exec sco_DiccionariodeDatos @nmtabla_param='sp_obtenerCajasPendientesdeAprobacion_v2_5'
07/10/2017 17:07:40 | Exec sp_obtenerCajasPendientesdeAprobacion_v2_5 @pdsUsuario_param = 'CAMILAP' 
07/10/2017 17:07:40 | Exec sp_obtenerCajasRechazadas_v2_9 
07/10/2017 17:07:40 | Exec sco_DiccionariodeDatos @nmtabla_param='TB_Parametros'
07/10/2017 17:07:40 |  SELECT TB_Parametros.vlParametro  FROM TB_Parametros  WHERE TB_Parametros.dsParametro = 'VALOR EURO'    
07/10/2017 17:07:40 |  SELECT TB_Parametros.vlParametro  FROM TB_Parametros  WHERE TB_Parametros.dsParametro = 'VALOR DOLAR'    
07/10/2017 17:07:40 | Exec SP_ValorPromoRetorno
07/10/2017 17:07:40 | Exec sco_DiccionariodeDatos @nmtabla_param='TB_Comisiones'
07/10/2017 17:07:40 |  SELECT TB_Comisiones.vlMontoMinimo  FROM TB_Comisiones  WHERE TB_Comisiones.tpComision = 'Retorno'  AND  TB_Comisiones.flEliminar = 0    
07/10/2017 17:07:40 |  SELECT TB_Parametros.vlParametro  FROM TB_Parametros  WHERE TB_Parametros.dsParametro = 'VALOR REAL'    
07/10/2017 17:07:40 | Exec sco_DiccionariodeDatos @nmtabla_param='TB_Cajas'
07/10/2017 17:07:40 |  SELECT TB_Cajas.nrCaja  FROM TB_Cajas  WHERE TB_Cajas.dsUsuario = 'CAMILAP'  and  TB_Cajas.flEstado = 0  and  TB_Cajas.tpEstadoAprobacion IS NULL  and  TB_Cajas.nrcaja > 0    
07/10/2017 17:07:41 |  SELECT TB_Cajas.nrCaja ,TB_Cajas.vlTotalSaldoFinal ,TB_Cajas.nrPuesto ,TB_Cajas.dsUsuario ,TB_Cajas.vlSaldoInicialPesos ,TB_Cajas.dtApertura ,TB_Cajas.dtCierre ,TB_Cajas.vlDiaDolar ,TB_Cajas.vlDiaEuro ,TB_Cajas.vlSaldoInicialEuros ,TB_Cajas.vlSaldoInicialDolares ,TB_Cajas.vlSaldoFinalRealPesos ,TB_Cajas.vlTotalSaldoInicial ,TB_Cajas.dtObservacion ,TB_Cajas.vlCierrePesos ,TB_Cajas.vlSaldoFinalRealDolares ,TB_Cajas.vlSaldoFinalRealEuros ,TB_Cajas.vlTotalSaldoFinalReal ,TB_Cajas.vlCierreDolares ,TB_Cajas.vlCierreEuros ,TB_Cajas.dsObservacion ,TB_Cajas.vlDiaReal ,TB_Cajas.flEstado  FROM TB_Cajas  WHERE TB_Cajas.nrCaja = 4000005229    
07/10/2017 17:07:41 | Exec sco_DiccionariodeDatos @nmtabla_param='SP_SumaCajaADM_v2_9'
07/10/2017 17:07:41 | Exec SP_SumaCajaADM_v2_9 @nrCaja_param = 4000005229 ,@tpCaja_param = 'CA' ,@tpCajaImputacion_param = null 
07/10/2017 17:07:41 |  UPDATE TB_Cajas SET TB_Cajas.vlSaldoFinalRealPesos  = -222.92 ,TB_Cajas.vlSaldoFinalRealEuros  = 0.00 ,TB_Cajas.vlSaldoFinalRealDolares  = 0.00 ,TB_Cajas.vlCierrePesos  = 36 ,TB_Cajas.vlCierreDolares  = 0 ,TB_Cajas.vlCierreEuros  = 0   WHERE TB_Cajas.nrCaja = 4000005229  
07/10/2017 17:07:43 |  UPDATE TB_Cajas SET TB_Cajas.nrCaja  = 4000005229 ,TB_Cajas.vlTotalSaldoFinal  = 36.00 ,TB_Cajas.nrPuesto  = 9 ,TB_Cajas.dsUsuario  = 'CAMILAP' ,TB_Cajas.vlSaldoInicialPesos  = -258.92 ,TB_Cajas.dtApertura  = '07/10/2017 4:16:52' ,TB_Cajas.dtCierre  = null ,TB_Cajas.vlDiaDolar  = 9.10 ,TB_Cajas.vlDiaEuro  = 10.00 ,TB_Cajas.vlSaldoInicialEuros  = 0.00 ,TB_Cajas.vlSaldoInicialDolares  = 0.00 ,TB_Cajas.vlSaldoFinalRealPesos  = -258.92 ,TB_Cajas.vlTotalSaldoInicial  = -258.92 ,TB_Cajas.dtObservacion  = '07/10/2017 5:07:43' ,TB_Cajas.vlCierrePesos  = 36 ,TB_Cajas.vlSaldoFinalRealDolares  = 0.00 ,TB_Cajas.vlSaldoFinalRealEuros  = 0.00 ,TB_Cajas.vlTotalSaldoFinalReal  = -222.92 ,TB_Cajas.vlCierreDolares  = 0 ,TB_Cajas.vlCierreEuros  = 0 ,TB_Cajas.dsObservacion  = null ,TB_Cajas.vlDiaReal  = 3.21 ,TB_Cajas.flCajaAdm  = 1   WHERE TB_Cajas.nrCaja = 4000005229  
07/10/2017 17:07:43 | Exec sco_DiccionariodeDatos @nmtabla_param='VW_UltimaCajaAdm'
07/10/2017 17:07:43 |  SELECT VW_UltimaCajaAdm.nrCaja ,VW_UltimaCajaAdm.vlSaldoFinalRealPesos ,VW_UltimaCajaAdm.vlSaldoFinalRealEuros ,VW_UltimaCajaAdm.vlSaldoFinalRealDolares  FROM VW_UltimaCajaAdm   
07/10/2017 17:07:43 |  SELECT TB_Cajas.nrCaja  FROM TB_Cajas  WHERE TB_Cajas.nrCaja = 4000005229  AND  TB_Cajas.flEstado = 0    
07/10/2017 17:07:43 | Exec sco_DiccionariodeDatos @nmtabla_param='sco_cajapuesto_v3_9'
07/10/2017 17:07:43 | Exec sco_cajapuesto_v3_9 @nrCaja_param = 9000003773 
07/10/2017 17:07:43 | Exec sco_cajapuesto_v3_9 @nrCaja_param = 4000005229 
07/10/2017 17:07:43 | Exec sco_DiccionariodeDatos @nmtabla_param='spu_esdifporCotizacionImputadas_v3_9'
07/10/2017 17:07:43 | Exec spu_esdifporCotizacionImputadas_v3_9 @nrCajaAdmActual = 4000005229 
07/10/2017 17:07:43 | Exec sco_validarVencimientosCAI_v4_1
07/10/2017 17:07:43 | Exec sco_DiccionariodeDatos @nmtabla_param='sco_AccesosOpcionesMenu'
07/10/2017 17:07:43 | Exec sco_AccesosOpcionesMenu @p_tpNivelAcceso = 'Administración' ,@p_operaconcaja = 1 
07/10/2017 17:07:43 | Exec sco_AccesosOpcionesMenu @p_tpNivelAcceso = 'Administración' ,@p_operaconcaja = 1 
07/10/2017 17:07:47 | Exec sco_DiccionariodeDatos @nmtabla_param='TB_MovimientosContables'
07/10/2017 17:07:47 | Exec sco_DiccionariodeDatos @nmtabla_param='TB_Conceptos'
07/10/2017 17:07:47 |  SELECT TB_Conceptos.cdConcepto ,TB_Conceptos.dsConcepto ,TB_Conceptos.tpConcepto ,TB_Conceptos.tpOperacion  FROM TB_Conceptos  WHERE TB_Conceptos.flEliminar = 0 AND TB_Conceptos.tpOperacion <> 'Neutro' AND TB_Conceptos.cdConcepto <> 1027 AND TB_Conceptos.cdConcepto <> 1028    
07/10/2017 17:07:52 |  SELECT TB_MovimientosContables.nrCaja ,TB_MovimientosContables.IdMovimiento ,TB_MovimientosContables.dsConcepto ,TB_MovimientosContables.dtMovimiento ,TB_MovimientosContables.tpConcepto ,TB_MovimientosContables.dsMovimiento ,TB_MovimientosContables.tpOperacion ,TB_MovimientosContables.nrRecibo ,TB_MovimientosContables.nrFactura ,TB_MovimientosContables.dsUsuario ,TB_MovimientosContables.nrCajaPuesto ,TB_MovimientosContables.tpCajaImputacion ,TB_MovimientosContables.vlPesos ,TB_MovimientosContables.vlDolares ,TB_MovimientosContables.dsUsuarioCajaPuesto ,TB_MovimientosContables.vlEuros ,TB_MovimientosContables.dsProveedor ,TB_MovimientosContables.dsObservacion  FROM TB_MovimientosContables  WHERE  dsConcepto Like ('%%%') AND TB_MovimientosContables.dtMovimiento >= '01/10/2017 00:00:00'  AND  TB_MovimientosContables.dtMovimiento <= '07/10/2017 23:59:59'     Order by TB_MovimientosContables.dsConcepto ASC 
07/10/2017 17:07:54 |  SELECT TB_MovimientosContables.IdMovimiento ,TB_MovimientosContables.dsProveedor ,TB_MovimientosContables.nrRecibo ,TB_MovimientosContables.cdConcepto ,TB_MovimientosContables.dsConcepto ,TB_MovimientosContables.tpConcepto ,TB_MovimientosContables.tpOperacion ,TB_MovimientosContables.nrFactura ,TB_MovimientosContables.vlEuros ,TB_MovimientosContables.dtMovimiento ,TB_MovimientosContables.nrCaja ,TB_MovimientosContables.dsUsuario ,TB_MovimientosContables.vlDolares ,TB_MovimientosContables.vlPesos ,TB_MovimientosContables.dsObservacion  FROM TB_MovimientosContables  WHERE TB_MovimientosContables.IdMovimiento = 164    
07/10/2017 17:07:54 |  SELECT TB_Conceptos.tpConcepto ,TB_Conceptos.dsConcepto ,TB_Conceptos.tpOperacion ,TB_Conceptos.tpCajaImputacion ,TB_Conceptos.tpCreadoPor  FROM TB_Conceptos  WHERE TB_Conceptos.flEliminar = 0  AND  TB_Conceptos.cdConcepto = 2020    
07/10/2017 17:08:04 |  SELECT TB_MovimientosContables.IdMovimiento ,TB_MovimientosContables.dsProveedor ,TB_MovimientosContables.nrRecibo ,TB_MovimientosContables.cdConcepto ,TB_MovimientosContables.dsConcepto ,TB_MovimientosContables.tpConcepto ,TB_MovimientosContables.tpOperacion ,TB_MovimientosContables.nrFactura ,TB_MovimientosContables.vlEuros ,TB_MovimientosContables.dtMovimiento ,TB_MovimientosContables.nrCaja ,TB_MovimientosContables.dsUsuario ,TB_MovimientosContables.vlDolares ,TB_MovimientosContables.vlPesos ,TB_MovimientosContables.dsObservacion  FROM TB_MovimientosContables  WHERE TB_MovimientosContables.IdMovimiento = 164    
07/10/2017 17:08:04 |  SELECT TB_Conceptos.tpConcepto ,TB_Conceptos.dsConcepto ,TB_Conceptos.tpOperacion ,TB_Conceptos.tpCajaImputacion ,TB_Conceptos.tpCreadoPor  FROM TB_Conceptos  WHERE TB_Conceptos.flEliminar = 0  AND  TB_Conceptos.cdConcepto = 2020    
07/10/2017 17:08:06 | Exec sco_AccesosOpcionesMenu @p_tpNivelAcceso = 'Administración' ,@p_operaconcaja = 1 
07/10/2017 17:08:10 | Exec sco_DiccionariodeDatos @nmtabla_param='TB_ResumenMovimientosContables'
07/10/2017 17:08:10 |  SELECT TB_ResumenMovimientosContables.tpConcepto ,TB_ResumenMovimientosContables.tpOperacion ,TB_ResumenMovimientosContables.dsConcepto ,TB_ResumenMovimientosContables.vlSumaPesos ,TB_ResumenMovimientosContables.vlSumaDolares ,TB_ResumenMovimientosContables.vlSumaEuros ,TB_ResumenMovimientosContables.vlSumaEuros  FROM TB_ResumenMovimientosContables  WHERE  tpOperacion Like ('%%%') AND TB_ResumenMovimientosContables.dsUsuario = 'CAMILAP'    
07/10/2017 17:08:12 |  SELECT TB_Conceptos.cdConcepto ,TB_Conceptos.dsConcepto ,TB_Conceptos.tpConcepto ,TB_Conceptos.tpOperacion  FROM TB_Conceptos  WHERE TB_Conceptos.flEliminar = 0 AND TB_Conceptos.tpOperacion <> 'Neutro' AND TB_Conceptos.cdConcepto <> 1027 AND TB_Conceptos.cdConcepto <> 1028    
07/10/2017 17:08:15 |  SELECT TB_MovimientosContables.nrCaja ,TB_MovimientosContables.IdMovimiento ,TB_MovimientosContables.dsConcepto ,TB_MovimientosContables.dtMovimiento ,TB_MovimientosContables.tpConcepto ,TB_MovimientosContables.dsMovimiento ,TB_MovimientosContables.tpOperacion ,TB_MovimientosContables.nrRecibo ,TB_MovimientosContables.nrFactura ,TB_MovimientosContables.dsUsuario ,TB_MovimientosContables.nrCajaPuesto ,TB_MovimientosContables.tpCajaImputacion ,TB_MovimientosContables.vlPesos ,TB_MovimientosContables.vlDolares ,TB_MovimientosContables.dsUsuarioCajaPuesto ,TB_MovimientosContables.vlEuros ,TB_MovimientosContables.dsProveedor ,TB_MovimientosContables.dsObservacion  FROM TB_MovimientosContables  WHERE TB_MovimientosContables.dsConcepto = 'Ingreso Compensatorio por comisiones'  AND  TB_MovimientosContables.tpConcepto = 'Cajas'  AND  TB_MovimientosContables.dtMovimiento >= '01/10/2017 00:00:00'  AND  TB_MovimientosContables.dtMovimiento <= '07/10/2017 23:59:59'    
07/10/2017 17:08:31 |  SELECT TB_MovimientosContables.IdMovimiento ,TB_MovimientosContables.dsProveedor ,TB_MovimientosContables.nrRecibo ,TB_MovimientosContables.cdConcepto ,TB_MovimientosContables.dsConcepto ,TB_MovimientosContables.tpConcepto ,TB_MovimientosContables.tpOperacion ,TB_MovimientosContables.nrFactura ,TB_MovimientosContables.vlEuros ,TB_MovimientosContables.dtMovimiento ,TB_MovimientosContables.nrCaja ,TB_MovimientosContables.dsUsuario ,TB_MovimientosContables.vlDolares ,TB_MovimientosContables.vlPesos ,TB_MovimientosContables.dsObservacion  FROM TB_MovimientosContables  WHERE TB_MovimientosContables.IdMovimiento = 164    
07/10/2017 17:08:31 |  SELECT TB_Conceptos.tpConcepto ,TB_Conceptos.dsConcepto ,TB_Conceptos.tpOperacion ,TB_Conceptos.tpCajaImputacion ,TB_Conceptos.tpCreadoPor  FROM TB_Conceptos  WHERE TB_Conceptos.flEliminar = 0  AND  TB_Conceptos.cdConcepto = 2020    
07/10/2017 17:08:38 | Exec sco_AccesosOpcionesMenu @p_tpNivelAcceso = 'Administración' ,@p_operaconcaja = 1 
07/10/2017 17:09:31 | Exec sco_DiccionariodeDatos @nmtabla_param='TB_Puestos'
07/10/2017 17:09:31 |  SELECT TB_Puestos.nrPuesto ,TB_Puestos.dsPuesto  FROM TB_Puestos   
07/10/2017 17:09:31 |  SELECT TB_Puestos.nrPuesto ,TB_Puestos.dsPuesto  FROM TB_Puestos  WHERE TB_Puestos.nrPuesto = 9    
07/10/2017 17:09:34 | Exec  sco_TB_Productos_v4_1 
07/10/2017 17:09:34 | Exec sco_DiccionariodeDatos @nmtabla_param='TB_Usuarios'
07/10/2017 17:09:37 |  SELECT TB_Usuarios.dsUsuario ,TB_Usuarios.dspassword ,TB_Usuarios.tpAcceso ,TB_Usuarios.nmNombre ,TB_Usuarios.nmApellido ,TB_Usuarios.flBloqueado ,TB_Usuarios.tpNivelJerarquico  FROM TB_Usuarios  WHERE TB_Usuarios.dsUsuario = 'CAMILAP'  AND  TB_Usuarios.flEliminar = 0    
07/10/2017 17:09:37 |  SELECT TB_Usuarios.dsUsuario ,TB_Usuarios.dspassword ,TB_Usuarios.tpAcceso ,TB_Usuarios.nmNombre ,TB_Usuarios.nmApellido ,TB_Usuarios.flBloqueado ,TB_Usuarios.tpNivelJerarquico  FROM TB_Usuarios  WHERE TB_Usuarios.dsUsuario = 'CAMILAP'  AND  TB_Usuarios.flEliminar = 0    
07/10/2017 17:09:37 | Exec sco_DiccionariodeDatos @nmtabla_param='sp_obtenerCajasPendientesdeAprobacion_v2_5'
07/10/2017 17:09:37 | Exec sp_obtenerCajasPendientesdeAprobacion_v2_5 @pdsUsuario_param = 'CAMILAP' 
07/10/2017 17:09:37 | Exec sp_obtenerCajasRechazadas_v2_9 
07/10/2017 17:09:37 | Exec sco_DiccionariodeDatos @nmtabla_param='TB_Parametros'
07/10/2017 17:09:37 |  SELECT TB_Parametros.vlParametro  FROM TB_Parametros  WHERE TB_Parametros.dsParametro = 'VALOR EURO'    
07/10/2017 17:09:37 |  SELECT TB_Parametros.vlParametro  FROM TB_Parametros  WHERE TB_Parametros.dsParametro = 'VALOR DOLAR'    
07/10/2017 17:09:37 | Exec SP_ValorPromoRetorno
07/10/2017 17:09:37 | Exec sco_DiccionariodeDatos @nmtabla_param='TB_Comisiones'
07/10/2017 17:09:37 |  SELECT TB_Comisiones.vlMontoMinimo  FROM TB_Comisiones  WHERE TB_Comisiones.tpComision = 'Retorno'  AND  TB_Comisiones.flEliminar = 0    
07/10/2017 17:09:37 |  SELECT TB_Parametros.vlParametro  FROM TB_Parametros  WHERE TB_Parametros.dsParametro = 'VALOR REAL'    
07/10/2017 17:09:37 | Exec sco_DiccionariodeDatos @nmtabla_param='TB_Cajas'
07/10/2017 17:09:37 |  SELECT TB_Cajas.nrCaja  FROM TB_Cajas  WHERE TB_Cajas.dsUsuario = 'CAMILAP'  and  TB_Cajas.flEstado = 0  and  TB_Cajas.tpEstadoAprobacion IS NULL  and  TB_Cajas.nrcaja > 0    
07/10/2017 17:09:38 |  SELECT TB_Cajas.nrCaja ,TB_Cajas.vlTotalSaldoFinal ,TB_Cajas.nrPuesto ,TB_Cajas.dsUsuario ,TB_Cajas.vlSaldoInicialPesos ,TB_Cajas.dtApertura ,TB_Cajas.dtCierre ,TB_Cajas.vlDiaDolar ,TB_Cajas.vlDiaEuro ,TB_Cajas.vlSaldoInicialEuros ,TB_Cajas.vlSaldoInicialDolares ,TB_Cajas.vlSaldoFinalRealPesos ,TB_Cajas.vlTotalSaldoInicial ,TB_Cajas.dtObservacion ,TB_Cajas.vlCierrePesos ,TB_Cajas.vlSaldoFinalRealDolares ,TB_Cajas.vlSaldoFinalRealEuros ,TB_Cajas.vlTotalSaldoFinalReal ,TB_Cajas.vlCierreDolares ,TB_Cajas.vlCierreEuros ,TB_Cajas.dsObservacion ,TB_Cajas.vlDiaReal ,TB_Cajas.flEstado  FROM TB_Cajas  WHERE TB_Cajas.nrCaja = 4000005229    
07/10/2017 17:09:38 | Exec sco_DiccionariodeDatos @nmtabla_param='SP_SumaCajaADM_v2_9'
07/10/2017 17:09:38 | Exec SP_SumaCajaADM_v2_9 @nrCaja_param = 4000005229 ,@tpCaja_param = 'CA' ,@tpCajaImputacion_param = null 
07/10/2017 17:09:38 |  UPDATE TB_Cajas SET TB_Cajas.vlSaldoFinalRealPesos  = -222.92 ,TB_Cajas.vlSaldoFinalRealEuros  = 0.00 ,TB_Cajas.vlSaldoFinalRealDolares  = 0.00 ,TB_Cajas.vlCierrePesos  = 36 ,TB_Cajas.vlCierreDolares  = 0 ,TB_Cajas.vlCierreEuros  = 0   WHERE TB_Cajas.nrCaja = 4000005229  
07/10/2017 17:09:39 |  UPDATE TB_Cajas SET TB_Cajas.nrCaja  = 4000005229 ,TB_Cajas.vlTotalSaldoFinal  = 36.00 ,TB_Cajas.nrPuesto  = 9 ,TB_Cajas.dsUsuario  = 'CAMILAP' ,TB_Cajas.vlSaldoInicialPesos  = -258.92 ,TB_Cajas.dtApertura  = '07/10/2017 4:16:52' ,TB_Cajas.dtCierre  = null ,TB_Cajas.vlDiaDolar  = 9.10 ,TB_Cajas.vlDiaEuro  = 10.00 ,TB_Cajas.vlSaldoInicialEuros  = 0.00 ,TB_Cajas.vlSaldoInicialDolares  = 0.00 ,TB_Cajas.vlSaldoFinalRealPesos  = -258.92 ,TB_Cajas.vlTotalSaldoInicial  = -258.92 ,TB_Cajas.dtObservacion  = '07/10/2017 5:09:39' ,TB_Cajas.vlCierrePesos  = 36 ,TB_Cajas.vlSaldoFinalRealDolares  = 0.00 ,TB_Cajas.vlSaldoFinalRealEuros  = 0.00 ,TB_Cajas.vlTotalSaldoFinalReal  = -222.92 ,TB_Cajas.vlCierreDolares  = 0 ,TB_Cajas.vlCierreEuros  = 0 ,TB_Cajas.dsObservacion  = null ,TB_Cajas.vlDiaReal  = 3.21 ,TB_Cajas.flCajaAdm  = 1   WHERE TB_Cajas.nrCaja = 4000005229  
07/10/2017 17:09:39 | Exec sco_DiccionariodeDatos @nmtabla_param='VW_UltimaCajaAdm'
07/10/2017 17:09:39 |  SELECT VW_UltimaCajaAdm.nrCaja ,VW_UltimaCajaAdm.vlSaldoFinalRealPesos ,VW_UltimaCajaAdm.vlSaldoFinalRealEuros ,VW_UltimaCajaAdm.vlSaldoFinalRealDolares  FROM VW_UltimaCajaAdm   
07/10/2017 17:09:39 |  SELECT TB_Cajas.nrCaja  FROM TB_Cajas  WHERE TB_Cajas.nrCaja = 4000005229  AND  TB_Cajas.flEstado = 0    
07/10/2017 17:09:39 | Exec sco_DiccionariodeDatos @nmtabla_param='sco_cajapuesto_v3_9'
07/10/2017 17:09:39 | Exec sco_cajapuesto_v3_9 @nrCaja_param = 9000003773 
07/10/2017 17:09:39 | Exec sco_cajapuesto_v3_9 @nrCaja_param = 4000005229 
07/10/2017 17:09:39 | Exec sco_DiccionariodeDatos @nmtabla_param='spu_esdifporCotizacionImputadas_v3_9'
07/10/2017 17:09:40 | Exec spu_esdifporCotizacionImputadas_v3_9 @nrCajaAdmActual = 4000005229 
07/10/2017 17:09:40 | Exec sco_validarVencimientosCAI_v4_1
07/10/2017 17:09:40 | Exec sco_DiccionariodeDatos @nmtabla_param='sco_AccesosOpcionesMenu'
07/10/2017 17:09:40 | Exec sco_AccesosOpcionesMenu @p_tpNivelAcceso = 'Administración' ,@p_operaconcaja = 1 
07/10/2017 17:09:40 | Exec sco_AccesosOpcionesMenu @p_tpNivelAcceso = 'Administración' ,@p_operaconcaja = 1 
07/10/2017 17:09:44 | Exec sco_DiccionariodeDatos @nmtabla_param='TB_MovimientosContables'
07/10/2017 17:09:44 | Exec sco_DiccionariodeDatos @nmtabla_param='TB_Conceptos'
07/10/2017 17:09:44 |  SELECT TB_Conceptos.cdConcepto ,TB_Conceptos.dsConcepto ,TB_Conceptos.tpConcepto ,TB_Conceptos.tpOperacion  FROM TB_Conceptos  WHERE TB_Conceptos.flEliminar = 0 AND TB_Conceptos.tpOperacion <> 'Neutro' AND TB_Conceptos.cdConcepto <> 1027 AND TB_Conceptos.cdConcepto <> 1028    
07/10/2017 17:09:50 | Exec sco_AccesosOpcionesMenu @p_tpNivelAcceso = 'Administración' ,@p_operaconcaja = 1 
07/10/2017 17:10:18 | Exec sco_DiccionariodeDatos @nmtabla_param='TB_Puestos'
07/10/2017 17:10:18 |  SELECT TB_Puestos.nrPuesto ,TB_Puestos.dsPuesto  FROM TB_Puestos   
07/10/2017 17:10:18 |  SELECT TB_Puestos.nrPuesto ,TB_Puestos.dsPuesto  FROM TB_Puestos  WHERE TB_Puestos.nrPuesto = 9    
07/10/2017 17:10:20 | Exec  sco_TB_Productos_v4_1 
07/10/2017 17:10:20 | Exec sco_DiccionariodeDatos @nmtabla_param='TB_Usuarios'
07/10/2017 17:10:23 |  SELECT TB_Usuarios.dsUsuario ,TB_Usuarios.dspassword ,TB_Usuarios.tpAcceso ,TB_Usuarios.nmNombre ,TB_Usuarios.nmApellido ,TB_Usuarios.flBloqueado ,TB_Usuarios.tpNivelJerarquico  FROM TB_Usuarios  WHERE TB_Usuarios.dsUsuario = 'CAMILAP'  AND  TB_Usuarios.flEliminar = 0    
07/10/2017 17:10:23 |  SELECT TB_Usuarios.dsUsuario ,TB_Usuarios.dspassword ,TB_Usuarios.tpAcceso ,TB_Usuarios.nmNombre ,TB_Usuarios.nmApellido ,TB_Usuarios.flBloqueado ,TB_Usuarios.tpNivelJerarquico  FROM TB_Usuarios  WHERE TB_Usuarios.dsUsuario = 'CAMILAP'  AND  TB_Usuarios.flEliminar = 0    
07/10/2017 17:10:23 | Exec sco_DiccionariodeDatos @nmtabla_param='sp_obtenerCajasPendientesdeAprobacion_v2_5'
07/10/2017 17:10:23 | Exec sp_obtenerCajasPendientesdeAprobacion_v2_5 @pdsUsuario_param = 'CAMILAP' 
07/10/2017 17:10:23 | Exec sp_obtenerCajasRechazadas_v2_9 
07/10/2017 17:10:23 | Exec sco_DiccionariodeDatos @nmtabla_param='TB_Parametros'
07/10/2017 17:10:23 |  SELECT TB_Parametros.vlParametro  FROM TB_Parametros  WHERE TB_Parametros.dsParametro = 'VALOR EURO'    
07/10/2017 17:10:23 |  SELECT TB_Parametros.vlParametro  FROM TB_Parametros  WHERE TB_Parametros.dsParametro = 'VALOR DOLAR'    
07/10/2017 17:10:23 | Exec SP_ValorPromoRetorno
07/10/2017 17:10:23 | Exec sco_DiccionariodeDatos @nmtabla_param='TB_Comisiones'
07/10/2017 17:10:23 |  SELECT TB_Comisiones.vlMontoMinimo  FROM TB_Comisiones  WHERE TB_Comisiones.tpComision = 'Retorno'  AND  TB_Comisiones.flEliminar = 0    
07/10/2017 17:10:23 |  SELECT TB_Parametros.vlParametro  FROM TB_Parametros  WHERE TB_Parametros.dsParametro = 'VALOR REAL'    
07/10/2017 17:10:23 | Exec sco_DiccionariodeDatos @nmtabla_param='TB_Cajas'
07/10/2017 17:10:23 |  SELECT TB_Cajas.nrCaja  FROM TB_Cajas  WHERE TB_Cajas.dsUsuario = 'CAMILAP'  and  TB_Cajas.flEstado = 0  and  TB_Cajas.tpEstadoAprobacion IS NULL  and  TB_Cajas.nrcaja > 0    
07/10/2017 17:10:24 |  SELECT TB_Cajas.nrCaja ,TB_Cajas.vlTotalSaldoFinal ,TB_Cajas.nrPuesto ,TB_Cajas.dsUsuario ,TB_Cajas.vlSaldoInicialPesos ,TB_Cajas.dtApertura ,TB_Cajas.dtCierre ,TB_Cajas.vlDiaDolar ,TB_Cajas.vlDiaEuro ,TB_Cajas.vlSaldoInicialEuros ,TB_Cajas.vlSaldoInicialDolares ,TB_Cajas.vlSaldoFinalRealPesos ,TB_Cajas.vlTotalSaldoInicial ,TB_Cajas.dtObservacion ,TB_Cajas.vlCierrePesos ,TB_Cajas.vlSaldoFinalRealDolares ,TB_Cajas.vlSaldoFinalRealEuros ,TB_Cajas.vlTotalSaldoFinalReal ,TB_Cajas.vlCierreDolares ,TB_Cajas.vlCierreEuros ,TB_Cajas.dsObservacion ,TB_Cajas.vlDiaReal ,TB_Cajas.flEstado  FROM TB_Cajas  WHERE TB_Cajas.nrCaja = 4000005229    
07/10/2017 17:10:24 | Exec sco_DiccionariodeDatos @nmtabla_param='SP_SumaCajaADM_v2_9'
07/10/2017 17:10:24 | Exec SP_SumaCajaADM_v2_9 @nrCaja_param = 4000005229 ,@tpCaja_param = 'CA' ,@tpCajaImputacion_param = null 
07/10/2017 17:10:24 |  UPDATE TB_Cajas SET TB_Cajas.vlSaldoFinalRealPesos  = -222.92 ,TB_Cajas.vlSaldoFinalRealEuros  = 0.00 ,TB_Cajas.vlSaldoFinalRealDolares  = 0.00 ,TB_Cajas.vlCierrePesos  = 36 ,TB_Cajas.vlCierreDolares  = 0 ,TB_Cajas.vlCierreEuros  = 0   WHERE TB_Cajas.nrCaja = 4000005229  
07/10/2017 17:10:25 |  UPDATE TB_Cajas SET TB_Cajas.nrCaja  = 4000005229 ,TB_Cajas.vlTotalSaldoFinal  = 36.00 ,TB_Cajas.nrPuesto  = 9 ,TB_Cajas.dsUsuario  = 'CAMILAP' ,TB_Cajas.vlSaldoInicialPesos  = -258.92 ,TB_Cajas.dtApertura  = '07/10/2017 4:16:52' ,TB_Cajas.dtCierre  = null ,TB_Cajas.vlDiaDolar  = 9.10 ,TB_Cajas.vlDiaEuro  = 10.00 ,TB_Cajas.vlSaldoInicialEuros  = 0.00 ,TB_Cajas.vlSaldoInicialDolares  = 0.00 ,TB_Cajas.vlSaldoFinalRealPesos  = -258.92 ,TB_Cajas.vlTotalSaldoInicial  = -258.92 ,TB_Cajas.dtObservacion  = '07/10/2017 5:10:25' ,TB_Cajas.vlCierrePesos  = 36 ,TB_Cajas.vlSaldoFinalRealDolares  = 0.00 ,TB_Cajas.vlSaldoFinalRealEuros  = 0.00 ,TB_Cajas.vlTotalSaldoFinalReal  = -222.92 ,TB_Cajas.vlCierreDolares  = 0 ,TB_Cajas.vlCierreEuros  = 0 ,TB_Cajas.dsObservacion  = null ,TB_Cajas.vlDiaReal  = 3.21 ,TB_Cajas.flCajaAdm  = 1   WHERE TB_Cajas.nrCaja = 4000005229  
07/10/2017 17:10:25 | Exec sco_DiccionariodeDatos @nmtabla_param='VW_UltimaCajaAdm'
07/10/2017 17:10:25 |  SELECT VW_UltimaCajaAdm.nrCaja ,VW_UltimaCajaAdm.vlSaldoFinalRealPesos ,VW_UltimaCajaAdm.vlSaldoFinalRealEuros ,VW_UltimaCajaAdm.vlSaldoFinalRealDolares  FROM VW_UltimaCajaAdm   
07/10/2017 17:10:25 |  SELECT TB_Cajas.nrCaja  FROM TB_Cajas  WHERE TB_Cajas.nrCaja = 4000005229  AND  TB_Cajas.flEstado = 0    
07/10/2017 17:10:25 | Exec sco_DiccionariodeDatos @nmtabla_param='sco_cajapuesto_v3_9'
07/10/2017 17:10:25 | Exec sco_cajapuesto_v3_9 @nrCaja_param = 9000003773 
07/10/2017 17:10:25 | Exec sco_cajapuesto_v3_9 @nrCaja_param = 4000005229 
07/10/2017 17:10:25 | Exec sco_DiccionariodeDatos @nmtabla_param='spu_esdifporCotizacionImputadas_v3_9'
07/10/2017 17:10:25 | Exec spu_esdifporCotizacionImputadas_v3_9 @nrCajaAdmActual = 4000005229 
07/10/2017 17:10:26 | Exec sco_validarVencimientosCAI_v4_1
07/10/2017 17:10:26 | Exec sco_DiccionariodeDatos @nmtabla_param='sco_AccesosOpcionesMenu'
07/10/2017 17:10:26 | Exec sco_AccesosOpcionesMenu @p_tpNivelAcceso = 'Administración' ,@p_operaconcaja = 1 
07/10/2017 17:10:26 | Exec sco_AccesosOpcionesMenu @p_tpNivelAcceso = 'Administración' ,@p_operaconcaja = 1 
07/10/2017 17:10:29 | Exec sco_DiccionariodeDatos @nmtabla_param='TB_MovimientosContables'
07/10/2017 17:10:29 | Exec sco_DiccionariodeDatos @nmtabla_param='TB_Conceptos'
07/10/2017 17:10:29 |  SELECT TB_Conceptos.cdConcepto ,TB_Conceptos.dsConcepto ,TB_Conceptos.tpConcepto ,TB_Conceptos.tpOperacion  FROM TB_Conceptos  WHERE TB_Conceptos.flEliminar = 0 AND TB_Conceptos.tpOperacion <> 'Neutro' AND TB_Conceptos.cdConcepto <> 1027 AND TB_Conceptos.cdConcepto <> 1028    
07/10/2017 17:11:20 | Exec sco_AccesosOpcionesMenu @p_tpNivelAcceso = 'Administración' ,@p_operaconcaja = 1 
