29/06/2017 22:00:14 | Exec  sco_TB_Productos_v4_1 
29/06/2017 22:00:14 | Exec sco_DiccionariodeDatos @nmtabla_param='TB_Usuarios'
29/06/2017 22:00:19 |  SELECT TB_Usuarios.dsUsuario ,TB_Usuarios.dspassword ,TB_Usuarios.tpAcceso ,TB_Usuarios.nmNombre ,TB_Usuarios.nmApellido ,TB_Usuarios.flBloqueado ,TB_Usuarios.tpNivelJerarquico  FROM TB_Usuarios  WHERE TB_Usuarios.dsUsuario = 'NOEMI'  AND  TB_Usuarios.flEliminar = 0  
29/06/2017 22:00:19 |  SELECT TB_Usuarios.dsUsuario ,TB_Usuarios.dspassword ,TB_Usuarios.tpAcceso ,TB_Usuarios.nmNombre ,TB_Usuarios.nmApellido ,TB_Usuarios.flBloqueado ,TB_Usuarios.tpNivelJerarquico  FROM TB_Usuarios  WHERE TB_Usuarios.dsUsuario = 'NOEMI'  AND  TB_Usuarios.flEliminar = 0  
29/06/2017 22:00:19 | Exec sco_DiccionariodeDatos @nmtabla_param='sp_obtenerCajasPendientesdeAprobacion_v2_5'
29/06/2017 22:00:19 | Exec sp_obtenerCajasPendientesdeAprobacion_v2_5 @pdsUsuario_param = 'NOEMI' 
29/06/2017 22:00:19 | Exec sp_obtenerCajasRechazadas_v2_9 
29/06/2017 22:00:19 | Exec sco_DiccionariodeDatos @nmtabla_param='TB_Parametros'
29/06/2017 22:00:19 |  SELECT TB_Parametros.vlParametro  FROM TB_Parametros  WHERE TB_Parametros.dsParametro = 'VALOR EURO'  
29/06/2017 22:00:19 |  SELECT TB_Parametros.vlParametro  FROM TB_Parametros  WHERE TB_Parametros.dsParametro = 'VALOR DOLAR'  
29/06/2017 22:00:19 | Exec SP_ValorPromoRetorno
29/06/2017 22:00:19 | Exec sco_DiccionariodeDatos @nmtabla_param='TB_Comisiones'
29/06/2017 22:00:19 |  SELECT TB_Comisiones.vlMontoMinimo  FROM TB_Comisiones  WHERE TB_Comisiones.tpComision = 'Retorno'  AND  TB_Comisiones.flEliminar = 0  
29/06/2017 22:00:19 |  SELECT TB_Parametros.vlParametro  FROM TB_Parametros  WHERE TB_Parametros.dsParametro = 'VALOR REAL'  
29/06/2017 22:00:19 | Exec sco_DiccionariodeDatos @nmtabla_param='TB_Cajas'
29/06/2017 22:00:19 |  SELECT TB_Cajas.nrCaja  FROM TB_Cajas  WHERE TB_Cajas.dsUsuario = 'NOEMI'  and  TB_Cajas.flEstado = 0  and  TB_Cajas.tpEstadoAprobacion IS NULL  and  TB_Cajas.nrcaja > 0  
29/06/2017 22:00:20 | Exec sco_DiccionariodeDatos @nmtabla_param='sco_AccesosOpcionesMenu'
29/06/2017 22:00:20 | Exec sco_AccesosOpcionesMenu @p_tpNivelAcceso = 'Puestos' ,@p_operaconcaja = 1 
29/06/2017 22:00:20 | Exec sco_AccesosOpcionesMenu @p_tpNivelAcceso = 'Puestos' ,@p_operaconcaja = 1 
29/06/2017 22:00:22 | Exec sco_DiccionariodeDatos @nmtabla_param='TB_Comprobantes'
29/06/2017 22:00:23 | Exec sco_AccesosOpcionesMenu @p_tpNivelAcceso = 'Puestos' ,@p_operaconcaja = 1 
29/06/2017 22:00:38 | Exec  sco_TB_Productos_v4_1 
29/06/2017 22:00:38 | Exec sco_DiccionariodeDatos @nmtabla_param='TB_Usuarios'
29/06/2017 22:00:42 |  SELECT TOP 100 TB_Usuarios.dsUsuario  FROM TB_Usuarios  WHERE TB_Usuarios.tpAcceso = 'Puestos'  AND  TB_Usuarios.flBloqueado = 0  AND   dsUsuario Like ('c%') AND TB_Usuarios.flEliminar = 0
29/06/2017 22:00:43 |  SELECT TOP 100 TB_Usuarios.dsUsuario  FROM TB_Usuarios  WHERE TB_Usuarios.tpAcceso = 'Puestos'  AND  TB_Usuarios.flBloqueado = 0  AND   dsUsuario Like ('ca%') AND TB_Usuarios.flEliminar = 0
29/06/2017 22:00:43 |  SELECT TOP 100 TB_Usuarios.dsUsuario  FROM TB_Usuarios  WHERE TB_Usuarios.tpAcceso = 'Puestos'  AND  TB_Usuarios.flBloqueado = 0  AND   dsUsuario Like ('cam%') AND TB_Usuarios.flEliminar = 0
29/06/2017 22:00:43 |  SELECT TOP 100 TB_Usuarios.dsUsuario  FROM TB_Usuarios  WHERE TB_Usuarios.tpAcceso = 'Puestos'  AND  TB_Usuarios.flBloqueado = 0  AND   dsUsuario Like ('cami%') AND TB_Usuarios.flEliminar = 0
29/06/2017 22:00:45 |  SELECT TOP 100 TB_Usuarios.dsUsuario  FROM TB_Usuarios  WHERE TB_Usuarios.tpAcceso = 'Puestos'  AND  TB_Usuarios.flBloqueado = 0  AND   dsUsuario Like ('cam%') AND TB_Usuarios.flEliminar = 0
29/06/2017 22:00:45 |  SELECT TOP 100 TB_Usuarios.dsUsuario  FROM TB_Usuarios  WHERE TB_Usuarios.tpAcceso = 'Puestos'  AND  TB_Usuarios.flBloqueado = 0  AND   dsUsuario Like ('ca%') AND TB_Usuarios.flEliminar = 0
29/06/2017 22:00:45 |  SELECT TOP 100 TB_Usuarios.dsUsuario  FROM TB_Usuarios  WHERE TB_Usuarios.tpAcceso = 'Puestos'  AND  TB_Usuarios.flBloqueado = 0  AND   dsUsuario Like ('c%') AND TB_Usuarios.flEliminar = 0
29/06/2017 22:00:45 |  SELECT TOP 100 TB_Usuarios.dsUsuario  FROM TB_Usuarios  WHERE TB_Usuarios.tpAcceso = 'Puestos'  AND  TB_Usuarios.flBloqueado = 0  AND  TB_Usuarios.flEliminar = 0
29/06/2017 22:00:51 |  SELECT TOP 100 TB_Usuarios.dsUsuario  FROM TB_Usuarios  WHERE TB_Usuarios.tpAcceso = 'Puestos'  AND  TB_Usuarios.flBloqueado = 0  AND   dsUsuario Like ('c%') AND TB_Usuarios.flEliminar = 0
29/06/2017 22:00:51 |  SELECT TOP 100 TB_Usuarios.dsUsuario  FROM TB_Usuarios  WHERE TB_Usuarios.tpAcceso = 'Puestos'  AND  TB_Usuarios.flBloqueado = 0  AND   dsUsuario Like ('cam%') AND TB_Usuarios.flEliminar = 0
29/06/2017 22:00:51 |  SELECT TOP 100 TB_Usuarios.dsUsuario  FROM TB_Usuarios  WHERE TB_Usuarios.tpAcceso = 'Puestos'  AND  TB_Usuarios.flBloqueado = 0  AND   dsUsuario Like ('cam%') AND TB_Usuarios.flEliminar = 0
29/06/2017 22:00:52 |  SELECT TOP 100 TB_Usuarios.dsUsuario  FROM TB_Usuarios  WHERE TB_Usuarios.tpAcceso = 'Puestos'  AND  TB_Usuarios.flBloqueado = 0  AND   dsUsuario Like ('cami%') AND TB_Usuarios.flEliminar = 0
29/06/2017 22:00:52 |  SELECT TOP 100 TB_Usuarios.dsUsuario  FROM TB_Usuarios  WHERE TB_Usuarios.tpAcceso = 'Puestos'  AND  TB_Usuarios.flBloqueado = 0  AND   dsUsuario Like ('camil%') AND TB_Usuarios.flEliminar = 0
29/06/2017 22:00:52 |  SELECT TOP 100 TB_Usuarios.dsUsuario  FROM TB_Usuarios  WHERE TB_Usuarios.tpAcceso = 'Puestos'  AND  TB_Usuarios.flBloqueado = 0  AND   dsUsuario Like ('camila%') AND TB_Usuarios.flEliminar = 0
29/06/2017 22:00:56 |  SELECT TB_Usuarios.dsUsuario ,TB_Usuarios.dspassword ,TB_Usuarios.tpAcceso ,TB_Usuarios.nmNombre ,TB_Usuarios.nmApellido ,TB_Usuarios.flBloqueado ,TB_Usuarios.tpNivelJerarquico  FROM TB_Usuarios  WHERE TB_Usuarios.dsUsuario = 'CAMILA'  AND  TB_Usuarios.flEliminar = 0  
29/06/2017 22:01:00 |  SELECT TOP 100 TB_Usuarios.dsUsuario  FROM TB_Usuarios  WHERE TB_Usuarios.tpAcceso = 'Puestos'  AND  TB_Usuarios.flBloqueado = 0  AND   dsUsuario Like ('m%') AND TB_Usuarios.flEliminar = 0
29/06/2017 22:01:01 |  SELECT TOP 100 TB_Usuarios.dsUsuario  FROM TB_Usuarios  WHERE TB_Usuarios.tpAcceso = 'Puestos'  AND  TB_Usuarios.flBloqueado = 0  AND   dsUsuario Like ('mar%') AND TB_Usuarios.flEliminar = 0
29/06/2017 22:01:01 |  SELECT TOP 100 TB_Usuarios.dsUsuario  FROM TB_Usuarios  WHERE TB_Usuarios.tpAcceso = 'Puestos'  AND  TB_Usuarios.flBloqueado = 0  AND   dsUsuario Like ('mar%') AND TB_Usuarios.flEliminar = 0
29/06/2017 22:01:02 |  SELECT TOP 100 TB_Usuarios.dsUsuario  FROM TB_Usuarios  WHERE TB_Usuarios.tpAcceso = 'Puestos'  AND  TB_Usuarios.flBloqueado = 0  AND   dsUsuario Like ('ma%') AND TB_Usuarios.flEliminar = 0
29/06/2017 22:01:02 |  SELECT TOP 100 TB_Usuarios.dsUsuario  FROM TB_Usuarios  WHERE TB_Usuarios.tpAcceso = 'Puestos'  AND  TB_Usuarios.flBloqueado = 0  AND   dsUsuario Like ('m%') AND TB_Usuarios.flEliminar = 0
29/06/2017 22:01:03 |  SELECT TOP 100 TB_Usuarios.dsUsuario  FROM TB_Usuarios  WHERE TB_Usuarios.tpAcceso = 'Puestos'  AND  TB_Usuarios.flBloqueado = 0  AND  TB_Usuarios.flEliminar = 0
29/06/2017 22:01:19 | Exec  sco_TB_Productos_v4_1 
29/06/2017 22:01:19 | Exec sco_DiccionariodeDatos @nmtabla_param='TB_Usuarios'
29/06/2017 22:01:21 |  SELECT TOP 100 TB_Usuarios.dsUsuario  FROM TB_Usuarios  WHERE TB_Usuarios.tpAcceso <> 'Puestos'  AND  TB_Usuarios.flBloqueado = 0  AND   dsUsuario Like ('c%') AND TB_Usuarios.flEliminar = 0
29/06/2017 22:01:21 |  SELECT TOP 100 TB_Usuarios.dsUsuario  FROM TB_Usuarios  WHERE TB_Usuarios.tpAcceso <> 'Puestos'  AND  TB_Usuarios.flBloqueado = 0  AND   dsUsuario Like ('ca%') AND TB_Usuarios.flEliminar = 0
29/06/2017 22:01:24 |  SELECT TB_Usuarios.dsUsuario ,TB_Usuarios.dspassword ,TB_Usuarios.tpAcceso ,TB_Usuarios.nmNombre ,TB_Usuarios.nmApellido ,TB_Usuarios.flBloqueado ,TB_Usuarios.tpNivelJerarquico  FROM TB_Usuarios  WHERE TB_Usuarios.dsUsuario = 'CAMILAP'  AND  TB_Usuarios.flEliminar = 0  
29/06/2017 22:01:31 |  SELECT TB_Usuarios.dsUsuario ,TB_Usuarios.dspassword ,TB_Usuarios.tpAcceso ,TB_Usuarios.nmNombre ,TB_Usuarios.nmApellido ,TB_Usuarios.flBloqueado ,TB_Usuarios.tpNivelJerarquico  FROM TB_Usuarios  WHERE TB_Usuarios.dsUsuario = 'CAMILAP'  AND  TB_Usuarios.flEliminar = 0  
29/06/2017 22:01:31 |  SELECT TB_Usuarios.dsUsuario ,TB_Usuarios.dspassword ,TB_Usuarios.tpAcceso ,TB_Usuarios.nmNombre ,TB_Usuarios.nmApellido ,TB_Usuarios.flBloqueado ,TB_Usuarios.tpNivelJerarquico  FROM TB_Usuarios  WHERE TB_Usuarios.dsUsuario = 'CAMILAP'  AND  TB_Usuarios.flEliminar = 0  
29/06/2017 22:01:31 | Exec sco_DiccionariodeDatos @nmtabla_param='sp_obtenerCajasPendientesdeAprobacion_v2_5'
29/06/2017 22:01:31 | Exec sp_obtenerCajasPendientesdeAprobacion_v2_5 @pdsUsuario_param = 'CAMILAP' 
29/06/2017 22:01:31 | Exec sp_obtenerCajasRechazadas_v2_9 
29/06/2017 22:01:31 | Exec sco_DiccionariodeDatos @nmtabla_param='TB_Parametros'
29/06/2017 22:01:31 |  SELECT TB_Parametros.vlParametro  FROM TB_Parametros  WHERE TB_Parametros.dsParametro = 'VALOR EURO'  
29/06/2017 22:01:31 |  SELECT TB_Parametros.vlParametro  FROM TB_Parametros  WHERE TB_Parametros.dsParametro = 'VALOR DOLAR'  
29/06/2017 22:01:31 | Exec SP_ValorPromoRetorno
29/06/2017 22:01:31 | Exec sco_DiccionariodeDatos @nmtabla_param='TB_Comisiones'
29/06/2017 22:01:31 |  SELECT TB_Comisiones.vlMontoMinimo  FROM TB_Comisiones  WHERE TB_Comisiones.tpComision = 'Retorno'  AND  TB_Comisiones.flEliminar = 0  
29/06/2017 22:01:31 |  SELECT TB_Parametros.vlParametro  FROM TB_Parametros  WHERE TB_Parametros.dsParametro = 'VALOR REAL'  
29/06/2017 22:01:31 | Exec sco_DiccionariodeDatos @nmtabla_param='TB_Cajas'
29/06/2017 22:01:31 |  SELECT TB_Cajas.nrCaja  FROM TB_Cajas  WHERE TB_Cajas.dsUsuario = 'CAMILAP'  and  TB_Cajas.flEstado = 0  and  TB_Cajas.tpEstadoAprobacion IS NULL  and  TB_Cajas.nrcaja > 0  
29/06/2017 22:01:34 |  SELECT TB_Cajas.nrCaja ,TB_Cajas.vlTotalSaldoFinal ,TB_Cajas.nrPuesto ,TB_Cajas.dsUsuario ,TB_Cajas.vlSaldoInicialPesos ,TB_Cajas.dtApertura ,TB_Cajas.dtCierre ,TB_Cajas.vlDiaDolar ,TB_Cajas.vlDiaEuro ,TB_Cajas.vlSaldoInicialEuros ,TB_Cajas.vlSaldoInicialDolares ,TB_Cajas.vlSaldoFinalRealPesos ,TB_Cajas.vlTotalSaldoInicial ,TB_Cajas.dtObservacion ,TB_Cajas.vlCierrePesos ,TB_Cajas.vlSaldoFinalRealDolares ,TB_Cajas.vlSaldoFinalRealEuros ,TB_Cajas.vlTotalSaldoFinalReal ,TB_Cajas.vlCierreDolares ,TB_Cajas.vlCierreEuros ,TB_Cajas.dsObservacion ,TB_Cajas.vlDiaReal ,TB_Cajas.flEstado  FROM TB_Cajas  WHERE TB_Cajas.nrCaja = 9000003773  
29/06/2017 22:01:34 | Exec sco_DiccionariodeDatos @nmtabla_param='SP_SumaCajaADM_v2_9'
29/06/2017 22:01:34 | Exec SP_SumaCajaADM_v2_9 @nrCaja_param = 9000003773 ,@tpCaja_param = 'CA' ,@tpCajaImputacion_param = null 
29/06/2017 22:01:34 |  UPDATE TB_Cajas SET TB_Cajas.vlSaldoFinalRealPesos  = -258.92 ,TB_Cajas.vlSaldoFinalRealEuros  = 0.00 ,TB_Cajas.vlSaldoFinalRealDolares  = 0.00 ,TB_Cajas.vlCierrePesos  = -258.92 ,TB_Cajas.vlCierreDolares  = 0 ,TB_Cajas.vlCierreEuros  = 0   WHERE TB_Cajas.nrCaja = 9000003773  
29/06/2017 22:01:36 |  UPDATE TB_Cajas SET TB_Cajas.nrCaja  = 9000003773 ,TB_Cajas.vlTotalSaldoFinal  = -258.92 ,TB_Cajas.nrPuesto  = 9 ,TB_Cajas.dsUsuario  = 'CAMILAP' ,TB_Cajas.vlSaldoInicialPesos  = 0.00 ,TB_Cajas.dtApertura  = '19/08/2015 11:17:24' ,TB_Cajas.dtCierre  = null ,TB_Cajas.vlDiaDolar  = 9.10 ,TB_Cajas.vlDiaEuro  = 10.00 ,TB_Cajas.vlSaldoInicialEuros  = 0.00 ,TB_Cajas.vlSaldoInicialDolares  = 0.00 ,TB_Cajas.vlSaldoFinalRealPesos  = 0.00 ,TB_Cajas.vlTotalSaldoInicial  = 0.00 ,TB_Cajas.dtObservacion  = '29/06/2017 10:01:36' ,TB_Cajas.vlCierrePesos  = -258.92 ,TB_Cajas.vlSaldoFinalRealDolares  = 0.00 ,TB_Cajas.vlSaldoFinalRealEuros  = 0.00 ,TB_Cajas.vlTotalSaldoFinalReal  = -258.92 ,TB_Cajas.vlCierreDolares  = 0 ,TB_Cajas.vlCierreEuros  = 0 ,TB_Cajas.dsObservacion  = null ,TB_Cajas.vlDiaReal  = 3.21 ,TB_Cajas.flCajaAdm  = 1   WHERE TB_Cajas.nrCaja = 9000003773  
29/06/2017 22:01:36 | Exec sco_DiccionariodeDatos @nmtabla_param='VW_UltimaCajaAdm'
29/06/2017 22:01:36 |  SELECT VW_UltimaCajaAdm.nrCaja ,VW_UltimaCajaAdm.vlSaldoFinalRealPesos ,VW_UltimaCajaAdm.vlSaldoFinalRealEuros ,VW_UltimaCajaAdm.vlSaldoFinalRealDolares  FROM VW_UltimaCajaAdm 
29/06/2017 22:01:36 |  SELECT TB_Cajas.nrCaja  FROM TB_Cajas  WHERE TB_Cajas.nrCaja = 9000003773  AND  TB_Cajas.flEstado = 0  
29/06/2017 22:01:36 | Exec sco_DiccionariodeDatos @nmtabla_param='sco_cajapuesto_v3_9'
29/06/2017 22:01:36 | Exec sco_cajapuesto_v3_9 @nrCaja_param = 9000003772 
29/06/2017 22:01:36 | Exec sco_cajapuesto_v3_9 @nrCaja_param = 9000003773 
29/06/2017 22:01:36 | Exec sco_DiccionariodeDatos @nmtabla_param='spu_esdifporCotizacionImputadas_v3_9'
29/06/2017 22:01:36 | Exec spu_esdifporCotizacionImputadas_v3_9 @nrCajaAdmActual = 9000003773 
29/06/2017 22:01:36 | Exec sco_validarVencimientosCAI_v4_1
29/06/2017 22:01:36 | Exec sco_DiccionariodeDatos @nmtabla_param='sco_AccesosOpcionesMenu'
29/06/2017 22:01:36 | Exec sco_AccesosOpcionesMenu @p_tpNivelAcceso = 'Administración' ,@p_operaconcaja = 1 
29/06/2017 22:01:36 | Exec sco_AccesosOpcionesMenu @p_tpNivelAcceso = 'Administración' ,@p_operaconcaja = 1 
29/06/2017 22:01:39 |  SELECT TB_Cajas.vlSaldoInicialPesos ,TB_Cajas.vlSaldoInicialDolares ,TB_Cajas.vlSaldoInicialEuros ,TB_Cajas.vlSaldoInicialReales ,TB_Cajas.vlDiaEuro ,TB_Cajas.vlDiaDolar ,TB_Cajas.vlDiaReal ,TB_Cajas.dsUsuario ,TB_Cajas.dtApertura ,TB_Cajas.dtCierre  FROM TB_Cajas  WHERE TB_Cajas.nrCaja = 9000003773  
29/06/2017 22:01:39 | Exec sco_DiccionariodeDatos @nmtabla_param='TB_Cupones'
29/06/2017 22:01:40 | Exec  sp_obtiene_falta_compensar_v4_2 
29/06/2017 22:01:40 |  SELECT tb_parametros.dsParametro ,tb_parametros.vlParametro ,tb_parametros.tpParametro ,tb_parametros.flEditable ,tb_parametros.nrTamanio ,tb_parametros.dtActualizacion  FROM tb_parametros  WHERE tb_parametros.dsParametro = 'CANT_VIAJES_A_COMP'  
29/06/2017 22:01:40 |  SELECT tb_parametros.dsParametro ,tb_parametros.vlParametro ,tb_parametros.tpParametro ,tb_parametros.flEditable ,tb_parametros.nrTamanio ,tb_parametros.dtActualizacion  FROM tb_parametros  WHERE tb_parametros.dsParametro = 'CTROL_CANT_VIAJES'  
29/06/2017 22:01:40 |  SELECT tb_parametros.dsParametro ,tb_parametros.vlParametro ,tb_parametros.tpParametro ,tb_parametros.flEditable ,tb_parametros.nrTamanio ,tb_parametros.dtActualizacion  FROM tb_parametros  WHERE tb_parametros.dsParametro = 'COBRO_COMISION_CD_RE_OBLIGATORIA'  
29/06/2017 22:01:40 |  SELECT tb_parametros.dsParametro ,tb_parametros.vlParametro ,tb_parametros.tpParametro ,tb_parametros.flEditable ,tb_parametros.nrTamanio ,tb_parametros.dtActualizacion  FROM tb_parametros  WHERE tb_parametros.dsParametro = 'RESTRINGE_TARJETAS'  
29/06/2017 22:01:54 |  SELECT TB_Cupones.cdCodBar ,TB_Cupones.nrLicencia ,TB_Cupones.nmLicenciatario ,TB_Cupones.cdCliente ,TB_Cupones.nrCupon ,TB_Cupones.tpCupon ,TB_Cupones.vlMontoCupon ,TB_Cupones.vlPagoPesos ,TB_Cupones.vlPagoEuros ,TB_Cupones.vlPagoDolares ,TB_Cupones.vlPagoReales ,TB_Cupones.vlComision ,TB_Cupones.vlRecargoTarjeta ,TB_Cupones.nrTalonarioCliente ,TB_Cupones.tpComprobanteCliente ,TB_Cupones.nrComprabanteCliente ,TB_Cupones.tpLetraCliente ,TB_Cupones.flCobradoalCliente ,TB_Cupones.dtCobradoalCliente ,TB_Cupones.flCompensado ,TB_Cupones.cdCliente ,TB_Cupones.dsLeyenda ,TB_Cupones.vlaFavordelLicenciatario ,TB_Cupones.vlafavorAdmin ,TB_Cupones.dtCupon ,TB_Cupones.dsObservacion ,TB_Cupones.vlIVA ,TB_Cupones.flAnulado  FROM TB_Cupones  WHERE TB_Cupones.flEliminar = 0  AND  TB_Cupones.nrLicencia = 10  AND  TB_Cupones.flCompensado = 0  AND  TB_Cupones.flAnulado = 0  
29/06/2017 22:01:54 | Exec sco_DiccionariodeDatos @nmtabla_param='sp_cuponesCompensadosdelDia_v3_3'
29/06/2017 22:01:54 | Exec sp_cuponesCompensadosdelDia_v3_3 @pnrLicencia = '10' 
29/06/2017 22:01:54 | Exec sco_DiccionariodeDatos @nmtabla_param='SP_sepuedecompensar_2_0'
29/06/2017 22:01:54 | Exec SP_sepuedecompensar_2_0 @dtcupon_param = '29/12/2015 08:41:10' 
29/06/2017 22:01:54 | Exec SP_sepuedecompensar_2_0 @dtcupon_param = '10/01/2017 11:45:35' 
29/06/2017 22:01:54 | Exec SP_sepuedecompensar_2_0 @dtcupon_param = '28/01/2017 04:24:14' 
29/06/2017 22:01:54 | Exec SP_sepuedecompensar_2_0 @dtcupon_param = '24/06/2017 11:09:03' 
29/06/2017 22:01:54 | Exec SP_sepuedecompensar_2_0 @dtcupon_param = '24/06/2017 11:09:29' 
29/06/2017 22:02:52 |  SELECT TB_Cupones.cdCodBar ,TB_Cupones.nrLicencia ,TB_Cupones.nmLicenciatario ,TB_Cupones.cdCliente ,TB_Cupones.nrCupon ,TB_Cupones.tpCupon ,TB_Cupones.vlMontoCupon ,TB_Cupones.vlPagoPesos ,TB_Cupones.vlPagoEuros ,TB_Cupones.vlPagoDolares ,TB_Cupones.vlPagoReales ,TB_Cupones.vlComision ,TB_Cupones.vlRecargoTarjeta ,TB_Cupones.nrTalonarioCliente ,TB_Cupones.tpComprobanteCliente ,TB_Cupones.nrComprabanteCliente ,TB_Cupones.tpLetraCliente ,TB_Cupones.flCobradoalCliente ,TB_Cupones.dtCobradoalCliente ,TB_Cupones.flCompensado ,TB_Cupones.cdCliente ,TB_Cupones.dsLeyenda ,TB_Cupones.vlaFavordelLicenciatario ,TB_Cupones.vlafavorAdmin ,TB_Cupones.dtCupon ,TB_Cupones.dsObservacion ,TB_Cupones.vlIVA ,TB_Cupones.flAnulado  FROM TB_Cupones  WHERE TB_Cupones.flEliminar = 0  AND  TB_Cupones.nrLicencia = 10  AND  TB_Cupones.flCompensado = 0  AND  TB_Cupones.flAnulado = 0  
29/06/2017 22:02:52 | Exec sp_cuponesCompensadosdelDia_v3_3 @pnrLicencia = '10' 
29/06/2017 22:02:52 | Exec SP_sepuedecompensar_2_0 @dtcupon_param = '29/12/2015 08:41:10' 
29/06/2017 22:02:52 | Exec SP_sepuedecompensar_2_0 @dtcupon_param = '10/01/2017 11:45:35' 
29/06/2017 22:02:52 | Exec SP_sepuedecompensar_2_0 @dtcupon_param = '28/01/2017 04:24:14' 
29/06/2017 22:02:52 | Exec SP_sepuedecompensar_2_0 @dtcupon_param = '24/06/2017 11:09:03' 
29/06/2017 22:02:52 | Exec SP_sepuedecompensar_2_0 @dtcupon_param = '24/06/2017 11:09:29' 
29/06/2017 22:03:20 | Exec sco_AccesosOpcionesMenu @p_tpNivelAcceso = 'Administración' ,@p_operaconcaja = 1 
29/06/2017 22:47:25 | Exec  sco_TB_Productos_v4_1 
29/06/2017 22:47:26 | Exec sco_DiccionariodeDatos @nmtabla_param='TB_Usuarios'
29/06/2017 22:47:34 |  SELECT TB_Usuarios.dsUsuario ,TB_Usuarios.dspassword ,TB_Usuarios.tpAcceso ,TB_Usuarios.nmNombre ,TB_Usuarios.nmApellido ,TB_Usuarios.flBloqueado ,TB_Usuarios.tpNivelJerarquico  FROM TB_Usuarios  WHERE TB_Usuarios.dsUsuario = 'CAMILAP'  AND  TB_Usuarios.flEliminar = 0  
29/06/2017 22:47:34 |  SELECT TB_Usuarios.dsUsuario ,TB_Usuarios.dspassword ,TB_Usuarios.tpAcceso ,TB_Usuarios.nmNombre ,TB_Usuarios.nmApellido ,TB_Usuarios.flBloqueado ,TB_Usuarios.tpNivelJerarquico  FROM TB_Usuarios  WHERE TB_Usuarios.dsUsuario = 'CAMILAP'  AND  TB_Usuarios.flEliminar = 0  
29/06/2017 22:47:34 | Exec sco_DiccionariodeDatos @nmtabla_param='sp_obtenerCajasPendientesdeAprobacion_v2_5'
29/06/2017 22:47:34 | Exec sp_obtenerCajasPendientesdeAprobacion_v2_5 @pdsUsuario_param = 'CAMILAP' 
29/06/2017 22:47:34 | Exec sp_obtenerCajasRechazadas_v2_9 
29/06/2017 22:47:34 | Exec sco_DiccionariodeDatos @nmtabla_param='TB_Parametros'
29/06/2017 22:47:34 |  SELECT TB_Parametros.vlParametro  FROM TB_Parametros  WHERE TB_Parametros.dsParametro = 'VALOR EURO'  
29/06/2017 22:47:34 |  SELECT TB_Parametros.vlParametro  FROM TB_Parametros  WHERE TB_Parametros.dsParametro = 'VALOR DOLAR'  
29/06/2017 22:47:34 | Exec SP_ValorPromoRetorno
29/06/2017 22:47:34 | Exec sco_DiccionariodeDatos @nmtabla_param='TB_Comisiones'
29/06/2017 22:47:34 |  SELECT TB_Comisiones.vlMontoMinimo  FROM TB_Comisiones  WHERE TB_Comisiones.tpComision = 'Retorno'  AND  TB_Comisiones.flEliminar = 0  
29/06/2017 22:47:34 |  SELECT TB_Parametros.vlParametro  FROM TB_Parametros  WHERE TB_Parametros.dsParametro = 'VALOR REAL'  
29/06/2017 22:47:34 | Exec sco_DiccionariodeDatos @nmtabla_param='TB_Cajas'
29/06/2017 22:47:34 |  SELECT TB_Cajas.nrCaja  FROM TB_Cajas  WHERE TB_Cajas.dsUsuario = 'CAMILAP'  and  TB_Cajas.flEstado = 0  and  TB_Cajas.tpEstadoAprobacion IS NULL  and  TB_Cajas.nrcaja > 0  
29/06/2017 22:47:35 |  SELECT TB_Cajas.nrCaja ,TB_Cajas.vlTotalSaldoFinal ,TB_Cajas.nrPuesto ,TB_Cajas.dsUsuario ,TB_Cajas.vlSaldoInicialPesos ,TB_Cajas.dtApertura ,TB_Cajas.dtCierre ,TB_Cajas.vlDiaDolar ,TB_Cajas.vlDiaEuro ,TB_Cajas.vlSaldoInicialEuros ,TB_Cajas.vlSaldoInicialDolares ,TB_Cajas.vlSaldoFinalRealPesos ,TB_Cajas.vlTotalSaldoInicial ,TB_Cajas.dtObservacion ,TB_Cajas.vlCierrePesos ,TB_Cajas.vlSaldoFinalRealDolares ,TB_Cajas.vlSaldoFinalRealEuros ,TB_Cajas.vlTotalSaldoFinalReal ,TB_Cajas.vlCierreDolares ,TB_Cajas.vlCierreEuros ,TB_Cajas.dsObservacion ,TB_Cajas.vlDiaReal ,TB_Cajas.flEstado  FROM TB_Cajas  WHERE TB_Cajas.nrCaja = 9000003773  
29/06/2017 22:47:35 | Exec sco_DiccionariodeDatos @nmtabla_param='SP_SumaCajaADM_v2_9'
29/06/2017 22:47:35 | Exec SP_SumaCajaADM_v2_9 @nrCaja_param = 9000003773 ,@tpCaja_param = 'CA' ,@tpCajaImputacion_param = null 
29/06/2017 22:47:35 |  UPDATE TB_Cajas SET TB_Cajas.vlSaldoFinalRealPesos  = -258.92 ,TB_Cajas.vlSaldoFinalRealEuros  = 0.00 ,TB_Cajas.vlSaldoFinalRealDolares  = 0.00 ,TB_Cajas.vlCierrePesos  = -258.92 ,TB_Cajas.vlCierreDolares  = 0 ,TB_Cajas.vlCierreEuros  = 0   WHERE TB_Cajas.nrCaja = 9000003773  
29/06/2017 22:47:38 |  UPDATE TB_Cajas SET TB_Cajas.nrCaja  = 9000003773 ,TB_Cajas.vlTotalSaldoFinal  = -258.92 ,TB_Cajas.nrPuesto  = 9 ,TB_Cajas.dsUsuario  = 'CAMILAP' ,TB_Cajas.vlSaldoInicialPesos  = 0.00 ,TB_Cajas.dtApertura  = '19/08/2015 11:17:24' ,TB_Cajas.dtCierre  = null ,TB_Cajas.vlDiaDolar  = 9.10 ,TB_Cajas.vlDiaEuro  = 10.00 ,TB_Cajas.vlSaldoInicialEuros  = 0.00 ,TB_Cajas.vlSaldoInicialDolares  = 0.00 ,TB_Cajas.vlSaldoFinalRealPesos  = 0.00 ,TB_Cajas.vlTotalSaldoInicial  = 0.00 ,TB_Cajas.dtObservacion  = '29/06/2017 10:47:37' ,TB_Cajas.vlCierrePesos  = -258.92 ,TB_Cajas.vlSaldoFinalRealDolares  = 0.00 ,TB_Cajas.vlSaldoFinalRealEuros  = 0.00 ,TB_Cajas.vlTotalSaldoFinalReal  = -258.92 ,TB_Cajas.vlCierreDolares  = 0 ,TB_Cajas.vlCierreEuros  = 0 ,TB_Cajas.dsObservacion  = null ,TB_Cajas.vlDiaReal  = 3.21 ,TB_Cajas.flCajaAdm  = 1   WHERE TB_Cajas.nrCaja = 9000003773  
29/06/2017 22:47:38 | Exec sco_DiccionariodeDatos @nmtabla_param='VW_UltimaCajaAdm'
29/06/2017 22:47:38 |  SELECT VW_UltimaCajaAdm.nrCaja ,VW_UltimaCajaAdm.vlSaldoFinalRealPesos ,VW_UltimaCajaAdm.vlSaldoFinalRealEuros ,VW_UltimaCajaAdm.vlSaldoFinalRealDolares  FROM VW_UltimaCajaAdm 
29/06/2017 22:47:38 |  SELECT TB_Cajas.nrCaja  FROM TB_Cajas  WHERE TB_Cajas.nrCaja = 9000003773  AND  TB_Cajas.flEstado = 0  
29/06/2017 22:47:38 | Exec sco_DiccionariodeDatos @nmtabla_param='sco_cajapuesto_v3_9'
29/06/2017 22:47:38 | Exec sco_cajapuesto_v3_9 @nrCaja_param = 9000003772 
29/06/2017 22:47:38 | Exec sco_cajapuesto_v3_9 @nrCaja_param = 9000003773 
29/06/2017 22:47:38 | Exec sco_DiccionariodeDatos @nmtabla_param='spu_esdifporCotizacionImputadas_v3_9'
29/06/2017 22:47:38 | Exec spu_esdifporCotizacionImputadas_v3_9 @nrCajaAdmActual = 9000003773 
29/06/2017 22:47:38 | Exec sco_validarVencimientosCAI_v4_1
29/06/2017 22:47:38 | Exec sco_DiccionariodeDatos @nmtabla_param='sco_AccesosOpcionesMenu'
29/06/2017 22:47:38 | Exec sco_AccesosOpcionesMenu @p_tpNivelAcceso = 'Administración' ,@p_operaconcaja = 1 
29/06/2017 22:47:38 | Exec sco_AccesosOpcionesMenu @p_tpNivelAcceso = 'Administración' ,@p_operaconcaja = 1 
29/06/2017 22:47:41 |  SELECT TB_Cajas.vlSaldoInicialPesos ,TB_Cajas.vlSaldoInicialDolares ,TB_Cajas.vlSaldoInicialEuros ,TB_Cajas.vlSaldoInicialReales ,TB_Cajas.vlDiaEuro ,TB_Cajas.vlDiaDolar ,TB_Cajas.vlDiaReal ,TB_Cajas.dsUsuario ,TB_Cajas.dtApertura ,TB_Cajas.dtCierre  FROM TB_Cajas  WHERE TB_Cajas.nrCaja = 9000003773  
29/06/2017 22:47:41 | Exec sco_DiccionariodeDatos @nmtabla_param='TB_Cupones'
29/06/2017 22:47:42 | Exec  sp_obtiene_falta_compensar_v4_2 
29/06/2017 22:47:42 |  SELECT tb_parametros.dsParametro ,tb_parametros.vlParametro ,tb_parametros.tpParametro ,tb_parametros.flEditable ,tb_parametros.nrTamanio ,tb_parametros.dtActualizacion  FROM tb_parametros  WHERE tb_parametros.dsParametro = 'CANT_VIAJES_A_COMP'  
29/06/2017 22:47:42 |  SELECT tb_parametros.dsParametro ,tb_parametros.vlParametro ,tb_parametros.tpParametro ,tb_parametros.flEditable ,tb_parametros.nrTamanio ,tb_parametros.dtActualizacion  FROM tb_parametros  WHERE tb_parametros.dsParametro = 'CTROL_CANT_VIAJES'  
29/06/2017 22:47:42 |  SELECT tb_parametros.dsParametro ,tb_parametros.vlParametro ,tb_parametros.tpParametro ,tb_parametros.flEditable ,tb_parametros.nrTamanio ,tb_parametros.dtActualizacion  FROM tb_parametros  WHERE tb_parametros.dsParametro = 'COBRO_COMISION_CD_RE_OBLIGATORIA'  
29/06/2017 22:47:42 |  SELECT tb_parametros.dsParametro ,tb_parametros.vlParametro ,tb_parametros.tpParametro ,tb_parametros.flEditable ,tb_parametros.nrTamanio ,tb_parametros.dtActualizacion  FROM tb_parametros  WHERE tb_parametros.dsParametro = 'RESTRINGE_TARJETAS'  
29/06/2017 22:47:47 |  SELECT TB_Cupones.cdCodBar ,TB_Cupones.nrLicencia ,TB_Cupones.nmLicenciatario ,TB_Cupones.cdCliente ,TB_Cupones.nrCupon ,TB_Cupones.tpCupon ,TB_Cupones.vlMontoCupon ,TB_Cupones.vlPagoPesos ,TB_Cupones.vlPagoEuros ,TB_Cupones.vlPagoDolares ,TB_Cupones.vlPagoReales ,TB_Cupones.vlComision ,TB_Cupones.vlRecargoTarjeta ,TB_Cupones.nrTalonarioCliente ,TB_Cupones.tpComprobanteCliente ,TB_Cupones.nrComprabanteCliente ,TB_Cupones.tpLetraCliente ,TB_Cupones.flCobradoalCliente ,TB_Cupones.dtCobradoalCliente ,TB_Cupones.flCompensado ,TB_Cupones.cdCliente ,TB_Cupones.dsLeyenda ,TB_Cupones.vlaFavordelLicenciatario ,TB_Cupones.vlafavorAdmin ,TB_Cupones.dtCupon ,TB_Cupones.dsObservacion ,TB_Cupones.vlIVA ,TB_Cupones.flAnulado  FROM TB_Cupones  WHERE TB_Cupones.flEliminar = 0  AND  TB_Cupones.nrLicencia = 125  AND  TB_Cupones.flCompensado = 0  AND  TB_Cupones.flAnulado = 0   AND (  CONVERT(DATE, dtCupon) >= '30/05/2017' AND  '30/05/2017' <= CONVERT(DATE, dtCupon)  OR tpCupon in ('Retorno','Cobro en Destino')) 
29/06/2017 22:51:39 |  SELECT TB_Cupones.cdCodBar ,TB_Cupones.nrLicencia ,TB_Cupones.nmLicenciatario ,TB_Cupones.cdCliente ,TB_Cupones.nrCupon ,TB_Cupones.tpCupon ,TB_Cupones.vlMontoCupon ,TB_Cupones.vlPagoPesos ,TB_Cupones.vlPagoEuros ,TB_Cupones.vlPagoDolares ,TB_Cupones.vlPagoReales ,TB_Cupones.vlComision ,TB_Cupones.vlRecargoTarjeta ,TB_Cupones.nrTalonarioCliente ,TB_Cupones.tpComprobanteCliente ,TB_Cupones.nrComprabanteCliente ,TB_Cupones.tpLetraCliente ,TB_Cupones.flCobradoalCliente ,TB_Cupones.dtCobradoalCliente ,TB_Cupones.flCompensado ,TB_Cupones.cdCliente ,TB_Cupones.dsLeyenda ,TB_Cupones.vlaFavordelLicenciatario ,TB_Cupones.vlafavorAdmin ,TB_Cupones.dtCupon ,TB_Cupones.dsObservacion ,TB_Cupones.vlIVA ,TB_Cupones.flAnulado  FROM TB_Cupones  WHERE TB_Cupones.flEliminar = 0  AND  TB_Cupones.nrLicencia = 10  AND  TB_Cupones.flCompensado = 0  AND  TB_Cupones.flAnulado = 0    AND (  CONVERT(DATE, dtCupon) >= '30/05/2017' AND  '30/05/2017' <= CONVERT(DATE, dtCupon)  OR tpCupon in ('Retorno','Cobro en Destino'))  
29/06/2017 22:51:39 | Exec sco_DiccionariodeDatos @nmtabla_param='sp_cuponesCompensadosdelDia_v3_3'
29/06/2017 22:51:39 | Exec sp_cuponesCompensadosdelDia_v3_3 @pnrLicencia = '10' 
29/06/2017 22:51:39 | Exec sco_DiccionariodeDatos @nmtabla_param='SP_sepuedecompensar_2_0'
29/06/2017 22:51:39 | Exec SP_sepuedecompensar_2_0 @dtcupon_param = '24/06/2017 11:09:03' 
29/06/2017 22:51:39 | Exec SP_sepuedecompensar_2_0 @dtcupon_param = '24/06/2017 11:09:29' 
29/06/2017 22:51:52 |  SELECT TB_Cupones.cdCodBar ,TB_Cupones.nrLicencia ,TB_Cupones.nmLicenciatario ,TB_Cupones.cdCliente ,TB_Cupones.nrCupon ,TB_Cupones.tpCupon ,TB_Cupones.vlMontoCupon ,TB_Cupones.vlPagoPesos ,TB_Cupones.vlPagoEuros ,TB_Cupones.vlPagoDolares ,TB_Cupones.vlPagoReales ,TB_Cupones.vlComision ,TB_Cupones.vlRecargoTarjeta ,TB_Cupones.nrTalonarioCliente ,TB_Cupones.tpComprobanteCliente ,TB_Cupones.nrComprabanteCliente ,TB_Cupones.tpLetraCliente ,TB_Cupones.flCobradoalCliente ,TB_Cupones.dtCobradoalCliente ,TB_Cupones.flCompensado ,TB_Cupones.cdCliente ,TB_Cupones.dsLeyenda ,TB_Cupones.vlaFavordelLicenciatario ,TB_Cupones.vlafavorAdmin ,TB_Cupones.dtCupon ,TB_Cupones.dsObservacion ,TB_Cupones.vlIVA ,TB_Cupones.flAnulado  FROM TB_Cupones  WHERE TB_Cupones.flEliminar = 0  AND  TB_Cupones.nrLicencia = 10  AND  TB_Cupones.flCompensado = 0  AND  TB_Cupones.flAnulado = 0    AND (  CONVERT(DATE, dtCupon) >= '30/05/2017' AND  '30/05/2017' <= CONVERT(DATE, dtCupon)  OR tpCupon in ('Retorno','Cobro en Destino'))  
29/06/2017 22:51:52 | Exec sp_cuponesCompensadosdelDia_v3_3 @pnrLicencia = '10' 
29/06/2017 22:51:52 | Exec SP_sepuedecompensar_2_0 @dtcupon_param = '24/06/2017 11:09:03' 
29/06/2017 22:51:52 | Exec SP_sepuedecompensar_2_0 @dtcupon_param = '24/06/2017 11:09:29' 
29/06/2017 22:52:13 |  SELECT TB_Cupones.cdCodBar ,TB_Cupones.nrLicencia ,TB_Cupones.nmLicenciatario ,TB_Cupones.cdCliente ,TB_Cupones.nrCupon ,TB_Cupones.tpCupon ,TB_Cupones.vlMontoCupon ,TB_Cupones.vlPagoPesos ,TB_Cupones.vlPagoEuros ,TB_Cupones.vlPagoDolares ,TB_Cupones.vlPagoReales ,TB_Cupones.vlComision ,TB_Cupones.vlRecargoTarjeta ,TB_Cupones.nrTalonarioCliente ,TB_Cupones.tpComprobanteCliente ,TB_Cupones.nrComprabanteCliente ,TB_Cupones.tpLetraCliente ,TB_Cupones.flCobradoalCliente ,TB_Cupones.dtCobradoalCliente ,TB_Cupones.flCompensado ,TB_Cupones.cdCliente ,TB_Cupones.dsLeyenda ,TB_Cupones.vlaFavordelLicenciatario ,TB_Cupones.vlafavorAdmin ,TB_Cupones.dtCupon ,TB_Cupones.dsObservacion ,TB_Cupones.vlIVA ,TB_Cupones.flAnulado  FROM TB_Cupones  WHERE TB_Cupones.flEliminar = 0  AND  TB_Cupones.nrLicencia = 10  AND  TB_Cupones.flCompensado = 0  AND  TB_Cupones.flAnulado = 0    AND (  CONVERT(DATE, dtCupon) >= '30/05/2017' AND  '30/05/2017' <= CONVERT(DATE, dtCupon)  OR tpCupon in ('Retorno','Cobro en Destino'))  
29/06/2017 22:52:13 | Exec sp_cuponesCompensadosdelDia_v3_3 @pnrLicencia = '10' 
29/06/2017 22:52:13 | Exec SP_sepuedecompensar_2_0 @dtcupon_param = '24/06/2017 11:09:03' 
29/06/2017 22:52:13 | Exec SP_sepuedecompensar_2_0 @dtcupon_param = '24/06/2017 11:09:29' 
29/06/2017 22:53:37 |  SELECT TB_Cupones.cdCodBar ,TB_Cupones.nrLicencia ,TB_Cupones.nmLicenciatario ,TB_Cupones.cdCliente ,TB_Cupones.nrCupon ,TB_Cupones.tpCupon ,TB_Cupones.vlMontoCupon ,TB_Cupones.vlPagoPesos ,TB_Cupones.vlPagoEuros ,TB_Cupones.vlPagoDolares ,TB_Cupones.vlPagoReales ,TB_Cupones.vlComision ,TB_Cupones.vlRecargoTarjeta ,TB_Cupones.nrTalonarioCliente ,TB_Cupones.tpComprobanteCliente ,TB_Cupones.nrComprabanteCliente ,TB_Cupones.tpLetraCliente ,TB_Cupones.flCobradoalCliente ,TB_Cupones.dtCobradoalCliente ,TB_Cupones.flCompensado ,TB_Cupones.cdCliente ,TB_Cupones.dsLeyenda ,TB_Cupones.vlaFavordelLicenciatario ,TB_Cupones.vlafavorAdmin ,TB_Cupones.dtCupon ,TB_Cupones.dsObservacion ,TB_Cupones.vlIVA ,TB_Cupones.flAnulado  FROM TB_Cupones  WHERE TB_Cupones.flEliminar = 0  AND  TB_Cupones.nrLicencia = 10  AND  TB_Cupones.flCompensado = 0  AND  TB_Cupones.flAnulado = 0    AND (  CONVERT(DATE, dtCupon) >= '30/05/2017' AND CONVERT(DATE, dtCupon) <= '29/06/2017'    OR tpCupon in ('Retorno','Cobro en Destino'))  
29/06/2017 22:53:37 | Exec sp_cuponesCompensadosdelDia_v3_3 @pnrLicencia = '10' 
29/06/2017 22:53:37 | Exec SP_sepuedecompensar_2_0 @dtcupon_param = '24/06/2017 11:09:03' 
29/06/2017 22:53:37 | Exec SP_sepuedecompensar_2_0 @dtcupon_param = '24/06/2017 11:09:29' 
29/06/2017 22:53:50 |  SELECT TB_Cupones.cdCodBar ,TB_Cupones.nrLicencia ,TB_Cupones.nmLicenciatario ,TB_Cupones.cdCliente ,TB_Cupones.nrCupon ,TB_Cupones.tpCupon ,TB_Cupones.vlMontoCupon ,TB_Cupones.vlPagoPesos ,TB_Cupones.vlPagoEuros ,TB_Cupones.vlPagoDolares ,TB_Cupones.vlPagoReales ,TB_Cupones.vlComision ,TB_Cupones.vlRecargoTarjeta ,TB_Cupones.nrTalonarioCliente ,TB_Cupones.tpComprobanteCliente ,TB_Cupones.nrComprabanteCliente ,TB_Cupones.tpLetraCliente ,TB_Cupones.flCobradoalCliente ,TB_Cupones.dtCobradoalCliente ,TB_Cupones.flCompensado ,TB_Cupones.cdCliente ,TB_Cupones.dsLeyenda ,TB_Cupones.vlaFavordelLicenciatario ,TB_Cupones.vlafavorAdmin ,TB_Cupones.dtCupon ,TB_Cupones.dsObservacion ,TB_Cupones.vlIVA ,TB_Cupones.flAnulado  FROM TB_Cupones  WHERE TB_Cupones.flEliminar = 0  AND  TB_Cupones.nrLicencia = 10  AND  TB_Cupones.flCompensado = 0  AND  TB_Cupones.flAnulado = 0    AND (  CONVERT(DATE, dtCupon) >= '02/05/2013' AND CONVERT(DATE, dtCupon) <= '29/06/2017'    OR tpCupon in ('Retorno','Cobro en Destino'))  
29/06/2017 22:53:50 | Exec sp_cuponesCompensadosdelDia_v3_3 @pnrLicencia = '10' 
29/06/2017 22:53:50 | Exec SP_sepuedecompensar_2_0 @dtcupon_param = '29/12/2015 08:41:10' 
29/06/2017 22:53:50 | Exec SP_sepuedecompensar_2_0 @dtcupon_param = '10/01/2017 11:45:35' 
29/06/2017 22:53:50 | Exec SP_sepuedecompensar_2_0 @dtcupon_param = '28/01/2017 04:24:14' 
29/06/2017 22:53:50 | Exec SP_sepuedecompensar_2_0 @dtcupon_param = '24/06/2017 11:09:03' 
29/06/2017 22:53:50 | Exec SP_sepuedecompensar_2_0 @dtcupon_param = '24/06/2017 11:09:29' 
29/06/2017 22:54:10 |  SELECT TB_Cupones.cdCodBar ,TB_Cupones.nrLicencia ,TB_Cupones.nmLicenciatario ,TB_Cupones.cdCliente ,TB_Cupones.nrCupon ,TB_Cupones.tpCupon ,TB_Cupones.vlMontoCupon ,TB_Cupones.vlPagoPesos ,TB_Cupones.vlPagoEuros ,TB_Cupones.vlPagoDolares ,TB_Cupones.vlPagoReales ,TB_Cupones.vlComision ,TB_Cupones.vlRecargoTarjeta ,TB_Cupones.nrTalonarioCliente ,TB_Cupones.tpComprobanteCliente ,TB_Cupones.nrComprabanteCliente ,TB_Cupones.tpLetraCliente ,TB_Cupones.flCobradoalCliente ,TB_Cupones.dtCobradoalCliente ,TB_Cupones.flCompensado ,TB_Cupones.cdCliente ,TB_Cupones.dsLeyenda ,TB_Cupones.vlaFavordelLicenciatario ,TB_Cupones.vlafavorAdmin ,TB_Cupones.dtCupon ,TB_Cupones.dsObservacion ,TB_Cupones.vlIVA ,TB_Cupones.flAnulado  FROM TB_Cupones  WHERE TB_Cupones.flEliminar = 0  AND  TB_Cupones.nrLicencia = 10  AND  TB_Cupones.flCompensado = 0  AND  TB_Cupones.flAnulado = 0    AND (  CONVERT(DATE, dtCupon) >= '02/05/2013' AND CONVERT(DATE, dtCupon) <= '29/06/2017'    OR tpCupon in ('Retorno','Cobro en Destino'))  
29/06/2017 22:54:10 | Exec sp_cuponesCompensadosdelDia_v3_3 @pnrLicencia = '10' 
29/06/2017 22:54:10 | Exec SP_sepuedecompensar_2_0 @dtcupon_param = '29/12/2015 08:41:10' 
29/06/2017 22:54:10 | Exec SP_sepuedecompensar_2_0 @dtcupon_param = '10/01/2017 11:45:35' 
29/06/2017 22:54:10 | Exec SP_sepuedecompensar_2_0 @dtcupon_param = '28/01/2017 04:24:14' 
29/06/2017 22:54:10 | Exec SP_sepuedecompensar_2_0 @dtcupon_param = '24/06/2017 11:09:03' 
29/06/2017 22:54:10 | Exec SP_sepuedecompensar_2_0 @dtcupon_param = '24/06/2017 11:09:29' 
29/06/2017 22:54:14 | Exec sco_AccesosOpcionesMenu @p_tpNivelAcceso = 'Administración' ,@p_operaconcaja = 1 
29/06/2017 22:54:17 |  SELECT TB_Cajas.vlSaldoInicialPesos ,TB_Cajas.vlSaldoInicialDolares ,TB_Cajas.vlSaldoInicialEuros ,TB_Cajas.vlSaldoInicialReales ,TB_Cajas.vlDiaEuro ,TB_Cajas.vlDiaDolar ,TB_Cajas.vlDiaReal ,TB_Cajas.dsUsuario ,TB_Cajas.dtApertura ,TB_Cajas.dtCierre  FROM TB_Cajas  WHERE TB_Cajas.nrCaja = 9000003773    
29/06/2017 22:54:21 | Exec  sp_obtiene_falta_compensar_v4_2 
29/06/2017 22:54:21 |  SELECT tb_parametros.dsParametro ,tb_parametros.vlParametro ,tb_parametros.tpParametro ,tb_parametros.flEditable ,tb_parametros.nrTamanio ,tb_parametros.dtActualizacion  FROM tb_parametros  WHERE tb_parametros.dsParametro = 'CANT_VIAJES_A_COMP'    
29/06/2017 22:54:21 |  SELECT tb_parametros.dsParametro ,tb_parametros.vlParametro ,tb_parametros.tpParametro ,tb_parametros.flEditable ,tb_parametros.nrTamanio ,tb_parametros.dtActualizacion  FROM tb_parametros  WHERE tb_parametros.dsParametro = 'CTROL_CANT_VIAJES'    
29/06/2017 22:54:21 |  SELECT tb_parametros.dsParametro ,tb_parametros.vlParametro ,tb_parametros.tpParametro ,tb_parametros.flEditable ,tb_parametros.nrTamanio ,tb_parametros.dtActualizacion  FROM tb_parametros  WHERE tb_parametros.dsParametro = 'COBRO_COMISION_CD_RE_OBLIGATORIA'    
29/06/2017 22:54:21 |  SELECT tb_parametros.dsParametro ,tb_parametros.vlParametro ,tb_parametros.tpParametro ,tb_parametros.flEditable ,tb_parametros.nrTamanio ,tb_parametros.dtActualizacion  FROM tb_parametros  WHERE tb_parametros.dsParametro = 'RESTRINGE_TARJETAS'    
29/06/2017 22:54:26 |  SELECT TB_Cupones.cdCodBar ,TB_Cupones.nrLicencia ,TB_Cupones.nmLicenciatario ,TB_Cupones.cdCliente ,TB_Cupones.nrCupon ,TB_Cupones.tpCupon ,TB_Cupones.vlMontoCupon ,TB_Cupones.vlPagoPesos ,TB_Cupones.vlPagoEuros ,TB_Cupones.vlPagoDolares ,TB_Cupones.vlPagoReales ,TB_Cupones.vlComision ,TB_Cupones.vlRecargoTarjeta ,TB_Cupones.nrTalonarioCliente ,TB_Cupones.tpComprobanteCliente ,TB_Cupones.nrComprabanteCliente ,TB_Cupones.tpLetraCliente ,TB_Cupones.flCobradoalCliente ,TB_Cupones.dtCobradoalCliente ,TB_Cupones.flCompensado ,TB_Cupones.cdCliente ,TB_Cupones.dsLeyenda ,TB_Cupones.vlaFavordelLicenciatario ,TB_Cupones.vlafavorAdmin ,TB_Cupones.dtCupon ,TB_Cupones.dsObservacion ,TB_Cupones.vlIVA ,TB_Cupones.flAnulado  FROM TB_Cupones  WHERE TB_Cupones.flEliminar = 0  AND  TB_Cupones.nrLicencia = 10  AND  TB_Cupones.flCompensado = 0  AND  TB_Cupones.flAnulado = 0    AND (  CONVERT(DATE, dtCupon) >= '30/05/2017' AND CONVERT(DATE, dtCupon) <= '29/06/2017'    OR tpCupon in ('Retorno','Cobro en Destino'))  
29/06/2017 22:54:26 | Exec sp_cuponesCompensadosdelDia_v3_3 @pnrLicencia = '10' 
29/06/2017 22:54:26 | Exec SP_sepuedecompensar_2_0 @dtcupon_param = '24/06/2017 11:09:03' 
29/06/2017 22:54:26 | Exec SP_sepuedecompensar_2_0 @dtcupon_param = '24/06/2017 11:09:29' 
29/06/2017 22:54:40 |  SELECT TB_Cupones.cdCodBar ,TB_Cupones.nrLicencia ,TB_Cupones.nmLicenciatario ,TB_Cupones.cdCliente ,TB_Cupones.nrCupon ,TB_Cupones.tpCupon ,TB_Cupones.vlMontoCupon ,TB_Cupones.vlPagoPesos ,TB_Cupones.vlPagoEuros ,TB_Cupones.vlPagoDolares ,TB_Cupones.vlPagoReales ,TB_Cupones.vlComision ,TB_Cupones.vlRecargoTarjeta ,TB_Cupones.nrTalonarioCliente ,TB_Cupones.tpComprobanteCliente ,TB_Cupones.nrComprabanteCliente ,TB_Cupones.tpLetraCliente ,TB_Cupones.flCobradoalCliente ,TB_Cupones.dtCobradoalCliente ,TB_Cupones.flCompensado ,TB_Cupones.cdCliente ,TB_Cupones.dsLeyenda ,TB_Cupones.vlaFavordelLicenciatario ,TB_Cupones.vlafavorAdmin ,TB_Cupones.dtCupon ,TB_Cupones.dsObservacion ,TB_Cupones.vlIVA ,TB_Cupones.flAnulado  FROM TB_Cupones  WHERE TB_Cupones.flEliminar = 0  AND  TB_Cupones.nrLicencia = 10  AND  TB_Cupones.flCompensado = 0  AND  TB_Cupones.flAnulado = 0    AND (  CONVERT(DATE, dtCupon) >= '01/01/2017' AND CONVERT(DATE, dtCupon) <= '29/06/2017'    OR tpCupon in ('Retorno','Cobro en Destino'))  
29/06/2017 22:54:40 | Exec sp_cuponesCompensadosdelDia_v3_3 @pnrLicencia = '10' 
29/06/2017 22:54:40 | Exec SP_sepuedecompensar_2_0 @dtcupon_param = '24/06/2017 11:09:03' 
29/06/2017 22:54:40 | Exec SP_sepuedecompensar_2_0 @dtcupon_param = '24/06/2017 11:09:29' 
29/06/2017 22:54:40 | Exec SP_sepuedecompensar_2_0 @dtcupon_param = '28/01/2017 04:24:14' 
29/06/2017 22:54:40 | Exec SP_sepuedecompensar_2_0 @dtcupon_param = '10/01/2017 11:45:35' 
29/06/2017 22:54:48 | Exec sco_AccesosOpcionesMenu @p_tpNivelAcceso = 'Administración' ,@p_operaconcaja = 1 
29/06/2017 22:54:55 | Exec  sp_obtiene_falta_compensar_v4_2 
29/06/2017 22:54:55 | Exec  SP_TB_Cupones_Qry_v3_9 @dtCupon_desde_param='29-06-2017 00:00:00.000',@dtCupon_hasta_param='29-06-2017 23:59:59.000',@nrLicencia_param=0,@flAnulado_param=0,@flCompensado_param=0,@flNoPagados_param=0,@flAgrupado=0,@vlMontoCupon_param=0,@flIVA=0
29/06/2017 22:55:10 | Exec sco_AccesosOpcionesMenu @p_tpNivelAcceso = 'Administración' ,@p_operaconcaja = 1 
29/06/2017 23:05:23 | Exec  sco_TB_Productos_v4_1 
29/06/2017 23:05:23 | Exec sco_DiccionariodeDatos @nmtabla_param='TB_Usuarios'
29/06/2017 23:05:26 |  SELECT TB_Usuarios.dsUsuario ,TB_Usuarios.dspassword ,TB_Usuarios.tpAcceso ,TB_Usuarios.nmNombre ,TB_Usuarios.nmApellido ,TB_Usuarios.flBloqueado ,TB_Usuarios.tpNivelJerarquico  FROM TB_Usuarios  WHERE TB_Usuarios.dsUsuario = 'CAMILAP'  AND  TB_Usuarios.flEliminar = 0    
29/06/2017 23:05:26 |  SELECT TB_Usuarios.dsUsuario ,TB_Usuarios.dspassword ,TB_Usuarios.tpAcceso ,TB_Usuarios.nmNombre ,TB_Usuarios.nmApellido ,TB_Usuarios.flBloqueado ,TB_Usuarios.tpNivelJerarquico  FROM TB_Usuarios  WHERE TB_Usuarios.dsUsuario = 'CAMILAP'  AND  TB_Usuarios.flEliminar = 0    
29/06/2017 23:05:26 | Exec sco_DiccionariodeDatos @nmtabla_param='sp_obtenerCajasPendientesdeAprobacion_v2_5'
29/06/2017 23:05:27 | Exec sp_obtenerCajasPendientesdeAprobacion_v2_5 @pdsUsuario_param = 'CAMILAP' 
29/06/2017 23:05:27 | Exec sp_obtenerCajasRechazadas_v2_9 
29/06/2017 23:05:27 | Exec sco_DiccionariodeDatos @nmtabla_param='TB_Parametros'
29/06/2017 23:05:27 |  SELECT TB_Parametros.vlParametro  FROM TB_Parametros  WHERE TB_Parametros.dsParametro = 'VALOR EURO'    
29/06/2017 23:05:27 |  SELECT TB_Parametros.vlParametro  FROM TB_Parametros  WHERE TB_Parametros.dsParametro = 'VALOR DOLAR'    
29/06/2017 23:05:27 | Exec SP_ValorPromoRetorno
29/06/2017 23:05:27 | Exec sco_DiccionariodeDatos @nmtabla_param='TB_Comisiones'
29/06/2017 23:05:27 |  SELECT TB_Comisiones.vlMontoMinimo  FROM TB_Comisiones  WHERE TB_Comisiones.tpComision = 'Retorno'  AND  TB_Comisiones.flEliminar = 0    
29/06/2017 23:05:27 |  SELECT TB_Parametros.vlParametro  FROM TB_Parametros  WHERE TB_Parametros.dsParametro = 'VALOR REAL'    
29/06/2017 23:05:27 | Exec sco_DiccionariodeDatos @nmtabla_param='TB_Cajas'
29/06/2017 23:05:27 |  SELECT TB_Cajas.nrCaja  FROM TB_Cajas  WHERE TB_Cajas.dsUsuario = 'CAMILAP'  and  TB_Cajas.flEstado = 0  and  TB_Cajas.tpEstadoAprobacion IS NULL  and  TB_Cajas.nrcaja > 0    
29/06/2017 23:05:27 |  SELECT TB_Cajas.nrCaja ,TB_Cajas.vlTotalSaldoFinal ,TB_Cajas.nrPuesto ,TB_Cajas.dsUsuario ,TB_Cajas.vlSaldoInicialPesos ,TB_Cajas.dtApertura ,TB_Cajas.dtCierre ,TB_Cajas.vlDiaDolar ,TB_Cajas.vlDiaEuro ,TB_Cajas.vlSaldoInicialEuros ,TB_Cajas.vlSaldoInicialDolares ,TB_Cajas.vlSaldoFinalRealPesos ,TB_Cajas.vlTotalSaldoInicial ,TB_Cajas.dtObservacion ,TB_Cajas.vlCierrePesos ,TB_Cajas.vlSaldoFinalRealDolares ,TB_Cajas.vlSaldoFinalRealEuros ,TB_Cajas.vlTotalSaldoFinalReal ,TB_Cajas.vlCierreDolares ,TB_Cajas.vlCierreEuros ,TB_Cajas.dsObservacion ,TB_Cajas.vlDiaReal ,TB_Cajas.flEstado  FROM TB_Cajas  WHERE TB_Cajas.nrCaja = 9000003773    
29/06/2017 23:05:27 | Exec sco_DiccionariodeDatos @nmtabla_param='SP_SumaCajaADM_v2_9'
29/06/2017 23:05:27 | Exec SP_SumaCajaADM_v2_9 @nrCaja_param = 9000003773 ,@tpCaja_param = 'CA' ,@tpCajaImputacion_param = null 
29/06/2017 23:05:27 |  UPDATE TB_Cajas SET TB_Cajas.vlSaldoFinalRealPesos  = -258.92 ,TB_Cajas.vlSaldoFinalRealEuros  = 0.00 ,TB_Cajas.vlSaldoFinalRealDolares  = 0.00 ,TB_Cajas.vlCierrePesos  = -258.92 ,TB_Cajas.vlCierreDolares  = 0 ,TB_Cajas.vlCierreEuros  = 0   WHERE TB_Cajas.nrCaja = 9000003773  
29/06/2017 23:05:29 |  UPDATE TB_Cajas SET TB_Cajas.nrCaja  = 9000003773 ,TB_Cajas.vlTotalSaldoFinal  = -258.92 ,TB_Cajas.nrPuesto  = 9 ,TB_Cajas.dsUsuario  = 'CAMILAP' ,TB_Cajas.vlSaldoInicialPesos  = 0.00 ,TB_Cajas.dtApertura  = '19/08/2015 11:17:24' ,TB_Cajas.dtCierre  = null ,TB_Cajas.vlDiaDolar  = 9.10 ,TB_Cajas.vlDiaEuro  = 10.00 ,TB_Cajas.vlSaldoInicialEuros  = 0.00 ,TB_Cajas.vlSaldoInicialDolares  = 0.00 ,TB_Cajas.vlSaldoFinalRealPesos  = 0.00 ,TB_Cajas.vlTotalSaldoInicial  = 0.00 ,TB_Cajas.dtObservacion  = '29/06/2017 11:05:29' ,TB_Cajas.vlCierrePesos  = -258.92 ,TB_Cajas.vlSaldoFinalRealDolares  = 0.00 ,TB_Cajas.vlSaldoFinalRealEuros  = 0.00 ,TB_Cajas.vlTotalSaldoFinalReal  = -258.92 ,TB_Cajas.vlCierreDolares  = 0 ,TB_Cajas.vlCierreEuros  = 0 ,TB_Cajas.dsObservacion  = null ,TB_Cajas.vlDiaReal  = 3.21 ,TB_Cajas.flCajaAdm  = 1   WHERE TB_Cajas.nrCaja = 9000003773  
29/06/2017 23:05:29 | Exec sco_DiccionariodeDatos @nmtabla_param='VW_UltimaCajaAdm'
29/06/2017 23:05:29 |  SELECT VW_UltimaCajaAdm.nrCaja ,VW_UltimaCajaAdm.vlSaldoFinalRealPesos ,VW_UltimaCajaAdm.vlSaldoFinalRealEuros ,VW_UltimaCajaAdm.vlSaldoFinalRealDolares  FROM VW_UltimaCajaAdm   
29/06/2017 23:05:29 |  SELECT TB_Cajas.nrCaja  FROM TB_Cajas  WHERE TB_Cajas.nrCaja = 9000003773  AND  TB_Cajas.flEstado = 0    
29/06/2017 23:05:29 | Exec sco_DiccionariodeDatos @nmtabla_param='sco_cajapuesto_v3_9'
29/06/2017 23:05:29 | Exec sco_cajapuesto_v3_9 @nrCaja_param = 9000003772 
29/06/2017 23:05:29 | Exec sco_cajapuesto_v3_9 @nrCaja_param = 9000003773 
29/06/2017 23:05:29 | Exec sco_DiccionariodeDatos @nmtabla_param='spu_esdifporCotizacionImputadas_v3_9'
29/06/2017 23:05:29 | Exec spu_esdifporCotizacionImputadas_v3_9 @nrCajaAdmActual = 9000003773 
29/06/2017 23:05:29 | Exec sco_validarVencimientosCAI_v4_1
29/06/2017 23:05:29 | Exec sco_DiccionariodeDatos @nmtabla_param='sco_AccesosOpcionesMenu'
29/06/2017 23:05:29 | Exec sco_AccesosOpcionesMenu @p_tpNivelAcceso = 'Administración' ,@p_operaconcaja = 1 
29/06/2017 23:05:29 | Exec sco_AccesosOpcionesMenu @p_tpNivelAcceso = 'Administración' ,@p_operaconcaja = 1 
29/06/2017 23:05:32 |  SELECT TB_Cajas.vlSaldoInicialPesos ,TB_Cajas.vlSaldoInicialDolares ,TB_Cajas.vlSaldoInicialEuros ,TB_Cajas.vlSaldoInicialReales ,TB_Cajas.vlDiaEuro ,TB_Cajas.vlDiaDolar ,TB_Cajas.vlDiaReal ,TB_Cajas.dsUsuario ,TB_Cajas.dtApertura ,TB_Cajas.dtCierre  FROM TB_Cajas  WHERE TB_Cajas.nrCaja = 9000003773    
29/06/2017 23:05:32 | Exec sco_DiccionariodeDatos @nmtabla_param='TB_Cupones'
29/06/2017 23:05:32 | Exec  sp_obtiene_falta_compensar_v4_2 
29/06/2017 23:05:32 |  SELECT tb_parametros.dsParametro ,tb_parametros.vlParametro ,tb_parametros.tpParametro ,tb_parametros.flEditable ,tb_parametros.nrTamanio ,tb_parametros.dtActualizacion  FROM tb_parametros  WHERE tb_parametros.dsParametro = 'CANT_VIAJES_A_COMP'    
29/06/2017 23:05:32 |  SELECT tb_parametros.dsParametro ,tb_parametros.vlParametro ,tb_parametros.tpParametro ,tb_parametros.flEditable ,tb_parametros.nrTamanio ,tb_parametros.dtActualizacion  FROM tb_parametros  WHERE tb_parametros.dsParametro = 'CTROL_CANT_VIAJES'    
29/06/2017 23:05:32 |  SELECT tb_parametros.dsParametro ,tb_parametros.vlParametro ,tb_parametros.tpParametro ,tb_parametros.flEditable ,tb_parametros.nrTamanio ,tb_parametros.dtActualizacion  FROM tb_parametros  WHERE tb_parametros.dsParametro = 'COBRO_COMISION_CD_RE_OBLIGATORIA'    
29/06/2017 23:05:32 |  SELECT tb_parametros.dsParametro ,tb_parametros.vlParametro ,tb_parametros.tpParametro ,tb_parametros.flEditable ,tb_parametros.nrTamanio ,tb_parametros.dtActualizacion  FROM tb_parametros  WHERE tb_parametros.dsParametro = 'RESTRINGE_TARJETAS'    
29/06/2017 23:05:35 |  SELECT TB_Cupones.cdCodBar ,TB_Cupones.nrLicencia ,TB_Cupones.nmLicenciatario ,TB_Cupones.cdCliente ,TB_Cupones.nrCupon ,TB_Cupones.tpCupon ,TB_Cupones.vlMontoCupon ,TB_Cupones.vlPagoPesos ,TB_Cupones.vlPagoEuros ,TB_Cupones.vlPagoDolares ,TB_Cupones.vlPagoReales ,TB_Cupones.vlComision ,TB_Cupones.vlRecargoTarjeta ,TB_Cupones.nrTalonarioCliente ,TB_Cupones.tpComprobanteCliente ,TB_Cupones.nrComprabanteCliente ,TB_Cupones.tpLetraCliente ,TB_Cupones.flCobradoalCliente ,TB_Cupones.dtCobradoalCliente ,TB_Cupones.flCompensado ,TB_Cupones.cdCliente ,TB_Cupones.dsLeyenda ,TB_Cupones.vlaFavordelLicenciatario ,TB_Cupones.vlafavorAdmin ,TB_Cupones.dtCupon ,TB_Cupones.dsObservacion ,TB_Cupones.vlIVA ,TB_Cupones.flAnulado  FROM TB_Cupones  WHERE TB_Cupones.flEliminar = 0  AND  TB_Cupones.nrLicencia = 10  AND  TB_Cupones.flCompensado = 0  AND  TB_Cupones.flAnulado = 0    AND (  CONVERT(DATE, dtCupon) >= '30/05/2017' AND CONVERT(DATE, dtCupon) <= '29/06/2017'    OR tpCupon in ('Retorno','Cobro en Destino'))  
29/06/2017 23:05:35 | Exec sco_DiccionariodeDatos @nmtabla_param='sp_cuponesCompensadosdelDia_v3_3'
29/06/2017 23:05:35 | Exec sp_cuponesCompensadosdelDia_v3_3 @pnrLicencia = '10' 
29/06/2017 23:05:35 | Exec sco_DiccionariodeDatos @nmtabla_param='SP_sepuedecompensar_2_0'
29/06/2017 23:05:35 | Exec SP_sepuedecompensar_2_0 @dtcupon_param = '24/06/2017 11:09:03' 
29/06/2017 23:05:35 | Exec SP_sepuedecompensar_2_0 @dtcupon_param = '24/06/2017 11:09:29' 
29/06/2017 23:05:44 |  SELECT TB_Cupones.cdCodBar ,TB_Cupones.nrLicencia ,TB_Cupones.nmLicenciatario ,TB_Cupones.cdCliente ,TB_Cupones.nrCupon ,TB_Cupones.tpCupon ,TB_Cupones.vlMontoCupon ,TB_Cupones.vlPagoPesos ,TB_Cupones.vlPagoEuros ,TB_Cupones.vlPagoDolares ,TB_Cupones.vlPagoReales ,TB_Cupones.vlComision ,TB_Cupones.vlRecargoTarjeta ,TB_Cupones.nrTalonarioCliente ,TB_Cupones.tpComprobanteCliente ,TB_Cupones.nrComprabanteCliente ,TB_Cupones.tpLetraCliente ,TB_Cupones.flCobradoalCliente ,TB_Cupones.dtCobradoalCliente ,TB_Cupones.flCompensado ,TB_Cupones.cdCliente ,TB_Cupones.dsLeyenda ,TB_Cupones.vlaFavordelLicenciatario ,TB_Cupones.vlafavorAdmin ,TB_Cupones.dtCupon ,TB_Cupones.dsObservacion ,TB_Cupones.vlIVA ,TB_Cupones.flAnulado  FROM TB_Cupones  WHERE TB_Cupones.flEliminar = 0  AND  TB_Cupones.nrLicencia = 10  AND  TB_Cupones.flCompensado = 0  AND  TB_Cupones.flAnulado = 0    AND (  CONVERT(DATE, dtCupon) >= '14/05/2015' AND CONVERT(DATE, dtCupon) <= '29/06/2017'    OR tpCupon in ('Retorno','Cobro en Destino'))  
29/06/2017 23:05:44 | Exec sp_cuponesCompensadosdelDia_v3_3 @pnrLicencia = '10' 
29/06/2017 23:05:44 | Exec SP_sepuedecompensar_2_0 @dtcupon_param = '29/12/2015 08:41:10' 
29/06/2017 23:05:44 | Exec SP_sepuedecompensar_2_0 @dtcupon_param = '10/01/2017 11:45:35' 
29/06/2017 23:05:44 | Exec SP_sepuedecompensar_2_0 @dtcupon_param = '28/01/2017 04:24:14' 
29/06/2017 23:05:44 | Exec SP_sepuedecompensar_2_0 @dtcupon_param = '24/06/2017 11:09:03' 
29/06/2017 23:05:44 | Exec SP_sepuedecompensar_2_0 @dtcupon_param = '24/06/2017 11:09:29' 
29/06/2017 23:05:47 | Exec sco_AccesosOpcionesMenu @p_tpNivelAcceso = 'Administración' ,@p_operaconcaja = 1 
29/06/2017 23:05:51 |  SELECT TB_Cajas.vlSaldoInicialPesos ,TB_Cajas.vlSaldoInicialDolares ,TB_Cajas.vlSaldoInicialEuros ,TB_Cajas.vlSaldoInicialReales ,TB_Cajas.vlDiaEuro ,TB_Cajas.vlDiaDolar ,TB_Cajas.vlDiaReal ,TB_Cajas.dsUsuario ,TB_Cajas.dtApertura ,TB_Cajas.dtCierre  FROM TB_Cajas  WHERE TB_Cajas.nrCaja = 9000003773    
29/06/2017 23:05:51 | Exec  sp_obtiene_falta_compensar_v4_2 
29/06/2017 23:05:51 |  SELECT tb_parametros.dsParametro ,tb_parametros.vlParametro ,tb_parametros.tpParametro ,tb_parametros.flEditable ,tb_parametros.nrTamanio ,tb_parametros.dtActualizacion  FROM tb_parametros  WHERE tb_parametros.dsParametro = 'CANT_VIAJES_A_COMP'    
29/06/2017 23:05:51 |  SELECT tb_parametros.dsParametro ,tb_parametros.vlParametro ,tb_parametros.tpParametro ,tb_parametros.flEditable ,tb_parametros.nrTamanio ,tb_parametros.dtActualizacion  FROM tb_parametros  WHERE tb_parametros.dsParametro = 'CTROL_CANT_VIAJES'    
29/06/2017 23:05:51 |  SELECT tb_parametros.dsParametro ,tb_parametros.vlParametro ,tb_parametros.tpParametro ,tb_parametros.flEditable ,tb_parametros.nrTamanio ,tb_parametros.dtActualizacion  FROM tb_parametros  WHERE tb_parametros.dsParametro = 'COBRO_COMISION_CD_RE_OBLIGATORIA'    
29/06/2017 23:05:51 |  SELECT tb_parametros.dsParametro ,tb_parametros.vlParametro ,tb_parametros.tpParametro ,tb_parametros.flEditable ,tb_parametros.nrTamanio ,tb_parametros.dtActualizacion  FROM tb_parametros  WHERE tb_parametros.dsParametro = 'RESTRINGE_TARJETAS'    
29/06/2017 23:05:54 | Exec sco_AccesosOpcionesMenu @p_tpNivelAcceso = 'Administración' ,@p_operaconcaja = 1 
29/06/2017 23:05:58 | Exec  sp_obtiene_falta_compensar_v4_2 
29/06/2017 23:05:58 | Exec  SP_TB_Cupones_Qry_v3_9 @dtCupon_desde_param='29-06-2017 00:00:00.000',@dtCupon_hasta_param='29-06-2017 23:59:59.000',@nrLicencia_param=0,@flAnulado_param=0,@flCompensado_param=0,@flNoPagados_param=0,@flAgrupado=0,@vlMontoCupon_param=0,@flIVA=0
29/06/2017 23:06:08 | Exec sco_AccesosOpcionesMenu @p_tpNivelAcceso = 'Administración' ,@p_operaconcaja = 1 
29/06/2017 23:06:15 | Exec  sco_TB_Productos_v4_1 
29/06/2017 23:06:15 | Exec sco_DiccionariodeDatos @nmtabla_param='TB_Usuarios'
29/06/2017 23:06:16 |  SELECT TOP 100 TB_Usuarios.dsUsuario  FROM TB_Usuarios  WHERE TB_Usuarios.tpAcceso <> 'Puestos'  AND  TB_Usuarios.flBloqueado = 0  AND   dsUsuario Like ('r%') AND TB_Usuarios.flEliminar = 0
29/06/2017 23:06:16 |  SELECT TOP 100 TB_Usuarios.dsUsuario  FROM TB_Usuarios  WHERE TB_Usuarios.tpAcceso <> 'Puestos'  AND  TB_Usuarios.flBloqueado = 0  AND   dsUsuario Like ('re%') AND TB_Usuarios.flEliminar = 0
29/06/2017 23:06:16 |  SELECT TOP 100 TB_Usuarios.dsUsuario  FROM TB_Usuarios  WHERE TB_Usuarios.tpAcceso <> 'Puestos'  AND  TB_Usuarios.flBloqueado = 0  AND   dsUsuario Like ('ret%') AND TB_Usuarios.flEliminar = 0
29/06/2017 23:06:17 |  SELECT TOP 100 TB_Usuarios.dsUsuario  FROM TB_Usuarios  WHERE TB_Usuarios.tpAcceso <> 'Puestos'  AND  TB_Usuarios.flBloqueado = 0  AND   dsUsuario Like ('reto%') AND TB_Usuarios.flEliminar = 0
29/06/2017 23:06:17 |  SELECT TOP 100 TB_Usuarios.dsUsuario  FROM TB_Usuarios  WHERE TB_Usuarios.tpAcceso <> 'Puestos'  AND  TB_Usuarios.flBloqueado = 0  AND   dsUsuario Like ('retor%') AND TB_Usuarios.flEliminar = 0
29/06/2017 23:06:17 |  SELECT TOP 100 TB_Usuarios.dsUsuario  FROM TB_Usuarios  WHERE TB_Usuarios.tpAcceso <> 'Puestos'  AND  TB_Usuarios.flBloqueado = 0  AND   dsUsuario Like ('retorn%') AND TB_Usuarios.flEliminar = 0
29/06/2017 23:06:17 |  SELECT TOP 100 TB_Usuarios.dsUsuario  FROM TB_Usuarios  WHERE TB_Usuarios.tpAcceso <> 'Puestos'  AND  TB_Usuarios.flBloqueado = 0  AND   dsUsuario Like ('retorno%') AND TB_Usuarios.flEliminar = 0
29/06/2017 23:06:20 |  SELECT TB_Usuarios.dsUsuario ,TB_Usuarios.dspassword ,TB_Usuarios.tpAcceso ,TB_Usuarios.nmNombre ,TB_Usuarios.nmApellido ,TB_Usuarios.flBloqueado ,TB_Usuarios.tpNivelJerarquico  FROM TB_Usuarios  WHERE TB_Usuarios.dsUsuario = 'RETORNO'  AND  TB_Usuarios.flEliminar = 0    
29/06/2017 23:06:20 |  SELECT TB_Usuarios.dsUsuario ,TB_Usuarios.dspassword ,TB_Usuarios.tpAcceso ,TB_Usuarios.nmNombre ,TB_Usuarios.nmApellido ,TB_Usuarios.flBloqueado ,TB_Usuarios.tpNivelJerarquico  FROM TB_Usuarios  WHERE TB_Usuarios.dsUsuario = 'RETORNO'  AND  TB_Usuarios.flEliminar = 0    
29/06/2017 23:06:20 | Exec sco_DiccionariodeDatos @nmtabla_param='sp_obtenerCajasPendientesdeAprobacion_v2_5'
29/06/2017 23:06:20 | Exec sp_obtenerCajasPendientesdeAprobacion_v2_5 @pdsUsuario_param = 'RETORNO' 
29/06/2017 23:06:20 | Exec sco_DiccionariodeDatos @nmtabla_param='TB_Parametros'
29/06/2017 23:06:20 |  SELECT TB_Parametros.vlParametro  FROM TB_Parametros  WHERE TB_Parametros.dsParametro = 'VALOR EURO'    
29/06/2017 23:06:20 |  SELECT TB_Parametros.vlParametro  FROM TB_Parametros  WHERE TB_Parametros.dsParametro = 'VALOR DOLAR'    
29/06/2017 23:06:20 | Exec SP_ValorPromoRetorno
29/06/2017 23:06:20 | Exec sco_DiccionariodeDatos @nmtabla_param='TB_Comisiones'
29/06/2017 23:06:20 |  SELECT TB_Comisiones.vlMontoMinimo  FROM TB_Comisiones  WHERE TB_Comisiones.tpComision = 'Retorno'  AND  TB_Comisiones.flEliminar = 0    
29/06/2017 23:06:20 |  SELECT TB_Parametros.vlParametro  FROM TB_Parametros  WHERE TB_Parametros.dsParametro = 'VALOR REAL'    
29/06/2017 23:06:20 | Exec sco_validarVencimientosCAI_v4_1
29/06/2017 23:06:20 | Exec sco_DiccionariodeDatos @nmtabla_param='sco_AccesosOpcionesMenu'
29/06/2017 23:06:20 | Exec sco_AccesosOpcionesMenu @p_tpNivelAcceso = 'Administracion de Retornos' ,@p_operaconcaja = 1 
29/06/2017 23:06:20 | Exec sco_AccesosOpcionesMenu @p_tpNivelAcceso = 'Administracion de Retornos' ,@p_operaconcaja = 1 
29/06/2017 23:06:28 | Exec  sp_obtiene_falta_compensar_v4_2 
29/06/2017 23:06:28 | Exec  SP_TB_Cupones_Qry_v3_9 @dtCupon_desde_param='29-06-2017 00:00:00.000',@dtCupon_hasta_param='29-06-2017 23:59:59.000',@nrLicencia_param=0,@flAnulado_param=0,@flCompensado_param=0,@flNoPagados_param=0,@flAgrupado=0,@vlMontoCupon_param=0,@flIVA=0
29/06/2017 23:06:35 | Exec sco_AccesosOpcionesMenu @p_tpNivelAcceso = 'Administracion de Retornos' ,@p_operaconcaja = 1 
29/06/2017 23:06:44 | Exec  sco_TB_Productos_v4_1 
29/06/2017 23:06:44 | Exec sco_DiccionariodeDatos @nmtabla_param='TB_Usuarios'
29/06/2017 23:06:48 |  SELECT TB_Usuarios.dsUsuario ,TB_Usuarios.dspassword ,TB_Usuarios.tpAcceso ,TB_Usuarios.nmNombre ,TB_Usuarios.nmApellido ,TB_Usuarios.flBloqueado ,TB_Usuarios.tpNivelJerarquico  FROM TB_Usuarios  WHERE TB_Usuarios.dsUsuario = 'RETORNO'  AND  TB_Usuarios.flEliminar = 0    
29/06/2017 23:06:48 |  SELECT TB_Usuarios.dsUsuario ,TB_Usuarios.dspassword ,TB_Usuarios.tpAcceso ,TB_Usuarios.nmNombre ,TB_Usuarios.nmApellido ,TB_Usuarios.flBloqueado ,TB_Usuarios.tpNivelJerarquico  FROM TB_Usuarios  WHERE TB_Usuarios.dsUsuario = 'RETORNO'  AND  TB_Usuarios.flEliminar = 0    
29/06/2017 23:06:48 | Exec sco_DiccionariodeDatos @nmtabla_param='sp_obtenerCajasPendientesdeAprobacion_v2_5'
29/06/2017 23:06:48 | Exec sp_obtenerCajasPendientesdeAprobacion_v2_5 @pdsUsuario_param = 'RETORNO' 
29/06/2017 23:06:48 | Exec sco_DiccionariodeDatos @nmtabla_param='TB_Parametros'
29/06/2017 23:06:48 |  SELECT TB_Parametros.vlParametro  FROM TB_Parametros  WHERE TB_Parametros.dsParametro = 'VALOR EURO'    
29/06/2017 23:06:48 |  SELECT TB_Parametros.vlParametro  FROM TB_Parametros  WHERE TB_Parametros.dsParametro = 'VALOR DOLAR'    
29/06/2017 23:06:48 | Exec SP_ValorPromoRetorno
29/06/2017 23:06:48 | Exec sco_DiccionariodeDatos @nmtabla_param='TB_Comisiones'
29/06/2017 23:06:48 |  SELECT TB_Comisiones.vlMontoMinimo  FROM TB_Comisiones  WHERE TB_Comisiones.tpComision = 'Retorno'  AND  TB_Comisiones.flEliminar = 0    
29/06/2017 23:06:48 |  SELECT TB_Parametros.vlParametro  FROM TB_Parametros  WHERE TB_Parametros.dsParametro = 'VALOR REAL'    
29/06/2017 23:06:48 | Exec sco_validarVencimientosCAI_v4_1
29/06/2017 23:06:48 | Exec sco_DiccionariodeDatos @nmtabla_param='sco_AccesosOpcionesMenu'
29/06/2017 23:06:48 | Exec sco_AccesosOpcionesMenu @p_tpNivelAcceso = 'Administracion de Retornos' ,@p_operaconcaja = 1 
29/06/2017 23:06:48 | Exec sco_AccesosOpcionesMenu @p_tpNivelAcceso = 'Administracion de Retornos' ,@p_operaconcaja = 1 
29/06/2017 23:06:51 | Exec  sp_obtiene_falta_compensar_v4_2 
29/06/2017 23:07:24 | Exec  SP_TB_Cupones_Qry_v3_9 @dtCupon_desde_param='29-06-2017 00:00:00.000',@dtCupon_hasta_param='29-06-2017 23:59:59.000',@nrLicencia_param=0,@flAnulado_param=0,@flCompensado_param=0,@flNoPagados_param=0,@flAgrupado=0,@vlMontoCupon_param=0,@flIVA=0
29/06/2017 23:07:36 | Exec sco_AccesosOpcionesMenu @p_tpNivelAcceso = 'Administracion de Retornos' ,@p_operaconcaja = 1 
