26/11/2017 20:03:08 |  SELECT TB_Puestos.nrPuesto ,TB_Puestos.dsPuesto  FROM TB_Puestos   
26/11/2017 20:03:09 |  SELECT TB_Puestos.nrPuesto ,TB_Puestos.dsPuesto  FROM TB_Puestos  WHERE TB_Puestos.nrPuesto = 1    
26/11/2017 20:03:16 | Exec  sco_TB_Productos_v4_1 
26/11/2017 20:03:22 | Exec sco_DiccionariodeDatos @nmtabla_param='TB_Usuarios'
26/11/2017 20:03:33 |  SELECT TB_Usuarios.dsUsuario ,TB_Usuarios.dspassword ,TB_Usuarios.tpAcceso ,TB_Usuarios.nmNombre ,TB_Usuarios.nmApellido ,TB_Usuarios.flBloqueado ,TB_Usuarios.tpNivelJerarquico  FROM TB_Usuarios  WHERE TB_Usuarios.dsUsuario = 'BFAZZALARI'  AND  TB_Usuarios.flEliminar = 0    
26/11/2017 20:03:33 |  SELECT TB_Usuarios.dsUsuario ,TB_Usuarios.dspassword ,TB_Usuarios.tpAcceso ,TB_Usuarios.nmNombre ,TB_Usuarios.nmApellido ,TB_Usuarios.flBloqueado ,TB_Usuarios.tpNivelJerarquico  FROM TB_Usuarios  WHERE TB_Usuarios.dsUsuario = 'BFAZZALARI'  AND  TB_Usuarios.flEliminar = 0    
26/11/2017 20:03:34 | Exec sco_DiccionariodeDatos @nmtabla_param='sp_obtenerCajasPendientesdeAprobacion_v2_5'
26/11/2017 20:03:35 | Exec sp_obtenerCajasPendientesdeAprobacion_v2_5 @pdsUsuario_param = 'BFAZZALARI' 
26/11/2017 20:03:40 | Exec sp_obtenerCajasRechazadas_v2_9 
26/11/2017 20:03:40 | Exec sco_DiccionariodeDatos @nmtabla_param='TB_Parametros'
26/11/2017 20:03:45 |  SELECT TB_Parametros.vlParametro  FROM TB_Parametros  WHERE TB_Parametros.dsParametro = 'VALOR EURO'    
26/11/2017 20:03:46 |  SELECT TB_Parametros.vlParametro  FROM TB_Parametros  WHERE TB_Parametros.dsParametro = 'VALOR DOLAR'    
26/11/2017 20:03:47 | Exec SP_ValorPromoRetorno
26/11/2017 20:03:48 | Exec sco_DiccionariodeDatos @nmtabla_param='TB_Comisiones'
26/11/2017 20:03:53 |  SELECT TB_Comisiones.vlMontoMinimo  FROM TB_Comisiones  WHERE TB_Comisiones.tpComision = 'Retorno'  AND  TB_Comisiones.flEliminar = 0    
26/11/2017 20:03:54 |  SELECT TB_Parametros.vlParametro  FROM TB_Parametros  WHERE TB_Parametros.dsParametro = 'VALOR REAL'    
26/11/2017 20:03:54 | Exec sco_DiccionariodeDatos @nmtabla_param='TB_Cajas'
26/11/2017 20:04:25 |  SELECT TB_Cajas.nrCaja  FROM TB_Cajas  WHERE TB_Cajas.dsUsuario = 'BFAZZALARI'  and  TB_Cajas.flEstado = 0  and  TB_Cajas.tpEstadoAprobacion IS NULL  and  TB_Cajas.nrcaja > 0    
26/11/2017 20:05:04 | Exec sco_DiccionariodeDatos @nmtabla_param='sco_AccesosOpcionesMenu'
26/11/2017 20:05:06 | Exec sco_AccesosOpcionesMenu @p_tpNivelAcceso = 'Puestos' ,@p_operaconcaja = 1 
26/11/2017 20:05:07 | Exec sco_AccesosOpcionesMenu @p_tpNivelAcceso = 'Puestos' ,@p_operaconcaja = 1 
26/11/2017 20:05:11 | Exec sco_DiccionariodeDatos @nmtabla_param='sco_cajapuesto_v3_9'
26/11/2017 20:05:13 | Exec sco_cajapuesto_v3_9 @nrCaja_param = 1000000003 
26/11/2017 20:05:13 |  SELECT tb_parametros.dsParametro ,tb_parametros.vlParametro ,tb_parametros.tpParametro ,tb_parametros.flEditable ,tb_parametros.nrTamanio ,tb_parametros.dtActualizacion  FROM tb_parametros  WHERE tb_parametros.dsParametro = 'PORC_RECARGO_TD'    
26/11/2017 20:05:14 |  SELECT tb_parametros.dsParametro ,tb_parametros.vlParametro ,tb_parametros.tpParametro ,tb_parametros.flEditable ,tb_parametros.nrTamanio ,tb_parametros.dtActualizacion  FROM tb_parametros  WHERE tb_parametros.dsParametro = 'PORC_RECARGO_TC'    
26/11/2017 20:05:15 |  SELECT tb_parametros.dsParametro ,tb_parametros.vlParametro ,tb_parametros.tpParametro ,tb_parametros.flEditable ,tb_parametros.nrTamanio ,tb_parametros.dtActualizacion  FROM tb_parametros  WHERE tb_parametros.dsParametro = 'PORC_RECARGO_TP'    
26/11/2017 20:05:15 | Exec sco_DiccionariodeDatos @nmtabla_param='TB_Comprobantes'
26/11/2017 20:05:48 | Exec sco_DiccionariodeDatos @nmtabla_param='spu_obtener_puntosdeventa_facturacion_v4_9_71'
26/11/2017 20:05:51 | Exec spu_obtener_puntosdeventa_facturacion_v4_9_71 @nrPuesto_param = 1 ,@tipo_iva = 'CF' ,@auto_impresor = 'S' ,@tpFormadePago = null ,@tpComprobante = 'FA' 
26/11/2017 20:05:52 | Exec spu_obtener_puntosdeventa_facturacion_v4_9_71 @nrPuesto_param = 1 ,@tipo_iva = 'CF' ,@auto_impresor = 'S' ,@tpFormadePago = null ,@tpComprobante = 'FA' 
26/11/2017 20:05:52 | Exec spu_obtener_puntosdeventa_facturacion_v4_9_71 @nrPuesto_param = 1 ,@tipo_iva = 'CF' ,@auto_impresor = 'S' ,@tpFormadePago = null ,@tpComprobante = 'FA' 
26/11/2017 20:05:53 | Exec sco_DiccionariodeDatos @nmtabla_param='TB_Productos'
26/11/2017 20:06:15 |  SELECT tb_parametros.dsParametro ,tb_parametros.vlParametro ,tb_parametros.tpParametro ,tb_parametros.flEditable ,tb_parametros.nrTamanio ,tb_parametros.dtActualizacion  FROM tb_parametros  WHERE tb_parametros.dsParametro = 'PORC_RECARGO_TD'    
26/11/2017 20:06:16 |  SELECT tb_parametros.dsParametro ,tb_parametros.vlParametro ,tb_parametros.tpParametro ,tb_parametros.flEditable ,tb_parametros.nrTamanio ,tb_parametros.dtActualizacion  FROM tb_parametros  WHERE tb_parametros.dsParametro = 'PORC_RECARGO_TC'    
26/11/2017 20:06:16 |  SELECT tb_parametros.dsParametro ,tb_parametros.vlParametro ,tb_parametros.tpParametro ,tb_parametros.flEditable ,tb_parametros.nrTamanio ,tb_parametros.dtActualizacion  FROM tb_parametros  WHERE tb_parametros.dsParametro = 'PORC_RECARGO_TP'    
26/11/2017 20:06:17 | Exec sco_DiccionariodeDatos @nmtabla_param='SP_Supera_KM_IVA_segunMonto_2_0'
26/11/2017 20:06:19 | Exec SP_Supera_KM_IVA_segunMonto_2_0 @tpCategoriaIVA_param = 'CF' ,@vlKilometros_param = 0 ,@vlMonto_param = 490 
26/11/2017 20:06:20 | Exec SP_Supera_KM_IVA_segunMonto_2_0 @tpCategoriaIVA_param = 'CF' ,@vlKilometros_param = 0 ,@vlMonto_param = 490 
26/11/2017 20:06:20 | Exec SP_Supera_KM_IVA_segunMonto_2_0 @tpCategoriaIVA_param = 'CF' ,@vlKilometros_param = 0 ,@vlMonto_param = 490 
26/11/2017 20:06:30 | Exec sco_DiccionariodeDatos @nmtabla_param='TB_Proveedores'
26/11/2017 20:06:46 |  SELECT TB_Proveedores.nmNombre ,TB_Proveedores.nmApellido  FROM TB_Proveedores  WHERE TB_Proveedores.tpCategoria = 'Licenciatario'  AND  TB_Proveedores.nrLicencia = 124  AND  TB_Proveedores.flEliminar = 0    
26/11/2017 20:06:52 |  SELECT tb_parametros.dsParametro ,tb_parametros.vlParametro ,tb_parametros.tpParametro ,tb_parametros.flEditable ,tb_parametros.nrTamanio ,tb_parametros.dtActualizacion  FROM tb_parametros  WHERE tb_parametros.dsParametro = 'CALCULA_IVA_LIC_990'    
26/11/2017 20:06:56 | Exec SP_Supera_KM_IVA_segunMonto_2_0 @tpCategoriaIVA_param = 'CF' ,@vlKilometros_param = 0 ,@vlMonto_param = 490 
26/11/2017 20:06:56 |  SELECT tb_parametros.dsParametro ,tb_parametros.vlParametro ,tb_parametros.tpParametro ,tb_parametros.flEditable ,tb_parametros.nrTamanio ,tb_parametros.dtActualizacion  FROM tb_parametros  WHERE tb_parametros.dsParametro = 'MONTO_EXIGE_CUIT_CUIL'    
26/11/2017 20:06:57 |  SELECT TB_Cajas.nrCaja  FROM TB_Cajas  WHERE TB_Cajas.nrCaja = 1000000003  AND  TB_Cajas.flEstado = 0    
26/11/2017 20:07:01 | Exec sco_DiccionariodeDatos @nmtabla_param='sp_eliminarFisicamenteunComprobanteEliminadoLogicamente_v2_5'
26/11/2017 20:07:03 | Exec sp_eliminarFisicamenteunComprobanteEliminadoLogicamente_v2_5 @nrTalonario_param = '0006' ,@nrComprobante_param = '00633618' ,@tpComprobante_param = 'FA' ,@tpLetra_param = 'B' 
26/11/2017 20:07:03 | Exec spu_obtener_puntosdeventa_facturacion_v4_9_71 @nrPuesto_param = 1 ,@tipo_iva = 'CF' ,@auto_impresor = 'S' ,@tpFormadePago = null ,@tpComprobante = 'FA' 
26/11/2017 20:07:04 |  INSERT TB_Comprobantes (nrComprobante ,nrTalonario ,vlPagoReales ,nrDoc ,tpLetra ,cdCliente ,dsRazonSocial ,vlTotalGeneral ,dsLeyenda ,vlPagoEuros ,nmEmpleado ,nrPuesto ,nrCaja ,nrLicencia ,nrBultos ,nrPasajeros ,tpComprobante ,vlPagoDolares ,vlPagoPesos ,nmLicenciatario ,dtComprobante ,dsEmail ,vlSubtotal ,vlIVA ,cdCondVenta ,tpComision ,tpIVA ,dsOpcional3 ,cdCodBar ,dtCaja ,dtInsercion ,dsOpcional1 ,nrCAI ,dtVencimiento ,vlDiaDolar ,vlDiaEuro ,vlDiaReal ,dsOpcional2 ,dsUsuario ,flSincronizado ,flManual ,nrTarjeta ,tpDocTarjeta ,nrDocTarjeta )  VALUES ('00633618' ,'0006' ,0.00 ,null ,'B' ,1 ,'Consumidor Final' ,490.00 ,null ,0.00 ,'BARBARA FAZZALARI' ,1 ,1000000003 ,124 ,null ,1 ,'FA' ,0.00 ,490.00 ,'GILIBERTI PASCUAL' ,'26/11/2017' ,null ,490.00 ,0.00 ,'Contado' ,'A Clientes' ,'CF' ,'307082499190100063506310668186316012019' ,'000600633618124' ,'26/11/2017 20:07:03' ,'26/11/2017 20:07:03' ,'20:07' ,'35063106681863' ,'16/01/2019' ,9.1 ,10 ,3.21 ,'COUNTRY SAN ELISEO- SAN VICENTE  (1 DESTINO) ' ,'BFAZZALARI' ,0 ,'N' ,null ,null ,null )
26/11/2017 20:07:04 | Exec sco_DiccionariodeDatos @nmtabla_param='DiccionariodeDatos'
26/11/2017 20:07:09 |  UPDATE DiccionariodeDatos SET DiccionariodeDatos.vlPuesto1  = '633618'   WHERE DiccionariodeDatos.nmTabla = 'TB_Comprobantes'  AND  DiccionariodeDatos.nmCampo = 'nrComprobante'  
26/11/2017 20:07:09 | Exec sco_DiccionariodeDatos @nmtabla_param='TB_ComprobantesDetalle'
26/11/2017 20:07:21 |  INSERT TB_ComprobantesDetalle (nrTalonario ,nrComprobante ,tpComprobante ,tpLetra ,nrItem ,cdProducto ,dsProducto ,tpOperacion ,vlPorcentaje ,vlPrecioPeaje ,vlKilometros ,vlPrecioViaje ,vlPrecioTC ,vlPrecioTD ,vlRecargoTC ,vlRecargoTD ,vlRecargoTP ,vlPrecioTP ,dtInsercion ,flSincronizado ,nrCaja ,nrPuesto )  VALUES ('0006' ,'00633618' ,'FA' ,'B' ,1 ,90012 ,'COUNTRY SAN ELISEO- SAN VICENTE  (1 DESTINO) ' ,'Viaje' ,null ,0 ,0 ,490 ,'533' ,'532' ,'43' ,'42' ,'43' ,'533' ,'26/11/2017' ,0 ,1000000003 ,1 )
26/11/2017 20:07:21 | Exec sco_DiccionariodeDatos @nmtabla_param='sp_obtenerComision_v4_7'
26/11/2017 20:07:24 | Exec sp_obtenerComision_v4_7 @tpComprobante_param = 'FA' ,@vlTotalGeneral_param = 490 ,@tpComision_param = 'A Clientes' ,@tpCliente_param = 'A Clientes' ,@dsCodigoDestinos_param = '''Viaje'',null,490' 
26/11/2017 20:07:25 | Exec sco_DiccionariodeDatos @nmtabla_param='TB_Cupones'
26/11/2017 20:07:53 | Exec SP_ObtenerMaxnrCupon_v2_7 
26/11/2017 20:07:54 |  INSERT TB_Cupones (nrTalonarioCliente ,nrComprabanteCliente ,tpComprobanteCliente ,tpLetraCliente ,cdCliente ,nrPuesto ,nrLicencia ,nmLicenciatario ,vlMontoCupon ,vlPagoPesos ,vlPagoDolares ,vlPagoEuros ,vlPagoReales ,nrCantidadBultos ,tpCupon ,dsDestino ,dsHoraViaje ,dsLeyenda ,flCobradoalCliente ,dtCobradoalCliente ,flCompensado ,vlaFavordelLicenciatario ,vlafavorAdmin ,vlComision ,dtCajaCliente ,nrCajaCliente ,dtCupon ,dsUsuario ,nrPasajeros ,flSincronizado ,vlIVA ,vlSubtotal ,cdCodBar ,nrCupon ,nrTarjeta ,tpDocTarjeta ,nrDocTarjeta ,vlRecargoTarjeta )  VALUES ('0006' ,'00633618' ,'FA' ,'B' ,1 ,1 ,124 ,'GILIBERTI PASCUAL' ,490.00 ,490.00 ,0.00 ,0.00 ,0.00 ,null ,'Contado' ,'COUNTRY SAN ELISEO- SAN VICENTE  (1 DESTINO) ' ,'20:07' ,null ,1 ,'26/11/2017 20:07:53' ,0 ,454 ,0 ,36 ,'26/11/2017 20:07:53' ,1000000003 ,'26/11/2017 20:07:53' ,'BFAZZALARI' ,1 ,0 ,0.00 ,490.00 ,'000600633618124' ,4 ,null ,null ,null ,0 )
26/11/2017 20:07:54 |  UPDATE DiccionariodeDatos SET DiccionariodeDatos.vlPuesto1  = '4'   WHERE DiccionariodeDatos.nmTabla = 'TB_Cupones'  AND  DiccionariodeDatos.nmCampo = 'nrCupon'  
26/11/2017 20:07:54 |  SELECT TB_Cajas.vlSaldoFinalPesos ,TB_Cajas.vlSaldoFinalDolares ,TB_Cajas.vlSaldoFinalEuros ,TB_Cajas.vlSaldoFinalReales  FROM TB_Cajas  WHERE TB_Cajas.nrCaja = 1000000003    
26/11/2017 20:07:55 |  UPDATE TB_Cajas SET TB_Cajas.vlSaldoFinalPesos  = 1490 ,TB_Cajas.vlSaldoFinalDolares  = 300 ,TB_Cajas.vlSaldoFinalReales  = 200 ,TB_Cajas.vlSaldoFinalEuros  = 50   WHERE TB_Cajas.nrCaja = 1000000003  
26/11/2017 20:07:55 | Exec sco_DiccionariodeDatos @nmtabla_param='spu_actualizar_puntosdeventa_facturacion_v4_9_71'
26/11/2017 20:07:59 | Exec spu_actualizar_puntosdeventa_facturacion_v4_9_71 @nrPuesto_param = 1 ,@tipo_iva = 'CF' ,@auto_impresor = 'S' ,@tpFormadePago = null ,@tpComprobante = 'FA' ,@nrComprobante = 633618 
26/11/2017 20:08:00 | Exec sco_DiccionariodeDatos @nmtabla_param='SP_PrepararReimpresiondeComprobante_v4_9'
26/11/2017 20:08:03 | Exec SP_PrepararReimpresiondeComprobante_v4_9 @nrTalonario = '0006' ,@nrComprobante = '00633618' ,@tpComprobante = 'FA' ,@tpLetra = 'B' ,@dsUsuario = 'BFAZZALARI' 
26/11/2017 20:08:14 | Exec sco_DiccionariodeDatos @nmtabla_param='SP_eliminarTablasImpresion_v4_7'
26/11/2017 20:08:15 | Exec SP_eliminarTablasImpresion_v4_7 @dsUsuario = 'BFAZZALARI' 
26/11/2017 20:08:16 | Exec spu_obtener_puntosdeventa_facturacion_v4_9_71 @nrPuesto_param = 1 ,@tipo_iva = 'CF' ,@auto_impresor = 'S' ,@tpFormadePago = null ,@tpComprobante = 'FA' 
26/11/2017 20:08:17 | Exec spu_obtener_puntosdeventa_facturacion_v4_9_71 @nrPuesto_param = 1 ,@tipo_iva = 'CF' ,@auto_impresor = 'S' ,@tpFormadePago = null ,@tpComprobante = 'FA' 
26/11/2017 20:08:24 |  SELECT tb_parametros.dsParametro ,tb_parametros.vlParametro ,tb_parametros.tpParametro ,tb_parametros.flEditable ,tb_parametros.nrTamanio ,tb_parametros.dtActualizacion  FROM tb_parametros  WHERE tb_parametros.dsParametro = 'PORC_RECARGO_TD'    
26/11/2017 20:08:25 |  SELECT tb_parametros.dsParametro ,tb_parametros.vlParametro ,tb_parametros.tpParametro ,tb_parametros.flEditable ,tb_parametros.nrTamanio ,tb_parametros.dtActualizacion  FROM tb_parametros  WHERE tb_parametros.dsParametro = 'PORC_RECARGO_TC'    
26/11/2017 20:08:25 |  SELECT tb_parametros.dsParametro ,tb_parametros.vlParametro ,tb_parametros.tpParametro ,tb_parametros.flEditable ,tb_parametros.nrTamanio ,tb_parametros.dtActualizacion  FROM tb_parametros  WHERE tb_parametros.dsParametro = 'PORC_RECARGO_TP'    
26/11/2017 20:08:26 | Exec SP_Supera_KM_IVA_segunMonto_2_0 @tpCategoriaIVA_param = 'CF' ,@vlKilometros_param = 0 ,@vlMonto_param = 770 
26/11/2017 20:08:27 | Exec SP_Supera_KM_IVA_segunMonto_2_0 @tpCategoriaIVA_param = 'CF' ,@vlKilometros_param = 0 ,@vlMonto_param = 770 
26/11/2017 20:08:27 | Exec SP_Supera_KM_IVA_segunMonto_2_0 @tpCategoriaIVA_param = 'CF' ,@vlKilometros_param = 0 ,@vlMonto_param = 770 
26/11/2017 20:08:30 |  SELECT TB_Proveedores.nmNombre ,TB_Proveedores.nmApellido  FROM TB_Proveedores  WHERE TB_Proveedores.tpCategoria = 'Licenciatario'  AND  TB_Proveedores.nrLicencia = 123  AND  TB_Proveedores.flEliminar = 0    
26/11/2017 20:08:33 |  SELECT tb_parametros.dsParametro ,tb_parametros.vlParametro ,tb_parametros.tpParametro ,tb_parametros.flEditable ,tb_parametros.nrTamanio ,tb_parametros.dtActualizacion  FROM tb_parametros  WHERE tb_parametros.dsParametro = 'CALCULA_IVA_LIC_990'    
26/11/2017 20:08:34 | Exec SP_Supera_KM_IVA_segunMonto_2_0 @tpCategoriaIVA_param = 'CF' ,@vlKilometros_param = 0 ,@vlMonto_param = 770 
26/11/2017 20:08:35 |  SELECT tb_parametros.dsParametro ,tb_parametros.vlParametro ,tb_parametros.tpParametro ,tb_parametros.flEditable ,tb_parametros.nrTamanio ,tb_parametros.dtActualizacion  FROM tb_parametros  WHERE tb_parametros.dsParametro = 'MONTO_EXIGE_CUIT_CUIL'    
26/11/2017 20:08:35 |  SELECT TB_Cajas.nrCaja  FROM TB_Cajas  WHERE TB_Cajas.nrCaja = 1000000003  AND  TB_Cajas.flEstado = 0    
26/11/2017 20:08:39 | Exec sp_eliminarFisicamenteunComprobanteEliminadoLogicamente_v2_5 @nrTalonario_param = '0006' ,@nrComprobante_param = '00633619' ,@tpComprobante_param = 'FA' ,@tpLetra_param = 'B' 
26/11/2017 20:08:39 | Exec spu_obtener_puntosdeventa_facturacion_v4_9_71 @nrPuesto_param = 1 ,@tipo_iva = 'CF' ,@auto_impresor = 'S' ,@tpFormadePago = null ,@tpComprobante = 'FA' 
26/11/2017 20:08:39 |  INSERT TB_Comprobantes (nrComprobante ,nrTalonario ,vlPagoReales ,nrDoc ,tpLetra ,cdCliente ,dsRazonSocial ,vlTotalGeneral ,dsLeyenda ,vlPagoEuros ,nmEmpleado ,nrPuesto ,nrCaja ,nrLicencia ,nrBultos ,nrPasajeros ,tpComprobante ,vlPagoDolares ,vlPagoPesos ,nmLicenciatario ,dtComprobante ,dsEmail ,vlSubtotal ,vlIVA ,cdCondVenta ,tpComision ,tpIVA ,dsOpcional3 ,cdCodBar ,dtCaja ,dtInsercion ,dsOpcional1 ,nrCAI ,dtVencimiento ,vlDiaDolar ,vlDiaEuro ,vlDiaReal ,dsOpcional2 ,dsUsuario ,flSincronizado ,flManual ,nrTarjeta ,tpDocTarjeta ,nrDocTarjeta )  VALUES ('00633619' ,'0006' ,0.00 ,null ,'B' ,1 ,'Consumidor Final' ,770.00 ,null ,0.00 ,'BARBARA FAZZALARI' ,1 ,1000000003 ,123 ,null ,null ,'FA' ,0.00 ,770.00 ,'SUFFIA DIEGO ALEJANDRO' ,'26/11/2017' ,null ,770.00 ,0.00 ,'Contado' ,'A Clientes' ,'CF' ,'307082499190100063506310668186316012019' ,'000600633619123' ,'26/11/2017 20:08:39' ,'26/11/2017 20:08:39' ,'20:08' ,'35063106681863' ,'16/01/2019' ,9.1 ,10 ,3.21 ,'CRUCE ETCHEVERRY - LA PLATA  (1 DESTINO) ' ,'BFAZZALARI' ,0 ,'N' ,null ,null ,null )
26/11/2017 20:08:40 |  UPDATE DiccionariodeDatos SET DiccionariodeDatos.vlPuesto1  = '633619'   WHERE DiccionariodeDatos.nmTabla = 'TB_Comprobantes'  AND  DiccionariodeDatos.nmCampo = 'nrComprobante'  
26/11/2017 20:08:40 |  INSERT TB_ComprobantesDetalle (nrTalonario ,nrComprobante ,tpComprobante ,tpLetra ,nrItem ,cdProducto ,dsProducto ,tpOperacion ,vlPorcentaje ,vlPrecioPeaje ,vlKilometros ,vlPrecioViaje ,vlPrecioTC ,vlPrecioTD ,vlRecargoTC ,vlRecargoTD ,vlRecargoTP ,vlPrecioTP ,dtInsercion ,flSincronizado ,nrCaja ,nrPuesto )  VALUES ('0006' ,'00633619' ,'FA' ,'B' ,1 ,90094 ,'CRUCE ETCHEVERRY - LA PLATA  (1 DESTINO) ' ,'Viaje' ,null ,0 ,0 ,770 ,'837' ,'836' ,'67' ,'66' ,'67' ,'837' ,'26/11/2017' ,0 ,1000000003 ,1 )
26/11/2017 20:08:40 | Exec sp_obtenerComision_v4_7 @tpComprobante_param = 'FA' ,@vlTotalGeneral_param = 770 ,@tpComision_param = 'A Clientes' ,@tpCliente_param = 'A Clientes' ,@dsCodigoDestinos_param = '''Viaje'',null,770' 
26/11/2017 20:08:41 | Exec SP_ObtenerMaxnrCupon_v2_7 
26/11/2017 20:08:41 |  INSERT TB_Cupones (nrTalonarioCliente ,nrComprabanteCliente ,tpComprobanteCliente ,tpLetraCliente ,cdCliente ,nrPuesto ,nrLicencia ,nmLicenciatario ,vlMontoCupon ,vlPagoPesos ,vlPagoDolares ,vlPagoEuros ,vlPagoReales ,nrCantidadBultos ,tpCupon ,dsDestino ,dsHoraViaje ,dsLeyenda ,flCobradoalCliente ,dtCobradoalCliente ,flCompensado ,vlaFavordelLicenciatario ,vlafavorAdmin ,vlComision ,dtCajaCliente ,nrCajaCliente ,dtCupon ,dsUsuario ,nrPasajeros ,flSincronizado ,vlIVA ,vlSubtotal ,cdCodBar ,nrCupon ,nrTarjeta ,tpDocTarjeta ,nrDocTarjeta ,vlRecargoTarjeta )  VALUES ('0006' ,'00633619' ,'FA' ,'B' ,1 ,1 ,123 ,'SUFFIA DIEGO ALEJANDRO' ,770.00 ,770.00 ,0.00 ,0.00 ,0.00 ,null ,'Contado' ,'CRUCE ETCHEVERRY - LA PLATA  (1 DESTINO) ' ,'20:08' ,null ,1 ,'26/11/2017 20:08:40' ,0 ,734 ,0 ,36 ,'26/11/2017 20:08:40' ,1000000003 ,'26/11/2017 20:08:40' ,'BFAZZALARI' ,null ,0 ,0.00 ,770.00 ,'000600633619123' ,5 ,null ,null ,null ,0 )
26/11/2017 20:08:41 |  UPDATE DiccionariodeDatos SET DiccionariodeDatos.vlPuesto1  = '5'   WHERE DiccionariodeDatos.nmTabla = 'TB_Cupones'  AND  DiccionariodeDatos.nmCampo = 'nrCupon'  
26/11/2017 20:08:41 |  SELECT TB_Cajas.vlSaldoFinalPesos ,TB_Cajas.vlSaldoFinalDolares ,TB_Cajas.vlSaldoFinalEuros ,TB_Cajas.vlSaldoFinalReales  FROM TB_Cajas  WHERE TB_Cajas.nrCaja = 1000000003    
26/11/2017 20:08:42 |  UPDATE TB_Cajas SET TB_Cajas.vlSaldoFinalPesos  = 2260 ,TB_Cajas.vlSaldoFinalDolares  = 300 ,TB_Cajas.vlSaldoFinalReales  = 200 ,TB_Cajas.vlSaldoFinalEuros  = 50   WHERE TB_Cajas.nrCaja = 1000000003  
26/11/2017 20:08:43 | Exec spu_actualizar_puntosdeventa_facturacion_v4_9_71 @nrPuesto_param = 1 ,@tipo_iva = 'CF' ,@auto_impresor = 'S' ,@tpFormadePago = null ,@tpComprobante = 'FA' ,@nrComprobante = 633619 
26/11/2017 20:08:44 | Exec SP_PrepararReimpresiondeComprobante_v4_9 @nrTalonario = '0006' ,@nrComprobante = '00633619' ,@tpComprobante = 'FA' ,@tpLetra = 'B' ,@dsUsuario = 'BFAZZALARI' 
26/11/2017 20:09:04 | Exec SP_eliminarTablasImpresion_v4_7 @dsUsuario = 'BFAZZALARI' 
26/11/2017 20:09:04 | Exec spu_obtener_puntosdeventa_facturacion_v4_9_71 @nrPuesto_param = 1 ,@tipo_iva = 'CF' ,@auto_impresor = 'S' ,@tpFormadePago = null ,@tpComprobante = 'FA' 
26/11/2017 20:09:05 | Exec spu_obtener_puntosdeventa_facturacion_v4_9_71 @nrPuesto_param = 1 ,@tipo_iva = 'CF' ,@auto_impresor = 'S' ,@tpFormadePago = null ,@tpComprobante = 'FA' 
26/11/2017 20:09:15 |  SELECT tb_parametros.dsParametro ,tb_parametros.vlParametro ,tb_parametros.tpParametro ,tb_parametros.flEditable ,tb_parametros.nrTamanio ,tb_parametros.dtActualizacion  FROM tb_parametros  WHERE tb_parametros.dsParametro = 'PORC_RECARGO_TD'    
26/11/2017 20:09:16 |  SELECT tb_parametros.dsParametro ,tb_parametros.vlParametro ,tb_parametros.tpParametro ,tb_parametros.flEditable ,tb_parametros.nrTamanio ,tb_parametros.dtActualizacion  FROM tb_parametros  WHERE tb_parametros.dsParametro = 'PORC_RECARGO_TC'    
26/11/2017 20:09:16 |  SELECT tb_parametros.dsParametro ,tb_parametros.vlParametro ,tb_parametros.tpParametro ,tb_parametros.flEditable ,tb_parametros.nrTamanio ,tb_parametros.dtActualizacion  FROM tb_parametros  WHERE tb_parametros.dsParametro = 'PORC_RECARGO_TP'    
26/11/2017 20:09:17 | Exec SP_Supera_KM_IVA_segunMonto_2_0 @tpCategoriaIVA_param = 'CF' ,@vlKilometros_param = 0 ,@vlMonto_param = 490 
26/11/2017 20:09:18 | Exec SP_Supera_KM_IVA_segunMonto_2_0 @tpCategoriaIVA_param = 'CF' ,@vlKilometros_param = 0 ,@vlMonto_param = 490 
26/11/2017 20:09:18 | Exec SP_Supera_KM_IVA_segunMonto_2_0 @tpCategoriaIVA_param = 'CF' ,@vlKilometros_param = 0 ,@vlMonto_param = 490 
26/11/2017 20:09:37 |  SELECT TB_Proveedores.nmNombre ,TB_Proveedores.nmApellido  FROM TB_Proveedores  WHERE TB_Proveedores.tpCategoria = 'Licenciatario'  AND  TB_Proveedores.nrLicencia = 125  AND  TB_Proveedores.flEliminar = 0    
26/11/2017 20:09:42 |  SELECT tb_parametros.dsParametro ,tb_parametros.vlParametro ,tb_parametros.tpParametro ,tb_parametros.flEditable ,tb_parametros.nrTamanio ,tb_parametros.dtActualizacion  FROM tb_parametros  WHERE tb_parametros.dsParametro = 'CALCULA_IVA_LIC_990'    
26/11/2017 20:09:44 | Exec SP_Supera_KM_IVA_segunMonto_2_0 @tpCategoriaIVA_param = 'CF' ,@vlKilometros_param = 0 ,@vlMonto_param = 490 
26/11/2017 20:09:45 |  SELECT tb_parametros.dsParametro ,tb_parametros.vlParametro ,tb_parametros.tpParametro ,tb_parametros.flEditable ,tb_parametros.nrTamanio ,tb_parametros.dtActualizacion  FROM tb_parametros  WHERE tb_parametros.dsParametro = 'MONTO_EXIGE_CUIT_CUIL'    
26/11/2017 20:09:45 |  SELECT TB_Cajas.nrCaja  FROM TB_Cajas  WHERE TB_Cajas.nrCaja = 1000000003  AND  TB_Cajas.flEstado = 0    
26/11/2017 20:09:49 | Exec sp_eliminarFisicamenteunComprobanteEliminadoLogicamente_v2_5 @nrTalonario_param = '0006' ,@nrComprobante_param = '00633620' ,@tpComprobante_param = 'FA' ,@tpLetra_param = 'B' 
26/11/2017 20:09:49 | Exec spu_obtener_puntosdeventa_facturacion_v4_9_71 @nrPuesto_param = 1 ,@tipo_iva = 'CF' ,@auto_impresor = 'S' ,@tpFormadePago = null ,@tpComprobante = 'FA' 
26/11/2017 20:09:49 |  INSERT TB_Comprobantes (nrComprobante ,nrTalonario ,vlPagoReales ,nrDoc ,tpLetra ,cdCliente ,dsRazonSocial ,vlTotalGeneral ,dsLeyenda ,vlPagoEuros ,nmEmpleado ,nrPuesto ,nrCaja ,nrLicencia ,nrBultos ,nrPasajeros ,tpComprobante ,vlPagoDolares ,vlPagoPesos ,nmLicenciatario ,dtComprobante ,dsEmail ,vlSubtotal ,vlIVA ,cdCondVenta ,tpComision ,tpIVA ,dsOpcional3 ,cdCodBar ,dtCaja ,dtInsercion ,dsOpcional1 ,nrCAI ,dtVencimiento ,vlDiaDolar ,vlDiaEuro ,vlDiaReal ,dsOpcional2 ,dsUsuario ,flSincronizado ,flManual ,nrTarjeta ,tpDocTarjeta ,nrDocTarjeta )  VALUES ('00633620' ,'0006' ,0.00 ,null ,'B' ,1 ,'Consumidor Final' ,490.00 ,null ,0.00 ,'BARBARA FAZZALARI' ,1 ,1000000003 ,125 ,null ,null ,'FA' ,0.00 ,490.00 ,'YAÑEZ NORA INES' ,'26/11/2017' ,null ,490.00 ,0.00 ,'Contado' ,'A Clientes' ,'CF' ,'307082499190100063506310668186316012019' ,'000600633620125' ,'26/11/2017 20:09:49' ,'26/11/2017 20:09:49' ,'20:09' ,'35063106681863' ,'16/01/2019' ,9.1 ,10 ,3.21 ,'COUNTRY SAN ELISEO- SAN VICENTE  (1 DESTINO) ' ,'BFAZZALARI' ,0 ,'N' ,null ,null ,null )
26/11/2017 20:09:49 |  UPDATE DiccionariodeDatos SET DiccionariodeDatos.vlPuesto1  = '633620'   WHERE DiccionariodeDatos.nmTabla = 'TB_Comprobantes'  AND  DiccionariodeDatos.nmCampo = 'nrComprobante'  
26/11/2017 20:09:50 |  INSERT TB_ComprobantesDetalle (nrTalonario ,nrComprobante ,tpComprobante ,tpLetra ,nrItem ,cdProducto ,dsProducto ,tpOperacion ,vlPorcentaje ,vlPrecioPeaje ,vlKilometros ,vlPrecioViaje ,vlPrecioTC ,vlPrecioTD ,vlRecargoTC ,vlRecargoTD ,vlRecargoTP ,vlPrecioTP ,dtInsercion ,flSincronizado ,nrCaja ,nrPuesto )  VALUES ('0006' ,'00633620' ,'FA' ,'B' ,1 ,90012 ,'COUNTRY SAN ELISEO- SAN VICENTE  (1 DESTINO) ' ,'Viaje' ,null ,0 ,0 ,490 ,'533' ,'532' ,'43' ,'42' ,'43' ,'533' ,'26/11/2017' ,0 ,1000000003 ,1 )
26/11/2017 20:09:50 | Exec sp_obtenerComision_v4_7 @tpComprobante_param = 'FA' ,@vlTotalGeneral_param = 490 ,@tpComision_param = 'A Clientes' ,@tpCliente_param = 'A Clientes' ,@dsCodigoDestinos_param = '''Viaje'',null,490' 
26/11/2017 20:09:50 | Exec SP_ObtenerMaxnrCupon_v2_7 
26/11/2017 20:09:51 |  INSERT TB_Cupones (nrTalonarioCliente ,nrComprabanteCliente ,tpComprobanteCliente ,tpLetraCliente ,cdCliente ,nrPuesto ,nrLicencia ,nmLicenciatario ,vlMontoCupon ,vlPagoPesos ,vlPagoDolares ,vlPagoEuros ,vlPagoReales ,nrCantidadBultos ,tpCupon ,dsDestino ,dsHoraViaje ,dsLeyenda ,flCobradoalCliente ,dtCobradoalCliente ,flCompensado ,vlaFavordelLicenciatario ,vlafavorAdmin ,vlComision ,dtCajaCliente ,nrCajaCliente ,dtCupon ,dsUsuario ,nrPasajeros ,flSincronizado ,vlIVA ,vlSubtotal ,cdCodBar ,nrCupon ,nrTarjeta ,tpDocTarjeta ,nrDocTarjeta ,vlRecargoTarjeta )  VALUES ('0006' ,'00633620' ,'FA' ,'B' ,1 ,1 ,125 ,'YAÑEZ NORA INES' ,490.00 ,490.00 ,0.00 ,0.00 ,0.00 ,null ,'Contado' ,'COUNTRY SAN ELISEO- SAN VICENTE  (1 DESTINO) ' ,'20:09' ,null ,1 ,'26/11/2017 20:09:50' ,0 ,454 ,0 ,36 ,'26/11/2017 20:09:50' ,1000000003 ,'26/11/2017 20:09:50' ,'BFAZZALARI' ,null ,0 ,0.00 ,490.00 ,'000600633620125' ,6 ,null ,null ,null ,0 )
26/11/2017 20:09:51 |  UPDATE DiccionariodeDatos SET DiccionariodeDatos.vlPuesto1  = '6'   WHERE DiccionariodeDatos.nmTabla = 'TB_Cupones'  AND  DiccionariodeDatos.nmCampo = 'nrCupon'  
26/11/2017 20:09:51 |  SELECT TB_Cajas.vlSaldoFinalPesos ,TB_Cajas.vlSaldoFinalDolares ,TB_Cajas.vlSaldoFinalEuros ,TB_Cajas.vlSaldoFinalReales  FROM TB_Cajas  WHERE TB_Cajas.nrCaja = 1000000003    
26/11/2017 20:09:52 |  UPDATE TB_Cajas SET TB_Cajas.vlSaldoFinalPesos  = 2750 ,TB_Cajas.vlSaldoFinalDolares  = 300 ,TB_Cajas.vlSaldoFinalReales  = 200 ,TB_Cajas.vlSaldoFinalEuros  = 50   WHERE TB_Cajas.nrCaja = 1000000003  
26/11/2017 20:09:53 | Exec spu_actualizar_puntosdeventa_facturacion_v4_9_71 @nrPuesto_param = 1 ,@tipo_iva = 'CF' ,@auto_impresor = 'S' ,@tpFormadePago = null ,@tpComprobante = 'FA' ,@nrComprobante = 633620 
26/11/2017 20:09:54 | Exec SP_PrepararReimpresiondeComprobante_v4_9 @nrTalonario = '0006' ,@nrComprobante = '00633620' ,@tpComprobante = 'FA' ,@tpLetra = 'B' ,@dsUsuario = 'BFAZZALARI' 
26/11/2017 20:10:05 | Exec SP_eliminarTablasImpresion_v4_7 @dsUsuario = 'BFAZZALARI' 
26/11/2017 20:10:06 | Exec spu_obtener_puntosdeventa_facturacion_v4_9_71 @nrPuesto_param = 1 ,@tipo_iva = 'CF' ,@auto_impresor = 'S' ,@tpFormadePago = null ,@tpComprobante = 'FA' 
26/11/2017 20:10:06 | Exec spu_obtener_puntosdeventa_facturacion_v4_9_71 @nrPuesto_param = 1 ,@tipo_iva = 'CF' ,@auto_impresor = 'S' ,@tpFormadePago = null ,@tpComprobante = 'FA' 
26/11/2017 20:10:07 | Exec sco_AccesosOpcionesMenu @p_tpNivelAcceso = 'Puestos' ,@p_operaconcaja = 1 
26/11/2017 20:10:12 |  SELECT TB_Comprobantes.dtComprobante ,TB_Comprobantes.nrComprobante ,TB_Comprobantes.cdCliente ,TB_Comprobantes.cdCodBar ,TB_Comprobantes.nrLicencia ,TB_Comprobantes.nrPuesto ,TB_Comprobantes.nrTalonario ,TB_Comprobantes.tpComprobante ,TB_Comprobantes.nrCaja ,TB_Comprobantes.cdCondVenta ,TB_Comprobantes.nrDoc ,TB_Comprobantes.dsRazonSocial ,TB_Comprobantes.nmLicenciatario ,TB_Comprobantes.dsUsuario ,TB_Comprobantes.dsDomicilio ,TB_Comprobantes.flManual ,TB_Comprobantes.tpComprobante ,TB_Comprobantes.tpLetra  FROM TB_Comprobantes  WHERE  nrComprobante Like ('%%%') AND TB_Comprobantes.nrCaja = 1000000003  AND  TB_Comprobantes.flEliminar = 0  AND  TB_Comprobantes.dtComprobante >= '26/11/2017 00:00:00'  AND  TB_Comprobantes.dtComprobante <= '26/11/2017 23:59:59'     Order by TB_Comprobantes.nrComprobante ASC 
26/11/2017 20:10:13 |  SELECT TB_Comprobantes.dsLeyenda ,TB_Comprobantes.tpLetra ,TB_Comprobantes.vlTotalGeneral ,TB_Comprobantes.vlPagoEuros ,TB_Comprobantes.vlPagoPesos ,TB_Comprobantes.tpMoneda ,TB_Comprobantes.dsDomicilio ,TB_Comprobantes.nmLocalidad ,TB_Comprobantes.dsEmail ,TB_Comprobantes.cdPostal ,TB_Comprobantes.dtVencimiento ,TB_Comprobantes.nrBultos ,TB_Comprobantes.nrPasajeros ,TB_Comprobantes.vlPagoDolares ,TB_Comprobantes.nrTel ,TB_Comprobantes.vlDiaEuro ,TB_Comprobantes.cdCliente ,TB_Comprobantes.nrTalonario ,TB_Comprobantes.dtComprobante ,TB_Comprobantes.nrComprobante ,TB_Comprobantes.cdCodBar ,TB_Comprobantes.tpComprobante ,TB_Comprobantes.nrCaja ,TB_Comprobantes.cdCondVenta ,TB_Comprobantes.nrDoc ,TB_Comprobantes.dsRazonSocial ,TB_Comprobantes.nrLicencia ,TB_Comprobantes.nmLicenciatario ,TB_Comprobantes.dsUsuario ,TB_Comprobantes.nrPuesto ,TB_Comprobantes.nmApellido ,TB_Comprobantes.nmNombre ,TB_Comprobantes.dsOpcional3 ,TB_Comprobantes.flAnulado ,TB_Comprobantes.flManual ,TB_Comprobantes.vlPagoReales  FROM TB_Comprobantes  WHERE TB_Comprobantes.nrComprobante = '00633618    '  AND  TB_Comprobantes.nrTalonario = '0006'  AND  TB_Comprobantes.nrCaja = 1000000003  AND  TB_Comprobantes.tpLetra = 'B'  AND  TB_Comprobantes.tpComprobante = 'FA'  AND  TB_Comprobantes.flEliminar = 0    
26/11/2017 20:10:14 |  SELECT TB_ComprobantesDetalle.nrItem ,TB_ComprobantesDetalle.cdProducto ,TB_ComprobantesDetalle.dsProducto ,TB_ComprobantesDetalle.vlPrecioViaje ,TB_ComprobantesDetalle.vlTotalItem  FROM TB_ComprobantesDetalle  WHERE TB_ComprobantesDetalle.nrTalonario = '0006'  AND  TB_ComprobantesDetalle.nrComprobante = '00633618'  AND  TB_ComprobantesDetalle.tpComprobante = 'FA'  AND  TB_ComprobantesDetalle.tpLetra = 'B'    
26/11/2017 20:10:16 | Exec sco_AccesosOpcionesMenu @p_tpNivelAcceso = 'Puestos' ,@p_operaconcaja = 1 
26/11/2017 20:10:19 | Exec sco_cajapuesto_v3_9 @nrCaja_param = 1000000003 
26/11/2017 20:10:19 |  SELECT tb_parametros.dsParametro ,tb_parametros.vlParametro ,tb_parametros.tpParametro ,tb_parametros.flEditable ,tb_parametros.nrTamanio ,tb_parametros.dtActualizacion  FROM tb_parametros  WHERE tb_parametros.dsParametro = 'PORC_RECARGO_TD'    
26/11/2017 20:10:20 |  SELECT tb_parametros.dsParametro ,tb_parametros.vlParametro ,tb_parametros.tpParametro ,tb_parametros.flEditable ,tb_parametros.nrTamanio ,tb_parametros.dtActualizacion  FROM tb_parametros  WHERE tb_parametros.dsParametro = 'PORC_RECARGO_TC'    
26/11/2017 20:10:20 |  SELECT tb_parametros.dsParametro ,tb_parametros.vlParametro ,tb_parametros.tpParametro ,tb_parametros.flEditable ,tb_parametros.nrTamanio ,tb_parametros.dtActualizacion  FROM tb_parametros  WHERE tb_parametros.dsParametro = 'PORC_RECARGO_TP'    
26/11/2017 20:10:21 | Exec spu_obtener_puntosdeventa_facturacion_v4_9_71 @nrPuesto_param = 1 ,@tipo_iva = 'CF' ,@auto_impresor = 'S' ,@tpFormadePago = null ,@tpComprobante = 'FA' 
26/11/2017 20:10:22 | Exec spu_obtener_puntosdeventa_facturacion_v4_9_71 @nrPuesto_param = 1 ,@tipo_iva = 'CF' ,@auto_impresor = 'S' ,@tpFormadePago = null ,@tpComprobante = 'FA' 
26/11/2017 20:10:22 | Exec spu_obtener_puntosdeventa_facturacion_v4_9_71 @nrPuesto_param = 1 ,@tipo_iva = 'CF' ,@auto_impresor = 'S' ,@tpFormadePago = null ,@tpComprobante = 'FA' 
26/11/2017 20:10:24 | Exec sco_AccesosOpcionesMenu @p_tpNivelAcceso = 'Puestos' ,@p_operaconcaja = 1 
26/11/2017 20:10:34 |  SELECT TB_Comprobantes.dtComprobante ,TB_Comprobantes.nrComprobante ,TB_Comprobantes.cdCliente ,TB_Comprobantes.cdCodBar ,TB_Comprobantes.nrLicencia ,TB_Comprobantes.nrPuesto ,TB_Comprobantes.nrTalonario ,TB_Comprobantes.tpComprobante ,TB_Comprobantes.nrCaja ,TB_Comprobantes.cdCondVenta ,TB_Comprobantes.nrDoc ,TB_Comprobantes.dsRazonSocial ,TB_Comprobantes.nmLicenciatario ,TB_Comprobantes.dsUsuario ,TB_Comprobantes.dsDomicilio ,TB_Comprobantes.tpComprobante ,TB_Comprobantes.tpLetra ,TB_Comprobantes.flManual  FROM TB_Comprobantes  WHERE  nrComprobante Like ('%%%') AND TB_Comprobantes.flAnulado = 0  AND  TB_Comprobantes.nrCaja = 1000000003  AND  TB_Comprobantes.flEliminar = 0  AND  TB_Comprobantes.dtComprobante >= '26/11/2017 00:00:00'  AND  TB_Comprobantes.dtComprobante <= '26/11/2017 23:59:59'     Order by TB_Comprobantes.nrComprobante ASC 
26/11/2017 20:10:36 |  SELECT TB_Comprobantes.dsLeyenda ,TB_Comprobantes.tpLetra ,TB_Comprobantes.vlTotalGeneral ,TB_Comprobantes.vlPagoEuros ,TB_Comprobantes.vlPagoPesos ,TB_Comprobantes.tpMoneda ,TB_Comprobantes.dsDomicilio ,TB_Comprobantes.nmLocalidad ,TB_Comprobantes.dsEmail ,TB_Comprobantes.cdPostal ,TB_Comprobantes.dtVencimiento ,TB_Comprobantes.nrBultos ,TB_Comprobantes.nrPasajeros ,TB_Comprobantes.vlPagoDolares ,TB_Comprobantes.nrTel ,TB_Comprobantes.vlDiaEuro ,TB_Comprobantes.cdCliente ,TB_Comprobantes.nrTalonario ,TB_Comprobantes.dtComprobante ,TB_Comprobantes.nrComprobante ,TB_Comprobantes.cdCodBar ,TB_Comprobantes.tpComprobante ,TB_Comprobantes.nrCaja ,TB_Comprobantes.cdCondVenta ,TB_Comprobantes.nrDoc ,TB_Comprobantes.dsRazonSocial ,TB_Comprobantes.nrLicencia ,TB_Comprobantes.nmLicenciatario ,TB_Comprobantes.dsUsuario ,TB_Comprobantes.nrPuesto ,TB_Comprobantes.nmApellido ,TB_Comprobantes.nmNombre ,TB_Comprobantes.dsOpcional3 ,TB_Comprobantes.IdReciboCtaCte ,TB_Comprobantes.flAnulado ,TB_Comprobantes.flManual ,TB_Comprobantes.vlPagoReales  FROM TB_Comprobantes  WHERE TB_Comprobantes.nrComprobante = '00633619    '  AND  TB_Comprobantes.nrTalonario = '0006'  AND  TB_Comprobantes.nrCaja = 1000000003  AND  TB_Comprobantes.tpLetra = 'B'  AND  TB_Comprobantes.tpComprobante = 'FA'  AND  TB_Comprobantes.flEliminar = 0    
26/11/2017 20:10:36 |  SELECT TB_ComprobantesDetalle.nrItem ,TB_ComprobantesDetalle.cdProducto ,TB_ComprobantesDetalle.dsProducto ,TB_ComprobantesDetalle.vlPrecioViaje ,TB_ComprobantesDetalle.vlTotalItem  FROM TB_ComprobantesDetalle  WHERE TB_ComprobantesDetalle.nrTalonario = '0006'  AND  TB_ComprobantesDetalle.nrComprobante = '00633619'  AND  TB_ComprobantesDetalle.tpComprobante = 'FA'  AND  TB_ComprobantesDetalle.tpLetra = 'B'    
26/11/2017 20:10:39 | Exec sco_AccesosOpcionesMenu @p_tpNivelAcceso = 'Puestos' ,@p_operaconcaja = 1 
26/11/2017 20:10:40 | Exec sco_cajapuesto_v3_9 @nrCaja_param = 1000000003 
26/11/2017 20:10:41 |  SELECT tb_parametros.dsParametro ,tb_parametros.vlParametro ,tb_parametros.tpParametro ,tb_parametros.flEditable ,tb_parametros.nrTamanio ,tb_parametros.dtActualizacion  FROM tb_parametros  WHERE tb_parametros.dsParametro = 'PORC_RECARGO_TD'    
26/11/2017 20:10:41 |  SELECT tb_parametros.dsParametro ,tb_parametros.vlParametro ,tb_parametros.tpParametro ,tb_parametros.flEditable ,tb_parametros.nrTamanio ,tb_parametros.dtActualizacion  FROM tb_parametros  WHERE tb_parametros.dsParametro = 'PORC_RECARGO_TC'    
26/11/2017 20:10:42 |  SELECT tb_parametros.dsParametro ,tb_parametros.vlParametro ,tb_parametros.tpParametro ,tb_parametros.flEditable ,tb_parametros.nrTamanio ,tb_parametros.dtActualizacion  FROM tb_parametros  WHERE tb_parametros.dsParametro = 'PORC_RECARGO_TP'    
26/11/2017 20:10:43 | Exec spu_obtener_puntosdeventa_facturacion_v4_9_71 @nrPuesto_param = 1 ,@tipo_iva = 'CF' ,@auto_impresor = 'S' ,@tpFormadePago = null ,@tpComprobante = 'FA' 
26/11/2017 20:10:43 | Exec spu_obtener_puntosdeventa_facturacion_v4_9_71 @nrPuesto_param = 1 ,@tipo_iva = 'CF' ,@auto_impresor = 'S' ,@tpFormadePago = null ,@tpComprobante = 'FA' 
26/11/2017 20:10:44 | Exec spu_obtener_puntosdeventa_facturacion_v4_9_71 @nrPuesto_param = 1 ,@tipo_iva = 'CF' ,@auto_impresor = 'S' ,@tpFormadePago = null ,@tpComprobante = 'FA' 
26/11/2017 20:10:50 |  SELECT tb_parametros.dsParametro ,tb_parametros.vlParametro ,tb_parametros.tpParametro ,tb_parametros.flEditable ,tb_parametros.nrTamanio ,tb_parametros.dtActualizacion  FROM tb_parametros  WHERE tb_parametros.dsParametro = 'PORC_RECARGO_TD'    
26/11/2017 20:10:51 |  SELECT tb_parametros.dsParametro ,tb_parametros.vlParametro ,tb_parametros.tpParametro ,tb_parametros.flEditable ,tb_parametros.nrTamanio ,tb_parametros.dtActualizacion  FROM tb_parametros  WHERE tb_parametros.dsParametro = 'PORC_RECARGO_TC'    
26/11/2017 20:10:52 |  SELECT tb_parametros.dsParametro ,tb_parametros.vlParametro ,tb_parametros.tpParametro ,tb_parametros.flEditable ,tb_parametros.nrTamanio ,tb_parametros.dtActualizacion  FROM tb_parametros  WHERE tb_parametros.dsParametro = 'PORC_RECARGO_TP'    
26/11/2017 20:10:52 | Exec SP_Supera_KM_IVA_segunMonto_2_0 @tpCategoriaIVA_param = 'CF' ,@vlKilometros_param = 0 ,@vlMonto_param = 210 
26/11/2017 20:10:53 | Exec SP_Supera_KM_IVA_segunMonto_2_0 @tpCategoriaIVA_param = 'CF' ,@vlKilometros_param = 0 ,@vlMonto_param = 210 
26/11/2017 20:10:53 | Exec SP_Supera_KM_IVA_segunMonto_2_0 @tpCategoriaIVA_param = 'CF' ,@vlKilometros_param = 0 ,@vlMonto_param = 210 
26/11/2017 20:10:55 | Exec sco_AccesosOpcionesMenu @p_tpNivelAcceso = 'Puestos' ,@p_operaconcaja = 1 
26/11/2017 20:11:04 | Exec sco_DiccionariodeDatos @nmtabla_param='VW_CajasPuestos_v2_5'
26/11/2017 20:11:20 |  SELECT VW_CajasPuestos_v2_5.nrCaja ,VW_CajasPuestos_v2_5.dtApertura ,VW_CajasPuestos_v2_5.dtCierre ,VW_CajasPuestos_v2_5.nrPuesto ,VW_CajasPuestos_v2_5.dsUsuario ,VW_CajasPuestos_v2_5.vlDiferenciaDeCierre ,VW_CajasPuestos_v2_5.dsUsuario ,VW_CajasPuestos_v2_5.vlSaldoInicialPesos ,VW_CajasPuestos_v2_5.vlSaldoFinalPesos ,VW_CajasPuestos_v2_5.flSincronizado ,VW_CajasPuestos_v2_5.tpEstadoAprobacion  FROM VW_CajasPuestos_v2_5  WHERE VW_CajasPuestos_v2_5.tpAcceso = 'Puestos' AND VW_CajasPuestos_v2_5.dtApertura >= '11/11/2017 00:00:00'  AND  VW_CajasPuestos_v2_5.dtApertura <= '26/11/2017 23:59:59'  AND   nrCaja Like ('%%%') AND VW_CajasPuestos_v2_5.dsUsuario = 'BFAZZALARI'     Order by VW_CajasPuestos_v2_5.dtApertura DESC 
26/11/2017 20:11:23 | Exec sco_AccesosOpcionesMenu @p_tpNivelAcceso = 'Puestos' ,@p_operaconcaja = 1 
26/11/2017 20:11:41 |  SELECT TB_Comprobantes.dtComprobante ,TB_Comprobantes.nrComprobante ,TB_Comprobantes.cdCliente ,TB_Comprobantes.cdCodBar ,TB_Comprobantes.nrLicencia ,TB_Comprobantes.nrPuesto ,TB_Comprobantes.nrTalonario ,TB_Comprobantes.tpComprobante ,TB_Comprobantes.nrCaja ,TB_Comprobantes.cdCondVenta ,TB_Comprobantes.nrDoc ,TB_Comprobantes.dsRazonSocial ,TB_Comprobantes.nmLicenciatario ,TB_Comprobantes.dsUsuario ,TB_Comprobantes.dsDomicilio ,TB_Comprobantes.flManual ,TB_Comprobantes.tpComprobante ,TB_Comprobantes.tpLetra  FROM TB_Comprobantes  WHERE  nrComprobante Like ('%%%') AND TB_Comprobantes.nrCaja = 1000000003  AND  TB_Comprobantes.flEliminar = 0  AND  TB_Comprobantes.dtComprobante >= '26/11/2017 00:00:00'  AND  TB_Comprobantes.dtComprobante <= '26/11/2017 23:59:59'     Order by TB_Comprobantes.nrComprobante ASC 
26/11/2017 20:11:43 |  SELECT TB_Comprobantes.dsLeyenda ,TB_Comprobantes.tpLetra ,TB_Comprobantes.vlTotalGeneral ,TB_Comprobantes.vlPagoEuros ,TB_Comprobantes.vlPagoPesos ,TB_Comprobantes.tpMoneda ,TB_Comprobantes.dsDomicilio ,TB_Comprobantes.nmLocalidad ,TB_Comprobantes.dsEmail ,TB_Comprobantes.cdPostal ,TB_Comprobantes.dtVencimiento ,TB_Comprobantes.nrBultos ,TB_Comprobantes.nrPasajeros ,TB_Comprobantes.vlPagoDolares ,TB_Comprobantes.nrTel ,TB_Comprobantes.vlDiaEuro ,TB_Comprobantes.cdCliente ,TB_Comprobantes.nrTalonario ,TB_Comprobantes.dtComprobante ,TB_Comprobantes.nrComprobante ,TB_Comprobantes.cdCodBar ,TB_Comprobantes.tpComprobante ,TB_Comprobantes.nrCaja ,TB_Comprobantes.cdCondVenta ,TB_Comprobantes.nrDoc ,TB_Comprobantes.dsRazonSocial ,TB_Comprobantes.nrLicencia ,TB_Comprobantes.nmLicenciatario ,TB_Comprobantes.dsUsuario ,TB_Comprobantes.nrPuesto ,TB_Comprobantes.nmApellido ,TB_Comprobantes.nmNombre ,TB_Comprobantes.dsOpcional3 ,TB_Comprobantes.flAnulado ,TB_Comprobantes.flManual ,TB_Comprobantes.vlPagoReales  FROM TB_Comprobantes  WHERE TB_Comprobantes.nrComprobante = '00633619    '  AND  TB_Comprobantes.nrTalonario = '0006'  AND  TB_Comprobantes.nrCaja = 1000000003  AND  TB_Comprobantes.tpLetra = 'B'  AND  TB_Comprobantes.tpComprobante = 'FA'  AND  TB_Comprobantes.flEliminar = 0    
26/11/2017 20:11:43 |  SELECT TB_ComprobantesDetalle.nrItem ,TB_ComprobantesDetalle.cdProducto ,TB_ComprobantesDetalle.dsProducto ,TB_ComprobantesDetalle.vlPrecioViaje ,TB_ComprobantesDetalle.vlTotalItem  FROM TB_ComprobantesDetalle  WHERE TB_ComprobantesDetalle.nrTalonario = '0006'  AND  TB_ComprobantesDetalle.nrComprobante = '00633619'  AND  TB_ComprobantesDetalle.tpComprobante = 'FA'  AND  TB_ComprobantesDetalle.tpLetra = 'B'    
26/11/2017 20:11:48 | Exec sco_AccesosOpcionesMenu @p_tpNivelAcceso = 'Puestos' ,@p_operaconcaja = 1 
26/11/2017 20:12:18 |  SELECT TB_Comprobantes.dtComprobante ,TB_Comprobantes.nrComprobante ,TB_Comprobantes.cdCliente ,TB_Comprobantes.cdCodBar ,TB_Comprobantes.nrLicencia ,TB_Comprobantes.nrPuesto ,TB_Comprobantes.nrTalonario ,TB_Comprobantes.tpComprobante ,TB_Comprobantes.nrCaja ,TB_Comprobantes.cdCondVenta ,TB_Comprobantes.nrDoc ,TB_Comprobantes.dsRazonSocial ,TB_Comprobantes.nmLicenciatario ,TB_Comprobantes.dsUsuario ,TB_Comprobantes.dsDomicilio ,TB_Comprobantes.flManual ,TB_Comprobantes.tpComprobante ,TB_Comprobantes.tpLetra  FROM TB_Comprobantes  WHERE  nrComprobante Like ('%%%') AND TB_Comprobantes.nrCaja = 1000000003  AND  TB_Comprobantes.flEliminar = 0  AND  TB_Comprobantes.dtComprobante >= '26/11/2017 00:00:00'  AND  TB_Comprobantes.dtComprobante <= '26/11/2017 23:59:59'     Order by TB_Comprobantes.nrComprobante ASC 
26/11/2017 20:12:21 |  SELECT TB_Comprobantes.dsLeyenda ,TB_Comprobantes.tpLetra ,TB_Comprobantes.vlTotalGeneral ,TB_Comprobantes.vlPagoEuros ,TB_Comprobantes.vlPagoPesos ,TB_Comprobantes.tpMoneda ,TB_Comprobantes.dsDomicilio ,TB_Comprobantes.nmLocalidad ,TB_Comprobantes.dsEmail ,TB_Comprobantes.cdPostal ,TB_Comprobantes.dtVencimiento ,TB_Comprobantes.nrBultos ,TB_Comprobantes.nrPasajeros ,TB_Comprobantes.vlPagoDolares ,TB_Comprobantes.nrTel ,TB_Comprobantes.vlDiaEuro ,TB_Comprobantes.cdCliente ,TB_Comprobantes.nrTalonario ,TB_Comprobantes.dtComprobante ,TB_Comprobantes.nrComprobante ,TB_Comprobantes.cdCodBar ,TB_Comprobantes.tpComprobante ,TB_Comprobantes.nrCaja ,TB_Comprobantes.cdCondVenta ,TB_Comprobantes.nrDoc ,TB_Comprobantes.dsRazonSocial ,TB_Comprobantes.nrLicencia ,TB_Comprobantes.nmLicenciatario ,TB_Comprobantes.dsUsuario ,TB_Comprobantes.nrPuesto ,TB_Comprobantes.nmApellido ,TB_Comprobantes.nmNombre ,TB_Comprobantes.dsOpcional3 ,TB_Comprobantes.flAnulado ,TB_Comprobantes.flManual ,TB_Comprobantes.vlPagoReales  FROM TB_Comprobantes  WHERE TB_Comprobantes.nrComprobante = '00633619    '  AND  TB_Comprobantes.nrTalonario = '0006'  AND  TB_Comprobantes.nrCaja = 1000000003  AND  TB_Comprobantes.tpLetra = 'B'  AND  TB_Comprobantes.tpComprobante = 'FA'  AND  TB_Comprobantes.flEliminar = 0    
26/11/2017 20:12:22 |  SELECT TB_ComprobantesDetalle.nrItem ,TB_ComprobantesDetalle.cdProducto ,TB_ComprobantesDetalle.dsProducto ,TB_ComprobantesDetalle.vlPrecioViaje ,TB_ComprobantesDetalle.vlTotalItem  FROM TB_ComprobantesDetalle  WHERE TB_ComprobantesDetalle.nrTalonario = '0006'  AND  TB_ComprobantesDetalle.nrComprobante = '00633619'  AND  TB_ComprobantesDetalle.tpComprobante = 'FA'  AND  TB_ComprobantesDetalle.tpLetra = 'B'    
26/11/2017 20:12:27 |  SELECT TB_Comprobantes.dsLeyenda ,TB_Comprobantes.tpLetra ,TB_Comprobantes.vlTotalGeneral ,TB_Comprobantes.vlPagoEuros ,TB_Comprobantes.vlPagoPesos ,TB_Comprobantes.tpMoneda ,TB_Comprobantes.dsDomicilio ,TB_Comprobantes.nmLocalidad ,TB_Comprobantes.dsEmail ,TB_Comprobantes.cdPostal ,TB_Comprobantes.dtVencimiento ,TB_Comprobantes.nrBultos ,TB_Comprobantes.nrPasajeros ,TB_Comprobantes.vlPagoDolares ,TB_Comprobantes.nrTel ,TB_Comprobantes.vlDiaEuro ,TB_Comprobantes.cdCliente ,TB_Comprobantes.nrTalonario ,TB_Comprobantes.dtComprobante ,TB_Comprobantes.nrComprobante ,TB_Comprobantes.cdCodBar ,TB_Comprobantes.tpComprobante ,TB_Comprobantes.nrCaja ,TB_Comprobantes.cdCondVenta ,TB_Comprobantes.nrDoc ,TB_Comprobantes.dsRazonSocial ,TB_Comprobantes.nrLicencia ,TB_Comprobantes.nmLicenciatario ,TB_Comprobantes.dsUsuario ,TB_Comprobantes.nrPuesto ,TB_Comprobantes.nmApellido ,TB_Comprobantes.nmNombre ,TB_Comprobantes.dsOpcional3 ,TB_Comprobantes.flAnulado ,TB_Comprobantes.flManual ,TB_Comprobantes.vlPagoReales  FROM TB_Comprobantes  WHERE TB_Comprobantes.nrComprobante = '00633620    '  AND  TB_Comprobantes.nrTalonario = '0006'  AND  TB_Comprobantes.nrCaja = 1000000003  AND  TB_Comprobantes.tpLetra = 'B'  AND  TB_Comprobantes.tpComprobante = 'FA'  AND  TB_Comprobantes.flEliminar = 0    
26/11/2017 20:12:27 |  SELECT TB_ComprobantesDetalle.nrItem ,TB_ComprobantesDetalle.cdProducto ,TB_ComprobantesDetalle.dsProducto ,TB_ComprobantesDetalle.vlPrecioViaje ,TB_ComprobantesDetalle.vlTotalItem  FROM TB_ComprobantesDetalle  WHERE TB_ComprobantesDetalle.nrTalonario = '0006'  AND  TB_ComprobantesDetalle.nrComprobante = '00633620'  AND  TB_ComprobantesDetalle.tpComprobante = 'FA'  AND  TB_ComprobantesDetalle.tpLetra = 'B'    
26/11/2017 20:13:50 |  SELECT TB_Comprobantes.dsLeyenda ,TB_Comprobantes.tpLetra ,TB_Comprobantes.vlTotalGeneral ,TB_Comprobantes.vlPagoEuros ,TB_Comprobantes.vlPagoPesos ,TB_Comprobantes.tpMoneda ,TB_Comprobantes.dsDomicilio ,TB_Comprobantes.nmLocalidad ,TB_Comprobantes.dsEmail ,TB_Comprobantes.cdPostal ,TB_Comprobantes.dtVencimiento ,TB_Comprobantes.nrBultos ,TB_Comprobantes.nrPasajeros ,TB_Comprobantes.vlPagoDolares ,TB_Comprobantes.nrTel ,TB_Comprobantes.vlDiaEuro ,TB_Comprobantes.cdCliente ,TB_Comprobantes.nrTalonario ,TB_Comprobantes.dtComprobante ,TB_Comprobantes.nrComprobante ,TB_Comprobantes.cdCodBar ,TB_Comprobantes.tpComprobante ,TB_Comprobantes.nrCaja ,TB_Comprobantes.cdCondVenta ,TB_Comprobantes.nrDoc ,TB_Comprobantes.dsRazonSocial ,TB_Comprobantes.nrLicencia ,TB_Comprobantes.nmLicenciatario ,TB_Comprobantes.dsUsuario ,TB_Comprobantes.nrPuesto ,TB_Comprobantes.nmApellido ,TB_Comprobantes.nmNombre ,TB_Comprobantes.dsOpcional3 ,TB_Comprobantes.flAnulado ,TB_Comprobantes.flManual ,TB_Comprobantes.vlPagoReales  FROM TB_Comprobantes  WHERE TB_Comprobantes.nrComprobante = '00633619    '  AND  TB_Comprobantes.nrTalonario = '0006'  AND  TB_Comprobantes.nrCaja = 1000000003  AND  TB_Comprobantes.tpLetra = 'B'  AND  TB_Comprobantes.tpComprobante = 'FA'  AND  TB_Comprobantes.flEliminar = 0    
26/11/2017 20:13:51 |  SELECT TB_ComprobantesDetalle.nrItem ,TB_ComprobantesDetalle.cdProducto ,TB_ComprobantesDetalle.dsProducto ,TB_ComprobantesDetalle.vlPrecioViaje ,TB_ComprobantesDetalle.vlTotalItem  FROM TB_ComprobantesDetalle  WHERE TB_ComprobantesDetalle.nrTalonario = '0006'  AND  TB_ComprobantesDetalle.nrComprobante = '00633619'  AND  TB_ComprobantesDetalle.tpComprobante = 'FA'  AND  TB_ComprobantesDetalle.tpLetra = 'B'    
26/11/2017 20:13:58 | Exec sco_AccesosOpcionesMenu @p_tpNivelAcceso = 'Puestos' ,@p_operaconcaja = 1 
26/11/2017 20:14:02 | Exec sco_cajapuesto_v3_9 @nrCaja_param = 1000000003 
26/11/2017 20:14:02 |  SELECT tb_parametros.dsParametro ,tb_parametros.vlParametro ,tb_parametros.tpParametro ,tb_parametros.flEditable ,tb_parametros.nrTamanio ,tb_parametros.dtActualizacion  FROM tb_parametros  WHERE tb_parametros.dsParametro = 'PORC_RECARGO_TD'    
26/11/2017 20:14:03 |  SELECT tb_parametros.dsParametro ,tb_parametros.vlParametro ,tb_parametros.tpParametro ,tb_parametros.flEditable ,tb_parametros.nrTamanio ,tb_parametros.dtActualizacion  FROM tb_parametros  WHERE tb_parametros.dsParametro = 'PORC_RECARGO_TC'    
26/11/2017 20:14:04 |  SELECT tb_parametros.dsParametro ,tb_parametros.vlParametro ,tb_parametros.tpParametro ,tb_parametros.flEditable ,tb_parametros.nrTamanio ,tb_parametros.dtActualizacion  FROM tb_parametros  WHERE tb_parametros.dsParametro = 'PORC_RECARGO_TP'    
26/11/2017 20:14:04 | Exec spu_obtener_puntosdeventa_facturacion_v4_9_71 @nrPuesto_param = 1 ,@tipo_iva = 'CF' ,@auto_impresor = 'S' ,@tpFormadePago = null ,@tpComprobante = 'FA' 
26/11/2017 20:14:05 | Exec spu_obtener_puntosdeventa_facturacion_v4_9_71 @nrPuesto_param = 1 ,@tipo_iva = 'CF' ,@auto_impresor = 'S' ,@tpFormadePago = null ,@tpComprobante = 'FA' 
26/11/2017 20:14:05 | Exec spu_obtener_puntosdeventa_facturacion_v4_9_71 @nrPuesto_param = 1 ,@tipo_iva = 'CF' ,@auto_impresor = 'S' ,@tpFormadePago = null ,@tpComprobante = 'FA' 
26/11/2017 20:14:23 | Exec sco_AccesosOpcionesMenu @p_tpNivelAcceso = 'Puestos' ,@p_operaconcaja = 1 
