22/08/2017 16:33:28 | Exec sco_DiccionariodeDatos @nmtabla_param='TB_Puestos'
22/08/2017 16:33:28 |  SELECT TB_Puestos.nrPuesto ,TB_Puestos.dsPuesto  FROM TB_Puestos   
22/08/2017 16:33:28 |  SELECT TB_Puestos.nrPuesto ,TB_Puestos.dsPuesto  FROM TB_Puestos  WHERE TB_Puestos.nrPuesto = 9    
22/08/2017 16:33:35 | Exec sco_DiccionariodeDatos @nmtabla_param='TB_Puestos'
22/08/2017 16:33:35 |  SELECT TB_Puestos.nrPuesto ,TB_Puestos.dsPuesto  FROM TB_Puestos   
22/08/2017 16:33:35 |  SELECT TB_Puestos.nrPuesto ,TB_Puestos.dsPuesto  FROM TB_Puestos  WHERE TB_Puestos.nrPuesto = 9    
22/08/2017 16:33:38 | Exec  sco_TB_Productos_v4_1 
22/08/2017 16:33:38 | Exec sco_DiccionariodeDatos @nmtabla_param='TB_Usuarios'
22/08/2017 16:33:42 |  SELECT TB_Usuarios.dsUsuario ,TB_Usuarios.dspassword ,TB_Usuarios.tpAcceso ,TB_Usuarios.nmNombre ,TB_Usuarios.nmApellido ,TB_Usuarios.flBloqueado ,TB_Usuarios.tpNivelJerarquico  FROM TB_Usuarios  WHERE TB_Usuarios.dsUsuario = 'CAMILAP'  AND  TB_Usuarios.flEliminar = 0    
22/08/2017 16:33:42 |  SELECT TB_Usuarios.dsUsuario ,TB_Usuarios.dspassword ,TB_Usuarios.tpAcceso ,TB_Usuarios.nmNombre ,TB_Usuarios.nmApellido ,TB_Usuarios.flBloqueado ,TB_Usuarios.tpNivelJerarquico  FROM TB_Usuarios  WHERE TB_Usuarios.dsUsuario = 'CAMILAP'  AND  TB_Usuarios.flEliminar = 0    
22/08/2017 16:33:42 | Exec sco_DiccionariodeDatos @nmtabla_param='sp_obtenerCajasPendientesdeAprobacion_v2_5'
22/08/2017 16:33:42 | Exec sp_obtenerCajasPendientesdeAprobacion_v2_5 @pdsUsuario_param = 'CAMILAP' 
22/08/2017 16:33:43 | Exec sp_obtenerCajasRechazadas_v2_9 
22/08/2017 16:33:43 | Exec sco_DiccionariodeDatos @nmtabla_param='TB_Parametros'
22/08/2017 16:33:43 |  SELECT TB_Parametros.vlParametro  FROM TB_Parametros  WHERE TB_Parametros.dsParametro = 'VALOR EURO'    
22/08/2017 16:33:43 |  SELECT TB_Parametros.vlParametro  FROM TB_Parametros  WHERE TB_Parametros.dsParametro = 'VALOR DOLAR'    
22/08/2017 16:33:43 | Exec SP_ValorPromoRetorno
22/08/2017 16:33:43 | Exec sco_DiccionariodeDatos @nmtabla_param='TB_Comisiones'
22/08/2017 16:33:43 |  SELECT TB_Comisiones.vlMontoMinimo  FROM TB_Comisiones  WHERE TB_Comisiones.tpComision = 'Retorno'  AND  TB_Comisiones.flEliminar = 0    
22/08/2017 16:33:43 |  SELECT TB_Parametros.vlParametro  FROM TB_Parametros  WHERE TB_Parametros.dsParametro = 'VALOR REAL'    
22/08/2017 16:33:43 | Exec sco_DiccionariodeDatos @nmtabla_param='TB_Cajas'
22/08/2017 16:33:47 |  SELECT TB_Cajas.nrCaja  FROM TB_Cajas  WHERE TB_Cajas.dsUsuario = 'CAMILAP'  and  TB_Cajas.flEstado = 0  and  TB_Cajas.tpEstadoAprobacion IS NULL  and  TB_Cajas.nrcaja > 0    
22/08/2017 16:33:48 |  SELECT TB_Cajas.nrCaja ,TB_Cajas.vlTotalSaldoFinal ,TB_Cajas.nrPuesto ,TB_Cajas.dsUsuario ,TB_Cajas.vlSaldoInicialPesos ,TB_Cajas.dtApertura ,TB_Cajas.dtCierre ,TB_Cajas.vlDiaDolar ,TB_Cajas.vlDiaEuro ,TB_Cajas.vlSaldoInicialEuros ,TB_Cajas.vlSaldoInicialDolares ,TB_Cajas.vlSaldoFinalRealPesos ,TB_Cajas.vlTotalSaldoInicial ,TB_Cajas.dtObservacion ,TB_Cajas.vlCierrePesos ,TB_Cajas.vlSaldoFinalRealDolares ,TB_Cajas.vlSaldoFinalRealEuros ,TB_Cajas.vlTotalSaldoFinalReal ,TB_Cajas.vlCierreDolares ,TB_Cajas.vlCierreEuros ,TB_Cajas.dsObservacion ,TB_Cajas.vlDiaReal ,TB_Cajas.flEstado  FROM TB_Cajas  WHERE TB_Cajas.nrCaja = 9000004252    
22/08/2017 16:33:48 | Exec sco_DiccionariodeDatos @nmtabla_param='SP_SumaCajaADM_v2_9'
22/08/2017 16:33:49 | Exec SP_SumaCajaADM_v2_9 @nrCaja_param = 9000004252 ,@tpCaja_param = 'CA' ,@tpCajaImputacion_param = null 
22/08/2017 16:33:49 |  UPDATE TB_Cajas SET TB_Cajas.vlSaldoFinalRealPesos  = 1541648.00 ,TB_Cajas.vlSaldoFinalRealEuros  = 0.00 ,TB_Cajas.vlSaldoFinalRealDolares  = 0.00 ,TB_Cajas.vlCierrePesos  = 0 ,TB_Cajas.vlCierreDolares  = 0 ,TB_Cajas.vlCierreEuros  = 0   WHERE TB_Cajas.nrCaja = 9000004252  
22/08/2017 16:33:51 |  UPDATE TB_Cajas SET TB_Cajas.nrCaja  = 9000004252 ,TB_Cajas.vlTotalSaldoFinal  = 0.00 ,TB_Cajas.nrPuesto  = 9 ,TB_Cajas.dsUsuario  = 'CAMILAP' ,TB_Cajas.vlSaldoInicialPesos  = 1541648.00 ,TB_Cajas.dtApertura  = '04/04/2017 17:52:50' ,TB_Cajas.dtCierre  = null ,TB_Cajas.vlDiaDolar  = 14.60 ,TB_Cajas.vlDiaEuro  = 15.60 ,TB_Cajas.vlSaldoInicialEuros  = 0.00 ,TB_Cajas.vlSaldoInicialDolares  = 0.00 ,TB_Cajas.vlSaldoFinalRealPesos  = 1541648.00 ,TB_Cajas.vlTotalSaldoInicial  = 1541648.00 ,TB_Cajas.dtObservacion  = '22/08/2017 16:33:50' ,TB_Cajas.vlCierrePesos  = 0 ,TB_Cajas.vlSaldoFinalRealDolares  = 0.00 ,TB_Cajas.vlSaldoFinalRealEuros  = 0.00 ,TB_Cajas.vlTotalSaldoFinalReal  = 1541648.00 ,TB_Cajas.vlCierreDolares  = 0 ,TB_Cajas.vlCierreEuros  = 0 ,TB_Cajas.dsObservacion  = null ,TB_Cajas.vlDiaReal  = 4.33 ,TB_Cajas.flCajaAdm  = 1   WHERE TB_Cajas.nrCaja = 9000004252  
22/08/2017 16:33:51 | Exec sco_DiccionariodeDatos @nmtabla_param='VW_UltimaCajaAdm'
22/08/2017 16:33:51 |  SELECT VW_UltimaCajaAdm.nrCaja ,VW_UltimaCajaAdm.vlSaldoFinalRealPesos ,VW_UltimaCajaAdm.vlSaldoFinalRealEuros ,VW_UltimaCajaAdm.vlSaldoFinalRealDolares  FROM VW_UltimaCajaAdm   
22/08/2017 16:33:51 |  SELECT TB_Cajas.nrCaja  FROM TB_Cajas  WHERE TB_Cajas.nrCaja = 9000004252  AND  TB_Cajas.flEstado = 0    
22/08/2017 16:33:51 | Exec sco_DiccionariodeDatos @nmtabla_param='sco_cajapuesto_v3_9'
22/08/2017 16:33:51 | Exec sco_cajapuesto_v3_9 @nrCaja_param = 9000004251 
22/08/2017 16:33:51 | Exec sco_cajapuesto_v3_9 @nrCaja_param = 9000004252 
22/08/2017 16:33:51 | Exec sco_DiccionariodeDatos @nmtabla_param='spu_esdifporCotizacionImputadas_v3_9'
22/08/2017 16:33:51 | Exec spu_esdifporCotizacionImputadas_v3_9 @nrCajaAdmActual = 9000004252 
22/08/2017 16:33:51 | Exec sco_validarVencimientosCAI_v4_1
22/08/2017 16:33:53 | Exec sco_DiccionariodeDatos @nmtabla_param='sco_AccesosOpcionesMenu'
22/08/2017 16:33:53 | Exec sco_AccesosOpcionesMenu @p_tpNivelAcceso = 'Administración' ,@p_operaconcaja = 1 
22/08/2017 16:33:53 | Exec sco_AccesosOpcionesMenu @p_tpNivelAcceso = 'Administración' ,@p_operaconcaja = 1 
22/08/2017 16:33:56 | Inicializando Servicio SGLibrary.ServicePrinter
22/08/2017 16:33:58 | Inicializando Servicio SGLibrary.ServicePrinter OK 
22/08/2017 16:33:58 | Exec sco_DiccionariodeDatos @nmtabla_param='TB_Cupones'
22/08/2017 16:33:58 | Exec sco_DiccionariodeDatos @nmtabla_param='VW_CajadeADMAbierta'
22/08/2017 16:33:58 |  SELECT VW_CajadeADMAbierta.nrCaja ,VW_CajadeADMAbierta.vlSaldoFinalRealPesos ,VW_CajadeADMAbierta.vlSaldoFinalRealEuros ,VW_CajadeADMAbierta.vlSaldoFinalRealDolares ,VW_CajadeADMAbierta.dsUsuario  FROM VW_CajadeADMAbierta   
22/08/2017 16:34:10 |  SELECT TB_Cupones.cdCodBar ,TB_Cupones.nrLicencia ,TB_Cupones.nmLicenciatario ,TB_Cupones.cdCliente ,TB_Cupones.nrCupon ,TB_Cupones.tpCupon ,TB_Cupones.vlMontoCupon ,TB_Cupones.vlPagoPesos ,TB_Cupones.vlPagoEuros ,TB_Cupones.vlPagoDolares ,TB_Cupones.vlComision ,TB_Cupones.nrTalonarioCliente ,TB_Cupones.nrComprabanteCliente ,TB_Cupones.flCobradoalCliente ,TB_Cupones.vlafavorAdmin ,TB_Cupones.dtCupon  FROM TB_Cupones  WHERE TB_Cupones.cdCliente = 111  AND  TB_Cupones.tpCupon = 'Cuenta Corriente' AND TB_Cupones.flEliminar = 0  AND  TB_Cupones.flCobradoalCliente = 0 AND TB_Cupones.flAnulado = 0     Order by TB_Cupones.cdCliente ASC 
22/08/2017 16:34:10 | Exec sco_DiccionariodeDatos @nmtabla_param='TB_Clientes'
22/08/2017 16:34:11 |  SELECT TB_Clientes.cdCliente ,TB_Clientes.dsRazonSocial  FROM TB_Clientes  WHERE TB_Clientes.cdCliente = 111    
22/08/2017 16:35:04 |  SELECT TB_Clientes.cdCliente ,TB_Clientes.dsRazonSocial ,TB_Clientes.nrDoc ,TB_Clientes.dsEmail ,TB_Clientes.tpIVA  FROM TB_Clientes  WHERE TB_Clientes.cdCliente = 111  AND  TB_Clientes.flEliminar = 0    
22/08/2017 16:35:07 | Exec sco_DiccionariodeDatos @nmtabla_param='TB_Recibos'
22/08/2017 16:35:08 |  INSERT TB_Recibos (IdRecibo ,vlAcumDolares ,vlSaldoPesos ,vlSaldoEuros ,vlAcumPesos ,vlAcumEuros ,vlAcumComision ,vlSaldoDolares ,dtRecibo ,tpRecibo ,cdCliente ,dsRazonSocial ,nrCaja )  VALUES (1000317661 ,0 ,1300.00 ,0 ,1300.00 ,0 ,0 ,0 ,'22/08/2017 16:35:07' ,'Detalle de Cobro a Cta. Cte.' ,'111' ,'AEROLINEAS ARGENTINAS S.A.' ,9000004252 )
22/08/2017 16:35:08 | Exec sco_DiccionariodeDatos @nmtabla_param='DiccionariodeDatos'
22/08/2017 16:35:08 |  UPDATE DiccionariodeDatos SET DiccionariodeDatos.vlPuesto9  = '1000317072'   WHERE DiccionariodeDatos.nmTabla = 'TB_Recibos'  AND  DiccionariodeDatos.nmCampo = 'IdRecibo'  
22/08/2017 16:35:08 |  SELECT tb_parametros.dsParametro ,tb_parametros.vlParametro ,tb_parametros.tpParametro ,tb_parametros.flEditable ,tb_parametros.nrTamanio ,tb_parametros.dtActualizacion  FROM tb_parametros  WHERE tb_parametros.dsParametro = 'PUESTO_FACTURACION_CTA_CTE'    
22/08/2017 16:35:09 | Exec dbo.spu_obtener_puntosdeventa_facturacion_v4_9_5 @nrPuesto_param=1, @tipo_iva = RI,  @auto_impresor = S, @tpFormadePago = null,  @tpComprobante = 'FA'
22/08/2017 16:35:09 | Inicializando Servicio SGLibrary.ServicePrinter
22/08/2017 16:35:10 | Inicializando Servicio SGLibrary.ServicePrinter OK 
22/08/2017 16:35:10 |  SELECT tb_parametros.dsParametro ,tb_parametros.vlParametro ,tb_parametros.tpParametro ,tb_parametros.flEditable ,tb_parametros.nrTamanio ,tb_parametros.dtActualizacion  FROM tb_parametros  WHERE tb_parametros.dsParametro = 'PUESTO_FACTURACION_CTA_CTE'    
22/08/2017 16:35:10 | Exec sco_DiccionariodeDatos @nmtabla_param='TB_Comprobantes'
22/08/2017 16:35:13 |  SELECT TB_Comprobantes.flManual ,TB_Comprobantes.nrTalonario ,TB_Comprobantes.nrComprobante ,TB_Comprobantes.dsUsuario ,TB_Comprobantes.nrcaja  FROM TB_Comprobantes  WHERE TB_Comprobantes.nrTalonario = '0006'  AND  TB_Comprobantes.nrComprobante = '00008693'  AND  TB_Comprobantes.tpComprobante = 'FA'  AND  TB_Comprobantes.tpLetra = 'A'    
22/08/2017 16:35:44 | Exec sco_DiccionariodeDatos @nmtabla_param='TB_Puestos'
22/08/2017 16:35:44 |  SELECT TB_Puestos.nrPuesto ,TB_Puestos.dsPuesto  FROM TB_Puestos   
22/08/2017 16:35:44 |  SELECT TB_Puestos.nrPuesto ,TB_Puestos.dsPuesto  FROM TB_Puestos  WHERE TB_Puestos.nrPuesto = 9    
22/08/2017 16:36:13 | Exec  sco_TB_Productos_v4_1 
22/08/2017 16:36:14 | Exec sco_DiccionariodeDatos @nmtabla_param='TB_Usuarios'
22/08/2017 16:36:17 |  SELECT TB_Usuarios.dsUsuario ,TB_Usuarios.dspassword ,TB_Usuarios.tpAcceso ,TB_Usuarios.nmNombre ,TB_Usuarios.nmApellido ,TB_Usuarios.flBloqueado ,TB_Usuarios.tpNivelJerarquico  FROM TB_Usuarios  WHERE TB_Usuarios.dsUsuario = 'CAMILAP'  AND  TB_Usuarios.flEliminar = 0    
22/08/2017 16:36:17 |  SELECT TB_Usuarios.dsUsuario ,TB_Usuarios.dspassword ,TB_Usuarios.tpAcceso ,TB_Usuarios.nmNombre ,TB_Usuarios.nmApellido ,TB_Usuarios.flBloqueado ,TB_Usuarios.tpNivelJerarquico  FROM TB_Usuarios  WHERE TB_Usuarios.dsUsuario = 'CAMILAP'  AND  TB_Usuarios.flEliminar = 0    
22/08/2017 16:36:17 | Exec sco_DiccionariodeDatos @nmtabla_param='sp_obtenerCajasPendientesdeAprobacion_v2_5'
22/08/2017 16:36:17 | Exec sp_obtenerCajasPendientesdeAprobacion_v2_5 @pdsUsuario_param = 'CAMILAP' 
22/08/2017 16:36:17 | Exec sp_obtenerCajasRechazadas_v2_9 
22/08/2017 16:36:17 | Exec sco_DiccionariodeDatos @nmtabla_param='TB_Parametros'
22/08/2017 16:36:17 |  SELECT TB_Parametros.vlParametro  FROM TB_Parametros  WHERE TB_Parametros.dsParametro = 'VALOR EURO'    
22/08/2017 16:36:17 |  SELECT TB_Parametros.vlParametro  FROM TB_Parametros  WHERE TB_Parametros.dsParametro = 'VALOR DOLAR'    
22/08/2017 16:36:17 | Exec SP_ValorPromoRetorno
22/08/2017 16:36:17 | Exec sco_DiccionariodeDatos @nmtabla_param='TB_Comisiones'
22/08/2017 16:36:17 |  SELECT TB_Comisiones.vlMontoMinimo  FROM TB_Comisiones  WHERE TB_Comisiones.tpComision = 'Retorno'  AND  TB_Comisiones.flEliminar = 0    
22/08/2017 16:36:17 |  SELECT TB_Parametros.vlParametro  FROM TB_Parametros  WHERE TB_Parametros.dsParametro = 'VALOR REAL'    
22/08/2017 16:36:17 | Exec sco_DiccionariodeDatos @nmtabla_param='TB_Cajas'
22/08/2017 16:36:17 |  SELECT TB_Cajas.nrCaja  FROM TB_Cajas  WHERE TB_Cajas.dsUsuario = 'CAMILAP'  and  TB_Cajas.flEstado = 0  and  TB_Cajas.tpEstadoAprobacion IS NULL  and  TB_Cajas.nrcaja > 0    
22/08/2017 16:36:19 |  SELECT TB_Cajas.nrCaja ,TB_Cajas.vlTotalSaldoFinal ,TB_Cajas.nrPuesto ,TB_Cajas.dsUsuario ,TB_Cajas.vlSaldoInicialPesos ,TB_Cajas.dtApertura ,TB_Cajas.dtCierre ,TB_Cajas.vlDiaDolar ,TB_Cajas.vlDiaEuro ,TB_Cajas.vlSaldoInicialEuros ,TB_Cajas.vlSaldoInicialDolares ,TB_Cajas.vlSaldoFinalRealPesos ,TB_Cajas.vlTotalSaldoInicial ,TB_Cajas.dtObservacion ,TB_Cajas.vlCierrePesos ,TB_Cajas.vlSaldoFinalRealDolares ,TB_Cajas.vlSaldoFinalRealEuros ,TB_Cajas.vlTotalSaldoFinalReal ,TB_Cajas.vlCierreDolares ,TB_Cajas.vlCierreEuros ,TB_Cajas.dsObservacion ,TB_Cajas.vlDiaReal ,TB_Cajas.flEstado  FROM TB_Cajas  WHERE TB_Cajas.nrCaja = 9000004252    
22/08/2017 16:36:19 | Exec sco_DiccionariodeDatos @nmtabla_param='SP_SumaCajaADM_v2_9'
22/08/2017 16:36:19 | Exec SP_SumaCajaADM_v2_9 @nrCaja_param = 9000004252 ,@tpCaja_param = 'CA' ,@tpCajaImputacion_param = null 
22/08/2017 16:36:19 |  UPDATE TB_Cajas SET TB_Cajas.vlSaldoFinalRealPesos  = 1541648.00 ,TB_Cajas.vlSaldoFinalRealEuros  = 0.00 ,TB_Cajas.vlSaldoFinalRealDolares  = 0.00 ,TB_Cajas.vlCierrePesos  = 0 ,TB_Cajas.vlCierreDolares  = 0 ,TB_Cajas.vlCierreEuros  = 0   WHERE TB_Cajas.nrCaja = 9000004252  
22/08/2017 16:36:20 |  UPDATE TB_Cajas SET TB_Cajas.nrCaja  = 9000004252 ,TB_Cajas.vlTotalSaldoFinal  = 0.00 ,TB_Cajas.nrPuesto  = 9 ,TB_Cajas.dsUsuario  = 'CAMILAP' ,TB_Cajas.vlSaldoInicialPesos  = 1541648.00 ,TB_Cajas.dtApertura  = '04/04/2017 17:52:50' ,TB_Cajas.dtCierre  = null ,TB_Cajas.vlDiaDolar  = 14.60 ,TB_Cajas.vlDiaEuro  = 15.60 ,TB_Cajas.vlSaldoInicialEuros  = 0.00 ,TB_Cajas.vlSaldoInicialDolares  = 0.00 ,TB_Cajas.vlSaldoFinalRealPesos  = 1541648.00 ,TB_Cajas.vlTotalSaldoInicial  = 1541648.00 ,TB_Cajas.dtObservacion  = '22/08/2017 16:36:20' ,TB_Cajas.vlCierrePesos  = 0 ,TB_Cajas.vlSaldoFinalRealDolares  = 0.00 ,TB_Cajas.vlSaldoFinalRealEuros  = 0.00 ,TB_Cajas.vlTotalSaldoFinalReal  = 1541648.00 ,TB_Cajas.vlCierreDolares  = 0 ,TB_Cajas.vlCierreEuros  = 0 ,TB_Cajas.dsObservacion  = null ,TB_Cajas.vlDiaReal  = 4.33 ,TB_Cajas.flCajaAdm  = 1   WHERE TB_Cajas.nrCaja = 9000004252  
22/08/2017 16:36:20 | Exec sco_DiccionariodeDatos @nmtabla_param='VW_UltimaCajaAdm'
22/08/2017 16:36:20 |  SELECT VW_UltimaCajaAdm.nrCaja ,VW_UltimaCajaAdm.vlSaldoFinalRealPesos ,VW_UltimaCajaAdm.vlSaldoFinalRealEuros ,VW_UltimaCajaAdm.vlSaldoFinalRealDolares  FROM VW_UltimaCajaAdm   
22/08/2017 16:36:20 |  SELECT TB_Cajas.nrCaja  FROM TB_Cajas  WHERE TB_Cajas.nrCaja = 9000004252  AND  TB_Cajas.flEstado = 0    
22/08/2017 16:36:20 | Exec sco_DiccionariodeDatos @nmtabla_param='sco_cajapuesto_v3_9'
22/08/2017 16:36:21 | Exec sco_cajapuesto_v3_9 @nrCaja_param = 9000004251 
22/08/2017 16:36:21 | Exec sco_cajapuesto_v3_9 @nrCaja_param = 9000004252 
22/08/2017 16:36:21 | Exec sco_DiccionariodeDatos @nmtabla_param='spu_esdifporCotizacionImputadas_v3_9'
22/08/2017 16:36:21 | Exec spu_esdifporCotizacionImputadas_v3_9 @nrCajaAdmActual = 9000004252 
22/08/2017 16:36:21 | Exec sco_validarVencimientosCAI_v4_1
22/08/2017 16:36:22 | Exec sco_DiccionariodeDatos @nmtabla_param='sco_AccesosOpcionesMenu'
22/08/2017 16:36:22 | Exec sco_AccesosOpcionesMenu @p_tpNivelAcceso = 'Administración' ,@p_operaconcaja = 1 
22/08/2017 16:36:22 | Exec sco_AccesosOpcionesMenu @p_tpNivelAcceso = 'Administración' ,@p_operaconcaja = 1 
22/08/2017 16:36:26 | Inicializando Servicio SGLibrary.ServicePrinter
22/08/2017 16:36:27 | Inicializando Servicio SGLibrary.ServicePrinter OK 
22/08/2017 16:36:27 | Exec sco_DiccionariodeDatos @nmtabla_param='TB_Cupones'
22/08/2017 16:36:27 | Exec sco_DiccionariodeDatos @nmtabla_param='VW_CajadeADMAbierta'
22/08/2017 16:36:27 |  SELECT VW_CajadeADMAbierta.nrCaja ,VW_CajadeADMAbierta.vlSaldoFinalRealPesos ,VW_CajadeADMAbierta.vlSaldoFinalRealEuros ,VW_CajadeADMAbierta.vlSaldoFinalRealDolares ,VW_CajadeADMAbierta.dsUsuario  FROM VW_CajadeADMAbierta   
22/08/2017 16:36:32 |  SELECT TB_Cupones.cdCodBar ,TB_Cupones.nrLicencia ,TB_Cupones.nmLicenciatario ,TB_Cupones.cdCliente ,TB_Cupones.nrCupon ,TB_Cupones.tpCupon ,TB_Cupones.vlMontoCupon ,TB_Cupones.vlPagoPesos ,TB_Cupones.vlPagoEuros ,TB_Cupones.vlPagoDolares ,TB_Cupones.vlComision ,TB_Cupones.nrTalonarioCliente ,TB_Cupones.nrComprabanteCliente ,TB_Cupones.flCobradoalCliente ,TB_Cupones.vlafavorAdmin ,TB_Cupones.dtCupon  FROM TB_Cupones  WHERE TB_Cupones.cdCliente = 111  AND  TB_Cupones.tpCupon = 'Cuenta Corriente' AND TB_Cupones.flEliminar = 0  AND  TB_Cupones.flCobradoalCliente = 0 AND TB_Cupones.flAnulado = 0     Order by TB_Cupones.cdCliente ASC 
22/08/2017 16:36:33 | Exec sco_DiccionariodeDatos @nmtabla_param='TB_Clientes'
22/08/2017 16:36:33 |  SELECT TB_Clientes.cdCliente ,TB_Clientes.dsRazonSocial  FROM TB_Clientes  WHERE TB_Clientes.cdCliente = 111    
22/08/2017 16:36:39 |  SELECT TB_Clientes.cdCliente ,TB_Clientes.dsRazonSocial ,TB_Clientes.nrDoc ,TB_Clientes.dsEmail ,TB_Clientes.tpIVA  FROM TB_Clientes  WHERE TB_Clientes.cdCliente = 111  AND  TB_Clientes.flEliminar = 0    
22/08/2017 16:36:39 | Exec sco_DiccionariodeDatos @nmtabla_param='TB_Recibos'
22/08/2017 16:36:39 |  INSERT TB_Recibos (IdRecibo ,vlAcumDolares ,vlSaldoPesos ,vlSaldoEuros ,vlAcumPesos ,vlAcumEuros ,vlAcumComision ,vlSaldoDolares ,dtRecibo ,tpRecibo ,cdCliente ,dsRazonSocial ,nrCaja )  VALUES (1000317662 ,0 ,1300.00 ,0 ,1300.00 ,0 ,0 ,0 ,'22/08/2017 16:36:39' ,'Detalle de Cobro a Cta. Cte.' ,'111' ,'AEROLINEAS ARGENTINAS S.A.' ,9000004252 )
22/08/2017 16:36:39 | Exec sco_DiccionariodeDatos @nmtabla_param='DiccionariodeDatos'
22/08/2017 16:36:39 |  UPDATE DiccionariodeDatos SET DiccionariodeDatos.vlPuesto9  = '1000317073'   WHERE DiccionariodeDatos.nmTabla = 'TB_Recibos'  AND  DiccionariodeDatos.nmCampo = 'IdRecibo'  
22/08/2017 16:36:39 |  SELECT tb_parametros.dsParametro ,tb_parametros.vlParametro ,tb_parametros.tpParametro ,tb_parametros.flEditable ,tb_parametros.nrTamanio ,tb_parametros.dtActualizacion  FROM tb_parametros  WHERE tb_parametros.dsParametro = 'PUESTO_FACTURACION_CTA_CTE'    
22/08/2017 16:36:39 | Exec dbo.spu_obtener_puntosdeventa_facturacion_v4_9_5 @nrPuesto_param=1, @tipo_iva = RI,  @auto_impresor = N, @tpFormadePago = null,  @tpComprobante = 'FA'
22/08/2017 16:36:39 | Inicializando Servicio SGLibrary.ServicePrinter
22/08/2017 16:36:40 | Inicializando Servicio SGLibrary.ServicePrinter OK 
22/08/2017 16:36:40 |  SELECT tb_parametros.dsParametro ,tb_parametros.vlParametro ,tb_parametros.tpParametro ,tb_parametros.flEditable ,tb_parametros.nrTamanio ,tb_parametros.dtActualizacion  FROM tb_parametros  WHERE tb_parametros.dsParametro = 'PUESTO_FACTURACION_CTA_CTE'    
22/08/2017 16:36:40 | Exec sco_DiccionariodeDatos @nmtabla_param='TB_Comprobantes'
22/08/2017 16:36:43 |  SELECT TB_Comprobantes.flManual ,TB_Comprobantes.nrTalonario ,TB_Comprobantes.nrComprobante ,TB_Comprobantes.dsUsuario ,TB_Comprobantes.nrcaja  FROM TB_Comprobantes  WHERE TB_Comprobantes.nrTalonario = '0001'  AND  TB_Comprobantes.nrComprobante = '00000303'  AND  TB_Comprobantes.tpComprobante = 'FA'  AND  TB_Comprobantes.tpLetra = 'M'    
