11/03/2017 09:43:53 | Exec  sco_TB_Productos_v4_1 
11/03/2017 09:43:53 | Exec sco_DiccionariodeDatos @nmtabla_param='TB_Usuarios'
11/03/2017 09:43:57 |  SELECT TB_Usuarios.dsUsuario ,TB_Usuarios.dspassword ,TB_Usuarios.tpAcceso ,TB_Usuarios.nmNombre ,TB_Usuarios.nmApellido ,TB_Usuarios.flBloqueado ,TB_Usuarios.tpNivelJerarquico  FROM TB_Usuarios  WHERE TB_Usuarios.dsUsuario = 'CAMILAP'  AND  TB_Usuarios.flEliminar = 0  
11/03/2017 09:43:57 |  SELECT TB_Usuarios.dsUsuario ,TB_Usuarios.dspassword ,TB_Usuarios.tpAcceso ,TB_Usuarios.nmNombre ,TB_Usuarios.nmApellido ,TB_Usuarios.flBloqueado ,TB_Usuarios.tpNivelJerarquico  FROM TB_Usuarios  WHERE TB_Usuarios.dsUsuario = 'CAMILAP'  AND  TB_Usuarios.flEliminar = 0  
11/03/2017 09:43:57 | Exec sco_DiccionariodeDatos @nmtabla_param='sp_obtenerCajasPendientesdeAprobacion_v2_5'
11/03/2017 09:43:57 | Exec sp_obtenerCajasPendientesdeAprobacion_v2_5 @pdsUsuario_param = 'CAMILAP' 
11/03/2017 09:43:57 | Exec sp_obtenerCajasRechazadas_v2_9 
11/03/2017 09:43:57 | Exec sco_DiccionariodeDatos @nmtabla_param='TB_Parametros'
11/03/2017 09:43:57 |  SELECT TB_Parametros.vlParametro  FROM TB_Parametros  WHERE TB_Parametros.dsParametro = 'VALOR EURO'  
11/03/2017 09:43:57 |  SELECT TB_Parametros.vlParametro  FROM TB_Parametros  WHERE TB_Parametros.dsParametro = 'VALOR DOLAR'  
11/03/2017 09:43:57 | Exec SP_ValorPromoRetorno
11/03/2017 09:43:57 | Exec sco_DiccionariodeDatos @nmtabla_param='TB_Comisiones'
11/03/2017 09:43:57 |  SELECT TB_Comisiones.vlMontoMinimo  FROM TB_Comisiones  WHERE TB_Comisiones.tpComision = 'Retorno'  AND  TB_Comisiones.flEliminar = 0  
11/03/2017 09:43:57 |  SELECT TB_Parametros.vlParametro  FROM TB_Parametros  WHERE TB_Parametros.dsParametro = 'VALOR REAL'  
11/03/2017 09:43:57 | Exec sco_DiccionariodeDatos @nmtabla_param='TB_Cajas'
11/03/2017 09:43:57 |  SELECT TB_Cajas.nrCaja  FROM TB_Cajas  WHERE TB_Cajas.dsUsuario = 'CAMILAP'  and  TB_Cajas.flEstado = 0  and  TB_Cajas.tpEstadoAprobacion IS NULL  and  TB_Cajas.nrcaja > 0  
11/03/2017 09:43:59 |  SELECT TB_Cajas.nrCaja ,TB_Cajas.vlTotalSaldoFinal ,TB_Cajas.nrPuesto ,TB_Cajas.dsUsuario ,TB_Cajas.vlSaldoInicialPesos ,TB_Cajas.dtApertura ,TB_Cajas.dtCierre ,TB_Cajas.vlDiaDolar ,TB_Cajas.vlDiaEuro ,TB_Cajas.vlSaldoInicialEuros ,TB_Cajas.vlSaldoInicialDolares ,TB_Cajas.vlSaldoFinalRealPesos ,TB_Cajas.vlTotalSaldoInicial ,TB_Cajas.dtObservacion ,TB_Cajas.vlCierrePesos ,TB_Cajas.vlSaldoFinalRealDolares ,TB_Cajas.vlSaldoFinalRealEuros ,TB_Cajas.vlTotalSaldoFinalReal ,TB_Cajas.vlCierreDolares ,TB_Cajas.vlCierreEuros ,TB_Cajas.dsObservacion ,TB_Cajas.vlDiaReal ,TB_Cajas.flEstado  FROM TB_Cajas  WHERE TB_Cajas.nrCaja = 9000003773  
11/03/2017 09:43:59 | Exec sco_DiccionariodeDatos @nmtabla_param='SP_SumaCajaADM_v2_9'
11/03/2017 09:43:59 | Exec SP_SumaCajaADM_v2_9 @nrCaja_param = 9000003773 ,@tpCaja_param = 'CA' ,@tpCajaImputacion_param = null 
11/03/2017 09:43:59 |  UPDATE TB_Cajas SET TB_Cajas.vlSaldoFinalRealPesos  = -258.92 ,TB_Cajas.vlSaldoFinalRealEuros  = 0.00 ,TB_Cajas.vlSaldoFinalRealDolares  = 0.00 ,TB_Cajas.vlCierrePesos  = -258.92 ,TB_Cajas.vlCierreDolares  = 0 ,TB_Cajas.vlCierreEuros  = 0   WHERE TB_Cajas.nrCaja = 9000003773  
11/03/2017 09:44:00 |  UPDATE TB_Cajas SET TB_Cajas.nrCaja  = 9000003773 ,TB_Cajas.vlTotalSaldoFinal  = -258.92 ,TB_Cajas.nrPuesto  = 9 ,TB_Cajas.dsUsuario  = 'CAMILAP' ,TB_Cajas.vlSaldoInicialPesos  = 0.00 ,TB_Cajas.dtApertura  = '19/08/2015 11:17:24' ,TB_Cajas.dtCierre  = null ,TB_Cajas.vlDiaDolar  = 9.10 ,TB_Cajas.vlDiaEuro  = 10.00 ,TB_Cajas.vlSaldoInicialEuros  = 0.00 ,TB_Cajas.vlSaldoInicialDolares  = 0.00 ,TB_Cajas.vlSaldoFinalRealPesos  = 0.00 ,TB_Cajas.vlTotalSaldoInicial  = 0.00 ,TB_Cajas.dtObservacion  = '11/03/2017 9:44:00' ,TB_Cajas.vlCierrePesos  = -258.92 ,TB_Cajas.vlSaldoFinalRealDolares  = 0.00 ,TB_Cajas.vlSaldoFinalRealEuros  = 0.00 ,TB_Cajas.vlTotalSaldoFinalReal  = -258.92 ,TB_Cajas.vlCierreDolares  = 0 ,TB_Cajas.vlCierreEuros  = 0 ,TB_Cajas.dsObservacion  = null ,TB_Cajas.vlDiaReal  = 3.21 ,TB_Cajas.flCajaAdm  = 1   WHERE TB_Cajas.nrCaja = 9000003773  
11/03/2017 09:44:00 | Exec sco_DiccionariodeDatos @nmtabla_param='VW_UltimaCajaAdm'
11/03/2017 09:44:01 |  SELECT VW_UltimaCajaAdm.nrCaja ,VW_UltimaCajaAdm.vlSaldoFinalRealPesos ,VW_UltimaCajaAdm.vlSaldoFinalRealEuros ,VW_UltimaCajaAdm.vlSaldoFinalRealDolares  FROM VW_UltimaCajaAdm 
11/03/2017 09:44:01 |  SELECT TB_Cajas.nrCaja  FROM TB_Cajas  WHERE TB_Cajas.nrCaja = 9000003773  AND  TB_Cajas.flEstado = 0  
11/03/2017 09:44:01 | Exec sco_DiccionariodeDatos @nmtabla_param='sco_cajapuesto_v3_9'
11/03/2017 09:44:01 | Exec sco_cajapuesto_v3_9 @nrCaja_param = 9000003772 
11/03/2017 09:44:01 | Exec sco_cajapuesto_v3_9 @nrCaja_param = 9000003773 
11/03/2017 09:44:01 | Exec sco_DiccionariodeDatos @nmtabla_param='spu_esdifporCotizacionImputadas_v3_9'
11/03/2017 09:44:01 | Exec spu_esdifporCotizacionImputadas_v3_9 @nrCajaAdmActual = 9000003773 
11/03/2017 09:44:01 | Exec sco_validarVencimientosCAI_v4_1
11/03/2017 09:44:04 | Exec sco_DiccionariodeDatos @nmtabla_param='sco_AccesosOpcionesMenu'
11/03/2017 09:44:04 | Exec sco_AccesosOpcionesMenu @p_tpNivelAcceso = 'Administración' ,@p_operaconcaja = 1 
11/03/2017 09:44:04 | Exec sco_AccesosOpcionesMenu @p_tpNivelAcceso = 'Administración' ,@p_operaconcaja = 1 
11/03/2017 09:44:10 | Exec sco_DiccionariodeDatos @nmtabla_param='VW_CajadeADMAbierta'
11/03/2017 09:44:10 |  SELECT VW_CajadeADMAbierta.nrCaja ,VW_CajadeADMAbierta.vlSaldoFinalRealPesos ,VW_CajadeADMAbierta.vlSaldoFinalRealEuros ,VW_CajadeADMAbierta.vlSaldoFinalRealDolares ,VW_CajadeADMAbierta.dsUsuario  FROM VW_CajadeADMAbierta 
11/03/2017 09:44:10 | Inicializando Servicio SGLibrary.ServiceConciliacion
11/03/2017 09:44:10 | Inicializando Servicio SGLibrary.ServiceConciliacion OK 
11/03/2017 09:44:10 | Antes de  UsuarioActivo objUsuario.dsUsuario 
11/03/2017 09:44:10 | Antes de  CajaActiva objCajas.nrCaja 
11/03/2017 09:44:10 | Antes de  CajaActiva objCajas.nrCaja 
11/03/2017 09:44:19 |  SELECT TB_Cajas.vlSaldoInicialPesos ,TB_Cajas.vlSaldoInicialDolares ,TB_Cajas.vlSaldoInicialEuros ,TB_Cajas.vlSaldoInicialReales ,TB_Cajas.vlDiaEuro ,TB_Cajas.vlDiaDolar ,TB_Cajas.vlDiaReal ,TB_Cajas.dsUsuario ,TB_Cajas.dtApertura ,TB_Cajas.dtCierre  FROM TB_Cajas  WHERE TB_Cajas.nrCaja = 9000003773  
11/03/2017 09:44:19 | Exec sco_DiccionariodeDatos @nmtabla_param='TB_Cupones'
11/03/2017 09:44:19 | Exec  sp_obtiene_falta_compensar_v4_2 
11/03/2017 09:44:19 |  SELECT tb_parametros.dsParametro ,tb_parametros.vlParametro ,tb_parametros.tpParametro ,tb_parametros.flEditable ,tb_parametros.nrTamanio ,tb_parametros.dtActualizacion  FROM tb_parametros  WHERE tb_parametros.dsParametro = 'CANT_VIAJES_A_COMP'  
11/03/2017 09:44:19 |  SELECT tb_parametros.dsParametro ,tb_parametros.vlParametro ,tb_parametros.tpParametro ,tb_parametros.flEditable ,tb_parametros.nrTamanio ,tb_parametros.dtActualizacion  FROM tb_parametros  WHERE tb_parametros.dsParametro = 'CTROL_CANT_VIAJES'  
11/03/2017 09:44:19 |  SELECT tb_parametros.dsParametro ,tb_parametros.vlParametro ,tb_parametros.tpParametro ,tb_parametros.flEditable ,tb_parametros.nrTamanio ,tb_parametros.dtActualizacion  FROM tb_parametros  WHERE tb_parametros.dsParametro = 'COBRO_COMISION_CD_RE_OBLIGATORIA'  
11/03/2017 09:44:19 |  SELECT tb_parametros.dsParametro ,tb_parametros.vlParametro ,tb_parametros.tpParametro ,tb_parametros.flEditable ,tb_parametros.nrTamanio ,tb_parametros.dtActualizacion  FROM tb_parametros  WHERE tb_parametros.dsParametro = 'RESTRINGE_TARJETAS'  
11/03/2017 09:44:21 |  SELECT TB_Cupones.cdCodBar ,TB_Cupones.nrLicencia ,TB_Cupones.nmLicenciatario ,TB_Cupones.cdCliente ,TB_Cupones.nrCupon ,TB_Cupones.tpCupon ,TB_Cupones.vlMontoCupon ,TB_Cupones.vlPagoPesos ,TB_Cupones.vlPagoEuros ,TB_Cupones.vlPagoDolares ,TB_Cupones.vlPagoReales ,TB_Cupones.vlComision ,TB_Cupones.vlRecargoTarjeta ,TB_Cupones.nrTalonarioCliente ,TB_Cupones.tpComprobanteCliente ,TB_Cupones.nrComprabanteCliente ,TB_Cupones.tpLetraCliente ,TB_Cupones.flCobradoalCliente ,TB_Cupones.dtCobradoalCliente ,TB_Cupones.flCompensado ,TB_Cupones.cdCliente ,TB_Cupones.dsLeyenda ,TB_Cupones.vlaFavordelLicenciatario ,TB_Cupones.vlafavorAdmin ,TB_Cupones.dtCupon ,TB_Cupones.dsObservacion ,TB_Cupones.vlIVA ,TB_Cupones.flAnulado  FROM TB_Cupones  WHERE TB_Cupones.flEliminar = 0  AND  TB_Cupones.nrLicencia = 12  AND  TB_Cupones.flCompensado = 0  AND  TB_Cupones.flAnulado = 0  
11/03/2017 09:44:21 | Exec sco_DiccionariodeDatos @nmtabla_param='sp_cuponesCompensadosdelDia_v3_3'
11/03/2017 09:44:21 | Exec sp_cuponesCompensadosdelDia_v3_3 @pnrLicencia = '12' 
11/03/2017 09:44:21 | Exec sco_DiccionariodeDatos @nmtabla_param='SP_sepuedecompensar_2_0'
11/03/2017 09:44:21 | Exec SP_sepuedecompensar_2_0 @dtcupon_param = '24/10/2015 12:54:40' 
11/03/2017 09:44:21 | Exec SP_sepuedecompensar_2_0 @dtcupon_param = '24/10/2015 04:39:57' 
11/03/2017 09:44:21 | Exec SP_sepuedecompensar_2_0 @dtcupon_param = '26/10/2015 02:19:56' 
11/03/2017 09:44:22 | Exec SP_sepuedecompensar_2_0 @dtcupon_param = '14/11/2015 05:35:05' 
11/03/2017 09:44:22 | Exec SP_sepuedecompensar_2_0 @dtcupon_param = '14/11/2015 05:40:25' 
11/03/2017 09:44:22 | Exec SP_sepuedecompensar_2_0 @dtcupon_param = '29/12/2015 08:58:00' 
11/03/2017 09:44:22 | Exec SP_sepuedecompensar_2_0 @dtcupon_param = '04/07/2016 11:08:40' 
11/03/2017 09:44:22 | Exec SP_sepuedecompensar_2_0 @dtcupon_param = '04/08/2016 09:46:13' 
11/03/2017 09:44:22 | Exec SP_sepuedecompensar_2_0 @dtcupon_param = '04/08/2016 09:57:15' 
11/03/2017 09:44:22 | Exec SP_sepuedecompensar_2_0 @dtcupon_param = '08/08/2016 10:23:20' 
11/03/2017 09:44:22 | Exec SP_sepuedecompensar_2_0 @dtcupon_param = '08/08/2016 10:40:17' 
11/03/2017 09:44:22 | Exec SP_sepuedecompensar_2_0 @dtcupon_param = '08/08/2016 10:40:41' 
11/03/2017 09:44:22 | Exec SP_sepuedecompensar_2_0 @dtcupon_param = '17/08/2016 10:56:01' 
11/03/2017 09:44:22 | Exec SP_sepuedecompensar_2_0 @dtcupon_param = '17/08/2016 11:16:54' 
11/03/2017 09:44:22 | Exec SP_sepuedecompensar_2_0 @dtcupon_param = '17/08/2016 11:24:44' 
11/03/2017 09:44:22 | Exec SP_sepuedecompensar_2_0 @dtcupon_param = '17/08/2016 11:25:27' 
11/03/2017 09:44:22 | Exec SP_sepuedecompensar_2_0 @dtcupon_param = '18/08/2016 10:30:41' 
11/03/2017 09:44:22 | Exec SP_sepuedecompensar_2_0 @dtcupon_param = '18/08/2016 10:31:22' 
11/03/2017 09:44:22 | Exec SP_sepuedecompensar_2_0 @dtcupon_param = '18/08/2016 10:31:54' 
11/03/2017 09:44:22 | Exec SP_sepuedecompensar_2_0 @dtcupon_param = '18/08/2016 10:32:18' 
11/03/2017 09:44:22 | Exec SP_sepuedecompensar_2_0 @dtcupon_param = '18/08/2016 10:35:48' 
11/03/2017 09:44:22 | Exec SP_sepuedecompensar_2_0 @dtcupon_param = '28/12/2016 07:15:56' 
11/03/2017 09:44:22 | Exec SP_sepuedecompensar_2_0 @dtcupon_param = '10/01/2017 11:46:17' 
11/03/2017 09:44:22 | Exec SP_sepuedecompensar_2_0 @dtcupon_param = '28/01/2017 04:12:44' 
11/03/2017 09:44:24 |  SELECT TB_Cupones.nrCupon ,TB_Cupones.nrLicencia ,TB_Cupones.nrTalonarioCliente ,TB_Cupones.nrComprabanteCliente ,TB_Cupones.dtCupon ,TB_Cupones.dsDestino ,TB_Cupones.vlIVA ,TB_Cupones.dsObservacion  FROM TB_Cupones  WHERE TB_Cupones.nrCupon = 29/12/2015 8:58:00  
11/03/2017 09:44:24 | 
Sintaxis incorrecta cerca de '8'.
11/03/2017 09:44:24 |  SELECT TB_Cupones.nrCupon ,TB_Cupones.nrLicencia ,TB_Cupones.nrTalonarioCliente ,TB_Cupones.nrComprabanteCliente ,TB_Cupones.dtCupon ,TB_Cupones.dsDestino ,TB_Cupones.vlIVA ,TB_Cupones.dsObservacion  FROM TB_Cupones  WHERE TB_Cupones.nrCupon = 29/12/2015 8:58:00  
11/03/2017 09:44:26 |  SELECT TB_Cupones.nrCupon ,TB_Cupones.nrLicencia ,TB_Cupones.nrTalonarioCliente ,TB_Cupones.nrComprabanteCliente ,TB_Cupones.dtCupon ,TB_Cupones.dsDestino ,TB_Cupones.vlIVA ,TB_Cupones.dsObservacion  FROM TB_Cupones  WHERE TB_Cupones.nrCupon = 08/08/2016 10:40:17  
11/03/2017 09:44:26 | 
Sintaxis incorrecta cerca de '10'.
11/03/2017 09:44:26 |  SELECT TB_Cupones.nrCupon ,TB_Cupones.nrLicencia ,TB_Cupones.nrTalonarioCliente ,TB_Cupones.nrComprabanteCliente ,TB_Cupones.dtCupon ,TB_Cupones.dsDestino ,TB_Cupones.vlIVA ,TB_Cupones.dsObservacion  FROM TB_Cupones  WHERE TB_Cupones.nrCupon = 08/08/2016 10:40:17  
11/03/2017 09:44:29 |  SELECT TB_Cupones.nrCupon ,TB_Cupones.nrLicencia ,TB_Cupones.nrTalonarioCliente ,TB_Cupones.nrComprabanteCliente ,TB_Cupones.dtCupon ,TB_Cupones.dsDestino ,TB_Cupones.vlIVA ,TB_Cupones.dsObservacion  FROM TB_Cupones  WHERE TB_Cupones.nrCupon = 17/08/2016 10:56:01  
11/03/2017 09:44:29 | 
Sintaxis incorrecta cerca de '10'.
11/03/2017 09:44:29 |  SELECT TB_Cupones.nrCupon ,TB_Cupones.nrLicencia ,TB_Cupones.nrTalonarioCliente ,TB_Cupones.nrComprabanteCliente ,TB_Cupones.dtCupon ,TB_Cupones.dsDestino ,TB_Cupones.vlIVA ,TB_Cupones.dsObservacion  FROM TB_Cupones  WHERE TB_Cupones.nrCupon = 17/08/2016 10:56:01  
11/03/2017 09:44:32 | Exec sco_AccesosOpcionesMenu @p_tpNivelAcceso = 'Administración' ,@p_operaconcaja = 1 
11/03/2017 09:45:40 | Exec  sco_TB_Productos_v4_1 
11/03/2017 09:45:40 | Exec sco_DiccionariodeDatos @nmtabla_param='TB_Usuarios'
11/03/2017 09:45:43 |  SELECT TB_Usuarios.dsUsuario ,TB_Usuarios.dspassword ,TB_Usuarios.tpAcceso ,TB_Usuarios.nmNombre ,TB_Usuarios.nmApellido ,TB_Usuarios.flBloqueado ,TB_Usuarios.tpNivelJerarquico  FROM TB_Usuarios  WHERE TB_Usuarios.dsUsuario = 'CAMILAP'  AND  TB_Usuarios.flEliminar = 0  
11/03/2017 09:45:43 |  SELECT TB_Usuarios.dsUsuario ,TB_Usuarios.dspassword ,TB_Usuarios.tpAcceso ,TB_Usuarios.nmNombre ,TB_Usuarios.nmApellido ,TB_Usuarios.flBloqueado ,TB_Usuarios.tpNivelJerarquico  FROM TB_Usuarios  WHERE TB_Usuarios.dsUsuario = 'CAMILAP'  AND  TB_Usuarios.flEliminar = 0  
11/03/2017 09:45:43 | Exec sco_DiccionariodeDatos @nmtabla_param='sp_obtenerCajasPendientesdeAprobacion_v2_5'
11/03/2017 09:45:43 | Exec sp_obtenerCajasPendientesdeAprobacion_v2_5 @pdsUsuario_param = 'CAMILAP' 
11/03/2017 09:45:43 | Exec sp_obtenerCajasRechazadas_v2_9 
11/03/2017 09:45:43 | Exec sco_DiccionariodeDatos @nmtabla_param='TB_Parametros'
11/03/2017 09:45:43 |  SELECT TB_Parametros.vlParametro  FROM TB_Parametros  WHERE TB_Parametros.dsParametro = 'VALOR EURO'  
11/03/2017 09:45:43 |  SELECT TB_Parametros.vlParametro  FROM TB_Parametros  WHERE TB_Parametros.dsParametro = 'VALOR DOLAR'  
11/03/2017 09:45:43 | Exec SP_ValorPromoRetorno
11/03/2017 09:45:43 | Exec sco_DiccionariodeDatos @nmtabla_param='TB_Comisiones'
11/03/2017 09:45:43 |  SELECT TB_Comisiones.vlMontoMinimo  FROM TB_Comisiones  WHERE TB_Comisiones.tpComision = 'Retorno'  AND  TB_Comisiones.flEliminar = 0  
11/03/2017 09:45:43 |  SELECT TB_Parametros.vlParametro  FROM TB_Parametros  WHERE TB_Parametros.dsParametro = 'VALOR REAL'  
11/03/2017 09:45:43 | Exec sco_DiccionariodeDatos @nmtabla_param='TB_Cajas'
11/03/2017 09:45:43 |  SELECT TB_Cajas.nrCaja  FROM TB_Cajas  WHERE TB_Cajas.dsUsuario = 'CAMILAP'  and  TB_Cajas.flEstado = 0  and  TB_Cajas.tpEstadoAprobacion IS NULL  and  TB_Cajas.nrcaja > 0  
11/03/2017 09:45:44 |  SELECT TB_Cajas.nrCaja ,TB_Cajas.vlTotalSaldoFinal ,TB_Cajas.nrPuesto ,TB_Cajas.dsUsuario ,TB_Cajas.vlSaldoInicialPesos ,TB_Cajas.dtApertura ,TB_Cajas.dtCierre ,TB_Cajas.vlDiaDolar ,TB_Cajas.vlDiaEuro ,TB_Cajas.vlSaldoInicialEuros ,TB_Cajas.vlSaldoInicialDolares ,TB_Cajas.vlSaldoFinalRealPesos ,TB_Cajas.vlTotalSaldoInicial ,TB_Cajas.dtObservacion ,TB_Cajas.vlCierrePesos ,TB_Cajas.vlSaldoFinalRealDolares ,TB_Cajas.vlSaldoFinalRealEuros ,TB_Cajas.vlTotalSaldoFinalReal ,TB_Cajas.vlCierreDolares ,TB_Cajas.vlCierreEuros ,TB_Cajas.dsObservacion ,TB_Cajas.vlDiaReal ,TB_Cajas.flEstado  FROM TB_Cajas  WHERE TB_Cajas.nrCaja = 9000003773  
11/03/2017 09:45:44 | Exec sco_DiccionariodeDatos @nmtabla_param='SP_SumaCajaADM_v2_9'
11/03/2017 09:45:44 | Exec SP_SumaCajaADM_v2_9 @nrCaja_param = 9000003773 ,@tpCaja_param = 'CA' ,@tpCajaImputacion_param = null 
11/03/2017 09:45:44 |  UPDATE TB_Cajas SET TB_Cajas.vlSaldoFinalRealPesos  = -258.92 ,TB_Cajas.vlSaldoFinalRealEuros  = 0.00 ,TB_Cajas.vlSaldoFinalRealDolares  = 0.00 ,TB_Cajas.vlCierrePesos  = -258.92 ,TB_Cajas.vlCierreDolares  = 0 ,TB_Cajas.vlCierreEuros  = 0   WHERE TB_Cajas.nrCaja = 9000003773  
11/03/2017 09:45:46 |  UPDATE TB_Cajas SET TB_Cajas.nrCaja  = 9000003773 ,TB_Cajas.vlTotalSaldoFinal  = -258.92 ,TB_Cajas.nrPuesto  = 9 ,TB_Cajas.dsUsuario  = 'CAMILAP' ,TB_Cajas.vlSaldoInicialPesos  = 0.00 ,TB_Cajas.dtApertura  = '19/08/2015 11:17:24' ,TB_Cajas.dtCierre  = null ,TB_Cajas.vlDiaDolar  = 9.10 ,TB_Cajas.vlDiaEuro  = 10.00 ,TB_Cajas.vlSaldoInicialEuros  = 0.00 ,TB_Cajas.vlSaldoInicialDolares  = 0.00 ,TB_Cajas.vlSaldoFinalRealPesos  = 0.00 ,TB_Cajas.vlTotalSaldoInicial  = 0.00 ,TB_Cajas.dtObservacion  = '11/03/2017 9:45:46' ,TB_Cajas.vlCierrePesos  = -258.92 ,TB_Cajas.vlSaldoFinalRealDolares  = 0.00 ,TB_Cajas.vlSaldoFinalRealEuros  = 0.00 ,TB_Cajas.vlTotalSaldoFinalReal  = -258.92 ,TB_Cajas.vlCierreDolares  = 0 ,TB_Cajas.vlCierreEuros  = 0 ,TB_Cajas.dsObservacion  = null ,TB_Cajas.vlDiaReal  = 3.21 ,TB_Cajas.flCajaAdm  = 1   WHERE TB_Cajas.nrCaja = 9000003773  
11/03/2017 09:45:46 | Exec sco_DiccionariodeDatos @nmtabla_param='VW_UltimaCajaAdm'
11/03/2017 09:45:46 |  SELECT VW_UltimaCajaAdm.nrCaja ,VW_UltimaCajaAdm.vlSaldoFinalRealPesos ,VW_UltimaCajaAdm.vlSaldoFinalRealEuros ,VW_UltimaCajaAdm.vlSaldoFinalRealDolares  FROM VW_UltimaCajaAdm 
11/03/2017 09:45:46 |  SELECT TB_Cajas.nrCaja  FROM TB_Cajas  WHERE TB_Cajas.nrCaja = 9000003773  AND  TB_Cajas.flEstado = 0  
11/03/2017 09:45:46 | Exec sco_DiccionariodeDatos @nmtabla_param='sco_cajapuesto_v3_9'
11/03/2017 09:45:46 | Exec sco_cajapuesto_v3_9 @nrCaja_param = 9000003772 
11/03/2017 09:45:46 | Exec sco_cajapuesto_v3_9 @nrCaja_param = 9000003773 
11/03/2017 09:45:46 | Exec sco_DiccionariodeDatos @nmtabla_param='spu_esdifporCotizacionImputadas_v3_9'
11/03/2017 09:45:46 | Exec spu_esdifporCotizacionImputadas_v3_9 @nrCajaAdmActual = 9000003773 
11/03/2017 09:45:46 | Exec sco_validarVencimientosCAI_v4_1
11/03/2017 09:45:47 | Exec sco_DiccionariodeDatos @nmtabla_param='sco_AccesosOpcionesMenu'
11/03/2017 09:45:47 | Exec sco_AccesosOpcionesMenu @p_tpNivelAcceso = 'Administración' ,@p_operaconcaja = 1 
11/03/2017 09:45:47 | Exec sco_AccesosOpcionesMenu @p_tpNivelAcceso = 'Administración' ,@p_operaconcaja = 1 
11/03/2017 09:45:49 |  SELECT TB_Cajas.vlSaldoInicialPesos ,TB_Cajas.vlSaldoInicialDolares ,TB_Cajas.vlSaldoInicialEuros ,TB_Cajas.vlSaldoInicialReales ,TB_Cajas.vlDiaEuro ,TB_Cajas.vlDiaDolar ,TB_Cajas.vlDiaReal ,TB_Cajas.dsUsuario ,TB_Cajas.dtApertura ,TB_Cajas.dtCierre  FROM TB_Cajas  WHERE TB_Cajas.nrCaja = 9000003773  
11/03/2017 09:45:49 | Exec sco_DiccionariodeDatos @nmtabla_param='TB_Cupones'
11/03/2017 09:45:49 | Exec  sp_obtiene_falta_compensar_v4_2 
11/03/2017 09:45:49 |  SELECT tb_parametros.dsParametro ,tb_parametros.vlParametro ,tb_parametros.tpParametro ,tb_parametros.flEditable ,tb_parametros.nrTamanio ,tb_parametros.dtActualizacion  FROM tb_parametros  WHERE tb_parametros.dsParametro = 'CANT_VIAJES_A_COMP'  
11/03/2017 09:45:49 |  SELECT tb_parametros.dsParametro ,tb_parametros.vlParametro ,tb_parametros.tpParametro ,tb_parametros.flEditable ,tb_parametros.nrTamanio ,tb_parametros.dtActualizacion  FROM tb_parametros  WHERE tb_parametros.dsParametro = 'CTROL_CANT_VIAJES'  
11/03/2017 09:45:49 |  SELECT tb_parametros.dsParametro ,tb_parametros.vlParametro ,tb_parametros.tpParametro ,tb_parametros.flEditable ,tb_parametros.nrTamanio ,tb_parametros.dtActualizacion  FROM tb_parametros  WHERE tb_parametros.dsParametro = 'COBRO_COMISION_CD_RE_OBLIGATORIA'  
11/03/2017 09:45:49 |  SELECT tb_parametros.dsParametro ,tb_parametros.vlParametro ,tb_parametros.tpParametro ,tb_parametros.flEditable ,tb_parametros.nrTamanio ,tb_parametros.dtActualizacion  FROM tb_parametros  WHERE tb_parametros.dsParametro = 'RESTRINGE_TARJETAS'  
11/03/2017 09:45:52 |  SELECT TB_Cupones.cdCodBar ,TB_Cupones.nrLicencia ,TB_Cupones.nmLicenciatario ,TB_Cupones.cdCliente ,TB_Cupones.nrCupon ,TB_Cupones.tpCupon ,TB_Cupones.vlMontoCupon ,TB_Cupones.vlPagoPesos ,TB_Cupones.vlPagoEuros ,TB_Cupones.vlPagoDolares ,TB_Cupones.vlPagoReales ,TB_Cupones.vlComision ,TB_Cupones.vlRecargoTarjeta ,TB_Cupones.nrTalonarioCliente ,TB_Cupones.tpComprobanteCliente ,TB_Cupones.nrComprabanteCliente ,TB_Cupones.tpLetraCliente ,TB_Cupones.flCobradoalCliente ,TB_Cupones.dtCobradoalCliente ,TB_Cupones.flCompensado ,TB_Cupones.cdCliente ,TB_Cupones.dsLeyenda ,TB_Cupones.vlaFavordelLicenciatario ,TB_Cupones.vlafavorAdmin ,TB_Cupones.dtCupon ,TB_Cupones.dsObservacion ,TB_Cupones.vlIVA ,TB_Cupones.flAnulado  FROM TB_Cupones  WHERE TB_Cupones.flEliminar = 0  AND  TB_Cupones.nrLicencia = 123  AND  TB_Cupones.flCompensado = 0  AND  TB_Cupones.flAnulado = 0  
11/03/2017 09:45:52 | Exec sco_DiccionariodeDatos @nmtabla_param='sp_cuponesCompensadosdelDia_v3_3'
11/03/2017 09:45:52 | Exec sp_cuponesCompensadosdelDia_v3_3 @pnrLicencia = '123' 
11/03/2017 09:45:52 | Exec sco_DiccionariodeDatos @nmtabla_param='SP_sepuedecompensar_2_0'
11/03/2017 09:45:52 | Exec SP_sepuedecompensar_2_0 @dtcupon_param = '24/10/2015 12:37:13' 
11/03/2017 09:45:52 | Exec SP_sepuedecompensar_2_0 @dtcupon_param = '24/10/2015 04:20:24' 
11/03/2017 09:45:52 | Exec SP_sepuedecompensar_2_0 @dtcupon_param = '24/10/2015 04:21:55' 
11/03/2017 09:45:52 | Exec SP_sepuedecompensar_2_0 @dtcupon_param = '26/10/2015 11:21:17' 
11/03/2017 09:45:52 | Exec SP_sepuedecompensar_2_0 @dtcupon_param = '26/10/2015 01:51:43' 
11/03/2017 09:45:52 | Exec SP_sepuedecompensar_2_0 @dtcupon_param = '26/10/2015 02:13:22' 
11/03/2017 09:45:52 | Exec SP_sepuedecompensar_2_0 @dtcupon_param = '14/11/2015 05:39:03' 
11/03/2017 09:45:52 | Exec SP_sepuedecompensar_2_0 @dtcupon_param = '09/06/2016 10:58:06' 
11/03/2017 09:45:52 | Exec SP_sepuedecompensar_2_0 @dtcupon_param = '09/06/2016 11:00:36' 
11/03/2017 09:45:52 | Exec SP_sepuedecompensar_2_0 @dtcupon_param = '09/06/2016 11:02:08' 
11/03/2017 09:45:52 | Exec SP_sepuedecompensar_2_0 @dtcupon_param = '09/06/2016 11:28:09' 
11/03/2017 09:45:52 | Exec SP_sepuedecompensar_2_0 @dtcupon_param = '16/07/2016 07:46:03' 
11/03/2017 09:45:52 | Exec SP_sepuedecompensar_2_0 @dtcupon_param = '16/07/2016 08:53:45' 
11/03/2017 09:45:52 | Exec SP_sepuedecompensar_2_0 @dtcupon_param = '29/12/2015 09:04:00' 
11/03/2017 09:45:52 | Exec SP_sepuedecompensar_2_0 @dtcupon_param = '08/08/2016 10:22:48' 
11/03/2017 09:45:52 | Exec SP_sepuedecompensar_2_0 @dtcupon_param = '08/08/2016 10:42:42' 
11/03/2017 09:45:52 | Exec SP_sepuedecompensar_2_0 @dtcupon_param = '17/08/2016 10:59:48' 
11/03/2017 09:45:52 | Exec SP_sepuedecompensar_2_0 @dtcupon_param = '17/08/2016 11:04:21' 
11/03/2017 09:45:52 | Exec SP_sepuedecompensar_2_0 @dtcupon_param = '17/08/2016 11:11:03' 
11/03/2017 09:45:52 | Exec SP_sepuedecompensar_2_0 @dtcupon_param = '01/08/2016 10:36:22' 
11/03/2017 09:45:52 | Exec SP_sepuedecompensar_2_0 @dtcupon_param = '05/01/2017 07:17:21' 
11/03/2017 09:45:52 | Exec SP_sepuedecompensar_2_0 @dtcupon_param = '10/01/2017 11:43:14' 
11/03/2017 09:45:52 | Exec SP_sepuedecompensar_2_0 @dtcupon_param = '21/01/2017 08:07:57' 
11/03/2017 09:45:52 | Exec SP_sepuedecompensar_2_0 @dtcupon_param = '01/03/2017 09:32:13' 
11/03/2017 09:45:52 | Exec SP_sepuedecompensar_2_0 @dtcupon_param = '01/03/2017 09:42:43' 
11/03/2017 09:45:52 | Exec SP_sepuedecompensar_2_0 @dtcupon_param = '28/01/2017 04:22:48' 
11/03/2017 09:45:52 | Exec SP_sepuedecompensar_2_0 @dtcupon_param = '01/03/2017 09:47:26' 
11/03/2017 09:45:53 |  SELECT TB_Cupones.nrCupon ,TB_Cupones.nrLicencia ,TB_Cupones.nrTalonarioCliente ,TB_Cupones.nrComprabanteCliente ,TB_Cupones.dtCupon ,TB_Cupones.dsDestino ,TB_Cupones.vlIVA ,TB_Cupones.dsObservacion  FROM TB_Cupones  WHERE TB_Cupones.nrCupon = 32  
11/03/2017 09:45:55 |  SELECT TB_Cupones.nrCupon ,TB_Cupones.nrLicencia ,TB_Cupones.nrTalonarioCliente ,TB_Cupones.nrComprabanteCliente ,TB_Cupones.dtCupon ,TB_Cupones.dsDestino ,TB_Cupones.vlIVA ,TB_Cupones.dsObservacion  FROM TB_Cupones  WHERE TB_Cupones.nrCupon = 79  
11/03/2017 09:45:58 |  SELECT TB_Cupones.nrCupon ,TB_Cupones.nrLicencia ,TB_Cupones.nrTalonarioCliente ,TB_Cupones.nrComprabanteCliente ,TB_Cupones.dtCupon ,TB_Cupones.dsDestino ,TB_Cupones.vlIVA ,TB_Cupones.dsObservacion  FROM TB_Cupones  WHERE TB_Cupones.nrCupon = 32  
11/03/2017 09:45:59 | Exec sco_AccesosOpcionesMenu @p_tpNivelAcceso = 'Administración' ,@p_operaconcaja = 1 
11/03/2017 12:04:58 | Exec  sco_TB_Productos_v4_1 
11/03/2017 12:04:58 | Exec sco_DiccionariodeDatos @nmtabla_param='TB_Usuarios'
11/03/2017 12:05:01 |  SELECT TB_Usuarios.dsUsuario ,TB_Usuarios.dspassword ,TB_Usuarios.tpAcceso ,TB_Usuarios.nmNombre ,TB_Usuarios.nmApellido ,TB_Usuarios.flBloqueado ,TB_Usuarios.tpNivelJerarquico  FROM TB_Usuarios  WHERE TB_Usuarios.dsUsuario = 'CAMILAP'  AND  TB_Usuarios.flEliminar = 0  
11/03/2017 12:05:01 |  SELECT TB_Usuarios.dsUsuario ,TB_Usuarios.dspassword ,TB_Usuarios.tpAcceso ,TB_Usuarios.nmNombre ,TB_Usuarios.nmApellido ,TB_Usuarios.flBloqueado ,TB_Usuarios.tpNivelJerarquico  FROM TB_Usuarios  WHERE TB_Usuarios.dsUsuario = 'CAMILAP'  AND  TB_Usuarios.flEliminar = 0  
11/03/2017 12:05:05 | Exec  sco_TB_Productos_v4_1 
11/03/2017 12:05:05 | Exec sco_DiccionariodeDatos @nmtabla_param='TB_Usuarios'
11/03/2017 12:05:09 |  SELECT TOP 100 TB_Usuarios.dsUsuario  FROM TB_Usuarios  WHERE TB_Usuarios.tpAcceso = 'Puestos'  AND  TB_Usuarios.flBloqueado = 0  AND   dsUsuario Like ('b%') AND TB_Usuarios.flEliminar = 0
11/03/2017 12:05:12 |  SELECT TB_Usuarios.dsUsuario ,TB_Usuarios.dspassword ,TB_Usuarios.tpAcceso ,TB_Usuarios.nmNombre ,TB_Usuarios.nmApellido ,TB_Usuarios.flBloqueado ,TB_Usuarios.tpNivelJerarquico  FROM TB_Usuarios  WHERE TB_Usuarios.dsUsuario = 'BFAZZALARI'  AND  TB_Usuarios.flEliminar = 0  
11/03/2017 12:05:12 |  SELECT TB_Usuarios.dsUsuario ,TB_Usuarios.dspassword ,TB_Usuarios.tpAcceso ,TB_Usuarios.nmNombre ,TB_Usuarios.nmApellido ,TB_Usuarios.flBloqueado ,TB_Usuarios.tpNivelJerarquico  FROM TB_Usuarios  WHERE TB_Usuarios.dsUsuario = 'BFAZZALARI'  AND  TB_Usuarios.flEliminar = 0  
11/03/2017 12:05:13 | Exec sco_DiccionariodeDatos @nmtabla_param='sp_obtenerCajasPendientesdeAprobacion_v2_5'
11/03/2017 12:05:13 | Exec sp_obtenerCajasPendientesdeAprobacion_v2_5 @pdsUsuario_param = 'BFAZZALARI' 
11/03/2017 12:05:14 | Exec sp_obtenerCajasRechazadas_v2_9 
11/03/2017 12:05:14 | Exec sco_DiccionariodeDatos @nmtabla_param='TB_Parametros'
11/03/2017 12:05:14 |  SELECT TB_Parametros.vlParametro  FROM TB_Parametros  WHERE TB_Parametros.dsParametro = 'VALOR EURO'  
11/03/2017 12:05:14 |  SELECT TB_Parametros.vlParametro  FROM TB_Parametros  WHERE TB_Parametros.dsParametro = 'VALOR DOLAR'  
11/03/2017 12:05:14 | Exec SP_ValorPromoRetorno
11/03/2017 12:05:14 | Exec sco_DiccionariodeDatos @nmtabla_param='TB_Comisiones'
11/03/2017 12:05:14 |  SELECT TB_Comisiones.vlMontoMinimo  FROM TB_Comisiones  WHERE TB_Comisiones.tpComision = 'Retorno'  AND  TB_Comisiones.flEliminar = 0  
11/03/2017 12:05:14 |  SELECT TB_Parametros.vlParametro  FROM TB_Parametros  WHERE TB_Parametros.dsParametro = 'VALOR REAL'  
11/03/2017 12:05:14 | Exec sco_DiccionariodeDatos @nmtabla_param='TB_Cajas'
11/03/2017 12:05:14 |  SELECT TB_Cajas.nrCaja  FROM TB_Cajas  WHERE TB_Cajas.dsUsuario = 'BFAZZALARI'  and  TB_Cajas.flEstado = 0  and  TB_Cajas.tpEstadoAprobacion IS NULL  and  TB_Cajas.nrcaja > 0  
11/03/2017 12:05:16 | Exec sco_DiccionariodeDatos @nmtabla_param='sco_AccesosOpcionesMenu'
11/03/2017 12:05:16 | Exec sco_AccesosOpcionesMenu @p_tpNivelAcceso = 'Puestos' ,@p_operaconcaja = 1 
11/03/2017 12:05:16 | Exec sco_AccesosOpcionesMenu @p_tpNivelAcceso = 'Puestos' ,@p_operaconcaja = 1 
11/03/2017 12:05:37 | Exec sco_DiccionariodeDatos @nmtabla_param='TB_Comprobantes'
11/03/2017 12:05:39 | Exec sco_AccesosOpcionesMenu @p_tpNivelAcceso = 'Puestos' ,@p_operaconcaja = 1 
