03/06/2017 09:39:06 | Exec  sco_TB_Productos_v4_1 
03/06/2017 09:39:06 | Exec sco_DiccionariodeDatos @nmtabla_param='TB_Usuarios'
03/06/2017 09:39:09 |  SELECT TB_Usuarios.dsUsuario ,TB_Usuarios.dspassword ,TB_Usuarios.tpAcceso ,TB_Usuarios.nmNombre ,TB_Usuarios.nmApellido ,TB_Usuarios.flBloqueado ,TB_Usuarios.tpNivelJerarquico  FROM TB_Usuarios  WHERE TB_Usuarios.dsUsuario = 'USRPARAM'  AND  TB_Usuarios.flEliminar = 0  
03/06/2017 09:39:09 |  SELECT TB_Usuarios.dsUsuario ,TB_Usuarios.dspassword ,TB_Usuarios.tpAcceso ,TB_Usuarios.nmNombre ,TB_Usuarios.nmApellido ,TB_Usuarios.flBloqueado ,TB_Usuarios.tpNivelJerarquico  FROM TB_Usuarios  WHERE TB_Usuarios.dsUsuario = 'USRPARAM'  AND  TB_Usuarios.flEliminar = 0  
03/06/2017 09:39:09 | Exec sco_DiccionariodeDatos @nmtabla_param='sp_obtenerCajasPendientesdeAprobacion_v2_5'
03/06/2017 09:39:09 | Exec sp_obtenerCajasPendientesdeAprobacion_v2_5 @pdsUsuario_param = 'USRPARAM' 
03/06/2017 09:39:09 | Exec sco_DiccionariodeDatos @nmtabla_param='TB_Parametros'
03/06/2017 09:39:09 |  SELECT TB_Parametros.vlParametro  FROM TB_Parametros  WHERE TB_Parametros.dsParametro = 'VALOR EURO'  
03/06/2017 09:39:09 |  SELECT TB_Parametros.vlParametro  FROM TB_Parametros  WHERE TB_Parametros.dsParametro = 'VALOR DOLAR'  
03/06/2017 09:39:09 | Exec SP_ValorPromoRetorno
03/06/2017 09:39:09 | Exec sco_DiccionariodeDatos @nmtabla_param='TB_Comisiones'
03/06/2017 09:39:09 |  SELECT TB_Comisiones.vlMontoMinimo  FROM TB_Comisiones  WHERE TB_Comisiones.tpComision = 'Retorno'  AND  TB_Comisiones.flEliminar = 0  
03/06/2017 09:39:09 |  SELECT TB_Parametros.vlParametro  FROM TB_Parametros  WHERE TB_Parametros.dsParametro = 'VALOR REAL'  
03/06/2017 09:39:10 | Exec sco_validarVencimientosCAI_v4_1
03/06/2017 09:39:12 | Exec sco_DiccionariodeDatos @nmtabla_param='sco_AccesosOpcionesMenu'
03/06/2017 09:39:12 | Exec sco_AccesosOpcionesMenu @p_tpNivelAcceso = 'Parametrización' ,@p_operaconcaja = 1 
03/06/2017 09:39:12 | Exec sco_AccesosOpcionesMenu @p_tpNivelAcceso = 'Parametrización' ,@p_operaconcaja = 1 
03/06/2017 09:39:15 | Exec sco_DiccionariodeDatos @nmtabla_param='TB_Productos'
03/06/2017 09:39:15 |  SELECT TB_Comisiones.cdComision ,TB_Comisiones.dsComision  FROM TB_Comisiones 
03/06/2017 09:39:18 |  SELECT TB_Productos.cdProducto ,TB_Productos.dsProducto ,TB_Productos.vlPrecioViaje ,TB_Productos.vlPrecioPeaje ,TB_Productos.ObsHoras ,TB_Productos.vlPrecioViajeSinPeaje ,TB_Productos.vlKilometros ,TB_Productos.flMuestraenlaWEB ,TB_Productos.flIncluyeComisionRetorno ,TB_Productos.tpDestino ,TB_Productos.cdComision ,TB_Productos.vlKilometros ,TB_Productos.vlPrecioViaje ,TB_Productos.obsHoras  FROM TB_Productos  WHERE  dsProducto Like ('%%%') AND TB_Productos.flEliminar = 0   Order by TB_Productos.dsProducto ASC 
03/06/2017 09:39:21 |  SELECT TB_Productos.cdComision ,TB_Productos.tpDestino ,TB_Productos.flIncluyeComisionRetorno ,TB_Productos.flMuestraenlaWEB ,TB_Productos.vlPrecioxKilometro ,TB_Productos.vlKilometros ,TB_Productos.vlPrecioViaje ,TB_Productos.vlPrecioPeaje ,TB_Productos.cdOrden ,TB_Productos.vlPrecioViajeSinPeaje ,TB_Productos.flMuestra ,TB_Productos.tpOperacion ,TB_Productos.vlPorcentaje ,TB_Productos.ObsHoras ,TB_Productos.dsProducto ,TB_Productos.cdProducto  FROM TB_Productos  WHERE TB_Productos.cdProducto = 90375  AND  TB_Productos.flEliminar = 0  
03/06/2017 09:39:29 |  SELECT TB_Productos.cdComision ,TB_Productos.tpDestino ,TB_Productos.flIncluyeComisionRetorno ,TB_Productos.flMuestraenlaWEB ,TB_Productos.vlPrecioxKilometro ,TB_Productos.vlKilometros ,TB_Productos.vlPrecioViaje ,TB_Productos.vlPrecioPeaje ,TB_Productos.cdOrden ,TB_Productos.vlPrecioViajeSinPeaje ,TB_Productos.flMuestra ,TB_Productos.tpOperacion ,TB_Productos.vlPorcentaje ,TB_Productos.ObsHoras ,TB_Productos.dsProducto ,TB_Productos.cdProducto  FROM TB_Productos  WHERE TB_Productos.cdProducto = 90374  AND  TB_Productos.flEliminar = 0  
03/06/2017 09:42:26 |  SELECT TB_Productos.cdComision ,TB_Productos.tpDestino ,TB_Productos.flIncluyeComisionRetorno ,TB_Productos.flMuestraenlaWEB ,TB_Productos.vlPrecioxKilometro ,TB_Productos.vlKilometros ,TB_Productos.vlPrecioViaje ,TB_Productos.vlPrecioPeaje ,TB_Productos.cdOrden ,TB_Productos.vlPrecioViajeSinPeaje ,TB_Productos.flMuestra ,TB_Productos.tpOperacion ,TB_Productos.vlPorcentaje ,TB_Productos.ObsHoras ,TB_Productos.dsProducto ,TB_Productos.cdProducto  FROM TB_Productos  WHERE TB_Productos.cdProducto = 363  AND  TB_Productos.flEliminar = 0  
03/06/2017 09:43:54 | Exec sco_AccesosOpcionesMenu @p_tpNivelAcceso = 'Parametrización' ,@p_operaconcaja = 1 
03/06/2017 09:43:58 | optPresentacionesCAIAFIP_Click - Inicializando Servicio SGLibrary.LoaderForms
03/06/2017 09:43:58 | optPresentacionesCAIAFIP_Click - Inicializando Servicio SGLibrary.LoaderForms OK 
03/06/2017 09:43:58 | optPresentacionesCAIAFIP_Click - Antes de  UsuarioActivo objUsuario.dsUsuario 
03/06/2017 09:43:58 | optPresentacionesCAIAFIP_Click- Antes de  CajaActiva objCajas.nrCaja 
03/06/2017 09:43:58 | optPresentacionesCAIAFIP_Click - Antes de  CajaActiva objCajas.nrCaja 
03/06/2017 09:45:09 |  SELECT TB_Comisiones.cdComision ,TB_Comisiones.dsComision  FROM TB_Comisiones 
03/06/2017 09:45:12 |  SELECT TB_Productos.cdProducto ,TB_Productos.dsProducto ,TB_Productos.vlPrecioViaje ,TB_Productos.vlPrecioPeaje ,TB_Productos.ObsHoras ,TB_Productos.vlPrecioViajeSinPeaje ,TB_Productos.vlKilometros ,TB_Productos.flMuestraenlaWEB ,TB_Productos.flIncluyeComisionRetorno ,TB_Productos.tpDestino ,TB_Productos.cdComision ,TB_Productos.vlKilometros ,TB_Productos.vlPrecioViaje ,TB_Productos.obsHoras  FROM TB_Productos  WHERE  dsProducto Like ('%%%') AND TB_Productos.flEliminar = 0   Order by TB_Productos.dsProducto ASC 
03/06/2017 09:45:16 |  SELECT TB_Productos.cdProducto ,TB_Productos.dsProducto ,TB_Productos.vlPrecioViaje ,TB_Productos.vlPrecioPeaje ,TB_Productos.ObsHoras ,TB_Productos.vlPrecioViajeSinPeaje ,TB_Productos.vlKilometros ,TB_Productos.flMuestraenlaWEB ,TB_Productos.flIncluyeComisionRetorno ,TB_Productos.tpDestino ,TB_Productos.cdComision ,TB_Productos.vlKilometros ,TB_Productos.vlPrecioViaje ,TB_Productos.obsHoras  FROM TB_Productos  WHERE  dsProducto Like ('%ADRO%') AND TB_Productos.flEliminar = 0   Order by TB_Productos.dsProducto ASC 
03/06/2017 09:45:20 |  SELECT TB_Productos.cdComision ,TB_Productos.tpDestino ,TB_Productos.flIncluyeComisionRetorno ,TB_Productos.flMuestraenlaWEB ,TB_Productos.vlPrecioxKilometro ,TB_Productos.vlKilometros ,TB_Productos.vlPrecioViaje ,TB_Productos.vlPrecioPeaje ,TB_Productos.cdOrden ,TB_Productos.vlPrecioViajeSinPeaje ,TB_Productos.flMuestra ,TB_Productos.tpOperacion ,TB_Productos.vlPorcentaje ,TB_Productos.ObsHoras ,TB_Productos.dsProducto ,TB_Productos.cdProducto  FROM TB_Productos  WHERE TB_Productos.cdProducto = 5  AND  TB_Productos.flEliminar = 0  
03/06/2017 09:45:32 | Exec sco_AccesosOpcionesMenu @p_tpNivelAcceso = 'Parametrización' ,@p_operaconcaja = 1 
03/06/2017 09:45:36 |  SELECT TB_Comisiones.cdComision ,TB_Comisiones.dsComision  FROM TB_Comisiones 
03/06/2017 09:45:44 |  SELECT TB_Productos.cdProducto ,TB_Productos.dsProducto ,TB_Productos.vlPrecioViaje ,TB_Productos.vlPrecioPeaje ,TB_Productos.ObsHoras ,TB_Productos.vlPrecioViajeSinPeaje ,TB_Productos.vlKilometros ,TB_Productos.flMuestraenlaWEB ,TB_Productos.flIncluyeComisionRetorno ,TB_Productos.tpDestino ,TB_Productos.cdComision ,TB_Productos.vlKilometros ,TB_Productos.vlPrecioViaje ,TB_Productos.obsHoras  FROM TB_Productos  WHERE  dsProducto Like ('%%%') AND TB_Productos.flEliminar = 0   Order by TB_Productos.dsProducto ASC 
03/06/2017 09:47:02 | Exec sco_AccesosOpcionesMenu @p_tpNivelAcceso = 'Parametrización' ,@p_operaconcaja = 1 
03/06/2017 09:47:06 | optPresentacionesCAIAFIP_Click - Inicializando Servicio SGLibrary.LoaderForms
03/06/2017 09:47:06 | optPresentacionesCAIAFIP_Click - Inicializando Servicio SGLibrary.LoaderForms OK 
03/06/2017 09:47:06 | optPresentacionesCAIAFIP_Click - Antes de  UsuarioActivo objUsuario.dsUsuario 
03/06/2017 09:47:06 | optPresentacionesCAIAFIP_Click- Antes de  CajaActiva objCajas.nrCaja 
03/06/2017 09:47:06 | optPresentacionesCAIAFIP_Click - Antes de  CajaActiva objCajas.nrCaja 
03/06/2017 09:47:34 |  SELECT TB_Comisiones.cdComision ,TB_Comisiones.dsComision  FROM TB_Comisiones 
03/06/2017 09:47:36 |  SELECT TB_Productos.cdProducto ,TB_Productos.dsProducto ,TB_Productos.vlPrecioViaje ,TB_Productos.vlPrecioPeaje ,TB_Productos.ObsHoras ,TB_Productos.vlPrecioViajeSinPeaje ,TB_Productos.vlKilometros ,TB_Productos.flMuestraenlaWEB ,TB_Productos.flIncluyeComisionRetorno ,TB_Productos.tpDestino ,TB_Productos.cdComision ,TB_Productos.vlKilometros ,TB_Productos.vlPrecioViaje ,TB_Productos.obsHoras  FROM TB_Productos  WHERE  dsProducto Like ('%ADRO%') AND TB_Productos.flEliminar = 0   Order by TB_Productos.dsProducto ASC 
03/06/2017 09:47:46 | Exec sco_AccesosOpcionesMenu @p_tpNivelAcceso = 'Parametrización' ,@p_operaconcaja = 1 
