25/03/2017 08:12:13 | Exec  sco_TB_Productos_v4_1 
25/03/2017 08:12:13 | Exec sco_DiccionariodeDatos @nmtabla_param='TB_Usuarios'
25/03/2017 08:12:14 |  SELECT TOP 100 TB_Usuarios.dsUsuario  FROM TB_Usuarios  WHERE TB_Usuarios.tpAcceso <> 'Puestos'  AND  TB_Usuarios.flBloqueado = 0  AND   dsUsuario Like ('i%') AND TB_Usuarios.flEliminar = 0
25/03/2017 08:12:20 |  SELECT TOP 100 TB_Usuarios.dsUsuario  FROM TB_Usuarios  WHERE TB_Usuarios.tpAcceso <> 'Puestos'  AND  TB_Usuarios.flBloqueado = 0  AND   dsUsuario Like ('t%') AND TB_Usuarios.flEliminar = 0
25/03/2017 08:12:21 |  SELECT TOP 100 TB_Usuarios.dsUsuario  FROM TB_Usuarios  WHERE TB_Usuarios.tpAcceso <> 'Puestos'  AND  TB_Usuarios.flBloqueado = 0  AND  TB_Usuarios.flEliminar = 0
25/03/2017 08:12:21 |  SELECT TOP 100 TB_Usuarios.dsUsuario  FROM TB_Usuarios  WHERE TB_Usuarios.tpAcceso <> 'Puestos'  AND  TB_Usuarios.flBloqueado = 0  AND   dsUsuario Like ('u%') AND TB_Usuarios.flEliminar = 0
25/03/2017 08:12:25 |  SELECT TB_Usuarios.dsUsuario ,TB_Usuarios.dspassword ,TB_Usuarios.tpAcceso ,TB_Usuarios.nmNombre ,TB_Usuarios.nmApellido ,TB_Usuarios.flBloqueado ,TB_Usuarios.tpNivelJerarquico  FROM TB_Usuarios  WHERE TB_Usuarios.dsUsuario = 'USRPARAM'  AND  TB_Usuarios.flEliminar = 0  
25/03/2017 08:12:25 |  SELECT TB_Usuarios.dsUsuario ,TB_Usuarios.dspassword ,TB_Usuarios.tpAcceso ,TB_Usuarios.nmNombre ,TB_Usuarios.nmApellido ,TB_Usuarios.flBloqueado ,TB_Usuarios.tpNivelJerarquico  FROM TB_Usuarios  WHERE TB_Usuarios.dsUsuario = 'USRPARAM'  AND  TB_Usuarios.flEliminar = 0  
25/03/2017 08:12:25 | Exec sco_DiccionariodeDatos @nmtabla_param='sp_obtenerCajasPendientesdeAprobacion_v2_5'
25/03/2017 08:12:25 | Exec sp_obtenerCajasPendientesdeAprobacion_v2_5 @pdsUsuario_param = 'USRPARAM' 
25/03/2017 08:12:25 | Exec sco_DiccionariodeDatos @nmtabla_param='TB_Parametros'
25/03/2017 08:12:25 |  SELECT TB_Parametros.vlParametro  FROM TB_Parametros  WHERE TB_Parametros.dsParametro = 'VALOR EURO'  
25/03/2017 08:12:25 |  SELECT TB_Parametros.vlParametro  FROM TB_Parametros  WHERE TB_Parametros.dsParametro = 'VALOR DOLAR'  
25/03/2017 08:12:25 | Exec SP_ValorPromoRetorno
25/03/2017 08:12:25 | Exec sco_DiccionariodeDatos @nmtabla_param='TB_Comisiones'
25/03/2017 08:12:25 |  SELECT TB_Comisiones.vlMontoMinimo  FROM TB_Comisiones  WHERE TB_Comisiones.tpComision = 'Retorno'  AND  TB_Comisiones.flEliminar = 0  
25/03/2017 08:12:25 |  SELECT TB_Parametros.vlParametro  FROM TB_Parametros  WHERE TB_Parametros.dsParametro = 'VALOR REAL'  
25/03/2017 08:12:25 | Exec sco_validarVencimientosCAI_v4_1
25/03/2017 08:12:27 | Exec sco_DiccionariodeDatos @nmtabla_param='sco_AccesosOpcionesMenu'
25/03/2017 08:12:27 | Exec sco_AccesosOpcionesMenu @p_tpNivelAcceso = 'Parametrización' ,@p_operaconcaja = 1 
25/03/2017 08:12:27 | Exec sco_AccesosOpcionesMenu @p_tpNivelAcceso = 'Parametrización' ,@p_operaconcaja = 1 
25/03/2017 08:12:32 | Exec sco_DiccionariodeDatos @nmtabla_param='TB_NivelAcceso'
25/03/2017 08:12:34 |  SELECT TB_NivelAcceso.tpNivelAcceso  FROM TB_NivelAcceso  WHERE  tpNivelAcceso Like ('%%%') Order by TB_NivelAcceso.tpNivelAcceso ASC 
25/03/2017 08:12:38 |  SELECT TB_NivelAcceso.tpNivelAcceso  FROM TB_NivelAcceso  WHERE TB_NivelAcceso.tpNivelAcceso = 'Sistemas1'  
25/03/2017 08:12:38 | Exec sco_AccesosOpcionesMenu @p_tpNivelAcceso = 'Sistemas1' 
25/03/2017 08:12:45 |  SELECT TB_NivelAcceso.tpNivelAcceso  FROM TB_NivelAcceso  WHERE TB_NivelAcceso.tpNivelAcceso = 'Parametrización'  
25/03/2017 08:12:45 | Exec sco_AccesosOpcionesMenu @p_tpNivelAcceso = 'Parametrización' 
25/03/2017 08:12:49 |  UPDATE TB_NivelAcceso SET TB_NivelAcceso.tpNivelAcceso  = 'Parametrización'   WHERE TB_NivelAcceso.tpNivelAcceso = 'Parametrización'  
25/03/2017 08:12:49 | Exec sco_DiccionariodeDatos @nmtabla_param='TB_NivelAccesoOpcionesMenu'
25/03/2017 08:12:49 |  UPDATE TB_NivelAccesoOpcionesMenu SET TB_NivelAccesoOpcionesMenu.flAcceso  = -1   WHERE TB_NivelAccesoOpcionesMenu.tpNivelAcceso = 'Parametrización'  AND  TB_NivelAccesoOpcionesMenu.idOpcionMenu = 1  
25/03/2017 08:12:49 |  UPDATE TB_NivelAccesoOpcionesMenu SET TB_NivelAccesoOpcionesMenu.flAcceso  = 0   WHERE TB_NivelAccesoOpcionesMenu.tpNivelAcceso = 'Parametrización'  AND  TB_NivelAccesoOpcionesMenu.idOpcionMenu = 2  
25/03/2017 08:12:49 |  UPDATE TB_NivelAccesoOpcionesMenu SET TB_NivelAccesoOpcionesMenu.flAcceso  = 0   WHERE TB_NivelAccesoOpcionesMenu.tpNivelAcceso = 'Parametrización'  AND  TB_NivelAccesoOpcionesMenu.idOpcionMenu = 3  
25/03/2017 08:12:49 |  UPDATE TB_NivelAccesoOpcionesMenu SET TB_NivelAccesoOpcionesMenu.flAcceso  = 0   WHERE TB_NivelAccesoOpcionesMenu.tpNivelAcceso = 'Parametrización'  AND  TB_NivelAccesoOpcionesMenu.idOpcionMenu = 4  
25/03/2017 08:12:49 |  UPDATE TB_NivelAccesoOpcionesMenu SET TB_NivelAccesoOpcionesMenu.flAcceso  = -1   WHERE TB_NivelAccesoOpcionesMenu.tpNivelAcceso = 'Parametrización'  AND  TB_NivelAccesoOpcionesMenu.idOpcionMenu = 5  
25/03/2017 08:12:49 |  UPDATE TB_NivelAccesoOpcionesMenu SET TB_NivelAccesoOpcionesMenu.flAcceso  = -1   WHERE TB_NivelAccesoOpcionesMenu.tpNivelAcceso = 'Parametrización'  AND  TB_NivelAccesoOpcionesMenu.idOpcionMenu = 49  
25/03/2017 08:12:49 |  UPDATE TB_NivelAccesoOpcionesMenu SET TB_NivelAccesoOpcionesMenu.flAcceso  = 0   WHERE TB_NivelAccesoOpcionesMenu.tpNivelAcceso = 'Parametrización'  AND  TB_NivelAccesoOpcionesMenu.idOpcionMenu = 6  
25/03/2017 08:12:49 |  UPDATE TB_NivelAccesoOpcionesMenu SET TB_NivelAccesoOpcionesMenu.flAcceso  = 0   WHERE TB_NivelAccesoOpcionesMenu.tpNivelAcceso = 'Parametrización'  AND  TB_NivelAccesoOpcionesMenu.idOpcionMenu = 7  
25/03/2017 08:12:49 |  UPDATE TB_NivelAccesoOpcionesMenu SET TB_NivelAccesoOpcionesMenu.flAcceso  = 0   WHERE TB_NivelAccesoOpcionesMenu.tpNivelAcceso = 'Parametrización'  AND  TB_NivelAccesoOpcionesMenu.idOpcionMenu = 60  
25/03/2017 08:12:49 |  UPDATE TB_NivelAccesoOpcionesMenu SET TB_NivelAccesoOpcionesMenu.flAcceso  = 0   WHERE TB_NivelAccesoOpcionesMenu.tpNivelAcceso = 'Parametrización'  AND  TB_NivelAccesoOpcionesMenu.idOpcionMenu = 62  
25/03/2017 08:12:49 |  UPDATE TB_NivelAccesoOpcionesMenu SET TB_NivelAccesoOpcionesMenu.flAcceso  = 0   WHERE TB_NivelAccesoOpcionesMenu.tpNivelAcceso = 'Parametrización'  AND  TB_NivelAccesoOpcionesMenu.idOpcionMenu = 63  
25/03/2017 08:12:49 |  UPDATE TB_NivelAccesoOpcionesMenu SET TB_NivelAccesoOpcionesMenu.flAcceso  = 0   WHERE TB_NivelAccesoOpcionesMenu.tpNivelAcceso = 'Parametrización'  AND  TB_NivelAccesoOpcionesMenu.idOpcionMenu = 61  
25/03/2017 08:12:49 |  UPDATE TB_NivelAccesoOpcionesMenu SET TB_NivelAccesoOpcionesMenu.flAcceso  = 0   WHERE TB_NivelAccesoOpcionesMenu.tpNivelAcceso = 'Parametrización'  AND  TB_NivelAccesoOpcionesMenu.idOpcionMenu = 64  
25/03/2017 08:12:49 |  UPDATE TB_NivelAccesoOpcionesMenu SET TB_NivelAccesoOpcionesMenu.flAcceso  = 0   WHERE TB_NivelAccesoOpcionesMenu.tpNivelAcceso = 'Parametrización'  AND  TB_NivelAccesoOpcionesMenu.idOpcionMenu = 8  
25/03/2017 08:12:49 |  UPDATE TB_NivelAccesoOpcionesMenu SET TB_NivelAccesoOpcionesMenu.flAcceso  = 0   WHERE TB_NivelAccesoOpcionesMenu.tpNivelAcceso = 'Parametrización'  AND  TB_NivelAccesoOpcionesMenu.idOpcionMenu = 9  
25/03/2017 08:12:49 |  UPDATE TB_NivelAccesoOpcionesMenu SET TB_NivelAccesoOpcionesMenu.flAcceso  = 0   WHERE TB_NivelAccesoOpcionesMenu.tpNivelAcceso = 'Parametrización'  AND  TB_NivelAccesoOpcionesMenu.idOpcionMenu = 200  
25/03/2017 08:12:49 |  UPDATE TB_NivelAccesoOpcionesMenu SET TB_NivelAccesoOpcionesMenu.flAcceso  = 0   WHERE TB_NivelAccesoOpcionesMenu.tpNivelAcceso = 'Parametrización'  AND  TB_NivelAccesoOpcionesMenu.idOpcionMenu = 201  
25/03/2017 08:12:49 |  UPDATE TB_NivelAccesoOpcionesMenu SET TB_NivelAccesoOpcionesMenu.flAcceso  = 0   WHERE TB_NivelAccesoOpcionesMenu.tpNivelAcceso = 'Parametrización'  AND  TB_NivelAccesoOpcionesMenu.idOpcionMenu = 10  
25/03/2017 08:12:49 |  UPDATE TB_NivelAccesoOpcionesMenu SET TB_NivelAccesoOpcionesMenu.flAcceso  = 0   WHERE TB_NivelAccesoOpcionesMenu.tpNivelAcceso = 'Parametrización'  AND  TB_NivelAccesoOpcionesMenu.idOpcionMenu = 11  
25/03/2017 08:12:49 |  UPDATE TB_NivelAccesoOpcionesMenu SET TB_NivelAccesoOpcionesMenu.flAcceso  = -1   WHERE TB_NivelAccesoOpcionesMenu.tpNivelAcceso = 'Parametrización'  AND  TB_NivelAccesoOpcionesMenu.idOpcionMenu = 12  
25/03/2017 08:12:49 |  UPDATE TB_NivelAccesoOpcionesMenu SET TB_NivelAccesoOpcionesMenu.flAcceso  = 0   WHERE TB_NivelAccesoOpcionesMenu.tpNivelAcceso = 'Parametrización'  AND  TB_NivelAccesoOpcionesMenu.idOpcionMenu = 13  
25/03/2017 08:12:49 |  UPDATE TB_NivelAccesoOpcionesMenu SET TB_NivelAccesoOpcionesMenu.flAcceso  = -1   WHERE TB_NivelAccesoOpcionesMenu.tpNivelAcceso = 'Parametrización'  AND  TB_NivelAccesoOpcionesMenu.idOpcionMenu = 14  
25/03/2017 08:12:49 |  UPDATE TB_NivelAccesoOpcionesMenu SET TB_NivelAccesoOpcionesMenu.flAcceso  = -1   WHERE TB_NivelAccesoOpcionesMenu.tpNivelAcceso = 'Parametrización'  AND  TB_NivelAccesoOpcionesMenu.idOpcionMenu = 15  
25/03/2017 08:12:49 |  UPDATE TB_NivelAccesoOpcionesMenu SET TB_NivelAccesoOpcionesMenu.flAcceso  = -1   WHERE TB_NivelAccesoOpcionesMenu.tpNivelAcceso = 'Parametrización'  AND  TB_NivelAccesoOpcionesMenu.idOpcionMenu = 16  
25/03/2017 08:12:49 |  UPDATE TB_NivelAccesoOpcionesMenu SET TB_NivelAccesoOpcionesMenu.flAcceso  = 0   WHERE TB_NivelAccesoOpcionesMenu.tpNivelAcceso = 'Parametrización'  AND  TB_NivelAccesoOpcionesMenu.idOpcionMenu = 17  
25/03/2017 08:12:49 |  UPDATE TB_NivelAccesoOpcionesMenu SET TB_NivelAccesoOpcionesMenu.flAcceso  = -1   WHERE TB_NivelAccesoOpcionesMenu.tpNivelAcceso = 'Parametrización'  AND  TB_NivelAccesoOpcionesMenu.idOpcionMenu = 50  
25/03/2017 08:12:49 |  UPDATE TB_NivelAccesoOpcionesMenu SET TB_NivelAccesoOpcionesMenu.flAcceso  = -1   WHERE TB_NivelAccesoOpcionesMenu.tpNivelAcceso = 'Parametrización'  AND  TB_NivelAccesoOpcionesMenu.idOpcionMenu = 18  
25/03/2017 08:12:49 |  UPDATE TB_NivelAccesoOpcionesMenu SET TB_NivelAccesoOpcionesMenu.flAcceso  = -1   WHERE TB_NivelAccesoOpcionesMenu.tpNivelAcceso = 'Parametrización'  AND  TB_NivelAccesoOpcionesMenu.idOpcionMenu = 19  
25/03/2017 08:12:49 |  UPDATE TB_NivelAccesoOpcionesMenu SET TB_NivelAccesoOpcionesMenu.flAcceso  = -1   WHERE TB_NivelAccesoOpcionesMenu.tpNivelAcceso = 'Parametrización'  AND  TB_NivelAccesoOpcionesMenu.idOpcionMenu = 21  
25/03/2017 08:12:49 |  UPDATE TB_NivelAccesoOpcionesMenu SET TB_NivelAccesoOpcionesMenu.flAcceso  = 0   WHERE TB_NivelAccesoOpcionesMenu.tpNivelAcceso = 'Parametrización'  AND  TB_NivelAccesoOpcionesMenu.idOpcionMenu = 217  
25/03/2017 08:12:49 |  UPDATE TB_NivelAccesoOpcionesMenu SET TB_NivelAccesoOpcionesMenu.flAcceso  = 0   WHERE TB_NivelAccesoOpcionesMenu.tpNivelAcceso = 'Parametrización'  AND  TB_NivelAccesoOpcionesMenu.idOpcionMenu = 218  
25/03/2017 08:12:49 |  UPDATE TB_NivelAccesoOpcionesMenu SET TB_NivelAccesoOpcionesMenu.flAcceso  = 0   WHERE TB_NivelAccesoOpcionesMenu.tpNivelAcceso = 'Parametrización'  AND  TB_NivelAccesoOpcionesMenu.idOpcionMenu = 23  
25/03/2017 08:12:49 |  UPDATE TB_NivelAccesoOpcionesMenu SET TB_NivelAccesoOpcionesMenu.flAcceso  = 0   WHERE TB_NivelAccesoOpcionesMenu.tpNivelAcceso = 'Parametrización'  AND  TB_NivelAccesoOpcionesMenu.idOpcionMenu = 24  
25/03/2017 08:12:49 |  UPDATE TB_NivelAccesoOpcionesMenu SET TB_NivelAccesoOpcionesMenu.flAcceso  = 0   WHERE TB_NivelAccesoOpcionesMenu.tpNivelAcceso = 'Parametrización'  AND  TB_NivelAccesoOpcionesMenu.idOpcionMenu = 25  
25/03/2017 08:12:49 |  UPDATE TB_NivelAccesoOpcionesMenu SET TB_NivelAccesoOpcionesMenu.flAcceso  = 0   WHERE TB_NivelAccesoOpcionesMenu.tpNivelAcceso = 'Parametrización'  AND  TB_NivelAccesoOpcionesMenu.idOpcionMenu = 26  
25/03/2017 08:12:49 |  UPDATE TB_NivelAccesoOpcionesMenu SET TB_NivelAccesoOpcionesMenu.flAcceso  = 0   WHERE TB_NivelAccesoOpcionesMenu.tpNivelAcceso = 'Parametrización'  AND  TB_NivelAccesoOpcionesMenu.idOpcionMenu = 27  
25/03/2017 08:12:49 |  UPDATE TB_NivelAccesoOpcionesMenu SET TB_NivelAccesoOpcionesMenu.flAcceso  = 0   WHERE TB_NivelAccesoOpcionesMenu.tpNivelAcceso = 'Parametrización'  AND  TB_NivelAccesoOpcionesMenu.idOpcionMenu = 29  
25/03/2017 08:12:49 |  UPDATE TB_NivelAccesoOpcionesMenu SET TB_NivelAccesoOpcionesMenu.flAcceso  = 0   WHERE TB_NivelAccesoOpcionesMenu.tpNivelAcceso = 'Parametrización'  AND  TB_NivelAccesoOpcionesMenu.idOpcionMenu = 30  
25/03/2017 08:12:49 |  UPDATE TB_NivelAccesoOpcionesMenu SET TB_NivelAccesoOpcionesMenu.flAcceso  = 0   WHERE TB_NivelAccesoOpcionesMenu.tpNivelAcceso = 'Parametrización'  AND  TB_NivelAccesoOpcionesMenu.idOpcionMenu = 35  
25/03/2017 08:12:49 |  UPDATE TB_NivelAccesoOpcionesMenu SET TB_NivelAccesoOpcionesMenu.flAcceso  = 0   WHERE TB_NivelAccesoOpcionesMenu.tpNivelAcceso = 'Parametrización'  AND  TB_NivelAccesoOpcionesMenu.idOpcionMenu = 37  
25/03/2017 08:12:49 |  UPDATE TB_NivelAccesoOpcionesMenu SET TB_NivelAccesoOpcionesMenu.flAcceso  = 0   WHERE TB_NivelAccesoOpcionesMenu.tpNivelAcceso = 'Parametrización'  AND  TB_NivelAccesoOpcionesMenu.idOpcionMenu = 40  
25/03/2017 08:12:49 |  UPDATE TB_NivelAccesoOpcionesMenu SET TB_NivelAccesoOpcionesMenu.flAcceso  = 0   WHERE TB_NivelAccesoOpcionesMenu.tpNivelAcceso = 'Parametrización'  AND  TB_NivelAccesoOpcionesMenu.idOpcionMenu = 68  
25/03/2017 08:12:49 |  UPDATE TB_NivelAccesoOpcionesMenu SET TB_NivelAccesoOpcionesMenu.flAcceso  = 0   WHERE TB_NivelAccesoOpcionesMenu.tpNivelAcceso = 'Parametrización'  AND  TB_NivelAccesoOpcionesMenu.idOpcionMenu = 41  
25/03/2017 08:12:49 |  UPDATE TB_NivelAccesoOpcionesMenu SET TB_NivelAccesoOpcionesMenu.flAcceso  = 0   WHERE TB_NivelAccesoOpcionesMenu.tpNivelAcceso = 'Parametrización'  AND  TB_NivelAccesoOpcionesMenu.idOpcionMenu = 44  
25/03/2017 08:12:49 |  UPDATE TB_NivelAccesoOpcionesMenu SET TB_NivelAccesoOpcionesMenu.flAcceso  = 0   WHERE TB_NivelAccesoOpcionesMenu.tpNivelAcceso = 'Parametrización'  AND  TB_NivelAccesoOpcionesMenu.idOpcionMenu = 45  
25/03/2017 08:12:49 |  UPDATE TB_NivelAccesoOpcionesMenu SET TB_NivelAccesoOpcionesMenu.flAcceso  = 0   WHERE TB_NivelAccesoOpcionesMenu.tpNivelAcceso = 'Parametrización'  AND  TB_NivelAccesoOpcionesMenu.idOpcionMenu = 65  
25/03/2017 08:12:49 |  UPDATE TB_NivelAccesoOpcionesMenu SET TB_NivelAccesoOpcionesMenu.flAcceso  = -1   WHERE TB_NivelAccesoOpcionesMenu.tpNivelAcceso = 'Parametrización'  AND  TB_NivelAccesoOpcionesMenu.idOpcionMenu = 46  
25/03/2017 08:12:49 |  UPDATE TB_NivelAccesoOpcionesMenu SET TB_NivelAccesoOpcionesMenu.flAcceso  = -1   WHERE TB_NivelAccesoOpcionesMenu.tpNivelAcceso = 'Parametrización'  AND  TB_NivelAccesoOpcionesMenu.idOpcionMenu = 47  
25/03/2017 08:12:49 |  UPDATE TB_NivelAccesoOpcionesMenu SET TB_NivelAccesoOpcionesMenu.flAcceso  = -1   WHERE TB_NivelAccesoOpcionesMenu.tpNivelAcceso = 'Parametrización'  AND  TB_NivelAccesoOpcionesMenu.idOpcionMenu = 48  
25/03/2017 08:12:49 |  UPDATE TB_NivelAccesoOpcionesMenu SET TB_NivelAccesoOpcionesMenu.flAcceso  = -1   WHERE TB_NivelAccesoOpcionesMenu.tpNivelAcceso = 'Parametrización'  AND  TB_NivelAccesoOpcionesMenu.idOpcionMenu = 212  
25/03/2017 08:12:49 |  UPDATE TB_NivelAccesoOpcionesMenu SET TB_NivelAccesoOpcionesMenu.flAcceso  = -1   WHERE TB_NivelAccesoOpcionesMenu.tpNivelAcceso = 'Parametrización'  AND  TB_NivelAccesoOpcionesMenu.idOpcionMenu = 221  
25/03/2017 08:12:49 |  UPDATE TB_NivelAccesoOpcionesMenu SET TB_NivelAccesoOpcionesMenu.flAcceso  = 0   WHERE TB_NivelAccesoOpcionesMenu.tpNivelAcceso = 'Parametrización'  AND  TB_NivelAccesoOpcionesMenu.idOpcionMenu = 219  
25/03/2017 08:12:49 |  UPDATE TB_NivelAccesoOpcionesMenu SET TB_NivelAccesoOpcionesMenu.flAcceso  = 0   WHERE TB_NivelAccesoOpcionesMenu.tpNivelAcceso = 'Parametrización'  AND  TB_NivelAccesoOpcionesMenu.idOpcionMenu = 220  
25/03/2017 08:12:51 | Exec sco_AccesosOpcionesMenu @p_tpNivelAcceso = 'Parametrización' ,@p_operaconcaja = 1 
25/03/2017 08:12:53 | optPresentacionesCAIAFIP_Click - Inicializando Servicio SGLibrary.LoaderForms
25/03/2017 08:12:53 | optPresentacionesCAIAFIP_Click - Inicializando Servicio SGLibrary.LoaderForms OK 
25/03/2017 08:12:53 | optPresentacionesCAIAFIP_Click - Antes de  UsuarioActivo objUsuario.dsUsuario 
25/03/2017 08:12:53 | optPresentacionesCAIAFIP_Click- Antes de  CajaActiva objCajas.nrCaja 
25/03/2017 08:12:53 | optPresentacionesCAIAFIP_Click - Antes de  CajaActiva objCajas.nrCaja 
25/03/2017 08:15:03 | Exec  sco_TB_Productos_v4_1 
25/03/2017 08:15:03 | Exec sco_DiccionariodeDatos @nmtabla_param='TB_Usuarios'
25/03/2017 08:15:19 |  SELECT TB_Usuarios.dsUsuario ,TB_Usuarios.dspassword ,TB_Usuarios.tpAcceso ,TB_Usuarios.nmNombre ,TB_Usuarios.nmApellido ,TB_Usuarios.flBloqueado ,TB_Usuarios.tpNivelJerarquico  FROM TB_Usuarios  WHERE TB_Usuarios.dsUsuario = 'USRPARAM'  AND  TB_Usuarios.flEliminar = 0  
25/03/2017 08:15:19 |  SELECT TB_Usuarios.dsUsuario ,TB_Usuarios.dspassword ,TB_Usuarios.tpAcceso ,TB_Usuarios.nmNombre ,TB_Usuarios.nmApellido ,TB_Usuarios.flBloqueado ,TB_Usuarios.tpNivelJerarquico  FROM TB_Usuarios  WHERE TB_Usuarios.dsUsuario = 'USRPARAM'  AND  TB_Usuarios.flEliminar = 0  
25/03/2017 08:15:20 | Exec sco_DiccionariodeDatos @nmtabla_param='sp_obtenerCajasPendientesdeAprobacion_v2_5'
25/03/2017 08:15:20 | Exec sp_obtenerCajasPendientesdeAprobacion_v2_5 @pdsUsuario_param = 'USRPARAM' 
25/03/2017 08:15:20 | Exec sco_DiccionariodeDatos @nmtabla_param='TB_Parametros'
25/03/2017 08:15:20 |  SELECT TB_Parametros.vlParametro  FROM TB_Parametros  WHERE TB_Parametros.dsParametro = 'VALOR EURO'  
25/03/2017 08:15:20 |  SELECT TB_Parametros.vlParametro  FROM TB_Parametros  WHERE TB_Parametros.dsParametro = 'VALOR DOLAR'  
25/03/2017 08:15:20 | Exec SP_ValorPromoRetorno
25/03/2017 08:15:20 | Exec sco_DiccionariodeDatos @nmtabla_param='TB_Comisiones'
25/03/2017 08:15:20 |  SELECT TB_Comisiones.vlMontoMinimo  FROM TB_Comisiones  WHERE TB_Comisiones.tpComision = 'Retorno'  AND  TB_Comisiones.flEliminar = 0  
25/03/2017 08:15:20 |  SELECT TB_Parametros.vlParametro  FROM TB_Parametros  WHERE TB_Parametros.dsParametro = 'VALOR REAL'  
25/03/2017 08:15:20 | Exec sco_validarVencimientosCAI_v4_1
25/03/2017 08:15:21 | Exec sco_DiccionariodeDatos @nmtabla_param='sco_AccesosOpcionesMenu'
25/03/2017 08:15:21 | Exec sco_AccesosOpcionesMenu @p_tpNivelAcceso = 'Parametrización' ,@p_operaconcaja = 1 
25/03/2017 08:15:21 | Exec sco_AccesosOpcionesMenu @p_tpNivelAcceso = 'Parametrización' ,@p_operaconcaja = 1 
25/03/2017 08:15:25 | optPresentacionesCAIAFIP_Click - Inicializando Servicio SGLibrary.LoaderForms
25/03/2017 08:15:25 | optPresentacionesCAIAFIP_Click - Inicializando Servicio SGLibrary.LoaderForms OK 
25/03/2017 08:15:25 | optPresentacionesCAIAFIP_Click - Antes de  UsuarioActivo objUsuario.dsUsuario 
25/03/2017 08:15:25 | optPresentacionesCAIAFIP_Click- Antes de  CajaActiva objCajas.nrCaja 
25/03/2017 08:15:25 | optPresentacionesCAIAFIP_Click - Antes de  CajaActiva objCajas.nrCaja 
25/03/2017 08:20:35 | Exec  sco_TB_Productos_v4_1 
25/03/2017 08:20:36 | Exec sco_DiccionariodeDatos @nmtabla_param='TB_Usuarios'
25/03/2017 08:20:39 |  SELECT TB_Usuarios.dsUsuario ,TB_Usuarios.dspassword ,TB_Usuarios.tpAcceso ,TB_Usuarios.nmNombre ,TB_Usuarios.nmApellido ,TB_Usuarios.flBloqueado ,TB_Usuarios.tpNivelJerarquico  FROM TB_Usuarios  WHERE TB_Usuarios.dsUsuario = 'USRPARAM'  AND  TB_Usuarios.flEliminar = 0  
25/03/2017 08:20:39 |  SELECT TB_Usuarios.dsUsuario ,TB_Usuarios.dspassword ,TB_Usuarios.tpAcceso ,TB_Usuarios.nmNombre ,TB_Usuarios.nmApellido ,TB_Usuarios.flBloqueado ,TB_Usuarios.tpNivelJerarquico  FROM TB_Usuarios  WHERE TB_Usuarios.dsUsuario = 'USRPARAM'  AND  TB_Usuarios.flEliminar = 0  
25/03/2017 08:20:39 | Exec sco_DiccionariodeDatos @nmtabla_param='sp_obtenerCajasPendientesdeAprobacion_v2_5'
25/03/2017 08:20:39 | Exec sp_obtenerCajasPendientesdeAprobacion_v2_5 @pdsUsuario_param = 'USRPARAM' 
25/03/2017 08:20:39 | Exec sco_DiccionariodeDatos @nmtabla_param='TB_Parametros'
25/03/2017 08:20:39 |  SELECT TB_Parametros.vlParametro  FROM TB_Parametros  WHERE TB_Parametros.dsParametro = 'VALOR EURO'  
25/03/2017 08:20:39 |  SELECT TB_Parametros.vlParametro  FROM TB_Parametros  WHERE TB_Parametros.dsParametro = 'VALOR DOLAR'  
25/03/2017 08:20:39 | Exec SP_ValorPromoRetorno
25/03/2017 08:20:39 | Exec sco_DiccionariodeDatos @nmtabla_param='TB_Comisiones'
25/03/2017 08:20:39 |  SELECT TB_Comisiones.vlMontoMinimo  FROM TB_Comisiones  WHERE TB_Comisiones.tpComision = 'Retorno'  AND  TB_Comisiones.flEliminar = 0  
25/03/2017 08:20:39 |  SELECT TB_Parametros.vlParametro  FROM TB_Parametros  WHERE TB_Parametros.dsParametro = 'VALOR REAL'  
25/03/2017 08:20:39 | Exec sco_validarVencimientosCAI_v4_1
25/03/2017 08:20:40 | Exec sco_DiccionariodeDatos @nmtabla_param='sco_AccesosOpcionesMenu'
25/03/2017 08:20:40 | Exec sco_AccesosOpcionesMenu @p_tpNivelAcceso = 'Parametrización' ,@p_operaconcaja = 1 
25/03/2017 08:20:40 | Exec sco_AccesosOpcionesMenu @p_tpNivelAcceso = 'Parametrización' ,@p_operaconcaja = 1 
25/03/2017 08:20:47 | Exec sco_DiccionariodeDatos @nmtabla_param='TB_NivelAcceso'
25/03/2017 08:20:49 |  SELECT TB_NivelAcceso.tpNivelAcceso  FROM TB_NivelAcceso  WHERE  tpNivelAcceso Like ('%%%') Order by TB_NivelAcceso.tpNivelAcceso ASC 
25/03/2017 08:20:53 |  SELECT TB_NivelAcceso.tpNivelAcceso  FROM TB_NivelAcceso  WHERE TB_NivelAcceso.tpNivelAcceso = 'Parametrización'  
25/03/2017 08:20:53 | Exec sco_AccesosOpcionesMenu @p_tpNivelAcceso = 'Parametrización' 
25/03/2017 08:21:09 |  UPDATE TB_NivelAcceso SET TB_NivelAcceso.tpNivelAcceso  = 'Parametrización'   WHERE TB_NivelAcceso.tpNivelAcceso = 'Parametrización'  
25/03/2017 08:21:09 | Exec sco_DiccionariodeDatos @nmtabla_param='TB_NivelAccesoOpcionesMenu'
25/03/2017 08:21:09 |  UPDATE TB_NivelAccesoOpcionesMenu SET TB_NivelAccesoOpcionesMenu.flAcceso  = -1   WHERE TB_NivelAccesoOpcionesMenu.tpNivelAcceso = 'Parametrización'  AND  TB_NivelAccesoOpcionesMenu.idOpcionMenu = 1  
25/03/2017 08:21:09 |  UPDATE TB_NivelAccesoOpcionesMenu SET TB_NivelAccesoOpcionesMenu.flAcceso  = 0   WHERE TB_NivelAccesoOpcionesMenu.tpNivelAcceso = 'Parametrización'  AND  TB_NivelAccesoOpcionesMenu.idOpcionMenu = 2  
25/03/2017 08:21:09 |  UPDATE TB_NivelAccesoOpcionesMenu SET TB_NivelAccesoOpcionesMenu.flAcceso  = 0   WHERE TB_NivelAccesoOpcionesMenu.tpNivelAcceso = 'Parametrización'  AND  TB_NivelAccesoOpcionesMenu.idOpcionMenu = 3  
25/03/2017 08:21:09 |  UPDATE TB_NivelAccesoOpcionesMenu SET TB_NivelAccesoOpcionesMenu.flAcceso  = 0   WHERE TB_NivelAccesoOpcionesMenu.tpNivelAcceso = 'Parametrización'  AND  TB_NivelAccesoOpcionesMenu.idOpcionMenu = 4  
25/03/2017 08:21:09 |  UPDATE TB_NivelAccesoOpcionesMenu SET TB_NivelAccesoOpcionesMenu.flAcceso  = -1   WHERE TB_NivelAccesoOpcionesMenu.tpNivelAcceso = 'Parametrización'  AND  TB_NivelAccesoOpcionesMenu.idOpcionMenu = 5  
25/03/2017 08:21:09 |  UPDATE TB_NivelAccesoOpcionesMenu SET TB_NivelAccesoOpcionesMenu.flAcceso  = -1   WHERE TB_NivelAccesoOpcionesMenu.tpNivelAcceso = 'Parametrización'  AND  TB_NivelAccesoOpcionesMenu.idOpcionMenu = 49  
25/03/2017 08:21:09 |  UPDATE TB_NivelAccesoOpcionesMenu SET TB_NivelAccesoOpcionesMenu.flAcceso  = 0   WHERE TB_NivelAccesoOpcionesMenu.tpNivelAcceso = 'Parametrización'  AND  TB_NivelAccesoOpcionesMenu.idOpcionMenu = 6  
25/03/2017 08:21:09 |  UPDATE TB_NivelAccesoOpcionesMenu SET TB_NivelAccesoOpcionesMenu.flAcceso  = 0   WHERE TB_NivelAccesoOpcionesMenu.tpNivelAcceso = 'Parametrización'  AND  TB_NivelAccesoOpcionesMenu.idOpcionMenu = 7  
25/03/2017 08:21:09 |  UPDATE TB_NivelAccesoOpcionesMenu SET TB_NivelAccesoOpcionesMenu.flAcceso  = 0   WHERE TB_NivelAccesoOpcionesMenu.tpNivelAcceso = 'Parametrización'  AND  TB_NivelAccesoOpcionesMenu.idOpcionMenu = 60  
25/03/2017 08:21:09 |  UPDATE TB_NivelAccesoOpcionesMenu SET TB_NivelAccesoOpcionesMenu.flAcceso  = 0   WHERE TB_NivelAccesoOpcionesMenu.tpNivelAcceso = 'Parametrización'  AND  TB_NivelAccesoOpcionesMenu.idOpcionMenu = 62  
25/03/2017 08:21:09 |  UPDATE TB_NivelAccesoOpcionesMenu SET TB_NivelAccesoOpcionesMenu.flAcceso  = 0   WHERE TB_NivelAccesoOpcionesMenu.tpNivelAcceso = 'Parametrización'  AND  TB_NivelAccesoOpcionesMenu.idOpcionMenu = 63  
25/03/2017 08:21:09 |  UPDATE TB_NivelAccesoOpcionesMenu SET TB_NivelAccesoOpcionesMenu.flAcceso  = 0   WHERE TB_NivelAccesoOpcionesMenu.tpNivelAcceso = 'Parametrización'  AND  TB_NivelAccesoOpcionesMenu.idOpcionMenu = 61  
25/03/2017 08:21:09 |  UPDATE TB_NivelAccesoOpcionesMenu SET TB_NivelAccesoOpcionesMenu.flAcceso  = 0   WHERE TB_NivelAccesoOpcionesMenu.tpNivelAcceso = 'Parametrización'  AND  TB_NivelAccesoOpcionesMenu.idOpcionMenu = 64  
25/03/2017 08:21:09 |  UPDATE TB_NivelAccesoOpcionesMenu SET TB_NivelAccesoOpcionesMenu.flAcceso  = 0   WHERE TB_NivelAccesoOpcionesMenu.tpNivelAcceso = 'Parametrización'  AND  TB_NivelAccesoOpcionesMenu.idOpcionMenu = 8  
25/03/2017 08:21:09 |  UPDATE TB_NivelAccesoOpcionesMenu SET TB_NivelAccesoOpcionesMenu.flAcceso  = 0   WHERE TB_NivelAccesoOpcionesMenu.tpNivelAcceso = 'Parametrización'  AND  TB_NivelAccesoOpcionesMenu.idOpcionMenu = 9  
25/03/2017 08:21:09 |  UPDATE TB_NivelAccesoOpcionesMenu SET TB_NivelAccesoOpcionesMenu.flAcceso  = 0   WHERE TB_NivelAccesoOpcionesMenu.tpNivelAcceso = 'Parametrización'  AND  TB_NivelAccesoOpcionesMenu.idOpcionMenu = 200  
25/03/2017 08:21:09 |  UPDATE TB_NivelAccesoOpcionesMenu SET TB_NivelAccesoOpcionesMenu.flAcceso  = 0   WHERE TB_NivelAccesoOpcionesMenu.tpNivelAcceso = 'Parametrización'  AND  TB_NivelAccesoOpcionesMenu.idOpcionMenu = 201  
25/03/2017 08:21:09 |  UPDATE TB_NivelAccesoOpcionesMenu SET TB_NivelAccesoOpcionesMenu.flAcceso  = 0   WHERE TB_NivelAccesoOpcionesMenu.tpNivelAcceso = 'Parametrización'  AND  TB_NivelAccesoOpcionesMenu.idOpcionMenu = 10  
25/03/2017 08:21:09 |  UPDATE TB_NivelAccesoOpcionesMenu SET TB_NivelAccesoOpcionesMenu.flAcceso  = 0   WHERE TB_NivelAccesoOpcionesMenu.tpNivelAcceso = 'Parametrización'  AND  TB_NivelAccesoOpcionesMenu.idOpcionMenu = 11  
25/03/2017 08:21:09 |  UPDATE TB_NivelAccesoOpcionesMenu SET TB_NivelAccesoOpcionesMenu.flAcceso  = -1   WHERE TB_NivelAccesoOpcionesMenu.tpNivelAcceso = 'Parametrización'  AND  TB_NivelAccesoOpcionesMenu.idOpcionMenu = 12  
25/03/2017 08:21:09 |  UPDATE TB_NivelAccesoOpcionesMenu SET TB_NivelAccesoOpcionesMenu.flAcceso  = 0   WHERE TB_NivelAccesoOpcionesMenu.tpNivelAcceso = 'Parametrización'  AND  TB_NivelAccesoOpcionesMenu.idOpcionMenu = 13  
25/03/2017 08:21:09 |  UPDATE TB_NivelAccesoOpcionesMenu SET TB_NivelAccesoOpcionesMenu.flAcceso  = -1   WHERE TB_NivelAccesoOpcionesMenu.tpNivelAcceso = 'Parametrización'  AND  TB_NivelAccesoOpcionesMenu.idOpcionMenu = 14  
25/03/2017 08:21:09 |  UPDATE TB_NivelAccesoOpcionesMenu SET TB_NivelAccesoOpcionesMenu.flAcceso  = -1   WHERE TB_NivelAccesoOpcionesMenu.tpNivelAcceso = 'Parametrización'  AND  TB_NivelAccesoOpcionesMenu.idOpcionMenu = 15  
25/03/2017 08:21:09 |  UPDATE TB_NivelAccesoOpcionesMenu SET TB_NivelAccesoOpcionesMenu.flAcceso  = -1   WHERE TB_NivelAccesoOpcionesMenu.tpNivelAcceso = 'Parametrización'  AND  TB_NivelAccesoOpcionesMenu.idOpcionMenu = 16  
25/03/2017 08:21:09 |  UPDATE TB_NivelAccesoOpcionesMenu SET TB_NivelAccesoOpcionesMenu.flAcceso  = 0   WHERE TB_NivelAccesoOpcionesMenu.tpNivelAcceso = 'Parametrización'  AND  TB_NivelAccesoOpcionesMenu.idOpcionMenu = 17  
25/03/2017 08:21:09 |  UPDATE TB_NivelAccesoOpcionesMenu SET TB_NivelAccesoOpcionesMenu.flAcceso  = -1   WHERE TB_NivelAccesoOpcionesMenu.tpNivelAcceso = 'Parametrización'  AND  TB_NivelAccesoOpcionesMenu.idOpcionMenu = 50  
25/03/2017 08:21:09 |  UPDATE TB_NivelAccesoOpcionesMenu SET TB_NivelAccesoOpcionesMenu.flAcceso  = -1   WHERE TB_NivelAccesoOpcionesMenu.tpNivelAcceso = 'Parametrización'  AND  TB_NivelAccesoOpcionesMenu.idOpcionMenu = 18  
25/03/2017 08:21:09 |  UPDATE TB_NivelAccesoOpcionesMenu SET TB_NivelAccesoOpcionesMenu.flAcceso  = -1   WHERE TB_NivelAccesoOpcionesMenu.tpNivelAcceso = 'Parametrización'  AND  TB_NivelAccesoOpcionesMenu.idOpcionMenu = 19  
25/03/2017 08:21:09 |  UPDATE TB_NivelAccesoOpcionesMenu SET TB_NivelAccesoOpcionesMenu.flAcceso  = -1   WHERE TB_NivelAccesoOpcionesMenu.tpNivelAcceso = 'Parametrización'  AND  TB_NivelAccesoOpcionesMenu.idOpcionMenu = 21  
25/03/2017 08:21:09 |  UPDATE TB_NivelAccesoOpcionesMenu SET TB_NivelAccesoOpcionesMenu.flAcceso  = 0   WHERE TB_NivelAccesoOpcionesMenu.tpNivelAcceso = 'Parametrización'  AND  TB_NivelAccesoOpcionesMenu.idOpcionMenu = 217  
25/03/2017 08:21:09 |  UPDATE TB_NivelAccesoOpcionesMenu SET TB_NivelAccesoOpcionesMenu.flAcceso  = 0   WHERE TB_NivelAccesoOpcionesMenu.tpNivelAcceso = 'Parametrización'  AND  TB_NivelAccesoOpcionesMenu.idOpcionMenu = 218  
25/03/2017 08:21:09 |  UPDATE TB_NivelAccesoOpcionesMenu SET TB_NivelAccesoOpcionesMenu.flAcceso  = 0   WHERE TB_NivelAccesoOpcionesMenu.tpNivelAcceso = 'Parametrización'  AND  TB_NivelAccesoOpcionesMenu.idOpcionMenu = 23  
25/03/2017 08:21:09 |  UPDATE TB_NivelAccesoOpcionesMenu SET TB_NivelAccesoOpcionesMenu.flAcceso  = 0   WHERE TB_NivelAccesoOpcionesMenu.tpNivelAcceso = 'Parametrización'  AND  TB_NivelAccesoOpcionesMenu.idOpcionMenu = 24  
25/03/2017 08:21:09 |  UPDATE TB_NivelAccesoOpcionesMenu SET TB_NivelAccesoOpcionesMenu.flAcceso  = 0   WHERE TB_NivelAccesoOpcionesMenu.tpNivelAcceso = 'Parametrización'  AND  TB_NivelAccesoOpcionesMenu.idOpcionMenu = 25  
25/03/2017 08:21:09 |  UPDATE TB_NivelAccesoOpcionesMenu SET TB_NivelAccesoOpcionesMenu.flAcceso  = 0   WHERE TB_NivelAccesoOpcionesMenu.tpNivelAcceso = 'Parametrización'  AND  TB_NivelAccesoOpcionesMenu.idOpcionMenu = 26  
25/03/2017 08:21:09 |  UPDATE TB_NivelAccesoOpcionesMenu SET TB_NivelAccesoOpcionesMenu.flAcceso  = 0   WHERE TB_NivelAccesoOpcionesMenu.tpNivelAcceso = 'Parametrización'  AND  TB_NivelAccesoOpcionesMenu.idOpcionMenu = 27  
25/03/2017 08:21:09 |  UPDATE TB_NivelAccesoOpcionesMenu SET TB_NivelAccesoOpcionesMenu.flAcceso  = 0   WHERE TB_NivelAccesoOpcionesMenu.tpNivelAcceso = 'Parametrización'  AND  TB_NivelAccesoOpcionesMenu.idOpcionMenu = 29  
25/03/2017 08:21:09 |  UPDATE TB_NivelAccesoOpcionesMenu SET TB_NivelAccesoOpcionesMenu.flAcceso  = 0   WHERE TB_NivelAccesoOpcionesMenu.tpNivelAcceso = 'Parametrización'  AND  TB_NivelAccesoOpcionesMenu.idOpcionMenu = 30  
25/03/2017 08:21:09 |  UPDATE TB_NivelAccesoOpcionesMenu SET TB_NivelAccesoOpcionesMenu.flAcceso  = 0   WHERE TB_NivelAccesoOpcionesMenu.tpNivelAcceso = 'Parametrización'  AND  TB_NivelAccesoOpcionesMenu.idOpcionMenu = 35  
25/03/2017 08:21:09 |  UPDATE TB_NivelAccesoOpcionesMenu SET TB_NivelAccesoOpcionesMenu.flAcceso  = 0   WHERE TB_NivelAccesoOpcionesMenu.tpNivelAcceso = 'Parametrización'  AND  TB_NivelAccesoOpcionesMenu.idOpcionMenu = 37  
25/03/2017 08:21:09 |  UPDATE TB_NivelAccesoOpcionesMenu SET TB_NivelAccesoOpcionesMenu.flAcceso  = 0   WHERE TB_NivelAccesoOpcionesMenu.tpNivelAcceso = 'Parametrización'  AND  TB_NivelAccesoOpcionesMenu.idOpcionMenu = 40  
25/03/2017 08:21:09 |  UPDATE TB_NivelAccesoOpcionesMenu SET TB_NivelAccesoOpcionesMenu.flAcceso  = 0   WHERE TB_NivelAccesoOpcionesMenu.tpNivelAcceso = 'Parametrización'  AND  TB_NivelAccesoOpcionesMenu.idOpcionMenu = 68  
25/03/2017 08:21:09 |  UPDATE TB_NivelAccesoOpcionesMenu SET TB_NivelAccesoOpcionesMenu.flAcceso  = 0   WHERE TB_NivelAccesoOpcionesMenu.tpNivelAcceso = 'Parametrización'  AND  TB_NivelAccesoOpcionesMenu.idOpcionMenu = 41  
25/03/2017 08:21:09 |  UPDATE TB_NivelAccesoOpcionesMenu SET TB_NivelAccesoOpcionesMenu.flAcceso  = 0   WHERE TB_NivelAccesoOpcionesMenu.tpNivelAcceso = 'Parametrización'  AND  TB_NivelAccesoOpcionesMenu.idOpcionMenu = 44  
25/03/2017 08:21:09 |  UPDATE TB_NivelAccesoOpcionesMenu SET TB_NivelAccesoOpcionesMenu.flAcceso  = 0   WHERE TB_NivelAccesoOpcionesMenu.tpNivelAcceso = 'Parametrización'  AND  TB_NivelAccesoOpcionesMenu.idOpcionMenu = 45  
25/03/2017 08:21:09 |  UPDATE TB_NivelAccesoOpcionesMenu SET TB_NivelAccesoOpcionesMenu.flAcceso  = 0   WHERE TB_NivelAccesoOpcionesMenu.tpNivelAcceso = 'Parametrización'  AND  TB_NivelAccesoOpcionesMenu.idOpcionMenu = 65  
25/03/2017 08:21:09 |  UPDATE TB_NivelAccesoOpcionesMenu SET TB_NivelAccesoOpcionesMenu.flAcceso  = -1   WHERE TB_NivelAccesoOpcionesMenu.tpNivelAcceso = 'Parametrización'  AND  TB_NivelAccesoOpcionesMenu.idOpcionMenu = 46  
25/03/2017 08:21:09 |  UPDATE TB_NivelAccesoOpcionesMenu SET TB_NivelAccesoOpcionesMenu.flAcceso  = -1   WHERE TB_NivelAccesoOpcionesMenu.tpNivelAcceso = 'Parametrización'  AND  TB_NivelAccesoOpcionesMenu.idOpcionMenu = 47  
25/03/2017 08:21:09 |  UPDATE TB_NivelAccesoOpcionesMenu SET TB_NivelAccesoOpcionesMenu.flAcceso  = -1   WHERE TB_NivelAccesoOpcionesMenu.tpNivelAcceso = 'Parametrización'  AND  TB_NivelAccesoOpcionesMenu.idOpcionMenu = 48  
25/03/2017 08:21:09 |  UPDATE TB_NivelAccesoOpcionesMenu SET TB_NivelAccesoOpcionesMenu.flAcceso  = -1   WHERE TB_NivelAccesoOpcionesMenu.tpNivelAcceso = 'Parametrización'  AND  TB_NivelAccesoOpcionesMenu.idOpcionMenu = 212  
25/03/2017 08:21:09 |  UPDATE TB_NivelAccesoOpcionesMenu SET TB_NivelAccesoOpcionesMenu.flAcceso  = -1   WHERE TB_NivelAccesoOpcionesMenu.tpNivelAcceso = 'Parametrización'  AND  TB_NivelAccesoOpcionesMenu.idOpcionMenu = 221  
25/03/2017 08:21:09 |  UPDATE TB_NivelAccesoOpcionesMenu SET TB_NivelAccesoOpcionesMenu.flAcceso  = -1   WHERE TB_NivelAccesoOpcionesMenu.tpNivelAcceso = 'Parametrización'  AND  TB_NivelAccesoOpcionesMenu.idOpcionMenu = 219  
25/03/2017 08:21:09 |  UPDATE TB_NivelAccesoOpcionesMenu SET TB_NivelAccesoOpcionesMenu.flAcceso  = -1   WHERE TB_NivelAccesoOpcionesMenu.tpNivelAcceso = 'Parametrización'  AND  TB_NivelAccesoOpcionesMenu.idOpcionMenu = 220  
25/03/2017 08:21:11 | Exec sco_AccesosOpcionesMenu @p_tpNivelAcceso = 'Parametrización' ,@p_operaconcaja = 1 
25/03/2017 08:21:12 | Exec sco_DiccionariodeDatos @nmtabla_param='VW_CajadeADMAbierta'
25/03/2017 08:21:12 |  SELECT VW_CajadeADMAbierta.nrCaja ,VW_CajadeADMAbierta.vlSaldoFinalRealPesos ,VW_CajadeADMAbierta.vlSaldoFinalRealEuros ,VW_CajadeADMAbierta.vlSaldoFinalRealDolares ,VW_CajadeADMAbierta.dsUsuario  FROM VW_CajadeADMAbierta 
25/03/2017 08:21:12 | Inicializando Servicio SGLibrary.ServiceConciliacion
25/03/2017 08:21:12 | Inicializando Servicio SGLibrary.ServiceConciliacion OK 
25/03/2017 08:21:12 | Antes de  UsuarioActivo objUsuario.dsUsuario 
25/03/2017 08:21:12 | Antes de  CajaActiva objCajas.nrCaja 
25/03/2017 08:21:12 | Antes de  CajaActiva objCajas.nrCaja 
25/03/2017 08:21:25 |  SELECT VW_CajadeADMAbierta.nrCaja ,VW_CajadeADMAbierta.vlSaldoFinalRealPesos ,VW_CajadeADMAbierta.vlSaldoFinalRealEuros ,VW_CajadeADMAbierta.vlSaldoFinalRealDolares ,VW_CajadeADMAbierta.dsUsuario  FROM VW_CajadeADMAbierta 
25/03/2017 08:21:25 | Inicializando Servicio SGLibrary.ServiceConciliacion
25/03/2017 08:21:25 | Inicializando Servicio SGLibrary.ServiceConciliacion OK 
25/03/2017 08:21:25 | Antes de  UsuarioActivo objUsuario.dsUsuario 
25/03/2017 08:21:25 | Antes de  CajaActiva objCajas.nrCaja 
25/03/2017 08:21:25 | Antes de  CajaActiva objCajas.nrCaja 
25/03/2017 08:48:18 | Exec  sco_TB_Productos_v4_1 
25/03/2017 08:48:18 | Exec sco_DiccionariodeDatos @nmtabla_param='TB_Usuarios'
25/03/2017 08:48:22 |  SELECT TB_Usuarios.dsUsuario ,TB_Usuarios.dspassword ,TB_Usuarios.tpAcceso ,TB_Usuarios.nmNombre ,TB_Usuarios.nmApellido ,TB_Usuarios.flBloqueado ,TB_Usuarios.tpNivelJerarquico  FROM TB_Usuarios  WHERE TB_Usuarios.dsUsuario = 'USRPARAM'  AND  TB_Usuarios.flEliminar = 0  
25/03/2017 08:48:22 |  SELECT TB_Usuarios.dsUsuario ,TB_Usuarios.dspassword ,TB_Usuarios.tpAcceso ,TB_Usuarios.nmNombre ,TB_Usuarios.nmApellido ,TB_Usuarios.flBloqueado ,TB_Usuarios.tpNivelJerarquico  FROM TB_Usuarios  WHERE TB_Usuarios.dsUsuario = 'USRPARAM'  AND  TB_Usuarios.flEliminar = 0  
25/03/2017 08:48:22 | Exec sco_DiccionariodeDatos @nmtabla_param='sp_obtenerCajasPendientesdeAprobacion_v2_5'
25/03/2017 08:48:22 | Exec sp_obtenerCajasPendientesdeAprobacion_v2_5 @pdsUsuario_param = 'USRPARAM' 
25/03/2017 08:48:22 | Exec sco_DiccionariodeDatos @nmtabla_param='TB_Parametros'
25/03/2017 08:48:22 |  SELECT TB_Parametros.vlParametro  FROM TB_Parametros  WHERE TB_Parametros.dsParametro = 'VALOR EURO'  
25/03/2017 08:48:22 |  SELECT TB_Parametros.vlParametro  FROM TB_Parametros  WHERE TB_Parametros.dsParametro = 'VALOR DOLAR'  
25/03/2017 08:48:22 | Exec SP_ValorPromoRetorno
25/03/2017 08:48:22 | Exec sco_DiccionariodeDatos @nmtabla_param='TB_Comisiones'
25/03/2017 08:48:22 |  SELECT TB_Comisiones.vlMontoMinimo  FROM TB_Comisiones  WHERE TB_Comisiones.tpComision = 'Retorno'  AND  TB_Comisiones.flEliminar = 0  
25/03/2017 08:48:22 |  SELECT TB_Parametros.vlParametro  FROM TB_Parametros  WHERE TB_Parametros.dsParametro = 'VALOR REAL'  
25/03/2017 08:48:22 | Exec sco_validarVencimientosCAI_v4_1
25/03/2017 08:48:23 | Exec sco_DiccionariodeDatos @nmtabla_param='sco_AccesosOpcionesMenu'
25/03/2017 08:48:23 | Exec sco_AccesosOpcionesMenu @p_tpNivelAcceso = 'Parametrización' ,@p_operaconcaja = 1 
25/03/2017 08:48:24 | Exec sco_AccesosOpcionesMenu @p_tpNivelAcceso = 'Parametrización' ,@p_operaconcaja = 1 
25/03/2017 08:48:25 | Exec sco_DiccionariodeDatos @nmtabla_param='VW_CajadeADMAbierta'
25/03/2017 08:48:25 |  SELECT VW_CajadeADMAbierta.nrCaja ,VW_CajadeADMAbierta.vlSaldoFinalRealPesos ,VW_CajadeADMAbierta.vlSaldoFinalRealEuros ,VW_CajadeADMAbierta.vlSaldoFinalRealDolares ,VW_CajadeADMAbierta.dsUsuario  FROM VW_CajadeADMAbierta 
25/03/2017 08:48:25 | Inicializando Servicio SGLibrary.ServiceConciliacion
25/03/2017 08:48:25 | Inicializando Servicio SGLibrary.ServiceConciliacion OK 
25/03/2017 08:48:25 | Antes de  UsuarioActivo objUsuario.dsUsuario 
25/03/2017 08:48:25 | Antes de  CajaActiva objCajas.nrCaja 
25/03/2017 08:48:25 | Antes de  CajaActiva objCajas.nrCaja 
25/03/2017 08:48:32 | optPresentacionesCAIAFIP_Click - Inicializando Servicio SGLibrary.LoaderForms
25/03/2017 08:48:32 | optPresentacionesCAIAFIP_Click - Inicializando Servicio SGLibrary.LoaderForms OK 
25/03/2017 08:48:32 | optPresentacionesCAIAFIP_Click - Antes de  UsuarioActivo objUsuario.dsUsuario 
25/03/2017 08:48:32 | optPresentacionesCAIAFIP_Click- Antes de  CajaActiva objCajas.nrCaja 
25/03/2017 08:48:32 | optPresentacionesCAIAFIP_Click - Antes de  CajaActiva objCajas.nrCaja 
25/03/2017 08:48:52 | Exec  sco_TB_Productos_v4_1 
25/03/2017 08:48:52 | Exec sco_DiccionariodeDatos @nmtabla_param='TB_Usuarios'
