20/06/2017 23:05:11 | Exec  sco_TB_Productos_v4_1 
20/06/2017 23:05:11 | Exec sco_DiccionariodeDatos @nmtabla_param='TB_Usuarios'
20/06/2017 23:05:15 |  SELECT TB_Usuarios.dsUsuario ,TB_Usuarios.dspassword ,TB_Usuarios.tpAcceso ,TB_Usuarios.nmNombre ,TB_Usuarios.nmApellido ,TB_Usuarios.flBloqueado ,TB_Usuarios.tpNivelJerarquico  FROM TB_Usuarios  WHERE TB_Usuarios.dsUsuario = 'USRPARAM'  AND  TB_Usuarios.flEliminar = 0  
20/06/2017 23:05:15 |  SELECT TB_Usuarios.dsUsuario ,TB_Usuarios.dspassword ,TB_Usuarios.tpAcceso ,TB_Usuarios.nmNombre ,TB_Usuarios.nmApellido ,TB_Usuarios.flBloqueado ,TB_Usuarios.tpNivelJerarquico  FROM TB_Usuarios  WHERE TB_Usuarios.dsUsuario = 'USRPARAM'  AND  TB_Usuarios.flEliminar = 0  
20/06/2017 23:05:15 | Exec sco_DiccionariodeDatos @nmtabla_param='sp_obtenerCajasPendientesdeAprobacion_v2_5'
20/06/2017 23:05:15 | Exec sp_obtenerCajasPendientesdeAprobacion_v2_5 @pdsUsuario_param = 'USRPARAM' 
20/06/2017 23:05:15 | Exec sco_DiccionariodeDatos @nmtabla_param='TB_Parametros'
20/06/2017 23:05:15 |  SELECT TB_Parametros.vlParametro  FROM TB_Parametros  WHERE TB_Parametros.dsParametro = 'VALOR EURO'  
20/06/2017 23:05:15 |  SELECT TB_Parametros.vlParametro  FROM TB_Parametros  WHERE TB_Parametros.dsParametro = 'VALOR DOLAR'  
20/06/2017 23:05:15 | Exec SP_ValorPromoRetorno
20/06/2017 23:05:15 | Exec sco_DiccionariodeDatos @nmtabla_param='TB_Comisiones'
20/06/2017 23:05:15 |  SELECT TB_Comisiones.vlMontoMinimo  FROM TB_Comisiones  WHERE TB_Comisiones.tpComision = 'Retorno'  AND  TB_Comisiones.flEliminar = 0  
20/06/2017 23:05:15 |  SELECT TB_Parametros.vlParametro  FROM TB_Parametros  WHERE TB_Parametros.dsParametro = 'VALOR REAL'  
20/06/2017 23:05:15 | Exec sco_validarVencimientosCAI_v4_1
20/06/2017 23:05:16 | Exec sco_DiccionariodeDatos @nmtabla_param='sco_AccesosOpcionesMenu'
20/06/2017 23:05:16 | Exec sco_AccesosOpcionesMenu @p_tpNivelAcceso = 'Parametrización' ,@p_operaconcaja = 1 
20/06/2017 23:05:16 | Exec sco_AccesosOpcionesMenu @p_tpNivelAcceso = 'Parametrización' ,@p_operaconcaja = 1 
20/06/2017 23:05:50 | Exec  sco_TB_Productos_v4_1 
20/06/2017 23:05:50 | Exec sco_DiccionariodeDatos @nmtabla_param='TB_Usuarios'
20/06/2017 23:05:52 |  SELECT TOP 100 TB_Usuarios.dsUsuario  FROM TB_Usuarios  WHERE TB_Usuarios.tpAcceso <> 'Puestos'  AND  TB_Usuarios.flBloqueado = 0  AND   dsUsuario Like ('c%') AND TB_Usuarios.flEliminar = 0
20/06/2017 23:05:52 |  SELECT TOP 100 TB_Usuarios.dsUsuario  FROM TB_Usuarios  WHERE TB_Usuarios.tpAcceso <> 'Puestos'  AND  TB_Usuarios.flBloqueado = 0  AND   dsUsuario Like ('ca%') AND TB_Usuarios.flEliminar = 0
20/06/2017 23:05:52 |  SELECT TOP 100 TB_Usuarios.dsUsuario  FROM TB_Usuarios  WHERE TB_Usuarios.tpAcceso <> 'Puestos'  AND  TB_Usuarios.flBloqueado = 0  AND   dsUsuario Like ('cam%') AND TB_Usuarios.flEliminar = 0
20/06/2017 23:05:52 |  SELECT TOP 100 TB_Usuarios.dsUsuario  FROM TB_Usuarios  WHERE TB_Usuarios.tpAcceso <> 'Puestos'  AND  TB_Usuarios.flBloqueado = 0  AND   dsUsuario Like ('cami%') AND TB_Usuarios.flEliminar = 0
20/06/2017 23:05:56 |  SELECT TB_Usuarios.dsUsuario ,TB_Usuarios.dspassword ,TB_Usuarios.tpAcceso ,TB_Usuarios.nmNombre ,TB_Usuarios.nmApellido ,TB_Usuarios.flBloqueado ,TB_Usuarios.tpNivelJerarquico  FROM TB_Usuarios  WHERE TB_Usuarios.dsUsuario = 'CAMILAP'  AND  TB_Usuarios.flEliminar = 0  
20/06/2017 23:05:56 |  SELECT TB_Usuarios.dsUsuario ,TB_Usuarios.dspassword ,TB_Usuarios.tpAcceso ,TB_Usuarios.nmNombre ,TB_Usuarios.nmApellido ,TB_Usuarios.flBloqueado ,TB_Usuarios.tpNivelJerarquico  FROM TB_Usuarios  WHERE TB_Usuarios.dsUsuario = 'CAMILAP'  AND  TB_Usuarios.flEliminar = 0  
20/06/2017 23:05:56 | Exec sco_DiccionariodeDatos @nmtabla_param='sp_obtenerCajasPendientesdeAprobacion_v2_5'
20/06/2017 23:05:56 | Exec sp_obtenerCajasPendientesdeAprobacion_v2_5 @pdsUsuario_param = 'CAMILAP' 
20/06/2017 23:05:56 | Exec sp_obtenerCajasRechazadas_v2_9 
20/06/2017 23:05:56 | Exec sco_DiccionariodeDatos @nmtabla_param='TB_Parametros'
20/06/2017 23:05:56 |  SELECT TB_Parametros.vlParametro  FROM TB_Parametros  WHERE TB_Parametros.dsParametro = 'VALOR EURO'  
20/06/2017 23:05:56 |  SELECT TB_Parametros.vlParametro  FROM TB_Parametros  WHERE TB_Parametros.dsParametro = 'VALOR DOLAR'  
20/06/2017 23:05:56 | Exec SP_ValorPromoRetorno
20/06/2017 23:05:56 | Exec sco_DiccionariodeDatos @nmtabla_param='TB_Comisiones'
20/06/2017 23:05:56 |  SELECT TB_Comisiones.vlMontoMinimo  FROM TB_Comisiones  WHERE TB_Comisiones.tpComision = 'Retorno'  AND  TB_Comisiones.flEliminar = 0  
20/06/2017 23:05:56 |  SELECT TB_Parametros.vlParametro  FROM TB_Parametros  WHERE TB_Parametros.dsParametro = 'VALOR REAL'  
20/06/2017 23:05:56 | Exec sco_DiccionariodeDatos @nmtabla_param='TB_Cajas'
20/06/2017 23:05:56 |  SELECT TB_Cajas.nrCaja  FROM TB_Cajas  WHERE TB_Cajas.dsUsuario = 'CAMILAP'  and  TB_Cajas.flEstado = 0  and  TB_Cajas.tpEstadoAprobacion IS NULL  and  TB_Cajas.nrcaja > 0  
20/06/2017 23:05:58 |  SELECT TB_Cajas.nrCaja ,TB_Cajas.vlTotalSaldoFinal ,TB_Cajas.nrPuesto ,TB_Cajas.dsUsuario ,TB_Cajas.vlSaldoInicialPesos ,TB_Cajas.dtApertura ,TB_Cajas.dtCierre ,TB_Cajas.vlDiaDolar ,TB_Cajas.vlDiaEuro ,TB_Cajas.vlSaldoInicialEuros ,TB_Cajas.vlSaldoInicialDolares ,TB_Cajas.vlSaldoFinalRealPesos ,TB_Cajas.vlTotalSaldoInicial ,TB_Cajas.dtObservacion ,TB_Cajas.vlCierrePesos ,TB_Cajas.vlSaldoFinalRealDolares ,TB_Cajas.vlSaldoFinalRealEuros ,TB_Cajas.vlTotalSaldoFinalReal ,TB_Cajas.vlCierreDolares ,TB_Cajas.vlCierreEuros ,TB_Cajas.dsObservacion ,TB_Cajas.vlDiaReal ,TB_Cajas.flEstado  FROM TB_Cajas  WHERE TB_Cajas.nrCaja = 9000003773  
20/06/2017 23:05:58 | Exec sco_DiccionariodeDatos @nmtabla_param='SP_SumaCajaADM_v2_9'
20/06/2017 23:05:58 | Exec SP_SumaCajaADM_v2_9 @nrCaja_param = 9000003773 ,@tpCaja_param = 'CA' ,@tpCajaImputacion_param = null 
20/06/2017 23:05:58 |  UPDATE TB_Cajas SET TB_Cajas.vlSaldoFinalRealPesos  = -258.92 ,TB_Cajas.vlSaldoFinalRealEuros  = 0.00 ,TB_Cajas.vlSaldoFinalRealDolares  = 0.00 ,TB_Cajas.vlCierrePesos  = -258.92 ,TB_Cajas.vlCierreDolares  = 0 ,TB_Cajas.vlCierreEuros  = 0   WHERE TB_Cajas.nrCaja = 9000003773  
20/06/2017 23:05:59 |  UPDATE TB_Cajas SET TB_Cajas.nrCaja  = 9000003773 ,TB_Cajas.vlTotalSaldoFinal  = -258.92 ,TB_Cajas.nrPuesto  = 9 ,TB_Cajas.dsUsuario  = 'CAMILAP' ,TB_Cajas.vlSaldoInicialPesos  = 0.00 ,TB_Cajas.dtApertura  = '19/08/2015 11:17:24' ,TB_Cajas.dtCierre  = null ,TB_Cajas.vlDiaDolar  = 9.10 ,TB_Cajas.vlDiaEuro  = 10.00 ,TB_Cajas.vlSaldoInicialEuros  = 0.00 ,TB_Cajas.vlSaldoInicialDolares  = 0.00 ,TB_Cajas.vlSaldoFinalRealPesos  = 0.00 ,TB_Cajas.vlTotalSaldoInicial  = 0.00 ,TB_Cajas.dtObservacion  = '20/06/2017 11:05:59' ,TB_Cajas.vlCierrePesos  = -258.92 ,TB_Cajas.vlSaldoFinalRealDolares  = 0.00 ,TB_Cajas.vlSaldoFinalRealEuros  = 0.00 ,TB_Cajas.vlTotalSaldoFinalReal  = -258.92 ,TB_Cajas.vlCierreDolares  = 0 ,TB_Cajas.vlCierreEuros  = 0 ,TB_Cajas.dsObservacion  = null ,TB_Cajas.vlDiaReal  = 3.21 ,TB_Cajas.flCajaAdm  = 1   WHERE TB_Cajas.nrCaja = 9000003773  
20/06/2017 23:05:59 | Exec sco_DiccionariodeDatos @nmtabla_param='VW_UltimaCajaAdm'
20/06/2017 23:05:59 |  SELECT VW_UltimaCajaAdm.nrCaja ,VW_UltimaCajaAdm.vlSaldoFinalRealPesos ,VW_UltimaCajaAdm.vlSaldoFinalRealEuros ,VW_UltimaCajaAdm.vlSaldoFinalRealDolares  FROM VW_UltimaCajaAdm 
20/06/2017 23:05:59 |  SELECT TB_Cajas.nrCaja  FROM TB_Cajas  WHERE TB_Cajas.nrCaja = 9000003773  AND  TB_Cajas.flEstado = 0  
20/06/2017 23:05:59 | Exec sco_DiccionariodeDatos @nmtabla_param='sco_cajapuesto_v3_9'
20/06/2017 23:05:59 | Exec sco_cajapuesto_v3_9 @nrCaja_param = 9000003772 
20/06/2017 23:05:59 | Exec sco_cajapuesto_v3_9 @nrCaja_param = 9000003773 
20/06/2017 23:05:59 | Exec sco_DiccionariodeDatos @nmtabla_param='spu_esdifporCotizacionImputadas_v3_9'
20/06/2017 23:05:59 | Exec spu_esdifporCotizacionImputadas_v3_9 @nrCajaAdmActual = 9000003773 
20/06/2017 23:05:59 | Exec sco_validarVencimientosCAI_v4_1
20/06/2017 23:06:01 | Exec sco_DiccionariodeDatos @nmtabla_param='sco_AccesosOpcionesMenu'
20/06/2017 23:06:01 | Exec sco_AccesosOpcionesMenu @p_tpNivelAcceso = 'Administración' ,@p_operaconcaja = 1 
20/06/2017 23:06:01 | Exec sco_AccesosOpcionesMenu @p_tpNivelAcceso = 'Administración' ,@p_operaconcaja = 1 
20/06/2017 23:06:04 |  SELECT TB_Cajas.vlSaldoInicialPesos ,TB_Cajas.vlSaldoInicialDolares ,TB_Cajas.vlSaldoInicialEuros ,TB_Cajas.vlSaldoInicialReales ,TB_Cajas.vlDiaEuro ,TB_Cajas.vlDiaDolar ,TB_Cajas.vlDiaReal ,TB_Cajas.dsUsuario ,TB_Cajas.dtApertura ,TB_Cajas.dtCierre  FROM TB_Cajas  WHERE TB_Cajas.nrCaja = 9000003773  
20/06/2017 23:06:04 | Exec sco_DiccionariodeDatos @nmtabla_param='TB_Cupones'
20/06/2017 23:06:04 | Exec  sp_obtiene_falta_compensar_v4_2 
20/06/2017 23:06:04 |  SELECT tb_parametros.dsParametro ,tb_parametros.vlParametro ,tb_parametros.tpParametro ,tb_parametros.flEditable ,tb_parametros.nrTamanio ,tb_parametros.dtActualizacion  FROM tb_parametros  WHERE tb_parametros.dsParametro = 'CANT_VIAJES_A_COMP'  
20/06/2017 23:06:04 |  SELECT tb_parametros.dsParametro ,tb_parametros.vlParametro ,tb_parametros.tpParametro ,tb_parametros.flEditable ,tb_parametros.nrTamanio ,tb_parametros.dtActualizacion  FROM tb_parametros  WHERE tb_parametros.dsParametro = 'CTROL_CANT_VIAJES'  
20/06/2017 23:06:04 |  SELECT tb_parametros.dsParametro ,tb_parametros.vlParametro ,tb_parametros.tpParametro ,tb_parametros.flEditable ,tb_parametros.nrTamanio ,tb_parametros.dtActualizacion  FROM tb_parametros  WHERE tb_parametros.dsParametro = 'COBRO_COMISION_CD_RE_OBLIGATORIA'  
20/06/2017 23:06:04 |  SELECT tb_parametros.dsParametro ,tb_parametros.vlParametro ,tb_parametros.tpParametro ,tb_parametros.flEditable ,tb_parametros.nrTamanio ,tb_parametros.dtActualizacion  FROM tb_parametros  WHERE tb_parametros.dsParametro = 'RESTRINGE_TARJETAS'  
20/06/2017 23:06:06 | Exec sco_AccesosOpcionesMenu @p_tpNivelAcceso = 'Administración' ,@p_operaconcaja = 1 
20/06/2017 23:06:16 | Exec sco_DiccionariodeDatos @nmtabla_param='VW_CajasPuestos_v2_5'
20/06/2017 23:06:16 |  SELECT VW_CajasPuestos_v2_5.nrCaja ,VW_CajasPuestos_v2_5.dtApertura ,VW_CajasPuestos_v2_5.dtCierre ,VW_CajasPuestos_v2_5.nrPuesto ,VW_CajasPuestos_v2_5.dsUsuario ,VW_CajasPuestos_v2_5.vlDiferenciaDeCierre ,VW_CajasPuestos_v2_5.dsUsuario ,VW_CajasPuestos_v2_5.vlSaldoInicialPesos ,VW_CajasPuestos_v2_5.vlSaldoFinalPesos ,VW_CajasPuestos_v2_5.flSincronizado ,VW_CajasPuestos_v2_5.tpEstadoAprobacion  FROM VW_CajasPuestos_v2_5  WHERE VW_CajasPuestos_v2_5.nrPuesto <> 9 AND VW_CajasPuestos_v2_5.dtApertura >= '05/06/2017 00:00:00'  AND  VW_CajasPuestos_v2_5.dtApertura <= '20/06/2017 23:59:59'  AND   nrCaja Like ('%%%') Order by VW_CajasPuestos_v2_5.dtApertura DESC 
20/06/2017 23:06:22 |  SELECT VW_CajasPuestos_v2_5.nrCaja ,VW_CajasPuestos_v2_5.dtApertura ,VW_CajasPuestos_v2_5.dtCierre ,VW_CajasPuestos_v2_5.nrPuesto ,VW_CajasPuestos_v2_5.dsUsuario ,VW_CajasPuestos_v2_5.vlDiferenciaDeCierre ,VW_CajasPuestos_v2_5.dsUsuario ,VW_CajasPuestos_v2_5.vlSaldoInicialPesos ,VW_CajasPuestos_v2_5.vlSaldoFinalPesos ,VW_CajasPuestos_v2_5.flSincronizado ,VW_CajasPuestos_v2_5.tpEstadoAprobacion  FROM VW_CajasPuestos_v2_5  WHERE VW_CajasPuestos_v2_5.nrPuesto <> 9 AND VW_CajasPuestos_v2_5.dtApertura >= '22/02/2017 00:00:00'  AND  VW_CajasPuestos_v2_5.dtApertura <= '20/06/2017 23:59:59'  AND   nrCaja Like ('%%%') Order by VW_CajasPuestos_v2_5.dtApertura DESC 
20/06/2017 23:06:32 |  SELECT VW_CajasPuestos_v2_5.nrCaja ,VW_CajasPuestos_v2_5.dtApertura ,VW_CajasPuestos_v2_5.dtCierre ,VW_CajasPuestos_v2_5.nrPuesto ,VW_CajasPuestos_v2_5.dsUsuario ,VW_CajasPuestos_v2_5.vlDiferenciaDeCierre ,VW_CajasPuestos_v2_5.dsUsuario ,VW_CajasPuestos_v2_5.vlSaldoInicialPesos ,VW_CajasPuestos_v2_5.vlSaldoFinalPesos ,VW_CajasPuestos_v2_5.flSincronizado ,VW_CajasPuestos_v2_5.tpEstadoAprobacion  FROM VW_CajasPuestos_v2_5  WHERE VW_CajasPuestos_v2_5.nrPuesto <> 9 AND VW_CajasPuestos_v2_5.dtApertura >= '22/02/2015 00:00:00'  AND  VW_CajasPuestos_v2_5.dtApertura <= '20/06/2017 23:59:59'  AND   nrCaja Like ('%%%') Order by VW_CajasPuestos_v2_5.dtApertura DESC 
20/06/2017 23:06:43 |  SELECT TB_Usuarios.dsUsuario ,TB_Usuarios.nmNombre ,TB_Usuarios.nmApellido ,TB_Usuarios.tpNivelJerarquico  FROM TB_Usuarios  WHERE TB_Usuarios.flEliminar = 0  AND  TB_Usuarios.flBloqueado = 0  AND  TB_Usuarios.tpNivelJerarquico = 'Supervisor'  
20/06/2017 23:06:51 |  SELECT TB_Usuarios.dsUsuario ,TB_Usuarios.dspassword ,TB_Usuarios.tpAcceso ,TB_Usuarios.nmNombre ,TB_Usuarios.nmApellido ,TB_Usuarios.flBloqueado ,TB_Usuarios.tpNivelJerarquico  FROM TB_Usuarios  WHERE TB_Usuarios.dsUsuario = 'USRPARAM'  AND  TB_Usuarios.flEliminar = 0  
20/06/2017 23:06:51 | Exec sco_DiccionariodeDatos @nmtabla_param='sco_cajapuesto_v3_7'
20/06/2017 23:06:51 | Exec sco_cajapuesto_v3_7 @nrCaja_param = 1000010107 
20/06/2017 23:06:51 | Exec sco_DiccionariodeDatos @nmtabla_param='sco_Comprobantes_cajapuesto_v3_7'
20/06/2017 23:06:51 | Exec sco_Comprobantes_cajapuesto_v3_7 @nrCaja_param = 1000010107 
20/06/2017 23:06:51 | Exec sco_DiccionariodeDatos @nmtabla_param='sco_obtenerCierresCajaPuesto_v2_5'
20/06/2017 23:06:51 | Exec sco_obtenerCierresCajaPuesto_v2_5 @nrCaja_param = 1000010107 
20/06/2017 23:06:51 | Exec sco_DiccionariodeDatos @nmtabla_param='SP_puedeOperarUsuarioCajaPuesto_v3_2'
20/06/2017 23:06:51 | Exec SP_puedeOperarUsuarioCajaPuesto_v3_2 @pnrCaja_param = 1000010107 ,@pdsUsuario_param = 'CAMILAP' 
20/06/2017 23:06:54 | Exec sco_DiccionariodeDatos @nmtabla_param='TB_Comprobantes'
20/06/2017 23:06:54 | Exec  SP_ObtenerTalonarioMaximo_v1_4 
20/06/2017 23:06:54 |  SELECT TB_Comprobantes.dtComprobante ,TB_Comprobantes.nrComprobante ,TB_Comprobantes.cdCliente ,TB_Comprobantes.cdCodBar ,TB_Comprobantes.nrLicencia ,TB_Comprobantes.nrPuesto ,TB_Comprobantes.nrTalonario ,TB_Comprobantes.tpComprobante ,TB_Comprobantes.nrCaja ,TB_Comprobantes.cdCondVenta ,TB_Comprobantes.nrDoc ,TB_Comprobantes.dsRazonSocial ,TB_Comprobantes.nmLicenciatario ,TB_Comprobantes.dsUsuario ,TB_Comprobantes.dsDomicilio ,TB_Comprobantes.tpComprobante ,TB_Comprobantes.tpLetra ,TB_Comprobantes.flManual  FROM TB_Comprobantes  WHERE TB_Comprobantes.nrTalonario = '0006'  AND  TB_Comprobantes.nrComprobante = '00633560'  AND  TB_Comprobantes.tpComprobante = 'FA'  AND  TB_Comprobantes.tpLetra = 'B'  
20/06/2017 23:06:54 |  SELECT TB_Comprobantes.dsLeyenda ,TB_Comprobantes.tpLetra ,TB_Comprobantes.vlTotalGeneral ,TB_Comprobantes.vlPagoEuros ,TB_Comprobantes.vlPagoPesos ,TB_Comprobantes.tpMoneda ,TB_Comprobantes.dsDomicilio ,TB_Comprobantes.nmLocalidad ,TB_Comprobantes.dsEmail ,TB_Comprobantes.cdPostal ,TB_Comprobantes.dtVencimiento ,TB_Comprobantes.nrBultos ,TB_Comprobantes.nrPasajeros ,TB_Comprobantes.vlPagoDolares ,TB_Comprobantes.nrTel ,TB_Comprobantes.vlDiaEuro ,TB_Comprobantes.cdCliente ,TB_Comprobantes.nrTalonario ,TB_Comprobantes.dtComprobante ,TB_Comprobantes.nrComprobante ,TB_Comprobantes.cdCodBar ,TB_Comprobantes.tpComprobante ,TB_Comprobantes.nrCaja ,TB_Comprobantes.cdCondVenta ,TB_Comprobantes.nrDoc ,TB_Comprobantes.dsRazonSocial ,TB_Comprobantes.nrLicencia ,TB_Comprobantes.nmLicenciatario ,TB_Comprobantes.dsUsuario ,TB_Comprobantes.nrPuesto ,TB_Comprobantes.nmApellido ,TB_Comprobantes.nmNombre ,TB_Comprobantes.dsOpcional3 ,TB_Comprobantes.IdReciboCtaCte ,TB_Comprobantes.flAnulado ,TB_Comprobantes.flEliminar ,TB_Comprobantes.flManual ,TB_Comprobantes.tpComision ,TB_Comprobantes.cdCliente ,TB_Comprobantes.vlPagoReales  FROM TB_Comprobantes  WHERE TB_Comprobantes.nrComprobante = '00633560    '  AND  TB_Comprobantes.nrTalonario = '0006'  AND  TB_Comprobantes.nrCaja = 1000010107  AND  TB_Comprobantes.tpLetra = 'B'  AND  TB_Comprobantes.tpComprobante = 'FA'  
20/06/2017 23:06:54 | Exec sco_DiccionariodeDatos @nmtabla_param='TB_ComprobantesDetalle'
20/06/2017 23:06:54 |  SELECT TB_ComprobantesDetalle.nrItem ,TB_ComprobantesDetalle.cdProducto ,TB_ComprobantesDetalle.dsProducto ,TB_ComprobantesDetalle.vlPrecioViaje ,TB_ComprobantesDetalle.vlTotalItem  FROM TB_ComprobantesDetalle  WHERE TB_ComprobantesDetalle.nrTalonario = '0006'  AND  TB_ComprobantesDetalle.nrComprobante = '00633560'  AND  TB_ComprobantesDetalle.tpComprobante = 'FA'  AND  TB_ComprobantesDetalle.tpLetra = 'B'  
20/06/2017 23:06:54 | Exec sco_DiccionariodeDatos @nmtabla_param='TB_Clientes'
20/06/2017 23:06:54 |  SELECT TB_Clientes.dsRazonSocial ,TB_Clientes.tpDoc ,TB_Clientes.nrDoc ,TB_Clientes.dsEmail ,TB_Clientes.nrPuesto ,TB_Clientes.tpFormadePago  FROM TB_Clientes  WHERE TB_Clientes.cdCliente = 1  
20/06/2017 23:07:03 | Exec sco_cajapuesto_v3_7 @nrCaja_param = 1000010107 
20/06/2017 23:07:03 | Exec sco_Comprobantes_cajapuesto_v3_7 @nrCaja_param = 1000010107 
20/06/2017 23:07:03 | Exec sco_obtenerCierresCajaPuesto_v2_5 @nrCaja_param = 1000010107 
20/06/2017 23:07:03 | Exec SP_puedeOperarUsuarioCajaPuesto_v3_2 @pnrCaja_param = 1000010107 ,@pdsUsuario_param = 'CAMILAP' 
20/06/2017 23:07:06 | Exec  SP_ObtenerTalonarioMaximo_v1_4 
20/06/2017 23:07:06 |  SELECT TB_Comprobantes.dtComprobante ,TB_Comprobantes.nrComprobante ,TB_Comprobantes.cdCliente ,TB_Comprobantes.cdCodBar ,TB_Comprobantes.nrLicencia ,TB_Comprobantes.nrPuesto ,TB_Comprobantes.nrTalonario ,TB_Comprobantes.tpComprobante ,TB_Comprobantes.nrCaja ,TB_Comprobantes.cdCondVenta ,TB_Comprobantes.nrDoc ,TB_Comprobantes.dsRazonSocial ,TB_Comprobantes.nmLicenciatario ,TB_Comprobantes.dsUsuario ,TB_Comprobantes.dsDomicilio ,TB_Comprobantes.tpComprobante ,TB_Comprobantes.tpLetra ,TB_Comprobantes.flManual  FROM TB_Comprobantes  WHERE TB_Comprobantes.nrTalonario = '0006'  AND  TB_Comprobantes.nrComprobante = '00633560'  AND  TB_Comprobantes.tpComprobante = 'FA'  AND  TB_Comprobantes.tpLetra = 'B'  
20/06/2017 23:07:06 |  SELECT TB_Comprobantes.dsLeyenda ,TB_Comprobantes.tpLetra ,TB_Comprobantes.vlTotalGeneral ,TB_Comprobantes.vlPagoEuros ,TB_Comprobantes.vlPagoPesos ,TB_Comprobantes.tpMoneda ,TB_Comprobantes.dsDomicilio ,TB_Comprobantes.nmLocalidad ,TB_Comprobantes.dsEmail ,TB_Comprobantes.cdPostal ,TB_Comprobantes.dtVencimiento ,TB_Comprobantes.nrBultos ,TB_Comprobantes.nrPasajeros ,TB_Comprobantes.vlPagoDolares ,TB_Comprobantes.nrTel ,TB_Comprobantes.vlDiaEuro ,TB_Comprobantes.cdCliente ,TB_Comprobantes.nrTalonario ,TB_Comprobantes.dtComprobante ,TB_Comprobantes.nrComprobante ,TB_Comprobantes.cdCodBar ,TB_Comprobantes.tpComprobante ,TB_Comprobantes.nrCaja ,TB_Comprobantes.cdCondVenta ,TB_Comprobantes.nrDoc ,TB_Comprobantes.dsRazonSocial ,TB_Comprobantes.nrLicencia ,TB_Comprobantes.nmLicenciatario ,TB_Comprobantes.dsUsuario ,TB_Comprobantes.nrPuesto ,TB_Comprobantes.nmApellido ,TB_Comprobantes.nmNombre ,TB_Comprobantes.dsOpcional3 ,TB_Comprobantes.IdReciboCtaCte ,TB_Comprobantes.flAnulado ,TB_Comprobantes.flEliminar ,TB_Comprobantes.flManual ,TB_Comprobantes.tpComision ,TB_Comprobantes.cdCliente ,TB_Comprobantes.vlPagoReales  FROM TB_Comprobantes  WHERE TB_Comprobantes.nrComprobante = '00633560    '  AND  TB_Comprobantes.nrTalonario = '0006'  AND  TB_Comprobantes.nrCaja = 1000010107  AND  TB_Comprobantes.tpLetra = 'B'  AND  TB_Comprobantes.tpComprobante = 'FA'  
20/06/2017 23:07:06 |  SELECT TB_ComprobantesDetalle.nrItem ,TB_ComprobantesDetalle.cdProducto ,TB_ComprobantesDetalle.dsProducto ,TB_ComprobantesDetalle.vlPrecioViaje ,TB_ComprobantesDetalle.vlTotalItem  FROM TB_ComprobantesDetalle  WHERE TB_ComprobantesDetalle.nrTalonario = '0006'  AND  TB_ComprobantesDetalle.nrComprobante = '00633560'  AND  TB_ComprobantesDetalle.tpComprobante = 'FA'  AND  TB_ComprobantesDetalle.tpLetra = 'B'  
20/06/2017 23:07:06 |  SELECT TB_Clientes.dsRazonSocial ,TB_Clientes.tpDoc ,TB_Clientes.nrDoc ,TB_Clientes.dsEmail ,TB_Clientes.nrPuesto ,TB_Clientes.tpFormadePago  FROM TB_Clientes  WHERE TB_Clientes.cdCliente = 1  
20/06/2017 23:09:04 | Exec spu_validarNroComprobanteManual_v4_9_71 @nrTalonario_param   = '0006',@nrComprobante_param = '00633560',@tpComprobante_param = 'FA',@tpLetra_param = 'B',@dtComprobante_param= '04/08/2016'
20/06/2017 23:12:41 | Exec spu_validarNroComprobanteManual_v4_9_71 @nrTalonario_param   = '0006',@nrComprobante_param = '00633560',@tpComprobante_param = 'FA',@tpLetra_param = 'B',@dtComprobante_param= '04/08/2016'
20/06/2017 23:13:34 | Exec sco_cajapuesto_v3_7 @nrCaja_param = 1000010107 
20/06/2017 23:13:34 | Exec sco_Comprobantes_cajapuesto_v3_7 @nrCaja_param = 1000010107 
20/06/2017 23:13:34 | Exec sco_obtenerCierresCajaPuesto_v2_5 @nrCaja_param = 1000010107 
20/06/2017 23:13:34 | Exec SP_puedeOperarUsuarioCajaPuesto_v3_2 @pnrCaja_param = 1000010107 ,@pdsUsuario_param = 'CAMILAP' 
20/06/2017 23:13:38 | Exec  SP_ObtenerTalonarioMaximo_v1_4 
20/06/2017 23:13:38 |  SELECT TB_Comprobantes.dtComprobante ,TB_Comprobantes.nrComprobante ,TB_Comprobantes.cdCliente ,TB_Comprobantes.cdCodBar ,TB_Comprobantes.nrLicencia ,TB_Comprobantes.nrPuesto ,TB_Comprobantes.nrTalonario ,TB_Comprobantes.tpComprobante ,TB_Comprobantes.nrCaja ,TB_Comprobantes.cdCondVenta ,TB_Comprobantes.nrDoc ,TB_Comprobantes.dsRazonSocial ,TB_Comprobantes.nmLicenciatario ,TB_Comprobantes.dsUsuario ,TB_Comprobantes.dsDomicilio ,TB_Comprobantes.tpComprobante ,TB_Comprobantes.tpLetra ,TB_Comprobantes.flManual  FROM TB_Comprobantes  WHERE TB_Comprobantes.nrTalonario = '0006'  AND  TB_Comprobantes.nrComprobante = '00633561'  AND  TB_Comprobantes.tpComprobante = 'FA'  AND  TB_Comprobantes.tpLetra = 'B'  
20/06/2017 23:13:38 |  SELECT TB_Comprobantes.dsLeyenda ,TB_Comprobantes.tpLetra ,TB_Comprobantes.vlTotalGeneral ,TB_Comprobantes.vlPagoEuros ,TB_Comprobantes.vlPagoPesos ,TB_Comprobantes.tpMoneda ,TB_Comprobantes.dsDomicilio ,TB_Comprobantes.nmLocalidad ,TB_Comprobantes.dsEmail ,TB_Comprobantes.cdPostal ,TB_Comprobantes.dtVencimiento ,TB_Comprobantes.nrBultos ,TB_Comprobantes.nrPasajeros ,TB_Comprobantes.vlPagoDolares ,TB_Comprobantes.nrTel ,TB_Comprobantes.vlDiaEuro ,TB_Comprobantes.cdCliente ,TB_Comprobantes.nrTalonario ,TB_Comprobantes.dtComprobante ,TB_Comprobantes.nrComprobante ,TB_Comprobantes.cdCodBar ,TB_Comprobantes.tpComprobante ,TB_Comprobantes.nrCaja ,TB_Comprobantes.cdCondVenta ,TB_Comprobantes.nrDoc ,TB_Comprobantes.dsRazonSocial ,TB_Comprobantes.nrLicencia ,TB_Comprobantes.nmLicenciatario ,TB_Comprobantes.dsUsuario ,TB_Comprobantes.nrPuesto ,TB_Comprobantes.nmApellido ,TB_Comprobantes.nmNombre ,TB_Comprobantes.dsOpcional3 ,TB_Comprobantes.IdReciboCtaCte ,TB_Comprobantes.flAnulado ,TB_Comprobantes.flEliminar ,TB_Comprobantes.flManual ,TB_Comprobantes.tpComision ,TB_Comprobantes.cdCliente ,TB_Comprobantes.vlPagoReales  FROM TB_Comprobantes  WHERE TB_Comprobantes.nrComprobante = '00633561    '  AND  TB_Comprobantes.nrTalonario = '0006'  AND  TB_Comprobantes.nrCaja = 1000010107  AND  TB_Comprobantes.tpLetra = 'B'  AND  TB_Comprobantes.tpComprobante = 'FA'  
20/06/2017 23:13:38 |  SELECT TB_ComprobantesDetalle.nrItem ,TB_ComprobantesDetalle.cdProducto ,TB_ComprobantesDetalle.dsProducto ,TB_ComprobantesDetalle.vlPrecioViaje ,TB_ComprobantesDetalle.vlTotalItem  FROM TB_ComprobantesDetalle  WHERE TB_ComprobantesDetalle.nrTalonario = '0006'  AND  TB_ComprobantesDetalle.nrComprobante = '00633561'  AND  TB_ComprobantesDetalle.tpComprobante = 'FA'  AND  TB_ComprobantesDetalle.tpLetra = 'B'  
20/06/2017 23:13:38 |  SELECT TB_Clientes.dsRazonSocial ,TB_Clientes.tpDoc ,TB_Clientes.nrDoc ,TB_Clientes.dsEmail ,TB_Clientes.nrPuesto ,TB_Clientes.tpFormadePago  FROM TB_Clientes  WHERE TB_Clientes.cdCliente = 1  
20/06/2017 23:13:45 | Exec sco_cajapuesto_v3_7 @nrCaja_param = 1000010107 
20/06/2017 23:13:45 | Exec sco_Comprobantes_cajapuesto_v3_7 @nrCaja_param = 1000010107 
20/06/2017 23:13:45 | Exec sco_obtenerCierresCajaPuesto_v2_5 @nrCaja_param = 1000010107 
20/06/2017 23:13:45 | Exec SP_puedeOperarUsuarioCajaPuesto_v3_2 @pnrCaja_param = 1000010107 ,@pdsUsuario_param = 'CAMILAP' 
20/06/2017 23:13:52 | Exec sco_DiccionariodeDatos @nmtabla_param='TB_Puestos'
20/06/2017 23:13:52 |  SELECT TB_Puestos.nrPuesto ,TB_Puestos.dsPuesto  FROM TB_Puestos  WHERE TB_Puestos.nrPuesto <> 9  
20/06/2017 23:13:52 |  SELECT TB_Puestos.nrPuesto ,TB_Puestos.dsPuesto  FROM TB_Puestos  WHERE TB_Puestos.nrPuesto <> 9  AND  TB_Puestos.nrPuesto = 1  
20/06/2017 23:13:54 |  SELECT tb_parametros.dsParametro ,tb_parametros.vlParametro ,tb_parametros.tpParametro ,tb_parametros.flEditable ,tb_parametros.nrTamanio ,tb_parametros.dtActualizacion  FROM tb_parametros  WHERE tb_parametros.dsParametro = 'PORC_RECARGO_TD'  
20/06/2017 23:13:54 |  SELECT tb_parametros.dsParametro ,tb_parametros.vlParametro ,tb_parametros.tpParametro ,tb_parametros.flEditable ,tb_parametros.nrTamanio ,tb_parametros.dtActualizacion  FROM tb_parametros  WHERE tb_parametros.dsParametro = 'PORC_RECARGO_TC'  
20/06/2017 23:13:54 |  SELECT tb_parametros.dsParametro ,tb_parametros.vlParametro ,tb_parametros.tpParametro ,tb_parametros.flEditable ,tb_parametros.nrTamanio ,tb_parametros.dtActualizacion  FROM tb_parametros  WHERE tb_parametros.dsParametro = 'PORC_RECARGO_TP'  
20/06/2017 23:13:54 | Exec sco_DiccionariodeDatos @nmtabla_param='sp_obtenerComision_v4_7'
20/06/2017 23:13:54 | Exec sp_obtenerComision_v4_7 @tpComprobante_param = null ,@vlTotalGeneral_param = 0 ,@tpComision_param = null ,@tpCliente_param = null ,@dsCodigoDestinos_param = null 
20/06/2017 23:13:54 | Exec sp_obtenerComision_v4_7 @tpComprobante_param = null ,@vlTotalGeneral_param = 0 ,@tpComision_param = 'A Clientes' ,@tpCliente_param = 'A Clientes' ,@dsCodigoDestinos_param = null 
20/06/2017 23:13:54 | Exec sco_DiccionariodeDatos @nmtabla_param='spu_obtener_puntosdeventa_facturacion_v4_7'
20/06/2017 23:13:54 | Exec spu_obtener_puntosdeventa_facturacion_v4_7 @nrPuesto_param = 1 ,@tipo_iva = 'CF' ,@auto_impresor = 'N' ,@tpFormadePago = null ,@tpComprobante = 'FA' 
20/06/2017 23:13:54 | Exec sp_obtenerComision_v4_7 @tpComprobante_param = 'FA' ,@vlTotalGeneral_param = 0 ,@tpComision_param = 'A Clientes' ,@tpCliente_param = 'A Clientes' ,@dsCodigoDestinos_param = null 
20/06/2017 23:13:54 | Exec spu_obtener_puntosdeventa_facturacion_v4_7 @nrPuesto_param = 1 ,@tipo_iva = 'CF' ,@auto_impresor = 'N' ,@tpFormadePago = null ,@tpComprobante = 'FA' 
20/06/2017 23:13:54 | Exec spu_obtener_puntosdeventa_facturacion_v4_7 @nrPuesto_param = 1 ,@tipo_iva = 'CF' ,@auto_impresor = 'N' ,@tpFormadePago = null ,@tpComprobante = 'FA' 
20/06/2017 23:13:54 | Exec sp_obtenerComision_v4_7 @tpComprobante_param = 'FA' ,@vlTotalGeneral_param = 0 ,@tpComision_param = 'A Clientes' ,@tpCliente_param = 'A Clientes' ,@dsCodigoDestinos_param = null 
20/06/2017 23:13:54 | Exec sp_obtenerComision_v4_7 @tpComprobante_param = 'FA' ,@vlTotalGeneral_param = 0 ,@tpComision_param = 'A Clientes' ,@tpCliente_param = 'A Clientes' ,@dsCodigoDestinos_param = null 
20/06/2017 23:13:54 | Exec sp_obtenerComision_v4_7 @tpComprobante_param = 'FA' ,@vlTotalGeneral_param = 0 ,@tpComision_param = 'A Clientes' ,@tpCliente_param = 'A Clientes' ,@dsCodigoDestinos_param = null 
20/06/2017 23:13:54 | Exec sco_DiccionariodeDatos @nmtabla_param='TB_Productos'
20/06/2017 23:13:57 | Exec sco_cajapuesto_v3_7 @nrCaja_param = 1000010107 
20/06/2017 23:13:57 | Exec sco_Comprobantes_cajapuesto_v3_7 @nrCaja_param = 1000010107 
20/06/2017 23:13:57 | Exec sco_obtenerCierresCajaPuesto_v2_5 @nrCaja_param = 1000010107 
20/06/2017 23:13:57 | Exec SP_puedeOperarUsuarioCajaPuesto_v3_2 @pnrCaja_param = 1000010107 ,@pdsUsuario_param = 'CAMILAP' 
20/06/2017 23:14:05 |  SELECT TB_Puestos.nrPuesto ,TB_Puestos.dsPuesto  FROM TB_Puestos  WHERE TB_Puestos.nrPuesto <> 9  
20/06/2017 23:14:05 |  SELECT TB_Puestos.nrPuesto ,TB_Puestos.dsPuesto  FROM TB_Puestos  WHERE TB_Puestos.nrPuesto <> 9  AND  TB_Puestos.nrPuesto = 1  
20/06/2017 23:14:11 |  SELECT tb_parametros.dsParametro ,tb_parametros.vlParametro ,tb_parametros.tpParametro ,tb_parametros.flEditable ,tb_parametros.nrTamanio ,tb_parametros.dtActualizacion  FROM tb_parametros  WHERE tb_parametros.dsParametro = 'PORC_RECARGO_TD'  
20/06/2017 23:14:11 |  SELECT tb_parametros.dsParametro ,tb_parametros.vlParametro ,tb_parametros.tpParametro ,tb_parametros.flEditable ,tb_parametros.nrTamanio ,tb_parametros.dtActualizacion  FROM tb_parametros  WHERE tb_parametros.dsParametro = 'PORC_RECARGO_TC'  
20/06/2017 23:14:11 |  SELECT tb_parametros.dsParametro ,tb_parametros.vlParametro ,tb_parametros.tpParametro ,tb_parametros.flEditable ,tb_parametros.nrTamanio ,tb_parametros.dtActualizacion  FROM tb_parametros  WHERE tb_parametros.dsParametro = 'PORC_RECARGO_TP'  
20/06/2017 23:14:12 | Exec sp_obtenerComision_v4_7 @tpComprobante_param = null ,@vlTotalGeneral_param = 0 ,@tpComision_param = null ,@tpCliente_param = null ,@dsCodigoDestinos_param = null 
20/06/2017 23:14:12 | Exec sp_obtenerComision_v4_7 @tpComprobante_param = null ,@vlTotalGeneral_param = 0 ,@tpComision_param = 'A Clientes' ,@tpCliente_param = 'A Clientes' ,@dsCodigoDestinos_param = null 
20/06/2017 23:14:12 | Exec spu_obtener_puntosdeventa_facturacion_v4_7 @nrPuesto_param = 3 ,@tipo_iva = 'CF' ,@auto_impresor = 'N' ,@tpFormadePago = null ,@tpComprobante = 'FA' 
20/06/2017 23:14:12 | Exec sp_obtenerComision_v4_7 @tpComprobante_param = 'FA' ,@vlTotalGeneral_param = 0 ,@tpComision_param = 'A Clientes' ,@tpCliente_param = 'A Clientes' ,@dsCodigoDestinos_param = null 
20/06/2017 23:14:12 | Exec spu_obtener_puntosdeventa_facturacion_v4_7 @nrPuesto_param = 3 ,@tipo_iva = 'CF' ,@auto_impresor = 'N' ,@tpFormadePago = null ,@tpComprobante = 'FA' 
20/06/2017 23:14:12 | Exec spu_obtener_puntosdeventa_facturacion_v4_7 @nrPuesto_param = 3 ,@tipo_iva = 'CF' ,@auto_impresor = 'N' ,@tpFormadePago = null ,@tpComprobante = 'FA' 
20/06/2017 23:14:12 | Exec sp_obtenerComision_v4_7 @tpComprobante_param = 'FA' ,@vlTotalGeneral_param = 0 ,@tpComision_param = 'A Clientes' ,@tpCliente_param = 'A Clientes' ,@dsCodigoDestinos_param = null 
20/06/2017 23:14:12 | Exec sp_obtenerComision_v4_7 @tpComprobante_param = 'FA' ,@vlTotalGeneral_param = 0 ,@tpComision_param = 'A Clientes' ,@tpCliente_param = 'A Clientes' ,@dsCodigoDestinos_param = null 
20/06/2017 23:14:12 | Exec sp_obtenerComision_v4_7 @tpComprobante_param = 'FA' ,@vlTotalGeneral_param = 0 ,@tpComision_param = 'A Clientes' ,@tpCliente_param = 'A Clientes' ,@dsCodigoDestinos_param = null 
20/06/2017 23:14:14 | Exec sco_cajapuesto_v3_7 @nrCaja_param = 1000010107 
20/06/2017 23:14:14 | Exec sco_Comprobantes_cajapuesto_v3_7 @nrCaja_param = 1000010107 
20/06/2017 23:14:14 | Exec sco_obtenerCierresCajaPuesto_v2_5 @nrCaja_param = 1000010107 
20/06/2017 23:14:14 | Exec SP_puedeOperarUsuarioCajaPuesto_v3_2 @pnrCaja_param = 1000010107 ,@pdsUsuario_param = 'CAMILAP' 
20/06/2017 23:14:16 |  SELECT TB_Puestos.nrPuesto ,TB_Puestos.dsPuesto  FROM TB_Puestos  WHERE TB_Puestos.nrPuesto <> 9  
20/06/2017 23:14:16 |  SELECT TB_Puestos.nrPuesto ,TB_Puestos.dsPuesto  FROM TB_Puestos  WHERE TB_Puestos.nrPuesto <> 9  AND  TB_Puestos.nrPuesto = 1  
20/06/2017 23:14:20 |  SELECT tb_parametros.dsParametro ,tb_parametros.vlParametro ,tb_parametros.tpParametro ,tb_parametros.flEditable ,tb_parametros.nrTamanio ,tb_parametros.dtActualizacion  FROM tb_parametros  WHERE tb_parametros.dsParametro = 'PORC_RECARGO_TD'  
20/06/2017 23:14:20 |  SELECT tb_parametros.dsParametro ,tb_parametros.vlParametro ,tb_parametros.tpParametro ,tb_parametros.flEditable ,tb_parametros.nrTamanio ,tb_parametros.dtActualizacion  FROM tb_parametros  WHERE tb_parametros.dsParametro = 'PORC_RECARGO_TC'  
20/06/2017 23:14:20 |  SELECT tb_parametros.dsParametro ,tb_parametros.vlParametro ,tb_parametros.tpParametro ,tb_parametros.flEditable ,tb_parametros.nrTamanio ,tb_parametros.dtActualizacion  FROM tb_parametros  WHERE tb_parametros.dsParametro = 'PORC_RECARGO_TP'  
20/06/2017 23:14:20 | Exec sp_obtenerComision_v4_7 @tpComprobante_param = null ,@vlTotalGeneral_param = 0 ,@tpComision_param = null ,@tpCliente_param = null ,@dsCodigoDestinos_param = null 
20/06/2017 23:14:21 | Exec sp_obtenerComision_v4_7 @tpComprobante_param = null ,@vlTotalGeneral_param = 0 ,@tpComision_param = 'A Clientes' ,@tpCliente_param = 'A Clientes' ,@dsCodigoDestinos_param = null 
20/06/2017 23:14:21 | Exec spu_obtener_puntosdeventa_facturacion_v4_7 @nrPuesto_param = 2 ,@tipo_iva = 'CF' ,@auto_impresor = 'N' ,@tpFormadePago = null ,@tpComprobante = 'FA' 
20/06/2017 23:14:21 | Exec sp_obtenerComision_v4_7 @tpComprobante_param = 'FA' ,@vlTotalGeneral_param = 0 ,@tpComision_param = 'A Clientes' ,@tpCliente_param = 'A Clientes' ,@dsCodigoDestinos_param = null 
20/06/2017 23:14:21 | Exec spu_obtener_puntosdeventa_facturacion_v4_7 @nrPuesto_param = 2 ,@tipo_iva = 'CF' ,@auto_impresor = 'N' ,@tpFormadePago = null ,@tpComprobante = 'FA' 
20/06/2017 23:14:21 | Exec spu_obtener_puntosdeventa_facturacion_v4_7 @nrPuesto_param = 2 ,@tipo_iva = 'CF' ,@auto_impresor = 'N' ,@tpFormadePago = null ,@tpComprobante = 'FA' 
20/06/2017 23:14:21 | Exec sp_obtenerComision_v4_7 @tpComprobante_param = 'FA' ,@vlTotalGeneral_param = 0 ,@tpComision_param = 'A Clientes' ,@tpCliente_param = 'A Clientes' ,@dsCodigoDestinos_param = null 
20/06/2017 23:14:21 | Exec sp_obtenerComision_v4_7 @tpComprobante_param = 'FA' ,@vlTotalGeneral_param = 0 ,@tpComision_param = 'A Clientes' ,@tpCliente_param = 'A Clientes' ,@dsCodigoDestinos_param = null 
20/06/2017 23:14:21 | Exec sp_obtenerComision_v4_7 @tpComprobante_param = 'FA' ,@vlTotalGeneral_param = 0 ,@tpComision_param = 'A Clientes' ,@tpCliente_param = 'A Clientes' ,@dsCodigoDestinos_param = null 
20/06/2017 23:14:27 | Exec sco_cajapuesto_v3_7 @nrCaja_param = 1000010107 
20/06/2017 23:14:27 | Exec sco_Comprobantes_cajapuesto_v3_7 @nrCaja_param = 1000010107 
20/06/2017 23:14:27 | Exec sco_obtenerCierresCajaPuesto_v2_5 @nrCaja_param = 1000010107 
20/06/2017 23:14:27 | Exec SP_puedeOperarUsuarioCajaPuesto_v3_2 @pnrCaja_param = 1000010107 ,@pdsUsuario_param = 'CAMILAP' 
20/06/2017 23:14:36 |  SELECT TB_Puestos.nrPuesto ,TB_Puestos.dsPuesto  FROM TB_Puestos  WHERE TB_Puestos.nrPuesto <> 9  
20/06/2017 23:14:36 |  SELECT TB_Puestos.nrPuesto ,TB_Puestos.dsPuesto  FROM TB_Puestos  WHERE TB_Puestos.nrPuesto <> 9  AND  TB_Puestos.nrPuesto = 1  
20/06/2017 23:14:37 |  SELECT tb_parametros.dsParametro ,tb_parametros.vlParametro ,tb_parametros.tpParametro ,tb_parametros.flEditable ,tb_parametros.nrTamanio ,tb_parametros.dtActualizacion  FROM tb_parametros  WHERE tb_parametros.dsParametro = 'PORC_RECARGO_TD'  
20/06/2017 23:14:37 |  SELECT tb_parametros.dsParametro ,tb_parametros.vlParametro ,tb_parametros.tpParametro ,tb_parametros.flEditable ,tb_parametros.nrTamanio ,tb_parametros.dtActualizacion  FROM tb_parametros  WHERE tb_parametros.dsParametro = 'PORC_RECARGO_TC'  
20/06/2017 23:14:37 |  SELECT tb_parametros.dsParametro ,tb_parametros.vlParametro ,tb_parametros.tpParametro ,tb_parametros.flEditable ,tb_parametros.nrTamanio ,tb_parametros.dtActualizacion  FROM tb_parametros  WHERE tb_parametros.dsParametro = 'PORC_RECARGO_TP'  
20/06/2017 23:14:37 | Exec sp_obtenerComision_v4_7 @tpComprobante_param = null ,@vlTotalGeneral_param = 0 ,@tpComision_param = null ,@tpCliente_param = null ,@dsCodigoDestinos_param = null 
20/06/2017 23:14:37 | Exec sp_obtenerComision_v4_7 @tpComprobante_param = null ,@vlTotalGeneral_param = 0 ,@tpComision_param = 'A Clientes' ,@tpCliente_param = 'A Clientes' ,@dsCodigoDestinos_param = null 
20/06/2017 23:14:37 | Exec spu_obtener_puntosdeventa_facturacion_v4_7 @nrPuesto_param = 1 ,@tipo_iva = 'CF' ,@auto_impresor = 'N' ,@tpFormadePago = null ,@tpComprobante = 'FA' 
20/06/2017 23:14:38 | Exec sp_obtenerComision_v4_7 @tpComprobante_param = 'FA' ,@vlTotalGeneral_param = 0 ,@tpComision_param = 'A Clientes' ,@tpCliente_param = 'A Clientes' ,@dsCodigoDestinos_param = null 
20/06/2017 23:14:38 | Exec spu_obtener_puntosdeventa_facturacion_v4_7 @nrPuesto_param = 1 ,@tipo_iva = 'CF' ,@auto_impresor = 'N' ,@tpFormadePago = null ,@tpComprobante = 'FA' 
20/06/2017 23:14:38 | Exec spu_obtener_puntosdeventa_facturacion_v4_7 @nrPuesto_param = 1 ,@tipo_iva = 'CF' ,@auto_impresor = 'N' ,@tpFormadePago = null ,@tpComprobante = 'FA' 
20/06/2017 23:14:38 | Exec sp_obtenerComision_v4_7 @tpComprobante_param = 'FA' ,@vlTotalGeneral_param = 0 ,@tpComision_param = 'A Clientes' ,@tpCliente_param = 'A Clientes' ,@dsCodigoDestinos_param = null 
20/06/2017 23:14:38 | Exec sp_obtenerComision_v4_7 @tpComprobante_param = 'FA' ,@vlTotalGeneral_param = 0 ,@tpComision_param = 'A Clientes' ,@tpCliente_param = 'A Clientes' ,@dsCodigoDestinos_param = null 
20/06/2017 23:14:38 | Exec sp_obtenerComision_v4_7 @tpComprobante_param = 'FA' ,@vlTotalGeneral_param = 0 ,@tpComision_param = 'A Clientes' ,@tpCliente_param = 'A Clientes' ,@dsCodigoDestinos_param = null 
20/06/2017 23:14:45 | Exec spu_obtener_puntosdeventa_facturacion_v4_7 @nrPuesto_param = 1 ,@tipo_iva = 'RI' ,@auto_impresor = 'N' ,@tpFormadePago = null ,@tpComprobante = 'FA' 
20/06/2017 23:14:45 | Exec sp_obtenerComision_v4_7 @tpComprobante_param = 'FA' ,@vlTotalGeneral_param = 0 ,@tpComision_param = 'A Clientes' ,@tpCliente_param = 'A Clientes' ,@dsCodigoDestinos_param = null 
20/06/2017 23:14:47 | Exec spu_obtener_puntosdeventa_facturacion_v4_7 @nrPuesto_param = 1 ,@tipo_iva = 'CF' ,@auto_impresor = 'N' ,@tpFormadePago = null ,@tpComprobante = 'FA' 
20/06/2017 23:14:47 | Exec sp_obtenerComision_v4_7 @tpComprobante_param = 'FA' ,@vlTotalGeneral_param = 0 ,@tpComision_param = 'A Clientes' ,@tpCliente_param = 'A Clientes' ,@dsCodigoDestinos_param = null 
20/06/2017 23:14:53 |  SELECT TB_Comprobantes.flManual ,TB_Comprobantes.nrTalonario ,TB_Comprobantes.nrComprobante ,TB_Comprobantes.dsUsuario ,TB_Comprobantes.nrcaja  FROM TB_Comprobantes  WHERE TB_Comprobantes.flEliminar = 0  AND  TB_Comprobantes.flManual = 'M'  AND  TB_Comprobantes.nrTalonario = '0001'  AND  TB_Comprobantes.nrComprobante = '00000001'  AND  TB_Comprobantes.tpComprobante = 'FA'  AND  TB_Comprobantes.tpLetra = 'B'  
20/06/2017 23:15:02 | Exec sco_DiccionariodeDatos @nmtabla_param='TB_Proveedores'
20/06/2017 23:15:02 |  SELECT TB_Proveedores.nmNombre ,TB_Proveedores.nmApellido  FROM TB_Proveedores  WHERE TB_Proveedores.tpCategoria = 'Licenciatario'  AND  TB_Proveedores.nrLicencia = 12  AND  TB_Proveedores.flEliminar = 0  
20/06/2017 23:15:05 |  SELECT tb_parametros.dsParametro ,tb_parametros.vlParametro ,tb_parametros.tpParametro ,tb_parametros.flEditable ,tb_parametros.nrTamanio ,tb_parametros.dtActualizacion  FROM tb_parametros  WHERE tb_parametros.dsParametro = 'PORC_RECARGO_TD'  
20/06/2017 23:15:05 |  SELECT tb_parametros.dsParametro ,tb_parametros.vlParametro ,tb_parametros.tpParametro ,tb_parametros.flEditable ,tb_parametros.nrTamanio ,tb_parametros.dtActualizacion  FROM tb_parametros  WHERE tb_parametros.dsParametro = 'PORC_RECARGO_TC'  
20/06/2017 23:15:05 |  SELECT tb_parametros.dsParametro ,tb_parametros.vlParametro ,tb_parametros.tpParametro ,tb_parametros.flEditable ,tb_parametros.nrTamanio ,tb_parametros.dtActualizacion  FROM tb_parametros  WHERE tb_parametros.dsParametro = 'PORC_RECARGO_TP'  
20/06/2017 23:15:05 | Exec sco_DiccionariodeDatos @nmtabla_param='SP_Supera_KM_IVA_segunMonto_2_0'
20/06/2017 23:15:05 | Exec SP_Supera_KM_IVA_segunMonto_2_0 @tpCategoriaIVA_param = 'CF' ,@vlKilometros_param = 0 ,@vlMonto_param = 4000 
20/06/2017 23:15:05 | Exec SP_Supera_KM_IVA_segunMonto_2_0 @tpCategoriaIVA_param = 'CF' ,@vlKilometros_param = 0 ,@vlMonto_param = 4000 
20/06/2017 23:15:05 |  SELECT tb_parametros.dsParametro ,tb_parametros.vlParametro ,tb_parametros.tpParametro ,tb_parametros.flEditable ,tb_parametros.nrTamanio ,tb_parametros.dtActualizacion  FROM tb_parametros  WHERE tb_parametros.dsParametro = 'KM_IVA'  
20/06/2017 23:15:07 | Exec sp_obtenerComision_v4_7 @tpComprobante_param = 'FA' ,@vlTotalGeneral_param = 4000 ,@tpComision_param = 'A Clientes' ,@tpCliente_param = 'A Clientes' ,@dsCodigoDestinos_param = '''Viaje'',null,4000' 
20/06/2017 23:15:07 | Exec sp_obtenerComision_v4_7 @tpComprobante_param = 'FA' ,@vlTotalGeneral_param = 4000 ,@tpComision_param = 'A Clientes' ,@tpCliente_param = 'A Clientes' ,@dsCodigoDestinos_param = '''Viaje'',null,4000' 
20/06/2017 23:15:07 | Exec sp_obtenerComision_v4_7 @tpComprobante_param = 'FA' ,@vlTotalGeneral_param = 4000 ,@tpComision_param = 'A Clientes' ,@tpCliente_param = 'A Clientes' ,@dsCodigoDestinos_param = '''Viaje'',null,4000' 
20/06/2017 23:15:07 | Exec SP_Supera_KM_IVA_segunMonto_2_0 @tpCategoriaIVA_param = 'CF' ,@vlKilometros_param = 0 ,@vlMonto_param = 4000 
20/06/2017 23:15:07 | Exec SP_Supera_KM_IVA_segunMonto_2_0 @tpCategoriaIVA_param = 'CF' ,@vlKilometros_param = 0 ,@vlMonto_param = 4000 
20/06/2017 23:15:07 |  SELECT tb_parametros.dsParametro ,tb_parametros.vlParametro ,tb_parametros.tpParametro ,tb_parametros.flEditable ,tb_parametros.nrTamanio ,tb_parametros.dtActualizacion  FROM tb_parametros  WHERE tb_parametros.dsParametro = 'KM_IVA'  
20/06/2017 23:15:08 | Exec sp_obtenerComision_v4_7 @tpComprobante_param = 'FA' ,@vlTotalGeneral_param = 4000 ,@tpComision_param = 'A Clientes' ,@tpCliente_param = 'A Clientes' ,@dsCodigoDestinos_param = '''Viaje'',null,4000' 
20/06/2017 23:15:08 | Exec SP_Supera_KM_IVA_segunMonto_2_0 @tpCategoriaIVA_param = 'CF' ,@vlKilometros_param = 0 ,@vlMonto_param = 4000 
20/06/2017 23:15:08 | Exec SP_Supera_KM_IVA_segunMonto_2_0 @tpCategoriaIVA_param = 'CF' ,@vlKilometros_param = 0 ,@vlMonto_param = 4000 
20/06/2017 23:15:08 |  SELECT tb_parametros.dsParametro ,tb_parametros.vlParametro ,tb_parametros.tpParametro ,tb_parametros.flEditable ,tb_parametros.nrTamanio ,tb_parametros.dtActualizacion  FROM tb_parametros  WHERE tb_parametros.dsParametro = 'KM_IVA'  
20/06/2017 23:15:10 | Exec sp_obtenerComision_v4_7 @tpComprobante_param = 'FA' ,@vlTotalGeneral_param = 4000 ,@tpComision_param = 'A Clientes' ,@tpCliente_param = 'A Clientes' ,@dsCodigoDestinos_param = '''Viaje'',null,4000' 
20/06/2017 23:15:10 | Exec sp_obtenerComision_v4_7 @tpComprobante_param = 'FA' ,@vlTotalGeneral_param = 4000 ,@tpComision_param = 'A Clientes' ,@tpCliente_param = 'A Clientes' ,@dsCodigoDestinos_param = '''Viaje'',null,4000' 
20/06/2017 23:15:10 | Exec sp_obtenerComision_v4_7 @tpComprobante_param = 'FA' ,@vlTotalGeneral_param = 4000 ,@tpComision_param = 'A Clientes' ,@tpCliente_param = 'A Clientes' ,@dsCodigoDestinos_param = '''Viaje'',null,4000' 
20/06/2017 23:15:15 |  SELECT TB_Comprobantes.flManual ,TB_Comprobantes.nrTalonario ,TB_Comprobantes.nrComprobante ,TB_Comprobantes.dsUsuario ,TB_Comprobantes.nrcaja  FROM TB_Comprobantes  WHERE TB_Comprobantes.flEliminar = 0  AND  TB_Comprobantes.flManual = 'M'  AND  TB_Comprobantes.nrTalonario = '0001'  AND  TB_Comprobantes.nrComprobante = '00000001'  AND  TB_Comprobantes.tpComprobante = 'FA'  AND  TB_Comprobantes.tpLetra = 'B'  
20/06/2017 23:15:17 |  SELECT tb_parametros.dsParametro ,tb_parametros.vlParametro ,tb_parametros.tpParametro ,tb_parametros.flEditable ,tb_parametros.nrTamanio ,tb_parametros.dtActualizacion  FROM tb_parametros  WHERE tb_parametros.dsParametro = 'CALCULA_IVA_LIC_990'  
20/06/2017 23:15:19 | Exec SP_Supera_KM_IVA_segunMonto_2_0 @tpCategoriaIVA_param = 'CF' ,@vlKilometros_param = 0 ,@vlMonto_param = 4000 
20/06/2017 23:15:19 | Exec SP_Supera_KM_IVA_segunMonto_2_0 @tpCategoriaIVA_param = 'CF' ,@vlKilometros_param = 0 ,@vlMonto_param = 4000 
20/06/2017 23:15:19 |  SELECT tb_parametros.dsParametro ,tb_parametros.vlParametro ,tb_parametros.tpParametro ,tb_parametros.flEditable ,tb_parametros.nrTamanio ,tb_parametros.dtActualizacion  FROM tb_parametros  WHERE tb_parametros.dsParametro = 'KM_IVA'  
20/06/2017 23:15:20 | Exec sp_obtenerComision_v4_7 @tpComprobante_param = 'FA' ,@vlTotalGeneral_param = 4000 ,@tpComision_param = 'A Clientes' ,@tpCliente_param = 'A Clientes' ,@dsCodigoDestinos_param = '''Viaje'',null,4000' 
20/06/2017 23:15:20 | Exec sp_obtenerComision_v4_7 @tpComprobante_param = 'FA' ,@vlTotalGeneral_param = 4000 ,@tpComision_param = 'A Clientes' ,@tpCliente_param = 'A Clientes' ,@dsCodigoDestinos_param = '''Viaje'',null,4000' 
20/06/2017 23:15:20 |  SELECT tb_parametros.dsParametro ,tb_parametros.vlParametro ,tb_parametros.tpParametro ,tb_parametros.flEditable ,tb_parametros.nrTamanio ,tb_parametros.dtActualizacion  FROM tb_parametros  WHERE tb_parametros.dsParametro = 'MONTO_EXIGE_CUIT_CUIL'  
20/06/2017 23:15:20 |  SELECT tb_parametros.dsParametro ,tb_parametros.vlParametro ,tb_parametros.tpParametro ,tb_parametros.flEditable ,tb_parametros.nrTamanio ,tb_parametros.dtActualizacion  FROM tb_parametros  WHERE tb_parametros.dsParametro = 'MONTO_EXIGE_CUIT_CUIL'  
20/06/2017 23:15:31 |  SELECT tb_parametros.dsParametro ,tb_parametros.vlParametro ,tb_parametros.tpParametro ,tb_parametros.flEditable ,tb_parametros.nrTamanio ,tb_parametros.dtActualizacion  FROM tb_parametros  WHERE tb_parametros.dsParametro = 'CALCULA_IVA_LIC_990'  
20/06/2017 23:15:32 | Exec SP_Supera_KM_IVA_segunMonto_2_0 @tpCategoriaIVA_param = 'CF' ,@vlKilometros_param = 0 ,@vlMonto_param = 4000 
20/06/2017 23:15:32 | Exec SP_Supera_KM_IVA_segunMonto_2_0 @tpCategoriaIVA_param = 'CF' ,@vlKilometros_param = 0 ,@vlMonto_param = 4000 
20/06/2017 23:15:32 |  SELECT tb_parametros.dsParametro ,tb_parametros.vlParametro ,tb_parametros.tpParametro ,tb_parametros.flEditable ,tb_parametros.nrTamanio ,tb_parametros.dtActualizacion  FROM tb_parametros  WHERE tb_parametros.dsParametro = 'KM_IVA'  
20/06/2017 23:15:33 | Exec sp_obtenerComision_v4_7 @tpComprobante_param = 'FA' ,@vlTotalGeneral_param = 4000 ,@tpComision_param = 'A Clientes' ,@tpCliente_param = 'A Clientes' ,@dsCodigoDestinos_param = '''Viaje'',null,4000' 
20/06/2017 23:15:33 | Exec sp_obtenerComision_v4_7 @tpComprobante_param = 'FA' ,@vlTotalGeneral_param = 4000 ,@tpComision_param = 'A Clientes' ,@tpCliente_param = 'A Clientes' ,@dsCodigoDestinos_param = '''Viaje'',null,4000' 
20/06/2017 23:15:33 |  SELECT tb_parametros.dsParametro ,tb_parametros.vlParametro ,tb_parametros.tpParametro ,tb_parametros.flEditable ,tb_parametros.nrTamanio ,tb_parametros.dtActualizacion  FROM tb_parametros  WHERE tb_parametros.dsParametro = 'MONTO_EXIGE_CUIT_CUIL'  
20/06/2017 23:15:33 |  SELECT TB_Cajas.nrCaja  FROM TB_Cajas  WHERE TB_Cajas.nrCaja = 1000010107  AND  TB_Cajas.flEstado = 0  
20/06/2017 23:15:33 | Exec sco_DiccionariodeDatos @nmtabla_param='sp_eliminarFisicamenteunComprobanteEliminadoLogicamente_v2_5'
20/06/2017 23:15:33 | Exec sp_eliminarFisicamenteunComprobanteEliminadoLogicamente_v2_5 @nrTalonario_param = '0001' ,@nrComprobante_param = '00000001' ,@tpComprobante_param = 'FA' ,@tpLetra_param = 'B' 
20/06/2017 23:15:34 | Exec spu_obtener_puntosdeventa_facturacion_v4_7 @nrPuesto_param = 1 ,@tipo_iva = 'CF' ,@auto_impresor = 'N' ,@tpFormadePago = null ,@tpComprobante = 'FA' 
20/06/2017 23:15:34 |  INSERT TB_Comprobantes (nrComprobante ,nrTalonario ,vlPagoReales ,nrDoc ,tpLetra ,cdCliente ,dsRazonSocial ,vlTotalGeneral ,dsLeyenda ,vlPagoEuros ,nmEmpleado ,nrPuesto ,nrCaja ,nrLicencia ,nrBultos ,nrPasajeros ,tpComprobante ,vlPagoDolares ,vlPagoPesos ,nmLicenciatario ,dsEmail ,vlSubtotal ,vlIVA ,cdCondVenta ,tpComision ,tpIVA ,dtComprobante ,dsOpcional3 ,cdCodBar ,dtCaja ,dtInsercion ,dsOpcional1 ,nrCAI ,dtVencimiento ,vlDiaDolar ,vlDiaEuro ,vlDiaReal ,dsOpcional2 ,dsUsuario ,flSincronizado ,flManual ,nrTarjeta ,tpDocTarjeta ,nrDocTarjeta )  VALUES ('00000001' ,'0001' ,0.00 ,'24475222' ,'B' ,1 ,'Consumidor Final' ,4000.00 ,null ,0.00 ,'CAMILA PASQUALI' ,1 ,1000010107 ,12 ,null ,null ,'FA' ,0.00 ,4000.00 ,'ABEGAO CARLOS' ,null ,4000.00 ,0.00 ,'Contado' ,'A Clientes' ,'CF' ,'20/06/2017' ,'30708249919010001' ,'000100000001012' ,'20/06/2017 11:15:34' ,'20/06/2017 11:15:34' ,'23:15' ,null ,null ,9.1 ,10 ,3.21 ,'10 HORA AUTO A DISPOSICION  (1 DESTINO) ' ,'CAMILAP' ,0 ,'M' ,null ,null ,null )
20/06/2017 23:15:34 | Exec sco_DiccionariodeDatos @nmtabla_param='DiccionariodeDatos'
20/06/2017 23:15:34 |  UPDATE DiccionariodeDatos SET DiccionariodeDatos.vlPuesto1  = '187638'   WHERE DiccionariodeDatos.nmTabla = 'TB_Comprobantes'  AND  DiccionariodeDatos.nmCampo = 'nrComprobante'  
20/06/2017 23:15:34 |  INSERT TB_ComprobantesDetalle (nrTalonario ,nrComprobante ,tpComprobante ,tpLetra ,nrItem ,cdProducto ,dsProducto ,tpOperacion ,vlPorcentaje ,vlPrecioPeaje ,vlKilometros ,vlPrecioViaje ,vlPrecioTC ,vlPrecioTD ,vlRecargoTC ,vlRecargoTD ,vlRecargoTP ,vlPrecioTP ,dtInsercion ,flSincronizado ,nrCaja ,nrPuesto )  VALUES ('0001' ,'00000001' ,'FA' ,'B' ,1 ,90380 ,'10 HORA AUTO A DISPOSICION  (1 DESTINO) ' ,'Viaje' ,null ,0 ,0 ,4000 ,'4348' ,'4344' ,'348' ,'344' ,'348' ,'4348' ,'20/06/2017' ,0 ,1000010107 ,1 )
20/06/2017 23:15:34 | Exec sp_obtenerComision_v4_7 @tpComprobante_param = 'FA' ,@vlTotalGeneral_param = 4000 ,@tpComision_param = 'A Clientes' ,@tpCliente_param = 'A Clientes' ,@dsCodigoDestinos_param = '''Viaje'',null,4000' 
20/06/2017 23:15:34 | Exec SP_ObtenerMaxnrCupon_v2_7 
20/06/2017 23:15:34 |  INSERT TB_Cupones (nrTalonarioCliente ,nrComprabanteCliente ,tpComprobanteCliente ,tpLetraCliente ,cdCliente ,nrPuesto ,nrLicencia ,nmLicenciatario ,vlMontoCupon ,vlPagoPesos ,vlPagoDolares ,vlPagoEuros ,vlPagoReales ,nrCantidadBultos ,tpCupon ,dsDestino ,dsHoraViaje ,dsLeyenda ,flCobradoalCliente ,dtCobradoalCliente ,flCompensado ,vlaFavordelLicenciatario ,vlafavorAdmin ,vlComision ,dtCajaCliente ,nrCajaCliente ,dtCupon ,dsUsuario ,nrPasajeros ,flSincronizado ,vlIVA ,vlSubtotal ,cdCodBar ,nrCupon ,nrTarjeta ,tpDocTarjeta ,nrDocTarjeta ,vlRecargoTarjeta )  VALUES ('0001' ,'00000001' ,'FA' ,'B' ,1 ,1 ,12 ,'ABEGAO CARLOS' ,4000.00 ,4000.00 ,0.00 ,0.00 ,0.00 ,null ,'Contado' ,'10 HORA AUTO A DISPOSICION  (1 DESTINO) ' ,'23:15' ,null ,1 ,'20/06/2017 11:15:34' ,0 ,3964 ,0 ,36 ,'20/06/2017 11:15:34' ,1000010107 ,'20/06/2017 23:15:00' ,'CAMILAP' ,null ,0 ,0.00 ,4000.00 ,'000100000001012' ,106 ,null ,null ,null ,0 )
20/06/2017 23:15:34 |  UPDATE DiccionariodeDatos SET DiccionariodeDatos.vlPuesto1  = '106'   WHERE DiccionariodeDatos.nmTabla = 'TB_Cupones'  AND  DiccionariodeDatos.nmCampo = 'nrCupon'  
20/06/2017 23:15:34 |  SELECT TB_Cajas.vlSaldoFinalPesos ,TB_Cajas.vlSaldoFinalDolares ,TB_Cajas.vlSaldoFinalEuros ,TB_Cajas.vlSaldoFinalReales  FROM TB_Cajas  WHERE TB_Cajas.nrCaja = 1000010107  
20/06/2017 23:15:34 |  UPDATE TB_Cajas SET TB_Cajas.vlSaldoFinalPesos  = 5900 ,TB_Cajas.vlSaldoFinalDolares  = 100 ,TB_Cajas.vlSaldoFinalReales  = 0 ,TB_Cajas.vlSaldoFinalEuros  = 50   WHERE TB_Cajas.nrCaja = 1000010107  
20/06/2017 23:15:34 | Exec sco_DiccionariodeDatos @nmtabla_param='sp_marcarTipodeActualizacionCajaPuesto_v3_7'
20/06/2017 23:15:34 | Exec sp_marcarTipodeActualizacionCajaPuesto_v3_7 @nrTalonario_param = '0001' ,@nrComprobante_param = '00000001' ,@tpComprobante_param = 'FA' ,@tpLetra_param = 'B' ,@tpModificacionCajaPuesto_param = 'Agregado' ,@dsObservacionCajaPuesto_param = 'xcxcc' 
20/06/2017 23:15:34 | Exec sco_DiccionariodeDatos @nmtabla_param='sp_ActualizarDiferenciaSaldoCajaPuesto_v2_5'
20/06/2017 23:15:34 | Exec sp_ActualizarDiferenciaSaldoCajaPuesto_v2_5 @pnrCaja_param = 1000010107 
20/06/2017 23:15:34 | Exec sco_cajapuesto_v3_7 @nrCaja_param = 1000010107 
20/06/2017 23:15:34 | Exec sco_Comprobantes_cajapuesto_v3_7 @nrCaja_param = 1000010107 
20/06/2017 23:15:34 | Exec sco_obtenerCierresCajaPuesto_v2_5 @nrCaja_param = 1000010107 
20/06/2017 23:15:34 | Exec SP_puedeOperarUsuarioCajaPuesto_v3_2 @pnrCaja_param = 1000010107 ,@pdsUsuario_param = 'CAMILAP' 
20/06/2017 23:15:38 | Exec spu_obtener_puntosdeventa_facturacion_v4_7 @nrPuesto_param = 1 ,@tipo_iva = 'CF' ,@auto_impresor = 'N' ,@tpFormadePago = null ,@tpComprobante = 'FA' 
20/06/2017 23:15:38 | Exec spu_obtener_puntosdeventa_facturacion_v4_7 @nrPuesto_param = 1 ,@tipo_iva = 'CF' ,@auto_impresor = 'N' ,@tpFormadePago = null ,@tpComprobante = 'FA' 
20/06/2017 23:15:38 | Exec sp_obtenerComision_v4_7 @tpComprobante_param = 'FA' ,@vlTotalGeneral_param = 0 ,@tpComision_param = 'A Clientes' ,@tpCliente_param = 'A Clientes' ,@dsCodigoDestinos_param = null 
20/06/2017 23:15:38 | Exec sp_obtenerComision_v4_7 @tpComprobante_param = 'FA' ,@vlTotalGeneral_param = 0 ,@tpComision_param = 'A Clientes' ,@tpCliente_param = 'A Clientes' ,@dsCodigoDestinos_param = null 
20/06/2017 23:15:38 | Exec sp_obtenerComision_v4_7 @tpComprobante_param = 'FA' ,@vlTotalGeneral_param = 0 ,@tpComision_param = 'A Clientes' ,@tpCliente_param = 'A Clientes' ,@dsCodigoDestinos_param = null 
20/06/2017 23:15:41 | Exec sco_cajapuesto_v3_7 @nrCaja_param = 1000010107 
20/06/2017 23:15:41 | Exec sco_Comprobantes_cajapuesto_v3_7 @nrCaja_param = 1000010107 
20/06/2017 23:15:41 | Exec sco_obtenerCierresCajaPuesto_v2_5 @nrCaja_param = 1000010107 
20/06/2017 23:15:41 | Exec SP_puedeOperarUsuarioCajaPuesto_v3_2 @pnrCaja_param = 1000010107 ,@pdsUsuario_param = 'CAMILAP' 
20/06/2017 23:15:46 |  SELECT TB_Puestos.nrPuesto ,TB_Puestos.dsPuesto  FROM TB_Puestos  WHERE TB_Puestos.nrPuesto <> 9  
20/06/2017 23:15:46 |  SELECT TB_Puestos.nrPuesto ,TB_Puestos.dsPuesto  FROM TB_Puestos  WHERE TB_Puestos.nrPuesto <> 9  AND  TB_Puestos.nrPuesto = 1  
20/06/2017 23:15:49 |  SELECT tb_parametros.dsParametro ,tb_parametros.vlParametro ,tb_parametros.tpParametro ,tb_parametros.flEditable ,tb_parametros.nrTamanio ,tb_parametros.dtActualizacion  FROM tb_parametros  WHERE tb_parametros.dsParametro = 'PORC_RECARGO_TD'  
20/06/2017 23:15:49 |  SELECT tb_parametros.dsParametro ,tb_parametros.vlParametro ,tb_parametros.tpParametro ,tb_parametros.flEditable ,tb_parametros.nrTamanio ,tb_parametros.dtActualizacion  FROM tb_parametros  WHERE tb_parametros.dsParametro = 'PORC_RECARGO_TC'  
20/06/2017 23:15:49 |  SELECT tb_parametros.dsParametro ,tb_parametros.vlParametro ,tb_parametros.tpParametro ,tb_parametros.flEditable ,tb_parametros.nrTamanio ,tb_parametros.dtActualizacion  FROM tb_parametros  WHERE tb_parametros.dsParametro = 'PORC_RECARGO_TP'  
20/06/2017 23:15:49 | Exec sp_obtenerComision_v4_7 @tpComprobante_param = null ,@vlTotalGeneral_param = 0 ,@tpComision_param = null ,@tpCliente_param = null ,@dsCodigoDestinos_param = null 
20/06/2017 23:15:49 | Exec sp_obtenerComision_v4_7 @tpComprobante_param = null ,@vlTotalGeneral_param = 0 ,@tpComision_param = 'A Clientes' ,@tpCliente_param = 'A Clientes' ,@dsCodigoDestinos_param = null 
20/06/2017 23:15:49 | Exec spu_obtener_puntosdeventa_facturacion_v4_7 @nrPuesto_param = 1 ,@tipo_iva = 'CF' ,@auto_impresor = 'N' ,@tpFormadePago = null ,@tpComprobante = 'FA' 
20/06/2017 23:15:49 | Exec sp_obtenerComision_v4_7 @tpComprobante_param = 'FA' ,@vlTotalGeneral_param = 0 ,@tpComision_param = 'A Clientes' ,@tpCliente_param = 'A Clientes' ,@dsCodigoDestinos_param = null 
20/06/2017 23:15:49 | Exec spu_obtener_puntosdeventa_facturacion_v4_7 @nrPuesto_param = 1 ,@tipo_iva = 'CF' ,@auto_impresor = 'N' ,@tpFormadePago = null ,@tpComprobante = 'FA' 
20/06/2017 23:15:49 | Exec spu_obtener_puntosdeventa_facturacion_v4_7 @nrPuesto_param = 1 ,@tipo_iva = 'CF' ,@auto_impresor = 'N' ,@tpFormadePago = null ,@tpComprobante = 'FA' 
20/06/2017 23:15:49 | Exec sp_obtenerComision_v4_7 @tpComprobante_param = 'FA' ,@vlTotalGeneral_param = 0 ,@tpComision_param = 'A Clientes' ,@tpCliente_param = 'A Clientes' ,@dsCodigoDestinos_param = null 
20/06/2017 23:15:49 | Exec sp_obtenerComision_v4_7 @tpComprobante_param = 'FA' ,@vlTotalGeneral_param = 0 ,@tpComision_param = 'A Clientes' ,@tpCliente_param = 'A Clientes' ,@dsCodigoDestinos_param = null 
20/06/2017 23:15:49 | Exec sp_obtenerComision_v4_7 @tpComprobante_param = 'FA' ,@vlTotalGeneral_param = 0 ,@tpComision_param = 'A Clientes' ,@tpCliente_param = 'A Clientes' ,@dsCodigoDestinos_param = null 
20/06/2017 23:15:53 | Exec sco_cajapuesto_v3_7 @nrCaja_param = 1000010107 
20/06/2017 23:15:53 | Exec sco_Comprobantes_cajapuesto_v3_7 @nrCaja_param = 1000010107 
20/06/2017 23:15:53 | Exec sco_obtenerCierresCajaPuesto_v2_5 @nrCaja_param = 1000010107 
20/06/2017 23:15:53 | Exec SP_puedeOperarUsuarioCajaPuesto_v3_2 @pnrCaja_param = 1000010107 ,@pdsUsuario_param = 'CAMILAP' 
20/06/2017 23:16:06 |  SELECT TB_Cajas.nrCaja ,TB_Cajas.vlFondoFijoEuros ,TB_Cajas.nrPuesto ,TB_Cajas.dsUsuario ,TB_Cajas.vlFondoFijoReales ,TB_Cajas.dtApertura ,TB_Cajas.dtCierre ,TB_Cajas.vlDiaDolar ,TB_Cajas.vlDiaEuro ,TB_Cajas.vlSaldoInicialPesos ,TB_Cajas.vlSaldoInicialReales ,TB_Cajas.vlSaldoInicialEuros ,TB_Cajas.vlFondoFijoPesos ,TB_Cajas.dsDiferenciaDeCierre ,TB_Cajas.vlDiaReal ,TB_Cajas.vlFondoFijoDolares ,TB_Cajas.vlSaldoInicialDolares ,TB_Cajas.vlSaldoFinalDolares ,TB_Cajas.vlCierreDolares ,TB_Cajas.vlSaldoFinalRealDolares ,TB_Cajas.vlDiferenciaDeCierre ,TB_Cajas.dtObservacion ,TB_Cajas.dsObservacion ,TB_Cajas.vlSaldoFinalPesos ,TB_Cajas.vlSaldoFinalReales ,TB_Cajas.vlSaldoFinalEuros ,TB_Cajas.vlTotalSaldoFinal ,TB_Cajas.vlSaldoFinalRealPesos ,TB_Cajas.vlSaldoFinalRealReales ,TB_Cajas.vlSaldoFinalRealEuros ,TB_Cajas.vlTotalSaldoFinalReal ,TB_Cajas.vlCierrePesos ,TB_Cajas.vlCierreReales ,TB_Cajas.vlCierreEuros ,TB_Cajas.vlTotalSaldoCierre ,TB_Cajas.flEstado  FROM TB_Cajas  WHERE TB_Cajas.nrCaja = 1000010107  
20/06/2017 23:16:06 | Exec sco_DiccionariodeDatos @nmtabla_param='SP_SumaCajaPuestosCondVenta_v3_7'
20/06/2017 23:16:06 | Exec SP_SumaCajaPuestosCondVenta_v3_7 @pnrCaja_param = 1000010107 
20/06/2017 23:16:17 | Exec sco_AccesosOpcionesMenu @p_tpNivelAcceso = 'Administración' ,@p_operaconcaja = 1 
20/06/2017 23:18:29 | Exec  sco_TB_Productos_v4_1 
20/06/2017 23:18:29 | Exec sco_DiccionariodeDatos @nmtabla_param='TB_Usuarios'
20/06/2017 23:18:31 |  SELECT TB_Usuarios.dsUsuario ,TB_Usuarios.dspassword ,TB_Usuarios.tpAcceso ,TB_Usuarios.nmNombre ,TB_Usuarios.nmApellido ,TB_Usuarios.flBloqueado ,TB_Usuarios.tpNivelJerarquico  FROM TB_Usuarios  WHERE TB_Usuarios.dsUsuario = 'CAMILAP'  AND  TB_Usuarios.flEliminar = 0  
20/06/2017 23:18:31 |  SELECT TB_Usuarios.dsUsuario ,TB_Usuarios.dspassword ,TB_Usuarios.tpAcceso ,TB_Usuarios.nmNombre ,TB_Usuarios.nmApellido ,TB_Usuarios.flBloqueado ,TB_Usuarios.tpNivelJerarquico  FROM TB_Usuarios  WHERE TB_Usuarios.dsUsuario = 'CAMILAP'  AND  TB_Usuarios.flEliminar = 0  
20/06/2017 23:18:31 | Exec sco_DiccionariodeDatos @nmtabla_param='sp_obtenerCajasPendientesdeAprobacion_v2_5'
20/06/2017 23:18:31 | Exec sp_obtenerCajasPendientesdeAprobacion_v2_5 @pdsUsuario_param = 'CAMILAP' 
20/06/2017 23:18:31 | Exec sp_obtenerCajasRechazadas_v2_9 
20/06/2017 23:18:31 | Exec sco_DiccionariodeDatos @nmtabla_param='TB_Parametros'
20/06/2017 23:18:31 |  SELECT TB_Parametros.vlParametro  FROM TB_Parametros  WHERE TB_Parametros.dsParametro = 'VALOR EURO'  
20/06/2017 23:18:31 |  SELECT TB_Parametros.vlParametro  FROM TB_Parametros  WHERE TB_Parametros.dsParametro = 'VALOR DOLAR'  
20/06/2017 23:18:31 | Exec SP_ValorPromoRetorno
20/06/2017 23:18:31 | Exec sco_DiccionariodeDatos @nmtabla_param='TB_Comisiones'
20/06/2017 23:18:31 |  SELECT TB_Comisiones.vlMontoMinimo  FROM TB_Comisiones  WHERE TB_Comisiones.tpComision = 'Retorno'  AND  TB_Comisiones.flEliminar = 0  
20/06/2017 23:18:31 |  SELECT TB_Parametros.vlParametro  FROM TB_Parametros  WHERE TB_Parametros.dsParametro = 'VALOR REAL'  
20/06/2017 23:18:31 | Exec sco_DiccionariodeDatos @nmtabla_param='TB_Cajas'
20/06/2017 23:18:31 |  SELECT TB_Cajas.nrCaja  FROM TB_Cajas  WHERE TB_Cajas.dsUsuario = 'CAMILAP'  and  TB_Cajas.flEstado = 0  and  TB_Cajas.tpEstadoAprobacion IS NULL  and  TB_Cajas.nrcaja > 0  
20/06/2017 23:18:33 |  SELECT TB_Cajas.nrCaja ,TB_Cajas.vlTotalSaldoFinal ,TB_Cajas.nrPuesto ,TB_Cajas.dsUsuario ,TB_Cajas.vlSaldoInicialPesos ,TB_Cajas.dtApertura ,TB_Cajas.dtCierre ,TB_Cajas.vlDiaDolar ,TB_Cajas.vlDiaEuro ,TB_Cajas.vlSaldoInicialEuros ,TB_Cajas.vlSaldoInicialDolares ,TB_Cajas.vlSaldoFinalRealPesos ,TB_Cajas.vlTotalSaldoInicial ,TB_Cajas.dtObservacion ,TB_Cajas.vlCierrePesos ,TB_Cajas.vlSaldoFinalRealDolares ,TB_Cajas.vlSaldoFinalRealEuros ,TB_Cajas.vlTotalSaldoFinalReal ,TB_Cajas.vlCierreDolares ,TB_Cajas.vlCierreEuros ,TB_Cajas.dsObservacion ,TB_Cajas.vlDiaReal ,TB_Cajas.flEstado  FROM TB_Cajas  WHERE TB_Cajas.nrCaja = 9000003773  
20/06/2017 23:18:33 | Exec sco_DiccionariodeDatos @nmtabla_param='SP_SumaCajaADM_v2_9'
20/06/2017 23:18:33 | Exec SP_SumaCajaADM_v2_9 @nrCaja_param = 9000003773 ,@tpCaja_param = 'CA' ,@tpCajaImputacion_param = null 
20/06/2017 23:18:33 |  UPDATE TB_Cajas SET TB_Cajas.vlSaldoFinalRealPesos  = -258.92 ,TB_Cajas.vlSaldoFinalRealEuros  = 0.00 ,TB_Cajas.vlSaldoFinalRealDolares  = 0.00 ,TB_Cajas.vlCierrePesos  = -258.92 ,TB_Cajas.vlCierreDolares  = 0 ,TB_Cajas.vlCierreEuros  = 0   WHERE TB_Cajas.nrCaja = 9000003773  
20/06/2017 23:18:35 |  UPDATE TB_Cajas SET TB_Cajas.nrCaja  = 9000003773 ,TB_Cajas.vlTotalSaldoFinal  = -258.92 ,TB_Cajas.nrPuesto  = 9 ,TB_Cajas.dsUsuario  = 'CAMILAP' ,TB_Cajas.vlSaldoInicialPesos  = 0.00 ,TB_Cajas.dtApertura  = '19/08/2015 11:17:24' ,TB_Cajas.dtCierre  = null ,TB_Cajas.vlDiaDolar  = 9.10 ,TB_Cajas.vlDiaEuro  = 10.00 ,TB_Cajas.vlSaldoInicialEuros  = 0.00 ,TB_Cajas.vlSaldoInicialDolares  = 0.00 ,TB_Cajas.vlSaldoFinalRealPesos  = 0.00 ,TB_Cajas.vlTotalSaldoInicial  = 0.00 ,TB_Cajas.dtObservacion  = '20/06/2017 11:18:35' ,TB_Cajas.vlCierrePesos  = -258.92 ,TB_Cajas.vlSaldoFinalRealDolares  = 0.00 ,TB_Cajas.vlSaldoFinalRealEuros  = 0.00 ,TB_Cajas.vlTotalSaldoFinalReal  = -258.92 ,TB_Cajas.vlCierreDolares  = 0 ,TB_Cajas.vlCierreEuros  = 0 ,TB_Cajas.dsObservacion  = null ,TB_Cajas.vlDiaReal  = 3.21 ,TB_Cajas.flCajaAdm  = 1   WHERE TB_Cajas.nrCaja = 9000003773  
20/06/2017 23:18:35 | Exec sco_DiccionariodeDatos @nmtabla_param='VW_UltimaCajaAdm'
20/06/2017 23:18:35 |  SELECT VW_UltimaCajaAdm.nrCaja ,VW_UltimaCajaAdm.vlSaldoFinalRealPesos ,VW_UltimaCajaAdm.vlSaldoFinalRealEuros ,VW_UltimaCajaAdm.vlSaldoFinalRealDolares  FROM VW_UltimaCajaAdm 
20/06/2017 23:18:35 |  SELECT TB_Cajas.nrCaja  FROM TB_Cajas  WHERE TB_Cajas.nrCaja = 9000003773  AND  TB_Cajas.flEstado = 0  
20/06/2017 23:18:35 | Exec sco_DiccionariodeDatos @nmtabla_param='sco_cajapuesto_v3_9'
20/06/2017 23:18:35 | Exec sco_cajapuesto_v3_9 @nrCaja_param = 9000003772 
20/06/2017 23:18:35 | Exec sco_cajapuesto_v3_9 @nrCaja_param = 9000003773 
20/06/2017 23:18:35 | Exec sco_DiccionariodeDatos @nmtabla_param='spu_esdifporCotizacionImputadas_v3_9'
20/06/2017 23:18:35 | Exec spu_esdifporCotizacionImputadas_v3_9 @nrCajaAdmActual = 9000003773 
20/06/2017 23:18:35 | Exec sco_validarVencimientosCAI_v4_1
20/06/2017 23:18:36 | Exec sco_DiccionariodeDatos @nmtabla_param='sco_AccesosOpcionesMenu'
20/06/2017 23:18:36 | Exec sco_AccesosOpcionesMenu @p_tpNivelAcceso = 'Administración' ,@p_operaconcaja = 1 
20/06/2017 23:18:36 | Exec sco_AccesosOpcionesMenu @p_tpNivelAcceso = 'Administración' ,@p_operaconcaja = 1 
20/06/2017 23:18:39 | Exec sco_DiccionariodeDatos @nmtabla_param='TB_Puestos'
20/06/2017 23:18:39 |  SELECT TB_Puestos.nrPuesto ,TB_Puestos.dsPuesto ,TB_Puestos.dsPuesto ,TB_Puestos.nrTalonario_manual ,TB_Puestos.nrTalonario_manual ,TB_Puestos.nrTalonario_automatico ,TB_Puestos.nrTalonario_automatico ,TB_Puestos.nrComprobante_manual_ult ,TB_Puestos.nrComprobante_manual_ult ,TB_Puestos.nrComprobante_automatico_ult ,TB_Puestos.nrComprobante_automatico_ult ,TB_Puestos.tpletra ,TB_Puestos.tpletra ,TB_Puestos.flFacturaCtacte  FROM TB_Puestos  WHERE  dsPuesto Like ('%%%') AND TB_Puestos.flEliminar = 0   Order by TB_Puestos.dsPuesto ASC 
20/06/2017 23:18:40 | Exec sco_AccesosOpcionesMenu @p_tpNivelAcceso = 'Administración' ,@p_operaconcaja = 1 
20/06/2017 23:18:42 | Exec sco_DiccionariodeDatos @nmtabla_param='VW_CajasPuestos_v2_5'
20/06/2017 23:18:42 |  SELECT VW_CajasPuestos_v2_5.nrCaja ,VW_CajasPuestos_v2_5.dtApertura ,VW_CajasPuestos_v2_5.dtCierre ,VW_CajasPuestos_v2_5.nrPuesto ,VW_CajasPuestos_v2_5.dsUsuario ,VW_CajasPuestos_v2_5.vlDiferenciaDeCierre ,VW_CajasPuestos_v2_5.dsUsuario ,VW_CajasPuestos_v2_5.vlSaldoInicialPesos ,VW_CajasPuestos_v2_5.vlSaldoFinalPesos ,VW_CajasPuestos_v2_5.flSincronizado ,VW_CajasPuestos_v2_5.tpEstadoAprobacion  FROM VW_CajasPuestos_v2_5  WHERE VW_CajasPuestos_v2_5.nrPuesto <> 9 AND VW_CajasPuestos_v2_5.dtApertura >= '05/06/2017 00:00:00'  AND  VW_CajasPuestos_v2_5.dtApertura <= '20/06/2017 23:59:59'  AND   nrCaja Like ('%%%') Order by VW_CajasPuestos_v2_5.dtApertura DESC 
20/06/2017 23:18:53 | Exec sco_AccesosOpcionesMenu @p_tpNivelAcceso = 'Administración' ,@p_operaconcaja = 1 
20/06/2017 23:18:56 |  SELECT VW_CajasPuestos_v2_5.nrCaja ,VW_CajasPuestos_v2_5.dtApertura ,VW_CajasPuestos_v2_5.dtCierre ,VW_CajasPuestos_v2_5.nrPuesto ,VW_CajasPuestos_v2_5.dsUsuario ,VW_CajasPuestos_v2_5.vlDiferenciaDeCierre ,VW_CajasPuestos_v2_5.dsUsuario ,VW_CajasPuestos_v2_5.vlSaldoInicialPesos ,VW_CajasPuestos_v2_5.vlSaldoFinalPesos ,VW_CajasPuestos_v2_5.flSincronizado ,VW_CajasPuestos_v2_5.tpEstadoAprobacion  FROM VW_CajasPuestos_v2_5  WHERE VW_CajasPuestos_v2_5.nrPuesto <> 9 AND VW_CajasPuestos_v2_5.dtApertura >= '05/06/2017 00:00:00'  AND  VW_CajasPuestos_v2_5.dtApertura <= '20/06/2017 23:59:59'  AND   nrCaja Like ('%%%') Order by VW_CajasPuestos_v2_5.dtApertura DESC 
20/06/2017 23:19:08 |  SELECT VW_CajasPuestos_v2_5.nrCaja ,VW_CajasPuestos_v2_5.dtApertura ,VW_CajasPuestos_v2_5.dtCierre ,VW_CajasPuestos_v2_5.nrPuesto ,VW_CajasPuestos_v2_5.dsUsuario ,VW_CajasPuestos_v2_5.vlDiferenciaDeCierre ,VW_CajasPuestos_v2_5.dsUsuario ,VW_CajasPuestos_v2_5.vlSaldoInicialPesos ,VW_CajasPuestos_v2_5.vlSaldoFinalPesos ,VW_CajasPuestos_v2_5.flSincronizado ,VW_CajasPuestos_v2_5.tpEstadoAprobacion  FROM VW_CajasPuestos_v2_5  WHERE VW_CajasPuestos_v2_5.nrPuesto <> 9 AND VW_CajasPuestos_v2_5.dtApertura >= '05/06/2015 00:00:00'  AND  VW_CajasPuestos_v2_5.dtApertura <= '20/06/2017 23:59:59'  AND   nrCaja Like ('%%%') Order by VW_CajasPuestos_v2_5.dtApertura DESC 
20/06/2017 23:19:14 |  SELECT TB_Usuarios.dsUsuario ,TB_Usuarios.nmNombre ,TB_Usuarios.nmApellido ,TB_Usuarios.tpNivelJerarquico  FROM TB_Usuarios  WHERE TB_Usuarios.flEliminar = 0  AND  TB_Usuarios.flBloqueado = 0  AND  TB_Usuarios.tpNivelJerarquico = 'Supervisor'  
20/06/2017 23:19:23 |  SELECT TB_Usuarios.dsUsuario ,TB_Usuarios.dspassword ,TB_Usuarios.tpAcceso ,TB_Usuarios.nmNombre ,TB_Usuarios.nmApellido ,TB_Usuarios.flBloqueado ,TB_Usuarios.tpNivelJerarquico  FROM TB_Usuarios  WHERE TB_Usuarios.dsUsuario = 'USRPARAM'  AND  TB_Usuarios.flEliminar = 0  
20/06/2017 23:19:24 | Exec sco_DiccionariodeDatos @nmtabla_param='sco_cajapuesto_v3_7'
20/06/2017 23:19:24 | Exec sco_cajapuesto_v3_7 @nrCaja_param = 1000010107 
20/06/2017 23:19:24 | Exec sco_DiccionariodeDatos @nmtabla_param='sco_Comprobantes_cajapuesto_v3_7'
20/06/2017 23:19:24 | Exec sco_Comprobantes_cajapuesto_v3_7 @nrCaja_param = 1000010107 
20/06/2017 23:19:24 | Exec sco_DiccionariodeDatos @nmtabla_param='sco_obtenerCierresCajaPuesto_v2_5'
20/06/2017 23:19:24 | Exec sco_obtenerCierresCajaPuesto_v2_5 @nrCaja_param = 1000010107 
20/06/2017 23:19:24 | Exec sco_DiccionariodeDatos @nmtabla_param='SP_puedeOperarUsuarioCajaPuesto_v3_2'
20/06/2017 23:19:24 | Exec SP_puedeOperarUsuarioCajaPuesto_v3_2 @pnrCaja_param = 1000010107 ,@pdsUsuario_param = 'CAMILAP' 
20/06/2017 23:19:26 | Exec sco_DiccionariodeDatos @nmtabla_param='TB_Comprobantes'
20/06/2017 23:19:26 | Exec  SP_ObtenerTalonarioMaximo_v1_4 
20/06/2017 23:19:26 |  SELECT TB_Comprobantes.dtComprobante ,TB_Comprobantes.nrComprobante ,TB_Comprobantes.cdCliente ,TB_Comprobantes.cdCodBar ,TB_Comprobantes.nrLicencia ,TB_Comprobantes.nrPuesto ,TB_Comprobantes.nrTalonario ,TB_Comprobantes.tpComprobante ,TB_Comprobantes.nrCaja ,TB_Comprobantes.cdCondVenta ,TB_Comprobantes.nrDoc ,TB_Comprobantes.dsRazonSocial ,TB_Comprobantes.nmLicenciatario ,TB_Comprobantes.dsUsuario ,TB_Comprobantes.dsDomicilio ,TB_Comprobantes.tpComprobante ,TB_Comprobantes.tpLetra ,TB_Comprobantes.flManual  FROM TB_Comprobantes  WHERE TB_Comprobantes.nrTalonario = '0001'  AND  TB_Comprobantes.nrComprobante = '00000001'  AND  TB_Comprobantes.tpComprobante = 'FA'  AND  TB_Comprobantes.tpLetra = 'B'  
20/06/2017 23:19:26 |  SELECT TB_Comprobantes.dsLeyenda ,TB_Comprobantes.tpLetra ,TB_Comprobantes.vlTotalGeneral ,TB_Comprobantes.vlPagoEuros ,TB_Comprobantes.vlPagoPesos ,TB_Comprobantes.tpMoneda ,TB_Comprobantes.dsDomicilio ,TB_Comprobantes.nmLocalidad ,TB_Comprobantes.dsEmail ,TB_Comprobantes.cdPostal ,TB_Comprobantes.dtVencimiento ,TB_Comprobantes.nrBultos ,TB_Comprobantes.nrPasajeros ,TB_Comprobantes.vlPagoDolares ,TB_Comprobantes.nrTel ,TB_Comprobantes.vlDiaEuro ,TB_Comprobantes.cdCliente ,TB_Comprobantes.nrTalonario ,TB_Comprobantes.dtComprobante ,TB_Comprobantes.nrComprobante ,TB_Comprobantes.cdCodBar ,TB_Comprobantes.tpComprobante ,TB_Comprobantes.nrCaja ,TB_Comprobantes.cdCondVenta ,TB_Comprobantes.nrDoc ,TB_Comprobantes.dsRazonSocial ,TB_Comprobantes.nrLicencia ,TB_Comprobantes.nmLicenciatario ,TB_Comprobantes.dsUsuario ,TB_Comprobantes.nrPuesto ,TB_Comprobantes.nmApellido ,TB_Comprobantes.nmNombre ,TB_Comprobantes.dsOpcional3 ,TB_Comprobantes.IdReciboCtaCte ,TB_Comprobantes.flAnulado ,TB_Comprobantes.flEliminar ,TB_Comprobantes.flManual ,TB_Comprobantes.tpComision ,TB_Comprobantes.cdCliente ,TB_Comprobantes.vlPagoReales  FROM TB_Comprobantes  WHERE TB_Comprobantes.nrComprobante = '00000001    '  AND  TB_Comprobantes.nrTalonario = '0001'  AND  TB_Comprobantes.nrCaja = 1000010107  AND  TB_Comprobantes.tpLetra = 'B'  AND  TB_Comprobantes.tpComprobante = 'FA'  
20/06/2017 23:19:26 | Exec sco_DiccionariodeDatos @nmtabla_param='TB_ComprobantesDetalle'
20/06/2017 23:19:26 |  SELECT TB_ComprobantesDetalle.nrItem ,TB_ComprobantesDetalle.cdProducto ,TB_ComprobantesDetalle.dsProducto ,TB_ComprobantesDetalle.vlPrecioViaje ,TB_ComprobantesDetalle.vlTotalItem  FROM TB_ComprobantesDetalle  WHERE TB_ComprobantesDetalle.nrTalonario = '0001'  AND  TB_ComprobantesDetalle.nrComprobante = '00000001'  AND  TB_ComprobantesDetalle.tpComprobante = 'FA'  AND  TB_ComprobantesDetalle.tpLetra = 'B'  
20/06/2017 23:19:26 | Exec sco_DiccionariodeDatos @nmtabla_param='TB_Clientes'
20/06/2017 23:19:26 |  SELECT TB_Clientes.dsRazonSocial ,TB_Clientes.tpDoc ,TB_Clientes.nrDoc ,TB_Clientes.dsEmail ,TB_Clientes.nrPuesto ,TB_Clientes.tpFormadePago  FROM TB_Clientes  WHERE TB_Clientes.cdCliente = 1  
20/06/2017 23:19:32 | Exec sco_cajapuesto_v3_7 @nrCaja_param = 1000010107 
20/06/2017 23:19:32 | Exec sco_Comprobantes_cajapuesto_v3_7 @nrCaja_param = 1000010107 
20/06/2017 23:19:32 | Exec sco_obtenerCierresCajaPuesto_v2_5 @nrCaja_param = 1000010107 
20/06/2017 23:19:32 | Exec SP_puedeOperarUsuarioCajaPuesto_v3_2 @pnrCaja_param = 1000010107 ,@pdsUsuario_param = 'CAMILAP' 
20/06/2017 23:19:34 |  SELECT TB_Puestos.nrPuesto ,TB_Puestos.dsPuesto  FROM TB_Puestos  WHERE TB_Puestos.nrPuesto <> 9  
20/06/2017 23:19:34 |  SELECT TB_Puestos.nrPuesto ,TB_Puestos.dsPuesto  FROM TB_Puestos  WHERE TB_Puestos.nrPuesto <> 9  AND  TB_Puestos.nrPuesto = 1  
20/06/2017 23:19:36 |  SELECT tb_parametros.dsParametro ,tb_parametros.vlParametro ,tb_parametros.tpParametro ,tb_parametros.flEditable ,tb_parametros.nrTamanio ,tb_parametros.dtActualizacion  FROM tb_parametros  WHERE tb_parametros.dsParametro = 'PORC_RECARGO_TD'  
20/06/2017 23:19:36 |  SELECT tb_parametros.dsParametro ,tb_parametros.vlParametro ,tb_parametros.tpParametro ,tb_parametros.flEditable ,tb_parametros.nrTamanio ,tb_parametros.dtActualizacion  FROM tb_parametros  WHERE tb_parametros.dsParametro = 'PORC_RECARGO_TC'  
20/06/2017 23:19:36 |  SELECT tb_parametros.dsParametro ,tb_parametros.vlParametro ,tb_parametros.tpParametro ,tb_parametros.flEditable ,tb_parametros.nrTamanio ,tb_parametros.dtActualizacion  FROM tb_parametros  WHERE tb_parametros.dsParametro = 'PORC_RECARGO_TP'  
20/06/2017 23:19:36 | Exec sco_DiccionariodeDatos @nmtabla_param='sp_obtenerComision_v4_7'
20/06/2017 23:19:36 | Exec sp_obtenerComision_v4_7 @tpComprobante_param = null ,@vlTotalGeneral_param = 0 ,@tpComision_param = null ,@tpCliente_param = null ,@dsCodigoDestinos_param = null 
20/06/2017 23:19:36 | Exec sp_obtenerComision_v4_7 @tpComprobante_param = null ,@vlTotalGeneral_param = 0 ,@tpComision_param = 'A Clientes' ,@tpCliente_param = 'A Clientes' ,@dsCodigoDestinos_param = null 
20/06/2017 23:19:36 | Exec sco_DiccionariodeDatos @nmtabla_param='spu_obtener_puntosdeventa_facturacion_v4_7'
20/06/2017 23:19:36 | Exec spu_obtener_puntosdeventa_facturacion_v4_7 @nrPuesto_param = 1 ,@tipo_iva = 'CF' ,@auto_impresor = 'N' ,@tpFormadePago = null ,@tpComprobante = 'FA' 
20/06/2017 23:19:36 | Exec sp_obtenerComision_v4_7 @tpComprobante_param = 'FA' ,@vlTotalGeneral_param = 0 ,@tpComision_param = 'A Clientes' ,@tpCliente_param = 'A Clientes' ,@dsCodigoDestinos_param = null 
20/06/2017 23:19:36 | Exec spu_obtener_puntosdeventa_facturacion_v4_7 @nrPuesto_param = 1 ,@tipo_iva = 'CF' ,@auto_impresor = 'N' ,@tpFormadePago = null ,@tpComprobante = 'FA' 
20/06/2017 23:19:36 | Exec spu_obtener_puntosdeventa_facturacion_v4_7 @nrPuesto_param = 1 ,@tipo_iva = 'CF' ,@auto_impresor = 'N' ,@tpFormadePago = null ,@tpComprobante = 'FA' 
20/06/2017 23:19:36 | Exec sp_obtenerComision_v4_7 @tpComprobante_param = 'FA' ,@vlTotalGeneral_param = 0 ,@tpComision_param = 'A Clientes' ,@tpCliente_param = 'A Clientes' ,@dsCodigoDestinos_param = null 
20/06/2017 23:19:36 | Exec sp_obtenerComision_v4_7 @tpComprobante_param = 'FA' ,@vlTotalGeneral_param = 0 ,@tpComision_param = 'A Clientes' ,@tpCliente_param = 'A Clientes' ,@dsCodigoDestinos_param = null 
20/06/2017 23:19:36 | Exec sp_obtenerComision_v4_7 @tpComprobante_param = 'FA' ,@vlTotalGeneral_param = 0 ,@tpComision_param = 'A Clientes' ,@tpCliente_param = 'A Clientes' ,@dsCodigoDestinos_param = null 
20/06/2017 23:19:36 | Exec sco_DiccionariodeDatos @nmtabla_param='TB_Productos'
20/06/2017 23:19:40 |  SELECT TB_Comprobantes.flManual ,TB_Comprobantes.nrTalonario ,TB_Comprobantes.nrComprobante ,TB_Comprobantes.dsUsuario ,TB_Comprobantes.nrcaja  FROM TB_Comprobantes  WHERE TB_Comprobantes.flEliminar = 0  AND  TB_Comprobantes.flManual = 'M'  AND  TB_Comprobantes.nrTalonario = '0001'  AND  TB_Comprobantes.nrComprobante = '00000002'  AND  TB_Comprobantes.tpComprobante = 'FA'  AND  TB_Comprobantes.tpLetra = 'B'  
20/06/2017 23:19:46 |  SELECT tb_parametros.dsParametro ,tb_parametros.vlParametro ,tb_parametros.tpParametro ,tb_parametros.flEditable ,tb_parametros.nrTamanio ,tb_parametros.dtActualizacion  FROM tb_parametros  WHERE tb_parametros.dsParametro = 'PORC_RECARGO_TD'  
20/06/2017 23:19:46 |  SELECT tb_parametros.dsParametro ,tb_parametros.vlParametro ,tb_parametros.tpParametro ,tb_parametros.flEditable ,tb_parametros.nrTamanio ,tb_parametros.dtActualizacion  FROM tb_parametros  WHERE tb_parametros.dsParametro = 'PORC_RECARGO_TC'  
20/06/2017 23:19:46 |  SELECT tb_parametros.dsParametro ,tb_parametros.vlParametro ,tb_parametros.tpParametro ,tb_parametros.flEditable ,tb_parametros.nrTamanio ,tb_parametros.dtActualizacion  FROM tb_parametros  WHERE tb_parametros.dsParametro = 'PORC_RECARGO_TP'  
20/06/2017 23:19:46 | Exec sco_DiccionariodeDatos @nmtabla_param='SP_Supera_KM_IVA_segunMonto_2_0'
20/06/2017 23:19:46 | Exec SP_Supera_KM_IVA_segunMonto_2_0 @tpCategoriaIVA_param = 'CF' ,@vlKilometros_param = 0 ,@vlMonto_param = 450 
20/06/2017 23:19:46 | Exec sp_obtenerComision_v4_7 @tpComprobante_param = 'FA' ,@vlTotalGeneral_param = 450 ,@tpComision_param = 'A Clientes' ,@tpCliente_param = 'A Clientes' ,@dsCodigoDestinos_param = '''Viaje'',null,450' 
20/06/2017 23:19:46 | Exec sp_obtenerComision_v4_7 @tpComprobante_param = 'FA' ,@vlTotalGeneral_param = 450 ,@tpComision_param = 'A Clientes' ,@tpCliente_param = 'A Clientes' ,@dsCodigoDestinos_param = '''Viaje'',null,450' 
20/06/2017 23:19:46 | Exec sp_obtenerComision_v4_7 @tpComprobante_param = 'FA' ,@vlTotalGeneral_param = 450 ,@tpComision_param = 'A Clientes' ,@tpCliente_param = 'A Clientes' ,@dsCodigoDestinos_param = '''Viaje'',null,450' 
20/06/2017 23:19:46 | Exec SP_Supera_KM_IVA_segunMonto_2_0 @tpCategoriaIVA_param = 'CF' ,@vlKilometros_param = 0 ,@vlMonto_param = 450 
20/06/2017 23:19:46 | Exec sp_obtenerComision_v4_7 @tpComprobante_param = 'FA' ,@vlTotalGeneral_param = 450 ,@tpComision_param = 'A Clientes' ,@tpCliente_param = 'A Clientes' ,@dsCodigoDestinos_param = '''Viaje'',null,450' 
20/06/2017 23:19:46 | Exec SP_Supera_KM_IVA_segunMonto_2_0 @tpCategoriaIVA_param = 'CF' ,@vlKilometros_param = 0 ,@vlMonto_param = 450 
20/06/2017 23:19:46 | Exec sp_obtenerComision_v4_7 @tpComprobante_param = 'FA' ,@vlTotalGeneral_param = 450 ,@tpComision_param = 'A Clientes' ,@tpCliente_param = 'A Clientes' ,@dsCodigoDestinos_param = '''Viaje'',null,450' 
20/06/2017 23:19:46 | Exec sp_obtenerComision_v4_7 @tpComprobante_param = 'FA' ,@vlTotalGeneral_param = 450 ,@tpComision_param = 'A Clientes' ,@tpCliente_param = 'A Clientes' ,@dsCodigoDestinos_param = '''Viaje'',null,450' 
20/06/2017 23:19:46 | Exec sp_obtenerComision_v4_7 @tpComprobante_param = 'FA' ,@vlTotalGeneral_param = 450 ,@tpComision_param = 'A Clientes' ,@tpCliente_param = 'A Clientes' ,@dsCodigoDestinos_param = '''Viaje'',null,450' 
20/06/2017 23:19:48 | Exec sco_DiccionariodeDatos @nmtabla_param='TB_Proveedores'
20/06/2017 23:19:48 |  SELECT TB_Proveedores.nmNombre ,TB_Proveedores.nmApellido  FROM TB_Proveedores  WHERE TB_Proveedores.tpCategoria = 'Licenciatario'  AND  TB_Proveedores.nrLicencia = 124  AND  TB_Proveedores.flEliminar = 0  
20/06/2017 23:19:50 |  SELECT tb_parametros.dsParametro ,tb_parametros.vlParametro ,tb_parametros.tpParametro ,tb_parametros.flEditable ,tb_parametros.nrTamanio ,tb_parametros.dtActualizacion  FROM tb_parametros  WHERE tb_parametros.dsParametro = 'CALCULA_IVA_LIC_990'  
20/06/2017 23:19:51 | Exec SP_Supera_KM_IVA_segunMonto_2_0 @tpCategoriaIVA_param = 'CF' ,@vlKilometros_param = 0 ,@vlMonto_param = 450 
20/06/2017 23:19:51 | Exec sp_obtenerComision_v4_7 @tpComprobante_param = 'FA' ,@vlTotalGeneral_param = 450 ,@tpComision_param = 'A Clientes' ,@tpCliente_param = 'A Clientes' ,@dsCodigoDestinos_param = '''Viaje'',null,450' 
20/06/2017 23:19:51 | Exec sp_obtenerComision_v4_7 @tpComprobante_param = 'FA' ,@vlTotalGeneral_param = 450 ,@tpComision_param = 'A Clientes' ,@tpCliente_param = 'A Clientes' ,@dsCodigoDestinos_param = '''Viaje'',null,450' 
20/06/2017 23:20:30 |  SELECT tb_parametros.dsParametro ,tb_parametros.vlParametro ,tb_parametros.tpParametro ,tb_parametros.flEditable ,tb_parametros.nrTamanio ,tb_parametros.dtActualizacion  FROM tb_parametros  WHERE tb_parametros.dsParametro = 'MONTO_EXIGE_CUIT_CUIL'  
20/06/2017 23:20:59 | Exec spu_validarNroComprobanteManual_v4_9_71 @nrTalonario_param   = '0001',@nrComprobante_param = '00000002',@tpComprobante_param = 'FA',@tpLetra_param = 'B',@dtComprobante_param= '20/06/2017'
20/06/2017 23:21:30 | Exec sco_cajapuesto_v3_7 @nrCaja_param = 1000010107 
20/06/2017 23:21:30 | Exec sco_Comprobantes_cajapuesto_v3_7 @nrCaja_param = 1000010107 
20/06/2017 23:21:30 | Exec sco_obtenerCierresCajaPuesto_v2_5 @nrCaja_param = 1000010107 
20/06/2017 23:21:30 | Exec SP_puedeOperarUsuarioCajaPuesto_v3_2 @pnrCaja_param = 1000010107 ,@pdsUsuario_param = 'CAMILAP' 
20/06/2017 23:21:32 |  SELECT TB_Cajas.nrCaja ,TB_Cajas.vlFondoFijoEuros ,TB_Cajas.nrPuesto ,TB_Cajas.dsUsuario ,TB_Cajas.vlFondoFijoReales ,TB_Cajas.dtApertura ,TB_Cajas.dtCierre ,TB_Cajas.vlDiaDolar ,TB_Cajas.vlDiaEuro ,TB_Cajas.vlSaldoInicialPesos ,TB_Cajas.vlSaldoInicialReales ,TB_Cajas.vlSaldoInicialEuros ,TB_Cajas.vlFondoFijoPesos ,TB_Cajas.dsDiferenciaDeCierre ,TB_Cajas.vlDiaReal ,TB_Cajas.vlFondoFijoDolares ,TB_Cajas.vlSaldoInicialDolares ,TB_Cajas.vlSaldoFinalDolares ,TB_Cajas.vlCierreDolares ,TB_Cajas.vlSaldoFinalRealDolares ,TB_Cajas.vlDiferenciaDeCierre ,TB_Cajas.dtObservacion ,TB_Cajas.dsObservacion ,TB_Cajas.vlSaldoFinalPesos ,TB_Cajas.vlSaldoFinalReales ,TB_Cajas.vlSaldoFinalEuros ,TB_Cajas.vlTotalSaldoFinal ,TB_Cajas.vlSaldoFinalRealPesos ,TB_Cajas.vlSaldoFinalRealReales ,TB_Cajas.vlSaldoFinalRealEuros ,TB_Cajas.vlTotalSaldoFinalReal ,TB_Cajas.vlCierrePesos ,TB_Cajas.vlCierreReales ,TB_Cajas.vlCierreEuros ,TB_Cajas.vlTotalSaldoCierre ,TB_Cajas.flEstado  FROM TB_Cajas  WHERE TB_Cajas.nrCaja = 1000010107  
20/06/2017 23:21:32 | Exec sco_DiccionariodeDatos @nmtabla_param='SP_SumaCajaPuestosCondVenta_v3_7'
20/06/2017 23:21:32 | Exec SP_SumaCajaPuestosCondVenta_v3_7 @pnrCaja_param = 1000010107 
20/06/2017 23:21:35 | Exec sco_AccesosOpcionesMenu @p_tpNivelAcceso = 'Administración' ,@p_operaconcaja = 1 
