08/07/2017 08:12:34 | Exec sco_DiccionariodeDatos @nmtabla_param='TB_Puestos'
08/07/2017 08:12:34 |  SELECT TB_Puestos.nrPuesto ,TB_Puestos.dsPuesto  FROM TB_Puestos   
08/07/2017 08:12:35 |  SELECT TB_Puestos.nrPuesto ,TB_Puestos.dsPuesto  FROM TB_Puestos  WHERE TB_Puestos.nrPuesto = 9    
08/07/2017 08:12:37 | Exec  sco_TB_Productos_v4_1 
08/07/2017 08:12:37 | Exec sco_DiccionariodeDatos @nmtabla_param='TB_Usuarios'
08/07/2017 08:12:40 |  SELECT TB_Usuarios.dsUsuario ,TB_Usuarios.dspassword ,TB_Usuarios.tpAcceso ,TB_Usuarios.nmNombre ,TB_Usuarios.nmApellido ,TB_Usuarios.flBloqueado ,TB_Usuarios.tpNivelJerarquico  FROM TB_Usuarios  WHERE TB_Usuarios.dsUsuario = 'CAMILAP'  AND  TB_Usuarios.flEliminar = 0    
08/07/2017 08:12:40 |  SELECT TB_Usuarios.dsUsuario ,TB_Usuarios.dspassword ,TB_Usuarios.tpAcceso ,TB_Usuarios.nmNombre ,TB_Usuarios.nmApellido ,TB_Usuarios.flBloqueado ,TB_Usuarios.tpNivelJerarquico  FROM TB_Usuarios  WHERE TB_Usuarios.dsUsuario = 'CAMILAP'  AND  TB_Usuarios.flEliminar = 0    
08/07/2017 08:12:40 | Exec sco_DiccionariodeDatos @nmtabla_param='sp_obtenerCajasPendientesdeAprobacion_v2_5'
08/07/2017 08:12:40 | Exec sp_obtenerCajasPendientesdeAprobacion_v2_5 @pdsUsuario_param = 'CAMILAP' 
08/07/2017 08:12:40 | Exec sp_obtenerCajasRechazadas_v2_9 
08/07/2017 08:12:40 | Exec sco_DiccionariodeDatos @nmtabla_param='TB_Parametros'
08/07/2017 08:12:40 |  SELECT TB_Parametros.vlParametro  FROM TB_Parametros  WHERE TB_Parametros.dsParametro = 'VALOR EURO'    
08/07/2017 08:12:40 |  SELECT TB_Parametros.vlParametro  FROM TB_Parametros  WHERE TB_Parametros.dsParametro = 'VALOR DOLAR'    
08/07/2017 08:12:40 | Exec SP_ValorPromoRetorno
08/07/2017 08:12:40 | Exec sco_DiccionariodeDatos @nmtabla_param='TB_Comisiones'
08/07/2017 08:12:40 |  SELECT TB_Comisiones.vlMontoMinimo  FROM TB_Comisiones  WHERE TB_Comisiones.tpComision = 'Retorno'  AND  TB_Comisiones.flEliminar = 0    
08/07/2017 08:12:40 |  SELECT TB_Parametros.vlParametro  FROM TB_Parametros  WHERE TB_Parametros.dsParametro = 'VALOR REAL'    
08/07/2017 08:12:40 | Exec sco_DiccionariodeDatos @nmtabla_param='TB_Cajas'
08/07/2017 08:12:40 |  SELECT TB_Cajas.nrCaja  FROM TB_Cajas  WHERE TB_Cajas.dsUsuario = 'CAMILAP'  and  TB_Cajas.flEstado = 0  and  TB_Cajas.tpEstadoAprobacion IS NULL  and  TB_Cajas.nrcaja > 0    
08/07/2017 08:12:42 |  SELECT TB_Cajas.nrCaja ,TB_Cajas.vlTotalSaldoFinal ,TB_Cajas.nrPuesto ,TB_Cajas.dsUsuario ,TB_Cajas.vlSaldoInicialPesos ,TB_Cajas.dtApertura ,TB_Cajas.dtCierre ,TB_Cajas.vlDiaDolar ,TB_Cajas.vlDiaEuro ,TB_Cajas.vlSaldoInicialEuros ,TB_Cajas.vlSaldoInicialDolares ,TB_Cajas.vlSaldoFinalRealPesos ,TB_Cajas.vlTotalSaldoInicial ,TB_Cajas.dtObservacion ,TB_Cajas.vlCierrePesos ,TB_Cajas.vlSaldoFinalRealDolares ,TB_Cajas.vlSaldoFinalRealEuros ,TB_Cajas.vlTotalSaldoFinalReal ,TB_Cajas.vlCierreDolares ,TB_Cajas.vlCierreEuros ,TB_Cajas.dsObservacion ,TB_Cajas.vlDiaReal ,TB_Cajas.flEstado  FROM TB_Cajas  WHERE TB_Cajas.nrCaja = 9000003773    
08/07/2017 08:12:42 | Exec sco_DiccionariodeDatos @nmtabla_param='SP_SumaCajaADM_v2_9'
08/07/2017 08:12:42 | Exec SP_SumaCajaADM_v2_9 @nrCaja_param = 9000003773 ,@tpCaja_param = 'CA' ,@tpCajaImputacion_param = null 
08/07/2017 08:12:42 |  UPDATE TB_Cajas SET TB_Cajas.vlSaldoFinalRealPesos  = -258.92 ,TB_Cajas.vlSaldoFinalRealEuros  = 0.00 ,TB_Cajas.vlSaldoFinalRealDolares  = 0.00 ,TB_Cajas.vlCierrePesos  = -258.92 ,TB_Cajas.vlCierreDolares  = 0 ,TB_Cajas.vlCierreEuros  = 0   WHERE TB_Cajas.nrCaja = 9000003773  
08/07/2017 08:12:43 |  UPDATE TB_Cajas SET TB_Cajas.nrCaja  = 9000003773 ,TB_Cajas.vlTotalSaldoFinal  = -258.92 ,TB_Cajas.nrPuesto  = 9 ,TB_Cajas.dsUsuario  = 'CAMILAP' ,TB_Cajas.vlSaldoInicialPesos  = 0.00 ,TB_Cajas.dtApertura  = '19/08/2015 11:17:24' ,TB_Cajas.dtCierre  = null ,TB_Cajas.vlDiaDolar  = 9.10 ,TB_Cajas.vlDiaEuro  = 10.00 ,TB_Cajas.vlSaldoInicialEuros  = 0.00 ,TB_Cajas.vlSaldoInicialDolares  = 0.00 ,TB_Cajas.vlSaldoFinalRealPesos  = 0.00 ,TB_Cajas.vlTotalSaldoInicial  = 0.00 ,TB_Cajas.dtObservacion  = '08/07/2017 8:12:43' ,TB_Cajas.vlCierrePesos  = -258.92 ,TB_Cajas.vlSaldoFinalRealDolares  = 0.00 ,TB_Cajas.vlSaldoFinalRealEuros  = 0.00 ,TB_Cajas.vlTotalSaldoFinalReal  = -258.92 ,TB_Cajas.vlCierreDolares  = 0 ,TB_Cajas.vlCierreEuros  = 0 ,TB_Cajas.dsObservacion  = null ,TB_Cajas.vlDiaReal  = 3.21 ,TB_Cajas.flCajaAdm  = 1   WHERE TB_Cajas.nrCaja = 9000003773  
08/07/2017 08:12:43 | Exec sco_DiccionariodeDatos @nmtabla_param='VW_UltimaCajaAdm'
08/07/2017 08:12:43 |  SELECT VW_UltimaCajaAdm.nrCaja ,VW_UltimaCajaAdm.vlSaldoFinalRealPesos ,VW_UltimaCajaAdm.vlSaldoFinalRealEuros ,VW_UltimaCajaAdm.vlSaldoFinalRealDolares  FROM VW_UltimaCajaAdm   
08/07/2017 08:12:43 |  SELECT TB_Cajas.nrCaja  FROM TB_Cajas  WHERE TB_Cajas.nrCaja = 9000003773  AND  TB_Cajas.flEstado = 0    
08/07/2017 08:12:43 | Exec sco_DiccionariodeDatos @nmtabla_param='sco_cajapuesto_v3_9'
08/07/2017 08:12:43 | Exec sco_cajapuesto_v3_9 @nrCaja_param = 9000003772 
08/07/2017 08:12:43 | Exec sco_cajapuesto_v3_9 @nrCaja_param = 9000003773 
08/07/2017 08:12:43 | Exec sco_DiccionariodeDatos @nmtabla_param='spu_esdifporCotizacionImputadas_v3_9'
08/07/2017 08:12:43 | Exec spu_esdifporCotizacionImputadas_v3_9 @nrCajaAdmActual = 9000003773 
08/07/2017 08:12:43 | Exec sco_validarVencimientosCAI_v4_1
08/07/2017 08:12:43 | Exec sco_DiccionariodeDatos @nmtabla_param='sco_AccesosOpcionesMenu'
08/07/2017 08:12:43 | Exec sco_AccesosOpcionesMenu @p_tpNivelAcceso = 'Administración' ,@p_operaconcaja = 1 
08/07/2017 08:12:43 | Exec sco_AccesosOpcionesMenu @p_tpNivelAcceso = 'Administración' ,@p_operaconcaja = 1 
08/07/2017 08:12:46 | Inicializando Servicio SGLibrary.ServicePrinter
08/07/2017 08:12:46 | Inicializando Servicio SGLibrary.ServicePrinter OK 
08/07/2017 08:12:46 | Exec sco_DiccionariodeDatos @nmtabla_param='TB_Cupones'
08/07/2017 08:12:46 | Exec sco_DiccionariodeDatos @nmtabla_param='VW_CajadeADMAbierta'
08/07/2017 08:12:47 |  SELECT VW_CajadeADMAbierta.nrCaja ,VW_CajadeADMAbierta.vlSaldoFinalRealPesos ,VW_CajadeADMAbierta.vlSaldoFinalRealEuros ,VW_CajadeADMAbierta.vlSaldoFinalRealDolares ,VW_CajadeADMAbierta.dsUsuario  FROM VW_CajadeADMAbierta   
08/07/2017 08:12:50 |  SELECT TB_Cupones.cdCodBar ,TB_Cupones.nrLicencia ,TB_Cupones.nmLicenciatario ,TB_Cupones.cdCliente ,TB_Cupones.nrCupon ,TB_Cupones.tpCupon ,TB_Cupones.vlMontoCupon ,TB_Cupones.vlPagoPesos ,TB_Cupones.vlPagoEuros ,TB_Cupones.vlPagoDolares ,TB_Cupones.vlComision ,TB_Cupones.nrTalonarioCliente ,TB_Cupones.nrComprabanteCliente ,TB_Cupones.flCobradoalCliente ,TB_Cupones.vlafavorAdmin ,TB_Cupones.dtCupon  FROM TB_Cupones  WHERE TB_Cupones.cdCliente = 110  AND  TB_Cupones.tpCupon = 'Cuenta Corriente' AND TB_Cupones.flEliminar = 0  AND  TB_Cupones.flCobradoalCliente = 0 AND TB_Cupones.flAnulado = 0     Order by TB_Cupones.cdCliente ASC 
08/07/2017 08:12:53 |  SELECT TB_Cupones.cdCodBar ,TB_Cupones.nrLicencia ,TB_Cupones.nmLicenciatario ,TB_Cupones.cdCliente ,TB_Cupones.nrCupon ,TB_Cupones.tpCupon ,TB_Cupones.vlMontoCupon ,TB_Cupones.vlPagoPesos ,TB_Cupones.vlPagoEuros ,TB_Cupones.vlPagoDolares ,TB_Cupones.vlComision ,TB_Cupones.nrTalonarioCliente ,TB_Cupones.nrComprabanteCliente ,TB_Cupones.flCobradoalCliente ,TB_Cupones.vlafavorAdmin ,TB_Cupones.dtCupon  FROM TB_Cupones  WHERE TB_Cupones.cdCliente = 111  AND  TB_Cupones.tpCupon = 'Cuenta Corriente' AND TB_Cupones.flEliminar = 0  AND  TB_Cupones.flCobradoalCliente = 0 AND TB_Cupones.flAnulado = 0     Order by TB_Cupones.cdCliente ASC 
08/07/2017 08:12:59 |  SELECT TB_Cupones.cdCodBar ,TB_Cupones.nrLicencia ,TB_Cupones.nmLicenciatario ,TB_Cupones.cdCliente ,TB_Cupones.nrCupon ,TB_Cupones.tpCupon ,TB_Cupones.vlMontoCupon ,TB_Cupones.vlPagoPesos ,TB_Cupones.vlPagoEuros ,TB_Cupones.vlPagoDolares ,TB_Cupones.vlComision ,TB_Cupones.nrTalonarioCliente ,TB_Cupones.nrComprabanteCliente ,TB_Cupones.flCobradoalCliente ,TB_Cupones.vlafavorAdmin ,TB_Cupones.dtCupon  FROM TB_Cupones  WHERE TB_Cupones.cdCliente = 4013  AND  TB_Cupones.tpCupon = 'Cuenta Corriente' AND TB_Cupones.flEliminar = 0  AND  TB_Cupones.flCobradoalCliente = 0 AND TB_Cupones.flAnulado = 0     Order by TB_Cupones.cdCliente ASC 
08/07/2017 08:12:59 | Exec sco_DiccionariodeDatos @nmtabla_param='TB_Clientes'
08/07/2017 08:12:59 |  SELECT TB_Clientes.cdCliente ,TB_Clientes.dsRazonSocial  FROM TB_Clientes  WHERE TB_Clientes.cdCliente = 4013    
08/07/2017 08:13:10 |  SELECT TB_Clientes.cdCliente ,TB_Clientes.dsRazonSocial ,TB_Clientes.nrDoc ,TB_Clientes.dsEmail ,TB_Clientes.tpIVA  FROM TB_Clientes  WHERE TB_Clientes.cdCliente = 4013  AND  TB_Clientes.flEliminar = 0    
08/07/2017 08:13:10 | Exec sco_DiccionariodeDatos @nmtabla_param='TB_Recibos'
08/07/2017 08:13:10 |  INSERT TB_Recibos (IdRecibo ,vlAcumDolares ,vlSaldoPesos ,vlSaldoEuros ,vlAcumPesos ,vlAcumEuros ,vlAcumComision ,vlSaldoDolares ,dtRecibo ,tpRecibo ,cdCliente ,dsRazonSocial ,nrCaja )  VALUES (29 ,0 ,570.00 ,0 ,570.00 ,0 ,0 ,0 ,'08/07/2017 8:13:10' ,'Detalle de Cobro a Cta. Cte.' ,'4013' ,'SILVINA SZPERLING' ,9000003773 )
08/07/2017 08:13:10 | Exec sco_DiccionariodeDatos @nmtabla_param='DiccionariodeDatos'
08/07/2017 08:13:10 |  UPDATE DiccionariodeDatos SET DiccionariodeDatos.vlPuesto9  = '1000276280'   WHERE DiccionariodeDatos.nmTabla = 'TB_Recibos'  AND  DiccionariodeDatos.nmCampo = 'IdRecibo'  
08/07/2017 08:13:10 |  SELECT tb_parametros.dsParametro ,tb_parametros.vlParametro ,tb_parametros.tpParametro ,tb_parametros.flEditable ,tb_parametros.nrTamanio ,tb_parametros.dtActualizacion  FROM tb_parametros  WHERE tb_parametros.dsParametro = 'PUESTO_FACTURACION_CTA_CTE'    
08/07/2017 08:13:10 | Exec dbo.spu_obtener_puntosdeventa_facturacion_v4_9_5 @nrPuesto_param=4, @tipo_iva = RI,  @auto_impresor = N, @tpFormadePago = null,  @tpComprobante = 'FA'
08/07/2017 08:13:25 | Inicializando Servicio SGLibrary.ServicePrinter
08/07/2017 08:13:25 | Inicializando Servicio SGLibrary.ServicePrinter OK 
08/07/2017 08:13:25 |  SELECT tb_parametros.dsParametro ,tb_parametros.vlParametro ,tb_parametros.tpParametro ,tb_parametros.flEditable ,tb_parametros.nrTamanio ,tb_parametros.dtActualizacion  FROM tb_parametros  WHERE tb_parametros.dsParametro = 'PUESTO_FACTURACION_CTA_CTE'    
08/07/2017 08:16:11 | Exec sco_DiccionariodeDatos @nmtabla_param='TB_Puestos'
08/07/2017 08:16:11 |  SELECT TB_Puestos.nrPuesto ,TB_Puestos.dsPuesto  FROM TB_Puestos   
08/07/2017 08:16:11 |  SELECT TB_Puestos.nrPuesto ,TB_Puestos.dsPuesto  FROM TB_Puestos  WHERE TB_Puestos.nrPuesto = 9    
08/07/2017 08:16:14 | Exec  sco_TB_Productos_v4_1 
08/07/2017 08:16:14 | Exec sco_DiccionariodeDatos @nmtabla_param='TB_Usuarios'
08/07/2017 08:16:17 |  SELECT TB_Usuarios.dsUsuario ,TB_Usuarios.dspassword ,TB_Usuarios.tpAcceso ,TB_Usuarios.nmNombre ,TB_Usuarios.nmApellido ,TB_Usuarios.flBloqueado ,TB_Usuarios.tpNivelJerarquico  FROM TB_Usuarios  WHERE TB_Usuarios.dsUsuario = 'CAMILAP'  AND  TB_Usuarios.flEliminar = 0    
08/07/2017 08:16:17 |  SELECT TB_Usuarios.dsUsuario ,TB_Usuarios.dspassword ,TB_Usuarios.tpAcceso ,TB_Usuarios.nmNombre ,TB_Usuarios.nmApellido ,TB_Usuarios.flBloqueado ,TB_Usuarios.tpNivelJerarquico  FROM TB_Usuarios  WHERE TB_Usuarios.dsUsuario = 'CAMILAP'  AND  TB_Usuarios.flEliminar = 0    
08/07/2017 08:16:17 | Exec sco_DiccionariodeDatos @nmtabla_param='sp_obtenerCajasPendientesdeAprobacion_v2_5'
08/07/2017 08:16:17 | Exec sp_obtenerCajasPendientesdeAprobacion_v2_5 @pdsUsuario_param = 'CAMILAP' 
08/07/2017 08:16:17 | Exec sp_obtenerCajasRechazadas_v2_9 
08/07/2017 08:16:17 | Exec sco_DiccionariodeDatos @nmtabla_param='TB_Parametros'
08/07/2017 08:16:17 |  SELECT TB_Parametros.vlParametro  FROM TB_Parametros  WHERE TB_Parametros.dsParametro = 'VALOR EURO'    
08/07/2017 08:16:17 |  SELECT TB_Parametros.vlParametro  FROM TB_Parametros  WHERE TB_Parametros.dsParametro = 'VALOR DOLAR'    
08/07/2017 08:16:17 | Exec SP_ValorPromoRetorno
08/07/2017 08:16:17 | Exec sco_DiccionariodeDatos @nmtabla_param='TB_Comisiones'
08/07/2017 08:16:17 |  SELECT TB_Comisiones.vlMontoMinimo  FROM TB_Comisiones  WHERE TB_Comisiones.tpComision = 'Retorno'  AND  TB_Comisiones.flEliminar = 0    
08/07/2017 08:16:17 |  SELECT TB_Parametros.vlParametro  FROM TB_Parametros  WHERE TB_Parametros.dsParametro = 'VALOR REAL'    
08/07/2017 08:16:17 | Exec sco_DiccionariodeDatos @nmtabla_param='TB_Cajas'
08/07/2017 08:16:17 |  SELECT TB_Cajas.nrCaja  FROM TB_Cajas  WHERE TB_Cajas.dsUsuario = 'CAMILAP'  and  TB_Cajas.flEstado = 0  and  TB_Cajas.tpEstadoAprobacion IS NULL  and  TB_Cajas.nrcaja > 0    
08/07/2017 08:16:19 |  SELECT TB_Cajas.nrCaja ,TB_Cajas.vlTotalSaldoFinal ,TB_Cajas.nrPuesto ,TB_Cajas.dsUsuario ,TB_Cajas.vlSaldoInicialPesos ,TB_Cajas.dtApertura ,TB_Cajas.dtCierre ,TB_Cajas.vlDiaDolar ,TB_Cajas.vlDiaEuro ,TB_Cajas.vlSaldoInicialEuros ,TB_Cajas.vlSaldoInicialDolares ,TB_Cajas.vlSaldoFinalRealPesos ,TB_Cajas.vlTotalSaldoInicial ,TB_Cajas.dtObservacion ,TB_Cajas.vlCierrePesos ,TB_Cajas.vlSaldoFinalRealDolares ,TB_Cajas.vlSaldoFinalRealEuros ,TB_Cajas.vlTotalSaldoFinalReal ,TB_Cajas.vlCierreDolares ,TB_Cajas.vlCierreEuros ,TB_Cajas.dsObservacion ,TB_Cajas.vlDiaReal ,TB_Cajas.flEstado  FROM TB_Cajas  WHERE TB_Cajas.nrCaja = 9000003773    
08/07/2017 08:16:19 | Exec sco_DiccionariodeDatos @nmtabla_param='SP_SumaCajaADM_v2_9'
08/07/2017 08:16:19 | Exec SP_SumaCajaADM_v2_9 @nrCaja_param = 9000003773 ,@tpCaja_param = 'CA' ,@tpCajaImputacion_param = null 
08/07/2017 08:16:19 |  UPDATE TB_Cajas SET TB_Cajas.vlSaldoFinalRealPesos  = -258.92 ,TB_Cajas.vlSaldoFinalRealEuros  = 0.00 ,TB_Cajas.vlSaldoFinalRealDolares  = 0.00 ,TB_Cajas.vlCierrePesos  = -258.92 ,TB_Cajas.vlCierreDolares  = 0 ,TB_Cajas.vlCierreEuros  = 0   WHERE TB_Cajas.nrCaja = 9000003773  
08/07/2017 08:16:20 |  UPDATE TB_Cajas SET TB_Cajas.nrCaja  = 9000003773 ,TB_Cajas.vlTotalSaldoFinal  = -258.92 ,TB_Cajas.nrPuesto  = 9 ,TB_Cajas.dsUsuario  = 'CAMILAP' ,TB_Cajas.vlSaldoInicialPesos  = 0.00 ,TB_Cajas.dtApertura  = '19/08/2015 11:17:24' ,TB_Cajas.dtCierre  = null ,TB_Cajas.vlDiaDolar  = 9.10 ,TB_Cajas.vlDiaEuro  = 10.00 ,TB_Cajas.vlSaldoInicialEuros  = 0.00 ,TB_Cajas.vlSaldoInicialDolares  = 0.00 ,TB_Cajas.vlSaldoFinalRealPesos  = 0.00 ,TB_Cajas.vlTotalSaldoInicial  = 0.00 ,TB_Cajas.dtObservacion  = '08/07/2017 8:16:20' ,TB_Cajas.vlCierrePesos  = -258.92 ,TB_Cajas.vlSaldoFinalRealDolares  = 0.00 ,TB_Cajas.vlSaldoFinalRealEuros  = 0.00 ,TB_Cajas.vlTotalSaldoFinalReal  = -258.92 ,TB_Cajas.vlCierreDolares  = 0 ,TB_Cajas.vlCierreEuros  = 0 ,TB_Cajas.dsObservacion  = null ,TB_Cajas.vlDiaReal  = 3.21 ,TB_Cajas.flCajaAdm  = 1   WHERE TB_Cajas.nrCaja = 9000003773  
08/07/2017 08:16:20 | Exec sco_DiccionariodeDatos @nmtabla_param='VW_UltimaCajaAdm'
08/07/2017 08:16:20 |  SELECT VW_UltimaCajaAdm.nrCaja ,VW_UltimaCajaAdm.vlSaldoFinalRealPesos ,VW_UltimaCajaAdm.vlSaldoFinalRealEuros ,VW_UltimaCajaAdm.vlSaldoFinalRealDolares  FROM VW_UltimaCajaAdm   
08/07/2017 08:16:20 |  SELECT TB_Cajas.nrCaja  FROM TB_Cajas  WHERE TB_Cajas.nrCaja = 9000003773  AND  TB_Cajas.flEstado = 0    
08/07/2017 08:16:20 | Exec sco_DiccionariodeDatos @nmtabla_param='sco_cajapuesto_v3_9'
08/07/2017 08:16:20 | Exec sco_cajapuesto_v3_9 @nrCaja_param = 9000003772 
08/07/2017 08:16:20 | Exec sco_cajapuesto_v3_9 @nrCaja_param = 9000003773 
08/07/2017 08:16:20 | Exec sco_DiccionariodeDatos @nmtabla_param='spu_esdifporCotizacionImputadas_v3_9'
08/07/2017 08:16:20 | Exec spu_esdifporCotizacionImputadas_v3_9 @nrCajaAdmActual = 9000003773 
08/07/2017 08:16:20 | Exec sco_validarVencimientosCAI_v4_1
08/07/2017 08:16:20 | Exec sco_DiccionariodeDatos @nmtabla_param='sco_AccesosOpcionesMenu'
08/07/2017 08:16:20 | Exec sco_AccesosOpcionesMenu @p_tpNivelAcceso = 'Administración' ,@p_operaconcaja = 1 
08/07/2017 08:16:20 | Exec sco_AccesosOpcionesMenu @p_tpNivelAcceso = 'Administración' ,@p_operaconcaja = 1 
08/07/2017 08:16:30 | Inicializando Servicio SGLibrary.ServicePrinter
08/07/2017 08:16:31 | Inicializando Servicio SGLibrary.ServicePrinter OK 
08/07/2017 08:16:31 | Exec sco_DiccionariodeDatos @nmtabla_param='TB_Cupones'
08/07/2017 08:16:31 | Exec sco_DiccionariodeDatos @nmtabla_param='VW_CajadeADMAbierta'
08/07/2017 08:16:31 |  SELECT VW_CajadeADMAbierta.nrCaja ,VW_CajadeADMAbierta.vlSaldoFinalRealPesos ,VW_CajadeADMAbierta.vlSaldoFinalRealEuros ,VW_CajadeADMAbierta.vlSaldoFinalRealDolares ,VW_CajadeADMAbierta.dsUsuario  FROM VW_CajadeADMAbierta   
08/07/2017 08:16:35 |  SELECT TB_Cupones.cdCodBar ,TB_Cupones.nrLicencia ,TB_Cupones.nmLicenciatario ,TB_Cupones.cdCliente ,TB_Cupones.nrCupon ,TB_Cupones.tpCupon ,TB_Cupones.vlMontoCupon ,TB_Cupones.vlPagoPesos ,TB_Cupones.vlPagoEuros ,TB_Cupones.vlPagoDolares ,TB_Cupones.vlComision ,TB_Cupones.nrTalonarioCliente ,TB_Cupones.nrComprabanteCliente ,TB_Cupones.flCobradoalCliente ,TB_Cupones.vlafavorAdmin ,TB_Cupones.dtCupon  FROM TB_Cupones  WHERE TB_Cupones.cdCliente = 4013  AND  TB_Cupones.tpCupon = 'Cuenta Corriente' AND TB_Cupones.flEliminar = 0  AND  TB_Cupones.flCobradoalCliente = 0 AND TB_Cupones.flAnulado = 0     Order by TB_Cupones.cdCliente ASC 
08/07/2017 08:16:35 | Exec sco_DiccionariodeDatos @nmtabla_param='TB_Clientes'
08/07/2017 08:16:35 |  SELECT TB_Clientes.cdCliente ,TB_Clientes.dsRazonSocial  FROM TB_Clientes  WHERE TB_Clientes.cdCliente = 4013    
08/07/2017 08:16:45 |  SELECT TB_Clientes.cdCliente ,TB_Clientes.dsRazonSocial ,TB_Clientes.nrDoc ,TB_Clientes.dsEmail ,TB_Clientes.tpIVA  FROM TB_Clientes  WHERE TB_Clientes.cdCliente = 4013  AND  TB_Clientes.flEliminar = 0    
08/07/2017 08:16:46 | Exec sco_DiccionariodeDatos @nmtabla_param='TB_Recibos'
08/07/2017 08:16:46 |  INSERT TB_Recibos (IdRecibo ,vlAcumDolares ,vlSaldoPesos ,vlSaldoEuros ,vlAcumPesos ,vlAcumEuros ,vlAcumComision ,vlSaldoDolares ,dtRecibo ,tpRecibo ,cdCliente ,dsRazonSocial ,nrCaja )  VALUES (30 ,0 ,570.00 ,0 ,570.00 ,0 ,0 ,0 ,'08/07/2017 8:16:46' ,'Detalle de Cobro a Cta. Cte.' ,'4013' ,'SILVINA SZPERLING' ,9000003773 )
08/07/2017 08:16:46 | Exec sco_DiccionariodeDatos @nmtabla_param='DiccionariodeDatos'
08/07/2017 08:16:46 |  UPDATE DiccionariodeDatos SET DiccionariodeDatos.vlPuesto9  = '1000276281'   WHERE DiccionariodeDatos.nmTabla = 'TB_Recibos'  AND  DiccionariodeDatos.nmCampo = 'IdRecibo'  
08/07/2017 08:16:46 |  SELECT tb_parametros.dsParametro ,tb_parametros.vlParametro ,tb_parametros.tpParametro ,tb_parametros.flEditable ,tb_parametros.nrTamanio ,tb_parametros.dtActualizacion  FROM tb_parametros  WHERE tb_parametros.dsParametro = 'PUESTO_FACTURACION_CTA_CTE'    
08/07/2017 08:16:46 | Exec dbo.spu_obtener_puntosdeventa_facturacion_v4_9_5 @nrPuesto_param=4, @tipo_iva = RI,  @auto_impresor = S, @tpFormadePago = null,  @tpComprobante = 'FA'
08/07/2017 08:16:53 | Inicializando Servicio SGLibrary.ServicePrinter
08/07/2017 08:16:53 | Inicializando Servicio SGLibrary.ServicePrinter OK 
08/07/2017 08:16:53 |  SELECT tb_parametros.dsParametro ,tb_parametros.vlParametro ,tb_parametros.tpParametro ,tb_parametros.flEditable ,tb_parametros.nrTamanio ,tb_parametros.dtActualizacion  FROM tb_parametros  WHERE tb_parametros.dsParametro = 'PUESTO_FACTURACION_CTA_CTE'    
08/07/2017 08:16:53 | Exec sco_DiccionariodeDatos @nmtabla_param='TB_Comprobantes'
08/07/2017 08:16:55 |  SELECT TB_Comprobantes.flManual ,TB_Comprobantes.nrTalonario ,TB_Comprobantes.nrComprobante ,TB_Comprobantes.dsUsuario ,TB_Comprobantes.nrcaja  FROM TB_Comprobantes  WHERE TB_Comprobantes.nrTalonario = '0008'  AND  TB_Comprobantes.nrComprobante = '00000007'  AND  TB_Comprobantes.tpComprobante = 'FA'  AND  TB_Comprobantes.tpLetra = 'A'    
08/07/2017 08:17:11 | Exec sco_DiccionariodeDatos @nmtabla_param='TB_Puestos'
08/07/2017 08:17:11 |  SELECT TB_Puestos.nrPuesto ,TB_Puestos.dsPuesto  FROM TB_Puestos   
08/07/2017 08:17:11 |  SELECT TB_Puestos.nrPuesto ,TB_Puestos.dsPuesto  FROM TB_Puestos  WHERE TB_Puestos.nrPuesto = 9    
08/07/2017 08:17:13 | Exec  sco_TB_Productos_v4_1 
08/07/2017 08:17:13 | Exec sco_DiccionariodeDatos @nmtabla_param='TB_Usuarios'
08/07/2017 08:17:18 |  SELECT TB_Usuarios.dsUsuario ,TB_Usuarios.dspassword ,TB_Usuarios.tpAcceso ,TB_Usuarios.nmNombre ,TB_Usuarios.nmApellido ,TB_Usuarios.flBloqueado ,TB_Usuarios.tpNivelJerarquico  FROM TB_Usuarios  WHERE TB_Usuarios.dsUsuario = 'CAMILAP'  AND  TB_Usuarios.flEliminar = 0    
08/07/2017 08:17:18 |  SELECT TB_Usuarios.dsUsuario ,TB_Usuarios.dspassword ,TB_Usuarios.tpAcceso ,TB_Usuarios.nmNombre ,TB_Usuarios.nmApellido ,TB_Usuarios.flBloqueado ,TB_Usuarios.tpNivelJerarquico  FROM TB_Usuarios  WHERE TB_Usuarios.dsUsuario = 'CAMILAP'  AND  TB_Usuarios.flEliminar = 0    
08/07/2017 08:17:18 | Exec sco_DiccionariodeDatos @nmtabla_param='sp_obtenerCajasPendientesdeAprobacion_v2_5'
08/07/2017 08:17:18 | Exec sp_obtenerCajasPendientesdeAprobacion_v2_5 @pdsUsuario_param = 'CAMILAP' 
08/07/2017 08:17:18 | Exec sp_obtenerCajasRechazadas_v2_9 
08/07/2017 08:17:18 | Exec sco_DiccionariodeDatos @nmtabla_param='TB_Parametros'
08/07/2017 08:17:18 |  SELECT TB_Parametros.vlParametro  FROM TB_Parametros  WHERE TB_Parametros.dsParametro = 'VALOR EURO'    
08/07/2017 08:17:18 |  SELECT TB_Parametros.vlParametro  FROM TB_Parametros  WHERE TB_Parametros.dsParametro = 'VALOR DOLAR'    
08/07/2017 08:17:18 | Exec SP_ValorPromoRetorno
08/07/2017 08:17:18 | Exec sco_DiccionariodeDatos @nmtabla_param='TB_Comisiones'
08/07/2017 08:17:18 |  SELECT TB_Comisiones.vlMontoMinimo  FROM TB_Comisiones  WHERE TB_Comisiones.tpComision = 'Retorno'  AND  TB_Comisiones.flEliminar = 0    
08/07/2017 08:17:18 |  SELECT TB_Parametros.vlParametro  FROM TB_Parametros  WHERE TB_Parametros.dsParametro = 'VALOR REAL'    
08/07/2017 08:17:18 | Exec sco_DiccionariodeDatos @nmtabla_param='TB_Cajas'
08/07/2017 08:17:18 |  SELECT TB_Cajas.nrCaja  FROM TB_Cajas  WHERE TB_Cajas.dsUsuario = 'CAMILAP'  and  TB_Cajas.flEstado = 0  and  TB_Cajas.tpEstadoAprobacion IS NULL  and  TB_Cajas.nrcaja > 0    
08/07/2017 08:17:20 |  SELECT TB_Cajas.nrCaja ,TB_Cajas.vlTotalSaldoFinal ,TB_Cajas.nrPuesto ,TB_Cajas.dsUsuario ,TB_Cajas.vlSaldoInicialPesos ,TB_Cajas.dtApertura ,TB_Cajas.dtCierre ,TB_Cajas.vlDiaDolar ,TB_Cajas.vlDiaEuro ,TB_Cajas.vlSaldoInicialEuros ,TB_Cajas.vlSaldoInicialDolares ,TB_Cajas.vlSaldoFinalRealPesos ,TB_Cajas.vlTotalSaldoInicial ,TB_Cajas.dtObservacion ,TB_Cajas.vlCierrePesos ,TB_Cajas.vlSaldoFinalRealDolares ,TB_Cajas.vlSaldoFinalRealEuros ,TB_Cajas.vlTotalSaldoFinalReal ,TB_Cajas.vlCierreDolares ,TB_Cajas.vlCierreEuros ,TB_Cajas.dsObservacion ,TB_Cajas.vlDiaReal ,TB_Cajas.flEstado  FROM TB_Cajas  WHERE TB_Cajas.nrCaja = 9000003773    
08/07/2017 08:17:20 | Exec sco_DiccionariodeDatos @nmtabla_param='SP_SumaCajaADM_v2_9'
08/07/2017 08:17:20 | Exec SP_SumaCajaADM_v2_9 @nrCaja_param = 9000003773 ,@tpCaja_param = 'CA' ,@tpCajaImputacion_param = null 
08/07/2017 08:17:20 |  UPDATE TB_Cajas SET TB_Cajas.vlSaldoFinalRealPesos  = -258.92 ,TB_Cajas.vlSaldoFinalRealEuros  = 0.00 ,TB_Cajas.vlSaldoFinalRealDolares  = 0.00 ,TB_Cajas.vlCierrePesos  = -258.92 ,TB_Cajas.vlCierreDolares  = 0 ,TB_Cajas.vlCierreEuros  = 0   WHERE TB_Cajas.nrCaja = 9000003773  
08/07/2017 08:17:21 |  UPDATE TB_Cajas SET TB_Cajas.nrCaja  = 9000003773 ,TB_Cajas.vlTotalSaldoFinal  = -258.92 ,TB_Cajas.nrPuesto  = 9 ,TB_Cajas.dsUsuario  = 'CAMILAP' ,TB_Cajas.vlSaldoInicialPesos  = 0.00 ,TB_Cajas.dtApertura  = '19/08/2015 11:17:24' ,TB_Cajas.dtCierre  = null ,TB_Cajas.vlDiaDolar  = 9.10 ,TB_Cajas.vlDiaEuro  = 10.00 ,TB_Cajas.vlSaldoInicialEuros  = 0.00 ,TB_Cajas.vlSaldoInicialDolares  = 0.00 ,TB_Cajas.vlSaldoFinalRealPesos  = 0.00 ,TB_Cajas.vlTotalSaldoInicial  = 0.00 ,TB_Cajas.dtObservacion  = '08/07/2017 8:17:21' ,TB_Cajas.vlCierrePesos  = -258.92 ,TB_Cajas.vlSaldoFinalRealDolares  = 0.00 ,TB_Cajas.vlSaldoFinalRealEuros  = 0.00 ,TB_Cajas.vlTotalSaldoFinalReal  = -258.92 ,TB_Cajas.vlCierreDolares  = 0 ,TB_Cajas.vlCierreEuros  = 0 ,TB_Cajas.dsObservacion  = null ,TB_Cajas.vlDiaReal  = 3.21 ,TB_Cajas.flCajaAdm  = 1   WHERE TB_Cajas.nrCaja = 9000003773  
08/07/2017 08:17:21 | Exec sco_DiccionariodeDatos @nmtabla_param='VW_UltimaCajaAdm'
08/07/2017 08:17:21 |  SELECT VW_UltimaCajaAdm.nrCaja ,VW_UltimaCajaAdm.vlSaldoFinalRealPesos ,VW_UltimaCajaAdm.vlSaldoFinalRealEuros ,VW_UltimaCajaAdm.vlSaldoFinalRealDolares  FROM VW_UltimaCajaAdm   
08/07/2017 08:17:21 |  SELECT TB_Cajas.nrCaja  FROM TB_Cajas  WHERE TB_Cajas.nrCaja = 9000003773  AND  TB_Cajas.flEstado = 0    
08/07/2017 08:17:21 | Exec sco_DiccionariodeDatos @nmtabla_param='sco_cajapuesto_v3_9'
08/07/2017 08:17:21 | Exec sco_cajapuesto_v3_9 @nrCaja_param = 9000003772 
08/07/2017 08:17:21 | Exec sco_cajapuesto_v3_9 @nrCaja_param = 9000003773 
08/07/2017 08:17:21 | Exec sco_DiccionariodeDatos @nmtabla_param='spu_esdifporCotizacionImputadas_v3_9'
08/07/2017 08:17:21 | Exec spu_esdifporCotizacionImputadas_v3_9 @nrCajaAdmActual = 9000003773 
08/07/2017 08:17:21 | Exec sco_validarVencimientosCAI_v4_1
08/07/2017 08:17:21 | Exec sco_DiccionariodeDatos @nmtabla_param='sco_AccesosOpcionesMenu'
08/07/2017 08:17:21 | Exec sco_AccesosOpcionesMenu @p_tpNivelAcceso = 'Administración' ,@p_operaconcaja = 1 
08/07/2017 08:17:21 | Exec sco_AccesosOpcionesMenu @p_tpNivelAcceso = 'Administración' ,@p_operaconcaja = 1 
08/07/2017 08:17:24 | Inicializando Servicio SGLibrary.ServicePrinter
08/07/2017 08:17:24 | Inicializando Servicio SGLibrary.ServicePrinter OK 
08/07/2017 08:17:24 | Exec sco_DiccionariodeDatos @nmtabla_param='TB_Cupones'
08/07/2017 08:17:24 | Exec sco_DiccionariodeDatos @nmtabla_param='VW_CajadeADMAbierta'
08/07/2017 08:17:24 |  SELECT VW_CajadeADMAbierta.nrCaja ,VW_CajadeADMAbierta.vlSaldoFinalRealPesos ,VW_CajadeADMAbierta.vlSaldoFinalRealEuros ,VW_CajadeADMAbierta.vlSaldoFinalRealDolares ,VW_CajadeADMAbierta.dsUsuario  FROM VW_CajadeADMAbierta   
08/07/2017 08:17:33 |  SELECT TB_Cupones.cdCodBar ,TB_Cupones.nrLicencia ,TB_Cupones.nmLicenciatario ,TB_Cupones.cdCliente ,TB_Cupones.nrCupon ,TB_Cupones.tpCupon ,TB_Cupones.vlMontoCupon ,TB_Cupones.vlPagoPesos ,TB_Cupones.vlPagoEuros ,TB_Cupones.vlPagoDolares ,TB_Cupones.vlComision ,TB_Cupones.nrTalonarioCliente ,TB_Cupones.nrComprabanteCliente ,TB_Cupones.flCobradoalCliente ,TB_Cupones.vlafavorAdmin ,TB_Cupones.dtCupon  FROM TB_Cupones  WHERE TB_Cupones.cdCliente = 4013  AND  TB_Cupones.tpCupon = 'Cuenta Corriente' AND TB_Cupones.flEliminar = 0  AND  TB_Cupones.flCobradoalCliente = 0 AND TB_Cupones.flAnulado = 0     Order by TB_Cupones.cdCliente ASC 
08/07/2017 08:17:33 | Exec sco_DiccionariodeDatos @nmtabla_param='TB_Clientes'
08/07/2017 08:17:33 |  SELECT TB_Clientes.cdCliente ,TB_Clientes.dsRazonSocial  FROM TB_Clientes  WHERE TB_Clientes.cdCliente = 4013    
08/07/2017 08:17:40 |  SELECT TB_Clientes.cdCliente ,TB_Clientes.dsRazonSocial ,TB_Clientes.nrDoc ,TB_Clientes.dsEmail ,TB_Clientes.tpIVA  FROM TB_Clientes  WHERE TB_Clientes.cdCliente = 4013  AND  TB_Clientes.flEliminar = 0    
08/07/2017 08:17:40 | Exec sco_DiccionariodeDatos @nmtabla_param='TB_Recibos'
08/07/2017 08:17:40 |  INSERT TB_Recibos (IdRecibo ,vlAcumDolares ,vlSaldoPesos ,vlSaldoEuros ,vlAcumPesos ,vlAcumEuros ,vlAcumComision ,vlSaldoDolares ,dtRecibo ,tpRecibo ,cdCliente ,dsRazonSocial ,nrCaja )  VALUES (31 ,0 ,570.00 ,0 ,570.00 ,0 ,0 ,0 ,'08/07/2017 8:17:40' ,'Detalle de Cobro a Cta. Cte.' ,'4013' ,'SILVINA SZPERLING' ,9000003773 )
08/07/2017 08:17:40 | Exec sco_DiccionariodeDatos @nmtabla_param='DiccionariodeDatos'
08/07/2017 08:17:40 |  UPDATE DiccionariodeDatos SET DiccionariodeDatos.vlPuesto9  = '1000276282'   WHERE DiccionariodeDatos.nmTabla = 'TB_Recibos'  AND  DiccionariodeDatos.nmCampo = 'IdRecibo'  
08/07/2017 08:17:40 |  SELECT tb_parametros.dsParametro ,tb_parametros.vlParametro ,tb_parametros.tpParametro ,tb_parametros.flEditable ,tb_parametros.nrTamanio ,tb_parametros.dtActualizacion  FROM tb_parametros  WHERE tb_parametros.dsParametro = 'PUESTO_FACTURACION_CTA_CTE'    
08/07/2017 08:17:40 | Exec dbo.spu_obtener_puntosdeventa_facturacion_v4_9_5 @nrPuesto_param=4, @tipo_iva = RI,  @auto_impresor = N, @tpFormadePago = null,  @tpComprobante = 'FA'
08/07/2017 08:17:42 | Inicializando Servicio SGLibrary.ServicePrinter
08/07/2017 08:17:42 | Inicializando Servicio SGLibrary.ServicePrinter OK 
08/07/2017 08:17:42 |  SELECT tb_parametros.dsParametro ,tb_parametros.vlParametro ,tb_parametros.tpParametro ,tb_parametros.flEditable ,tb_parametros.nrTamanio ,tb_parametros.dtActualizacion  FROM tb_parametros  WHERE tb_parametros.dsParametro = 'PUESTO_FACTURACION_CTA_CTE'    
08/07/2017 08:17:42 | Exec sco_DiccionariodeDatos @nmtabla_param='TB_Comprobantes'
08/07/2017 08:17:43 |  SELECT TB_Comprobantes.flManual ,TB_Comprobantes.nrTalonario ,TB_Comprobantes.nrComprobante ,TB_Comprobantes.dsUsuario ,TB_Comprobantes.nrcaja  FROM TB_Comprobantes  WHERE TB_Comprobantes.nrTalonario = '0000'  AND  TB_Comprobantes.nrComprobante = '00000001'  AND  TB_Comprobantes.tpComprobante = 'FA'  AND  TB_Comprobantes.tpLetra = 'A'    
08/07/2017 08:17:46 |  INSERT TB_Comprobantes (nrComprobante ,nrTalonario ,nrDoc ,cdCliente ,dsRazonSocial ,vlTotalGeneral ,dsLeyenda ,nmEmpleado ,nrPuesto ,nrCaja ,nrLicencia ,nmLicenciatario ,dtComprobante ,tpComprobante ,tpLetra ,dsEmail ,cdCondVenta ,tpComision ,tpIVA ,dsOpcional3 ,cdCodBar ,dtCaja ,dtInsercion ,dsOpcional1 ,IdReciboCtaCte ,nrCAI ,dtVencimiento ,vlPagoPesos ,vlDiaDolar ,vlDiaEuro ,dsOpcional2 ,dsUsuario ,flManual )  VALUES ('00000001' ,'0000' ,'27-14012559-3' ,4013 ,'SILVINA SZPERLING' ,570.00 ,null ,'CAMILA PASQUALI' ,9 ,9000003773 ,999 ,'Coop. Taxi Ezeiza' ,'08/07/2017' ,'FA' ,'A' ,null ,'Contado' ,'A Clientes' ,'RI' ,'30708249919010000' ,'000000000001999' ,'08/07/2017 8:17:43' ,'08/07/2017 8:17:43' ,'08:17' ,31 ,null ,null ,570.00 ,9.10 ,10.00 ,'Viajes según recibo Nro. 31' ,'CAMILAP' ,'M' )
08/07/2017 08:17:46 |  UPDATE DiccionariodeDatos SET DiccionariodeDatos.vlPuesto4  = '1'   WHERE DiccionariodeDatos.nmTabla = 'TB_Comprobantes'  AND  DiccionariodeDatos.nmCampo = 'nrComprobante'  
08/07/2017 08:17:46 | Exec sco_DiccionariodeDatos @nmtabla_param='TB_ComprobantesDetalle'
08/07/2017 08:17:46 |  INSERT TB_ComprobantesDetalle (nrTalonario ,nrComprobante ,tpComprobante ,tpLetra ,nrItem ,cdProducto ,dsProducto ,tpOperacion ,vlPorcentaje ,vlPrecioPeaje ,vlPrecioViaje ,dtInsercion ,nrCaja ,nrPuesto )  VALUES ('0000' ,'00000001' ,'FA' ,'A' ,1 ,999 ,'Viajes según recibo Nro. 31' ,null ,null ,null ,570.00 ,'08/07/2017' ,9000003773 ,4 )
08/07/2017 08:17:46 | Exec sco_DiccionariodeDatos @nmtabla_param='SP_ObtenerMaxnrCupon_v1_3'
08/07/2017 08:17:46 | Exec SP_ObtenerMaxnrCupon_v1_3 @nrPuesto = 4 
08/07/2017 08:17:46 |  INSERT TB_Cupones (nrTalonarioCliente ,nrComprabanteCliente ,tpComprobanteCliente ,tpLetraCliente ,cdCliente ,nrPuesto ,nrLicencia ,nmLicenciatario ,vlMontoCupon ,vlPagoPesos ,vlPagoDolares ,vlPagoEuros ,nrCantidadBultos ,tpCupon ,flCobradoalCliente ,dtCobradoalCliente ,flCompensado ,vlafavorAdmin ,vlComision ,dtCajaCliente ,nrCajaCliente ,dtCupon ,dsUsuario ,nrPasajeros ,cdCodBar ,dsDestino ,dsHoraViaje ,nrCupon )  VALUES ('0000' ,'00000001' ,'FA' ,'A' ,4013 ,4 ,999 ,'Coop. Taxi Ezeiza' ,570.00 ,570.00 ,0 ,0 ,0 ,'Contado' ,1 ,'08/07/2017 8:17:46' ,0 ,0 ,0 ,'08/07/2017 8:17:46' ,9000003773 ,'08/07/2017 8:17:46' ,'CAMILAP' ,0 ,'000000000001999' ,'Viajes según recibo Nro. 31' ,'08:17' ,115 )
08/07/2017 08:17:46 | 
Infracción de la restricción PRIMARY KEY 'PK__TB_Cupones__49E3F248'. No se puede insertar una clave duplicada en el objeto 'dbo.TB_Cupones'. El valor de la clave duplicada es (115).
Se terminó la instrucción.
08/07/2017 08:17:46 |  INSERT TB_Cupones (nrTalonarioCliente ,nrComprabanteCliente ,tpComprobanteCliente ,tpLetraCliente ,cdCliente ,nrPuesto ,nrLicencia ,nmLicenciatario ,vlMontoCupon ,vlPagoPesos ,vlPagoDolares ,vlPagoEuros ,nrCantidadBultos ,tpCupon ,flCobradoalCliente ,dtCobradoalCliente ,flCompensado ,vlafavorAdmin ,vlComision ,dtCajaCliente ,nrCajaCliente ,dtCupon ,dsUsuario ,nrPasajeros ,cdCodBar ,dsDestino ,dsHoraViaje ,nrCupon )  VALUES ('0000' ,'00000001' ,'FA' ,'A' ,4013 ,4 ,999 ,'Coop. Taxi Ezeiza' ,570.00 ,570.00 ,0 ,0 ,0 ,'Contado' ,1 ,'08/07/2017 8:17:46' ,0 ,0 ,0 ,'08/07/2017 8:17:46' ,9000003773 ,'08/07/2017 8:17:46' ,'CAMILAP' ,0 ,'000000000001999' ,'Viajes según recibo Nro. 31' ,'08:17' ,115 )
08/07/2017 08:18:07 |  DELETE  FROM TB_Recibos  WHERE TB_Recibos.IdRecibo = 31  
08/07/2017 08:18:07 |  SELECT TB_Cupones.cdCodBar ,TB_Cupones.nrLicencia ,TB_Cupones.nmLicenciatario ,TB_Cupones.cdCliente ,TB_Cupones.nrCupon ,TB_Cupones.tpCupon ,TB_Cupones.vlMontoCupon ,TB_Cupones.vlPagoPesos ,TB_Cupones.vlPagoEuros ,TB_Cupones.vlPagoDolares ,TB_Cupones.vlComision ,TB_Cupones.nrTalonarioCliente ,TB_Cupones.nrComprabanteCliente ,TB_Cupones.flCobradoalCliente ,TB_Cupones.vlafavorAdmin ,TB_Cupones.dtCupon  FROM TB_Cupones  WHERE TB_Cupones.cdCliente = 4013  AND  TB_Cupones.tpCupon = 'Cuenta Corriente' AND TB_Cupones.flEliminar = 0  AND  TB_Cupones.flCobradoalCliente = 0 AND TB_Cupones.flAnulado = 0     Order by TB_Cupones.cdCliente ASC 
08/07/2017 08:18:07 |  SELECT TB_Clientes.cdCliente ,TB_Clientes.dsRazonSocial  FROM TB_Clientes  WHERE TB_Clientes.cdCliente = 4013    
08/07/2017 08:18:07 |  SELECT VW_CajadeADMAbierta.nrCaja ,VW_CajadeADMAbierta.vlSaldoFinalRealPesos ,VW_CajadeADMAbierta.vlSaldoFinalRealEuros ,VW_CajadeADMAbierta.vlSaldoFinalRealDolares ,VW_CajadeADMAbierta.dsUsuario  FROM VW_CajadeADMAbierta   
08/07/2017 08:18:10 | Exec sco_AccesosOpcionesMenu @p_tpNivelAcceso = 'Administración' ,@p_operaconcaja = 1 
08/07/2017 08:18:15 |  select distinct grupo_parametro from TB_Parametros where grupo_parametro is not null union select '(Todos)' as grupo_parametro   
08/07/2017 08:18:15 |  SELECT TB_Parametros.dsParametro ,TB_Parametros.vlParametro ,TB_Parametros.tpParametro ,TB_Parametros.flEditable ,TB_Parametros.flEditable ,TB_Parametros.grupo_parametro  FROM TB_Parametros  WHERE  vlParametro Like ('%%%')   Order by TB_Parametros.vlParametro ASC 
08/07/2017 08:18:15 |  SELECT TB_Parametros.dsParametro ,TB_Parametros.vlParametro ,TB_Parametros.tpParametro ,TB_Parametros.flEditable ,TB_Parametros.flEditable ,TB_Parametros.grupo_parametro  FROM TB_Parametros  WHERE  vlParametro Like ('%%%')   Order by TB_Parametros.vlParametro ASC 
08/07/2017 08:18:23 | Exec sco_AccesosOpcionesMenu @p_tpNivelAcceso = 'Administración' ,@p_operaconcaja = 1 
08/07/2017 08:18:27 |  SELECT TB_Puestos.nrPuesto ,TB_Puestos.dsPuesto ,TB_Puestos.dsPuesto ,TB_Puestos.nrTalonario_manual ,TB_Puestos.nrTalonario_manual ,TB_Puestos.nrTalonario_automatico ,TB_Puestos.nrTalonario_automatico ,TB_Puestos.nrComprobante_manual_ult ,TB_Puestos.nrComprobante_manual_ult ,TB_Puestos.nrComprobante_automatico_ult ,TB_Puestos.nrComprobante_automatico_ult ,TB_Puestos.tpletra ,TB_Puestos.tpletra ,TB_Puestos.flFacturaCtacte  FROM TB_Puestos  WHERE  dsPuesto Like ('%%%') AND TB_Puestos.flEliminar = 0     Order by TB_Puestos.dsPuesto ASC 
08/07/2017 08:18:32 |  SELECT TB_Puestos.flFacturaCtacte ,TB_Puestos.nrComprobante_manual_empresa_nd_ult ,TB_Puestos.nrComprobante_manual_nd_ult ,TB_Puestos.nrComprobante_manual_empresa_nc_ult ,TB_Puestos.nrComprobante_manual_nc_ult ,TB_Puestos.flRespeta_secuencia_carga_manual ,TB_Puestos.tpLetra_manual ,TB_Puestos.nrComprobante_manual_ult ,TB_Puestos.nrTalonario_manual ,TB_Puestos.tpLetraEmpresa_manual ,TB_Puestos.nrComprobante_manual_empresa_ult ,TB_Puestos.nrTalonario_manual_empresa ,TB_Puestos.tpLetraRecibo_manual ,TB_Puestos.nrComprobante_manual_ctacte_ult ,TB_Puestos.nrTalonario_manual_ctacte ,TB_Puestos.nrComprobante_automatico_nc_ult ,TB_Puestos.nrComprobante_auto_empresa_nc_ult ,TB_Puestos.nrComprobante_automatico_nd_ult ,TB_Puestos.nrComprobante_auto_empresa_nd_ult ,TB_Puestos.dtCAI_Talonario_auto_empresa ,TB_Puestos.dtCAI_Talonario_auto ,TB_Puestos.nrCAI_Talonario_auto ,TB_Puestos.nrCAI_Talonario_auto_empresa ,TB_Puestos.nrTalonario_auto_ctacte ,TB_Puestos.nrComprobante_auto_ctacte_ult ,TB_Puestos.tpLetraRecibo ,TB_Puestos.nrTalonario_auto_empresa ,TB_Puestos.nrComprobante_auto_empresa_ult ,TB_Puestos.tpLetraEmpresa ,TB_Puestos.nrTalonario_automatico ,TB_Puestos.nrComprobante_automatico_ult ,TB_Puestos.tpLetra ,TB_Puestos.dsPuesto ,TB_Puestos.nrPuesto  FROM TB_Puestos  WHERE TB_Puestos.nrPuesto = 5  AND  TB_Puestos.flEliminar = 0    
08/07/2017 08:18:56 | Exec   sco_Puestos_v4_7  @nrPuesto_param=5
08/07/2017 08:18:56 | SET DATEFORMAT dmy
08/07/2017 08:18:56 | select getdate() AS FECHA
08/07/2017 08:19:19 |  SELECT TB_Puestos.flFacturaCtacte ,TB_Puestos.nrComprobante_manual_empresa_nd_ult ,TB_Puestos.nrComprobante_manual_nd_ult ,TB_Puestos.nrComprobante_manual_empresa_nc_ult ,TB_Puestos.nrComprobante_manual_nc_ult ,TB_Puestos.flRespeta_secuencia_carga_manual ,TB_Puestos.tpLetra_manual ,TB_Puestos.nrComprobante_manual_ult ,TB_Puestos.nrTalonario_manual ,TB_Puestos.tpLetraEmpresa_manual ,TB_Puestos.nrComprobante_manual_empresa_ult ,TB_Puestos.nrTalonario_manual_empresa ,TB_Puestos.tpLetraRecibo_manual ,TB_Puestos.nrComprobante_manual_ctacte_ult ,TB_Puestos.nrTalonario_manual_ctacte ,TB_Puestos.nrComprobante_automatico_nc_ult ,TB_Puestos.nrComprobante_auto_empresa_nc_ult ,TB_Puestos.nrComprobante_automatico_nd_ult ,TB_Puestos.nrComprobante_auto_empresa_nd_ult ,TB_Puestos.dtCAI_Talonario_auto_empresa ,TB_Puestos.dtCAI_Talonario_auto ,TB_Puestos.nrCAI_Talonario_auto ,TB_Puestos.nrCAI_Talonario_auto_empresa ,TB_Puestos.nrTalonario_auto_ctacte ,TB_Puestos.nrComprobante_auto_ctacte_ult ,TB_Puestos.tpLetraRecibo ,TB_Puestos.nrTalonario_auto_empresa ,TB_Puestos.nrComprobante_auto_empresa_ult ,TB_Puestos.tpLetraEmpresa ,TB_Puestos.nrTalonario_automatico ,TB_Puestos.nrComprobante_automatico_ult ,TB_Puestos.tpLetra ,TB_Puestos.dsPuesto ,TB_Puestos.nrPuesto  FROM TB_Puestos  WHERE TB_Puestos.nrPuesto = 4  AND  TB_Puestos.flEliminar = 0    
08/07/2017 08:19:26 |  SELECT TB_Puestos.flFacturaCtacte ,TB_Puestos.nrComprobante_manual_empresa_nd_ult ,TB_Puestos.nrComprobante_manual_nd_ult ,TB_Puestos.nrComprobante_manual_empresa_nc_ult ,TB_Puestos.nrComprobante_manual_nc_ult ,TB_Puestos.flRespeta_secuencia_carga_manual ,TB_Puestos.tpLetra_manual ,TB_Puestos.nrComprobante_manual_ult ,TB_Puestos.nrTalonario_manual ,TB_Puestos.tpLetraEmpresa_manual ,TB_Puestos.nrComprobante_manual_empresa_ult ,TB_Puestos.nrTalonario_manual_empresa ,TB_Puestos.tpLetraRecibo_manual ,TB_Puestos.nrComprobante_manual_ctacte_ult ,TB_Puestos.nrTalonario_manual_ctacte ,TB_Puestos.nrComprobante_automatico_nc_ult ,TB_Puestos.nrComprobante_auto_empresa_nc_ult ,TB_Puestos.nrComprobante_automatico_nd_ult ,TB_Puestos.nrComprobante_auto_empresa_nd_ult ,TB_Puestos.dtCAI_Talonario_auto_empresa ,TB_Puestos.dtCAI_Talonario_auto ,TB_Puestos.nrCAI_Talonario_auto ,TB_Puestos.nrCAI_Talonario_auto_empresa ,TB_Puestos.nrTalonario_auto_ctacte ,TB_Puestos.nrComprobante_auto_ctacte_ult ,TB_Puestos.tpLetraRecibo ,TB_Puestos.nrTalonario_auto_empresa ,TB_Puestos.nrComprobante_auto_empresa_ult ,TB_Puestos.tpLetraEmpresa ,TB_Puestos.nrTalonario_automatico ,TB_Puestos.nrComprobante_automatico_ult ,TB_Puestos.tpLetra ,TB_Puestos.dsPuesto ,TB_Puestos.nrPuesto  FROM TB_Puestos  WHERE TB_Puestos.nrPuesto = 1  AND  TB_Puestos.flEliminar = 0    
08/07/2017 08:19:33 | Exec sco_AccesosOpcionesMenu @p_tpNivelAcceso = 'Administración' ,@p_operaconcaja = 1 
08/07/2017 08:19:37 |  select distinct grupo_parametro from TB_Parametros where grupo_parametro is not null union select '(Todos)' as grupo_parametro   
08/07/2017 08:19:37 |  SELECT TB_Parametros.dsParametro ,TB_Parametros.vlParametro ,TB_Parametros.tpParametro ,TB_Parametros.flEditable ,TB_Parametros.flEditable ,TB_Parametros.grupo_parametro  FROM TB_Parametros  WHERE  vlParametro Like ('%%%')   Order by TB_Parametros.vlParametro ASC 
08/07/2017 08:19:37 |  SELECT TB_Parametros.dsParametro ,TB_Parametros.vlParametro ,TB_Parametros.tpParametro ,TB_Parametros.flEditable ,TB_Parametros.flEditable ,TB_Parametros.grupo_parametro  FROM TB_Parametros  WHERE  vlParametro Like ('%%%')   Order by TB_Parametros.vlParametro ASC 
08/07/2017 08:19:40 |  SELECT TB_Parametros.dsParametro ,TB_Parametros.vlParametro ,TB_Parametros.tpParametro ,TB_Parametros.flEditable ,TB_Parametros.flEditable ,TB_Parametros.grupo_parametro  FROM TB_Parametros  WHERE  vlParametro Like ('%CTA%')   Order by TB_Parametros.vlParametro ASC 
08/07/2017 08:19:44 |  SELECT TB_Parametros.dsParametro ,TB_Parametros.vlParametro ,TB_Parametros.tpParametro ,TB_Parametros.flEditable ,TB_Parametros.flEditable ,TB_Parametros.grupo_parametro  FROM TB_Parametros  WHERE  vlParametro Like ('%%%')   Order by TB_Parametros.vlParametro ASC 
08/07/2017 08:19:53 |  SELECT TB_Parametros.dsParametro ,TB_Parametros.vlParametro ,TB_Parametros.tpParametro ,TB_Parametros.flEditable ,TB_Parametros.flEditable ,TB_Parametros.grupo_parametro  FROM TB_Parametros  WHERE TB_Parametros.grupo_parametro = 'Mòdulo de Ventas                        '  AND   vlParametro Like ('%%%')   Order by TB_Parametros.vlParametro ASC 
08/07/2017 08:19:57 |  select distinct grupo_parametro from TB_Parametros where grupo_parametro is not null union select '(Todos)' as grupo_parametro 
08/07/2017 08:19:58 |  SELECT TB_Parametros.observacion ,TB_Parametros.grupo_parametro ,TB_Parametros.vlParametro ,TB_Parametros.nrTamanio ,TB_Parametros.tpParametro ,TB_Parametros.flEditable ,TB_Parametros.dsParametro  FROM TB_Parametros  WHERE TB_Parametros.dsParametro = 'PUESTO_FACTURACION_CTA_CTE'    
08/07/2017 08:20:00 |  SELECT tb_parametros.dsParametro ,tb_parametros.vlParametro ,tb_parametros.tpParametro ,tb_parametros.flEditable ,tb_parametros.nrTamanio ,tb_parametros.dtActualizacion  FROM tb_parametros  WHERE tb_parametros.dsParametro = 'PUESTO_FACTURACION_CTA_CTE'    
08/07/2017 08:20:00 | SET DATEFORMAT dmy
08/07/2017 08:20:00 | select getdate() AS FECHA
08/07/2017 08:20:00 |  UPDATE TB_Parametros SET TB_Parametros.observacion  = 'creado en la versión 4.6.' ,TB_Parametros.grupo_parametro  = 'Mòdulo de Ventas' ,TB_Parametros.vlParametro  = '1' ,TB_Parametros.nrTamanio  = 5 ,TB_Parametros.tpParametro  = 'ENTERO' ,TB_Parametros.flEditable  = 1 ,TB_Parametros.dsParametro  = 'PUESTO_FACTURACION_CTA_CTE' ,TB_Parametros.dtActualizacion  = '08/07/2017 8:20:01'   WHERE TB_Parametros.dsParametro = 'PUESTO_FACTURACION_CTA_CTE'  
08/07/2017 08:20:00 | Exec sco_DiccionariodeDatos @nmtabla_param='TB_Auditorias'
08/07/2017 08:20:00 | SET DATEFORMAT dmy
08/07/2017 08:20:00 | select getdate() AS FECHA
08/07/2017 08:20:00 | SET DATEFORMAT dmy
08/07/2017 08:20:00 | select getdate() AS FECHA
08/07/2017 08:20:00 |  INSERT TB_Auditorias (Modulo ,funcion ,dsAuditoria ,dsUsuario ,nrCaja ,tsAuditoria ,dtAuditoria ,nrPuesto )  VALUES ('Maestros' ,'ABM de Parametros' ,' Modificación del parámetro PUESTO_FACTURACION_CTA_CTE -  Valor Anterior: 4 -  Nuevo Valor: 1 -  Usuario: CAMILAP' ,'CAMILAP' ,null ,'08/07/2017 8:20:01' ,'08/07/2017 8:20:01' ,'9' )
08/07/2017 08:20:01 |  SELECT TB_Parametros.dsParametro ,TB_Parametros.vlParametro ,TB_Parametros.tpParametro ,TB_Parametros.flEditable ,TB_Parametros.flEditable ,TB_Parametros.grupo_parametro  FROM TB_Parametros  WHERE  vlParametro Like ('%%%')   Order by TB_Parametros.vlParametro ASC 
08/07/2017 08:20:01 |  SELECT TB_Parametros.dsParametro ,TB_Parametros.vlParametro ,TB_Parametros.tpParametro ,TB_Parametros.flEditable ,TB_Parametros.flEditable ,TB_Parametros.grupo_parametro  FROM TB_Parametros  WHERE  vlParametro Like ('%%%')   Order by TB_Parametros.vlParametro ASC 
08/07/2017 08:20:02 | Exec sco_AccesosOpcionesMenu @p_tpNivelAcceso = 'Administración' ,@p_operaconcaja = 1 
08/07/2017 08:20:04 | Inicializando Servicio SGLibrary.ServicePrinter
08/07/2017 08:20:05 | Inicializando Servicio SGLibrary.ServicePrinter OK 
08/07/2017 08:20:05 |  SELECT VW_CajadeADMAbierta.nrCaja ,VW_CajadeADMAbierta.vlSaldoFinalRealPesos ,VW_CajadeADMAbierta.vlSaldoFinalRealEuros ,VW_CajadeADMAbierta.vlSaldoFinalRealDolares ,VW_CajadeADMAbierta.dsUsuario  FROM VW_CajadeADMAbierta   
08/07/2017 08:20:09 |  SELECT TB_Cupones.cdCodBar ,TB_Cupones.nrLicencia ,TB_Cupones.nmLicenciatario ,TB_Cupones.cdCliente ,TB_Cupones.nrCupon ,TB_Cupones.tpCupon ,TB_Cupones.vlMontoCupon ,TB_Cupones.vlPagoPesos ,TB_Cupones.vlPagoEuros ,TB_Cupones.vlPagoDolares ,TB_Cupones.vlComision ,TB_Cupones.nrTalonarioCliente ,TB_Cupones.nrComprabanteCliente ,TB_Cupones.flCobradoalCliente ,TB_Cupones.vlafavorAdmin ,TB_Cupones.dtCupon  FROM TB_Cupones  WHERE TB_Cupones.cdCliente = 4013  AND  TB_Cupones.tpCupon = 'Cuenta Corriente' AND TB_Cupones.flEliminar = 0  AND  TB_Cupones.flCobradoalCliente = 0 AND TB_Cupones.flAnulado = 0     Order by TB_Cupones.cdCliente ASC 
08/07/2017 08:20:09 |  SELECT TB_Clientes.cdCliente ,TB_Clientes.dsRazonSocial  FROM TB_Clientes  WHERE TB_Clientes.cdCliente = 4013    
08/07/2017 08:20:16 |  SELECT TB_Clientes.cdCliente ,TB_Clientes.dsRazonSocial ,TB_Clientes.nrDoc ,TB_Clientes.dsEmail ,TB_Clientes.tpIVA  FROM TB_Clientes  WHERE TB_Clientes.cdCliente = 4013  AND  TB_Clientes.flEliminar = 0    
08/07/2017 08:20:16 |  INSERT TB_Recibos (IdRecibo ,vlAcumDolares ,vlSaldoPesos ,vlSaldoEuros ,vlAcumPesos ,vlAcumEuros ,vlAcumComision ,vlSaldoDolares ,dtRecibo ,tpRecibo ,cdCliente ,dsRazonSocial ,nrCaja )  VALUES (31 ,0 ,490.00 ,0 ,490.00 ,0 ,0 ,0 ,'08/07/2017 8:20:16' ,'Detalle de Cobro a Cta. Cte.' ,'4013' ,'SILVINA SZPERLING' ,9000003773 )
08/07/2017 08:20:16 |  UPDATE DiccionariodeDatos SET DiccionariodeDatos.vlPuesto9  = '1000276283'   WHERE DiccionariodeDatos.nmTabla = 'TB_Recibos'  AND  DiccionariodeDatos.nmCampo = 'IdRecibo'  
08/07/2017 08:20:16 |  SELECT tb_parametros.dsParametro ,tb_parametros.vlParametro ,tb_parametros.tpParametro ,tb_parametros.flEditable ,tb_parametros.nrTamanio ,tb_parametros.dtActualizacion  FROM tb_parametros  WHERE tb_parametros.dsParametro = 'PUESTO_FACTURACION_CTA_CTE'    
08/07/2017 08:20:16 | Exec dbo.spu_obtener_puntosdeventa_facturacion_v4_9_5 @nrPuesto_param=1, @tipo_iva = RI,  @auto_impresor = N, @tpFormadePago = null,  @tpComprobante = 'FA'
08/07/2017 08:20:19 | Inicializando Servicio SGLibrary.ServicePrinter
08/07/2017 08:20:19 | Inicializando Servicio SGLibrary.ServicePrinter OK 
08/07/2017 08:20:19 |  SELECT tb_parametros.dsParametro ,tb_parametros.vlParametro ,tb_parametros.tpParametro ,tb_parametros.flEditable ,tb_parametros.nrTamanio ,tb_parametros.dtActualizacion  FROM tb_parametros  WHERE tb_parametros.dsParametro = 'PUESTO_FACTURACION_CTA_CTE'    
08/07/2017 08:20:22 |  SELECT TB_Comprobantes.flManual ,TB_Comprobantes.nrTalonario ,TB_Comprobantes.nrComprobante ,TB_Comprobantes.dsUsuario ,TB_Comprobantes.nrcaja  FROM TB_Comprobantes  WHERE TB_Comprobantes.nrTalonario = '0001'  AND  TB_Comprobantes.nrComprobante = '00001441'  AND  TB_Comprobantes.tpComprobante = 'FA'  AND  TB_Comprobantes.tpLetra = 'M'    
08/07/2017 08:20:23 |  INSERT TB_Comprobantes (nrComprobante ,nrTalonario ,nrDoc ,cdCliente ,dsRazonSocial ,vlTotalGeneral ,dsLeyenda ,nmEmpleado ,nrPuesto ,nrCaja ,nrLicencia ,nmLicenciatario ,dtComprobante ,tpComprobante ,tpLetra ,dsEmail ,cdCondVenta ,tpComision ,tpIVA ,dsOpcional3 ,cdCodBar ,dtCaja ,dtInsercion ,dsOpcional1 ,IdReciboCtaCte ,nrCAI ,dtVencimiento ,vlPagoPesos ,vlDiaDolar ,vlDiaEuro ,dsOpcional2 ,dsUsuario ,flManual )  VALUES ('00001441' ,'0001' ,'27-14012559-3' ,4013 ,'SILVINA SZPERLING' ,490.00 ,null ,'CAMILA PASQUALI' ,9 ,9000003773 ,999 ,'Coop. Taxi Ezeiza' ,'08/07/2017' ,'FA' ,'M' ,null ,'Contado' ,'A Clientes' ,'RI' ,'30708249919010001' ,'000100001441999' ,'08/07/2017 8:20:22' ,'08/07/2017 8:20:22' ,'08:20' ,31 ,null ,null ,490.00 ,9.10 ,10.00 ,'Viajes según recibo Nro. 31' ,'CAMILAP' ,'M' )
08/07/2017 08:20:23 |  UPDATE DiccionariodeDatos SET DiccionariodeDatos.vlPuesto1  = '1441'   WHERE DiccionariodeDatos.nmTabla = 'TB_Comprobantes'  AND  DiccionariodeDatos.nmCampo = 'nrComprobante'  
08/07/2017 08:20:23 |  INSERT TB_ComprobantesDetalle (nrTalonario ,nrComprobante ,tpComprobante ,tpLetra ,nrItem ,cdProducto ,dsProducto ,tpOperacion ,vlPorcentaje ,vlPrecioPeaje ,vlPrecioViaje ,dtInsercion ,nrCaja ,nrPuesto )  VALUES ('0001' ,'00001441' ,'FA' ,'M' ,1 ,999 ,'Viajes según recibo Nro. 31' ,null ,null ,null ,490.00 ,'08/07/2017' ,9000003773 ,1 )
08/07/2017 08:20:23 | Exec SP_ObtenerMaxnrCupon_v1_3 @nrPuesto = 1 
08/07/2017 08:20:23 |  INSERT TB_Cupones (nrTalonarioCliente ,nrComprabanteCliente ,tpComprobanteCliente ,tpLetraCliente ,cdCliente ,nrPuesto ,nrLicencia ,nmLicenciatario ,vlMontoCupon ,vlPagoPesos ,vlPagoDolares ,vlPagoEuros ,nrCantidadBultos ,tpCupon ,flCobradoalCliente ,dtCobradoalCliente ,flCompensado ,vlafavorAdmin ,vlComision ,dtCajaCliente ,nrCajaCliente ,dtCupon ,dsUsuario ,nrPasajeros ,cdCodBar ,dsDestino ,dsHoraViaje ,nrCupon )  VALUES ('0001' ,'00001441' ,'FA' ,'M' ,4013 ,1 ,999 ,'Coop. Taxi Ezeiza' ,490.00 ,490.00 ,0 ,0 ,0 ,'Contado' ,1 ,'08/07/2017 8:20:23' ,0 ,0 ,0 ,'08/07/2017 8:20:23' ,9000003773 ,'08/07/2017 8:20:23' ,'CAMILAP' ,0 ,'000100001441999' ,'Viajes según recibo Nro. 31' ,'08:20' ,117 )
08/07/2017 08:20:23 |  UPDATE DiccionariodeDatos SET DiccionariodeDatos.vlPuesto1  = '117'   WHERE DiccionariodeDatos.nmTabla = 'TB_Cupones'  AND  DiccionariodeDatos.nmCampo = 'nrCupon'  
08/07/2017 08:20:32 | Exec sco_DiccionariodeDatos @nmtabla_param='SP_eliminarTablasImpresion_v4_7'
08/07/2017 08:20:32 | Exec SP_eliminarTablasImpresion_v4_7 @dsUsuario = 'CAMILAP' 
08/07/2017 08:20:33 | Exec SP_eliminarTablasImpresion_v4_7 @dsUsuario = 'CAMILAP' 
08/07/2017 08:20:41 | SET DATEFORMAT dmy
08/07/2017 08:20:41 | select getdate() AS FECHA
08/07/2017 08:20:41 |  UPDATE TB_Cupones SET TB_Cupones.flCobradoalCliente  = 1 ,TB_Cupones.dtCobradoalCliente  = '08/07/2017 8:20:41' ,TB_Cupones.nrCajaCtaCte  = 9000003773 ,TB_Cupones.dtCajaCtaCte  = '08/07/2017 8:20:42' ,TB_Cupones.IdReciboCtaCte  = 31 ,TB_Cupones.dsUsuario  = 'CAMILAP'   WHERE TB_Cupones.nrCupon = 29  
08/07/2017 08:20:47 |  SELECT TB_Cupones.cdCodBar ,TB_Cupones.nrLicencia ,TB_Cupones.nmLicenciatario ,TB_Cupones.cdCliente ,TB_Cupones.nrCupon ,TB_Cupones.tpCupon ,TB_Cupones.vlMontoCupon ,TB_Cupones.vlPagoPesos ,TB_Cupones.vlPagoEuros ,TB_Cupones.vlPagoDolares ,TB_Cupones.vlComision ,TB_Cupones.nrTalonarioCliente ,TB_Cupones.nrComprabanteCliente ,TB_Cupones.flCobradoalCliente ,TB_Cupones.vlafavorAdmin ,TB_Cupones.dtCupon  FROM TB_Cupones  WHERE TB_Cupones.cdCliente = 4013  AND  TB_Cupones.tpCupon = 'Cuenta Corriente' AND TB_Cupones.flEliminar = 0  AND  TB_Cupones.flCobradoalCliente = 0 AND TB_Cupones.flAnulado = 0     Order by TB_Cupones.cdCliente ASC 
08/07/2017 08:20:47 |  SELECT TB_Clientes.cdCliente ,TB_Clientes.dsRazonSocial  FROM TB_Clientes  WHERE TB_Clientes.cdCliente = 4013    
08/07/2017 08:20:49 | Exec sco_AccesosOpcionesMenu @p_tpNivelAcceso = 'Administración' ,@p_operaconcaja = 1 
08/07/2017 08:21:12 |  SELECT TB_Recibos.IdRecibo ,TB_Recibos.vlAcumDolares ,TB_Recibos.vlSaldoPesos ,TB_Recibos.cdCliente ,TB_Recibos.dsRazonSocial ,TB_Recibos.vlSaldoEuros ,TB_Recibos.vlAcumPesos ,TB_Recibos.tpRecibo ,TB_Recibos.vlAcumEuros ,TB_Recibos.vlAcumComision ,TB_Recibos.vlSaldoDolares ,TB_Recibos.dtRecibo ,TB_Recibos.flAnulado ,TB_Recibos.nrCaja ,TB_Recibos.dsUsuario  FROM TB_Recibos  WHERE  IdRecibo Like ('%%%') AND TB_Recibos.dtRecibo >= '08/07/2017 00:00:00'  AND  TB_Recibos.dtRecibo <= '08/07/2017 23:59:59'     Order by TB_Recibos.IdRecibo ASC 
08/07/2017 08:21:16 |  SELECT tb_parametros.dsParametro ,tb_parametros.vlParametro ,tb_parametros.tpParametro ,tb_parametros.flEditable ,tb_parametros.nrTamanio ,tb_parametros.dtActualizacion  FROM tb_parametros  WHERE tb_parametros.dsParametro = 'ELIMINA_RECIBO_DE_OTRA_CAJA'    
08/07/2017 08:21:20 | Exec sco_AccesosOpcionesMenu @p_tpNivelAcceso = 'Administración' ,@p_operaconcaja = 1 
08/07/2017 08:21:23 |  SELECT TB_Comprobantes.dtComprobante ,TB_Comprobantes.nrComprobante ,TB_Comprobantes.cdCliente ,TB_Comprobantes.cdCodBar ,TB_Comprobantes.nrLicencia ,TB_Comprobantes.nrPuesto ,TB_Comprobantes.nrTalonario ,TB_Comprobantes.tpComprobante ,TB_Comprobantes.nrCaja ,TB_Comprobantes.cdCondVenta ,TB_Comprobantes.nrDoc ,TB_Comprobantes.dsRazonSocial ,TB_Comprobantes.nmLicenciatario ,TB_Comprobantes.dsUsuario ,TB_Comprobantes.dsDomicilio ,TB_Comprobantes.tpComprobante ,TB_Comprobantes.tpLetra ,TB_Comprobantes.flManual  FROM TB_Comprobantes  WHERE  nrComprobante Like ('%%%') AND TB_Comprobantes.flAnulado = 0  AND  TB_Comprobantes.flEliminar = 0  AND  TB_Comprobantes.dtComprobante >= '08/07/2017 00:00:00'  AND  TB_Comprobantes.dtComprobante <= '08/07/2017 23:59:59'     Order by TB_Comprobantes.nrComprobante ASC 
08/07/2017 08:21:25 |  SELECT TB_Comprobantes.dsLeyenda ,TB_Comprobantes.tpLetra ,TB_Comprobantes.vlTotalGeneral ,TB_Comprobantes.vlPagoEuros ,TB_Comprobantes.vlPagoPesos ,TB_Comprobantes.tpMoneda ,TB_Comprobantes.dsDomicilio ,TB_Comprobantes.nmLocalidad ,TB_Comprobantes.dsEmail ,TB_Comprobantes.cdPostal ,TB_Comprobantes.dtVencimiento ,TB_Comprobantes.nrBultos ,TB_Comprobantes.nrPasajeros ,TB_Comprobantes.vlPagoDolares ,TB_Comprobantes.nrTel ,TB_Comprobantes.vlDiaEuro ,TB_Comprobantes.cdCliente ,TB_Comprobantes.nrTalonario ,TB_Comprobantes.dtComprobante ,TB_Comprobantes.nrComprobante ,TB_Comprobantes.cdCodBar ,TB_Comprobantes.tpComprobante ,TB_Comprobantes.nrCaja ,TB_Comprobantes.cdCondVenta ,TB_Comprobantes.nrDoc ,TB_Comprobantes.dsRazonSocial ,TB_Comprobantes.nrLicencia ,TB_Comprobantes.nmLicenciatario ,TB_Comprobantes.dsUsuario ,TB_Comprobantes.nrPuesto ,TB_Comprobantes.nmApellido ,TB_Comprobantes.nmNombre ,TB_Comprobantes.dsOpcional3 ,TB_Comprobantes.IdReciboCtaCte ,TB_Comprobantes.flAnulado ,TB_Comprobantes.flManual ,TB_Comprobantes.vlPagoReales  FROM TB_Comprobantes  WHERE TB_Comprobantes.nrComprobante = '00001441    '  AND  TB_Comprobantes.nrTalonario = '0001'  AND  TB_Comprobantes.nrCaja = 9000003773  AND  TB_Comprobantes.tpLetra = 'M'  AND  TB_Comprobantes.tpComprobante = 'FA'  AND  TB_Comprobantes.flEliminar = 0    
08/07/2017 08:21:25 |  SELECT TB_ComprobantesDetalle.nrItem ,TB_ComprobantesDetalle.cdProducto ,TB_ComprobantesDetalle.dsProducto ,TB_ComprobantesDetalle.vlPrecioViaje ,TB_ComprobantesDetalle.vlTotalItem  FROM TB_ComprobantesDetalle  WHERE TB_ComprobantesDetalle.nrTalonario = '0001'  AND  TB_ComprobantesDetalle.nrComprobante = '00001441'  AND  TB_ComprobantesDetalle.tpComprobante = 'FA'  AND  TB_ComprobantesDetalle.tpLetra = 'M'    
08/07/2017 08:21:29 |  SELECT TB_Cupones.flCompensado  FROM TB_Cupones  WHERE TB_Cupones.nrComprabanteCliente = '00001441'  AND  TB_Cupones.nrTalonarioCliente = '0001'  AND  TB_Cupones.tpComprobanteCliente = 'FA'  AND TB_Cupones.tpLetraCliente = 'M'  AND TB_Cupones.flCompensado = 1    
08/07/2017 08:21:29 | SET DATEFORMAT dmy
08/07/2017 08:21:29 | select getdate() AS FECHA
08/07/2017 08:21:29 |  UPDATE TB_Cupones SET TB_Cupones.flAnulado  = 1 ,TB_Cupones.dtAnulado  = '08/07/2017 8:21:29' ,TB_Cupones.flSincronizado  = 0 ,TB_Cupones.dtActualizacion  = '08/07/2017 8:21:29'   WHERE TB_Cupones.nrComprabanteCliente = '00001441'  AND  TB_Cupones.nrTalonarioCliente = '0001'  AND  TB_Cupones.tpComprobanteCliente = 'FA'  AND TB_Cupones.tpLetraCliente = 'M'  
08/07/2017 08:21:29 | Exec  SP_AnularFacturaCtaCte 31,CAMILAP
08/07/2017 08:21:29 | SET DATEFORMAT dmy
08/07/2017 08:21:29 | select getdate() AS FECHA
08/07/2017 08:21:29 |  UPDATE TB_Comprobantes SET TB_Comprobantes.flAnulado  = 1 ,TB_Comprobantes.dtAnulado  = '08/07/2017 8:21:29' ,TB_Comprobantes.flSincronizado  = 0 ,TB_Comprobantes.dtActualizacion  = '08/07/2017 8:21:30'   WHERE TB_Comprobantes.nrComprobante = '00001441'  AND  TB_Comprobantes.nrTalonario = '0001'  AND  TB_Comprobantes.tpLetra = 'M'  AND  TB_Comprobantes.tpComprobante = 'FA'  
08/07/2017 08:21:29 | SET DATEFORMAT dmy
08/07/2017 08:21:29 | select getdate() AS FECHA
08/07/2017 08:21:29 |  UPDATE TB_Cajas SET TB_Cajas.dtActualizacion  = '08/07/2017 8:21:30'   WHERE TB_Cajas.nrCaja = 9000003773  
08/07/2017 08:21:29 |  SELECT TB_Cajas.nrCaja  FROM TB_Cajas  WHERE TB_Cajas.nrCaja = 9000003773  AND  TB_Cajas.flEstado = 0    
08/07/2017 08:21:29 |  SELECT TB_Cajas.nrCaja  FROM TB_Cajas  WHERE TB_Cajas.nrCaja = 9000003773  AND  TB_Cajas.flCajaAdm = 0    
08/07/2017 08:21:30 |  SELECT TB_Comprobantes.dtComprobante ,TB_Comprobantes.nrComprobante ,TB_Comprobantes.cdCliente ,TB_Comprobantes.cdCodBar ,TB_Comprobantes.nrLicencia ,TB_Comprobantes.nrPuesto ,TB_Comprobantes.nrTalonario ,TB_Comprobantes.tpComprobante ,TB_Comprobantes.nrCaja ,TB_Comprobantes.cdCondVenta ,TB_Comprobantes.nrDoc ,TB_Comprobantes.dsRazonSocial ,TB_Comprobantes.nmLicenciatario ,TB_Comprobantes.dsUsuario ,TB_Comprobantes.dsDomicilio ,TB_Comprobantes.tpComprobante ,TB_Comprobantes.tpLetra ,TB_Comprobantes.flManual  FROM TB_Comprobantes  WHERE  nrComprobante Like ('%%%') AND TB_Comprobantes.flAnulado = 0  AND  TB_Comprobantes.flEliminar = 0  AND  TB_Comprobantes.dtComprobante >= '08/07/2017 00:00:00'  AND  TB_Comprobantes.dtComprobante <= '08/07/2017 23:59:59'     Order by TB_Comprobantes.nrComprobante ASC 
08/07/2017 08:21:32 | Exec sco_AccesosOpcionesMenu @p_tpNivelAcceso = 'Administración' ,@p_operaconcaja = 1 
08/07/2017 08:21:35 | Inicializando Servicio SGLibrary.ServicePrinter
08/07/2017 08:21:35 | Inicializando Servicio SGLibrary.ServicePrinter OK 
08/07/2017 08:21:35 |  SELECT VW_CajadeADMAbierta.nrCaja ,VW_CajadeADMAbierta.vlSaldoFinalRealPesos ,VW_CajadeADMAbierta.vlSaldoFinalRealEuros ,VW_CajadeADMAbierta.vlSaldoFinalRealDolares ,VW_CajadeADMAbierta.dsUsuario  FROM VW_CajadeADMAbierta   
08/07/2017 08:21:37 |  SELECT TB_Cupones.cdCodBar ,TB_Cupones.nrLicencia ,TB_Cupones.nmLicenciatario ,TB_Cupones.cdCliente ,TB_Cupones.nrCupon ,TB_Cupones.tpCupon ,TB_Cupones.vlMontoCupon ,TB_Cupones.vlPagoPesos ,TB_Cupones.vlPagoEuros ,TB_Cupones.vlPagoDolares ,TB_Cupones.vlComision ,TB_Cupones.nrTalonarioCliente ,TB_Cupones.nrComprabanteCliente ,TB_Cupones.flCobradoalCliente ,TB_Cupones.vlafavorAdmin ,TB_Cupones.dtCupon  FROM TB_Cupones  WHERE TB_Cupones.cdCliente = 4013  AND  TB_Cupones.tpCupon = 'Cuenta Corriente' AND TB_Cupones.flEliminar = 0  AND  TB_Cupones.flCobradoalCliente = 0 AND TB_Cupones.flAnulado = 0     Order by TB_Cupones.cdCliente ASC 
08/07/2017 08:21:37 |  SELECT TB_Clientes.cdCliente ,TB_Clientes.dsRazonSocial  FROM TB_Clientes  WHERE TB_Clientes.cdCliente = 4013    
08/07/2017 08:21:40 | Exec sco_AccesosOpcionesMenu @p_tpNivelAcceso = 'Administración' ,@p_operaconcaja = 1 
08/07/2017 08:21:51 |  SELECT TB_Comprobantes.dtComprobante ,TB_Comprobantes.nrComprobante ,TB_Comprobantes.cdCliente ,TB_Comprobantes.cdCodBar ,TB_Comprobantes.nrLicencia ,TB_Comprobantes.nrPuesto ,TB_Comprobantes.nrTalonario ,TB_Comprobantes.tpComprobante ,TB_Comprobantes.nrCaja ,TB_Comprobantes.cdCondVenta ,TB_Comprobantes.nrDoc ,TB_Comprobantes.dsRazonSocial ,TB_Comprobantes.nmLicenciatario ,TB_Comprobantes.dsUsuario ,TB_Comprobantes.dsDomicilio ,TB_Comprobantes.flManual ,TB_Comprobantes.tpComprobante ,TB_Comprobantes.tpLetra  FROM TB_Comprobantes  WHERE  nrComprobante Like ('%%%') AND TB_Comprobantes.flEliminar = 0  AND  TB_Comprobantes.dtComprobante >= '08/07/2017 00:00:00'  AND  TB_Comprobantes.dtComprobante <= '08/07/2017 23:59:59'     Order by TB_Comprobantes.nrComprobante ASC 
08/07/2017 08:21:56 | Exec sco_AccesosOpcionesMenu @p_tpNivelAcceso = 'Administración' ,@p_operaconcaja = 1 
