27/05/2017 08:43:02 | Exec  sco_TB_Productos_v4_1 
27/05/2017 08:43:02 | Exec sco_DiccionariodeDatos @nmtabla_param='TB_Usuarios'
27/05/2017 08:43:06 |  SELECT TB_Usuarios.dsUsuario ,TB_Usuarios.dspassword ,TB_Usuarios.tpAcceso ,TB_Usuarios.nmNombre ,TB_Usuarios.nmApellido ,TB_Usuarios.flBloqueado ,TB_Usuarios.tpNivelJerarquico  FROM TB_Usuarios  WHERE TB_Usuarios.dsUsuario = 'USRPARAM'  AND  TB_Usuarios.flEliminar = 0  
27/05/2017 08:43:06 |  SELECT TB_Usuarios.dsUsuario ,TB_Usuarios.dspassword ,TB_Usuarios.tpAcceso ,TB_Usuarios.nmNombre ,TB_Usuarios.nmApellido ,TB_Usuarios.flBloqueado ,TB_Usuarios.tpNivelJerarquico  FROM TB_Usuarios  WHERE TB_Usuarios.dsUsuario = 'USRPARAM'  AND  TB_Usuarios.flEliminar = 0  
27/05/2017 08:43:06 | Exec sco_DiccionariodeDatos @nmtabla_param='sp_obtenerCajasPendientesdeAprobacion_v2_5'
27/05/2017 08:43:06 | Exec sp_obtenerCajasPendientesdeAprobacion_v2_5 @pdsUsuario_param = 'USRPARAM' 
27/05/2017 08:43:06 | Exec sco_DiccionariodeDatos @nmtabla_param='TB_Parametros'
27/05/2017 08:43:06 |  SELECT TB_Parametros.vlParametro  FROM TB_Parametros  WHERE TB_Parametros.dsParametro = 'VALOR EURO'  
27/05/2017 08:43:06 |  SELECT TB_Parametros.vlParametro  FROM TB_Parametros  WHERE TB_Parametros.dsParametro = 'VALOR DOLAR'  
27/05/2017 08:43:06 | Exec SP_ValorPromoRetorno
27/05/2017 08:43:06 | Exec sco_DiccionariodeDatos @nmtabla_param='TB_Comisiones'
27/05/2017 08:43:06 |  SELECT TB_Comisiones.vlMontoMinimo  FROM TB_Comisiones  WHERE TB_Comisiones.tpComision = 'Retorno'  AND  TB_Comisiones.flEliminar = 0  
27/05/2017 08:43:06 |  SELECT TB_Parametros.vlParametro  FROM TB_Parametros  WHERE TB_Parametros.dsParametro = 'VALOR REAL'  
27/05/2017 08:43:06 | Exec sco_validarVencimientosCAI_v4_1
27/05/2017 08:43:08 | Exec sco_DiccionariodeDatos @nmtabla_param='sco_AccesosOpcionesMenu'
27/05/2017 08:43:08 | Exec sco_AccesosOpcionesMenu @p_tpNivelAcceso = 'Parametrización' ,@p_operaconcaja = 1 
27/05/2017 08:43:08 | Exec sco_AccesosOpcionesMenu @p_tpNivelAcceso = 'Parametrización' ,@p_operaconcaja = 1 
27/05/2017 08:43:15 | Exec sco_DiccionariodeDatos @nmtabla_param='TB_NivelAcceso'
27/05/2017 08:43:18 |  SELECT TB_NivelAcceso.tpNivelAcceso  FROM TB_NivelAcceso  WHERE  tpNivelAcceso Like ('%%%') Order by TB_NivelAcceso.tpNivelAcceso ASC 
27/05/2017 08:43:21 |  SELECT TB_NivelAcceso.tpNivelAcceso  FROM TB_NivelAcceso  WHERE TB_NivelAcceso.tpNivelAcceso = 'Administración'  
27/05/2017 08:43:21 | Exec sco_AccesosOpcionesMenu @p_tpNivelAcceso = 'Administración' 
27/05/2017 08:43:26 |  UPDATE TB_NivelAcceso SET TB_NivelAcceso.tpNivelAcceso  = 'Administración'   WHERE TB_NivelAcceso.tpNivelAcceso = 'Administración'  
27/05/2017 08:43:26 | Exec sco_DiccionariodeDatos @nmtabla_param='TB_NivelAccesoOpcionesMenu'
27/05/2017 08:43:26 |  UPDATE TB_NivelAccesoOpcionesMenu SET TB_NivelAccesoOpcionesMenu.flAcceso  = -1   WHERE TB_NivelAccesoOpcionesMenu.tpNivelAcceso = 'Administración'  AND  TB_NivelAccesoOpcionesMenu.idOpcionMenu = 1  
27/05/2017 08:43:26 |  UPDATE TB_NivelAccesoOpcionesMenu SET TB_NivelAccesoOpcionesMenu.flAcceso  = -1   WHERE TB_NivelAccesoOpcionesMenu.tpNivelAcceso = 'Administración'  AND  TB_NivelAccesoOpcionesMenu.idOpcionMenu = 2  
27/05/2017 08:43:26 |  UPDATE TB_NivelAccesoOpcionesMenu SET TB_NivelAccesoOpcionesMenu.flAcceso  = -1   WHERE TB_NivelAccesoOpcionesMenu.tpNivelAcceso = 'Administración'  AND  TB_NivelAccesoOpcionesMenu.idOpcionMenu = 3  
27/05/2017 08:43:26 |  UPDATE TB_NivelAccesoOpcionesMenu SET TB_NivelAccesoOpcionesMenu.flAcceso  = -1   WHERE TB_NivelAccesoOpcionesMenu.tpNivelAcceso = 'Administración'  AND  TB_NivelAccesoOpcionesMenu.idOpcionMenu = 4  
27/05/2017 08:43:26 |  UPDATE TB_NivelAccesoOpcionesMenu SET TB_NivelAccesoOpcionesMenu.flAcceso  = 0   WHERE TB_NivelAccesoOpcionesMenu.tpNivelAcceso = 'Administración'  AND  TB_NivelAccesoOpcionesMenu.idOpcionMenu = 5  
27/05/2017 08:43:26 |  UPDATE TB_NivelAccesoOpcionesMenu SET TB_NivelAccesoOpcionesMenu.flAcceso  = 0   WHERE TB_NivelAccesoOpcionesMenu.tpNivelAcceso = 'Administración'  AND  TB_NivelAccesoOpcionesMenu.idOpcionMenu = 49  
27/05/2017 08:43:26 |  UPDATE TB_NivelAccesoOpcionesMenu SET TB_NivelAccesoOpcionesMenu.flAcceso  = -1   WHERE TB_NivelAccesoOpcionesMenu.tpNivelAcceso = 'Administración'  AND  TB_NivelAccesoOpcionesMenu.idOpcionMenu = 6  
27/05/2017 08:43:26 |  UPDATE TB_NivelAccesoOpcionesMenu SET TB_NivelAccesoOpcionesMenu.flAcceso  = -1   WHERE TB_NivelAccesoOpcionesMenu.tpNivelAcceso = 'Administración'  AND  TB_NivelAccesoOpcionesMenu.idOpcionMenu = 7  
27/05/2017 08:43:26 |  UPDATE TB_NivelAccesoOpcionesMenu SET TB_NivelAccesoOpcionesMenu.flAcceso  = -1   WHERE TB_NivelAccesoOpcionesMenu.tpNivelAcceso = 'Administración'  AND  TB_NivelAccesoOpcionesMenu.idOpcionMenu = 60  
27/05/2017 08:43:26 |  UPDATE TB_NivelAccesoOpcionesMenu SET TB_NivelAccesoOpcionesMenu.flAcceso  = -1   WHERE TB_NivelAccesoOpcionesMenu.tpNivelAcceso = 'Administración'  AND  TB_NivelAccesoOpcionesMenu.idOpcionMenu = 62  
27/05/2017 08:43:26 |  UPDATE TB_NivelAccesoOpcionesMenu SET TB_NivelAccesoOpcionesMenu.flAcceso  = -1   WHERE TB_NivelAccesoOpcionesMenu.tpNivelAcceso = 'Administración'  AND  TB_NivelAccesoOpcionesMenu.idOpcionMenu = 63  
27/05/2017 08:43:26 |  UPDATE TB_NivelAccesoOpcionesMenu SET TB_NivelAccesoOpcionesMenu.flAcceso  = -1   WHERE TB_NivelAccesoOpcionesMenu.tpNivelAcceso = 'Administración'  AND  TB_NivelAccesoOpcionesMenu.idOpcionMenu = 61  
27/05/2017 08:43:26 |  UPDATE TB_NivelAccesoOpcionesMenu SET TB_NivelAccesoOpcionesMenu.flAcceso  = -1   WHERE TB_NivelAccesoOpcionesMenu.tpNivelAcceso = 'Administración'  AND  TB_NivelAccesoOpcionesMenu.idOpcionMenu = 64  
27/05/2017 08:43:26 |  UPDATE TB_NivelAccesoOpcionesMenu SET TB_NivelAccesoOpcionesMenu.flAcceso  = -1   WHERE TB_NivelAccesoOpcionesMenu.tpNivelAcceso = 'Administración'  AND  TB_NivelAccesoOpcionesMenu.idOpcionMenu = 8  
27/05/2017 08:43:26 |  UPDATE TB_NivelAccesoOpcionesMenu SET TB_NivelAccesoOpcionesMenu.flAcceso  = -1   WHERE TB_NivelAccesoOpcionesMenu.tpNivelAcceso = 'Administración'  AND  TB_NivelAccesoOpcionesMenu.idOpcionMenu = 9  
27/05/2017 08:43:26 |  UPDATE TB_NivelAccesoOpcionesMenu SET TB_NivelAccesoOpcionesMenu.flAcceso  = 0   WHERE TB_NivelAccesoOpcionesMenu.tpNivelAcceso = 'Administración'  AND  TB_NivelAccesoOpcionesMenu.idOpcionMenu = 200  
27/05/2017 08:43:27 |  UPDATE TB_NivelAccesoOpcionesMenu SET TB_NivelAccesoOpcionesMenu.flAcceso  = -1   WHERE TB_NivelAccesoOpcionesMenu.tpNivelAcceso = 'Administración'  AND  TB_NivelAccesoOpcionesMenu.idOpcionMenu = 201  
27/05/2017 08:43:27 |  UPDATE TB_NivelAccesoOpcionesMenu SET TB_NivelAccesoOpcionesMenu.flAcceso  = 0   WHERE TB_NivelAccesoOpcionesMenu.tpNivelAcceso = 'Administración'  AND  TB_NivelAccesoOpcionesMenu.idOpcionMenu = 10  
27/05/2017 08:43:27 |  UPDATE TB_NivelAccesoOpcionesMenu SET TB_NivelAccesoOpcionesMenu.flAcceso  = 0   WHERE TB_NivelAccesoOpcionesMenu.tpNivelAcceso = 'Administración'  AND  TB_NivelAccesoOpcionesMenu.idOpcionMenu = 11  
27/05/2017 08:43:27 |  UPDATE TB_NivelAccesoOpcionesMenu SET TB_NivelAccesoOpcionesMenu.flAcceso  = -1   WHERE TB_NivelAccesoOpcionesMenu.tpNivelAcceso = 'Administración'  AND  TB_NivelAccesoOpcionesMenu.idOpcionMenu = 12  
27/05/2017 08:43:27 |  UPDATE TB_NivelAccesoOpcionesMenu SET TB_NivelAccesoOpcionesMenu.flAcceso  = -1   WHERE TB_NivelAccesoOpcionesMenu.tpNivelAcceso = 'Administración'  AND  TB_NivelAccesoOpcionesMenu.idOpcionMenu = 13  
27/05/2017 08:43:27 |  UPDATE TB_NivelAccesoOpcionesMenu SET TB_NivelAccesoOpcionesMenu.flAcceso  = -1   WHERE TB_NivelAccesoOpcionesMenu.tpNivelAcceso = 'Administración'  AND  TB_NivelAccesoOpcionesMenu.idOpcionMenu = 14  
27/05/2017 08:43:27 |  UPDATE TB_NivelAccesoOpcionesMenu SET TB_NivelAccesoOpcionesMenu.flAcceso  = -1   WHERE TB_NivelAccesoOpcionesMenu.tpNivelAcceso = 'Administración'  AND  TB_NivelAccesoOpcionesMenu.idOpcionMenu = 15  
27/05/2017 08:43:27 |  UPDATE TB_NivelAccesoOpcionesMenu SET TB_NivelAccesoOpcionesMenu.flAcceso  = -1   WHERE TB_NivelAccesoOpcionesMenu.tpNivelAcceso = 'Administración'  AND  TB_NivelAccesoOpcionesMenu.idOpcionMenu = 16  
27/05/2017 08:43:27 |  UPDATE TB_NivelAccesoOpcionesMenu SET TB_NivelAccesoOpcionesMenu.flAcceso  = -1   WHERE TB_NivelAccesoOpcionesMenu.tpNivelAcceso = 'Administración'  AND  TB_NivelAccesoOpcionesMenu.idOpcionMenu = 17  
27/05/2017 08:43:27 |  UPDATE TB_NivelAccesoOpcionesMenu SET TB_NivelAccesoOpcionesMenu.flAcceso  = -1   WHERE TB_NivelAccesoOpcionesMenu.tpNivelAcceso = 'Administración'  AND  TB_NivelAccesoOpcionesMenu.idOpcionMenu = 50  
27/05/2017 08:43:27 |  UPDATE TB_NivelAccesoOpcionesMenu SET TB_NivelAccesoOpcionesMenu.flAcceso  = -1   WHERE TB_NivelAccesoOpcionesMenu.tpNivelAcceso = 'Administración'  AND  TB_NivelAccesoOpcionesMenu.idOpcionMenu = 18  
27/05/2017 08:43:27 |  UPDATE TB_NivelAccesoOpcionesMenu SET TB_NivelAccesoOpcionesMenu.flAcceso  = -1   WHERE TB_NivelAccesoOpcionesMenu.tpNivelAcceso = 'Administración'  AND  TB_NivelAccesoOpcionesMenu.idOpcionMenu = 19  
27/05/2017 08:43:27 |  UPDATE TB_NivelAccesoOpcionesMenu SET TB_NivelAccesoOpcionesMenu.flAcceso  = -1   WHERE TB_NivelAccesoOpcionesMenu.tpNivelAcceso = 'Administración'  AND  TB_NivelAccesoOpcionesMenu.idOpcionMenu = 21  
27/05/2017 08:43:27 |  UPDATE TB_NivelAccesoOpcionesMenu SET TB_NivelAccesoOpcionesMenu.flAcceso  = 0   WHERE TB_NivelAccesoOpcionesMenu.tpNivelAcceso = 'Administración'  AND  TB_NivelAccesoOpcionesMenu.idOpcionMenu = 217  
27/05/2017 08:43:27 |  UPDATE TB_NivelAccesoOpcionesMenu SET TB_NivelAccesoOpcionesMenu.flAcceso  = 0   WHERE TB_NivelAccesoOpcionesMenu.tpNivelAcceso = 'Administración'  AND  TB_NivelAccesoOpcionesMenu.idOpcionMenu = 218  
27/05/2017 08:43:27 |  UPDATE TB_NivelAccesoOpcionesMenu SET TB_NivelAccesoOpcionesMenu.flAcceso  = -1   WHERE TB_NivelAccesoOpcionesMenu.tpNivelAcceso = 'Administración'  AND  TB_NivelAccesoOpcionesMenu.idOpcionMenu = 23  
27/05/2017 08:43:27 |  UPDATE TB_NivelAccesoOpcionesMenu SET TB_NivelAccesoOpcionesMenu.flAcceso  = -1   WHERE TB_NivelAccesoOpcionesMenu.tpNivelAcceso = 'Administración'  AND  TB_NivelAccesoOpcionesMenu.idOpcionMenu = 24  
27/05/2017 08:43:27 |  UPDATE TB_NivelAccesoOpcionesMenu SET TB_NivelAccesoOpcionesMenu.flAcceso  = -1   WHERE TB_NivelAccesoOpcionesMenu.tpNivelAcceso = 'Administración'  AND  TB_NivelAccesoOpcionesMenu.idOpcionMenu = 25  
27/05/2017 08:43:27 |  UPDATE TB_NivelAccesoOpcionesMenu SET TB_NivelAccesoOpcionesMenu.flAcceso  = -1   WHERE TB_NivelAccesoOpcionesMenu.tpNivelAcceso = 'Administración'  AND  TB_NivelAccesoOpcionesMenu.idOpcionMenu = 26  
27/05/2017 08:43:27 |  UPDATE TB_NivelAccesoOpcionesMenu SET TB_NivelAccesoOpcionesMenu.flAcceso  = 0   WHERE TB_NivelAccesoOpcionesMenu.tpNivelAcceso = 'Administración'  AND  TB_NivelAccesoOpcionesMenu.idOpcionMenu = 27  
27/05/2017 08:43:27 |  UPDATE TB_NivelAccesoOpcionesMenu SET TB_NivelAccesoOpcionesMenu.flAcceso  = 0   WHERE TB_NivelAccesoOpcionesMenu.tpNivelAcceso = 'Administración'  AND  TB_NivelAccesoOpcionesMenu.idOpcionMenu = 29  
27/05/2017 08:43:27 |  UPDATE TB_NivelAccesoOpcionesMenu SET TB_NivelAccesoOpcionesMenu.flAcceso  = -1   WHERE TB_NivelAccesoOpcionesMenu.tpNivelAcceso = 'Administración'  AND  TB_NivelAccesoOpcionesMenu.idOpcionMenu = 30  
27/05/2017 08:43:27 |  UPDATE TB_NivelAccesoOpcionesMenu SET TB_NivelAccesoOpcionesMenu.flAcceso  = -1   WHERE TB_NivelAccesoOpcionesMenu.tpNivelAcceso = 'Administración'  AND  TB_NivelAccesoOpcionesMenu.idOpcionMenu = 35  
27/05/2017 08:43:27 |  UPDATE TB_NivelAccesoOpcionesMenu SET TB_NivelAccesoOpcionesMenu.flAcceso  = -1   WHERE TB_NivelAccesoOpcionesMenu.tpNivelAcceso = 'Administración'  AND  TB_NivelAccesoOpcionesMenu.idOpcionMenu = 37  
27/05/2017 08:43:27 |  UPDATE TB_NivelAccesoOpcionesMenu SET TB_NivelAccesoOpcionesMenu.flAcceso  = -1   WHERE TB_NivelAccesoOpcionesMenu.tpNivelAcceso = 'Administración'  AND  TB_NivelAccesoOpcionesMenu.idOpcionMenu = 40  
27/05/2017 08:43:27 |  UPDATE TB_NivelAccesoOpcionesMenu SET TB_NivelAccesoOpcionesMenu.flAcceso  = -1   WHERE TB_NivelAccesoOpcionesMenu.tpNivelAcceso = 'Administración'  AND  TB_NivelAccesoOpcionesMenu.idOpcionMenu = 68  
27/05/2017 08:43:27 |  UPDATE TB_NivelAccesoOpcionesMenu SET TB_NivelAccesoOpcionesMenu.flAcceso  = -1   WHERE TB_NivelAccesoOpcionesMenu.tpNivelAcceso = 'Administración'  AND  TB_NivelAccesoOpcionesMenu.idOpcionMenu = 41  
27/05/2017 08:43:27 |  UPDATE TB_NivelAccesoOpcionesMenu SET TB_NivelAccesoOpcionesMenu.flAcceso  = -1   WHERE TB_NivelAccesoOpcionesMenu.tpNivelAcceso = 'Administración'  AND  TB_NivelAccesoOpcionesMenu.idOpcionMenu = 44  
27/05/2017 08:43:27 |  UPDATE TB_NivelAccesoOpcionesMenu SET TB_NivelAccesoOpcionesMenu.flAcceso  = -1   WHERE TB_NivelAccesoOpcionesMenu.tpNivelAcceso = 'Administración'  AND  TB_NivelAccesoOpcionesMenu.idOpcionMenu = 45  
27/05/2017 08:43:27 |  UPDATE TB_NivelAccesoOpcionesMenu SET TB_NivelAccesoOpcionesMenu.flAcceso  = -1   WHERE TB_NivelAccesoOpcionesMenu.tpNivelAcceso = 'Administración'  AND  TB_NivelAccesoOpcionesMenu.idOpcionMenu = 65  
27/05/2017 08:43:27 |  UPDATE TB_NivelAccesoOpcionesMenu SET TB_NivelAccesoOpcionesMenu.flAcceso  = -1   WHERE TB_NivelAccesoOpcionesMenu.tpNivelAcceso = 'Administración'  AND  TB_NivelAccesoOpcionesMenu.idOpcionMenu = 46  
27/05/2017 08:43:27 |  UPDATE TB_NivelAccesoOpcionesMenu SET TB_NivelAccesoOpcionesMenu.flAcceso  = -1   WHERE TB_NivelAccesoOpcionesMenu.tpNivelAcceso = 'Administración'  AND  TB_NivelAccesoOpcionesMenu.idOpcionMenu = 47  
27/05/2017 08:43:27 |  UPDATE TB_NivelAccesoOpcionesMenu SET TB_NivelAccesoOpcionesMenu.flAcceso  = -1   WHERE TB_NivelAccesoOpcionesMenu.tpNivelAcceso = 'Administración'  AND  TB_NivelAccesoOpcionesMenu.idOpcionMenu = 48  
27/05/2017 08:43:27 |  UPDATE TB_NivelAccesoOpcionesMenu SET TB_NivelAccesoOpcionesMenu.flAcceso  = 0   WHERE TB_NivelAccesoOpcionesMenu.tpNivelAcceso = 'Administración'  AND  TB_NivelAccesoOpcionesMenu.idOpcionMenu = 212  
27/05/2017 08:43:27 |  UPDATE TB_NivelAccesoOpcionesMenu SET TB_NivelAccesoOpcionesMenu.flAcceso  = 0   WHERE TB_NivelAccesoOpcionesMenu.tpNivelAcceso = 'Administración'  AND  TB_NivelAccesoOpcionesMenu.idOpcionMenu = 221  
27/05/2017 08:43:27 |  UPDATE TB_NivelAccesoOpcionesMenu SET TB_NivelAccesoOpcionesMenu.flAcceso  = -1   WHERE TB_NivelAccesoOpcionesMenu.tpNivelAcceso = 'Administración'  AND  TB_NivelAccesoOpcionesMenu.idOpcionMenu = 219  
27/05/2017 08:43:27 |  UPDATE TB_NivelAccesoOpcionesMenu SET TB_NivelAccesoOpcionesMenu.flAcceso  = -1   WHERE TB_NivelAccesoOpcionesMenu.tpNivelAcceso = 'Administración'  AND  TB_NivelAccesoOpcionesMenu.idOpcionMenu = 220  
27/05/2017 08:43:27 |  UPDATE TB_NivelAccesoOpcionesMenu SET TB_NivelAccesoOpcionesMenu.flAcceso  = -1   WHERE TB_NivelAccesoOpcionesMenu.tpNivelAcceso = 'Administración'  AND  TB_NivelAccesoOpcionesMenu.idOpcionMenu = 222  
27/05/2017 08:43:27 |  UPDATE TB_NivelAccesoOpcionesMenu SET TB_NivelAccesoOpcionesMenu.flAcceso  = -1   WHERE TB_NivelAccesoOpcionesMenu.tpNivelAcceso = 'Administración'  AND  TB_NivelAccesoOpcionesMenu.idOpcionMenu = 223  
27/05/2017 08:43:27 |  UPDATE TB_NivelAccesoOpcionesMenu SET TB_NivelAccesoOpcionesMenu.flAcceso  = -1   WHERE TB_NivelAccesoOpcionesMenu.tpNivelAcceso = 'Administración'  AND  TB_NivelAccesoOpcionesMenu.idOpcionMenu = 224  
27/05/2017 08:43:31 |  SELECT TB_NivelAcceso.tpNivelAcceso  FROM TB_NivelAcceso  WHERE TB_NivelAcceso.tpNivelAcceso = 'Auxiliar Administración'  
27/05/2017 08:43:31 | Exec sco_AccesosOpcionesMenu @p_tpNivelAcceso = 'Auxiliar Administración' 
27/05/2017 08:43:36 |  UPDATE TB_NivelAcceso SET TB_NivelAcceso.tpNivelAcceso  = 'Auxiliar Administración'   WHERE TB_NivelAcceso.tpNivelAcceso = 'Auxiliar Administración'  
27/05/2017 08:43:36 |  UPDATE TB_NivelAccesoOpcionesMenu SET TB_NivelAccesoOpcionesMenu.flAcceso  = -1   WHERE TB_NivelAccesoOpcionesMenu.tpNivelAcceso = 'Auxiliar Administración'  AND  TB_NivelAccesoOpcionesMenu.idOpcionMenu = 1  
27/05/2017 08:43:36 |  UPDATE TB_NivelAccesoOpcionesMenu SET TB_NivelAccesoOpcionesMenu.flAcceso  = -1   WHERE TB_NivelAccesoOpcionesMenu.tpNivelAcceso = 'Auxiliar Administración'  AND  TB_NivelAccesoOpcionesMenu.idOpcionMenu = 2  
27/05/2017 08:43:36 |  UPDATE TB_NivelAccesoOpcionesMenu SET TB_NivelAccesoOpcionesMenu.flAcceso  = -1   WHERE TB_NivelAccesoOpcionesMenu.tpNivelAcceso = 'Auxiliar Administración'  AND  TB_NivelAccesoOpcionesMenu.idOpcionMenu = 3  
27/05/2017 08:43:36 |  UPDATE TB_NivelAccesoOpcionesMenu SET TB_NivelAccesoOpcionesMenu.flAcceso  = -1   WHERE TB_NivelAccesoOpcionesMenu.tpNivelAcceso = 'Auxiliar Administración'  AND  TB_NivelAccesoOpcionesMenu.idOpcionMenu = 4  
27/05/2017 08:43:36 |  UPDATE TB_NivelAccesoOpcionesMenu SET TB_NivelAccesoOpcionesMenu.flAcceso  = -1   WHERE TB_NivelAccesoOpcionesMenu.tpNivelAcceso = 'Auxiliar Administración'  AND  TB_NivelAccesoOpcionesMenu.idOpcionMenu = 5  
27/05/2017 08:43:36 |  UPDATE TB_NivelAccesoOpcionesMenu SET TB_NivelAccesoOpcionesMenu.flAcceso  = 0   WHERE TB_NivelAccesoOpcionesMenu.tpNivelAcceso = 'Auxiliar Administración'  AND  TB_NivelAccesoOpcionesMenu.idOpcionMenu = 49  
27/05/2017 08:43:36 |  UPDATE TB_NivelAccesoOpcionesMenu SET TB_NivelAccesoOpcionesMenu.flAcceso  = -1   WHERE TB_NivelAccesoOpcionesMenu.tpNivelAcceso = 'Auxiliar Administración'  AND  TB_NivelAccesoOpcionesMenu.idOpcionMenu = 6  
27/05/2017 08:43:36 |  UPDATE TB_NivelAccesoOpcionesMenu SET TB_NivelAccesoOpcionesMenu.flAcceso  = -1   WHERE TB_NivelAccesoOpcionesMenu.tpNivelAcceso = 'Auxiliar Administración'  AND  TB_NivelAccesoOpcionesMenu.idOpcionMenu = 7  
27/05/2017 08:43:36 |  UPDATE TB_NivelAccesoOpcionesMenu SET TB_NivelAccesoOpcionesMenu.flAcceso  = -1   WHERE TB_NivelAccesoOpcionesMenu.tpNivelAcceso = 'Auxiliar Administración'  AND  TB_NivelAccesoOpcionesMenu.idOpcionMenu = 60  
27/05/2017 08:43:36 |  UPDATE TB_NivelAccesoOpcionesMenu SET TB_NivelAccesoOpcionesMenu.flAcceso  = -1   WHERE TB_NivelAccesoOpcionesMenu.tpNivelAcceso = 'Auxiliar Administración'  AND  TB_NivelAccesoOpcionesMenu.idOpcionMenu = 62  
27/05/2017 08:43:36 |  UPDATE TB_NivelAccesoOpcionesMenu SET TB_NivelAccesoOpcionesMenu.flAcceso  = -1   WHERE TB_NivelAccesoOpcionesMenu.tpNivelAcceso = 'Auxiliar Administración'  AND  TB_NivelAccesoOpcionesMenu.idOpcionMenu = 63  
27/05/2017 08:43:36 |  UPDATE TB_NivelAccesoOpcionesMenu SET TB_NivelAccesoOpcionesMenu.flAcceso  = 0   WHERE TB_NivelAccesoOpcionesMenu.tpNivelAcceso = 'Auxiliar Administración'  AND  TB_NivelAccesoOpcionesMenu.idOpcionMenu = 61  
27/05/2017 08:43:36 |  UPDATE TB_NivelAccesoOpcionesMenu SET TB_NivelAccesoOpcionesMenu.flAcceso  = 0   WHERE TB_NivelAccesoOpcionesMenu.tpNivelAcceso = 'Auxiliar Administración'  AND  TB_NivelAccesoOpcionesMenu.idOpcionMenu = 64  
27/05/2017 08:43:36 |  UPDATE TB_NivelAccesoOpcionesMenu SET TB_NivelAccesoOpcionesMenu.flAcceso  = -1   WHERE TB_NivelAccesoOpcionesMenu.tpNivelAcceso = 'Auxiliar Administración'  AND  TB_NivelAccesoOpcionesMenu.idOpcionMenu = 8  
27/05/2017 08:43:36 |  UPDATE TB_NivelAccesoOpcionesMenu SET TB_NivelAccesoOpcionesMenu.flAcceso  = 0   WHERE TB_NivelAccesoOpcionesMenu.tpNivelAcceso = 'Auxiliar Administración'  AND  TB_NivelAccesoOpcionesMenu.idOpcionMenu = 9  
27/05/2017 08:43:36 |  UPDATE TB_NivelAccesoOpcionesMenu SET TB_NivelAccesoOpcionesMenu.flAcceso  = 0   WHERE TB_NivelAccesoOpcionesMenu.tpNivelAcceso = 'Auxiliar Administración'  AND  TB_NivelAccesoOpcionesMenu.idOpcionMenu = 200  
27/05/2017 08:43:36 |  UPDATE TB_NivelAccesoOpcionesMenu SET TB_NivelAccesoOpcionesMenu.flAcceso  = 0   WHERE TB_NivelAccesoOpcionesMenu.tpNivelAcceso = 'Auxiliar Administración'  AND  TB_NivelAccesoOpcionesMenu.idOpcionMenu = 201  
27/05/2017 08:43:36 |  UPDATE TB_NivelAccesoOpcionesMenu SET TB_NivelAccesoOpcionesMenu.flAcceso  = 0   WHERE TB_NivelAccesoOpcionesMenu.tpNivelAcceso = 'Auxiliar Administración'  AND  TB_NivelAccesoOpcionesMenu.idOpcionMenu = 10  
27/05/2017 08:43:36 |  UPDATE TB_NivelAccesoOpcionesMenu SET TB_NivelAccesoOpcionesMenu.flAcceso  = 0   WHERE TB_NivelAccesoOpcionesMenu.tpNivelAcceso = 'Auxiliar Administración'  AND  TB_NivelAccesoOpcionesMenu.idOpcionMenu = 11  
27/05/2017 08:43:36 |  UPDATE TB_NivelAccesoOpcionesMenu SET TB_NivelAccesoOpcionesMenu.flAcceso  = -1   WHERE TB_NivelAccesoOpcionesMenu.tpNivelAcceso = 'Auxiliar Administración'  AND  TB_NivelAccesoOpcionesMenu.idOpcionMenu = 12  
27/05/2017 08:43:36 |  UPDATE TB_NivelAccesoOpcionesMenu SET TB_NivelAccesoOpcionesMenu.flAcceso  = -1   WHERE TB_NivelAccesoOpcionesMenu.tpNivelAcceso = 'Auxiliar Administración'  AND  TB_NivelAccesoOpcionesMenu.idOpcionMenu = 13  
27/05/2017 08:43:36 |  UPDATE TB_NivelAccesoOpcionesMenu SET TB_NivelAccesoOpcionesMenu.flAcceso  = -1   WHERE TB_NivelAccesoOpcionesMenu.tpNivelAcceso = 'Auxiliar Administración'  AND  TB_NivelAccesoOpcionesMenu.idOpcionMenu = 14  
27/05/2017 08:43:36 |  UPDATE TB_NivelAccesoOpcionesMenu SET TB_NivelAccesoOpcionesMenu.flAcceso  = -1   WHERE TB_NivelAccesoOpcionesMenu.tpNivelAcceso = 'Auxiliar Administración'  AND  TB_NivelAccesoOpcionesMenu.idOpcionMenu = 15  
27/05/2017 08:43:36 |  UPDATE TB_NivelAccesoOpcionesMenu SET TB_NivelAccesoOpcionesMenu.flAcceso  = -1   WHERE TB_NivelAccesoOpcionesMenu.tpNivelAcceso = 'Auxiliar Administración'  AND  TB_NivelAccesoOpcionesMenu.idOpcionMenu = 16  
27/05/2017 08:43:36 |  UPDATE TB_NivelAccesoOpcionesMenu SET TB_NivelAccesoOpcionesMenu.flAcceso  = 0   WHERE TB_NivelAccesoOpcionesMenu.tpNivelAcceso = 'Auxiliar Administración'  AND  TB_NivelAccesoOpcionesMenu.idOpcionMenu = 17  
27/05/2017 08:43:36 |  UPDATE TB_NivelAccesoOpcionesMenu SET TB_NivelAccesoOpcionesMenu.flAcceso  = 0   WHERE TB_NivelAccesoOpcionesMenu.tpNivelAcceso = 'Auxiliar Administración'  AND  TB_NivelAccesoOpcionesMenu.idOpcionMenu = 50  
27/05/2017 08:43:36 |  UPDATE TB_NivelAccesoOpcionesMenu SET TB_NivelAccesoOpcionesMenu.flAcceso  = -1   WHERE TB_NivelAccesoOpcionesMenu.tpNivelAcceso = 'Auxiliar Administración'  AND  TB_NivelAccesoOpcionesMenu.idOpcionMenu = 18  
27/05/2017 08:43:36 |  UPDATE TB_NivelAccesoOpcionesMenu SET TB_NivelAccesoOpcionesMenu.flAcceso  = -1   WHERE TB_NivelAccesoOpcionesMenu.tpNivelAcceso = 'Auxiliar Administración'  AND  TB_NivelAccesoOpcionesMenu.idOpcionMenu = 19  
27/05/2017 08:43:36 |  UPDATE TB_NivelAccesoOpcionesMenu SET TB_NivelAccesoOpcionesMenu.flAcceso  = -1   WHERE TB_NivelAccesoOpcionesMenu.tpNivelAcceso = 'Auxiliar Administración'  AND  TB_NivelAccesoOpcionesMenu.idOpcionMenu = 21  
27/05/2017 08:43:36 |  UPDATE TB_NivelAccesoOpcionesMenu SET TB_NivelAccesoOpcionesMenu.flAcceso  = 0   WHERE TB_NivelAccesoOpcionesMenu.tpNivelAcceso = 'Auxiliar Administración'  AND  TB_NivelAccesoOpcionesMenu.idOpcionMenu = 217  
27/05/2017 08:43:36 |  UPDATE TB_NivelAccesoOpcionesMenu SET TB_NivelAccesoOpcionesMenu.flAcceso  = 0   WHERE TB_NivelAccesoOpcionesMenu.tpNivelAcceso = 'Auxiliar Administración'  AND  TB_NivelAccesoOpcionesMenu.idOpcionMenu = 218  
27/05/2017 08:43:36 |  UPDATE TB_NivelAccesoOpcionesMenu SET TB_NivelAccesoOpcionesMenu.flAcceso  = -1   WHERE TB_NivelAccesoOpcionesMenu.tpNivelAcceso = 'Auxiliar Administración'  AND  TB_NivelAccesoOpcionesMenu.idOpcionMenu = 23  
27/05/2017 08:43:36 |  UPDATE TB_NivelAccesoOpcionesMenu SET TB_NivelAccesoOpcionesMenu.flAcceso  = -1   WHERE TB_NivelAccesoOpcionesMenu.tpNivelAcceso = 'Auxiliar Administración'  AND  TB_NivelAccesoOpcionesMenu.idOpcionMenu = 24  
27/05/2017 08:43:36 |  UPDATE TB_NivelAccesoOpcionesMenu SET TB_NivelAccesoOpcionesMenu.flAcceso  = -1   WHERE TB_NivelAccesoOpcionesMenu.tpNivelAcceso = 'Auxiliar Administración'  AND  TB_NivelAccesoOpcionesMenu.idOpcionMenu = 25  
27/05/2017 08:43:36 |  UPDATE TB_NivelAccesoOpcionesMenu SET TB_NivelAccesoOpcionesMenu.flAcceso  = -1   WHERE TB_NivelAccesoOpcionesMenu.tpNivelAcceso = 'Auxiliar Administración'  AND  TB_NivelAccesoOpcionesMenu.idOpcionMenu = 26  
27/05/2017 08:43:36 |  UPDATE TB_NivelAccesoOpcionesMenu SET TB_NivelAccesoOpcionesMenu.flAcceso  = 0   WHERE TB_NivelAccesoOpcionesMenu.tpNivelAcceso = 'Auxiliar Administración'  AND  TB_NivelAccesoOpcionesMenu.idOpcionMenu = 27  
27/05/2017 08:43:36 |  UPDATE TB_NivelAccesoOpcionesMenu SET TB_NivelAccesoOpcionesMenu.flAcceso  = -1   WHERE TB_NivelAccesoOpcionesMenu.tpNivelAcceso = 'Auxiliar Administración'  AND  TB_NivelAccesoOpcionesMenu.idOpcionMenu = 29  
27/05/2017 08:43:36 |  UPDATE TB_NivelAccesoOpcionesMenu SET TB_NivelAccesoOpcionesMenu.flAcceso  = -1   WHERE TB_NivelAccesoOpcionesMenu.tpNivelAcceso = 'Auxiliar Administración'  AND  TB_NivelAccesoOpcionesMenu.idOpcionMenu = 30  
27/05/2017 08:43:36 |  UPDATE TB_NivelAccesoOpcionesMenu SET TB_NivelAccesoOpcionesMenu.flAcceso  = -1   WHERE TB_NivelAccesoOpcionesMenu.tpNivelAcceso = 'Auxiliar Administración'  AND  TB_NivelAccesoOpcionesMenu.idOpcionMenu = 35  
27/05/2017 08:43:36 |  UPDATE TB_NivelAccesoOpcionesMenu SET TB_NivelAccesoOpcionesMenu.flAcceso  = -1   WHERE TB_NivelAccesoOpcionesMenu.tpNivelAcceso = 'Auxiliar Administración'  AND  TB_NivelAccesoOpcionesMenu.idOpcionMenu = 37  
27/05/2017 08:43:36 |  UPDATE TB_NivelAccesoOpcionesMenu SET TB_NivelAccesoOpcionesMenu.flAcceso  = -1   WHERE TB_NivelAccesoOpcionesMenu.tpNivelAcceso = 'Auxiliar Administración'  AND  TB_NivelAccesoOpcionesMenu.idOpcionMenu = 40  
27/05/2017 08:43:36 |  UPDATE TB_NivelAccesoOpcionesMenu SET TB_NivelAccesoOpcionesMenu.flAcceso  = -1   WHERE TB_NivelAccesoOpcionesMenu.tpNivelAcceso = 'Auxiliar Administración'  AND  TB_NivelAccesoOpcionesMenu.idOpcionMenu = 68  
27/05/2017 08:43:36 |  UPDATE TB_NivelAccesoOpcionesMenu SET TB_NivelAccesoOpcionesMenu.flAcceso  = -1   WHERE TB_NivelAccesoOpcionesMenu.tpNivelAcceso = 'Auxiliar Administración'  AND  TB_NivelAccesoOpcionesMenu.idOpcionMenu = 41  
27/05/2017 08:43:36 |  UPDATE TB_NivelAccesoOpcionesMenu SET TB_NivelAccesoOpcionesMenu.flAcceso  = -1   WHERE TB_NivelAccesoOpcionesMenu.tpNivelAcceso = 'Auxiliar Administración'  AND  TB_NivelAccesoOpcionesMenu.idOpcionMenu = 44  
27/05/2017 08:43:36 |  UPDATE TB_NivelAccesoOpcionesMenu SET TB_NivelAccesoOpcionesMenu.flAcceso  = -1   WHERE TB_NivelAccesoOpcionesMenu.tpNivelAcceso = 'Auxiliar Administración'  AND  TB_NivelAccesoOpcionesMenu.idOpcionMenu = 45  
27/05/2017 08:43:36 |  UPDATE TB_NivelAccesoOpcionesMenu SET TB_NivelAccesoOpcionesMenu.flAcceso  = -1   WHERE TB_NivelAccesoOpcionesMenu.tpNivelAcceso = 'Auxiliar Administración'  AND  TB_NivelAccesoOpcionesMenu.idOpcionMenu = 65  
27/05/2017 08:43:36 |  UPDATE TB_NivelAccesoOpcionesMenu SET TB_NivelAccesoOpcionesMenu.flAcceso  = -1   WHERE TB_NivelAccesoOpcionesMenu.tpNivelAcceso = 'Auxiliar Administración'  AND  TB_NivelAccesoOpcionesMenu.idOpcionMenu = 46  
27/05/2017 08:43:36 |  UPDATE TB_NivelAccesoOpcionesMenu SET TB_NivelAccesoOpcionesMenu.flAcceso  = -1   WHERE TB_NivelAccesoOpcionesMenu.tpNivelAcceso = 'Auxiliar Administración'  AND  TB_NivelAccesoOpcionesMenu.idOpcionMenu = 47  
27/05/2017 08:43:36 |  UPDATE TB_NivelAccesoOpcionesMenu SET TB_NivelAccesoOpcionesMenu.flAcceso  = -1   WHERE TB_NivelAccesoOpcionesMenu.tpNivelAcceso = 'Auxiliar Administración'  AND  TB_NivelAccesoOpcionesMenu.idOpcionMenu = 48  
27/05/2017 08:43:36 |  UPDATE TB_NivelAccesoOpcionesMenu SET TB_NivelAccesoOpcionesMenu.flAcceso  = 0   WHERE TB_NivelAccesoOpcionesMenu.tpNivelAcceso = 'Auxiliar Administración'  AND  TB_NivelAccesoOpcionesMenu.idOpcionMenu = 212  
27/05/2017 08:43:36 |  UPDATE TB_NivelAccesoOpcionesMenu SET TB_NivelAccesoOpcionesMenu.flAcceso  = 0   WHERE TB_NivelAccesoOpcionesMenu.tpNivelAcceso = 'Auxiliar Administración'  AND  TB_NivelAccesoOpcionesMenu.idOpcionMenu = 221  
27/05/2017 08:43:36 |  UPDATE TB_NivelAccesoOpcionesMenu SET TB_NivelAccesoOpcionesMenu.flAcceso  = 0   WHERE TB_NivelAccesoOpcionesMenu.tpNivelAcceso = 'Auxiliar Administración'  AND  TB_NivelAccesoOpcionesMenu.idOpcionMenu = 219  
27/05/2017 08:43:36 |  UPDATE TB_NivelAccesoOpcionesMenu SET TB_NivelAccesoOpcionesMenu.flAcceso  = 0   WHERE TB_NivelAccesoOpcionesMenu.tpNivelAcceso = 'Auxiliar Administración'  AND  TB_NivelAccesoOpcionesMenu.idOpcionMenu = 220  
27/05/2017 08:43:36 |  UPDATE TB_NivelAccesoOpcionesMenu SET TB_NivelAccesoOpcionesMenu.flAcceso  = -1   WHERE TB_NivelAccesoOpcionesMenu.tpNivelAcceso = 'Auxiliar Administración'  AND  TB_NivelAccesoOpcionesMenu.idOpcionMenu = 222  
27/05/2017 08:43:36 |  UPDATE TB_NivelAccesoOpcionesMenu SET TB_NivelAccesoOpcionesMenu.flAcceso  = -1   WHERE TB_NivelAccesoOpcionesMenu.tpNivelAcceso = 'Auxiliar Administración'  AND  TB_NivelAccesoOpcionesMenu.idOpcionMenu = 223  
27/05/2017 08:43:36 |  UPDATE TB_NivelAccesoOpcionesMenu SET TB_NivelAccesoOpcionesMenu.flAcceso  = -1   WHERE TB_NivelAccesoOpcionesMenu.tpNivelAcceso = 'Auxiliar Administración'  AND  TB_NivelAccesoOpcionesMenu.idOpcionMenu = 224  
27/05/2017 08:43:38 | Exec sco_AccesosOpcionesMenu @p_tpNivelAcceso = 'Parametrización' ,@p_operaconcaja = 1 
27/05/2017 08:43:46 |  SELECT TB_NivelAcceso.tpNivelAcceso  FROM TB_NivelAcceso  WHERE  tpNivelAcceso Like ('%%%') Order by TB_NivelAcceso.tpNivelAcceso ASC 
27/05/2017 08:43:48 |  SELECT TB_NivelAcceso.tpNivelAcceso  FROM TB_NivelAcceso  WHERE TB_NivelAcceso.tpNivelAcceso = 'Puestos'  
27/05/2017 08:43:48 | Exec sco_AccesosOpcionesMenu @p_tpNivelAcceso = 'Puestos' 
27/05/2017 08:43:50 |  SELECT TB_NivelAcceso.tpNivelAcceso  FROM TB_NivelAcceso  WHERE TB_NivelAcceso.tpNivelAcceso = 'Parametrización'  
27/05/2017 08:43:50 | Exec sco_AccesosOpcionesMenu @p_tpNivelAcceso = 'Parametrización' 
27/05/2017 08:43:54 |  UPDATE TB_NivelAcceso SET TB_NivelAcceso.tpNivelAcceso  = 'Parametrización'   WHERE TB_NivelAcceso.tpNivelAcceso = 'Parametrización'  
27/05/2017 08:43:54 |  UPDATE TB_NivelAccesoOpcionesMenu SET TB_NivelAccesoOpcionesMenu.flAcceso  = -1   WHERE TB_NivelAccesoOpcionesMenu.tpNivelAcceso = 'Parametrización'  AND  TB_NivelAccesoOpcionesMenu.idOpcionMenu = 1  
27/05/2017 08:43:54 |  UPDATE TB_NivelAccesoOpcionesMenu SET TB_NivelAccesoOpcionesMenu.flAcceso  = 0   WHERE TB_NivelAccesoOpcionesMenu.tpNivelAcceso = 'Parametrización'  AND  TB_NivelAccesoOpcionesMenu.idOpcionMenu = 2  
27/05/2017 08:43:54 |  UPDATE TB_NivelAccesoOpcionesMenu SET TB_NivelAccesoOpcionesMenu.flAcceso  = 0   WHERE TB_NivelAccesoOpcionesMenu.tpNivelAcceso = 'Parametrización'  AND  TB_NivelAccesoOpcionesMenu.idOpcionMenu = 3  
27/05/2017 08:43:54 |  UPDATE TB_NivelAccesoOpcionesMenu SET TB_NivelAccesoOpcionesMenu.flAcceso  = -1   WHERE TB_NivelAccesoOpcionesMenu.tpNivelAcceso = 'Parametrización'  AND  TB_NivelAccesoOpcionesMenu.idOpcionMenu = 4  
27/05/2017 08:43:54 |  UPDATE TB_NivelAccesoOpcionesMenu SET TB_NivelAccesoOpcionesMenu.flAcceso  = -1   WHERE TB_NivelAccesoOpcionesMenu.tpNivelAcceso = 'Parametrización'  AND  TB_NivelAccesoOpcionesMenu.idOpcionMenu = 5  
27/05/2017 08:43:54 |  UPDATE TB_NivelAccesoOpcionesMenu SET TB_NivelAccesoOpcionesMenu.flAcceso  = -1   WHERE TB_NivelAccesoOpcionesMenu.tpNivelAcceso = 'Parametrización'  AND  TB_NivelAccesoOpcionesMenu.idOpcionMenu = 49  
27/05/2017 08:43:54 |  UPDATE TB_NivelAccesoOpcionesMenu SET TB_NivelAccesoOpcionesMenu.flAcceso  = 0   WHERE TB_NivelAccesoOpcionesMenu.tpNivelAcceso = 'Parametrización'  AND  TB_NivelAccesoOpcionesMenu.idOpcionMenu = 6  
27/05/2017 08:43:54 |  UPDATE TB_NivelAccesoOpcionesMenu SET TB_NivelAccesoOpcionesMenu.flAcceso  = 0   WHERE TB_NivelAccesoOpcionesMenu.tpNivelAcceso = 'Parametrización'  AND  TB_NivelAccesoOpcionesMenu.idOpcionMenu = 7  
27/05/2017 08:43:54 |  UPDATE TB_NivelAccesoOpcionesMenu SET TB_NivelAccesoOpcionesMenu.flAcceso  = 0   WHERE TB_NivelAccesoOpcionesMenu.tpNivelAcceso = 'Parametrización'  AND  TB_NivelAccesoOpcionesMenu.idOpcionMenu = 60  
27/05/2017 08:43:54 |  UPDATE TB_NivelAccesoOpcionesMenu SET TB_NivelAccesoOpcionesMenu.flAcceso  = 0   WHERE TB_NivelAccesoOpcionesMenu.tpNivelAcceso = 'Parametrización'  AND  TB_NivelAccesoOpcionesMenu.idOpcionMenu = 62  
27/05/2017 08:43:54 |  UPDATE TB_NivelAccesoOpcionesMenu SET TB_NivelAccesoOpcionesMenu.flAcceso  = 0   WHERE TB_NivelAccesoOpcionesMenu.tpNivelAcceso = 'Parametrización'  AND  TB_NivelAccesoOpcionesMenu.idOpcionMenu = 63  
27/05/2017 08:43:54 |  UPDATE TB_NivelAccesoOpcionesMenu SET TB_NivelAccesoOpcionesMenu.flAcceso  = 0   WHERE TB_NivelAccesoOpcionesMenu.tpNivelAcceso = 'Parametrización'  AND  TB_NivelAccesoOpcionesMenu.idOpcionMenu = 61  
27/05/2017 08:43:54 |  UPDATE TB_NivelAccesoOpcionesMenu SET TB_NivelAccesoOpcionesMenu.flAcceso  = 0   WHERE TB_NivelAccesoOpcionesMenu.tpNivelAcceso = 'Parametrización'  AND  TB_NivelAccesoOpcionesMenu.idOpcionMenu = 64  
27/05/2017 08:43:54 |  UPDATE TB_NivelAccesoOpcionesMenu SET TB_NivelAccesoOpcionesMenu.flAcceso  = 0   WHERE TB_NivelAccesoOpcionesMenu.tpNivelAcceso = 'Parametrización'  AND  TB_NivelAccesoOpcionesMenu.idOpcionMenu = 8  
27/05/2017 08:43:54 |  UPDATE TB_NivelAccesoOpcionesMenu SET TB_NivelAccesoOpcionesMenu.flAcceso  = 0   WHERE TB_NivelAccesoOpcionesMenu.tpNivelAcceso = 'Parametrización'  AND  TB_NivelAccesoOpcionesMenu.idOpcionMenu = 9  
27/05/2017 08:43:54 |  UPDATE TB_NivelAccesoOpcionesMenu SET TB_NivelAccesoOpcionesMenu.flAcceso  = 0   WHERE TB_NivelAccesoOpcionesMenu.tpNivelAcceso = 'Parametrización'  AND  TB_NivelAccesoOpcionesMenu.idOpcionMenu = 200  
27/05/2017 08:43:54 |  UPDATE TB_NivelAccesoOpcionesMenu SET TB_NivelAccesoOpcionesMenu.flAcceso  = 0   WHERE TB_NivelAccesoOpcionesMenu.tpNivelAcceso = 'Parametrización'  AND  TB_NivelAccesoOpcionesMenu.idOpcionMenu = 201  
27/05/2017 08:43:54 |  UPDATE TB_NivelAccesoOpcionesMenu SET TB_NivelAccesoOpcionesMenu.flAcceso  = 0   WHERE TB_NivelAccesoOpcionesMenu.tpNivelAcceso = 'Parametrización'  AND  TB_NivelAccesoOpcionesMenu.idOpcionMenu = 10  
27/05/2017 08:43:54 |  UPDATE TB_NivelAccesoOpcionesMenu SET TB_NivelAccesoOpcionesMenu.flAcceso  = 0   WHERE TB_NivelAccesoOpcionesMenu.tpNivelAcceso = 'Parametrización'  AND  TB_NivelAccesoOpcionesMenu.idOpcionMenu = 11  
27/05/2017 08:43:54 |  UPDATE TB_NivelAccesoOpcionesMenu SET TB_NivelAccesoOpcionesMenu.flAcceso  = -1   WHERE TB_NivelAccesoOpcionesMenu.tpNivelAcceso = 'Parametrización'  AND  TB_NivelAccesoOpcionesMenu.idOpcionMenu = 12  
27/05/2017 08:43:54 |  UPDATE TB_NivelAccesoOpcionesMenu SET TB_NivelAccesoOpcionesMenu.flAcceso  = 0   WHERE TB_NivelAccesoOpcionesMenu.tpNivelAcceso = 'Parametrización'  AND  TB_NivelAccesoOpcionesMenu.idOpcionMenu = 13  
27/05/2017 08:43:54 |  UPDATE TB_NivelAccesoOpcionesMenu SET TB_NivelAccesoOpcionesMenu.flAcceso  = -1   WHERE TB_NivelAccesoOpcionesMenu.tpNivelAcceso = 'Parametrización'  AND  TB_NivelAccesoOpcionesMenu.idOpcionMenu = 14  
27/05/2017 08:43:54 |  UPDATE TB_NivelAccesoOpcionesMenu SET TB_NivelAccesoOpcionesMenu.flAcceso  = -1   WHERE TB_NivelAccesoOpcionesMenu.tpNivelAcceso = 'Parametrización'  AND  TB_NivelAccesoOpcionesMenu.idOpcionMenu = 15  
27/05/2017 08:43:54 |  UPDATE TB_NivelAccesoOpcionesMenu SET TB_NivelAccesoOpcionesMenu.flAcceso  = -1   WHERE TB_NivelAccesoOpcionesMenu.tpNivelAcceso = 'Parametrización'  AND  TB_NivelAccesoOpcionesMenu.idOpcionMenu = 16  
27/05/2017 08:43:54 |  UPDATE TB_NivelAccesoOpcionesMenu SET TB_NivelAccesoOpcionesMenu.flAcceso  = 0   WHERE TB_NivelAccesoOpcionesMenu.tpNivelAcceso = 'Parametrización'  AND  TB_NivelAccesoOpcionesMenu.idOpcionMenu = 17  
27/05/2017 08:43:54 |  UPDATE TB_NivelAccesoOpcionesMenu SET TB_NivelAccesoOpcionesMenu.flAcceso  = -1   WHERE TB_NivelAccesoOpcionesMenu.tpNivelAcceso = 'Parametrización'  AND  TB_NivelAccesoOpcionesMenu.idOpcionMenu = 50  
27/05/2017 08:43:54 |  UPDATE TB_NivelAccesoOpcionesMenu SET TB_NivelAccesoOpcionesMenu.flAcceso  = -1   WHERE TB_NivelAccesoOpcionesMenu.tpNivelAcceso = 'Parametrización'  AND  TB_NivelAccesoOpcionesMenu.idOpcionMenu = 18  
27/05/2017 08:43:54 |  UPDATE TB_NivelAccesoOpcionesMenu SET TB_NivelAccesoOpcionesMenu.flAcceso  = -1   WHERE TB_NivelAccesoOpcionesMenu.tpNivelAcceso = 'Parametrización'  AND  TB_NivelAccesoOpcionesMenu.idOpcionMenu = 19  
27/05/2017 08:43:54 |  UPDATE TB_NivelAccesoOpcionesMenu SET TB_NivelAccesoOpcionesMenu.flAcceso  = -1   WHERE TB_NivelAccesoOpcionesMenu.tpNivelAcceso = 'Parametrización'  AND  TB_NivelAccesoOpcionesMenu.idOpcionMenu = 21  
27/05/2017 08:43:54 |  UPDATE TB_NivelAccesoOpcionesMenu SET TB_NivelAccesoOpcionesMenu.flAcceso  = 0   WHERE TB_NivelAccesoOpcionesMenu.tpNivelAcceso = 'Parametrización'  AND  TB_NivelAccesoOpcionesMenu.idOpcionMenu = 217  
27/05/2017 08:43:54 |  UPDATE TB_NivelAccesoOpcionesMenu SET TB_NivelAccesoOpcionesMenu.flAcceso  = 0   WHERE TB_NivelAccesoOpcionesMenu.tpNivelAcceso = 'Parametrización'  AND  TB_NivelAccesoOpcionesMenu.idOpcionMenu = 218  
27/05/2017 08:43:54 |  UPDATE TB_NivelAccesoOpcionesMenu SET TB_NivelAccesoOpcionesMenu.flAcceso  = 0   WHERE TB_NivelAccesoOpcionesMenu.tpNivelAcceso = 'Parametrización'  AND  TB_NivelAccesoOpcionesMenu.idOpcionMenu = 23  
27/05/2017 08:43:54 |  UPDATE TB_NivelAccesoOpcionesMenu SET TB_NivelAccesoOpcionesMenu.flAcceso  = 0   WHERE TB_NivelAccesoOpcionesMenu.tpNivelAcceso = 'Parametrización'  AND  TB_NivelAccesoOpcionesMenu.idOpcionMenu = 24  
27/05/2017 08:43:54 |  UPDATE TB_NivelAccesoOpcionesMenu SET TB_NivelAccesoOpcionesMenu.flAcceso  = 0   WHERE TB_NivelAccesoOpcionesMenu.tpNivelAcceso = 'Parametrización'  AND  TB_NivelAccesoOpcionesMenu.idOpcionMenu = 25  
27/05/2017 08:43:54 |  UPDATE TB_NivelAccesoOpcionesMenu SET TB_NivelAccesoOpcionesMenu.flAcceso  = 0   WHERE TB_NivelAccesoOpcionesMenu.tpNivelAcceso = 'Parametrización'  AND  TB_NivelAccesoOpcionesMenu.idOpcionMenu = 26  
27/05/2017 08:43:54 |  UPDATE TB_NivelAccesoOpcionesMenu SET TB_NivelAccesoOpcionesMenu.flAcceso  = 0   WHERE TB_NivelAccesoOpcionesMenu.tpNivelAcceso = 'Parametrización'  AND  TB_NivelAccesoOpcionesMenu.idOpcionMenu = 27  
27/05/2017 08:43:54 |  UPDATE TB_NivelAccesoOpcionesMenu SET TB_NivelAccesoOpcionesMenu.flAcceso  = 0   WHERE TB_NivelAccesoOpcionesMenu.tpNivelAcceso = 'Parametrización'  AND  TB_NivelAccesoOpcionesMenu.idOpcionMenu = 29  
27/05/2017 08:43:54 |  UPDATE TB_NivelAccesoOpcionesMenu SET TB_NivelAccesoOpcionesMenu.flAcceso  = 0   WHERE TB_NivelAccesoOpcionesMenu.tpNivelAcceso = 'Parametrización'  AND  TB_NivelAccesoOpcionesMenu.idOpcionMenu = 30  
27/05/2017 08:43:54 |  UPDATE TB_NivelAccesoOpcionesMenu SET TB_NivelAccesoOpcionesMenu.flAcceso  = 0   WHERE TB_NivelAccesoOpcionesMenu.tpNivelAcceso = 'Parametrización'  AND  TB_NivelAccesoOpcionesMenu.idOpcionMenu = 35  
27/05/2017 08:43:54 |  UPDATE TB_NivelAccesoOpcionesMenu SET TB_NivelAccesoOpcionesMenu.flAcceso  = 0   WHERE TB_NivelAccesoOpcionesMenu.tpNivelAcceso = 'Parametrización'  AND  TB_NivelAccesoOpcionesMenu.idOpcionMenu = 37  
27/05/2017 08:43:54 |  UPDATE TB_NivelAccesoOpcionesMenu SET TB_NivelAccesoOpcionesMenu.flAcceso  = 0   WHERE TB_NivelAccesoOpcionesMenu.tpNivelAcceso = 'Parametrización'  AND  TB_NivelAccesoOpcionesMenu.idOpcionMenu = 40  
27/05/2017 08:43:54 |  UPDATE TB_NivelAccesoOpcionesMenu SET TB_NivelAccesoOpcionesMenu.flAcceso  = 0   WHERE TB_NivelAccesoOpcionesMenu.tpNivelAcceso = 'Parametrización'  AND  TB_NivelAccesoOpcionesMenu.idOpcionMenu = 68  
27/05/2017 08:43:54 |  UPDATE TB_NivelAccesoOpcionesMenu SET TB_NivelAccesoOpcionesMenu.flAcceso  = 0   WHERE TB_NivelAccesoOpcionesMenu.tpNivelAcceso = 'Parametrización'  AND  TB_NivelAccesoOpcionesMenu.idOpcionMenu = 41  
27/05/2017 08:43:54 |  UPDATE TB_NivelAccesoOpcionesMenu SET TB_NivelAccesoOpcionesMenu.flAcceso  = 0   WHERE TB_NivelAccesoOpcionesMenu.tpNivelAcceso = 'Parametrización'  AND  TB_NivelAccesoOpcionesMenu.idOpcionMenu = 44  
27/05/2017 08:43:54 |  UPDATE TB_NivelAccesoOpcionesMenu SET TB_NivelAccesoOpcionesMenu.flAcceso  = 0   WHERE TB_NivelAccesoOpcionesMenu.tpNivelAcceso = 'Parametrización'  AND  TB_NivelAccesoOpcionesMenu.idOpcionMenu = 45  
27/05/2017 08:43:54 |  UPDATE TB_NivelAccesoOpcionesMenu SET TB_NivelAccesoOpcionesMenu.flAcceso  = 0   WHERE TB_NivelAccesoOpcionesMenu.tpNivelAcceso = 'Parametrización'  AND  TB_NivelAccesoOpcionesMenu.idOpcionMenu = 65  
27/05/2017 08:43:54 |  UPDATE TB_NivelAccesoOpcionesMenu SET TB_NivelAccesoOpcionesMenu.flAcceso  = -1   WHERE TB_NivelAccesoOpcionesMenu.tpNivelAcceso = 'Parametrización'  AND  TB_NivelAccesoOpcionesMenu.idOpcionMenu = 46  
27/05/2017 08:43:54 |  UPDATE TB_NivelAccesoOpcionesMenu SET TB_NivelAccesoOpcionesMenu.flAcceso  = -1   WHERE TB_NivelAccesoOpcionesMenu.tpNivelAcceso = 'Parametrización'  AND  TB_NivelAccesoOpcionesMenu.idOpcionMenu = 47  
27/05/2017 08:43:54 |  UPDATE TB_NivelAccesoOpcionesMenu SET TB_NivelAccesoOpcionesMenu.flAcceso  = -1   WHERE TB_NivelAccesoOpcionesMenu.tpNivelAcceso = 'Parametrización'  AND  TB_NivelAccesoOpcionesMenu.idOpcionMenu = 48  
27/05/2017 08:43:54 |  UPDATE TB_NivelAccesoOpcionesMenu SET TB_NivelAccesoOpcionesMenu.flAcceso  = -1   WHERE TB_NivelAccesoOpcionesMenu.tpNivelAcceso = 'Parametrización'  AND  TB_NivelAccesoOpcionesMenu.idOpcionMenu = 212  
27/05/2017 08:43:54 |  UPDATE TB_NivelAccesoOpcionesMenu SET TB_NivelAccesoOpcionesMenu.flAcceso  = -1   WHERE TB_NivelAccesoOpcionesMenu.tpNivelAcceso = 'Parametrización'  AND  TB_NivelAccesoOpcionesMenu.idOpcionMenu = 221  
27/05/2017 08:43:54 |  UPDATE TB_NivelAccesoOpcionesMenu SET TB_NivelAccesoOpcionesMenu.flAcceso  = -1   WHERE TB_NivelAccesoOpcionesMenu.tpNivelAcceso = 'Parametrización'  AND  TB_NivelAccesoOpcionesMenu.idOpcionMenu = 219  
27/05/2017 08:43:54 |  UPDATE TB_NivelAccesoOpcionesMenu SET TB_NivelAccesoOpcionesMenu.flAcceso  = -1   WHERE TB_NivelAccesoOpcionesMenu.tpNivelAcceso = 'Parametrización'  AND  TB_NivelAccesoOpcionesMenu.idOpcionMenu = 220  
27/05/2017 08:43:54 |  UPDATE TB_NivelAccesoOpcionesMenu SET TB_NivelAccesoOpcionesMenu.flAcceso  = -1   WHERE TB_NivelAccesoOpcionesMenu.tpNivelAcceso = 'Parametrización'  AND  TB_NivelAccesoOpcionesMenu.idOpcionMenu = 222  
27/05/2017 08:43:54 |  UPDATE TB_NivelAccesoOpcionesMenu SET TB_NivelAccesoOpcionesMenu.flAcceso  = -1   WHERE TB_NivelAccesoOpcionesMenu.tpNivelAcceso = 'Parametrización'  AND  TB_NivelAccesoOpcionesMenu.idOpcionMenu = 223  
27/05/2017 08:43:54 |  UPDATE TB_NivelAccesoOpcionesMenu SET TB_NivelAccesoOpcionesMenu.flAcceso  = -1   WHERE TB_NivelAccesoOpcionesMenu.tpNivelAcceso = 'Parametrización'  AND  TB_NivelAccesoOpcionesMenu.idOpcionMenu = 224  
27/05/2017 08:43:57 | Exec sco_AccesosOpcionesMenu @p_tpNivelAcceso = 'Parametrización' ,@p_operaconcaja = 1 
27/05/2017 08:45:14 | Exec sco_DiccionariodeDatos @nmtabla_param='SP_ActualizarComprobante_v4_9_7'
27/05/2017 08:45:20 | Exec sco_AccesosOpcionesMenu @p_tpNivelAcceso = 'Parametrización' ,@p_operaconcaja = 1 
27/05/2017 08:53:01 | Exec  sco_TB_Productos_v4_1 
27/05/2017 08:53:01 | Exec sco_DiccionariodeDatos @nmtabla_param='TB_Usuarios'
27/05/2017 08:53:04 |  SELECT TB_Usuarios.dsUsuario ,TB_Usuarios.dspassword ,TB_Usuarios.tpAcceso ,TB_Usuarios.nmNombre ,TB_Usuarios.nmApellido ,TB_Usuarios.flBloqueado ,TB_Usuarios.tpNivelJerarquico  FROM TB_Usuarios  WHERE TB_Usuarios.dsUsuario = 'USRPARAM'  AND  TB_Usuarios.flEliminar = 0  
27/05/2017 08:53:04 |  SELECT TB_Usuarios.dsUsuario ,TB_Usuarios.dspassword ,TB_Usuarios.tpAcceso ,TB_Usuarios.nmNombre ,TB_Usuarios.nmApellido ,TB_Usuarios.flBloqueado ,TB_Usuarios.tpNivelJerarquico  FROM TB_Usuarios  WHERE TB_Usuarios.dsUsuario = 'USRPARAM'  AND  TB_Usuarios.flEliminar = 0  
27/05/2017 08:53:04 | Exec sco_DiccionariodeDatos @nmtabla_param='sp_obtenerCajasPendientesdeAprobacion_v2_5'
27/05/2017 08:53:04 | Exec sp_obtenerCajasPendientesdeAprobacion_v2_5 @pdsUsuario_param = 'USRPARAM' 
27/05/2017 08:53:04 | Exec sco_DiccionariodeDatos @nmtabla_param='TB_Parametros'
27/05/2017 08:53:04 |  SELECT TB_Parametros.vlParametro  FROM TB_Parametros  WHERE TB_Parametros.dsParametro = 'VALOR EURO'  
27/05/2017 08:53:04 |  SELECT TB_Parametros.vlParametro  FROM TB_Parametros  WHERE TB_Parametros.dsParametro = 'VALOR DOLAR'  
27/05/2017 08:53:04 | Exec SP_ValorPromoRetorno
27/05/2017 08:53:04 | Exec sco_DiccionariodeDatos @nmtabla_param='TB_Comisiones'
27/05/2017 08:53:04 |  SELECT TB_Comisiones.vlMontoMinimo  FROM TB_Comisiones  WHERE TB_Comisiones.tpComision = 'Retorno'  AND  TB_Comisiones.flEliminar = 0  
27/05/2017 08:53:04 |  SELECT TB_Parametros.vlParametro  FROM TB_Parametros  WHERE TB_Parametros.dsParametro = 'VALOR REAL'  
27/05/2017 08:53:04 | Exec sco_validarVencimientosCAI_v4_1
27/05/2017 08:53:05 | Exec sco_DiccionariodeDatos @nmtabla_param='sco_AccesosOpcionesMenu'
27/05/2017 08:53:05 | Exec sco_AccesosOpcionesMenu @p_tpNivelAcceso = 'Parametrización' ,@p_operaconcaja = 1 
27/05/2017 08:53:05 | Exec sco_AccesosOpcionesMenu @p_tpNivelAcceso = 'Parametrización' ,@p_operaconcaja = 1 
27/05/2017 08:53:08 | Exec sco_DiccionariodeDatos @nmtabla_param='SP_ActualizarComprobante_v4_9_7'
27/05/2017 08:57:31 | Exec SP_ActualizarComprobante_v4_9_7 @nrTalonario_param = '0006' ,@nrComprobante_param = '00005442' ,@tpComprobante_param = 'FA' ,@tpLetra_param = 'A' ,@nrTalonario_new_param = '0006' ,@nrComprobante_new_param = '00015442' ,@tpComprobante_new_param = 'FA' ,@tpLetra_new_param = 'A' ,@dtComprobante_new_param = '27/06/2017' ,@tpComprobante_new_param = 'FA' ,@solo_cambio_cabecera_comprobante = 'NO' 
27/05/2017 08:57:31 | Invalid procedure call or argument
27/05/2017 09:04:08 | Exec  sco_TB_Productos_v4_1 
27/05/2017 09:04:08 | Exec sco_DiccionariodeDatos @nmtabla_param='TB_Usuarios'
27/05/2017 09:04:12 |  SELECT TB_Usuarios.dsUsuario ,TB_Usuarios.dspassword ,TB_Usuarios.tpAcceso ,TB_Usuarios.nmNombre ,TB_Usuarios.nmApellido ,TB_Usuarios.flBloqueado ,TB_Usuarios.tpNivelJerarquico  FROM TB_Usuarios  WHERE TB_Usuarios.dsUsuario = 'USRPARAM'  AND  TB_Usuarios.flEliminar = 0  
27/05/2017 09:04:12 |  SELECT TB_Usuarios.dsUsuario ,TB_Usuarios.dspassword ,TB_Usuarios.tpAcceso ,TB_Usuarios.nmNombre ,TB_Usuarios.nmApellido ,TB_Usuarios.flBloqueado ,TB_Usuarios.tpNivelJerarquico  FROM TB_Usuarios  WHERE TB_Usuarios.dsUsuario = 'USRPARAM'  AND  TB_Usuarios.flEliminar = 0  
27/05/2017 09:04:12 | Exec sco_DiccionariodeDatos @nmtabla_param='sp_obtenerCajasPendientesdeAprobacion_v2_5'
27/05/2017 09:04:12 | Exec sp_obtenerCajasPendientesdeAprobacion_v2_5 @pdsUsuario_param = 'USRPARAM' 
27/05/2017 09:04:12 | Exec sco_DiccionariodeDatos @nmtabla_param='TB_Parametros'
27/05/2017 09:04:12 |  SELECT TB_Parametros.vlParametro  FROM TB_Parametros  WHERE TB_Parametros.dsParametro = 'VALOR EURO'  
27/05/2017 09:04:12 |  SELECT TB_Parametros.vlParametro  FROM TB_Parametros  WHERE TB_Parametros.dsParametro = 'VALOR DOLAR'  
27/05/2017 09:04:12 | Exec SP_ValorPromoRetorno
27/05/2017 09:04:12 | Exec sco_DiccionariodeDatos @nmtabla_param='TB_Comisiones'
27/05/2017 09:04:12 |  SELECT TB_Comisiones.vlMontoMinimo  FROM TB_Comisiones  WHERE TB_Comisiones.tpComision = 'Retorno'  AND  TB_Comisiones.flEliminar = 0  
27/05/2017 09:04:12 |  SELECT TB_Parametros.vlParametro  FROM TB_Parametros  WHERE TB_Parametros.dsParametro = 'VALOR REAL'  
27/05/2017 09:04:12 | Exec sco_validarVencimientosCAI_v4_1
27/05/2017 09:04:14 | Exec sco_DiccionariodeDatos @nmtabla_param='sco_AccesosOpcionesMenu'
27/05/2017 09:04:14 | Exec sco_AccesosOpcionesMenu @p_tpNivelAcceso = 'Parametrización' ,@p_operaconcaja = 1 
27/05/2017 09:04:14 | Exec sco_AccesosOpcionesMenu @p_tpNivelAcceso = 'Parametrización' ,@p_operaconcaja = 1 
27/05/2017 09:05:30 | Exec sco_DiccionariodeDatos @nmtabla_param='SP_ActualizarComprobante_v4_9_7'
27/05/2017 09:05:47 | Exec sco_AccesosOpcionesMenu @p_tpNivelAcceso = 'Parametrización' ,@p_operaconcaja = 1 
27/05/2017 09:06:46 | Exec  sco_TB_Productos_v4_1 
27/05/2017 09:06:46 | Exec sco_DiccionariodeDatos @nmtabla_param='TB_Usuarios'
27/05/2017 09:06:49 |  SELECT TB_Usuarios.dsUsuario ,TB_Usuarios.dspassword ,TB_Usuarios.tpAcceso ,TB_Usuarios.nmNombre ,TB_Usuarios.nmApellido ,TB_Usuarios.flBloqueado ,TB_Usuarios.tpNivelJerarquico  FROM TB_Usuarios  WHERE TB_Usuarios.dsUsuario = 'USRPARAM'  AND  TB_Usuarios.flEliminar = 0  
27/05/2017 09:06:49 |  SELECT TB_Usuarios.dsUsuario ,TB_Usuarios.dspassword ,TB_Usuarios.tpAcceso ,TB_Usuarios.nmNombre ,TB_Usuarios.nmApellido ,TB_Usuarios.flBloqueado ,TB_Usuarios.tpNivelJerarquico  FROM TB_Usuarios  WHERE TB_Usuarios.dsUsuario = 'USRPARAM'  AND  TB_Usuarios.flEliminar = 0  
27/05/2017 09:06:49 | Exec sco_DiccionariodeDatos @nmtabla_param='sp_obtenerCajasPendientesdeAprobacion_v2_5'
27/05/2017 09:06:49 | Exec sp_obtenerCajasPendientesdeAprobacion_v2_5 @pdsUsuario_param = 'USRPARAM' 
27/05/2017 09:06:49 | Exec sco_DiccionariodeDatos @nmtabla_param='TB_Parametros'
27/05/2017 09:06:49 |  SELECT TB_Parametros.vlParametro  FROM TB_Parametros  WHERE TB_Parametros.dsParametro = 'VALOR EURO'  
27/05/2017 09:06:49 |  SELECT TB_Parametros.vlParametro  FROM TB_Parametros  WHERE TB_Parametros.dsParametro = 'VALOR DOLAR'  
27/05/2017 09:06:49 | Exec SP_ValorPromoRetorno
27/05/2017 09:06:49 | Exec sco_DiccionariodeDatos @nmtabla_param='TB_Comisiones'
27/05/2017 09:06:49 |  SELECT TB_Comisiones.vlMontoMinimo  FROM TB_Comisiones  WHERE TB_Comisiones.tpComision = 'Retorno'  AND  TB_Comisiones.flEliminar = 0  
27/05/2017 09:06:49 |  SELECT TB_Parametros.vlParametro  FROM TB_Parametros  WHERE TB_Parametros.dsParametro = 'VALOR REAL'  
27/05/2017 09:06:49 | Exec sco_validarVencimientosCAI_v4_1
27/05/2017 09:06:51 | Exec sco_DiccionariodeDatos @nmtabla_param='sco_AccesosOpcionesMenu'
27/05/2017 09:06:51 | Exec sco_AccesosOpcionesMenu @p_tpNivelAcceso = 'Parametrización' ,@p_operaconcaja = 1 
27/05/2017 09:06:51 | Exec sco_AccesosOpcionesMenu @p_tpNivelAcceso = 'Parametrización' ,@p_operaconcaja = 1 
27/05/2017 09:06:53 | Exec sco_DiccionariodeDatos @nmtabla_param='SP_ActualizarComprobante_v4_9_7'
27/05/2017 09:08:12 | Exec SP_ActualizarComprobante_v4_9_7 @nrTalonario_param = '0006' ,@nrComprobante_param = '00005442' ,@tpComprobante_param = 'FA' ,@tpLetra_param = 'A' ,@nrTalonario_new_param = '0006' ,@nrComprobante_new_param = '00015442' ,@tpComprobante_new_param = 'FA' ,@tpLetra_new_param = 'A' ,@dtComprobante_new_param = '27/05/2017' ,@cdCondVenta_new_param = 'Retorno' ,@solo_cambio_cabecera_comprobante = 'NO' 
27/05/2017 09:15:36 | Exec sco_AccesosOpcionesMenu @p_tpNivelAcceso = 'Parametrización' ,@p_operaconcaja = 1 
27/05/2017 21:57:30 | Exec  sco_TB_Productos_v4_1 
27/05/2017 21:57:31 | Exec sco_DiccionariodeDatos @nmtabla_param='TB_Usuarios'
27/05/2017 21:57:33 |  SELECT TB_Usuarios.dsUsuario ,TB_Usuarios.dspassword ,TB_Usuarios.tpAcceso ,TB_Usuarios.nmNombre ,TB_Usuarios.nmApellido ,TB_Usuarios.flBloqueado ,TB_Usuarios.tpNivelJerarquico  FROM TB_Usuarios  WHERE TB_Usuarios.dsUsuario = 'USRPARAM'  AND  TB_Usuarios.flEliminar = 0  
27/05/2017 21:57:33 |  SELECT TB_Usuarios.dsUsuario ,TB_Usuarios.dspassword ,TB_Usuarios.tpAcceso ,TB_Usuarios.nmNombre ,TB_Usuarios.nmApellido ,TB_Usuarios.flBloqueado ,TB_Usuarios.tpNivelJerarquico  FROM TB_Usuarios  WHERE TB_Usuarios.dsUsuario = 'USRPARAM'  AND  TB_Usuarios.flEliminar = 0  
27/05/2017 21:57:34 | Exec sco_DiccionariodeDatos @nmtabla_param='sp_obtenerCajasPendientesdeAprobacion_v2_5'
27/05/2017 21:57:35 | Exec sp_obtenerCajasPendientesdeAprobacion_v2_5 @pdsUsuario_param = 'USRPARAM' 
27/05/2017 21:57:35 | Exec sco_DiccionariodeDatos @nmtabla_param='TB_Parametros'
27/05/2017 21:57:35 |  SELECT TB_Parametros.vlParametro  FROM TB_Parametros  WHERE TB_Parametros.dsParametro = 'VALOR EURO'  
27/05/2017 21:57:35 |  SELECT TB_Parametros.vlParametro  FROM TB_Parametros  WHERE TB_Parametros.dsParametro = 'VALOR DOLAR'  
27/05/2017 21:57:35 | Exec SP_ValorPromoRetorno
27/05/2017 21:57:35 | Exec sco_DiccionariodeDatos @nmtabla_param='TB_Comisiones'
27/05/2017 21:57:35 |  SELECT TB_Comisiones.vlMontoMinimo  FROM TB_Comisiones  WHERE TB_Comisiones.tpComision = 'Retorno'  AND  TB_Comisiones.flEliminar = 0  
27/05/2017 21:57:35 |  SELECT TB_Parametros.vlParametro  FROM TB_Parametros  WHERE TB_Parametros.dsParametro = 'VALOR REAL'  
27/05/2017 21:57:35 | Exec sco_validarVencimientosCAI_v4_1
27/05/2017 21:57:37 | Exec sco_DiccionariodeDatos @nmtabla_param='sco_AccesosOpcionesMenu'
27/05/2017 21:57:39 | Exec sco_AccesosOpcionesMenu @p_tpNivelAcceso = 'Parametrización' ,@p_operaconcaja = 1 
27/05/2017 21:57:39 | Exec sco_AccesosOpcionesMenu @p_tpNivelAcceso = 'Parametrización' ,@p_operaconcaja = 1 
27/05/2017 21:57:42 | Exec sco_DiccionariodeDatos @nmtabla_param='SP_ActualizarComprobante_v4_9_7'
27/05/2017 22:02:22 | ODBC driver does not support the requested properties.
27/05/2017 22:05:05 | Exec  sco_TB_Productos_v4_1 
27/05/2017 22:05:06 | Exec sco_DiccionariodeDatos @nmtabla_param='TB_Usuarios'
27/05/2017 22:05:12 |  SELECT TB_Usuarios.dsUsuario ,TB_Usuarios.dspassword ,TB_Usuarios.tpAcceso ,TB_Usuarios.nmNombre ,TB_Usuarios.nmApellido ,TB_Usuarios.flBloqueado ,TB_Usuarios.tpNivelJerarquico  FROM TB_Usuarios  WHERE TB_Usuarios.dsUsuario = 'USRPARAM'  AND  TB_Usuarios.flEliminar = 0  
27/05/2017 22:05:12 |  SELECT TB_Usuarios.dsUsuario ,TB_Usuarios.dspassword ,TB_Usuarios.tpAcceso ,TB_Usuarios.nmNombre ,TB_Usuarios.nmApellido ,TB_Usuarios.flBloqueado ,TB_Usuarios.tpNivelJerarquico  FROM TB_Usuarios  WHERE TB_Usuarios.dsUsuario = 'USRPARAM'  AND  TB_Usuarios.flEliminar = 0  
27/05/2017 22:05:12 | Exec sco_DiccionariodeDatos @nmtabla_param='sp_obtenerCajasPendientesdeAprobacion_v2_5'
27/05/2017 22:05:14 | Exec sp_obtenerCajasPendientesdeAprobacion_v2_5 @pdsUsuario_param = 'USRPARAM' 
27/05/2017 22:05:14 | Exec sco_DiccionariodeDatos @nmtabla_param='TB_Parametros'
27/05/2017 22:05:14 |  SELECT TB_Parametros.vlParametro  FROM TB_Parametros  WHERE TB_Parametros.dsParametro = 'VALOR EURO'  
27/05/2017 22:05:14 |  SELECT TB_Parametros.vlParametro  FROM TB_Parametros  WHERE TB_Parametros.dsParametro = 'VALOR DOLAR'  
27/05/2017 22:05:14 | Exec SP_ValorPromoRetorno
27/05/2017 22:05:14 | Exec sco_DiccionariodeDatos @nmtabla_param='TB_Comisiones'
27/05/2017 22:05:14 |  SELECT TB_Comisiones.vlMontoMinimo  FROM TB_Comisiones  WHERE TB_Comisiones.tpComision = 'Retorno'  AND  TB_Comisiones.flEliminar = 0  
27/05/2017 22:05:14 |  SELECT TB_Parametros.vlParametro  FROM TB_Parametros  WHERE TB_Parametros.dsParametro = 'VALOR REAL'  
27/05/2017 22:05:15 | Exec sco_validarVencimientosCAI_v4_1
27/05/2017 22:05:16 | Exec sco_DiccionariodeDatos @nmtabla_param='sco_AccesosOpcionesMenu'
27/05/2017 22:05:18 | Exec sco_AccesosOpcionesMenu @p_tpNivelAcceso = 'Parametrización' ,@p_operaconcaja = 1 
27/05/2017 22:05:20 | Exec sco_AccesosOpcionesMenu @p_tpNivelAcceso = 'Parametrización' ,@p_operaconcaja = 1 
27/05/2017 22:05:24 | Exec sco_DiccionariodeDatos @nmtabla_param='SP_ActualizarComprobante_v4_9_7'
27/05/2017 22:14:56 | Exec SP_ActualizarComprobante_v4_9_7 @nrTalonario_param = '0006' ,@nrComprobante_param = '15442' ,@tpComprobante_param = 'FA' ,@tpLetra_param = 'A' ,@nrTalonario_new_param = '0006' ,@nrComprobante_new_param = '00015442' ,@tpComprobante_new_param = 'FA' ,@tpLetra_new_param = 'A' ,@dtComprobante_new_param = '27/05/2017' ,@cdCondVenta_new_param = 'Contado' ,@solo_cambio_cabecera_comprobante = 'NO' 
27/05/2017 22:15:03 | Invalid procedure call or argument
27/05/2017 22:17:18 | Exec SP_ActualizarComprobante_v4_9_7 @nrTalonario_param = '0006' ,@nrComprobante_param = '15442' ,@tpComprobante_param = 'FA' ,@tpLetra_param = 'A' ,@nrTalonario_new_param = '0006' ,@nrComprobante_new_param = '00015442' ,@tpComprobante_new_param = 'FA' ,@tpLetra_new_param = 'A' ,@dtComprobante_new_param = '27/05/2017' ,@cdCondVenta_new_param = 'Contado' ,@solo_cambio_cabecera_comprobante = 'NO' 
27/05/2017 22:18:00 | Exec SP_ActualizarComprobante_v4_9_7 @nrTalonario_param = '0006' ,@nrComprobante_param = '15442' ,@tpComprobante_param = 'FA' ,@tpLetra_param = 'A' ,@nrTalonario_new_param = '0006' ,@nrComprobante_new_param = '00015442' ,@tpComprobante_new_param = 'FA' ,@tpLetra_new_param = 'A' ,@dtComprobante_new_param = '27/05/2017' ,@cdCondVenta_new_param = 'Contado' ,@solo_cambio_cabecera_comprobante = 'NO' 
27/05/2017 22:20:11 | Exec  sco_TB_Productos_v4_1 
27/05/2017 22:20:11 | Exec sco_DiccionariodeDatos @nmtabla_param='TB_Usuarios'
27/05/2017 22:20:14 |  SELECT TB_Usuarios.dsUsuario ,TB_Usuarios.dspassword ,TB_Usuarios.tpAcceso ,TB_Usuarios.nmNombre ,TB_Usuarios.nmApellido ,TB_Usuarios.flBloqueado ,TB_Usuarios.tpNivelJerarquico  FROM TB_Usuarios  WHERE TB_Usuarios.dsUsuario = 'USRPARAM'  AND  TB_Usuarios.flEliminar = 0  
27/05/2017 22:20:14 |  SELECT TB_Usuarios.dsUsuario ,TB_Usuarios.dspassword ,TB_Usuarios.tpAcceso ,TB_Usuarios.nmNombre ,TB_Usuarios.nmApellido ,TB_Usuarios.flBloqueado ,TB_Usuarios.tpNivelJerarquico  FROM TB_Usuarios  WHERE TB_Usuarios.dsUsuario = 'USRPARAM'  AND  TB_Usuarios.flEliminar = 0  
27/05/2017 22:20:14 | Exec sco_DiccionariodeDatos @nmtabla_param='sp_obtenerCajasPendientesdeAprobacion_v2_5'
27/05/2017 22:20:22 | Exec sp_obtenerCajasPendientesdeAprobacion_v2_5 @pdsUsuario_param = 'USRPARAM' 
27/05/2017 22:20:22 | Exec sco_DiccionariodeDatos @nmtabla_param='TB_Parametros'
27/05/2017 22:20:22 |  SELECT TB_Parametros.vlParametro  FROM TB_Parametros  WHERE TB_Parametros.dsParametro = 'VALOR EURO'  
27/05/2017 22:20:22 |  SELECT TB_Parametros.vlParametro  FROM TB_Parametros  WHERE TB_Parametros.dsParametro = 'VALOR DOLAR'  
27/05/2017 22:20:22 | Exec SP_ValorPromoRetorno
27/05/2017 22:20:22 | Exec sco_DiccionariodeDatos @nmtabla_param='TB_Comisiones'
27/05/2017 22:20:22 |  SELECT TB_Comisiones.vlMontoMinimo  FROM TB_Comisiones  WHERE TB_Comisiones.tpComision = 'Retorno'  AND  TB_Comisiones.flEliminar = 0  
27/05/2017 22:20:22 |  SELECT TB_Parametros.vlParametro  FROM TB_Parametros  WHERE TB_Parametros.dsParametro = 'VALOR REAL'  
27/05/2017 22:20:22 | Exec sco_validarVencimientosCAI_v4_1
27/05/2017 22:20:23 | Exec sco_DiccionariodeDatos @nmtabla_param='sco_AccesosOpcionesMenu'
27/05/2017 22:20:23 | Exec sco_AccesosOpcionesMenu @p_tpNivelAcceso = 'Parametrización' ,@p_operaconcaja = 1 
27/05/2017 22:20:23 | Exec sco_AccesosOpcionesMenu @p_tpNivelAcceso = 'Parametrización' ,@p_operaconcaja = 1 
27/05/2017 22:20:26 | Exec sco_DiccionariodeDatos @nmtabla_param='SP_ActualizarComprobante_v4_9_7'
27/05/2017 22:21:01 | Exec SP_ActualizarComprobante_v4_9_7 @nrTalonario_param = '0006' ,@nrComprobante_param = '15442' ,@tpComprobante_param = 'FA' ,@tpLetra_param = 'A' ,@nrTalonario_new_param = '0006' ,@nrComprobante_new_param = '00015442' ,@tpComprobante_new_param = 'FA' ,@tpLetra_new_param = 'A' ,@dtComprobante_new_param = '27/05/2017' ,@cdCondVenta_new_param = null ,@solo_cambio_cabecera_comprobante = 'NO' 
27/05/2017 22:21:35 | Exec SP_ActualizarComprobante_v4_9_7 @nrTalonario_param = '0006' ,@nrComprobante_param = '00015442' ,@tpComprobante_param = 'FA' ,@tpLetra_param = 'A' ,@nrTalonario_new_param = '0006' ,@nrComprobante_new_param = '00015442' ,@tpComprobante_new_param = 'FA' ,@tpLetra_new_param = 'A' ,@dtComprobante_new_param = '27/05/2017' ,@cdCondVenta_new_param = null ,@solo_cambio_cabecera_comprobante = 'NO' 
27/05/2017 22:21:58 | Exec sco_AccesosOpcionesMenu @p_tpNivelAcceso = 'Parametrización' ,@p_operaconcaja = 1 
27/05/2017 22:22:03 | Exec sco_DiccionariodeDatos @nmtabla_param='TB_Productos'
27/05/2017 22:22:03 |  SELECT TB_Comisiones.cdComision ,TB_Comisiones.dsComision  FROM TB_Comisiones 
27/05/2017 22:22:05 |  SELECT TB_Productos.cdProducto ,TB_Productos.dsProducto ,TB_Productos.vlPrecioViaje ,TB_Productos.vlPrecioPeaje ,TB_Productos.ObsHoras ,TB_Productos.vlPrecioViajeSinPeaje ,TB_Productos.vlKilometros ,TB_Productos.flMuestraenlaWEB ,TB_Productos.flIncluyeComisionRetorno ,TB_Productos.tpDestino ,TB_Productos.cdComision ,TB_Productos.vlPrecioViaje ,TB_Productos.obsHoras  FROM TB_Productos  WHERE  dsProducto Like ('%%%') AND TB_Productos.flEliminar = 0   Order by TB_Productos.dsProducto ASC 
27/05/2017 22:22:28 |  SELECT TB_Productos.cdComision ,TB_Productos.tpDestino ,TB_Productos.flIncluyeComisionRetorno ,TB_Productos.flMuestraenlaWEB ,TB_Productos.vlPrecioxKilometro ,TB_Productos.vlKilometros ,TB_Productos.vlPrecioViaje ,TB_Productos.vlPrecioPeaje ,TB_Productos.cdOrden ,TB_Productos.vlPrecioViajeSinPeaje ,TB_Productos.flMuestra ,TB_Productos.tpOperacion ,TB_Productos.vlPorcentaje ,TB_Productos.ObsHoras ,TB_Productos.dsProducto ,TB_Productos.cdProducto  FROM TB_Productos  WHERE TB_Productos.cdProducto = 90373  AND  TB_Productos.flEliminar = 0  
27/05/2017 22:22:44 |  SELECT TB_Productos.cdComision ,TB_Productos.tpDestino ,TB_Productos.flIncluyeComisionRetorno ,TB_Productos.flMuestraenlaWEB ,TB_Productos.vlPrecioxKilometro ,TB_Productos.vlKilometros ,TB_Productos.vlPrecioViaje ,TB_Productos.vlPrecioPeaje ,TB_Productos.cdOrden ,TB_Productos.vlPrecioViajeSinPeaje ,TB_Productos.flMuestra ,TB_Productos.tpOperacion ,TB_Productos.vlPorcentaje ,TB_Productos.ObsHoras ,TB_Productos.dsProducto ,TB_Productos.cdProducto  FROM TB_Productos  WHERE TB_Productos.cdProducto = 90394  AND  TB_Productos.flEliminar = 0  
27/05/2017 22:23:18 | Exec sco_AccesosOpcionesMenu @p_tpNivelAcceso = 'Parametrización' ,@p_operaconcaja = 1 
27/05/2017 22:26:25 | Exec  sco_TB_Productos_v4_1 
27/05/2017 22:26:25 | Exec sco_DiccionariodeDatos @nmtabla_param='TB_Usuarios'
27/05/2017 22:26:28 |  SELECT TB_Usuarios.dsUsuario ,TB_Usuarios.dspassword ,TB_Usuarios.tpAcceso ,TB_Usuarios.nmNombre ,TB_Usuarios.nmApellido ,TB_Usuarios.flBloqueado ,TB_Usuarios.tpNivelJerarquico  FROM TB_Usuarios  WHERE TB_Usuarios.dsUsuario = 'USRPARAM'  AND  TB_Usuarios.flEliminar = 0  
27/05/2017 22:26:28 |  SELECT TB_Usuarios.dsUsuario ,TB_Usuarios.dspassword ,TB_Usuarios.tpAcceso ,TB_Usuarios.nmNombre ,TB_Usuarios.nmApellido ,TB_Usuarios.flBloqueado ,TB_Usuarios.tpNivelJerarquico  FROM TB_Usuarios  WHERE TB_Usuarios.dsUsuario = 'USRPARAM'  AND  TB_Usuarios.flEliminar = 0  
27/05/2017 22:26:28 | Exec sco_DiccionariodeDatos @nmtabla_param='sp_obtenerCajasPendientesdeAprobacion_v2_5'
27/05/2017 22:26:28 | Exec sp_obtenerCajasPendientesdeAprobacion_v2_5 @pdsUsuario_param = 'USRPARAM' 
27/05/2017 22:26:28 | Exec sco_DiccionariodeDatos @nmtabla_param='TB_Parametros'
27/05/2017 22:26:28 |  SELECT TB_Parametros.vlParametro  FROM TB_Parametros  WHERE TB_Parametros.dsParametro = 'VALOR EURO'  
27/05/2017 22:26:28 |  SELECT TB_Parametros.vlParametro  FROM TB_Parametros  WHERE TB_Parametros.dsParametro = 'VALOR DOLAR'  
27/05/2017 22:26:28 | Exec SP_ValorPromoRetorno
27/05/2017 22:26:28 | Exec sco_DiccionariodeDatos @nmtabla_param='TB_Comisiones'
27/05/2017 22:26:28 |  SELECT TB_Comisiones.vlMontoMinimo  FROM TB_Comisiones  WHERE TB_Comisiones.tpComision = 'Retorno'  AND  TB_Comisiones.flEliminar = 0  
27/05/2017 22:26:28 |  SELECT TB_Parametros.vlParametro  FROM TB_Parametros  WHERE TB_Parametros.dsParametro = 'VALOR REAL'  
27/05/2017 22:26:29 | Exec sco_validarVencimientosCAI_v4_1
27/05/2017 22:26:30 | Exec sco_DiccionariodeDatos @nmtabla_param='sco_AccesosOpcionesMenu'
27/05/2017 22:26:30 | Exec sco_AccesosOpcionesMenu @p_tpNivelAcceso = 'Parametrización' ,@p_operaconcaja = 1 
27/05/2017 22:26:30 | Exec sco_AccesosOpcionesMenu @p_tpNivelAcceso = 'Parametrización' ,@p_operaconcaja = 1 
27/05/2017 22:26:32 | Exec sco_DiccionariodeDatos @nmtabla_param='TB_Productos'
27/05/2017 22:26:32 |  SELECT TB_Comisiones.cdComision ,TB_Comisiones.dsComision  FROM TB_Comisiones 
27/05/2017 22:26:35 |  SELECT TB_Productos.cdProducto ,TB_Productos.dsProducto ,TB_Productos.vlPrecioViaje ,TB_Productos.vlPrecioPeaje ,TB_Productos.ObsHoras ,TB_Productos.vlPrecioViajeSinPeaje ,TB_Productos.vlKilometros ,TB_Productos.flMuestraenlaWEB ,TB_Productos.flIncluyeComisionRetorno ,TB_Productos.tpDestino ,TB_Productos.cdComision ,TB_Productos.vlPrecioViaje ,TB_Productos.obsHoras  FROM TB_Productos  WHERE  dsProducto Like ('%%%') AND TB_Productos.flEliminar = 0   Order by TB_Productos.dsProducto ASC 
27/05/2017 22:26:59 |  SELECT TB_Productos.cdComision ,TB_Productos.tpDestino ,TB_Productos.flIncluyeComisionRetorno ,TB_Productos.flMuestraenlaWEB ,TB_Productos.vlPrecioxKilometro ,TB_Productos.vlKilometros ,TB_Productos.vlPrecioViaje ,TB_Productos.vlPrecioPeaje ,TB_Productos.cdOrden ,TB_Productos.vlPrecioViajeSinPeaje ,TB_Productos.flMuestra ,TB_Productos.tpOperacion ,TB_Productos.vlPorcentaje ,TB_Productos.ObsHoras ,TB_Productos.dsProducto ,TB_Productos.cdProducto  FROM TB_Productos  WHERE TB_Productos.cdProducto = 90376  AND  TB_Productos.flEliminar = 0  
27/05/2017 22:27:22 | Exec sco_AccesosOpcionesMenu @p_tpNivelAcceso = 'Parametrización' ,@p_operaconcaja = 1 
27/05/2017 22:47:23 | Exec  sco_TB_Productos_v4_1 
27/05/2017 22:47:24 | Exec sco_DiccionariodeDatos @nmtabla_param='TB_Usuarios'
27/05/2017 22:47:28 |  SELECT TB_Usuarios.dsUsuario ,TB_Usuarios.dspassword ,TB_Usuarios.tpAcceso ,TB_Usuarios.nmNombre ,TB_Usuarios.nmApellido ,TB_Usuarios.flBloqueado ,TB_Usuarios.tpNivelJerarquico  FROM TB_Usuarios  WHERE TB_Usuarios.dsUsuario = 'USRPARAM'  AND  TB_Usuarios.flEliminar = 0  
27/05/2017 22:47:28 |  SELECT TB_Usuarios.dsUsuario ,TB_Usuarios.dspassword ,TB_Usuarios.tpAcceso ,TB_Usuarios.nmNombre ,TB_Usuarios.nmApellido ,TB_Usuarios.flBloqueado ,TB_Usuarios.tpNivelJerarquico  FROM TB_Usuarios  WHERE TB_Usuarios.dsUsuario = 'USRPARAM'  AND  TB_Usuarios.flEliminar = 0  
27/05/2017 22:47:28 | Exec sco_DiccionariodeDatos @nmtabla_param='sp_obtenerCajasPendientesdeAprobacion_v2_5'
27/05/2017 22:47:28 | Exec sp_obtenerCajasPendientesdeAprobacion_v2_5 @pdsUsuario_param = 'USRPARAM' 
27/05/2017 22:47:28 | Exec sco_DiccionariodeDatos @nmtabla_param='TB_Parametros'
27/05/2017 22:47:28 |  SELECT TB_Parametros.vlParametro  FROM TB_Parametros  WHERE TB_Parametros.dsParametro = 'VALOR EURO'  
27/05/2017 22:47:28 |  SELECT TB_Parametros.vlParametro  FROM TB_Parametros  WHERE TB_Parametros.dsParametro = 'VALOR DOLAR'  
27/05/2017 22:47:28 | Exec SP_ValorPromoRetorno
27/05/2017 22:47:28 | Exec sco_DiccionariodeDatos @nmtabla_param='TB_Comisiones'
27/05/2017 22:47:28 |  SELECT TB_Comisiones.vlMontoMinimo  FROM TB_Comisiones  WHERE TB_Comisiones.tpComision = 'Retorno'  AND  TB_Comisiones.flEliminar = 0  
27/05/2017 22:47:28 |  SELECT TB_Parametros.vlParametro  FROM TB_Parametros  WHERE TB_Parametros.dsParametro = 'VALOR REAL'  
27/05/2017 22:47:28 | Exec sco_validarVencimientosCAI_v4_1
27/05/2017 22:47:29 | Exec sco_DiccionariodeDatos @nmtabla_param='sco_AccesosOpcionesMenu'
27/05/2017 22:47:29 | Exec sco_AccesosOpcionesMenu @p_tpNivelAcceso = 'Parametrización' ,@p_operaconcaja = 1 
27/05/2017 22:47:29 | Exec sco_AccesosOpcionesMenu @p_tpNivelAcceso = 'Parametrización' ,@p_operaconcaja = 1 
27/05/2017 22:47:31 | Exec sco_DiccionariodeDatos @nmtabla_param='TB_Productos'
27/05/2017 22:47:31 |  SELECT TB_Comisiones.cdComision ,TB_Comisiones.dsComision  FROM TB_Comisiones 
27/05/2017 22:47:33 |  SELECT TB_Productos.cdProducto ,TB_Productos.dsProducto ,TB_Productos.vlPrecioViaje ,TB_Productos.vlPrecioPeaje ,TB_Productos.ObsHoras ,TB_Productos.vlPrecioViajeSinPeaje ,TB_Productos.vlKilometros ,TB_Productos.flMuestraenlaWEB ,TB_Productos.flIncluyeComisionRetorno ,TB_Productos.tpDestino ,TB_Productos.cdComision ,TB_Productos.vlPrecioViaje ,TB_Productos.obsHoras  FROM TB_Productos  WHERE  dsProducto Like ('%%%') AND TB_Productos.flEliminar = 0   Order by TB_Productos.dsProducto ASC 
27/05/2017 22:47:35 |  SELECT TB_Productos.cdComision ,TB_Productos.tpDestino ,TB_Productos.flIncluyeComisionRetorno ,TB_Productos.flMuestraenlaWEB ,TB_Productos.vlPrecioxKilometro ,TB_Productos.vlKilometros ,TB_Productos.vlPrecioViaje ,TB_Productos.vlPrecioPeaje ,TB_Productos.cdOrden ,TB_Productos.vlPrecioViajeSinPeaje ,TB_Productos.flMuestra ,TB_Productos.tpOperacion ,TB_Productos.vlPorcentaje ,TB_Productos.ObsHoras ,TB_Productos.dsProducto ,TB_Productos.cdProducto  FROM TB_Productos  WHERE TB_Productos.cdProducto = 90373  AND  TB_Productos.flEliminar = 0  
27/05/2017 22:47:39 | SET DATEFORMAT dmy
27/05/2017 22:47:39 | select getdate() AS FECHA
27/05/2017 22:47:39 |  UPDATE TB_Productos SET TB_Productos.cdProducto  = 90373 ,TB_Productos.vlPorcentaje  = null ,TB_Productos.dsProducto  = '3 HORA AUTO A DISPOSICION' ,TB_Productos.vlPrecioViaje  = 0.00 ,TB_Productos.vlPrecioViajeSinPeaje  = 0.00 ,TB_Productos.vlPrecioPeaje  = 0.00 ,TB_Productos.ObsHoras  = null ,TB_Productos.cdOrden  = '3' ,TB_Productos.vlKilometros  = null ,TB_Productos.vlPrecioxKilometro  = 0.00 ,TB_Productos.tpDestino  = null ,TB_Productos.flMuestra  = 1 ,TB_Productos.flMuestraenlaWEB  = 0 ,TB_Productos.flIncluyeComisionRetorno  = 0 ,TB_Productos.dtActualizacion  = '27/05/2017 10:47:40' ,TB_Productos.tpOperacion  = 'Viaje'   WHERE TB_Productos.cdProducto = 90373  
27/05/2017 22:47:52 |  SELECT TB_Productos.cdComision ,TB_Productos.tpDestino ,TB_Productos.flIncluyeComisionRetorno ,TB_Productos.flMuestraenlaWEB ,TB_Productos.vlPrecioxKilometro ,TB_Productos.vlKilometros ,TB_Productos.vlPrecioViaje ,TB_Productos.vlPrecioPeaje ,TB_Productos.cdOrden ,TB_Productos.vlPrecioViajeSinPeaje ,TB_Productos.flMuestra ,TB_Productos.tpOperacion ,TB_Productos.vlPorcentaje ,TB_Productos.ObsHoras ,TB_Productos.dsProducto ,TB_Productos.cdProducto  FROM TB_Productos  WHERE TB_Productos.cdProducto = 90373  AND  TB_Productos.flEliminar = 0  
27/05/2017 22:47:57 |  SELECT TB_Productos.cdComision ,TB_Productos.tpDestino ,TB_Productos.flIncluyeComisionRetorno ,TB_Productos.flMuestraenlaWEB ,TB_Productos.vlPrecioxKilometro ,TB_Productos.vlKilometros ,TB_Productos.vlPrecioViaje ,TB_Productos.vlPrecioPeaje ,TB_Productos.cdOrden ,TB_Productos.vlPrecioViajeSinPeaje ,TB_Productos.flMuestra ,TB_Productos.tpOperacion ,TB_Productos.vlPorcentaje ,TB_Productos.ObsHoras ,TB_Productos.dsProducto ,TB_Productos.cdProducto  FROM TB_Productos  WHERE TB_Productos.cdProducto = 367  AND  TB_Productos.flEliminar = 0  
27/05/2017 22:48:40 | Exec sco_AccesosOpcionesMenu @p_tpNivelAcceso = 'Parametrización' ,@p_operaconcaja = 1 
27/05/2017 22:51:05 | Exec  sco_TB_Productos_v4_1 
27/05/2017 22:51:06 | Exec sco_DiccionariodeDatos @nmtabla_param='TB_Usuarios'
27/05/2017 22:51:08 |  SELECT TB_Usuarios.dsUsuario ,TB_Usuarios.dspassword ,TB_Usuarios.tpAcceso ,TB_Usuarios.nmNombre ,TB_Usuarios.nmApellido ,TB_Usuarios.flBloqueado ,TB_Usuarios.tpNivelJerarquico  FROM TB_Usuarios  WHERE TB_Usuarios.dsUsuario = 'USRPARAM'  AND  TB_Usuarios.flEliminar = 0  
27/05/2017 22:51:08 |  SELECT TB_Usuarios.dsUsuario ,TB_Usuarios.dspassword ,TB_Usuarios.tpAcceso ,TB_Usuarios.nmNombre ,TB_Usuarios.nmApellido ,TB_Usuarios.flBloqueado ,TB_Usuarios.tpNivelJerarquico  FROM TB_Usuarios  WHERE TB_Usuarios.dsUsuario = 'USRPARAM'  AND  TB_Usuarios.flEliminar = 0  
27/05/2017 22:51:08 | Exec sco_DiccionariodeDatos @nmtabla_param='sp_obtenerCajasPendientesdeAprobacion_v2_5'
27/05/2017 22:51:08 | Exec sp_obtenerCajasPendientesdeAprobacion_v2_5 @pdsUsuario_param = 'USRPARAM' 
27/05/2017 22:51:08 | Exec sco_DiccionariodeDatos @nmtabla_param='TB_Parametros'
27/05/2017 22:51:08 |  SELECT TB_Parametros.vlParametro  FROM TB_Parametros  WHERE TB_Parametros.dsParametro = 'VALOR EURO'  
27/05/2017 22:51:09 |  SELECT TB_Parametros.vlParametro  FROM TB_Parametros  WHERE TB_Parametros.dsParametro = 'VALOR DOLAR'  
27/05/2017 22:51:09 | Exec SP_ValorPromoRetorno
27/05/2017 22:51:09 | Exec sco_DiccionariodeDatos @nmtabla_param='TB_Comisiones'
27/05/2017 22:51:09 |  SELECT TB_Comisiones.vlMontoMinimo  FROM TB_Comisiones  WHERE TB_Comisiones.tpComision = 'Retorno'  AND  TB_Comisiones.flEliminar = 0  
27/05/2017 22:51:09 |  SELECT TB_Parametros.vlParametro  FROM TB_Parametros  WHERE TB_Parametros.dsParametro = 'VALOR REAL'  
27/05/2017 22:51:09 | Exec sco_validarVencimientosCAI_v4_1
27/05/2017 22:51:10 | Exec sco_DiccionariodeDatos @nmtabla_param='sco_AccesosOpcionesMenu'
27/05/2017 22:51:10 | Exec sco_AccesosOpcionesMenu @p_tpNivelAcceso = 'Parametrización' ,@p_operaconcaja = 1 
27/05/2017 22:51:10 | Exec sco_AccesosOpcionesMenu @p_tpNivelAcceso = 'Parametrización' ,@p_operaconcaja = 1 
27/05/2017 22:51:12 | Exec sco_DiccionariodeDatos @nmtabla_param='TB_Productos'
27/05/2017 22:51:12 |  SELECT TB_Comisiones.cdComision ,TB_Comisiones.dsComision  FROM TB_Comisiones 
27/05/2017 22:51:14 |  SELECT TB_Productos.cdProducto ,TB_Productos.dsProducto ,TB_Productos.vlPrecioViaje ,TB_Productos.vlPrecioPeaje ,TB_Productos.ObsHoras ,TB_Productos.vlPrecioViajeSinPeaje ,TB_Productos.vlKilometros ,TB_Productos.flMuestraenlaWEB ,TB_Productos.flIncluyeComisionRetorno ,TB_Productos.tpDestino ,TB_Productos.cdComision ,TB_Productos.vlPrecioViaje ,TB_Productos.obsHoras  FROM TB_Productos  WHERE  dsProducto Like ('%%%') AND TB_Productos.flEliminar = 0   Order by TB_Productos.dsProducto ASC 
27/05/2017 22:51:20 |  SELECT TB_Productos.cdComision ,TB_Productos.tpDestino ,TB_Productos.flIncluyeComisionRetorno ,TB_Productos.flMuestraenlaWEB ,TB_Productos.vlPrecioxKilometro ,TB_Productos.vlKilometros ,TB_Productos.vlPrecioViaje ,TB_Productos.vlPrecioPeaje ,TB_Productos.cdOrden ,TB_Productos.vlPrecioViajeSinPeaje ,TB_Productos.flMuestra ,TB_Productos.tpOperacion ,TB_Productos.vlPorcentaje ,TB_Productos.ObsHoras ,TB_Productos.dsProducto ,TB_Productos.cdProducto  FROM TB_Productos  WHERE TB_Productos.cdProducto = 90373  AND  TB_Productos.flEliminar = 0  
27/05/2017 22:51:26 |  SELECT TB_Productos.cdComision ,TB_Productos.tpDestino ,TB_Productos.flIncluyeComisionRetorno ,TB_Productos.flMuestraenlaWEB ,TB_Productos.vlPrecioxKilometro ,TB_Productos.vlKilometros ,TB_Productos.vlPrecioViaje ,TB_Productos.vlPrecioPeaje ,TB_Productos.cdOrden ,TB_Productos.vlPrecioViajeSinPeaje ,TB_Productos.flMuestra ,TB_Productos.tpOperacion ,TB_Productos.vlPorcentaje ,TB_Productos.ObsHoras ,TB_Productos.dsProducto ,TB_Productos.cdProducto  FROM TB_Productos  WHERE TB_Productos.cdProducto = 90364  AND  TB_Productos.flEliminar = 0  
27/05/2017 22:51:26 |  SELECT tb_parametros.dsParametro ,tb_parametros.vlParametro ,tb_parametros.tpParametro ,tb_parametros.flEditable ,tb_parametros.nrTamanio ,tb_parametros.dtActualizacion  FROM tb_parametros  WHERE tb_parametros.dsParametro = 'KM_IVA'  
27/05/2017 22:51:26 | Exec sco_DiccionariodeDatos @nmtabla_param='SP_obtenerAlicuotaIVA'
27/05/2017 22:51:26 | Exec SP_obtenerAlicuotaIVA @tpCategoriaIVA_param = 'RI' 
27/05/2017 22:51:26 | Exec sco_DiccionariodeDatos @nmtabla_param='SP_CalcularIVA'
27/05/2017 22:51:26 | Exec SP_CalcularIVA @tpCategoriaIVA_param = 'RI' ,@vlMonto_param = 2800 ,@vlAlicuota_param = 21 ,@precio_menos_iva_param = 0 
27/05/2017 22:53:01 |  SELECT TB_Productos.cdComision ,TB_Productos.tpDestino ,TB_Productos.flIncluyeComisionRetorno ,TB_Productos.flMuestraenlaWEB ,TB_Productos.vlPrecioxKilometro ,TB_Productos.vlKilometros ,TB_Productos.vlPrecioViaje ,TB_Productos.vlPrecioPeaje ,TB_Productos.cdOrden ,TB_Productos.vlPrecioViajeSinPeaje ,TB_Productos.flMuestra ,TB_Productos.tpOperacion ,TB_Productos.vlPorcentaje ,TB_Productos.ObsHoras ,TB_Productos.dsProducto ,TB_Productos.cdProducto  FROM TB_Productos  WHERE TB_Productos.cdProducto = 90373  AND  TB_Productos.flEliminar = 0  
27/05/2017 22:53:13 |  SELECT TB_Productos.cdComision ,TB_Productos.tpDestino ,TB_Productos.flIncluyeComisionRetorno ,TB_Productos.flMuestraenlaWEB ,TB_Productos.vlPrecioxKilometro ,TB_Productos.vlKilometros ,TB_Productos.vlPrecioViaje ,TB_Productos.vlPrecioPeaje ,TB_Productos.cdOrden ,TB_Productos.vlPrecioViajeSinPeaje ,TB_Productos.flMuestra ,TB_Productos.tpOperacion ,TB_Productos.vlPorcentaje ,TB_Productos.ObsHoras ,TB_Productos.dsProducto ,TB_Productos.cdProducto  FROM TB_Productos  WHERE TB_Productos.cdProducto = 90291  AND  TB_Productos.flEliminar = 0  
27/05/2017 22:53:13 |  SELECT tb_parametros.dsParametro ,tb_parametros.vlParametro ,tb_parametros.tpParametro ,tb_parametros.flEditable ,tb_parametros.nrTamanio ,tb_parametros.dtActualizacion  FROM tb_parametros  WHERE tb_parametros.dsParametro = 'KM_IVA'  
27/05/2017 22:53:13 | Exec SP_obtenerAlicuotaIVA @tpCategoriaIVA_param = 'RI' 
27/05/2017 22:53:13 | Exec SP_CalcularIVA @tpCategoriaIVA_param = 'RI' ,@vlMonto_param = 2010 ,@vlAlicuota_param = 21 ,@precio_menos_iva_param = 0 
27/05/2017 22:53:28 |  SELECT TB_Productos.cdComision ,TB_Productos.tpDestino ,TB_Productos.flIncluyeComisionRetorno ,TB_Productos.flMuestraenlaWEB ,TB_Productos.vlPrecioxKilometro ,TB_Productos.vlKilometros ,TB_Productos.vlPrecioViaje ,TB_Productos.vlPrecioPeaje ,TB_Productos.cdOrden ,TB_Productos.vlPrecioViajeSinPeaje ,TB_Productos.flMuestra ,TB_Productos.tpOperacion ,TB_Productos.vlPorcentaje ,TB_Productos.ObsHoras ,TB_Productos.dsProducto ,TB_Productos.cdProducto  FROM TB_Productos  WHERE TB_Productos.cdProducto = 90093  AND  TB_Productos.flEliminar = 0  
27/05/2017 22:59:17 | SET DATEFORMAT dmy
27/05/2017 22:59:17 | select getdate() AS FECHA
27/05/2017 22:59:17 |  UPDATE TB_Productos SET TB_Productos.cdProducto  = 90093 ,TB_Productos.vlPorcentaje  = null ,TB_Productos.dsProducto  = 'CITY BELL - LA PLATA' ,TB_Productos.vlPrecioViaje  = 830.00 ,TB_Productos.vlPrecioViajeSinPeaje  = 830.00 ,TB_Productos.vlPrecioPeaje  = 0.00 ,TB_Productos.ObsHoras  = null ,TB_Productos.cdOrden  = 'C' ,TB_Productos.vlKilometros  = 0 ,TB_Productos.vlPrecioxKilometro  = 0.00 ,TB_Productos.tpDestino  = null ,TB_Productos.flMuestra  = 1 ,TB_Productos.flMuestraenlaWEB  = 0 ,TB_Productos.flIncluyeComisionRetorno  = 0 ,TB_Productos.dtActualizacion  = '27/05/2017 10:59:17' ,TB_Productos.tpOperacion  = 'Viaje'   WHERE TB_Productos.cdProducto = 90093  
27/05/2017 22:59:25 |  SELECT TB_Productos.cdComision ,TB_Productos.tpDestino ,TB_Productos.flIncluyeComisionRetorno ,TB_Productos.flMuestraenlaWEB ,TB_Productos.vlPrecioxKilometro ,TB_Productos.vlKilometros ,TB_Productos.vlPrecioViaje ,TB_Productos.vlPrecioPeaje ,TB_Productos.cdOrden ,TB_Productos.vlPrecioViajeSinPeaje ,TB_Productos.flMuestra ,TB_Productos.tpOperacion ,TB_Productos.vlPorcentaje ,TB_Productos.ObsHoras ,TB_Productos.dsProducto ,TB_Productos.cdProducto  FROM TB_Productos  WHERE TB_Productos.cdProducto = 90093  AND  TB_Productos.flEliminar = 0  
27/05/2017 22:59:37 |  SELECT TB_Productos.cdProducto ,TB_Productos.dsProducto ,TB_Productos.vlPrecioViaje ,TB_Productos.vlPrecioPeaje ,TB_Productos.ObsHoras ,TB_Productos.vlPrecioViajeSinPeaje ,TB_Productos.vlKilometros ,TB_Productos.flMuestraenlaWEB ,TB_Productos.flIncluyeComisionRetorno ,TB_Productos.tpDestino ,TB_Productos.cdComision ,TB_Productos.vlPrecioViaje ,TB_Productos.obsHoras  FROM TB_Productos  WHERE  dsProducto Like ('%%%') AND TB_Productos.flEliminar = 0   Order by TB_Productos.dsProducto ASC 
27/05/2017 23:02:38 | Exec sco_AccesosOpcionesMenu @p_tpNivelAcceso = 'Parametrización' ,@p_operaconcaja = 1 
27/05/2017 23:02:39 | optPresentacionesCAIAFIP_Click - Inicializando Servicio SGLibrary.LoaderForms
27/05/2017 23:02:39 | optPresentacionesCAIAFIP_Click - Inicializando Servicio SGLibrary.LoaderForms OK 
27/05/2017 23:02:39 | optPresentacionesCAIAFIP_Click - Antes de  UsuarioActivo objUsuario.dsUsuario 
27/05/2017 23:02:39 | optPresentacionesCAIAFIP_Click- Antes de  CajaActiva objCajas.nrCaja 
27/05/2017 23:02:39 | optPresentacionesCAIAFIP_Click - Antes de  CajaActiva objCajas.nrCaja 
27/05/2017 23:02:52 |  SELECT TB_Comisiones.cdComision ,TB_Comisiones.dsComision  FROM TB_Comisiones 
27/05/2017 23:02:54 |  SELECT TB_Productos.cdProducto ,TB_Productos.dsProducto ,TB_Productos.vlPrecioViaje ,TB_Productos.vlPrecioPeaje ,TB_Productos.ObsHoras ,TB_Productos.vlPrecioViajeSinPeaje ,TB_Productos.vlKilometros ,TB_Productos.flMuestraenlaWEB ,TB_Productos.flIncluyeComisionRetorno ,TB_Productos.tpDestino ,TB_Productos.cdComision ,TB_Productos.vlPrecioViaje ,TB_Productos.obsHoras  FROM TB_Productos  WHERE  dsProducto Like ('%%%') AND TB_Productos.flEliminar = 0   Order by TB_Productos.dsProducto ASC 
27/05/2017 23:04:41 | Exec sco_AccesosOpcionesMenu @p_tpNivelAcceso = 'Parametrización' ,@p_operaconcaja = 1 
27/05/2017 23:04:43 | optPresentacionesCAIAFIP_Click - Inicializando Servicio SGLibrary.LoaderForms
27/05/2017 23:04:43 | optPresentacionesCAIAFIP_Click - Inicializando Servicio SGLibrary.LoaderForms OK 
27/05/2017 23:04:43 | optPresentacionesCAIAFIP_Click - Antes de  UsuarioActivo objUsuario.dsUsuario 
27/05/2017 23:04:43 | optPresentacionesCAIAFIP_Click- Antes de  CajaActiva objCajas.nrCaja 
27/05/2017 23:04:43 | optPresentacionesCAIAFIP_Click - Antes de  CajaActiva objCajas.nrCaja 
27/05/2017 23:05:46 |  SELECT TB_Comisiones.cdComision ,TB_Comisiones.dsComision  FROM TB_Comisiones 
27/05/2017 23:05:47 |  SELECT TB_Productos.cdProducto ,TB_Productos.dsProducto ,TB_Productos.vlPrecioViaje ,TB_Productos.vlPrecioPeaje ,TB_Productos.ObsHoras ,TB_Productos.vlPrecioViajeSinPeaje ,TB_Productos.vlKilometros ,TB_Productos.flMuestraenlaWEB ,TB_Productos.flIncluyeComisionRetorno ,TB_Productos.tpDestino ,TB_Productos.cdComision ,TB_Productos.vlPrecioViaje ,TB_Productos.obsHoras  FROM TB_Productos  WHERE  dsProducto Like ('%%%') AND TB_Productos.flEliminar = 0   Order by TB_Productos.dsProducto ASC 
27/05/2017 23:05:51 |  SELECT TB_Productos.cdProducto ,TB_Productos.dsProducto ,TB_Productos.vlPrecioViaje ,TB_Productos.vlPrecioPeaje ,TB_Productos.ObsHoras ,TB_Productos.vlPrecioViajeSinPeaje ,TB_Productos.vlKilometros ,TB_Productos.flMuestraenlaWEB ,TB_Productos.flIncluyeComisionRetorno ,TB_Productos.tpDestino ,TB_Productos.cdComision ,TB_Productos.vlPrecioViaje ,TB_Productos.obsHoras  FROM TB_Productos  WHERE  dsProducto Like ('%CITY%') AND TB_Productos.flEliminar = 0   Order by TB_Productos.dsProducto ASC 
27/05/2017 23:05:53 | Exec sco_AccesosOpcionesMenu @p_tpNivelAcceso = 'Parametrización' ,@p_operaconcaja = 1 
27/05/2017 23:12:10 | Exec  sco_TB_Productos_v4_1 
27/05/2017 23:12:11 | Exec sco_DiccionariodeDatos @nmtabla_param='TB_Usuarios'
27/05/2017 23:12:14 |  SELECT TB_Usuarios.dsUsuario ,TB_Usuarios.dspassword ,TB_Usuarios.tpAcceso ,TB_Usuarios.nmNombre ,TB_Usuarios.nmApellido ,TB_Usuarios.flBloqueado ,TB_Usuarios.tpNivelJerarquico  FROM TB_Usuarios  WHERE TB_Usuarios.dsUsuario = 'USRPARAM'  AND  TB_Usuarios.flEliminar = 0  
27/05/2017 23:12:14 |  SELECT TB_Usuarios.dsUsuario ,TB_Usuarios.dspassword ,TB_Usuarios.tpAcceso ,TB_Usuarios.nmNombre ,TB_Usuarios.nmApellido ,TB_Usuarios.flBloqueado ,TB_Usuarios.tpNivelJerarquico  FROM TB_Usuarios  WHERE TB_Usuarios.dsUsuario = 'USRPARAM'  AND  TB_Usuarios.flEliminar = 0  
27/05/2017 23:12:14 | Exec sco_DiccionariodeDatos @nmtabla_param='sp_obtenerCajasPendientesdeAprobacion_v2_5'
27/05/2017 23:12:14 | Exec sp_obtenerCajasPendientesdeAprobacion_v2_5 @pdsUsuario_param = 'USRPARAM' 
27/05/2017 23:12:14 | Exec sco_DiccionariodeDatos @nmtabla_param='TB_Parametros'
27/05/2017 23:12:14 |  SELECT TB_Parametros.vlParametro  FROM TB_Parametros  WHERE TB_Parametros.dsParametro = 'VALOR EURO'  
27/05/2017 23:12:14 |  SELECT TB_Parametros.vlParametro  FROM TB_Parametros  WHERE TB_Parametros.dsParametro = 'VALOR DOLAR'  
27/05/2017 23:12:14 | Exec SP_ValorPromoRetorno
27/05/2017 23:12:14 | Exec sco_DiccionariodeDatos @nmtabla_param='TB_Comisiones'
27/05/2017 23:12:14 |  SELECT TB_Comisiones.vlMontoMinimo  FROM TB_Comisiones  WHERE TB_Comisiones.tpComision = 'Retorno'  AND  TB_Comisiones.flEliminar = 0  
27/05/2017 23:12:14 |  SELECT TB_Parametros.vlParametro  FROM TB_Parametros  WHERE TB_Parametros.dsParametro = 'VALOR REAL'  
27/05/2017 23:12:14 | Exec sco_validarVencimientosCAI_v4_1
27/05/2017 23:12:15 | Exec sco_DiccionariodeDatos @nmtabla_param='sco_AccesosOpcionesMenu'
27/05/2017 23:12:16 | Exec sco_AccesosOpcionesMenu @p_tpNivelAcceso = 'Parametrización' ,@p_operaconcaja = 1 
27/05/2017 23:12:16 | Exec sco_AccesosOpcionesMenu @p_tpNivelAcceso = 'Parametrización' ,@p_operaconcaja = 1 
27/05/2017 23:12:18 | optPresentacionesCAIAFIP_Click - Inicializando Servicio SGLibrary.LoaderForms
27/05/2017 23:12:18 | optPresentacionesCAIAFIP_Click - Inicializando Servicio SGLibrary.LoaderForms OK 
27/05/2017 23:12:18 | optPresentacionesCAIAFIP_Click - Antes de  UsuarioActivo objUsuario.dsUsuario 
27/05/2017 23:12:18 | optPresentacionesCAIAFIP_Click- Antes de  CajaActiva objCajas.nrCaja 
27/05/2017 23:12:18 | optPresentacionesCAIAFIP_Click - Antes de  CajaActiva objCajas.nrCaja 
27/05/2017 23:19:29 | optPresentacionesCAIAFIP_Click - Inicializando Servicio SGLibrary.LoaderForms
27/05/2017 23:19:29 | optPresentacionesCAIAFIP_Click - Inicializando Servicio SGLibrary.LoaderForms OK 
27/05/2017 23:19:29 | optPresentacionesCAIAFIP_Click - Antes de  UsuarioActivo objUsuario.dsUsuario 
27/05/2017 23:19:29 | optPresentacionesCAIAFIP_Click- Antes de  CajaActiva objCajas.nrCaja 
27/05/2017 23:19:29 | optPresentacionesCAIAFIP_Click - Antes de  CajaActiva objCajas.nrCaja 
27/05/2017 23:26:24 | Exec  sco_TB_Productos_v4_1 
27/05/2017 23:26:24 | Exec sco_DiccionariodeDatos @nmtabla_param='TB_Usuarios'
27/05/2017 23:26:27 |  SELECT TB_Usuarios.dsUsuario ,TB_Usuarios.dspassword ,TB_Usuarios.tpAcceso ,TB_Usuarios.nmNombre ,TB_Usuarios.nmApellido ,TB_Usuarios.flBloqueado ,TB_Usuarios.tpNivelJerarquico  FROM TB_Usuarios  WHERE TB_Usuarios.dsUsuario = 'USRPARAM'  AND  TB_Usuarios.flEliminar = 0  
27/05/2017 23:26:27 |  SELECT TB_Usuarios.dsUsuario ,TB_Usuarios.dspassword ,TB_Usuarios.tpAcceso ,TB_Usuarios.nmNombre ,TB_Usuarios.nmApellido ,TB_Usuarios.flBloqueado ,TB_Usuarios.tpNivelJerarquico  FROM TB_Usuarios  WHERE TB_Usuarios.dsUsuario = 'USRPARAM'  AND  TB_Usuarios.flEliminar = 0  
27/05/2017 23:26:27 | Exec sco_DiccionariodeDatos @nmtabla_param='sp_obtenerCajasPendientesdeAprobacion_v2_5'
27/05/2017 23:26:27 | Exec sp_obtenerCajasPendientesdeAprobacion_v2_5 @pdsUsuario_param = 'USRPARAM' 
27/05/2017 23:26:27 | Exec sco_DiccionariodeDatos @nmtabla_param='TB_Parametros'
27/05/2017 23:26:27 |  SELECT TB_Parametros.vlParametro  FROM TB_Parametros  WHERE TB_Parametros.dsParametro = 'VALOR EURO'  
27/05/2017 23:26:27 |  SELECT TB_Parametros.vlParametro  FROM TB_Parametros  WHERE TB_Parametros.dsParametro = 'VALOR DOLAR'  
27/05/2017 23:26:27 | Exec SP_ValorPromoRetorno
27/05/2017 23:26:27 | Exec sco_DiccionariodeDatos @nmtabla_param='TB_Comisiones'
27/05/2017 23:26:27 |  SELECT TB_Comisiones.vlMontoMinimo  FROM TB_Comisiones  WHERE TB_Comisiones.tpComision = 'Retorno'  AND  TB_Comisiones.flEliminar = 0  
27/05/2017 23:26:27 |  SELECT TB_Parametros.vlParametro  FROM TB_Parametros  WHERE TB_Parametros.dsParametro = 'VALOR REAL'  
27/05/2017 23:26:27 | Exec sco_validarVencimientosCAI_v4_1
27/05/2017 23:26:29 | Exec sco_DiccionariodeDatos @nmtabla_param='sco_AccesosOpcionesMenu'
27/05/2017 23:26:29 | Exec sco_AccesosOpcionesMenu @p_tpNivelAcceso = 'Parametrización' ,@p_operaconcaja = 1 
27/05/2017 23:26:29 | Exec sco_AccesosOpcionesMenu @p_tpNivelAcceso = 'Parametrización' ,@p_operaconcaja = 1 
27/05/2017 23:26:30 | optPresentacionesCAIAFIP_Click - Inicializando Servicio SGLibrary.LoaderForms
27/05/2017 23:26:30 | optPresentacionesCAIAFIP_Click - Inicializando Servicio SGLibrary.LoaderForms OK 
27/05/2017 23:26:30 | optPresentacionesCAIAFIP_Click - Antes de  UsuarioActivo objUsuario.dsUsuario 
27/05/2017 23:26:30 | optPresentacionesCAIAFIP_Click- Antes de  CajaActiva objCajas.nrCaja 
27/05/2017 23:26:30 | optPresentacionesCAIAFIP_Click - Antes de  CajaActiva objCajas.nrCaja 
27/05/2017 23:27:04 | Exec sco_DiccionariodeDatos @nmtabla_param='TB_Productos'
27/05/2017 23:27:04 |  SELECT TB_Comisiones.cdComision ,TB_Comisiones.dsComision  FROM TB_Comisiones 
27/05/2017 23:27:06 |  SELECT TB_Productos.cdProducto ,TB_Productos.dsProducto ,TB_Productos.vlPrecioViaje ,TB_Productos.vlPrecioPeaje ,TB_Productos.ObsHoras ,TB_Productos.vlPrecioViajeSinPeaje ,TB_Productos.vlKilometros ,TB_Productos.flMuestraenlaWEB ,TB_Productos.flIncluyeComisionRetorno ,TB_Productos.tpDestino ,TB_Productos.cdComision ,TB_Productos.vlPrecioViaje ,TB_Productos.obsHoras  FROM TB_Productos  WHERE  dsProducto Like ('%%%') AND TB_Productos.flEliminar = 0   Order by TB_Productos.dsProducto ASC 
27/05/2017 23:27:10 |  SELECT TB_Productos.cdProducto ,TB_Productos.dsProducto ,TB_Productos.vlPrecioViaje ,TB_Productos.vlPrecioPeaje ,TB_Productos.ObsHoras ,TB_Productos.vlPrecioViajeSinPeaje ,TB_Productos.vlKilometros ,TB_Productos.flMuestraenlaWEB ,TB_Productos.flIncluyeComisionRetorno ,TB_Productos.tpDestino ,TB_Productos.cdComision ,TB_Productos.vlPrecioViaje ,TB_Productos.obsHoras  FROM TB_Productos  WHERE  dsProducto Like ('%CITY%') AND TB_Productos.flEliminar = 0   Order by TB_Productos.dsProducto ASC 
27/05/2017 23:27:13 |  SELECT TB_Productos.cdComision ,TB_Productos.tpDestino ,TB_Productos.flIncluyeComisionRetorno ,TB_Productos.flMuestraenlaWEB ,TB_Productos.vlPrecioxKilometro ,TB_Productos.vlKilometros ,TB_Productos.vlPrecioViaje ,TB_Productos.vlPrecioPeaje ,TB_Productos.cdOrden ,TB_Productos.vlPrecioViajeSinPeaje ,TB_Productos.flMuestra ,TB_Productos.tpOperacion ,TB_Productos.vlPorcentaje ,TB_Productos.ObsHoras ,TB_Productos.dsProducto ,TB_Productos.cdProducto  FROM TB_Productos  WHERE TB_Productos.cdProducto = 90093  AND  TB_Productos.flEliminar = 0  
27/05/2017 23:27:34 | Exec sco_AccesosOpcionesMenu @p_tpNivelAcceso = 'Parametrización' ,@p_operaconcaja = 1 
27/05/2017 23:27:36 | optPresentacionesCAIAFIP_Click - Inicializando Servicio SGLibrary.LoaderForms
27/05/2017 23:27:36 | optPresentacionesCAIAFIP_Click - Inicializando Servicio SGLibrary.LoaderForms OK 
27/05/2017 23:27:36 | optPresentacionesCAIAFIP_Click - Antes de  UsuarioActivo objUsuario.dsUsuario 
27/05/2017 23:27:36 | optPresentacionesCAIAFIP_Click- Antes de  CajaActiva objCajas.nrCaja 
27/05/2017 23:27:36 | optPresentacionesCAIAFIP_Click - Antes de  CajaActiva objCajas.nrCaja 
27/05/2017 23:41:04 | Exec  sco_TB_Productos_v4_1 
27/05/2017 23:41:05 | Exec sco_DiccionariodeDatos @nmtabla_param='TB_Usuarios'
27/05/2017 23:41:09 |  SELECT TB_Usuarios.dsUsuario ,TB_Usuarios.dspassword ,TB_Usuarios.tpAcceso ,TB_Usuarios.nmNombre ,TB_Usuarios.nmApellido ,TB_Usuarios.flBloqueado ,TB_Usuarios.tpNivelJerarquico  FROM TB_Usuarios  WHERE TB_Usuarios.dsUsuario = 'USRPARAM'  AND  TB_Usuarios.flEliminar = 0  
27/05/2017 23:41:09 |  SELECT TB_Usuarios.dsUsuario ,TB_Usuarios.dspassword ,TB_Usuarios.tpAcceso ,TB_Usuarios.nmNombre ,TB_Usuarios.nmApellido ,TB_Usuarios.flBloqueado ,TB_Usuarios.tpNivelJerarquico  FROM TB_Usuarios  WHERE TB_Usuarios.dsUsuario = 'USRPARAM'  AND  TB_Usuarios.flEliminar = 0  
27/05/2017 23:41:09 | Exec sco_DiccionariodeDatos @nmtabla_param='sp_obtenerCajasPendientesdeAprobacion_v2_5'
27/05/2017 23:41:09 | Exec sp_obtenerCajasPendientesdeAprobacion_v2_5 @pdsUsuario_param = 'USRPARAM' 
27/05/2017 23:41:09 | Exec sco_DiccionariodeDatos @nmtabla_param='TB_Parametros'
27/05/2017 23:41:09 |  SELECT TB_Parametros.vlParametro  FROM TB_Parametros  WHERE TB_Parametros.dsParametro = 'VALOR EURO'  
27/05/2017 23:41:09 |  SELECT TB_Parametros.vlParametro  FROM TB_Parametros  WHERE TB_Parametros.dsParametro = 'VALOR DOLAR'  
27/05/2017 23:41:09 | Exec SP_ValorPromoRetorno
27/05/2017 23:41:09 | Exec sco_DiccionariodeDatos @nmtabla_param='TB_Comisiones'
27/05/2017 23:41:10 |  SELECT TB_Comisiones.vlMontoMinimo  FROM TB_Comisiones  WHERE TB_Comisiones.tpComision = 'Retorno'  AND  TB_Comisiones.flEliminar = 0  
27/05/2017 23:41:10 |  SELECT TB_Parametros.vlParametro  FROM TB_Parametros  WHERE TB_Parametros.dsParametro = 'VALOR REAL'  
27/05/2017 23:41:10 | Exec sco_validarVencimientosCAI_v4_1
27/05/2017 23:41:11 | Exec sco_DiccionariodeDatos @nmtabla_param='sco_AccesosOpcionesMenu'
27/05/2017 23:41:11 | Exec sco_AccesosOpcionesMenu @p_tpNivelAcceso = 'Parametrización' ,@p_operaconcaja = 1 
27/05/2017 23:41:11 | Exec sco_AccesosOpcionesMenu @p_tpNivelAcceso = 'Parametrización' ,@p_operaconcaja = 1 
27/05/2017 23:41:14 | optPresentacionesCAIAFIP_Click - Inicializando Servicio SGLibrary.LoaderForms
27/05/2017 23:41:14 | optPresentacionesCAIAFIP_Click - Inicializando Servicio SGLibrary.LoaderForms OK 
27/05/2017 23:41:14 | optPresentacionesCAIAFIP_Click - Antes de  UsuarioActivo objUsuario.dsUsuario 
27/05/2017 23:41:14 | optPresentacionesCAIAFIP_Click- Antes de  CajaActiva objCajas.nrCaja 
27/05/2017 23:41:14 | optPresentacionesCAIAFIP_Click - Antes de  CajaActiva objCajas.nrCaja 
27/05/2017 23:41:25 | Exec sco_DiccionariodeDatos @nmtabla_param='TB_Productos'
27/05/2017 23:41:25 |  SELECT TB_Comisiones.cdComision ,TB_Comisiones.dsComision  FROM TB_Comisiones 
27/05/2017 23:41:27 |  SELECT TB_Productos.cdProducto ,TB_Productos.dsProducto ,TB_Productos.vlPrecioViaje ,TB_Productos.vlPrecioPeaje ,TB_Productos.ObsHoras ,TB_Productos.vlPrecioViajeSinPeaje ,TB_Productos.vlKilometros ,TB_Productos.flMuestraenlaWEB ,TB_Productos.flIncluyeComisionRetorno ,TB_Productos.tpDestino ,TB_Productos.cdComision ,TB_Productos.vlPrecioViaje ,TB_Productos.obsHoras  FROM TB_Productos  WHERE  dsProducto Like ('%%%') AND TB_Productos.flEliminar = 0   Order by TB_Productos.dsProducto ASC 
27/05/2017 23:41:32 |  SELECT TB_Productos.cdProducto ,TB_Productos.dsProducto ,TB_Productos.vlPrecioViaje ,TB_Productos.vlPrecioPeaje ,TB_Productos.ObsHoras ,TB_Productos.vlPrecioViajeSinPeaje ,TB_Productos.vlKilometros ,TB_Productos.flMuestraenlaWEB ,TB_Productos.flIncluyeComisionRetorno ,TB_Productos.tpDestino ,TB_Productos.cdComision ,TB_Productos.vlPrecioViaje ,TB_Productos.obsHoras  FROM TB_Productos  WHERE  dsProducto Like ('%CITY%') AND TB_Productos.flEliminar = 0   Order by TB_Productos.dsProducto ASC 
27/05/2017 23:41:34 |  SELECT TB_Productos.cdComision ,TB_Productos.tpDestino ,TB_Productos.flIncluyeComisionRetorno ,TB_Productos.flMuestraenlaWEB ,TB_Productos.vlPrecioxKilometro ,TB_Productos.vlKilometros ,TB_Productos.vlPrecioViaje ,TB_Productos.vlPrecioPeaje ,TB_Productos.cdOrden ,TB_Productos.vlPrecioViajeSinPeaje ,TB_Productos.flMuestra ,TB_Productos.tpOperacion ,TB_Productos.vlPorcentaje ,TB_Productos.ObsHoras ,TB_Productos.dsProducto ,TB_Productos.cdProducto  FROM TB_Productos  WHERE TB_Productos.cdProducto = 90093  AND  TB_Productos.flEliminar = 0  
27/05/2017 23:41:39 | Exec sco_AccesosOpcionesMenu @p_tpNivelAcceso = 'Parametrización' ,@p_operaconcaja = 1 
27/05/2017 23:44:14 | Exec  sco_TB_Productos_v4_1 
27/05/2017 23:44:14 | Exec sco_DiccionariodeDatos @nmtabla_param='TB_Usuarios'
27/05/2017 23:44:18 |  SELECT TB_Usuarios.dsUsuario ,TB_Usuarios.dspassword ,TB_Usuarios.tpAcceso ,TB_Usuarios.nmNombre ,TB_Usuarios.nmApellido ,TB_Usuarios.flBloqueado ,TB_Usuarios.tpNivelJerarquico  FROM TB_Usuarios  WHERE TB_Usuarios.dsUsuario = 'USRPARAM'  AND  TB_Usuarios.flEliminar = 0  
27/05/2017 23:44:18 |  SELECT TB_Usuarios.dsUsuario ,TB_Usuarios.dspassword ,TB_Usuarios.tpAcceso ,TB_Usuarios.nmNombre ,TB_Usuarios.nmApellido ,TB_Usuarios.flBloqueado ,TB_Usuarios.tpNivelJerarquico  FROM TB_Usuarios  WHERE TB_Usuarios.dsUsuario = 'USRPARAM'  AND  TB_Usuarios.flEliminar = 0  
27/05/2017 23:44:18 | Exec sco_DiccionariodeDatos @nmtabla_param='sp_obtenerCajasPendientesdeAprobacion_v2_5'
27/05/2017 23:44:18 | Exec sp_obtenerCajasPendientesdeAprobacion_v2_5 @pdsUsuario_param = 'USRPARAM' 
27/05/2017 23:44:18 | Exec sco_DiccionariodeDatos @nmtabla_param='TB_Parametros'
27/05/2017 23:44:18 |  SELECT TB_Parametros.vlParametro  FROM TB_Parametros  WHERE TB_Parametros.dsParametro = 'VALOR EURO'  
27/05/2017 23:44:18 |  SELECT TB_Parametros.vlParametro  FROM TB_Parametros  WHERE TB_Parametros.dsParametro = 'VALOR DOLAR'  
27/05/2017 23:44:18 | Exec SP_ValorPromoRetorno
27/05/2017 23:44:18 | Exec sco_DiccionariodeDatos @nmtabla_param='TB_Comisiones'
27/05/2017 23:44:18 |  SELECT TB_Comisiones.vlMontoMinimo  FROM TB_Comisiones  WHERE TB_Comisiones.tpComision = 'Retorno'  AND  TB_Comisiones.flEliminar = 0  
27/05/2017 23:44:18 |  SELECT TB_Parametros.vlParametro  FROM TB_Parametros  WHERE TB_Parametros.dsParametro = 'VALOR REAL'  
27/05/2017 23:44:18 | Exec sco_validarVencimientosCAI_v4_1
27/05/2017 23:44:19 | Exec sco_DiccionariodeDatos @nmtabla_param='sco_AccesosOpcionesMenu'
27/05/2017 23:44:19 | Exec sco_AccesosOpcionesMenu @p_tpNivelAcceso = 'Parametrización' ,@p_operaconcaja = 1 
27/05/2017 23:44:19 | Exec sco_AccesosOpcionesMenu @p_tpNivelAcceso = 'Parametrización' ,@p_operaconcaja = 1 
27/05/2017 23:44:20 | optPresentacionesCAIAFIP_Click - Inicializando Servicio SGLibrary.LoaderForms
27/05/2017 23:44:20 | optPresentacionesCAIAFIP_Click - Inicializando Servicio SGLibrary.LoaderForms OK 
27/05/2017 23:44:20 | optPresentacionesCAIAFIP_Click - Antes de  UsuarioActivo objUsuario.dsUsuario 
27/05/2017 23:44:20 | optPresentacionesCAIAFIP_Click- Antes de  CajaActiva objCajas.nrCaja 
27/05/2017 23:44:20 | optPresentacionesCAIAFIP_Click - Antes de  CajaActiva objCajas.nrCaja 
