01/03/2017 21:31:19 | Exec  sco_TB_Productos_v4_1 
01/03/2017 21:31:20 | Exec sco_DiccionariodeDatos @nmtabla_param='TB_Usuarios'
01/03/2017 21:31:23 |  SELECT TB_Usuarios.dsUsuario ,TB_Usuarios.dspassword ,TB_Usuarios.tpAcceso ,TB_Usuarios.nmNombre ,TB_Usuarios.nmApellido ,TB_Usuarios.flBloqueado ,TB_Usuarios.tpNivelJerarquico  FROM TB_Usuarios  WHERE TB_Usuarios.dsUsuario = 'BFAZZALARI'  AND  TB_Usuarios.flEliminar = 0  
01/03/2017 21:31:23 |  SELECT TB_Usuarios.dsUsuario ,TB_Usuarios.dspassword ,TB_Usuarios.tpAcceso ,TB_Usuarios.nmNombre ,TB_Usuarios.nmApellido ,TB_Usuarios.flBloqueado ,TB_Usuarios.tpNivelJerarquico  FROM TB_Usuarios  WHERE TB_Usuarios.dsUsuario = 'BFAZZALARI'  AND  TB_Usuarios.flEliminar = 0  
01/03/2017 21:31:23 | Exec sco_DiccionariodeDatos @nmtabla_param='sp_obtenerCajasPendientesdeAprobacion_v2_5'
01/03/2017 21:31:23 | Exec sp_obtenerCajasPendientesdeAprobacion_v2_5 @pdsUsuario_param = 'BFAZZALARI' 
01/03/2017 21:31:26 | Exec sp_obtenerCajasRechazadas_v2_9 
01/03/2017 21:31:26 | Exec sco_DiccionariodeDatos @nmtabla_param='TB_Parametros'
01/03/2017 21:31:26 |  SELECT TB_Parametros.vlParametro  FROM TB_Parametros  WHERE TB_Parametros.dsParametro = 'VALOR EURO'  
01/03/2017 21:31:26 |  SELECT TB_Parametros.vlParametro  FROM TB_Parametros  WHERE TB_Parametros.dsParametro = 'VALOR DOLAR'  
01/03/2017 21:31:26 | Exec SP_ValorPromoRetorno
01/03/2017 21:31:26 | Exec sco_DiccionariodeDatos @nmtabla_param='TB_Comisiones'
01/03/2017 21:31:26 |  SELECT TB_Comisiones.vlMontoMinimo  FROM TB_Comisiones  WHERE TB_Comisiones.tpComision = 'Retorno'  AND  TB_Comisiones.flEliminar = 0  
01/03/2017 21:31:26 |  SELECT TB_Parametros.vlParametro  FROM TB_Parametros  WHERE TB_Parametros.dsParametro = 'VALOR REAL'  
01/03/2017 21:31:26 | Exec sco_DiccionariodeDatos @nmtabla_param='TB_Cajas'
01/03/2017 21:31:26 |  SELECT TB_Cajas.nrCaja  FROM TB_Cajas  WHERE TB_Cajas.dsUsuario = 'BFAZZALARI'  and  TB_Cajas.flEstado = 0  and  TB_Cajas.tpEstadoAprobacion IS NULL  and  TB_Cajas.nrcaja > 0  
01/03/2017 21:31:28 | Exec sco_DiccionariodeDatos @nmtabla_param='sco_AccesosOpcionesMenu'
01/03/2017 21:31:28 | Exec sco_AccesosOpcionesMenu @p_tpNivelAcceso = 'Puestos' ,@p_operaconcaja = 1 
01/03/2017 21:31:28 | Exec sco_AccesosOpcionesMenu @p_tpNivelAcceso = 'Puestos' ,@p_operaconcaja = 1 
01/03/2017 21:31:34 | Exec sco_DiccionariodeDatos @nmtabla_param='sco_cajapuesto_v3_9'
01/03/2017 21:31:34 | Exec sco_cajapuesto_v3_9 @nrCaja_param = 1000010110 
01/03/2017 21:31:35 |  SELECT tb_parametros.dsParametro ,tb_parametros.vlParametro ,tb_parametros.tpParametro ,tb_parametros.flEditable ,tb_parametros.nrTamanio ,tb_parametros.dtActualizacion  FROM tb_parametros  WHERE tb_parametros.dsParametro = 'PORC_RECARGO_TD'  
01/03/2017 21:31:35 |  SELECT tb_parametros.dsParametro ,tb_parametros.vlParametro ,tb_parametros.tpParametro ,tb_parametros.flEditable ,tb_parametros.nrTamanio ,tb_parametros.dtActualizacion  FROM tb_parametros  WHERE tb_parametros.dsParametro = 'PORC_RECARGO_TC'  
01/03/2017 21:31:35 |  SELECT tb_parametros.dsParametro ,tb_parametros.vlParametro ,tb_parametros.tpParametro ,tb_parametros.flEditable ,tb_parametros.nrTamanio ,tb_parametros.dtActualizacion  FROM tb_parametros  WHERE tb_parametros.dsParametro = 'PORC_RECARGO_TP'  
01/03/2017 21:31:35 | Exec sco_DiccionariodeDatos @nmtabla_param='TB_Comprobantes'
01/03/2017 21:31:35 | Exec sco_DiccionariodeDatos @nmtabla_param='sp_obtenerComision_v4_7'
01/03/2017 21:31:35 | Exec sp_obtenerComision_v4_7 @tpComprobante_param = null ,@vlTotalGeneral_param = 0 ,@tpComision_param = null ,@tpCliente_param = null ,@dsCodigoDestinos_param = null 
01/03/2017 21:31:35 | Exec sp_obtenerComision_v4_7 @tpComprobante_param = null ,@vlTotalGeneral_param = 0 ,@tpComision_param = 'A Clientes' ,@tpCliente_param = 'A Clientes' ,@dsCodigoDestinos_param = null 
01/03/2017 21:31:35 | Exec sco_DiccionariodeDatos @nmtabla_param='spu_obtener_puntosdeventa_facturacion_v4_7'
01/03/2017 21:31:35 | Exec spu_obtener_puntosdeventa_facturacion_v4_7 @nrPuesto_param = 1 ,@tipo_iva = 'CF' ,@auto_impresor = 'S' ,@tpFormadePago = null ,@tpComprobante = 'FA' 
01/03/2017 21:31:35 | Exec sp_obtenerComision_v4_7 @tpComprobante_param = 'FA' ,@vlTotalGeneral_param = 0 ,@tpComision_param = 'A Clientes' ,@tpCliente_param = 'A Clientes' ,@dsCodigoDestinos_param = null 
01/03/2017 21:31:35 | Exec spu_obtener_puntosdeventa_facturacion_v4_7 @nrPuesto_param = 1 ,@tipo_iva = 'CF' ,@auto_impresor = 'S' ,@tpFormadePago = null ,@tpComprobante = 'FA' 
01/03/2017 21:31:35 | Exec spu_obtener_puntosdeventa_facturacion_v4_7 @nrPuesto_param = 1 ,@tipo_iva = 'CF' ,@auto_impresor = 'S' ,@tpFormadePago = null ,@tpComprobante = 'FA' 
01/03/2017 21:31:35 | Exec sp_obtenerComision_v4_7 @tpComprobante_param = 'FA' ,@vlTotalGeneral_param = 0 ,@tpComision_param = 'A Clientes' ,@tpCliente_param = 'A Clientes' ,@dsCodigoDestinos_param = null 
01/03/2017 21:31:35 | Exec sp_obtenerComision_v4_7 @tpComprobante_param = 'FA' ,@vlTotalGeneral_param = 0 ,@tpComision_param = 'A Clientes' ,@tpCliente_param = 'A Clientes' ,@dsCodigoDestinos_param = null 
01/03/2017 21:31:35 | Exec sp_obtenerComision_v4_7 @tpComprobante_param = 'FA' ,@vlTotalGeneral_param = 0 ,@tpComision_param = 'A Clientes' ,@tpCliente_param = 'A Clientes' ,@dsCodigoDestinos_param = null 
01/03/2017 21:31:35 | Exec sco_DiccionariodeDatos @nmtabla_param='TB_Productos'
01/03/2017 21:31:40 |  SELECT tb_parametros.dsParametro ,tb_parametros.vlParametro ,tb_parametros.tpParametro ,tb_parametros.flEditable ,tb_parametros.nrTamanio ,tb_parametros.dtActualizacion  FROM tb_parametros  WHERE tb_parametros.dsParametro = 'PORC_RECARGO_TD'  
01/03/2017 21:31:40 |  SELECT tb_parametros.dsParametro ,tb_parametros.vlParametro ,tb_parametros.tpParametro ,tb_parametros.flEditable ,tb_parametros.nrTamanio ,tb_parametros.dtActualizacion  FROM tb_parametros  WHERE tb_parametros.dsParametro = 'PORC_RECARGO_TC'  
01/03/2017 21:31:40 |  SELECT tb_parametros.dsParametro ,tb_parametros.vlParametro ,tb_parametros.tpParametro ,tb_parametros.flEditable ,tb_parametros.nrTamanio ,tb_parametros.dtActualizacion  FROM tb_parametros  WHERE tb_parametros.dsParametro = 'PORC_RECARGO_TP'  
01/03/2017 21:31:40 | Exec sco_DiccionariodeDatos @nmtabla_param='SP_Supera_KM_IVA_segunMonto_2_0'
01/03/2017 21:31:40 | Exec SP_Supera_KM_IVA_segunMonto_2_0 @tpCategoriaIVA_param = 'CF' ,@vlKilometros_param = 0 ,@vlMonto_param = 450 
01/03/2017 21:31:40 | Exec sp_obtenerComision_v4_7 @tpComprobante_param = 'FA' ,@vlTotalGeneral_param = 450 ,@tpComision_param = 'A Clientes' ,@tpCliente_param = 'A Clientes' ,@dsCodigoDestinos_param = '''Viaje'',null,450' 
01/03/2017 21:31:40 | Exec sp_obtenerComision_v4_7 @tpComprobante_param = 'FA' ,@vlTotalGeneral_param = 450 ,@tpComision_param = 'A Clientes' ,@tpCliente_param = 'A Clientes' ,@dsCodigoDestinos_param = '''Viaje'',null,450' 
01/03/2017 21:31:40 | Exec sp_obtenerComision_v4_7 @tpComprobante_param = 'FA' ,@vlTotalGeneral_param = 450 ,@tpComision_param = 'A Clientes' ,@tpCliente_param = 'A Clientes' ,@dsCodigoDestinos_param = '''Viaje'',null,450' 
01/03/2017 21:31:40 | Exec SP_Supera_KM_IVA_segunMonto_2_0 @tpCategoriaIVA_param = 'CF' ,@vlKilometros_param = 0 ,@vlMonto_param = 450 
01/03/2017 21:31:40 | Exec sp_obtenerComision_v4_7 @tpComprobante_param = 'FA' ,@vlTotalGeneral_param = 450 ,@tpComision_param = 'A Clientes' ,@tpCliente_param = 'A Clientes' ,@dsCodigoDestinos_param = '''Viaje'',null,450' 
01/03/2017 21:31:40 | Exec SP_Supera_KM_IVA_segunMonto_2_0 @tpCategoriaIVA_param = 'CF' ,@vlKilometros_param = 0 ,@vlMonto_param = 450 
01/03/2017 21:31:40 | Exec sp_obtenerComision_v4_7 @tpComprobante_param = 'FA' ,@vlTotalGeneral_param = 450 ,@tpComision_param = 'A Clientes' ,@tpCliente_param = 'A Clientes' ,@dsCodigoDestinos_param = '''Viaje'',null,450' 
01/03/2017 21:31:40 | Exec sp_obtenerComision_v4_7 @tpComprobante_param = 'FA' ,@vlTotalGeneral_param = 450 ,@tpComision_param = 'A Clientes' ,@tpCliente_param = 'A Clientes' ,@dsCodigoDestinos_param = '''Viaje'',null,450' 
01/03/2017 21:31:40 | Exec sp_obtenerComision_v4_7 @tpComprobante_param = 'FA' ,@vlTotalGeneral_param = 450 ,@tpComision_param = 'A Clientes' ,@tpCliente_param = 'A Clientes' ,@dsCodigoDestinos_param = '''Viaje'',null,450' 
01/03/2017 21:31:46 | Exec SP_Supera_KM_IVA_segunMonto_2_0 @tpCategoriaIVA_param = 'CF' ,@vlKilometros_param = 0 ,@vlMonto_param = 489 
01/03/2017 21:31:46 | Exec sp_obtenerComision_v4_7 @tpComprobante_param = 'FA' ,@vlTotalGeneral_param = 489 ,@tpComision_param = 'A Clientes' ,@tpCliente_param = 'A Clientes' ,@dsCodigoDestinos_param = '''Viaje'',null,450' 
01/03/2017 21:31:46 | Exec sp_obtenerComision_v4_7 @tpComprobante_param = 'FA' ,@vlTotalGeneral_param = 489 ,@tpComision_param = 'A Clientes' ,@tpCliente_param = 'A Clientes' ,@dsCodigoDestinos_param = '''Viaje'',null,450' 
01/03/2017 21:31:49 | Exec sco_DiccionariodeDatos @nmtabla_param='TB_Proveedores'
01/03/2017 21:31:49 |  SELECT TB_Proveedores.nmNombre ,TB_Proveedores.nmApellido  FROM TB_Proveedores  WHERE TB_Proveedores.tpCategoria = 'Licenciatario'  AND  TB_Proveedores.nrLicencia = 123  AND  TB_Proveedores.flEliminar = 0  
01/03/2017 21:31:52 |  SELECT tb_parametros.dsParametro ,tb_parametros.vlParametro ,tb_parametros.tpParametro ,tb_parametros.flEditable ,tb_parametros.nrTamanio ,tb_parametros.dtActualizacion  FROM tb_parametros  WHERE tb_parametros.dsParametro = 'CALCULA_IVA_LIC_990'  
01/03/2017 21:32:11 | Exec SP_Supera_KM_IVA_segunMonto_2_0 @tpCategoriaIVA_param = 'CF' ,@vlKilometros_param = 0 ,@vlMonto_param = 489 
01/03/2017 21:32:11 | Exec sp_obtenerComision_v4_7 @tpComprobante_param = 'FA' ,@vlTotalGeneral_param = 489 ,@tpComision_param = 'A Clientes' ,@tpCliente_param = 'A Clientes' ,@dsCodigoDestinos_param = '''Viaje'',null,450' 
01/03/2017 21:32:11 | Exec sp_obtenerComision_v4_7 @tpComprobante_param = 'FA' ,@vlTotalGeneral_param = 489 ,@tpComision_param = 'A Clientes' ,@tpCliente_param = 'A Clientes' ,@dsCodigoDestinos_param = '''Viaje'',null,450' 
01/03/2017 21:32:11 |  SELECT tb_parametros.dsParametro ,tb_parametros.vlParametro ,tb_parametros.tpParametro ,tb_parametros.flEditable ,tb_parametros.nrTamanio ,tb_parametros.dtActualizacion  FROM tb_parametros  WHERE tb_parametros.dsParametro = 'MONTO_EXIGE_CUIT_CUIL'  
01/03/2017 21:32:11 |  SELECT TB_Cajas.nrCaja  FROM TB_Cajas  WHERE TB_Cajas.nrCaja = 1000010110  AND  TB_Cajas.flEstado = 0  
01/03/2017 21:32:13 | Exec sco_DiccionariodeDatos @nmtabla_param='sp_eliminarFisicamenteunComprobanteEliminadoLogicamente_v2_5'
01/03/2017 21:32:13 | Exec sp_eliminarFisicamenteunComprobanteEliminadoLogicamente_v2_5 @nrTalonario_param = '0006' ,@nrComprobante_param = '00633595' ,@tpComprobante_param = 'FA' ,@tpLetra_param = 'B' 
01/03/2017 21:32:13 | Exec spu_obtener_puntosdeventa_facturacion_v4_7 @nrPuesto_param = 1 ,@tipo_iva = 'CF' ,@auto_impresor = 'S' ,@tpFormadePago = null ,@tpComprobante = 'FA' 
01/03/2017 21:32:13 |  INSERT TB_Comprobantes (nrComprobante ,nrTalonario ,vlPagoReales ,nrDoc ,tpLetra ,cdCliente ,dsRazonSocial ,vlTotalGeneral ,dsLeyenda ,vlPagoEuros ,nmEmpleado ,nrPuesto ,nrCaja ,nrLicencia ,nrBultos ,nrPasajeros ,tpComprobante ,vlPagoDolares ,vlPagoPesos ,nmLicenciatario ,dtComprobante ,dsEmail ,vlSubtotal ,vlIVA ,cdCondVenta ,tpComision ,tpIVA ,dsOpcional3 ,cdCodBar ,dtCaja ,dtInsercion ,dsOpcional1 ,nrCAI ,dtVencimiento ,vlDiaDolar ,vlDiaEuro ,vlDiaReal ,dsOpcional2 ,dsUsuario ,flSincronizado ,flManual ,nrTarjeta ,tpDocTarjeta ,nrDocTarjeta )  VALUES ('00633595' ,'0006' ,0.00 ,null ,'B' ,1 ,'Consumidor Final' ,489.00 ,null ,0.00 ,'BARBARA FAZZALARI' ,1 ,1000010110 ,123 ,null ,null ,'FA' ,0.00 ,0.00 ,'SUFFIA DIEGO ALEJANDRO' ,'01/03/2017' ,null ,489.00 ,0.00 ,'Todo Pago' ,'A Clientes' ,'CF' ,'307082499190100063506310668186316012019' ,'000600633595123' ,'01/03/2017 9:32:13' ,'01/03/2017 9:32:13' ,'21:32' ,'35063106681863' ,'16/01/2019' ,9.1 ,10 ,3.21 ,'CENTRO - CAPITAL FEDERAL CON PEAJES  (1 DESTINO) ' ,'BFAZZALARI' ,0 ,'N' ,null ,null ,null )
01/03/2017 21:32:13 | Exec sco_DiccionariodeDatos @nmtabla_param='DiccionariodeDatos'
01/03/2017 21:32:13 |  UPDATE DiccionariodeDatos SET DiccionariodeDatos.vlPuesto1  = '633595'   WHERE DiccionariodeDatos.nmTabla = 'TB_Comprobantes'  AND  DiccionariodeDatos.nmCampo = 'nrComprobante'  
01/03/2017 21:32:13 | Exec sco_DiccionariodeDatos @nmtabla_param='TB_ComprobantesDetalle'
01/03/2017 21:32:13 |  INSERT TB_ComprobantesDetalle (nrTalonario ,nrComprobante ,tpComprobante ,tpLetra ,nrItem ,cdProducto ,dsProducto ,tpOperacion ,vlPorcentaje ,vlPrecioPeaje ,vlKilometros ,vlPrecioViaje ,vlPrecioTC ,vlPrecioTD ,vlRecargoTC ,vlRecargoTD ,vlRecargoTP ,vlPrecioTP ,dtInsercion ,flSincronizado ,nrCaja ,nrPuesto )  VALUES ('0006' ,'00633595' ,'FA' ,'B' ,1 ,90001 ,'CENTRO - CAPITAL FEDERAL CON PEAJES  (1 DESTINO) ' ,'Viaje' ,0 ,0 ,null ,450 ,'489' ,'489' ,'39' ,'39' ,'39' ,'489' ,'01/03/2017' ,0 ,1000010110 ,1 )
01/03/2017 21:32:13 | Exec sp_obtenerComision_v4_7 @tpComprobante_param = 'FA' ,@vlTotalGeneral_param = 489 ,@tpComision_param = 'A Clientes' ,@tpCliente_param = 'A Clientes' ,@dsCodigoDestinos_param = '''Viaje'',null,450' 
01/03/2017 21:32:13 | Exec sco_DiccionariodeDatos @nmtabla_param='TB_Cupones'
01/03/2017 21:32:13 | Exec SP_ObtenerMaxnrCupon_v2_7 
01/03/2017 21:32:13 |  INSERT TB_Cupones (nrTalonarioCliente ,nrComprabanteCliente ,tpComprobanteCliente ,tpLetraCliente ,cdCliente ,nrPuesto ,nrLicencia ,nmLicenciatario ,vlMontoCupon ,vlPagoPesos ,vlPagoDolares ,vlPagoEuros ,vlPagoReales ,nrCantidadBultos ,tpCupon ,dsDestino ,dsHoraViaje ,dsLeyenda ,flCobradoalCliente ,flCompensado ,vlaFavordelLicenciatario ,vlafavorAdmin ,vlComision ,dtCajaCliente ,nrCajaCliente ,dtCupon ,dsUsuario ,nrPasajeros ,flSincronizado ,vlIVA ,vlSubtotal ,cdCodBar ,nrCupon ,nrTarjeta ,tpDocTarjeta ,nrDocTarjeta ,vlRecargoTarjeta )  VALUES ('0006' ,'00633595' ,'FA' ,'B' ,1 ,1 ,123 ,'SUFFIA DIEGO ALEJANDRO' ,489.00 ,0.00 ,0.00 ,0.00 ,0.00 ,null ,'Todo Pago' ,'CENTRO - CAPITAL FEDERAL CON PEAJES  (1 DESTINO) ' ,'21:32' ,null ,0 ,0 ,453 ,0 ,36 ,'01/03/2017 9:32:13' ,1000010110 ,'01/03/2017 9:32:13' ,'BFAZZALARI' ,null ,0 ,0.00 ,489.00 ,'000600633595123' ,103 ,null ,null ,null ,39 )
01/03/2017 21:32:13 |  UPDATE DiccionariodeDatos SET DiccionariodeDatos.vlPuesto1  = '103'   WHERE DiccionariodeDatos.nmTabla = 'TB_Cupones'  AND  DiccionariodeDatos.nmCampo = 'nrCupon'  
01/03/2017 21:32:13 | Exec sco_DiccionariodeDatos @nmtabla_param='spu_actualizar_puntosdeventa_facturacion_v4_7'
01/03/2017 21:32:13 | Exec spu_actualizar_puntosdeventa_facturacion_v4_7 @nrPuesto_param = 1 ,@tipo_iva = 'CF' ,@auto_impresor = 'S' ,@tpFormadePago = null ,@tpComprobante = 'FA' ,@nrComprobante = 633595 
01/03/2017 21:32:13 | Exec sco_DiccionariodeDatos @nmtabla_param='SP_PrepararReimpresiondeComprobante_v4_9'
01/03/2017 21:32:13 | Exec SP_PrepararReimpresiondeComprobante_v4_9 @nrTalonario = '0006' ,@nrComprobante = '00633595' ,@tpComprobante = 'FA' ,@tpLetra = 'B' ,@dsUsuario = 'BFAZZALARI' 
01/03/2017 21:32:20 | Exec sco_DiccionariodeDatos @nmtabla_param='SP_eliminarTablasImpresion_v4_7'
01/03/2017 21:32:20 | Exec SP_eliminarTablasImpresion_v4_7 @dsUsuario = 'BFAZZALARI' 
01/03/2017 21:32:23 |  UPDATE TB_Comprobantes SET TB_Comprobantes.nrTarjeta  = null ,TB_Comprobantes.tpDocTarjeta  = null ,TB_Comprobantes.nrDocTarjeta  = null ,TB_Comprobantes.nrCuponPosnet  = null ,TB_Comprobantes.vlRecargoTarjeta  = 39   WHERE TB_Comprobantes.tpLetra = 'B'  AND  TB_Comprobantes.tpComprobante = 'FA'  AND  TB_Comprobantes.nrTalonario = '0006'  AND  TB_Comprobantes.nrComprobante = '00633595'  
01/03/2017 21:32:23 |  UPDATE TB_Cupones SET TB_Cupones.nrTarjeta  = null ,TB_Cupones.tpDocTarjeta  = null ,TB_Cupones.nrDocTarjeta  = null ,TB_Cupones.nrCuponPosnet  = null   WHERE TB_Cupones.nrCupon = 103  
01/03/2017 21:32:23 | Exec sp_obtenerComision_v4_7 @tpComprobante_param = null ,@vlTotalGeneral_param = 0 ,@tpComision_param = 'A Clientes' ,@tpCliente_param = 'A Clientes' ,@dsCodigoDestinos_param = null 
01/03/2017 21:32:23 | Exec spu_obtener_puntosdeventa_facturacion_v4_7 @nrPuesto_param = 1 ,@tipo_iva = 'CF' ,@auto_impresor = 'S' ,@tpFormadePago = null ,@tpComprobante = 'FA' 
01/03/2017 21:32:23 | Exec spu_obtener_puntosdeventa_facturacion_v4_7 @nrPuesto_param = 1 ,@tipo_iva = 'CF' ,@auto_impresor = 'S' ,@tpFormadePago = null ,@tpComprobante = 'FA' 
01/03/2017 21:32:23 | Exec sp_obtenerComision_v4_7 @tpComprobante_param = 'FA' ,@vlTotalGeneral_param = 0 ,@tpComision_param = 'A Clientes' ,@tpCliente_param = 'A Clientes' ,@dsCodigoDestinos_param = null 
01/03/2017 21:32:23 | Exec sp_obtenerComision_v4_7 @tpComprobante_param = 'FA' ,@vlTotalGeneral_param = 0 ,@tpComision_param = 'A Clientes' ,@tpCliente_param = 'A Clientes' ,@dsCodigoDestinos_param = null 
01/03/2017 21:32:23 | Exec sp_obtenerComision_v4_7 @tpComprobante_param = 'FA' ,@vlTotalGeneral_param = 0 ,@tpComision_param = 'A Clientes' ,@tpCliente_param = 'A Clientes' ,@dsCodigoDestinos_param = null 
01/03/2017 21:33:01 | Exec  sco_TB_Productos_v4_1 
01/03/2017 21:33:01 | Exec sco_DiccionariodeDatos @nmtabla_param='TB_Usuarios'
01/03/2017 21:36:10 | Exec  sco_TB_Productos_v4_1 
01/03/2017 21:36:10 | Exec sco_DiccionariodeDatos @nmtabla_param='TB_Usuarios'
01/03/2017 21:36:14 |  SELECT TB_Usuarios.dsUsuario ,TB_Usuarios.dspassword ,TB_Usuarios.tpAcceso ,TB_Usuarios.nmNombre ,TB_Usuarios.nmApellido ,TB_Usuarios.flBloqueado ,TB_Usuarios.tpNivelJerarquico  FROM TB_Usuarios  WHERE TB_Usuarios.dsUsuario = 'BFAZZALARI'  AND  TB_Usuarios.flEliminar = 0  
01/03/2017 21:36:14 |  SELECT TB_Usuarios.dsUsuario ,TB_Usuarios.dspassword ,TB_Usuarios.tpAcceso ,TB_Usuarios.nmNombre ,TB_Usuarios.nmApellido ,TB_Usuarios.flBloqueado ,TB_Usuarios.tpNivelJerarquico  FROM TB_Usuarios  WHERE TB_Usuarios.dsUsuario = 'BFAZZALARI'  AND  TB_Usuarios.flEliminar = 0  
01/03/2017 21:36:14 | Exec sco_DiccionariodeDatos @nmtabla_param='sp_obtenerCajasPendientesdeAprobacion_v2_5'
01/03/2017 21:36:14 | Exec sp_obtenerCajasPendientesdeAprobacion_v2_5 @pdsUsuario_param = 'BFAZZALARI' 
01/03/2017 21:36:15 | Exec sp_obtenerCajasRechazadas_v2_9 
01/03/2017 21:36:15 | Exec sco_DiccionariodeDatos @nmtabla_param='TB_Parametros'
01/03/2017 21:36:15 |  SELECT TB_Parametros.vlParametro  FROM TB_Parametros  WHERE TB_Parametros.dsParametro = 'VALOR EURO'  
01/03/2017 21:36:15 |  SELECT TB_Parametros.vlParametro  FROM TB_Parametros  WHERE TB_Parametros.dsParametro = 'VALOR DOLAR'  
01/03/2017 21:36:15 | Exec SP_ValorPromoRetorno
01/03/2017 21:36:15 | Exec sco_DiccionariodeDatos @nmtabla_param='TB_Comisiones'
01/03/2017 21:36:15 |  SELECT TB_Comisiones.vlMontoMinimo  FROM TB_Comisiones  WHERE TB_Comisiones.tpComision = 'Retorno'  AND  TB_Comisiones.flEliminar = 0  
01/03/2017 21:36:15 |  SELECT TB_Parametros.vlParametro  FROM TB_Parametros  WHERE TB_Parametros.dsParametro = 'VALOR REAL'  
01/03/2017 21:36:15 | Exec sco_DiccionariodeDatos @nmtabla_param='TB_Cajas'
01/03/2017 21:36:15 |  SELECT TB_Cajas.nrCaja  FROM TB_Cajas  WHERE TB_Cajas.dsUsuario = 'BFAZZALARI'  and  TB_Cajas.flEstado = 0  and  TB_Cajas.tpEstadoAprobacion IS NULL  and  TB_Cajas.nrcaja > 0  
01/03/2017 21:36:17 | Exec sco_DiccionariodeDatos @nmtabla_param='sco_AccesosOpcionesMenu'
01/03/2017 21:36:17 | Exec sco_AccesosOpcionesMenu @p_tpNivelAcceso = 'Puestos' ,@p_operaconcaja = 1 
01/03/2017 21:36:18 | Exec sco_AccesosOpcionesMenu @p_tpNivelAcceso = 'Puestos' ,@p_operaconcaja = 1 
01/03/2017 21:36:19 | Exec sco_DiccionariodeDatos @nmtabla_param='sco_cajapuesto_v3_9'
01/03/2017 21:36:19 | Exec sco_cajapuesto_v3_9 @nrCaja_param = 1000010110 
01/03/2017 21:36:19 |  SELECT tb_parametros.dsParametro ,tb_parametros.vlParametro ,tb_parametros.tpParametro ,tb_parametros.flEditable ,tb_parametros.nrTamanio ,tb_parametros.dtActualizacion  FROM tb_parametros  WHERE tb_parametros.dsParametro = 'PORC_RECARGO_TD'  
01/03/2017 21:36:19 |  SELECT tb_parametros.dsParametro ,tb_parametros.vlParametro ,tb_parametros.tpParametro ,tb_parametros.flEditable ,tb_parametros.nrTamanio ,tb_parametros.dtActualizacion  FROM tb_parametros  WHERE tb_parametros.dsParametro = 'PORC_RECARGO_TC'  
01/03/2017 21:36:19 |  SELECT tb_parametros.dsParametro ,tb_parametros.vlParametro ,tb_parametros.tpParametro ,tb_parametros.flEditable ,tb_parametros.nrTamanio ,tb_parametros.dtActualizacion  FROM tb_parametros  WHERE tb_parametros.dsParametro = 'PORC_RECARGO_TP'  
01/03/2017 21:36:19 | Exec sco_DiccionariodeDatos @nmtabla_param='TB_Comprobantes'
01/03/2017 21:36:19 | Exec sco_DiccionariodeDatos @nmtabla_param='sp_obtenerComision_v4_7'
01/03/2017 21:36:19 | Exec sp_obtenerComision_v4_7 @tpComprobante_param = null ,@vlTotalGeneral_param = 0 ,@tpComision_param = null ,@tpCliente_param = null ,@dsCodigoDestinos_param = null 
01/03/2017 21:36:19 | Exec sp_obtenerComision_v4_7 @tpComprobante_param = null ,@vlTotalGeneral_param = 0 ,@tpComision_param = 'A Clientes' ,@tpCliente_param = 'A Clientes' ,@dsCodigoDestinos_param = null 
01/03/2017 21:36:19 | Exec sco_DiccionariodeDatos @nmtabla_param='spu_obtener_puntosdeventa_facturacion_v4_7'
01/03/2017 21:36:19 | Exec spu_obtener_puntosdeventa_facturacion_v4_7 @nrPuesto_param = 1 ,@tipo_iva = 'CF' ,@auto_impresor = 'S' ,@tpFormadePago = null ,@tpComprobante = 'FA' 
01/03/2017 21:36:19 | Exec sp_obtenerComision_v4_7 @tpComprobante_param = 'FA' ,@vlTotalGeneral_param = 0 ,@tpComision_param = 'A Clientes' ,@tpCliente_param = 'A Clientes' ,@dsCodigoDestinos_param = null 
01/03/2017 21:36:19 | Exec spu_obtener_puntosdeventa_facturacion_v4_7 @nrPuesto_param = 1 ,@tipo_iva = 'CF' ,@auto_impresor = 'S' ,@tpFormadePago = null ,@tpComprobante = 'FA' 
01/03/2017 21:36:19 | Exec spu_obtener_puntosdeventa_facturacion_v4_7 @nrPuesto_param = 1 ,@tipo_iva = 'CF' ,@auto_impresor = 'S' ,@tpFormadePago = null ,@tpComprobante = 'FA' 
01/03/2017 21:36:19 | Exec sp_obtenerComision_v4_7 @tpComprobante_param = 'FA' ,@vlTotalGeneral_param = 0 ,@tpComision_param = 'A Clientes' ,@tpCliente_param = 'A Clientes' ,@dsCodigoDestinos_param = null 
01/03/2017 21:36:20 | Exec sp_obtenerComision_v4_7 @tpComprobante_param = 'FA' ,@vlTotalGeneral_param = 0 ,@tpComision_param = 'A Clientes' ,@tpCliente_param = 'A Clientes' ,@dsCodigoDestinos_param = null 
01/03/2017 21:36:20 | Exec sp_obtenerComision_v4_7 @tpComprobante_param = 'FA' ,@vlTotalGeneral_param = 0 ,@tpComision_param = 'A Clientes' ,@tpCliente_param = 'A Clientes' ,@dsCodigoDestinos_param = null 
01/03/2017 21:36:20 | Exec sco_DiccionariodeDatos @nmtabla_param='TB_Productos'
01/03/2017 21:42:09 | Exec sco_DiccionariodeDatos @nmtabla_param='TB_Proveedores'
01/03/2017 21:42:09 |  SELECT TB_Proveedores.nmNombre ,TB_Proveedores.nmApellido  FROM TB_Proveedores  WHERE TB_Proveedores.tpCategoria = 'Licenciatario'  AND  TB_Proveedores.nrLicencia = 123  AND  TB_Proveedores.flEliminar = 0  
01/03/2017 21:42:10 |  SELECT tb_parametros.dsParametro ,tb_parametros.vlParametro ,tb_parametros.tpParametro ,tb_parametros.flEditable ,tb_parametros.nrTamanio ,tb_parametros.dtActualizacion  FROM tb_parametros  WHERE tb_parametros.dsParametro = 'CALCULA_IVA_LIC_990'  
01/03/2017 21:42:14 | Exec sp_obtenerComision_v4_7 @tpComprobante_param = 'FA' ,@vlTotalGeneral_param = 0 ,@tpComision_param = 'A Clientes' ,@tpCliente_param = 'A Clientes' ,@dsCodigoDestinos_param = null 
01/03/2017 21:42:18 |  SELECT tb_parametros.dsParametro ,tb_parametros.vlParametro ,tb_parametros.tpParametro ,tb_parametros.flEditable ,tb_parametros.nrTamanio ,tb_parametros.dtActualizacion  FROM tb_parametros  WHERE tb_parametros.dsParametro = 'MONTO_EXIGE_CUIT_CUIL'  
01/03/2017 21:42:20 | Exec sp_obtenerComision_v4_7 @tpComprobante_param = 'FA' ,@vlTotalGeneral_param = 0 ,@tpComision_param = 'A Clientes' ,@tpCliente_param = 'A Clientes' ,@dsCodigoDestinos_param = null 
01/03/2017 21:42:22 |  SELECT TB_Proveedores.nmNombre ,TB_Proveedores.nmApellido  FROM TB_Proveedores  WHERE TB_Proveedores.tpCategoria = 'Licenciatario'  AND  TB_Proveedores.nrLicencia = 123  AND  TB_Proveedores.flEliminar = 0  
01/03/2017 21:42:23 |  SELECT tb_parametros.dsParametro ,tb_parametros.vlParametro ,tb_parametros.tpParametro ,tb_parametros.flEditable ,tb_parametros.nrTamanio ,tb_parametros.dtActualizacion  FROM tb_parametros  WHERE tb_parametros.dsParametro = 'CALCULA_IVA_LIC_990'  
01/03/2017 21:42:27 | Exec sp_obtenerComision_v4_7 @tpComprobante_param = 'FA' ,@vlTotalGeneral_param = 0 ,@tpComision_param = 'A Clientes' ,@tpCliente_param = 'A Clientes' ,@dsCodigoDestinos_param = null 
01/03/2017 21:42:30 |  SELECT tb_parametros.dsParametro ,tb_parametros.vlParametro ,tb_parametros.tpParametro ,tb_parametros.flEditable ,tb_parametros.nrTamanio ,tb_parametros.dtActualizacion  FROM tb_parametros  WHERE tb_parametros.dsParametro = 'MONTO_EXIGE_CUIT_CUIL'  
01/03/2017 21:42:31 |  SELECT tb_parametros.dsParametro ,tb_parametros.vlParametro ,tb_parametros.tpParametro ,tb_parametros.flEditable ,tb_parametros.nrTamanio ,tb_parametros.dtActualizacion  FROM tb_parametros  WHERE tb_parametros.dsParametro = 'PORC_RECARGO_TD'  
01/03/2017 21:42:31 |  SELECT tb_parametros.dsParametro ,tb_parametros.vlParametro ,tb_parametros.tpParametro ,tb_parametros.flEditable ,tb_parametros.nrTamanio ,tb_parametros.dtActualizacion  FROM tb_parametros  WHERE tb_parametros.dsParametro = 'PORC_RECARGO_TC'  
01/03/2017 21:42:31 |  SELECT tb_parametros.dsParametro ,tb_parametros.vlParametro ,tb_parametros.tpParametro ,tb_parametros.flEditable ,tb_parametros.nrTamanio ,tb_parametros.dtActualizacion  FROM tb_parametros  WHERE tb_parametros.dsParametro = 'PORC_RECARGO_TP'  
01/03/2017 21:42:31 | Exec sco_DiccionariodeDatos @nmtabla_param='SP_Supera_KM_IVA_segunMonto_2_0'
01/03/2017 21:42:31 | Exec SP_Supera_KM_IVA_segunMonto_2_0 @tpCategoriaIVA_param = 'CF' ,@vlKilometros_param = 0 ,@vlMonto_param = 450 
01/03/2017 21:42:31 | Exec sp_obtenerComision_v4_7 @tpComprobante_param = 'FA' ,@vlTotalGeneral_param = 450 ,@tpComision_param = 'A Clientes' ,@tpCliente_param = 'A Clientes' ,@dsCodigoDestinos_param = '''Viaje'',null,450' 
01/03/2017 21:42:31 | Exec sp_obtenerComision_v4_7 @tpComprobante_param = 'FA' ,@vlTotalGeneral_param = 450 ,@tpComision_param = 'A Clientes' ,@tpCliente_param = 'A Clientes' ,@dsCodigoDestinos_param = '''Viaje'',null,450' 
01/03/2017 21:42:31 | Exec sp_obtenerComision_v4_7 @tpComprobante_param = 'FA' ,@vlTotalGeneral_param = 450 ,@tpComision_param = 'A Clientes' ,@tpCliente_param = 'A Clientes' ,@dsCodigoDestinos_param = '''Viaje'',null,450' 
01/03/2017 21:42:31 | Exec SP_Supera_KM_IVA_segunMonto_2_0 @tpCategoriaIVA_param = 'CF' ,@vlKilometros_param = 0 ,@vlMonto_param = 450 
01/03/2017 21:42:31 | Exec sp_obtenerComision_v4_7 @tpComprobante_param = 'FA' ,@vlTotalGeneral_param = 450 ,@tpComision_param = 'A Clientes' ,@tpCliente_param = 'A Clientes' ,@dsCodigoDestinos_param = '''Viaje'',null,450' 
01/03/2017 21:42:31 | Exec SP_Supera_KM_IVA_segunMonto_2_0 @tpCategoriaIVA_param = 'CF' ,@vlKilometros_param = 0 ,@vlMonto_param = 450 
01/03/2017 21:42:31 | Exec sp_obtenerComision_v4_7 @tpComprobante_param = 'FA' ,@vlTotalGeneral_param = 450 ,@tpComision_param = 'A Clientes' ,@tpCliente_param = 'A Clientes' ,@dsCodigoDestinos_param = '''Viaje'',null,450' 
01/03/2017 21:42:31 | Exec sp_obtenerComision_v4_7 @tpComprobante_param = 'FA' ,@vlTotalGeneral_param = 450 ,@tpComision_param = 'A Clientes' ,@tpCliente_param = 'A Clientes' ,@dsCodigoDestinos_param = '''Viaje'',null,450' 
01/03/2017 21:42:31 | Exec sp_obtenerComision_v4_7 @tpComprobante_param = 'FA' ,@vlTotalGeneral_param = 450 ,@tpComision_param = 'A Clientes' ,@tpCliente_param = 'A Clientes' ,@dsCodigoDestinos_param = '''Viaje'',null,450' 
01/03/2017 21:42:34 | Exec SP_Supera_KM_IVA_segunMonto_2_0 @tpCategoriaIVA_param = 'CF' ,@vlKilometros_param = 0 ,@vlMonto_param = 489 
01/03/2017 21:42:34 | Exec sp_obtenerComision_v4_7 @tpComprobante_param = 'FA' ,@vlTotalGeneral_param = 489 ,@tpComision_param = 'A Clientes' ,@tpCliente_param = 'A Clientes' ,@dsCodigoDestinos_param = '''Viaje'',null,450' 
01/03/2017 21:42:34 | Exec sp_obtenerComision_v4_7 @tpComprobante_param = 'FA' ,@vlTotalGeneral_param = 489 ,@tpComision_param = 'A Clientes' ,@tpCliente_param = 'A Clientes' ,@dsCodigoDestinos_param = '''Viaje'',null,450' 
01/03/2017 21:42:35 |  SELECT TB_Proveedores.nmNombre ,TB_Proveedores.nmApellido  FROM TB_Proveedores  WHERE TB_Proveedores.tpCategoria = 'Licenciatario'  AND  TB_Proveedores.nrLicencia = 123  AND  TB_Proveedores.flEliminar = 0  
01/03/2017 21:42:36 |  SELECT tb_parametros.dsParametro ,tb_parametros.vlParametro ,tb_parametros.tpParametro ,tb_parametros.flEditable ,tb_parametros.nrTamanio ,tb_parametros.dtActualizacion  FROM tb_parametros  WHERE tb_parametros.dsParametro = 'CALCULA_IVA_LIC_990'  
01/03/2017 21:42:41 | Exec SP_Supera_KM_IVA_segunMonto_2_0 @tpCategoriaIVA_param = 'CF' ,@vlKilometros_param = 0 ,@vlMonto_param = 489 
01/03/2017 21:42:41 | Exec sp_obtenerComision_v4_7 @tpComprobante_param = 'FA' ,@vlTotalGeneral_param = 489 ,@tpComision_param = 'A Clientes' ,@tpCliente_param = 'A Clientes' ,@dsCodigoDestinos_param = '''Viaje'',null,450' 
01/03/2017 21:42:41 | Exec sp_obtenerComision_v4_7 @tpComprobante_param = 'FA' ,@vlTotalGeneral_param = 489 ,@tpComision_param = 'A Clientes' ,@tpCliente_param = 'A Clientes' ,@dsCodigoDestinos_param = '''Viaje'',null,450' 
01/03/2017 21:42:41 |  SELECT tb_parametros.dsParametro ,tb_parametros.vlParametro ,tb_parametros.tpParametro ,tb_parametros.flEditable ,tb_parametros.nrTamanio ,tb_parametros.dtActualizacion  FROM tb_parametros  WHERE tb_parametros.dsParametro = 'MONTO_EXIGE_CUIT_CUIL'  
01/03/2017 21:42:41 |  SELECT TB_Cajas.nrCaja  FROM TB_Cajas  WHERE TB_Cajas.nrCaja = 1000010110  AND  TB_Cajas.flEstado = 0  
01/03/2017 21:42:43 | Exec sco_DiccionariodeDatos @nmtabla_param='sp_eliminarFisicamenteunComprobanteEliminadoLogicamente_v2_5'
01/03/2017 21:42:43 | Exec sp_eliminarFisicamenteunComprobanteEliminadoLogicamente_v2_5 @nrTalonario_param = '0006' ,@nrComprobante_param = '00633596' ,@tpComprobante_param = 'FA' ,@tpLetra_param = 'B' 
01/03/2017 21:42:43 | Exec spu_obtener_puntosdeventa_facturacion_v4_7 @nrPuesto_param = 1 ,@tipo_iva = 'CF' ,@auto_impresor = 'S' ,@tpFormadePago = null ,@tpComprobante = 'FA' 
01/03/2017 21:42:43 |  INSERT TB_Comprobantes (nrComprobante ,nrTalonario ,vlPagoReales ,nrDoc ,tpLetra ,cdCliente ,dsRazonSocial ,vlTotalGeneral ,dsLeyenda ,vlPagoEuros ,nmEmpleado ,nrPuesto ,nrCaja ,nrLicencia ,nrBultos ,nrPasajeros ,tpComprobante ,vlPagoDolares ,vlPagoPesos ,nmLicenciatario ,dtComprobante ,dsEmail ,vlSubtotal ,vlIVA ,cdCondVenta ,tpComision ,tpIVA ,dsOpcional3 ,cdCodBar ,dtCaja ,dtInsercion ,dsOpcional1 ,nrCAI ,dtVencimiento ,vlDiaDolar ,vlDiaEuro ,vlDiaReal ,dsOpcional2 ,dsUsuario ,flSincronizado ,flManual ,nrTarjeta ,tpDocTarjeta ,nrDocTarjeta )  VALUES ('00633596' ,'0006' ,0.00 ,null ,'B' ,1 ,'Consumidor Final' ,489.00 ,null ,0.00 ,'BARBARA FAZZALARI' ,1 ,1000010110 ,123 ,null ,null ,'FA' ,0.00 ,0.00 ,'SUFFIA DIEGO ALEJANDRO' ,'01/03/2017' ,null ,489.00 ,0.00 ,'Todo Pago' ,'A Clientes' ,'CF' ,'307082499190100063506310668186316012019' ,'000600633596123' ,'01/03/2017 9:42:43' ,'01/03/2017 9:42:43' ,'21:42' ,'35063106681863' ,'16/01/2019' ,9.1 ,10 ,3.21 ,'CENTRO - CAPITAL FEDERAL CON PEAJES  (1 DESTINO) ' ,'BFAZZALARI' ,0 ,'N' ,null ,null ,null )
01/03/2017 21:42:43 | Exec sco_DiccionariodeDatos @nmtabla_param='DiccionariodeDatos'
01/03/2017 21:42:43 |  UPDATE DiccionariodeDatos SET DiccionariodeDatos.vlPuesto1  = '633596'   WHERE DiccionariodeDatos.nmTabla = 'TB_Comprobantes'  AND  DiccionariodeDatos.nmCampo = 'nrComprobante'  
01/03/2017 21:42:43 | Exec sco_DiccionariodeDatos @nmtabla_param='TB_ComprobantesDetalle'
01/03/2017 21:42:43 |  INSERT TB_ComprobantesDetalle (nrTalonario ,nrComprobante ,tpComprobante ,tpLetra ,nrItem ,cdProducto ,dsProducto ,tpOperacion ,vlPorcentaje ,vlPrecioPeaje ,vlKilometros ,vlPrecioViaje ,vlPrecioTC ,vlPrecioTD ,vlRecargoTC ,vlRecargoTD ,vlRecargoTP ,vlPrecioTP ,dtInsercion ,flSincronizado ,nrCaja ,nrPuesto )  VALUES ('0006' ,'00633596' ,'FA' ,'B' ,1 ,90001 ,'CENTRO - CAPITAL FEDERAL CON PEAJES  (1 DESTINO) ' ,'Viaje' ,0 ,0 ,null ,450 ,'489' ,'489' ,'39' ,'39' ,'39' ,'489' ,'01/03/2017' ,0 ,1000010110 ,1 )
01/03/2017 21:42:43 | Exec sp_obtenerComision_v4_7 @tpComprobante_param = 'FA' ,@vlTotalGeneral_param = 489 ,@tpComision_param = 'A Clientes' ,@tpCliente_param = 'A Clientes' ,@dsCodigoDestinos_param = '''Viaje'',null,450' 
01/03/2017 21:42:43 | Exec sco_DiccionariodeDatos @nmtabla_param='TB_Cupones'
01/03/2017 21:42:43 | Exec SP_ObtenerMaxnrCupon_v2_7 
01/03/2017 21:42:43 |  INSERT TB_Cupones (nrTalonarioCliente ,nrComprabanteCliente ,tpComprobanteCliente ,tpLetraCliente ,cdCliente ,nrPuesto ,nrLicencia ,nmLicenciatario ,vlMontoCupon ,vlPagoPesos ,vlPagoDolares ,vlPagoEuros ,vlPagoReales ,nrCantidadBultos ,tpCupon ,dsDestino ,dsHoraViaje ,dsLeyenda ,flCobradoalCliente ,flCompensado ,vlaFavordelLicenciatario ,vlafavorAdmin ,vlComision ,dtCajaCliente ,nrCajaCliente ,dtCupon ,dsUsuario ,nrPasajeros ,flSincronizado ,vlIVA ,vlSubtotal ,cdCodBar ,nrCupon ,nrTarjeta ,tpDocTarjeta ,nrDocTarjeta ,vlRecargoTarjeta )  VALUES ('0006' ,'00633596' ,'FA' ,'B' ,1 ,1 ,123 ,'SUFFIA DIEGO ALEJANDRO' ,489.00 ,0.00 ,0.00 ,0.00 ,0.00 ,null ,'Todo Pago' ,'CENTRO - CAPITAL FEDERAL CON PEAJES  (1 DESTINO) ' ,'21:42' ,null ,0 ,0 ,453 ,0 ,36 ,'01/03/2017 9:42:43' ,1000010110 ,'01/03/2017 9:42:43' ,'BFAZZALARI' ,null ,0 ,0.00 ,489.00 ,'000600633596123' ,104 ,null ,null ,null ,39 )
01/03/2017 21:42:43 |  UPDATE DiccionariodeDatos SET DiccionariodeDatos.vlPuesto1  = '104'   WHERE DiccionariodeDatos.nmTabla = 'TB_Cupones'  AND  DiccionariodeDatos.nmCampo = 'nrCupon'  
01/03/2017 21:42:43 | Exec sco_DiccionariodeDatos @nmtabla_param='spu_actualizar_puntosdeventa_facturacion_v4_7'
01/03/2017 21:42:43 | Exec spu_actualizar_puntosdeventa_facturacion_v4_7 @nrPuesto_param = 1 ,@tipo_iva = 'CF' ,@auto_impresor = 'S' ,@tpFormadePago = null ,@tpComprobante = 'FA' ,@nrComprobante = 633596 
01/03/2017 21:42:43 | Exec sco_DiccionariodeDatos @nmtabla_param='SP_PrepararReimpresiondeComprobante_v4_9'
01/03/2017 21:42:44 | Exec SP_PrepararReimpresiondeComprobante_v4_9 @nrTalonario = '0006' ,@nrComprobante = '00633596' ,@tpComprobante = 'FA' ,@tpLetra = 'B' ,@dsUsuario = 'BFAZZALARI' 
01/03/2017 21:42:52 | Exec sco_DiccionariodeDatos @nmtabla_param='SP_eliminarTablasImpresion_v4_7'
01/03/2017 21:42:52 | Exec SP_eliminarTablasImpresion_v4_7 @dsUsuario = 'BFAZZALARI' 
01/03/2017 21:47:11 |  UPDATE TB_Comprobantes SET TB_Comprobantes.nrTarjeta  = '2323' ,TB_Comprobantes.tpDocTarjeta  = 'DNI' ,TB_Comprobantes.nrDocTarjeta  = '2323' ,TB_Comprobantes.nrCuponPosnet  = '232' ,TB_Comprobantes.vlRecargoTarjeta  = 39   WHERE TB_Comprobantes.tpLetra = 'B'  AND  TB_Comprobantes.tpComprobante = 'FA'  AND  TB_Comprobantes.nrTalonario = '0006'  AND  TB_Comprobantes.nrComprobante = '00633596'  
01/03/2017 21:47:11 |  UPDATE TB_Cupones SET TB_Cupones.nrTarjeta  = '2323' ,TB_Cupones.tpDocTarjeta  = 'DNI' ,TB_Cupones.nrDocTarjeta  = '2323' ,TB_Cupones.nrCuponPosnet  = '232'   WHERE TB_Cupones.nrCupon = 104  
01/03/2017 21:47:11 | Exec sp_obtenerComision_v4_7 @tpComprobante_param = null ,@vlTotalGeneral_param = 0 ,@tpComision_param = 'A Clientes' ,@tpCliente_param = 'A Clientes' ,@dsCodigoDestinos_param = null 
01/03/2017 21:47:11 | Exec spu_obtener_puntosdeventa_facturacion_v4_7 @nrPuesto_param = 1 ,@tipo_iva = 'CF' ,@auto_impresor = 'S' ,@tpFormadePago = null ,@tpComprobante = 'FA' 
01/03/2017 21:47:11 | Exec spu_obtener_puntosdeventa_facturacion_v4_7 @nrPuesto_param = 1 ,@tipo_iva = 'CF' ,@auto_impresor = 'S' ,@tpFormadePago = null ,@tpComprobante = 'FA' 
01/03/2017 21:47:11 | Exec sp_obtenerComision_v4_7 @tpComprobante_param = 'FA' ,@vlTotalGeneral_param = 0 ,@tpComision_param = 'A Clientes' ,@tpCliente_param = 'A Clientes' ,@dsCodigoDestinos_param = null 
01/03/2017 21:47:11 | Exec sp_obtenerComision_v4_7 @tpComprobante_param = 'FA' ,@vlTotalGeneral_param = 0 ,@tpComision_param = 'A Clientes' ,@tpCliente_param = 'A Clientes' ,@dsCodigoDestinos_param = null 
01/03/2017 21:47:11 | Exec sp_obtenerComision_v4_7 @tpComprobante_param = 'FA' ,@vlTotalGeneral_param = 0 ,@tpComision_param = 'A Clientes' ,@tpCliente_param = 'A Clientes' ,@dsCodigoDestinos_param = null 
01/03/2017 21:47:13 | Exec sco_AccesosOpcionesMenu @p_tpNivelAcceso = 'Puestos' ,@p_operaconcaja = 1 
01/03/2017 21:47:14 | Exec sco_cajapuesto_v3_9 @nrCaja_param = 1000010110 
01/03/2017 21:47:14 |  SELECT tb_parametros.dsParametro ,tb_parametros.vlParametro ,tb_parametros.tpParametro ,tb_parametros.flEditable ,tb_parametros.nrTamanio ,tb_parametros.dtActualizacion  FROM tb_parametros  WHERE tb_parametros.dsParametro = 'PORC_RECARGO_TD'  
01/03/2017 21:47:14 |  SELECT tb_parametros.dsParametro ,tb_parametros.vlParametro ,tb_parametros.tpParametro ,tb_parametros.flEditable ,tb_parametros.nrTamanio ,tb_parametros.dtActualizacion  FROM tb_parametros  WHERE tb_parametros.dsParametro = 'PORC_RECARGO_TC'  
01/03/2017 21:47:14 |  SELECT tb_parametros.dsParametro ,tb_parametros.vlParametro ,tb_parametros.tpParametro ,tb_parametros.flEditable ,tb_parametros.nrTamanio ,tb_parametros.dtActualizacion  FROM tb_parametros  WHERE tb_parametros.dsParametro = 'PORC_RECARGO_TP'  
01/03/2017 21:47:14 | Exec sp_obtenerComision_v4_7 @tpComprobante_param = null ,@vlTotalGeneral_param = 0 ,@tpComision_param = null ,@tpCliente_param = null ,@dsCodigoDestinos_param = null 
01/03/2017 21:47:14 | Exec sp_obtenerComision_v4_7 @tpComprobante_param = null ,@vlTotalGeneral_param = 0 ,@tpComision_param = 'A Clientes' ,@tpCliente_param = 'A Clientes' ,@dsCodigoDestinos_param = null 
01/03/2017 21:47:14 | Exec spu_obtener_puntosdeventa_facturacion_v4_7 @nrPuesto_param = 1 ,@tipo_iva = 'CF' ,@auto_impresor = 'S' ,@tpFormadePago = null ,@tpComprobante = 'FA' 
01/03/2017 21:47:14 | Exec sp_obtenerComision_v4_7 @tpComprobante_param = 'FA' ,@vlTotalGeneral_param = 0 ,@tpComision_param = 'A Clientes' ,@tpCliente_param = 'A Clientes' ,@dsCodigoDestinos_param = null 
01/03/2017 21:47:14 | Exec spu_obtener_puntosdeventa_facturacion_v4_7 @nrPuesto_param = 1 ,@tipo_iva = 'CF' ,@auto_impresor = 'S' ,@tpFormadePago = null ,@tpComprobante = 'FA' 
01/03/2017 21:47:14 | Exec spu_obtener_puntosdeventa_facturacion_v4_7 @nrPuesto_param = 1 ,@tipo_iva = 'CF' ,@auto_impresor = 'S' ,@tpFormadePago = null ,@tpComprobante = 'FA' 
01/03/2017 21:47:14 | Exec sp_obtenerComision_v4_7 @tpComprobante_param = 'FA' ,@vlTotalGeneral_param = 0 ,@tpComision_param = 'A Clientes' ,@tpCliente_param = 'A Clientes' ,@dsCodigoDestinos_param = null 
01/03/2017 21:47:14 | Exec sp_obtenerComision_v4_7 @tpComprobante_param = 'FA' ,@vlTotalGeneral_param = 0 ,@tpComision_param = 'A Clientes' ,@tpCliente_param = 'A Clientes' ,@dsCodigoDestinos_param = null 
01/03/2017 21:47:14 | Exec sp_obtenerComision_v4_7 @tpComprobante_param = 'FA' ,@vlTotalGeneral_param = 0 ,@tpComision_param = 'A Clientes' ,@tpCliente_param = 'A Clientes' ,@dsCodigoDestinos_param = null 
01/03/2017 21:47:18 |  SELECT tb_parametros.dsParametro ,tb_parametros.vlParametro ,tb_parametros.tpParametro ,tb_parametros.flEditable ,tb_parametros.nrTamanio ,tb_parametros.dtActualizacion  FROM tb_parametros  WHERE tb_parametros.dsParametro = 'PORC_RECARGO_TD'  
01/03/2017 21:47:18 |  SELECT tb_parametros.dsParametro ,tb_parametros.vlParametro ,tb_parametros.tpParametro ,tb_parametros.flEditable ,tb_parametros.nrTamanio ,tb_parametros.dtActualizacion  FROM tb_parametros  WHERE tb_parametros.dsParametro = 'PORC_RECARGO_TC'  
01/03/2017 21:47:18 |  SELECT tb_parametros.dsParametro ,tb_parametros.vlParametro ,tb_parametros.tpParametro ,tb_parametros.flEditable ,tb_parametros.nrTamanio ,tb_parametros.dtActualizacion  FROM tb_parametros  WHERE tb_parametros.dsParametro = 'PORC_RECARGO_TP'  
01/03/2017 21:47:18 | Exec SP_Supera_KM_IVA_segunMonto_2_0 @tpCategoriaIVA_param = 'CF' ,@vlKilometros_param = 0 ,@vlMonto_param = 450 
01/03/2017 21:47:19 | Exec sp_obtenerComision_v4_7 @tpComprobante_param = 'FA' ,@vlTotalGeneral_param = 450 ,@tpComision_param = 'A Clientes' ,@tpCliente_param = 'A Clientes' ,@dsCodigoDestinos_param = '''Viaje'',null,450' 
01/03/2017 21:47:19 | Exec sp_obtenerComision_v4_7 @tpComprobante_param = 'FA' ,@vlTotalGeneral_param = 450 ,@tpComision_param = 'A Clientes' ,@tpCliente_param = 'A Clientes' ,@dsCodigoDestinos_param = '''Viaje'',null,450' 
01/03/2017 21:47:19 | Exec sp_obtenerComision_v4_7 @tpComprobante_param = 'FA' ,@vlTotalGeneral_param = 450 ,@tpComision_param = 'A Clientes' ,@tpCliente_param = 'A Clientes' ,@dsCodigoDestinos_param = '''Viaje'',null,450' 
01/03/2017 21:47:19 | Exec SP_Supera_KM_IVA_segunMonto_2_0 @tpCategoriaIVA_param = 'CF' ,@vlKilometros_param = 0 ,@vlMonto_param = 450 
01/03/2017 21:47:19 | Exec sp_obtenerComision_v4_7 @tpComprobante_param = 'FA' ,@vlTotalGeneral_param = 450 ,@tpComision_param = 'A Clientes' ,@tpCliente_param = 'A Clientes' ,@dsCodigoDestinos_param = '''Viaje'',null,450' 
01/03/2017 21:47:19 | Exec SP_Supera_KM_IVA_segunMonto_2_0 @tpCategoriaIVA_param = 'CF' ,@vlKilometros_param = 0 ,@vlMonto_param = 450 
01/03/2017 21:47:19 | Exec sp_obtenerComision_v4_7 @tpComprobante_param = 'FA' ,@vlTotalGeneral_param = 450 ,@tpComision_param = 'A Clientes' ,@tpCliente_param = 'A Clientes' ,@dsCodigoDestinos_param = '''Viaje'',null,450' 
01/03/2017 21:47:19 | Exec sp_obtenerComision_v4_7 @tpComprobante_param = 'FA' ,@vlTotalGeneral_param = 450 ,@tpComision_param = 'A Clientes' ,@tpCliente_param = 'A Clientes' ,@dsCodigoDestinos_param = '''Viaje'',null,450' 
01/03/2017 21:47:19 | Exec sp_obtenerComision_v4_7 @tpComprobante_param = 'FA' ,@vlTotalGeneral_param = 450 ,@tpComision_param = 'A Clientes' ,@tpCliente_param = 'A Clientes' ,@dsCodigoDestinos_param = '''Viaje'',null,450' 
01/03/2017 21:47:21 |  SELECT TB_Proveedores.nmNombre ,TB_Proveedores.nmApellido  FROM TB_Proveedores  WHERE TB_Proveedores.tpCategoria = 'Licenciatario'  AND  TB_Proveedores.nrLicencia = 123  AND  TB_Proveedores.flEliminar = 0  
01/03/2017 21:47:22 |  SELECT tb_parametros.dsParametro ,tb_parametros.vlParametro ,tb_parametros.tpParametro ,tb_parametros.flEditable ,tb_parametros.nrTamanio ,tb_parametros.dtActualizacion  FROM tb_parametros  WHERE tb_parametros.dsParametro = 'CALCULA_IVA_LIC_990'  
01/03/2017 21:47:25 | Exec SP_Supera_KM_IVA_segunMonto_2_0 @tpCategoriaIVA_param = 'CF' ,@vlKilometros_param = 0 ,@vlMonto_param = 450 
01/03/2017 21:47:25 | Exec sp_obtenerComision_v4_7 @tpComprobante_param = 'FA' ,@vlTotalGeneral_param = 450 ,@tpComision_param = 'A Clientes' ,@tpCliente_param = 'A Clientes' ,@dsCodigoDestinos_param = '''Viaje'',null,450' 
01/03/2017 21:47:25 | Exec sp_obtenerComision_v4_7 @tpComprobante_param = 'FA' ,@vlTotalGeneral_param = 450 ,@tpComision_param = 'A Clientes' ,@tpCliente_param = 'A Clientes' ,@dsCodigoDestinos_param = '''Viaje'',null,450' 
01/03/2017 21:47:25 |  SELECT tb_parametros.dsParametro ,tb_parametros.vlParametro ,tb_parametros.tpParametro ,tb_parametros.flEditable ,tb_parametros.nrTamanio ,tb_parametros.dtActualizacion  FROM tb_parametros  WHERE tb_parametros.dsParametro = 'MONTO_EXIGE_CUIT_CUIL'  
01/03/2017 21:47:25 |  SELECT TB_Cajas.nrCaja  FROM TB_Cajas  WHERE TB_Cajas.nrCaja = 1000010110  AND  TB_Cajas.flEstado = 0  
01/03/2017 21:47:26 | Exec sp_eliminarFisicamenteunComprobanteEliminadoLogicamente_v2_5 @nrTalonario_param = '0006' ,@nrComprobante_param = '00633597' ,@tpComprobante_param = 'FA' ,@tpLetra_param = 'B' 
01/03/2017 21:47:26 | Exec spu_obtener_puntosdeventa_facturacion_v4_7 @nrPuesto_param = 1 ,@tipo_iva = 'CF' ,@auto_impresor = 'S' ,@tpFormadePago = null ,@tpComprobante = 'FA' 
01/03/2017 21:47:26 |  INSERT TB_Comprobantes (nrComprobante ,nrTalonario ,vlPagoReales ,nrDoc ,tpLetra ,cdCliente ,dsRazonSocial ,vlTotalGeneral ,dsLeyenda ,vlPagoEuros ,nmEmpleado ,nrPuesto ,nrCaja ,nrLicencia ,nrBultos ,nrPasajeros ,tpComprobante ,vlPagoDolares ,vlPagoPesos ,nmLicenciatario ,dtComprobante ,dsEmail ,vlSubtotal ,vlIVA ,cdCondVenta ,tpComision ,tpIVA ,dsOpcional3 ,cdCodBar ,dtCaja ,dtInsercion ,dsOpcional1 ,nrCAI ,dtVencimiento ,vlDiaDolar ,vlDiaEuro ,vlDiaReal ,dsOpcional2 ,dsUsuario ,flSincronizado ,flManual ,nrTarjeta ,tpDocTarjeta ,nrDocTarjeta )  VALUES ('00633597' ,'0006' ,0.00 ,null ,'B' ,1 ,'Consumidor Final' ,450.00 ,null ,0.00 ,'BARBARA FAZZALARI' ,1 ,1000010110 ,123 ,null ,null ,'FA' ,0.00 ,450.00 ,'SUFFIA DIEGO ALEJANDRO' ,'01/03/2017' ,null ,450.00 ,0.00 ,'Contado' ,'A Clientes' ,'CF' ,'307082499190100063506310668186316012019' ,'000600633597123' ,'01/03/2017 9:47:26' ,'01/03/2017 9:47:26' ,'21:47' ,'35063106681863' ,'16/01/2019' ,9.1 ,10 ,3.21 ,'CENTRO - CAPITAL FEDERAL CON PEAJES  (1 DESTINO) ' ,'BFAZZALARI' ,0 ,'N' ,null ,null ,null )
01/03/2017 21:47:26 |  UPDATE DiccionariodeDatos SET DiccionariodeDatos.vlPuesto1  = '633597'   WHERE DiccionariodeDatos.nmTabla = 'TB_Comprobantes'  AND  DiccionariodeDatos.nmCampo = 'nrComprobante'  
01/03/2017 21:47:26 |  INSERT TB_ComprobantesDetalle (nrTalonario ,nrComprobante ,tpComprobante ,tpLetra ,nrItem ,cdProducto ,dsProducto ,tpOperacion ,vlPorcentaje ,vlPrecioPeaje ,vlKilometros ,vlPrecioViaje ,vlPrecioTC ,vlPrecioTD ,vlRecargoTC ,vlRecargoTD ,vlRecargoTP ,vlPrecioTP ,dtInsercion ,flSincronizado ,nrCaja ,nrPuesto )  VALUES ('0006' ,'00633597' ,'FA' ,'B' ,1 ,90001 ,'CENTRO - CAPITAL FEDERAL CON PEAJES  (1 DESTINO) ' ,'Viaje' ,0 ,0 ,null ,450 ,'489' ,'489' ,'39' ,'39' ,'39' ,'489' ,'01/03/2017' ,0 ,1000010110 ,1 )
01/03/2017 21:47:26 | Exec sp_obtenerComision_v4_7 @tpComprobante_param = 'FA' ,@vlTotalGeneral_param = 450 ,@tpComision_param = 'A Clientes' ,@tpCliente_param = 'A Clientes' ,@dsCodigoDestinos_param = '''Viaje'',null,450' 
01/03/2017 21:47:26 | Exec SP_ObtenerMaxnrCupon_v2_7 
01/03/2017 21:47:26 |  INSERT TB_Cupones (nrTalonarioCliente ,nrComprabanteCliente ,tpComprobanteCliente ,tpLetraCliente ,cdCliente ,nrPuesto ,nrLicencia ,nmLicenciatario ,vlMontoCupon ,vlPagoPesos ,vlPagoDolares ,vlPagoEuros ,vlPagoReales ,nrCantidadBultos ,tpCupon ,dsDestino ,dsHoraViaje ,dsLeyenda ,flCobradoalCliente ,dtCobradoalCliente ,flCompensado ,vlaFavordelLicenciatario ,vlafavorAdmin ,vlComision ,dtCajaCliente ,nrCajaCliente ,dtCupon ,dsUsuario ,nrPasajeros ,flSincronizado ,vlIVA ,vlSubtotal ,cdCodBar ,nrCupon ,nrTarjeta ,tpDocTarjeta ,nrDocTarjeta ,vlRecargoTarjeta )  VALUES ('0006' ,'00633597' ,'FA' ,'B' ,1 ,1 ,123 ,'SUFFIA DIEGO ALEJANDRO' ,450.00 ,450.00 ,0.00 ,0.00 ,0.00 ,null ,'Contado' ,'CENTRO - CAPITAL FEDERAL CON PEAJES  (1 DESTINO) ' ,'21:47' ,null ,1 ,'01/03/2017 9:47:26' ,0 ,414 ,0 ,36 ,'01/03/2017 9:47:26' ,1000010110 ,'01/03/2017 9:47:26' ,'BFAZZALARI' ,null ,0 ,0.00 ,450.00 ,'000600633597123' ,105 ,null ,null ,null ,0 )
01/03/2017 21:47:26 |  UPDATE DiccionariodeDatos SET DiccionariodeDatos.vlPuesto1  = '105'   WHERE DiccionariodeDatos.nmTabla = 'TB_Cupones'  AND  DiccionariodeDatos.nmCampo = 'nrCupon'  
01/03/2017 21:47:26 |  SELECT TB_Cajas.vlSaldoFinalPesos ,TB_Cajas.vlSaldoFinalDolares ,TB_Cajas.vlSaldoFinalEuros ,TB_Cajas.vlSaldoFinalReales  FROM TB_Cajas  WHERE TB_Cajas.nrCaja = 1000010110  
01/03/2017 21:47:26 |  UPDATE TB_Cajas SET TB_Cajas.vlSaldoFinalPesos  = 1450 ,TB_Cajas.vlSaldoFinalDolares  = 100 ,TB_Cajas.vlSaldoFinalReales  = 0 ,TB_Cajas.vlSaldoFinalEuros  = 50   WHERE TB_Cajas.nrCaja = 1000010110  
01/03/2017 21:47:26 | Exec spu_actualizar_puntosdeventa_facturacion_v4_7 @nrPuesto_param = 1 ,@tipo_iva = 'CF' ,@auto_impresor = 'S' ,@tpFormadePago = null ,@tpComprobante = 'FA' ,@nrComprobante = 633597 
01/03/2017 21:47:26 | Exec SP_PrepararReimpresiondeComprobante_v4_9 @nrTalonario = '0006' ,@nrComprobante = '00633597' ,@tpComprobante = 'FA' ,@tpLetra = 'B' ,@dsUsuario = 'BFAZZALARI' 
01/03/2017 21:47:32 | Exec SP_eliminarTablasImpresion_v4_7 @dsUsuario = 'BFAZZALARI' 
01/03/2017 21:47:32 | Exec spu_obtener_puntosdeventa_facturacion_v4_7 @nrPuesto_param = 1 ,@tipo_iva = 'CF' ,@auto_impresor = 'S' ,@tpFormadePago = null ,@tpComprobante = 'FA' 
01/03/2017 21:47:32 | Exec spu_obtener_puntosdeventa_facturacion_v4_7 @nrPuesto_param = 1 ,@tipo_iva = 'CF' ,@auto_impresor = 'S' ,@tpFormadePago = null ,@tpComprobante = 'FA' 
01/03/2017 21:47:32 | Exec sp_obtenerComision_v4_7 @tpComprobante_param = 'FA' ,@vlTotalGeneral_param = 0 ,@tpComision_param = 'A Clientes' ,@tpCliente_param = 'A Clientes' ,@dsCodigoDestinos_param = null 
01/03/2017 21:47:32 | Exec sp_obtenerComision_v4_7 @tpComprobante_param = 'FA' ,@vlTotalGeneral_param = 0 ,@tpComision_param = 'A Clientes' ,@tpCliente_param = 'A Clientes' ,@dsCodigoDestinos_param = null 
01/03/2017 21:47:32 | Exec sp_obtenerComision_v4_7 @tpComprobante_param = 'FA' ,@vlTotalGeneral_param = 0 ,@tpComision_param = 'A Clientes' ,@tpCliente_param = 'A Clientes' ,@dsCodigoDestinos_param = null 
01/03/2017 21:47:35 | Exec sco_AccesosOpcionesMenu @p_tpNivelAcceso = 'Puestos' ,@p_operaconcaja = 1 
01/03/2017 21:49:29 | Exec  sco_TB_Productos_v4_1 
01/03/2017 21:49:29 | Exec sco_DiccionariodeDatos @nmtabla_param='TB_Usuarios'
01/03/2017 21:49:31 |  SELECT TOP 100 TB_Usuarios.dsUsuario  FROM TB_Usuarios  WHERE TB_Usuarios.tpAcceso <> 'Puestos'  AND  TB_Usuarios.flBloqueado = 0  AND   dsUsuario Like ('c%') AND TB_Usuarios.flEliminar = 0
01/03/2017 21:49:31 |  SELECT TOP 100 TB_Usuarios.dsUsuario  FROM TB_Usuarios  WHERE TB_Usuarios.tpAcceso <> 'Puestos'  AND  TB_Usuarios.flBloqueado = 0  AND   dsUsuario Like ('ca%') AND TB_Usuarios.flEliminar = 0
01/03/2017 21:49:35 |  SELECT TB_Usuarios.dsUsuario ,TB_Usuarios.dspassword ,TB_Usuarios.tpAcceso ,TB_Usuarios.nmNombre ,TB_Usuarios.nmApellido ,TB_Usuarios.flBloqueado ,TB_Usuarios.tpNivelJerarquico  FROM TB_Usuarios  WHERE TB_Usuarios.dsUsuario = 'CAMILAP'  AND  TB_Usuarios.flEliminar = 0  
01/03/2017 21:49:35 |  SELECT TB_Usuarios.dsUsuario ,TB_Usuarios.dspassword ,TB_Usuarios.tpAcceso ,TB_Usuarios.nmNombre ,TB_Usuarios.nmApellido ,TB_Usuarios.flBloqueado ,TB_Usuarios.tpNivelJerarquico  FROM TB_Usuarios  WHERE TB_Usuarios.dsUsuario = 'CAMILAP'  AND  TB_Usuarios.flEliminar = 0  
01/03/2017 21:49:35 | Exec sco_DiccionariodeDatos @nmtabla_param='sp_obtenerCajasPendientesdeAprobacion_v2_5'
01/03/2017 21:49:35 | Exec sp_obtenerCajasPendientesdeAprobacion_v2_5 @pdsUsuario_param = 'CAMILAP' 
01/03/2017 21:49:35 | Exec sp_obtenerCajasRechazadas_v2_9 
01/03/2017 21:49:35 | Exec sco_DiccionariodeDatos @nmtabla_param='TB_Parametros'
01/03/2017 21:49:35 |  SELECT TB_Parametros.vlParametro  FROM TB_Parametros  WHERE TB_Parametros.dsParametro = 'VALOR EURO'  
01/03/2017 21:49:35 |  SELECT TB_Parametros.vlParametro  FROM TB_Parametros  WHERE TB_Parametros.dsParametro = 'VALOR DOLAR'  
01/03/2017 21:49:35 | Exec SP_ValorPromoRetorno
01/03/2017 21:49:35 | Exec sco_DiccionariodeDatos @nmtabla_param='TB_Comisiones'
01/03/2017 21:49:35 |  SELECT TB_Comisiones.vlMontoMinimo  FROM TB_Comisiones  WHERE TB_Comisiones.tpComision = 'Retorno'  AND  TB_Comisiones.flEliminar = 0  
01/03/2017 21:49:35 |  SELECT TB_Parametros.vlParametro  FROM TB_Parametros  WHERE TB_Parametros.dsParametro = 'VALOR REAL'  
01/03/2017 21:49:35 | Exec sco_DiccionariodeDatos @nmtabla_param='TB_Cajas'
01/03/2017 21:49:35 |  SELECT TB_Cajas.nrCaja  FROM TB_Cajas  WHERE TB_Cajas.dsUsuario = 'CAMILAP'  and  TB_Cajas.flEstado = 0  and  TB_Cajas.tpEstadoAprobacion IS NULL  and  TB_Cajas.nrcaja > 0  
01/03/2017 21:49:37 |  SELECT TB_Cajas.nrCaja ,TB_Cajas.vlTotalSaldoFinal ,TB_Cajas.nrPuesto ,TB_Cajas.dsUsuario ,TB_Cajas.vlSaldoInicialPesos ,TB_Cajas.dtApertura ,TB_Cajas.dtCierre ,TB_Cajas.vlDiaDolar ,TB_Cajas.vlDiaEuro ,TB_Cajas.vlSaldoInicialEuros ,TB_Cajas.vlSaldoInicialDolares ,TB_Cajas.vlSaldoFinalRealPesos ,TB_Cajas.vlTotalSaldoInicial ,TB_Cajas.dtObservacion ,TB_Cajas.vlCierrePesos ,TB_Cajas.vlSaldoFinalRealDolares ,TB_Cajas.vlSaldoFinalRealEuros ,TB_Cajas.vlTotalSaldoFinalReal ,TB_Cajas.vlCierreDolares ,TB_Cajas.vlCierreEuros ,TB_Cajas.dsObservacion ,TB_Cajas.vlDiaReal ,TB_Cajas.flEstado  FROM TB_Cajas  WHERE TB_Cajas.nrCaja = 9000003773  
01/03/2017 21:49:37 | Exec sco_DiccionariodeDatos @nmtabla_param='SP_SumaCajaADM_v2_9'
01/03/2017 21:49:37 | Exec SP_SumaCajaADM_v2_9 @nrCaja_param = 9000003773 ,@tpCaja_param = 'CA' ,@tpCajaImputacion_param = null 
01/03/2017 21:49:37 |  UPDATE TB_Cajas SET TB_Cajas.vlSaldoFinalRealPesos  = -258.92 ,TB_Cajas.vlSaldoFinalRealEuros  = 0.00 ,TB_Cajas.vlSaldoFinalRealDolares  = 0.00 ,TB_Cajas.vlCierrePesos  = -258.92 ,TB_Cajas.vlCierreDolares  = 0 ,TB_Cajas.vlCierreEuros  = 0   WHERE TB_Cajas.nrCaja = 9000003773  
01/03/2017 21:49:38 |  UPDATE TB_Cajas SET TB_Cajas.nrCaja  = 9000003773 ,TB_Cajas.vlTotalSaldoFinal  = -258.92 ,TB_Cajas.nrPuesto  = 9 ,TB_Cajas.dsUsuario  = 'CAMILAP' ,TB_Cajas.vlSaldoInicialPesos  = 0.00 ,TB_Cajas.dtApertura  = '19/08/2015 11:17:24' ,TB_Cajas.dtCierre  = null ,TB_Cajas.vlDiaDolar  = 9.10 ,TB_Cajas.vlDiaEuro  = 10.00 ,TB_Cajas.vlSaldoInicialEuros  = 0.00 ,TB_Cajas.vlSaldoInicialDolares  = 0.00 ,TB_Cajas.vlSaldoFinalRealPesos  = 0.00 ,TB_Cajas.vlTotalSaldoInicial  = 0.00 ,TB_Cajas.dtObservacion  = '01/03/2017 9:49:38' ,TB_Cajas.vlCierrePesos  = -258.92 ,TB_Cajas.vlSaldoFinalRealDolares  = 0.00 ,TB_Cajas.vlSaldoFinalRealEuros  = 0.00 ,TB_Cajas.vlTotalSaldoFinalReal  = -258.92 ,TB_Cajas.vlCierreDolares  = 0 ,TB_Cajas.vlCierreEuros  = 0 ,TB_Cajas.dsObservacion  = null ,TB_Cajas.vlDiaReal  = 3.21 ,TB_Cajas.flCajaAdm  = 1   WHERE TB_Cajas.nrCaja = 9000003773  
01/03/2017 21:49:38 | Exec sco_DiccionariodeDatos @nmtabla_param='VW_UltimaCajaAdm'
01/03/2017 21:49:38 |  SELECT VW_UltimaCajaAdm.nrCaja ,VW_UltimaCajaAdm.vlSaldoFinalRealPesos ,VW_UltimaCajaAdm.vlSaldoFinalRealEuros ,VW_UltimaCajaAdm.vlSaldoFinalRealDolares  FROM VW_UltimaCajaAdm 
01/03/2017 21:49:38 |  SELECT TB_Cajas.nrCaja  FROM TB_Cajas  WHERE TB_Cajas.nrCaja = 9000003773  AND  TB_Cajas.flEstado = 0  
01/03/2017 21:49:38 | Exec sco_DiccionariodeDatos @nmtabla_param='sco_cajapuesto_v3_9'
01/03/2017 21:49:38 | Exec sco_cajapuesto_v3_9 @nrCaja_param = 9000003772 
01/03/2017 21:49:38 | Exec sco_cajapuesto_v3_9 @nrCaja_param = 9000003773 
01/03/2017 21:49:39 | Exec sco_DiccionariodeDatos @nmtabla_param='spu_esdifporCotizacionImputadas_v3_9'
01/03/2017 21:49:39 | Exec spu_esdifporCotizacionImputadas_v3_9 @nrCajaAdmActual = 9000003773 
01/03/2017 21:49:39 | Exec sco_validarVencimientosCAI_v4_1
01/03/2017 21:49:40 | Exec sco_DiccionariodeDatos @nmtabla_param='sco_AccesosOpcionesMenu'
01/03/2017 21:49:40 | Exec sco_AccesosOpcionesMenu @p_tpNivelAcceso = 'Administracin' ,@p_operaconcaja = 1 
01/03/2017 21:49:40 | Exec sco_AccesosOpcionesMenu @p_tpNivelAcceso = 'Administracin' ,@p_operaconcaja = 1 
01/03/2017 21:49:43 | Exec sco_DiccionariodeDatos @nmtabla_param='VW_CajadeADMAbierta'
01/03/2017 21:49:43 |  SELECT VW_CajadeADMAbierta.nrCaja ,VW_CajadeADMAbierta.vlSaldoFinalRealPesos ,VW_CajadeADMAbierta.vlSaldoFinalRealEuros ,VW_CajadeADMAbierta.vlSaldoFinalRealDolares ,VW_CajadeADMAbierta.dsUsuario  FROM VW_CajadeADMAbierta 
01/03/2017 21:49:43 | Inicializando Servicio SGLibrary.ServiceConciliacion
01/03/2017 21:49:43 | Inicializando Servicio SGLibrary.ServiceConciliacion OK 
01/03/2017 21:49:43 | Antes de  UsuarioActivo objUsuario.dsUsuario 
01/03/2017 21:51:26 | Exec  sco_TB_Productos_v4_1 
01/03/2017 21:51:26 | Exec sco_DiccionariodeDatos @nmtabla_param='TB_Usuarios'
01/03/2017 21:51:28 |  SELECT TOP 100 TB_Usuarios.dsUsuario  FROM TB_Usuarios  WHERE TB_Usuarios.tpAcceso <> 'Puestos'  AND  TB_Usuarios.flBloqueado = 0  AND   dsUsuario Like ('c%') AND TB_Usuarios.flEliminar = 0
01/03/2017 21:51:28 |  SELECT TOP 100 TB_Usuarios.dsUsuario  FROM TB_Usuarios  WHERE TB_Usuarios.tpAcceso <> 'Puestos'  AND  TB_Usuarios.flBloqueado = 0  AND   dsUsuario Like ('ca%') AND TB_Usuarios.flEliminar = 0
01/03/2017 21:51:28 |  SELECT TOP 100 TB_Usuarios.dsUsuario  FROM TB_Usuarios  WHERE TB_Usuarios.tpAcceso <> 'Puestos'  AND  TB_Usuarios.flBloqueado = 0  AND   dsUsuario Like ('cam%') AND TB_Usuarios.flEliminar = 0
01/03/2017 21:51:28 |  SELECT TOP 100 TB_Usuarios.dsUsuario  FROM TB_Usuarios  WHERE TB_Usuarios.tpAcceso <> 'Puestos'  AND  TB_Usuarios.flBloqueado = 0  AND   dsUsuario Like ('cami%') AND TB_Usuarios.flEliminar = 0
01/03/2017 21:51:29 |  SELECT TOP 100 TB_Usuarios.dsUsuario  FROM TB_Usuarios  WHERE TB_Usuarios.tpAcceso <> 'Puestos'  AND  TB_Usuarios.flBloqueado = 0  AND   dsUsuario Like ('camil%') AND TB_Usuarios.flEliminar = 0
01/03/2017 21:51:29 |  SELECT TOP 100 TB_Usuarios.dsUsuario  FROM TB_Usuarios  WHERE TB_Usuarios.tpAcceso <> 'Puestos'  AND  TB_Usuarios.flBloqueado = 0  AND   dsUsuario Like ('camila%') AND TB_Usuarios.flEliminar = 0
01/03/2017 21:51:33 |  SELECT TB_Usuarios.dsUsuario ,TB_Usuarios.dspassword ,TB_Usuarios.tpAcceso ,TB_Usuarios.nmNombre ,TB_Usuarios.nmApellido ,TB_Usuarios.flBloqueado ,TB_Usuarios.tpNivelJerarquico  FROM TB_Usuarios  WHERE TB_Usuarios.dsUsuario = 'CAMILAP'  AND  TB_Usuarios.flEliminar = 0  
01/03/2017 21:51:33 |  SELECT TB_Usuarios.dsUsuario ,TB_Usuarios.dspassword ,TB_Usuarios.tpAcceso ,TB_Usuarios.nmNombre ,TB_Usuarios.nmApellido ,TB_Usuarios.flBloqueado ,TB_Usuarios.tpNivelJerarquico  FROM TB_Usuarios  WHERE TB_Usuarios.dsUsuario = 'CAMILAP'  AND  TB_Usuarios.flEliminar = 0  
01/03/2017 21:51:33 | Exec sco_DiccionariodeDatos @nmtabla_param='sp_obtenerCajasPendientesdeAprobacion_v2_5'
01/03/2017 21:51:33 | Exec sp_obtenerCajasPendientesdeAprobacion_v2_5 @pdsUsuario_param = 'CAMILAP' 
01/03/2017 21:51:33 | Exec sp_obtenerCajasRechazadas_v2_9 
01/03/2017 21:51:33 | Exec sco_DiccionariodeDatos @nmtabla_param='TB_Parametros'
01/03/2017 21:51:33 |  SELECT TB_Parametros.vlParametro  FROM TB_Parametros  WHERE TB_Parametros.dsParametro = 'VALOR EURO'  
01/03/2017 21:51:33 |  SELECT TB_Parametros.vlParametro  FROM TB_Parametros  WHERE TB_Parametros.dsParametro = 'VALOR DOLAR'  
01/03/2017 21:51:33 | Exec SP_ValorPromoRetorno
01/03/2017 21:51:33 | Exec sco_DiccionariodeDatos @nmtabla_param='TB_Comisiones'
01/03/2017 21:51:33 |  SELECT TB_Comisiones.vlMontoMinimo  FROM TB_Comisiones  WHERE TB_Comisiones.tpComision = 'Retorno'  AND  TB_Comisiones.flEliminar = 0  
01/03/2017 21:51:33 |  SELECT TB_Parametros.vlParametro  FROM TB_Parametros  WHERE TB_Parametros.dsParametro = 'VALOR REAL'  
01/03/2017 21:51:33 | Exec sco_DiccionariodeDatos @nmtabla_param='TB_Cajas'
01/03/2017 21:51:33 |  SELECT TB_Cajas.nrCaja  FROM TB_Cajas  WHERE TB_Cajas.dsUsuario = 'CAMILAP'  and  TB_Cajas.flEstado = 0  and  TB_Cajas.tpEstadoAprobacion IS NULL  and  TB_Cajas.nrcaja > 0  
01/03/2017 21:51:35 |  SELECT TB_Cajas.nrCaja ,TB_Cajas.vlTotalSaldoFinal ,TB_Cajas.nrPuesto ,TB_Cajas.dsUsuario ,TB_Cajas.vlSaldoInicialPesos ,TB_Cajas.dtApertura ,TB_Cajas.dtCierre ,TB_Cajas.vlDiaDolar ,TB_Cajas.vlDiaEuro ,TB_Cajas.vlSaldoInicialEuros ,TB_Cajas.vlSaldoInicialDolares ,TB_Cajas.vlSaldoFinalRealPesos ,TB_Cajas.vlTotalSaldoInicial ,TB_Cajas.dtObservacion ,TB_Cajas.vlCierrePesos ,TB_Cajas.vlSaldoFinalRealDolares ,TB_Cajas.vlSaldoFinalRealEuros ,TB_Cajas.vlTotalSaldoFinalReal ,TB_Cajas.vlCierreDolares ,TB_Cajas.vlCierreEuros ,TB_Cajas.dsObservacion ,TB_Cajas.vlDiaReal ,TB_Cajas.flEstado  FROM TB_Cajas  WHERE TB_Cajas.nrCaja = 9000003773  
01/03/2017 21:51:35 | Exec sco_DiccionariodeDatos @nmtabla_param='SP_SumaCajaADM_v2_9'
01/03/2017 21:51:35 | Exec SP_SumaCajaADM_v2_9 @nrCaja_param = 9000003773 ,@tpCaja_param = 'CA' ,@tpCajaImputacion_param = null 
01/03/2017 21:51:35 |  UPDATE TB_Cajas SET TB_Cajas.vlSaldoFinalRealPesos  = -258.92 ,TB_Cajas.vlSaldoFinalRealEuros  = 0.00 ,TB_Cajas.vlSaldoFinalRealDolares  = 0.00 ,TB_Cajas.vlCierrePesos  = -258.92 ,TB_Cajas.vlCierreDolares  = 0 ,TB_Cajas.vlCierreEuros  = 0   WHERE TB_Cajas.nrCaja = 9000003773  
01/03/2017 21:51:39 |  UPDATE TB_Cajas SET TB_Cajas.nrCaja  = 9000003773 ,TB_Cajas.vlTotalSaldoFinal  = -258.92 ,TB_Cajas.nrPuesto  = 9 ,TB_Cajas.dsUsuario  = 'CAMILAP' ,TB_Cajas.vlSaldoInicialPesos  = 0.00 ,TB_Cajas.dtApertura  = '19/08/2015 11:17:24' ,TB_Cajas.dtCierre  = null ,TB_Cajas.vlDiaDolar  = 9.10 ,TB_Cajas.vlDiaEuro  = 10.00 ,TB_Cajas.vlSaldoInicialEuros  = 0.00 ,TB_Cajas.vlSaldoInicialDolares  = 0.00 ,TB_Cajas.vlSaldoFinalRealPesos  = 0.00 ,TB_Cajas.vlTotalSaldoInicial  = 0.00 ,TB_Cajas.dtObservacion  = '01/03/2017 9:51:39' ,TB_Cajas.vlCierrePesos  = -258.92 ,TB_Cajas.vlSaldoFinalRealDolares  = 0.00 ,TB_Cajas.vlSaldoFinalRealEuros  = 0.00 ,TB_Cajas.vlTotalSaldoFinalReal  = -258.92 ,TB_Cajas.vlCierreDolares  = 0 ,TB_Cajas.vlCierreEuros  = 0 ,TB_Cajas.dsObservacion  = null ,TB_Cajas.vlDiaReal  = 3.21 ,TB_Cajas.flCajaAdm  = 1   WHERE TB_Cajas.nrCaja = 9000003773  
01/03/2017 21:51:39 | Exec sco_DiccionariodeDatos @nmtabla_param='VW_UltimaCajaAdm'
01/03/2017 21:51:39 |  SELECT VW_UltimaCajaAdm.nrCaja ,VW_UltimaCajaAdm.vlSaldoFinalRealPesos ,VW_UltimaCajaAdm.vlSaldoFinalRealEuros ,VW_UltimaCajaAdm.vlSaldoFinalRealDolares  FROM VW_UltimaCajaAdm 
01/03/2017 21:51:39 |  SELECT TB_Cajas.nrCaja  FROM TB_Cajas  WHERE TB_Cajas.nrCaja = 9000003773  AND  TB_Cajas.flEstado = 0  
01/03/2017 21:51:39 | Exec sco_DiccionariodeDatos @nmtabla_param='sco_cajapuesto_v3_9'
01/03/2017 21:51:39 | Exec sco_cajapuesto_v3_9 @nrCaja_param = 9000003772 
01/03/2017 21:51:39 | Exec sco_cajapuesto_v3_9 @nrCaja_param = 9000003773 
01/03/2017 21:51:39 | Exec sco_DiccionariodeDatos @nmtabla_param='spu_esdifporCotizacionImputadas_v3_9'
01/03/2017 21:51:39 | Exec spu_esdifporCotizacionImputadas_v3_9 @nrCajaAdmActual = 9000003773 
01/03/2017 21:51:39 | Exec sco_validarVencimientosCAI_v4_1
01/03/2017 21:51:40 | Exec sco_DiccionariodeDatos @nmtabla_param='sco_AccesosOpcionesMenu'
01/03/2017 21:51:40 | Exec sco_AccesosOpcionesMenu @p_tpNivelAcceso = 'Administracin' ,@p_operaconcaja = 1 
01/03/2017 21:51:40 | Exec sco_AccesosOpcionesMenu @p_tpNivelAcceso = 'Administracin' ,@p_operaconcaja = 1 
01/03/2017 21:51:42 | Exec sco_DiccionariodeDatos @nmtabla_param='VW_CajadeADMAbierta'
01/03/2017 21:51:42 |  SELECT VW_CajadeADMAbierta.nrCaja ,VW_CajadeADMAbierta.vlSaldoFinalRealPesos ,VW_CajadeADMAbierta.vlSaldoFinalRealEuros ,VW_CajadeADMAbierta.vlSaldoFinalRealDolares ,VW_CajadeADMAbierta.dsUsuario  FROM VW_CajadeADMAbierta 
01/03/2017 21:51:42 | Inicializando Servicio SGLibrary.ServiceConciliacion
01/03/2017 21:51:42 | Inicializando Servicio SGLibrary.ServiceConciliacion OK 
01/03/2017 21:51:42 | Antes de  UsuarioActivo objUsuario.dsUsuario 
01/03/2017 21:51:42 | Antes de  CajaActiva objCajas.nrCaja 
01/03/2017 21:51:42 | Antes de  CajaActiva objCajas.nrCaja 
