05/07/2017 16:41:18 | Exec sco_DiccionariodeDatos @nmtabla_param='TB_Puestos'
05/07/2017 16:41:18 |  SELECT TB_Puestos.nrPuesto ,TB_Puestos.dsPuesto  FROM TB_Puestos   
05/07/2017 16:41:19 |  SELECT TB_Puestos.nrPuesto ,TB_Puestos.dsPuesto  FROM TB_Puestos  WHERE TB_Puestos.nrPuesto = 9    
05/07/2017 16:41:22 | Exec  sco_TB_Productos_v4_1 
05/07/2017 16:41:22 | Exec sco_DiccionariodeDatos @nmtabla_param='TB_Usuarios'
05/07/2017 16:41:25 |  SELECT TB_Usuarios.dsUsuario ,TB_Usuarios.dspassword ,TB_Usuarios.tpAcceso ,TB_Usuarios.nmNombre ,TB_Usuarios.nmApellido ,TB_Usuarios.flBloqueado ,TB_Usuarios.tpNivelJerarquico  FROM TB_Usuarios  WHERE TB_Usuarios.dsUsuario = 'CAMILAP'  AND  TB_Usuarios.flEliminar = 0    
05/07/2017 16:41:26 |  SELECT TB_Usuarios.dsUsuario ,TB_Usuarios.dspassword ,TB_Usuarios.tpAcceso ,TB_Usuarios.nmNombre ,TB_Usuarios.nmApellido ,TB_Usuarios.flBloqueado ,TB_Usuarios.tpNivelJerarquico  FROM TB_Usuarios  WHERE TB_Usuarios.dsUsuario = 'CAMILAP'  AND  TB_Usuarios.flEliminar = 0    
05/07/2017 16:41:26 | Exec sco_DiccionariodeDatos @nmtabla_param='sp_obtenerCajasPendientesdeAprobacion_v2_5'
05/07/2017 16:41:27 | Exec sp_obtenerCajasPendientesdeAprobacion_v2_5 @pdsUsuario_param = 'CAMILAP' 
05/07/2017 16:41:27 | Exec sp_obtenerCajasRechazadas_v2_9 
05/07/2017 16:41:27 | Exec sco_DiccionariodeDatos @nmtabla_param='TB_Parametros'
05/07/2017 16:41:27 |  SELECT TB_Parametros.vlParametro  FROM TB_Parametros  WHERE TB_Parametros.dsParametro = 'VALOR EURO'    
05/07/2017 16:41:27 |  SELECT TB_Parametros.vlParametro  FROM TB_Parametros  WHERE TB_Parametros.dsParametro = 'VALOR DOLAR'    
05/07/2017 16:41:27 | Exec SP_ValorPromoRetorno
05/07/2017 16:41:27 | Exec sco_DiccionariodeDatos @nmtabla_param='TB_Comisiones'
05/07/2017 16:41:27 |  SELECT TB_Comisiones.vlMontoMinimo  FROM TB_Comisiones  WHERE TB_Comisiones.tpComision = 'Retorno'  AND  TB_Comisiones.flEliminar = 0    
05/07/2017 16:41:27 |  SELECT TB_Parametros.vlParametro  FROM TB_Parametros  WHERE TB_Parametros.dsParametro = 'VALOR REAL'    
05/07/2017 16:41:27 | Exec sco_DiccionariodeDatos @nmtabla_param='TB_Cajas'
05/07/2017 16:41:31 |  SELECT TB_Cajas.nrCaja  FROM TB_Cajas  WHERE TB_Cajas.dsUsuario = 'CAMILAP'  and  TB_Cajas.flEstado = 0  and  TB_Cajas.tpEstadoAprobacion IS NULL  and  TB_Cajas.nrcaja > 0    
05/07/2017 16:41:33 |  SELECT TB_Cajas.nrCaja ,TB_Cajas.vlTotalSaldoFinal ,TB_Cajas.nrPuesto ,TB_Cajas.dsUsuario ,TB_Cajas.vlSaldoInicialPesos ,TB_Cajas.dtApertura ,TB_Cajas.dtCierre ,TB_Cajas.vlDiaDolar ,TB_Cajas.vlDiaEuro ,TB_Cajas.vlSaldoInicialEuros ,TB_Cajas.vlSaldoInicialDolares ,TB_Cajas.vlSaldoFinalRealPesos ,TB_Cajas.vlTotalSaldoInicial ,TB_Cajas.dtObservacion ,TB_Cajas.vlCierrePesos ,TB_Cajas.vlSaldoFinalRealDolares ,TB_Cajas.vlSaldoFinalRealEuros ,TB_Cajas.vlTotalSaldoFinalReal ,TB_Cajas.vlCierreDolares ,TB_Cajas.vlCierreEuros ,TB_Cajas.dsObservacion ,TB_Cajas.vlDiaReal ,TB_Cajas.flEstado  FROM TB_Cajas  WHERE TB_Cajas.nrCaja = 9000004252    
05/07/2017 16:41:33 | Exec sco_DiccionariodeDatos @nmtabla_param='SP_SumaCajaADM_v2_9'
05/07/2017 16:41:33 | Exec SP_SumaCajaADM_v2_9 @nrCaja_param = 9000004252 ,@tpCaja_param = 'CA' ,@tpCajaImputacion_param = null 
05/07/2017 16:41:34 |  UPDATE TB_Cajas SET TB_Cajas.vlSaldoFinalRealPesos  = 1541648.00 ,TB_Cajas.vlSaldoFinalRealEuros  = 0.00 ,TB_Cajas.vlSaldoFinalRealDolares  = 0.00 ,TB_Cajas.vlCierrePesos  = 0 ,TB_Cajas.vlCierreDolares  = 0 ,TB_Cajas.vlCierreEuros  = 0   WHERE TB_Cajas.nrCaja = 9000004252  
05/07/2017 16:41:35 |  UPDATE TB_Cajas SET TB_Cajas.nrCaja  = 9000004252 ,TB_Cajas.vlTotalSaldoFinal  = 0.00 ,TB_Cajas.nrPuesto  = 9 ,TB_Cajas.dsUsuario  = 'CAMILAP' ,TB_Cajas.vlSaldoInicialPesos  = 1541648.00 ,TB_Cajas.dtApertura  = '04/04/2017 17:52:50' ,TB_Cajas.dtCierre  = null ,TB_Cajas.vlDiaDolar  = 14.60 ,TB_Cajas.vlDiaEuro  = 15.60 ,TB_Cajas.vlSaldoInicialEuros  = 0.00 ,TB_Cajas.vlSaldoInicialDolares  = 0.00 ,TB_Cajas.vlSaldoFinalRealPesos  = 1541648.00 ,TB_Cajas.vlTotalSaldoInicial  = 1541648.00 ,TB_Cajas.dtObservacion  = '05/07/2017 16:41:35' ,TB_Cajas.vlCierrePesos  = 0 ,TB_Cajas.vlSaldoFinalRealDolares  = 0.00 ,TB_Cajas.vlSaldoFinalRealEuros  = 0.00 ,TB_Cajas.vlTotalSaldoFinalReal  = 1541648.00 ,TB_Cajas.vlCierreDolares  = 0 ,TB_Cajas.vlCierreEuros  = 0 ,TB_Cajas.dsObservacion  = null ,TB_Cajas.vlDiaReal  = 4.33 ,TB_Cajas.flCajaAdm  = 1   WHERE TB_Cajas.nrCaja = 9000004252  
05/07/2017 16:41:35 | Exec sco_DiccionariodeDatos @nmtabla_param='VW_UltimaCajaAdm'
05/07/2017 16:41:35 |  SELECT VW_UltimaCajaAdm.nrCaja ,VW_UltimaCajaAdm.vlSaldoFinalRealPesos ,VW_UltimaCajaAdm.vlSaldoFinalRealEuros ,VW_UltimaCajaAdm.vlSaldoFinalRealDolares  FROM VW_UltimaCajaAdm   
05/07/2017 16:41:35 |  SELECT TB_Cajas.nrCaja  FROM TB_Cajas  WHERE TB_Cajas.nrCaja = 9000004252  AND  TB_Cajas.flEstado = 0    
05/07/2017 16:41:35 | Exec sco_DiccionariodeDatos @nmtabla_param='sco_cajapuesto_v3_9'
05/07/2017 16:41:35 | Exec sco_cajapuesto_v3_9 @nrCaja_param = 9000004251 
05/07/2017 16:41:35 | Exec sco_cajapuesto_v3_9 @nrCaja_param = 9000004252 
05/07/2017 16:41:35 | Exec sco_DiccionariodeDatos @nmtabla_param='spu_esdifporCotizacionImputadas_v3_9'
05/07/2017 16:41:35 | Exec spu_esdifporCotizacionImputadas_v3_9 @nrCajaAdmActual = 9000004252 
05/07/2017 16:41:36 | Exec sco_validarVencimientosCAI_v4_1
05/07/2017 16:41:37 | Exec sco_DiccionariodeDatos @nmtabla_param='sco_AccesosOpcionesMenu'
05/07/2017 16:41:37 | Exec sco_AccesosOpcionesMenu @p_tpNivelAcceso = 'Administración' ,@p_operaconcaja = 1 
05/07/2017 16:41:38 | Exec sco_AccesosOpcionesMenu @p_tpNivelAcceso = 'Administración' ,@p_operaconcaja = 1 
05/07/2017 16:41:40 | Exec sco_DiccionariodeDatos @nmtabla_param='VW_CajasPuestos_v2_5'
05/07/2017 16:41:40 |  SELECT VW_CajasPuestos_v2_5.nrCaja ,VW_CajasPuestos_v2_5.dtApertura ,VW_CajasPuestos_v2_5.dtCierre ,VW_CajasPuestos_v2_5.nrPuesto ,VW_CajasPuestos_v2_5.dsUsuario ,VW_CajasPuestos_v2_5.vlDiferenciaDeCierre ,VW_CajasPuestos_v2_5.dsUsuario ,VW_CajasPuestos_v2_5.vlSaldoInicialPesos ,VW_CajasPuestos_v2_5.vlSaldoFinalPesos ,VW_CajasPuestos_v2_5.flSincronizado ,VW_CajasPuestos_v2_5.tpEstadoAprobacion  FROM VW_CajasPuestos_v2_5  WHERE VW_CajasPuestos_v2_5.nrPuesto <> 9 AND VW_CajasPuestos_v2_5.dtApertura >= '20/06/2017 00:00:00'  AND  VW_CajasPuestos_v2_5.dtApertura <= '05/07/2017 23:59:59'  AND   nrCaja Like ('%%%')   Order by VW_CajasPuestos_v2_5.dtApertura DESC 
05/07/2017 16:41:51 |  SELECT VW_CajasPuestos_v2_5.nrCaja ,VW_CajasPuestos_v2_5.dtApertura ,VW_CajasPuestos_v2_5.dtCierre ,VW_CajasPuestos_v2_5.nrPuesto ,VW_CajasPuestos_v2_5.dsUsuario ,VW_CajasPuestos_v2_5.vlDiferenciaDeCierre ,VW_CajasPuestos_v2_5.dsUsuario ,VW_CajasPuestos_v2_5.vlSaldoInicialPesos ,VW_CajasPuestos_v2_5.vlSaldoFinalPesos ,VW_CajasPuestos_v2_5.flSincronizado ,VW_CajasPuestos_v2_5.tpEstadoAprobacion  FROM VW_CajasPuestos_v2_5  WHERE VW_CajasPuestos_v2_5.nrPuesto <> 9 AND VW_CajasPuestos_v2_5.dtApertura >= '01/06/2016 00:00:00'  AND  VW_CajasPuestos_v2_5.dtApertura <= '05/07/2017 23:59:59'  AND   nrCaja Like ('%%%')   Order by VW_CajasPuestos_v2_5.dtApertura DESC 
05/07/2017 16:42:17 |  SELECT TB_Usuarios.dsUsuario ,TB_Usuarios.nmNombre ,TB_Usuarios.nmApellido ,TB_Usuarios.tpNivelJerarquico  FROM TB_Usuarios  WHERE TB_Usuarios.flEliminar = 0  AND  TB_Usuarios.flBloqueado = 0  AND  TB_Usuarios.tpNivelJerarquico = 'Supervisor'    
05/07/2017 16:42:23 |  SELECT TB_Usuarios.dsUsuario ,TB_Usuarios.dspassword ,TB_Usuarios.tpAcceso ,TB_Usuarios.nmNombre ,TB_Usuarios.nmApellido ,TB_Usuarios.flBloqueado ,TB_Usuarios.tpNivelJerarquico  FROM TB_Usuarios  WHERE TB_Usuarios.dsUsuario = 'USRPARAM'  AND  TB_Usuarios.flEliminar = 0    
05/07/2017 16:42:23 | Exec sco_DiccionariodeDatos @nmtabla_param='sco_cajapuesto_v3_7'
05/07/2017 16:42:23 | Exec sco_cajapuesto_v3_7 @nrCaja_param = 1000011382 
05/07/2017 16:42:23 | Exec sco_DiccionariodeDatos @nmtabla_param='sco_Comprobantes_cajapuesto_v3_7'
05/07/2017 16:42:24 | Exec sco_Comprobantes_cajapuesto_v3_7 @nrCaja_param = 1000011382 
05/07/2017 16:42:25 | Exec sco_DiccionariodeDatos @nmtabla_param='sco_obtenerCierresCajaPuesto_v2_5'
05/07/2017 16:42:25 | Exec sco_obtenerCierresCajaPuesto_v2_5 @nrCaja_param = 1000011382 
05/07/2017 16:42:25 | Exec sco_DiccionariodeDatos @nmtabla_param='SP_puedeOperarUsuarioCajaPuesto_v3_2'
05/07/2017 16:42:25 | Exec SP_puedeOperarUsuarioCajaPuesto_v3_2 @pnrCaja_param = 1000011382 ,@pdsUsuario_param = 'CAMILAP' 
05/07/2017 16:42:28 | Exec SP_puedeOperarUsuarioCajaPuesto_v3_2 @pnrCaja_param = 1000011382 ,@pdsUsuario_param = 'CAMILAP' 
05/07/2017 16:42:28 | Exec sco_DiccionariodeDatos @nmtabla_param='SP_realizarReaperturadelaCajaPuesto_v3_2'
05/07/2017 16:42:28 | Exec SP_realizarReaperturadelaCajaPuesto_v3_2 @pnrCaja_param = 1000011382 ,@pdsUsuario_param = 'CAMILAP' ,@pdsUsuario_Supervisor_param = 'USRPARAM' 
05/07/2017 16:42:28 | Exec sco_cajapuesto_v3_7 @nrCaja_param = 1000011382 
05/07/2017 16:42:28 | Exec sco_Comprobantes_cajapuesto_v3_7 @nrCaja_param = 1000011382 
05/07/2017 16:42:29 | Exec sco_obtenerCierresCajaPuesto_v2_5 @nrCaja_param = 1000011382 
05/07/2017 16:42:29 | Exec SP_puedeOperarUsuarioCajaPuesto_v3_2 @pnrCaja_param = 1000011382 ,@pdsUsuario_param = 'CAMILAP' 
05/07/2017 16:42:35 |  SELECT TB_Puestos.nrPuesto ,TB_Puestos.dsPuesto  FROM TB_Puestos   
05/07/2017 16:42:35 |  SELECT TB_Puestos.nrPuesto ,TB_Puestos.dsPuesto  FROM TB_Puestos  WHERE TB_Puestos.nrPuesto = 1    
05/07/2017 16:42:39 |  SELECT tb_parametros.dsParametro ,tb_parametros.vlParametro ,tb_parametros.tpParametro ,tb_parametros.flEditable ,tb_parametros.nrTamanio ,tb_parametros.dtActualizacion  FROM tb_parametros  WHERE tb_parametros.dsParametro = 'PORC_RECARGO_TD'    
05/07/2017 16:42:39 |  SELECT tb_parametros.dsParametro ,tb_parametros.vlParametro ,tb_parametros.tpParametro ,tb_parametros.flEditable ,tb_parametros.nrTamanio ,tb_parametros.dtActualizacion  FROM tb_parametros  WHERE tb_parametros.dsParametro = 'PORC_RECARGO_TC'    
05/07/2017 16:42:39 |  SELECT tb_parametros.dsParametro ,tb_parametros.vlParametro ,tb_parametros.tpParametro ,tb_parametros.flEditable ,tb_parametros.nrTamanio ,tb_parametros.dtActualizacion  FROM tb_parametros  WHERE tb_parametros.dsParametro = 'PORC_RECARGO_TP'    
05/07/2017 16:42:39 | Exec sco_DiccionariodeDatos @nmtabla_param='TB_Comprobantes'
05/07/2017 16:42:39 | Exec sco_DiccionariodeDatos @nmtabla_param='sp_obtenerComision_v4_7'
05/07/2017 16:42:39 | Exec sp_obtenerComision_v4_7 @tpComprobante_param = null ,@vlTotalGeneral_param = 0 ,@tpComision_param = null ,@tpCliente_param = null ,@dsCodigoDestinos_param = null 
05/07/2017 16:42:39 | Exec sp_obtenerComision_v4_7 @tpComprobante_param = null ,@vlTotalGeneral_param = 0 ,@tpComision_param = 'A Clientes' ,@tpCliente_param = 'A Clientes' ,@dsCodigoDestinos_param = null 
05/07/2017 16:42:39 | Exec sco_DiccionariodeDatos @nmtabla_param='spu_obtener_puntosdeventa_facturacion_v4_9_71'
05/07/2017 16:42:55 | Exec sco_DiccionariodeDatos @nmtabla_param='spu_obtener_puntosdeventa_facturacion_v4_9_71'
05/07/2017 16:42:56 | Exec sco_DiccionariodeDatos @nmtabla_param='spu_obtener_puntosdeventa_facturacion_v4_9_71'
05/07/2017 16:42:57 | Exec sco_DiccionariodeDatos @nmtabla_param='spu_obtener_puntosdeventa_facturacion_v4_9_71'
05/07/2017 16:42:57 | Exec sco_DiccionariodeDatos @nmtabla_param='spu_obtener_puntosdeventa_facturacion_v4_9_71'
05/07/2017 16:42:58 | Exec spu_obtener_puntosdeventa_facturacion_v4_9_71 
05/07/2017 16:42:58 | Invalid procedure call or argument
05/07/2017 17:00:04 | Exec sco_DiccionariodeDatos @nmtabla_param='spu_obtener_puntosdeventa_facturacion_v4_9_71'
05/07/2017 17:00:04 | Exec spu_obtener_puntosdeventa_facturacion_v4_9_71 @nrPuesto_param = 1 ,@tipo_iva = 'CF' ,@auto_impresor = 'N' ,@tpFormadePago = null ,@tpComprobante = 'FA' 
05/07/2017 17:00:04 | Exec sp_obtenerComision_v4_7 @tpComprobante_param = 'FA' ,@vlTotalGeneral_param = 0 ,@tpComision_param = 'A Clientes' ,@tpCliente_param = 'A Clientes' ,@dsCodigoDestinos_param = null 
05/07/2017 17:00:04 | Exec spu_obtener_puntosdeventa_facturacion_v4_9_71 @nrPuesto_param = 1 ,@tipo_iva = 'CF' ,@auto_impresor = 'N' ,@tpFormadePago = null ,@tpComprobante = 'FA' 
05/07/2017 17:00:04 | Exec spu_obtener_puntosdeventa_facturacion_v4_9_71 @nrPuesto_param = 1 ,@tipo_iva = 'CF' ,@auto_impresor = 'N' ,@tpFormadePago = null ,@tpComprobante = 'FA' 
05/07/2017 17:00:04 | Exec sp_obtenerComision_v4_7 @tpComprobante_param = 'FA' ,@vlTotalGeneral_param = 0 ,@tpComision_param = 'A Clientes' ,@tpCliente_param = 'A Clientes' ,@dsCodigoDestinos_param = null 
05/07/2017 17:00:04 | Exec sp_obtenerComision_v4_7 @tpComprobante_param = 'FA' ,@vlTotalGeneral_param = 0 ,@tpComision_param = 'A Clientes' ,@tpCliente_param = 'A Clientes' ,@dsCodigoDestinos_param = null 
05/07/2017 17:00:05 | Exec sp_obtenerComision_v4_7 @tpComprobante_param = 'FA' ,@vlTotalGeneral_param = 0 ,@tpComision_param = 'A Clientes' ,@tpCliente_param = 'A Clientes' ,@dsCodigoDestinos_param = null 
05/07/2017 17:00:05 | Exec sco_DiccionariodeDatos @nmtabla_param='TB_Productos'
05/07/2017 17:00:11 | Exec sco_cajapuesto_v3_7 @nrCaja_param = 1000011382 
05/07/2017 17:00:11 | Exec sco_Comprobantes_cajapuesto_v3_7 @nrCaja_param = 1000011382 
05/07/2017 17:00:12 | Exec sco_obtenerCierresCajaPuesto_v2_5 @nrCaja_param = 1000011382 
05/07/2017 17:00:12 | Exec SP_puedeOperarUsuarioCajaPuesto_v3_2 @pnrCaja_param = 1000011382 ,@pdsUsuario_param = 'CAMILAP' 
05/07/2017 17:00:19 |  SELECT TB_Cajas.nrCaja ,TB_Cajas.vlFondoFijoEuros ,TB_Cajas.nrPuesto ,TB_Cajas.dsUsuario ,TB_Cajas.vlFondoFijoReales ,TB_Cajas.dtApertura ,TB_Cajas.dtCierre ,TB_Cajas.vlDiaDolar ,TB_Cajas.vlDiaEuro ,TB_Cajas.vlSaldoInicialPesos ,TB_Cajas.vlSaldoInicialReales ,TB_Cajas.vlSaldoInicialEuros ,TB_Cajas.vlFondoFijoPesos ,TB_Cajas.dsDiferenciaDeCierre ,TB_Cajas.vlDiaReal ,TB_Cajas.vlFondoFijoDolares ,TB_Cajas.vlSaldoInicialDolares ,TB_Cajas.vlSaldoFinalDolares ,TB_Cajas.vlCierreDolares ,TB_Cajas.vlSaldoFinalRealDolares ,TB_Cajas.vlDiferenciaDeCierre ,TB_Cajas.dtObservacion ,TB_Cajas.dsObservacion ,TB_Cajas.vlSaldoFinalPesos ,TB_Cajas.vlSaldoFinalReales ,TB_Cajas.vlSaldoFinalEuros ,TB_Cajas.vlTotalSaldoFinal ,TB_Cajas.vlSaldoFinalRealPesos ,TB_Cajas.vlSaldoFinalRealReales ,TB_Cajas.vlSaldoFinalRealEuros ,TB_Cajas.vlTotalSaldoFinalReal ,TB_Cajas.vlCierrePesos ,TB_Cajas.vlCierreReales ,TB_Cajas.vlCierreEuros ,TB_Cajas.vlTotalSaldoCierre ,TB_Cajas.flEstado  FROM TB_Cajas  WHERE TB_Cajas.nrCaja = 1000011382    
05/07/2017 17:00:19 | Exec sco_DiccionariodeDatos @nmtabla_param='SP_SumaCajaPuestosCondVenta_v3_7'
05/07/2017 17:00:19 | Exec SP_SumaCajaPuestosCondVenta_v3_7 @pnrCaja_param = 1000011382 
05/07/2017 17:00:21 | Exec sco_AccesosOpcionesMenu @p_tpNivelAcceso = 'Administración' ,@p_operaconcaja = 1 
