25/04/2017 17:50:31 | Exec  sco_TB_Productos_v4_1 
25/04/2017 17:50:31 | Exec sco_DiccionariodeDatos @nmtabla_param='TB_Usuarios'
25/04/2017 17:50:33 |  SELECT TOP 100 TB_Usuarios.dsUsuario  FROM TB_Usuarios  WHERE TB_Usuarios.tpAcceso <> 'Puestos'  AND  TB_Usuarios.flBloqueado = 0  AND   dsUsuario Like ('u%') AND TB_Usuarios.flEliminar = 0
25/04/2017 17:50:33 |  SELECT TOP 100 TB_Usuarios.dsUsuario  FROM TB_Usuarios  WHERE TB_Usuarios.tpAcceso <> 'Puestos'  AND  TB_Usuarios.flBloqueado = 0  AND   dsUsuario Like ('us%') AND TB_Usuarios.flEliminar = 0
25/04/2017 17:50:33 |  SELECT TOP 100 TB_Usuarios.dsUsuario  FROM TB_Usuarios  WHERE TB_Usuarios.tpAcceso <> 'Puestos'  AND  TB_Usuarios.flBloqueado = 0  AND   dsUsuario Like ('usr%') AND TB_Usuarios.flEliminar = 0
25/04/2017 17:50:34 |  SELECT TOP 100 TB_Usuarios.dsUsuario  FROM TB_Usuarios  WHERE TB_Usuarios.tpAcceso <> 'Puestos'  AND  TB_Usuarios.flBloqueado = 0  AND   dsUsuario Like ('usrp%') AND TB_Usuarios.flEliminar = 0
25/04/2017 17:50:34 |  SELECT TOP 100 TB_Usuarios.dsUsuario  FROM TB_Usuarios  WHERE TB_Usuarios.tpAcceso <> 'Puestos'  AND  TB_Usuarios.flBloqueado = 0  AND   dsUsuario Like ('usrpar%') AND TB_Usuarios.flEliminar = 0
25/04/2017 17:50:34 |  SELECT TOP 100 TB_Usuarios.dsUsuario  FROM TB_Usuarios  WHERE TB_Usuarios.tpAcceso <> 'Puestos'  AND  TB_Usuarios.flBloqueado = 0  AND   dsUsuario Like ('usrpar%') AND TB_Usuarios.flEliminar = 0
25/04/2017 17:50:34 |  SELECT TOP 100 TB_Usuarios.dsUsuario  FROM TB_Usuarios  WHERE TB_Usuarios.tpAcceso <> 'Puestos'  AND  TB_Usuarios.flBloqueado = 0  AND   dsUsuario Like ('usrparam%') AND TB_Usuarios.flEliminar = 0
25/04/2017 17:50:34 |  SELECT TOP 100 TB_Usuarios.dsUsuario  FROM TB_Usuarios  WHERE TB_Usuarios.tpAcceso <> 'Puestos'  AND  TB_Usuarios.flBloqueado = 0  AND   dsUsuario Like ('usrparam%') AND TB_Usuarios.flEliminar = 0
25/04/2017 17:50:37 |  SELECT TB_Usuarios.dsUsuario ,TB_Usuarios.dspassword ,TB_Usuarios.tpAcceso ,TB_Usuarios.nmNombre ,TB_Usuarios.nmApellido ,TB_Usuarios.flBloqueado ,TB_Usuarios.tpNivelJerarquico  FROM TB_Usuarios  WHERE TB_Usuarios.dsUsuario = 'USRPARAM'  AND  TB_Usuarios.flEliminar = 0  
25/04/2017 17:50:37 |  SELECT TB_Usuarios.dsUsuario ,TB_Usuarios.dspassword ,TB_Usuarios.tpAcceso ,TB_Usuarios.nmNombre ,TB_Usuarios.nmApellido ,TB_Usuarios.flBloqueado ,TB_Usuarios.tpNivelJerarquico  FROM TB_Usuarios  WHERE TB_Usuarios.dsUsuario = 'USRPARAM'  AND  TB_Usuarios.flEliminar = 0  
25/04/2017 17:50:37 | Exec sco_DiccionariodeDatos @nmtabla_param='sp_obtenerCajasPendientesdeAprobacion_v2_5'
25/04/2017 17:50:38 | Exec sp_obtenerCajasPendientesdeAprobacion_v2_5 @pdsUsuario_param = 'USRPARAM' 
25/04/2017 17:50:38 | Exec sco_DiccionariodeDatos @nmtabla_param='TB_Parametros'
25/04/2017 17:50:38 |  SELECT TB_Parametros.vlParametro  FROM TB_Parametros  WHERE TB_Parametros.dsParametro = 'VALOR EURO'  
25/04/2017 17:50:38 |  SELECT TB_Parametros.vlParametro  FROM TB_Parametros  WHERE TB_Parametros.dsParametro = 'VALOR DOLAR'  
25/04/2017 17:50:38 | Exec SP_ValorPromoRetorno
25/04/2017 17:50:38 | Exec sco_DiccionariodeDatos @nmtabla_param='TB_Comisiones'
25/04/2017 17:50:38 |  SELECT TB_Comisiones.vlMontoMinimo  FROM TB_Comisiones  WHERE TB_Comisiones.tpComision = 'Retorno'  AND  TB_Comisiones.flEliminar = 0  
25/04/2017 17:50:38 |  SELECT TB_Parametros.vlParametro  FROM TB_Parametros  WHERE TB_Parametros.dsParametro = 'VALOR REAL'  
25/04/2017 17:50:39 | Exec sco_validarVencimientosCAI_v4_1
25/04/2017 17:50:41 | Exec sco_DiccionariodeDatos @nmtabla_param='sco_AccesosOpcionesMenu'
25/04/2017 17:50:41 | Exec sco_AccesosOpcionesMenu @p_tpNivelAcceso = 'Parametrización' ,@p_operaconcaja = 1 
25/04/2017 17:50:41 | Exec sco_AccesosOpcionesMenu @p_tpNivelAcceso = 'Parametrización' ,@p_operaconcaja = 1 
25/04/2017 17:50:45 | Exec sco_DiccionariodeDatos @nmtabla_param='TB_NivelAcceso'
25/04/2017 17:50:47 |  SELECT TB_NivelAcceso.tpNivelAcceso  FROM TB_NivelAcceso  WHERE  tpNivelAcceso Like ('%%%') Order by TB_NivelAcceso.tpNivelAcceso ASC 
25/04/2017 17:50:49 |  SELECT TB_NivelAcceso.tpNivelAcceso  FROM TB_NivelAcceso  WHERE TB_NivelAcceso.tpNivelAcceso = 'Auxiliar Administración'  
25/04/2017 17:50:49 | Exec sco_AccesosOpcionesMenu @p_tpNivelAcceso = 'Auxiliar Administración' 
25/04/2017 17:50:54 |  UPDATE TB_NivelAcceso SET TB_NivelAcceso.tpNivelAcceso  = 'Auxiliar Administración'   WHERE TB_NivelAcceso.tpNivelAcceso = 'Auxiliar Administración'  
25/04/2017 17:50:54 | Exec sco_DiccionariodeDatos @nmtabla_param='TB_NivelAccesoOpcionesMenu'
25/04/2017 17:50:54 |  UPDATE TB_NivelAccesoOpcionesMenu SET TB_NivelAccesoOpcionesMenu.flAcceso  = -1   WHERE TB_NivelAccesoOpcionesMenu.tpNivelAcceso = 'Auxiliar Administración'  AND  TB_NivelAccesoOpcionesMenu.idOpcionMenu = 1  
25/04/2017 17:50:54 |  UPDATE TB_NivelAccesoOpcionesMenu SET TB_NivelAccesoOpcionesMenu.flAcceso  = -1   WHERE TB_NivelAccesoOpcionesMenu.tpNivelAcceso = 'Auxiliar Administración'  AND  TB_NivelAccesoOpcionesMenu.idOpcionMenu = 2  
25/04/2017 17:50:54 |  UPDATE TB_NivelAccesoOpcionesMenu SET TB_NivelAccesoOpcionesMenu.flAcceso  = -1   WHERE TB_NivelAccesoOpcionesMenu.tpNivelAcceso = 'Auxiliar Administración'  AND  TB_NivelAccesoOpcionesMenu.idOpcionMenu = 3  
25/04/2017 17:50:54 |  UPDATE TB_NivelAccesoOpcionesMenu SET TB_NivelAccesoOpcionesMenu.flAcceso  = -1   WHERE TB_NivelAccesoOpcionesMenu.tpNivelAcceso = 'Auxiliar Administración'  AND  TB_NivelAccesoOpcionesMenu.idOpcionMenu = 4  
25/04/2017 17:50:54 |  UPDATE TB_NivelAccesoOpcionesMenu SET TB_NivelAccesoOpcionesMenu.flAcceso  = -1   WHERE TB_NivelAccesoOpcionesMenu.tpNivelAcceso = 'Auxiliar Administración'  AND  TB_NivelAccesoOpcionesMenu.idOpcionMenu = 5  
25/04/2017 17:50:54 |  UPDATE TB_NivelAccesoOpcionesMenu SET TB_NivelAccesoOpcionesMenu.flAcceso  = 0   WHERE TB_NivelAccesoOpcionesMenu.tpNivelAcceso = 'Auxiliar Administración'  AND  TB_NivelAccesoOpcionesMenu.idOpcionMenu = 49  
25/04/2017 17:50:54 |  UPDATE TB_NivelAccesoOpcionesMenu SET TB_NivelAccesoOpcionesMenu.flAcceso  = -1   WHERE TB_NivelAccesoOpcionesMenu.tpNivelAcceso = 'Auxiliar Administración'  AND  TB_NivelAccesoOpcionesMenu.idOpcionMenu = 6  
25/04/2017 17:50:54 |  UPDATE TB_NivelAccesoOpcionesMenu SET TB_NivelAccesoOpcionesMenu.flAcceso  = -1   WHERE TB_NivelAccesoOpcionesMenu.tpNivelAcceso = 'Auxiliar Administración'  AND  TB_NivelAccesoOpcionesMenu.idOpcionMenu = 7  
25/04/2017 17:50:54 |  UPDATE TB_NivelAccesoOpcionesMenu SET TB_NivelAccesoOpcionesMenu.flAcceso  = -1   WHERE TB_NivelAccesoOpcionesMenu.tpNivelAcceso = 'Auxiliar Administración'  AND  TB_NivelAccesoOpcionesMenu.idOpcionMenu = 60  
25/04/2017 17:50:54 |  UPDATE TB_NivelAccesoOpcionesMenu SET TB_NivelAccesoOpcionesMenu.flAcceso  = -1   WHERE TB_NivelAccesoOpcionesMenu.tpNivelAcceso = 'Auxiliar Administración'  AND  TB_NivelAccesoOpcionesMenu.idOpcionMenu = 62  
25/04/2017 17:50:54 |  UPDATE TB_NivelAccesoOpcionesMenu SET TB_NivelAccesoOpcionesMenu.flAcceso  = -1   WHERE TB_NivelAccesoOpcionesMenu.tpNivelAcceso = 'Auxiliar Administración'  AND  TB_NivelAccesoOpcionesMenu.idOpcionMenu = 63  
25/04/2017 17:50:54 |  UPDATE TB_NivelAccesoOpcionesMenu SET TB_NivelAccesoOpcionesMenu.flAcceso  = 0   WHERE TB_NivelAccesoOpcionesMenu.tpNivelAcceso = 'Auxiliar Administración'  AND  TB_NivelAccesoOpcionesMenu.idOpcionMenu = 61  
25/04/2017 17:50:54 |  UPDATE TB_NivelAccesoOpcionesMenu SET TB_NivelAccesoOpcionesMenu.flAcceso  = 0   WHERE TB_NivelAccesoOpcionesMenu.tpNivelAcceso = 'Auxiliar Administración'  AND  TB_NivelAccesoOpcionesMenu.idOpcionMenu = 64  
25/04/2017 17:50:54 |  UPDATE TB_NivelAccesoOpcionesMenu SET TB_NivelAccesoOpcionesMenu.flAcceso  = -1   WHERE TB_NivelAccesoOpcionesMenu.tpNivelAcceso = 'Auxiliar Administración'  AND  TB_NivelAccesoOpcionesMenu.idOpcionMenu = 8  
25/04/2017 17:50:54 |  UPDATE TB_NivelAccesoOpcionesMenu SET TB_NivelAccesoOpcionesMenu.flAcceso  = 0   WHERE TB_NivelAccesoOpcionesMenu.tpNivelAcceso = 'Auxiliar Administración'  AND  TB_NivelAccesoOpcionesMenu.idOpcionMenu = 9  
25/04/2017 17:50:54 |  UPDATE TB_NivelAccesoOpcionesMenu SET TB_NivelAccesoOpcionesMenu.flAcceso  = 0   WHERE TB_NivelAccesoOpcionesMenu.tpNivelAcceso = 'Auxiliar Administración'  AND  TB_NivelAccesoOpcionesMenu.idOpcionMenu = 200  
25/04/2017 17:50:54 |  UPDATE TB_NivelAccesoOpcionesMenu SET TB_NivelAccesoOpcionesMenu.flAcceso  = 0   WHERE TB_NivelAccesoOpcionesMenu.tpNivelAcceso = 'Auxiliar Administración'  AND  TB_NivelAccesoOpcionesMenu.idOpcionMenu = 201  
25/04/2017 17:50:54 |  UPDATE TB_NivelAccesoOpcionesMenu SET TB_NivelAccesoOpcionesMenu.flAcceso  = -1   WHERE TB_NivelAccesoOpcionesMenu.tpNivelAcceso = 'Auxiliar Administración'  AND  TB_NivelAccesoOpcionesMenu.idOpcionMenu = 10  
25/04/2017 17:50:54 |  UPDATE TB_NivelAccesoOpcionesMenu SET TB_NivelAccesoOpcionesMenu.flAcceso  = 0   WHERE TB_NivelAccesoOpcionesMenu.tpNivelAcceso = 'Auxiliar Administración'  AND  TB_NivelAccesoOpcionesMenu.idOpcionMenu = 11  
25/04/2017 17:50:54 |  UPDATE TB_NivelAccesoOpcionesMenu SET TB_NivelAccesoOpcionesMenu.flAcceso  = -1   WHERE TB_NivelAccesoOpcionesMenu.tpNivelAcceso = 'Auxiliar Administración'  AND  TB_NivelAccesoOpcionesMenu.idOpcionMenu = 12  
25/04/2017 17:50:54 |  UPDATE TB_NivelAccesoOpcionesMenu SET TB_NivelAccesoOpcionesMenu.flAcceso  = -1   WHERE TB_NivelAccesoOpcionesMenu.tpNivelAcceso = 'Auxiliar Administración'  AND  TB_NivelAccesoOpcionesMenu.idOpcionMenu = 13  
25/04/2017 17:50:54 |  UPDATE TB_NivelAccesoOpcionesMenu SET TB_NivelAccesoOpcionesMenu.flAcceso  = -1   WHERE TB_NivelAccesoOpcionesMenu.tpNivelAcceso = 'Auxiliar Administración'  AND  TB_NivelAccesoOpcionesMenu.idOpcionMenu = 14  
25/04/2017 17:50:54 |  UPDATE TB_NivelAccesoOpcionesMenu SET TB_NivelAccesoOpcionesMenu.flAcceso  = -1   WHERE TB_NivelAccesoOpcionesMenu.tpNivelAcceso = 'Auxiliar Administración'  AND  TB_NivelAccesoOpcionesMenu.idOpcionMenu = 15  
25/04/2017 17:50:54 |  UPDATE TB_NivelAccesoOpcionesMenu SET TB_NivelAccesoOpcionesMenu.flAcceso  = -1   WHERE TB_NivelAccesoOpcionesMenu.tpNivelAcceso = 'Auxiliar Administración'  AND  TB_NivelAccesoOpcionesMenu.idOpcionMenu = 16  
25/04/2017 17:50:54 |  UPDATE TB_NivelAccesoOpcionesMenu SET TB_NivelAccesoOpcionesMenu.flAcceso  = 0   WHERE TB_NivelAccesoOpcionesMenu.tpNivelAcceso = 'Auxiliar Administración'  AND  TB_NivelAccesoOpcionesMenu.idOpcionMenu = 17  
25/04/2017 17:50:54 |  UPDATE TB_NivelAccesoOpcionesMenu SET TB_NivelAccesoOpcionesMenu.flAcceso  = -1   WHERE TB_NivelAccesoOpcionesMenu.tpNivelAcceso = 'Auxiliar Administración'  AND  TB_NivelAccesoOpcionesMenu.idOpcionMenu = 50  
25/04/2017 17:50:54 |  UPDATE TB_NivelAccesoOpcionesMenu SET TB_NivelAccesoOpcionesMenu.flAcceso  = -1   WHERE TB_NivelAccesoOpcionesMenu.tpNivelAcceso = 'Auxiliar Administración'  AND  TB_NivelAccesoOpcionesMenu.idOpcionMenu = 18  
25/04/2017 17:50:54 |  UPDATE TB_NivelAccesoOpcionesMenu SET TB_NivelAccesoOpcionesMenu.flAcceso  = -1   WHERE TB_NivelAccesoOpcionesMenu.tpNivelAcceso = 'Auxiliar Administración'  AND  TB_NivelAccesoOpcionesMenu.idOpcionMenu = 19  
25/04/2017 17:50:54 |  UPDATE TB_NivelAccesoOpcionesMenu SET TB_NivelAccesoOpcionesMenu.flAcceso  = -1   WHERE TB_NivelAccesoOpcionesMenu.tpNivelAcceso = 'Auxiliar Administración'  AND  TB_NivelAccesoOpcionesMenu.idOpcionMenu = 21  
25/04/2017 17:50:54 |  UPDATE TB_NivelAccesoOpcionesMenu SET TB_NivelAccesoOpcionesMenu.flAcceso  = -1   WHERE TB_NivelAccesoOpcionesMenu.tpNivelAcceso = 'Auxiliar Administración'  AND  TB_NivelAccesoOpcionesMenu.idOpcionMenu = 206  
25/04/2017 17:50:54 |  UPDATE TB_NivelAccesoOpcionesMenu SET TB_NivelAccesoOpcionesMenu.flAcceso  = -1   WHERE TB_NivelAccesoOpcionesMenu.tpNivelAcceso = 'Auxiliar Administración'  AND  TB_NivelAccesoOpcionesMenu.idOpcionMenu = 207  
25/04/2017 17:50:54 |  UPDATE TB_NivelAccesoOpcionesMenu SET TB_NivelAccesoOpcionesMenu.flAcceso  = -1   WHERE TB_NivelAccesoOpcionesMenu.tpNivelAcceso = 'Auxiliar Administración'  AND  TB_NivelAccesoOpcionesMenu.idOpcionMenu = 23  
25/04/2017 17:50:54 |  UPDATE TB_NivelAccesoOpcionesMenu SET TB_NivelAccesoOpcionesMenu.flAcceso  = -1   WHERE TB_NivelAccesoOpcionesMenu.tpNivelAcceso = 'Auxiliar Administración'  AND  TB_NivelAccesoOpcionesMenu.idOpcionMenu = 24  
25/04/2017 17:50:54 |  UPDATE TB_NivelAccesoOpcionesMenu SET TB_NivelAccesoOpcionesMenu.flAcceso  = -1   WHERE TB_NivelAccesoOpcionesMenu.tpNivelAcceso = 'Auxiliar Administración'  AND  TB_NivelAccesoOpcionesMenu.idOpcionMenu = 25  
25/04/2017 17:50:54 |  UPDATE TB_NivelAccesoOpcionesMenu SET TB_NivelAccesoOpcionesMenu.flAcceso  = -1   WHERE TB_NivelAccesoOpcionesMenu.tpNivelAcceso = 'Auxiliar Administración'  AND  TB_NivelAccesoOpcionesMenu.idOpcionMenu = 26  
25/04/2017 17:50:54 |  UPDATE TB_NivelAccesoOpcionesMenu SET TB_NivelAccesoOpcionesMenu.flAcceso  = 0   WHERE TB_NivelAccesoOpcionesMenu.tpNivelAcceso = 'Auxiliar Administración'  AND  TB_NivelAccesoOpcionesMenu.idOpcionMenu = 27  
25/04/2017 17:50:54 |  UPDATE TB_NivelAccesoOpcionesMenu SET TB_NivelAccesoOpcionesMenu.flAcceso  = -1   WHERE TB_NivelAccesoOpcionesMenu.tpNivelAcceso = 'Auxiliar Administración'  AND  TB_NivelAccesoOpcionesMenu.idOpcionMenu = 29  
25/04/2017 17:50:54 |  UPDATE TB_NivelAccesoOpcionesMenu SET TB_NivelAccesoOpcionesMenu.flAcceso  = -1   WHERE TB_NivelAccesoOpcionesMenu.tpNivelAcceso = 'Auxiliar Administración'  AND  TB_NivelAccesoOpcionesMenu.idOpcionMenu = 30  
25/04/2017 17:50:54 |  UPDATE TB_NivelAccesoOpcionesMenu SET TB_NivelAccesoOpcionesMenu.flAcceso  = -1   WHERE TB_NivelAccesoOpcionesMenu.tpNivelAcceso = 'Auxiliar Administración'  AND  TB_NivelAccesoOpcionesMenu.idOpcionMenu = 35  
25/04/2017 17:50:54 |  UPDATE TB_NivelAccesoOpcionesMenu SET TB_NivelAccesoOpcionesMenu.flAcceso  = -1   WHERE TB_NivelAccesoOpcionesMenu.tpNivelAcceso = 'Auxiliar Administración'  AND  TB_NivelAccesoOpcionesMenu.idOpcionMenu = 37  
25/04/2017 17:50:54 |  UPDATE TB_NivelAccesoOpcionesMenu SET TB_NivelAccesoOpcionesMenu.flAcceso  = -1   WHERE TB_NivelAccesoOpcionesMenu.tpNivelAcceso = 'Auxiliar Administración'  AND  TB_NivelAccesoOpcionesMenu.idOpcionMenu = 40  
25/04/2017 17:50:54 |  UPDATE TB_NivelAccesoOpcionesMenu SET TB_NivelAccesoOpcionesMenu.flAcceso  = -1   WHERE TB_NivelAccesoOpcionesMenu.tpNivelAcceso = 'Auxiliar Administración'  AND  TB_NivelAccesoOpcionesMenu.idOpcionMenu = 68  
25/04/2017 17:50:54 |  UPDATE TB_NivelAccesoOpcionesMenu SET TB_NivelAccesoOpcionesMenu.flAcceso  = -1   WHERE TB_NivelAccesoOpcionesMenu.tpNivelAcceso = 'Auxiliar Administración'  AND  TB_NivelAccesoOpcionesMenu.idOpcionMenu = 41  
25/04/2017 17:50:54 |  UPDATE TB_NivelAccesoOpcionesMenu SET TB_NivelAccesoOpcionesMenu.flAcceso  = -1   WHERE TB_NivelAccesoOpcionesMenu.tpNivelAcceso = 'Auxiliar Administración'  AND  TB_NivelAccesoOpcionesMenu.idOpcionMenu = 44  
25/04/2017 17:50:54 |  UPDATE TB_NivelAccesoOpcionesMenu SET TB_NivelAccesoOpcionesMenu.flAcceso  = -1   WHERE TB_NivelAccesoOpcionesMenu.tpNivelAcceso = 'Auxiliar Administración'  AND  TB_NivelAccesoOpcionesMenu.idOpcionMenu = 45  
25/04/2017 17:50:54 |  UPDATE TB_NivelAccesoOpcionesMenu SET TB_NivelAccesoOpcionesMenu.flAcceso  = -1   WHERE TB_NivelAccesoOpcionesMenu.tpNivelAcceso = 'Auxiliar Administración'  AND  TB_NivelAccesoOpcionesMenu.idOpcionMenu = 65  
25/04/2017 17:50:54 |  UPDATE TB_NivelAccesoOpcionesMenu SET TB_NivelAccesoOpcionesMenu.flAcceso  = -1   WHERE TB_NivelAccesoOpcionesMenu.tpNivelAcceso = 'Auxiliar Administración'  AND  TB_NivelAccesoOpcionesMenu.idOpcionMenu = 46  
25/04/2017 17:50:54 |  UPDATE TB_NivelAccesoOpcionesMenu SET TB_NivelAccesoOpcionesMenu.flAcceso  = -1   WHERE TB_NivelAccesoOpcionesMenu.tpNivelAcceso = 'Auxiliar Administración'  AND  TB_NivelAccesoOpcionesMenu.idOpcionMenu = 47  
25/04/2017 17:50:54 |  UPDATE TB_NivelAccesoOpcionesMenu SET TB_NivelAccesoOpcionesMenu.flAcceso  = -1   WHERE TB_NivelAccesoOpcionesMenu.tpNivelAcceso = 'Auxiliar Administración'  AND  TB_NivelAccesoOpcionesMenu.idOpcionMenu = 48  
25/04/2017 17:50:54 |  UPDATE TB_NivelAccesoOpcionesMenu SET TB_NivelAccesoOpcionesMenu.flAcceso  = -1   WHERE TB_NivelAccesoOpcionesMenu.tpNivelAcceso = 'Auxiliar Administración'  AND  TB_NivelAccesoOpcionesMenu.idOpcionMenu = 208  
25/04/2017 17:50:54 |  UPDATE TB_NivelAccesoOpcionesMenu SET TB_NivelAccesoOpcionesMenu.flAcceso  = -1   WHERE TB_NivelAccesoOpcionesMenu.tpNivelAcceso = 'Auxiliar Administración'  AND  TB_NivelAccesoOpcionesMenu.idOpcionMenu = 211  
25/04/2017 17:50:54 |  UPDATE TB_NivelAccesoOpcionesMenu SET TB_NivelAccesoOpcionesMenu.flAcceso  = -1   WHERE TB_NivelAccesoOpcionesMenu.tpNivelAcceso = 'Auxiliar Administración'  AND  TB_NivelAccesoOpcionesMenu.idOpcionMenu = 212  
25/04/2017 17:50:54 |  UPDATE TB_NivelAccesoOpcionesMenu SET TB_NivelAccesoOpcionesMenu.flAcceso  = -1   WHERE TB_NivelAccesoOpcionesMenu.tpNivelAcceso = 'Auxiliar Administración'  AND  TB_NivelAccesoOpcionesMenu.idOpcionMenu = 219  
25/04/2017 17:50:54 |  UPDATE TB_NivelAccesoOpcionesMenu SET TB_NivelAccesoOpcionesMenu.flAcceso  = -1   WHERE TB_NivelAccesoOpcionesMenu.tpNivelAcceso = 'Auxiliar Administración'  AND  TB_NivelAccesoOpcionesMenu.idOpcionMenu = 220  
25/04/2017 17:50:56 | Exec sco_AccesosOpcionesMenu @p_tpNivelAcceso = 'Parametrización' ,@p_operaconcaja = 1 
25/04/2017 17:51:00 |  SELECT TB_NivelAcceso.tpNivelAcceso  FROM TB_NivelAcceso  WHERE  tpNivelAcceso Like ('%%%') Order by TB_NivelAcceso.tpNivelAcceso ASC 
25/04/2017 17:51:02 |  SELECT TB_NivelAcceso.tpNivelAcceso  FROM TB_NivelAcceso  WHERE TB_NivelAcceso.tpNivelAcceso = 'Parametrización'  
25/04/2017 17:51:02 | Exec sco_AccesosOpcionesMenu @p_tpNivelAcceso = 'Parametrización' 
25/04/2017 17:51:06 |  UPDATE TB_NivelAcceso SET TB_NivelAcceso.tpNivelAcceso  = 'Parametrización'   WHERE TB_NivelAcceso.tpNivelAcceso = 'Parametrización'  
25/04/2017 17:51:06 |  UPDATE TB_NivelAccesoOpcionesMenu SET TB_NivelAccesoOpcionesMenu.flAcceso  = -1   WHERE TB_NivelAccesoOpcionesMenu.tpNivelAcceso = 'Parametrización'  AND  TB_NivelAccesoOpcionesMenu.idOpcionMenu = 1  
25/04/2017 17:51:06 |  UPDATE TB_NivelAccesoOpcionesMenu SET TB_NivelAccesoOpcionesMenu.flAcceso  = 0   WHERE TB_NivelAccesoOpcionesMenu.tpNivelAcceso = 'Parametrización'  AND  TB_NivelAccesoOpcionesMenu.idOpcionMenu = 2  
25/04/2017 17:51:06 |  UPDATE TB_NivelAccesoOpcionesMenu SET TB_NivelAccesoOpcionesMenu.flAcceso  = 0   WHERE TB_NivelAccesoOpcionesMenu.tpNivelAcceso = 'Parametrización'  AND  TB_NivelAccesoOpcionesMenu.idOpcionMenu = 3  
25/04/2017 17:51:06 |  UPDATE TB_NivelAccesoOpcionesMenu SET TB_NivelAccesoOpcionesMenu.flAcceso  = 0   WHERE TB_NivelAccesoOpcionesMenu.tpNivelAcceso = 'Parametrización'  AND  TB_NivelAccesoOpcionesMenu.idOpcionMenu = 4  
25/04/2017 17:51:06 |  UPDATE TB_NivelAccesoOpcionesMenu SET TB_NivelAccesoOpcionesMenu.flAcceso  = -1   WHERE TB_NivelAccesoOpcionesMenu.tpNivelAcceso = 'Parametrización'  AND  TB_NivelAccesoOpcionesMenu.idOpcionMenu = 5  
25/04/2017 17:51:06 |  UPDATE TB_NivelAccesoOpcionesMenu SET TB_NivelAccesoOpcionesMenu.flAcceso  = -1   WHERE TB_NivelAccesoOpcionesMenu.tpNivelAcceso = 'Parametrización'  AND  TB_NivelAccesoOpcionesMenu.idOpcionMenu = 49  
25/04/2017 17:51:06 |  UPDATE TB_NivelAccesoOpcionesMenu SET TB_NivelAccesoOpcionesMenu.flAcceso  = -1   WHERE TB_NivelAccesoOpcionesMenu.tpNivelAcceso = 'Parametrización'  AND  TB_NivelAccesoOpcionesMenu.idOpcionMenu = 6  
25/04/2017 17:51:06 |  UPDATE TB_NivelAccesoOpcionesMenu SET TB_NivelAccesoOpcionesMenu.flAcceso  = -1   WHERE TB_NivelAccesoOpcionesMenu.tpNivelAcceso = 'Parametrización'  AND  TB_NivelAccesoOpcionesMenu.idOpcionMenu = 7  
25/04/2017 17:51:06 |  UPDATE TB_NivelAccesoOpcionesMenu SET TB_NivelAccesoOpcionesMenu.flAcceso  = 0   WHERE TB_NivelAccesoOpcionesMenu.tpNivelAcceso = 'Parametrización'  AND  TB_NivelAccesoOpcionesMenu.idOpcionMenu = 60  
25/04/2017 17:51:06 |  UPDATE TB_NivelAccesoOpcionesMenu SET TB_NivelAccesoOpcionesMenu.flAcceso  = 0   WHERE TB_NivelAccesoOpcionesMenu.tpNivelAcceso = 'Parametrización'  AND  TB_NivelAccesoOpcionesMenu.idOpcionMenu = 62  
25/04/2017 17:51:06 |  UPDATE TB_NivelAccesoOpcionesMenu SET TB_NivelAccesoOpcionesMenu.flAcceso  = 0   WHERE TB_NivelAccesoOpcionesMenu.tpNivelAcceso = 'Parametrización'  AND  TB_NivelAccesoOpcionesMenu.idOpcionMenu = 63  
25/04/2017 17:51:06 |  UPDATE TB_NivelAccesoOpcionesMenu SET TB_NivelAccesoOpcionesMenu.flAcceso  = 0   WHERE TB_NivelAccesoOpcionesMenu.tpNivelAcceso = 'Parametrización'  AND  TB_NivelAccesoOpcionesMenu.idOpcionMenu = 61  
25/04/2017 17:51:06 |  UPDATE TB_NivelAccesoOpcionesMenu SET TB_NivelAccesoOpcionesMenu.flAcceso  = 0   WHERE TB_NivelAccesoOpcionesMenu.tpNivelAcceso = 'Parametrización'  AND  TB_NivelAccesoOpcionesMenu.idOpcionMenu = 64  
25/04/2017 17:51:06 |  UPDATE TB_NivelAccesoOpcionesMenu SET TB_NivelAccesoOpcionesMenu.flAcceso  = 0   WHERE TB_NivelAccesoOpcionesMenu.tpNivelAcceso = 'Parametrización'  AND  TB_NivelAccesoOpcionesMenu.idOpcionMenu = 8  
25/04/2017 17:51:06 |  UPDATE TB_NivelAccesoOpcionesMenu SET TB_NivelAccesoOpcionesMenu.flAcceso  = 0   WHERE TB_NivelAccesoOpcionesMenu.tpNivelAcceso = 'Parametrización'  AND  TB_NivelAccesoOpcionesMenu.idOpcionMenu = 9  
25/04/2017 17:51:06 |  UPDATE TB_NivelAccesoOpcionesMenu SET TB_NivelAccesoOpcionesMenu.flAcceso  = 0   WHERE TB_NivelAccesoOpcionesMenu.tpNivelAcceso = 'Parametrización'  AND  TB_NivelAccesoOpcionesMenu.idOpcionMenu = 200  
25/04/2017 17:51:06 |  UPDATE TB_NivelAccesoOpcionesMenu SET TB_NivelAccesoOpcionesMenu.flAcceso  = 0   WHERE TB_NivelAccesoOpcionesMenu.tpNivelAcceso = 'Parametrización'  AND  TB_NivelAccesoOpcionesMenu.idOpcionMenu = 201  
25/04/2017 17:51:06 |  UPDATE TB_NivelAccesoOpcionesMenu SET TB_NivelAccesoOpcionesMenu.flAcceso  = 0   WHERE TB_NivelAccesoOpcionesMenu.tpNivelAcceso = 'Parametrización'  AND  TB_NivelAccesoOpcionesMenu.idOpcionMenu = 10  
25/04/2017 17:51:06 |  UPDATE TB_NivelAccesoOpcionesMenu SET TB_NivelAccesoOpcionesMenu.flAcceso  = 0   WHERE TB_NivelAccesoOpcionesMenu.tpNivelAcceso = 'Parametrización'  AND  TB_NivelAccesoOpcionesMenu.idOpcionMenu = 11  
25/04/2017 17:51:06 |  UPDATE TB_NivelAccesoOpcionesMenu SET TB_NivelAccesoOpcionesMenu.flAcceso  = -1   WHERE TB_NivelAccesoOpcionesMenu.tpNivelAcceso = 'Parametrización'  AND  TB_NivelAccesoOpcionesMenu.idOpcionMenu = 12  
25/04/2017 17:51:06 |  UPDATE TB_NivelAccesoOpcionesMenu SET TB_NivelAccesoOpcionesMenu.flAcceso  = 0   WHERE TB_NivelAccesoOpcionesMenu.tpNivelAcceso = 'Parametrización'  AND  TB_NivelAccesoOpcionesMenu.idOpcionMenu = 13  
25/04/2017 17:51:06 |  UPDATE TB_NivelAccesoOpcionesMenu SET TB_NivelAccesoOpcionesMenu.flAcceso  = -1   WHERE TB_NivelAccesoOpcionesMenu.tpNivelAcceso = 'Parametrización'  AND  TB_NivelAccesoOpcionesMenu.idOpcionMenu = 14  
25/04/2017 17:51:06 |  UPDATE TB_NivelAccesoOpcionesMenu SET TB_NivelAccesoOpcionesMenu.flAcceso  = -1   WHERE TB_NivelAccesoOpcionesMenu.tpNivelAcceso = 'Parametrización'  AND  TB_NivelAccesoOpcionesMenu.idOpcionMenu = 15  
25/04/2017 17:51:06 |  UPDATE TB_NivelAccesoOpcionesMenu SET TB_NivelAccesoOpcionesMenu.flAcceso  = -1   WHERE TB_NivelAccesoOpcionesMenu.tpNivelAcceso = 'Parametrización'  AND  TB_NivelAccesoOpcionesMenu.idOpcionMenu = 16  
25/04/2017 17:51:06 |  UPDATE TB_NivelAccesoOpcionesMenu SET TB_NivelAccesoOpcionesMenu.flAcceso  = 0   WHERE TB_NivelAccesoOpcionesMenu.tpNivelAcceso = 'Parametrización'  AND  TB_NivelAccesoOpcionesMenu.idOpcionMenu = 17  
25/04/2017 17:51:06 |  UPDATE TB_NivelAccesoOpcionesMenu SET TB_NivelAccesoOpcionesMenu.flAcceso  = -1   WHERE TB_NivelAccesoOpcionesMenu.tpNivelAcceso = 'Parametrización'  AND  TB_NivelAccesoOpcionesMenu.idOpcionMenu = 50  
25/04/2017 17:51:06 |  UPDATE TB_NivelAccesoOpcionesMenu SET TB_NivelAccesoOpcionesMenu.flAcceso  = -1   WHERE TB_NivelAccesoOpcionesMenu.tpNivelAcceso = 'Parametrización'  AND  TB_NivelAccesoOpcionesMenu.idOpcionMenu = 18  
25/04/2017 17:51:06 |  UPDATE TB_NivelAccesoOpcionesMenu SET TB_NivelAccesoOpcionesMenu.flAcceso  = -1   WHERE TB_NivelAccesoOpcionesMenu.tpNivelAcceso = 'Parametrización'  AND  TB_NivelAccesoOpcionesMenu.idOpcionMenu = 19  
25/04/2017 17:51:06 |  UPDATE TB_NivelAccesoOpcionesMenu SET TB_NivelAccesoOpcionesMenu.flAcceso  = -1   WHERE TB_NivelAccesoOpcionesMenu.tpNivelAcceso = 'Parametrización'  AND  TB_NivelAccesoOpcionesMenu.idOpcionMenu = 21  
25/04/2017 17:51:06 |  UPDATE TB_NivelAccesoOpcionesMenu SET TB_NivelAccesoOpcionesMenu.flAcceso  = 0   WHERE TB_NivelAccesoOpcionesMenu.tpNivelAcceso = 'Parametrización'  AND  TB_NivelAccesoOpcionesMenu.idOpcionMenu = 206  
25/04/2017 17:51:06 |  UPDATE TB_NivelAccesoOpcionesMenu SET TB_NivelAccesoOpcionesMenu.flAcceso  = 0   WHERE TB_NivelAccesoOpcionesMenu.tpNivelAcceso = 'Parametrización'  AND  TB_NivelAccesoOpcionesMenu.idOpcionMenu = 207  
25/04/2017 17:51:06 |  UPDATE TB_NivelAccesoOpcionesMenu SET TB_NivelAccesoOpcionesMenu.flAcceso  = 0   WHERE TB_NivelAccesoOpcionesMenu.tpNivelAcceso = 'Parametrización'  AND  TB_NivelAccesoOpcionesMenu.idOpcionMenu = 23  
25/04/2017 17:51:06 |  UPDATE TB_NivelAccesoOpcionesMenu SET TB_NivelAccesoOpcionesMenu.flAcceso  = 0   WHERE TB_NivelAccesoOpcionesMenu.tpNivelAcceso = 'Parametrización'  AND  TB_NivelAccesoOpcionesMenu.idOpcionMenu = 24  
25/04/2017 17:51:06 |  UPDATE TB_NivelAccesoOpcionesMenu SET TB_NivelAccesoOpcionesMenu.flAcceso  = 0   WHERE TB_NivelAccesoOpcionesMenu.tpNivelAcceso = 'Parametrización'  AND  TB_NivelAccesoOpcionesMenu.idOpcionMenu = 25  
25/04/2017 17:51:06 |  UPDATE TB_NivelAccesoOpcionesMenu SET TB_NivelAccesoOpcionesMenu.flAcceso  = 0   WHERE TB_NivelAccesoOpcionesMenu.tpNivelAcceso = 'Parametrización'  AND  TB_NivelAccesoOpcionesMenu.idOpcionMenu = 26  
25/04/2017 17:51:06 |  UPDATE TB_NivelAccesoOpcionesMenu SET TB_NivelAccesoOpcionesMenu.flAcceso  = 0   WHERE TB_NivelAccesoOpcionesMenu.tpNivelAcceso = 'Parametrización'  AND  TB_NivelAccesoOpcionesMenu.idOpcionMenu = 27  
25/04/2017 17:51:06 |  UPDATE TB_NivelAccesoOpcionesMenu SET TB_NivelAccesoOpcionesMenu.flAcceso  = 0   WHERE TB_NivelAccesoOpcionesMenu.tpNivelAcceso = 'Parametrización'  AND  TB_NivelAccesoOpcionesMenu.idOpcionMenu = 29  
25/04/2017 17:51:06 |  UPDATE TB_NivelAccesoOpcionesMenu SET TB_NivelAccesoOpcionesMenu.flAcceso  = 0   WHERE TB_NivelAccesoOpcionesMenu.tpNivelAcceso = 'Parametrización'  AND  TB_NivelAccesoOpcionesMenu.idOpcionMenu = 30  
25/04/2017 17:51:06 |  UPDATE TB_NivelAccesoOpcionesMenu SET TB_NivelAccesoOpcionesMenu.flAcceso  = -1   WHERE TB_NivelAccesoOpcionesMenu.tpNivelAcceso = 'Parametrización'  AND  TB_NivelAccesoOpcionesMenu.idOpcionMenu = 35  
25/04/2017 17:51:06 |  UPDATE TB_NivelAccesoOpcionesMenu SET TB_NivelAccesoOpcionesMenu.flAcceso  = 0   WHERE TB_NivelAccesoOpcionesMenu.tpNivelAcceso = 'Parametrización'  AND  TB_NivelAccesoOpcionesMenu.idOpcionMenu = 37  
25/04/2017 17:51:06 |  UPDATE TB_NivelAccesoOpcionesMenu SET TB_NivelAccesoOpcionesMenu.flAcceso  = -1   WHERE TB_NivelAccesoOpcionesMenu.tpNivelAcceso = 'Parametrización'  AND  TB_NivelAccesoOpcionesMenu.idOpcionMenu = 40  
25/04/2017 17:51:06 |  UPDATE TB_NivelAccesoOpcionesMenu SET TB_NivelAccesoOpcionesMenu.flAcceso  = 0   WHERE TB_NivelAccesoOpcionesMenu.tpNivelAcceso = 'Parametrización'  AND  TB_NivelAccesoOpcionesMenu.idOpcionMenu = 68  
25/04/2017 17:51:06 |  UPDATE TB_NivelAccesoOpcionesMenu SET TB_NivelAccesoOpcionesMenu.flAcceso  = 0   WHERE TB_NivelAccesoOpcionesMenu.tpNivelAcceso = 'Parametrización'  AND  TB_NivelAccesoOpcionesMenu.idOpcionMenu = 41  
25/04/2017 17:51:06 |  UPDATE TB_NivelAccesoOpcionesMenu SET TB_NivelAccesoOpcionesMenu.flAcceso  = 0   WHERE TB_NivelAccesoOpcionesMenu.tpNivelAcceso = 'Parametrización'  AND  TB_NivelAccesoOpcionesMenu.idOpcionMenu = 44  
25/04/2017 17:51:06 |  UPDATE TB_NivelAccesoOpcionesMenu SET TB_NivelAccesoOpcionesMenu.flAcceso  = 0   WHERE TB_NivelAccesoOpcionesMenu.tpNivelAcceso = 'Parametrización'  AND  TB_NivelAccesoOpcionesMenu.idOpcionMenu = 45  
25/04/2017 17:51:06 |  UPDATE TB_NivelAccesoOpcionesMenu SET TB_NivelAccesoOpcionesMenu.flAcceso  = 0   WHERE TB_NivelAccesoOpcionesMenu.tpNivelAcceso = 'Parametrización'  AND  TB_NivelAccesoOpcionesMenu.idOpcionMenu = 65  
25/04/2017 17:51:06 |  UPDATE TB_NivelAccesoOpcionesMenu SET TB_NivelAccesoOpcionesMenu.flAcceso  = -1   WHERE TB_NivelAccesoOpcionesMenu.tpNivelAcceso = 'Parametrización'  AND  TB_NivelAccesoOpcionesMenu.idOpcionMenu = 46  
25/04/2017 17:51:06 |  UPDATE TB_NivelAccesoOpcionesMenu SET TB_NivelAccesoOpcionesMenu.flAcceso  = 0   WHERE TB_NivelAccesoOpcionesMenu.tpNivelAcceso = 'Parametrización'  AND  TB_NivelAccesoOpcionesMenu.idOpcionMenu = 47  
25/04/2017 17:51:06 |  UPDATE TB_NivelAccesoOpcionesMenu SET TB_NivelAccesoOpcionesMenu.flAcceso  = 0   WHERE TB_NivelAccesoOpcionesMenu.tpNivelAcceso = 'Parametrización'  AND  TB_NivelAccesoOpcionesMenu.idOpcionMenu = 48  
25/04/2017 17:51:06 |  UPDATE TB_NivelAccesoOpcionesMenu SET TB_NivelAccesoOpcionesMenu.flAcceso  = -1   WHERE TB_NivelAccesoOpcionesMenu.tpNivelAcceso = 'Parametrización'  AND  TB_NivelAccesoOpcionesMenu.idOpcionMenu = 208  
25/04/2017 17:51:06 |  UPDATE TB_NivelAccesoOpcionesMenu SET TB_NivelAccesoOpcionesMenu.flAcceso  = 0   WHERE TB_NivelAccesoOpcionesMenu.tpNivelAcceso = 'Parametrización'  AND  TB_NivelAccesoOpcionesMenu.idOpcionMenu = 211  
25/04/2017 17:51:06 |  UPDATE TB_NivelAccesoOpcionesMenu SET TB_NivelAccesoOpcionesMenu.flAcceso  = 0   WHERE TB_NivelAccesoOpcionesMenu.tpNivelAcceso = 'Parametrización'  AND  TB_NivelAccesoOpcionesMenu.idOpcionMenu = 212  
25/04/2017 17:51:06 |  UPDATE TB_NivelAccesoOpcionesMenu SET TB_NivelAccesoOpcionesMenu.flAcceso  = -1   WHERE TB_NivelAccesoOpcionesMenu.tpNivelAcceso = 'Parametrización'  AND  TB_NivelAccesoOpcionesMenu.idOpcionMenu = 219  
25/04/2017 17:51:06 |  UPDATE TB_NivelAccesoOpcionesMenu SET TB_NivelAccesoOpcionesMenu.flAcceso  = -1   WHERE TB_NivelAccesoOpcionesMenu.tpNivelAcceso = 'Parametrización'  AND  TB_NivelAccesoOpcionesMenu.idOpcionMenu = 220  
25/04/2017 17:51:08 | Exec sco_AccesosOpcionesMenu @p_tpNivelAcceso = 'Parametrización' ,@p_operaconcaja = 1 
25/04/2017 17:51:12 | optPresentacionesCAIAFIP_Click - Inicializando Servicio SGLibrary.LoaderForms
25/04/2017 17:51:12 | optPresentacionesCAIAFIP_Click - Inicializando Servicio SGLibrary.LoaderForms OK 
25/04/2017 17:51:12 | optPresentacionesCAIAFIP_Click - Antes de  UsuarioActivo objUsuario.dsUsuario 
25/04/2017 17:51:12 | optPresentacionesCAIAFIP_Click- Antes de  CajaActiva objCajas.nrCaja 
25/04/2017 17:51:12 | optPresentacionesCAIAFIP_Click - Antes de  CajaActiva objCajas.nrCaja 
25/04/2017 17:55:34 | optPresentacionesCAIAFIP_Click - Inicializando Servicio SGLibrary.LoaderForms
25/04/2017 17:55:34 | optPresentacionesCAIAFIP_Click - Inicializando Servicio SGLibrary.LoaderForms OK 
25/04/2017 17:55:34 | optPresentacionesCAIAFIP_Click - Antes de  UsuarioActivo objUsuario.dsUsuario 
25/04/2017 17:55:34 | optPresentacionesCAIAFIP_Click- Antes de  CajaActiva objCajas.nrCaja 
25/04/2017 17:55:34 | optPresentacionesCAIAFIP_Click - Antes de  CajaActiva objCajas.nrCaja 
