02/07/2017 11:07:47 | Exec sco_DiccionariodeDatos @nmtabla_param='TB_Puestos'
02/07/2017 11:07:47 |  SELECT TB_Puestos.nrPuesto ,TB_Puestos.dsPuesto  FROM TB_Puestos  WHERE TB_Puestos.nrPuesto <> 9    
02/07/2017 11:07:47 |  SELECT TB_Puestos.nrPuesto ,TB_Puestos.dsPuesto  FROM TB_Puestos  WHERE TB_Puestos.nrPuesto <> 9  AND  TB_Puestos.nrPuesto = 9    
02/07/2017 11:09:25 | Exec sco_DiccionariodeDatos @nmtabla_param='TB_Puestos'
02/07/2017 11:09:25 |  SELECT TB_Puestos.nrPuesto ,TB_Puestos.dsPuesto  FROM TB_Puestos  WHERE TB_Puestos.nrPuesto <> 9    
02/07/2017 11:09:25 |  SELECT TB_Puestos.nrPuesto ,TB_Puestos.dsPuesto  FROM TB_Puestos  WHERE TB_Puestos.nrPuesto = 9    
02/07/2017 11:10:48 | Exec sco_DiccionariodeDatos @nmtabla_param='TB_Puestos'
02/07/2017 11:10:48 |  SELECT TB_Puestos.nrPuesto ,TB_Puestos.dsPuesto  FROM TB_Puestos   
02/07/2017 11:10:48 |  SELECT TB_Puestos.nrPuesto ,TB_Puestos.dsPuesto  FROM TB_Puestos  WHERE TB_Puestos.nrPuesto = 9    
02/07/2017 11:10:58 | Exec  sco_TB_Productos_v4_1 
02/07/2017 11:10:58 | Exec sco_DiccionariodeDatos @nmtabla_param='TB_Usuarios'
02/07/2017 11:11:02 |  SELECT TB_Usuarios.dsUsuario ,TB_Usuarios.dspassword ,TB_Usuarios.tpAcceso ,TB_Usuarios.nmNombre ,TB_Usuarios.nmApellido ,TB_Usuarios.flBloqueado ,TB_Usuarios.tpNivelJerarquico  FROM TB_Usuarios  WHERE TB_Usuarios.dsUsuario = 'BFAZZALARI'  AND  TB_Usuarios.flEliminar = 0    
02/07/2017 11:11:02 |  SELECT TB_Usuarios.dsUsuario ,TB_Usuarios.dspassword ,TB_Usuarios.tpAcceso ,TB_Usuarios.nmNombre ,TB_Usuarios.nmApellido ,TB_Usuarios.flBloqueado ,TB_Usuarios.tpNivelJerarquico  FROM TB_Usuarios  WHERE TB_Usuarios.dsUsuario = 'BFAZZALARI'  AND  TB_Usuarios.flEliminar = 0    
02/07/2017 11:11:08 | Exec sco_DiccionariodeDatos @nmtabla_param='TB_Puestos'
02/07/2017 11:11:09 |  SELECT TB_Puestos.nrPuesto ,TB_Puestos.dsPuesto  FROM TB_Puestos   
02/07/2017 11:11:09 |  SELECT TB_Puestos.nrPuesto ,TB_Puestos.dsPuesto  FROM TB_Puestos  WHERE TB_Puestos.nrPuesto = 9    
02/07/2017 11:11:13 | Exec  sco_TB_Productos_v4_1 
02/07/2017 11:11:13 | Exec sco_DiccionariodeDatos @nmtabla_param='TB_Usuarios'
02/07/2017 11:11:14 |  SELECT TOP 100 TB_Usuarios.dsUsuario  FROM TB_Usuarios  WHERE TB_Usuarios.tpAcceso <> 'Puestos'  AND  TB_Usuarios.flBloqueado = 0  AND   dsUsuario Like ('c%') AND TB_Usuarios.flEliminar = 0
02/07/2017 11:11:14 |  SELECT TOP 100 TB_Usuarios.dsUsuario  FROM TB_Usuarios  WHERE TB_Usuarios.tpAcceso <> 'Puestos'  AND  TB_Usuarios.flBloqueado = 0  AND   dsUsuario Like ('cam%') AND TB_Usuarios.flEliminar = 0
02/07/2017 11:11:14 |  SELECT TOP 100 TB_Usuarios.dsUsuario  FROM TB_Usuarios  WHERE TB_Usuarios.tpAcceso <> 'Puestos'  AND  TB_Usuarios.flBloqueado = 0  AND   dsUsuario Like ('cam%') AND TB_Usuarios.flEliminar = 0
02/07/2017 11:11:14 |  SELECT TOP 100 TB_Usuarios.dsUsuario  FROM TB_Usuarios  WHERE TB_Usuarios.tpAcceso <> 'Puestos'  AND  TB_Usuarios.flBloqueado = 0  AND   dsUsuario Like ('cami%') AND TB_Usuarios.flEliminar = 0
02/07/2017 11:11:18 |  SELECT TB_Usuarios.dsUsuario ,TB_Usuarios.dspassword ,TB_Usuarios.tpAcceso ,TB_Usuarios.nmNombre ,TB_Usuarios.nmApellido ,TB_Usuarios.flBloqueado ,TB_Usuarios.tpNivelJerarquico  FROM TB_Usuarios  WHERE TB_Usuarios.dsUsuario = 'CAMILAP'  AND  TB_Usuarios.flEliminar = 0    
02/07/2017 11:11:18 |  SELECT TB_Usuarios.dsUsuario ,TB_Usuarios.dspassword ,TB_Usuarios.tpAcceso ,TB_Usuarios.nmNombre ,TB_Usuarios.nmApellido ,TB_Usuarios.flBloqueado ,TB_Usuarios.tpNivelJerarquico  FROM TB_Usuarios  WHERE TB_Usuarios.dsUsuario = 'CAMILAP'  AND  TB_Usuarios.flEliminar = 0    
02/07/2017 11:11:18 | Exec sco_DiccionariodeDatos @nmtabla_param='sp_obtenerCajasPendientesdeAprobacion_v2_5'
02/07/2017 11:11:18 | Exec sp_obtenerCajasPendientesdeAprobacion_v2_5 @pdsUsuario_param = 'CAMILAP' 
02/07/2017 11:11:18 | Exec sp_obtenerCajasRechazadas_v2_9 
02/07/2017 11:11:18 | Exec sco_DiccionariodeDatos @nmtabla_param='TB_Parametros'
02/07/2017 11:11:18 |  SELECT TB_Parametros.vlParametro  FROM TB_Parametros  WHERE TB_Parametros.dsParametro = 'VALOR EURO'    
02/07/2017 11:11:18 |  SELECT TB_Parametros.vlParametro  FROM TB_Parametros  WHERE TB_Parametros.dsParametro = 'VALOR DOLAR'    
02/07/2017 11:11:18 | Exec SP_ValorPromoRetorno
02/07/2017 11:11:18 | Exec sco_DiccionariodeDatos @nmtabla_param='TB_Comisiones'
02/07/2017 11:11:18 |  SELECT TB_Comisiones.vlMontoMinimo  FROM TB_Comisiones  WHERE TB_Comisiones.tpComision = 'Retorno'  AND  TB_Comisiones.flEliminar = 0    
02/07/2017 11:11:18 |  SELECT TB_Parametros.vlParametro  FROM TB_Parametros  WHERE TB_Parametros.dsParametro = 'VALOR REAL'    
02/07/2017 11:11:18 | Exec sco_DiccionariodeDatos @nmtabla_param='TB_Cajas'
02/07/2017 11:11:18 |  SELECT TB_Cajas.nrCaja  FROM TB_Cajas  WHERE TB_Cajas.dsUsuario = 'CAMILAP'  and  TB_Cajas.flEstado = 0  and  TB_Cajas.tpEstadoAprobacion IS NULL  and  TB_Cajas.nrcaja > 0    
02/07/2017 11:11:20 |  SELECT TB_Cajas.nrCaja ,TB_Cajas.vlTotalSaldoFinal ,TB_Cajas.nrPuesto ,TB_Cajas.dsUsuario ,TB_Cajas.vlSaldoInicialPesos ,TB_Cajas.dtApertura ,TB_Cajas.dtCierre ,TB_Cajas.vlDiaDolar ,TB_Cajas.vlDiaEuro ,TB_Cajas.vlSaldoInicialEuros ,TB_Cajas.vlSaldoInicialDolares ,TB_Cajas.vlSaldoFinalRealPesos ,TB_Cajas.vlTotalSaldoInicial ,TB_Cajas.dtObservacion ,TB_Cajas.vlCierrePesos ,TB_Cajas.vlSaldoFinalRealDolares ,TB_Cajas.vlSaldoFinalRealEuros ,TB_Cajas.vlTotalSaldoFinalReal ,TB_Cajas.vlCierreDolares ,TB_Cajas.vlCierreEuros ,TB_Cajas.dsObservacion ,TB_Cajas.vlDiaReal ,TB_Cajas.flEstado  FROM TB_Cajas  WHERE TB_Cajas.nrCaja = 9000003773    
02/07/2017 11:11:20 | Exec sco_DiccionariodeDatos @nmtabla_param='SP_SumaCajaADM_v2_9'
02/07/2017 11:11:20 | Exec SP_SumaCajaADM_v2_9 @nrCaja_param = 9000003773 ,@tpCaja_param = 'CA' ,@tpCajaImputacion_param = null 
02/07/2017 11:11:20 |  UPDATE TB_Cajas SET TB_Cajas.vlSaldoFinalRealPesos  = -258.92 ,TB_Cajas.vlSaldoFinalRealEuros  = 0.00 ,TB_Cajas.vlSaldoFinalRealDolares  = 0.00 ,TB_Cajas.vlCierrePesos  = -258.92 ,TB_Cajas.vlCierreDolares  = 0 ,TB_Cajas.vlCierreEuros  = 0   WHERE TB_Cajas.nrCaja = 9000003773  
02/07/2017 11:11:22 |  UPDATE TB_Cajas SET TB_Cajas.nrCaja  = 9000003773 ,TB_Cajas.vlTotalSaldoFinal  = -258.92 ,TB_Cajas.nrPuesto  = 9 ,TB_Cajas.dsUsuario  = 'CAMILAP' ,TB_Cajas.vlSaldoInicialPesos  = 0.00 ,TB_Cajas.dtApertura  = '19/08/2015 11:17:24' ,TB_Cajas.dtCierre  = null ,TB_Cajas.vlDiaDolar  = 9.10 ,TB_Cajas.vlDiaEuro  = 10.00 ,TB_Cajas.vlSaldoInicialEuros  = 0.00 ,TB_Cajas.vlSaldoInicialDolares  = 0.00 ,TB_Cajas.vlSaldoFinalRealPesos  = 0.00 ,TB_Cajas.vlTotalSaldoInicial  = 0.00 ,TB_Cajas.dtObservacion  = '02/07/2017 11:11:22' ,TB_Cajas.vlCierrePesos  = -258.92 ,TB_Cajas.vlSaldoFinalRealDolares  = 0.00 ,TB_Cajas.vlSaldoFinalRealEuros  = 0.00 ,TB_Cajas.vlTotalSaldoFinalReal  = -258.92 ,TB_Cajas.vlCierreDolares  = 0 ,TB_Cajas.vlCierreEuros  = 0 ,TB_Cajas.dsObservacion  = null ,TB_Cajas.vlDiaReal  = 3.21 ,TB_Cajas.flCajaAdm  = 1   WHERE TB_Cajas.nrCaja = 9000003773  
02/07/2017 11:11:22 | Exec sco_DiccionariodeDatos @nmtabla_param='VW_UltimaCajaAdm'
02/07/2017 11:11:22 |  SELECT VW_UltimaCajaAdm.nrCaja ,VW_UltimaCajaAdm.vlSaldoFinalRealPesos ,VW_UltimaCajaAdm.vlSaldoFinalRealEuros ,VW_UltimaCajaAdm.vlSaldoFinalRealDolares  FROM VW_UltimaCajaAdm   
02/07/2017 11:11:22 |  SELECT TB_Cajas.nrCaja  FROM TB_Cajas  WHERE TB_Cajas.nrCaja = 9000003773  AND  TB_Cajas.flEstado = 0    
02/07/2017 11:11:22 | Exec sco_DiccionariodeDatos @nmtabla_param='sco_cajapuesto_v3_9'
02/07/2017 11:11:22 | Exec sco_cajapuesto_v3_9 @nrCaja_param = 9000003772 
02/07/2017 11:11:22 | Exec sco_cajapuesto_v3_9 @nrCaja_param = 9000003773 
02/07/2017 11:11:22 | Exec sco_DiccionariodeDatos @nmtabla_param='spu_esdifporCotizacionImputadas_v3_9'
02/07/2017 11:11:22 | Exec spu_esdifporCotizacionImputadas_v3_9 @nrCajaAdmActual = 9000003773 
02/07/2017 11:11:22 | Exec sco_validarVencimientosCAI_v4_1
02/07/2017 11:11:22 | Exec sco_DiccionariodeDatos @nmtabla_param='sco_AccesosOpcionesMenu'
02/07/2017 11:11:22 | Exec sco_AccesosOpcionesMenu @p_tpNivelAcceso = 'Administración' ,@p_operaconcaja = 1 
02/07/2017 11:11:22 | Exec sco_AccesosOpcionesMenu @p_tpNivelAcceso = 'Administración' ,@p_operaconcaja = 1 
02/07/2017 11:11:26 |  SELECT TB_Cajas.vlSaldoInicialPesos ,TB_Cajas.vlSaldoInicialDolares ,TB_Cajas.vlSaldoInicialEuros ,TB_Cajas.vlSaldoInicialReales ,TB_Cajas.vlDiaEuro ,TB_Cajas.vlDiaDolar ,TB_Cajas.vlDiaReal ,TB_Cajas.dsUsuario ,TB_Cajas.dtApertura ,TB_Cajas.dtCierre  FROM TB_Cajas  WHERE TB_Cajas.nrCaja = 9000003773    
02/07/2017 11:11:26 | Exec sco_DiccionariodeDatos @nmtabla_param='TB_Cupones'
02/07/2017 11:11:26 | Exec  sp_obtiene_falta_compensar_v4_2 
02/07/2017 11:11:26 |  SELECT tb_parametros.dsParametro ,tb_parametros.vlParametro ,tb_parametros.tpParametro ,tb_parametros.flEditable ,tb_parametros.nrTamanio ,tb_parametros.dtActualizacion  FROM tb_parametros  WHERE tb_parametros.dsParametro = 'CANT_VIAJES_A_COMP'    
02/07/2017 11:11:26 |  SELECT tb_parametros.dsParametro ,tb_parametros.vlParametro ,tb_parametros.tpParametro ,tb_parametros.flEditable ,tb_parametros.nrTamanio ,tb_parametros.dtActualizacion  FROM tb_parametros  WHERE tb_parametros.dsParametro = 'CTROL_CANT_VIAJES'    
02/07/2017 11:11:26 |  SELECT tb_parametros.dsParametro ,tb_parametros.vlParametro ,tb_parametros.tpParametro ,tb_parametros.flEditable ,tb_parametros.nrTamanio ,tb_parametros.dtActualizacion  FROM tb_parametros  WHERE tb_parametros.dsParametro = 'COBRO_COMISION_CD_RE_OBLIGATORIA'    
02/07/2017 11:11:26 |  SELECT tb_parametros.dsParametro ,tb_parametros.vlParametro ,tb_parametros.tpParametro ,tb_parametros.flEditable ,tb_parametros.nrTamanio ,tb_parametros.dtActualizacion  FROM tb_parametros  WHERE tb_parametros.dsParametro = 'RESTRINGE_TARJETAS'    
02/07/2017 11:11:28 | Exec sco_DiccionariodeDatos @nmtabla_param='TB_Cupones'
02/07/2017 11:11:39 |  SELECT TB_Cupones.cdCodBar ,TB_Cupones.nrLicencia ,TB_Cupones.nmLicenciatario ,TB_Cupones.cdCliente ,TB_Cupones.nrCupon ,TB_Cupones.tpCupon ,TB_Cupones.vlMontoCupon ,TB_Cupones.vlPagoPesos ,TB_Cupones.vlPagoEuros ,TB_Cupones.vlPagoDolares ,TB_Cupones.vlPagoReales ,TB_Cupones.vlComision ,TB_Cupones.vlRecargoTarjeta ,TB_Cupones.nrTalonarioCliente ,TB_Cupones.tpComprobanteCliente ,TB_Cupones.nrComprabanteCliente ,TB_Cupones.tpLetraCliente ,TB_Cupones.flCobradoalCliente ,TB_Cupones.dtCobradoalCliente ,TB_Cupones.flCompensado ,TB_Cupones.cdCliente ,TB_Cupones.dsLeyenda ,TB_Cupones.vlaFavordelLicenciatario ,TB_Cupones.vlafavorAdmin ,TB_Cupones.dtCupon ,TB_Cupones.dsObservacion ,TB_Cupones.vlIVA ,TB_Cupones.flAnulado  FROM TB_Cupones  WHERE TB_Cupones.flEliminar = 0  AND  TB_Cupones.nrLicencia = 12  AND  TB_Cupones.flCompensado = 0  AND  TB_Cupones.flAnulado = 0    AND (  CONVERT(DATE, dtCupon) >= '02/06/2017' AND CONVERT(DATE, dtCupon) <= '02/07/2017'    OR tpCupon in ('Retorno','Cobro en Destino'))  
02/07/2017 11:11:39 | Exec sco_DiccionariodeDatos @nmtabla_param='sp_cuponesCompensadosdelDia_v3_3'
02/07/2017 11:11:39 | Exec sp_cuponesCompensadosdelDia_v3_3 @pnrLicencia = '12' 
02/07/2017 11:11:39 | Exec sco_DiccionariodeDatos @nmtabla_param='SP_sepuedecompensar_2_0'
02/07/2017 11:11:39 | Exec SP_sepuedecompensar_2_0 @dtcupon_param = '24/06/2017 10:43:54' 
02/07/2017 11:11:39 | Exec SP_sepuedecompensar_2_0 @dtcupon_param = '02/07/2017 10:58:58' 
02/07/2017 11:11:39 | Exec SP_sepuedecompensar_2_0 @dtcupon_param = '20/06/2017 11:15:00' 
02/07/2017 11:11:39 | Exec SP_sepuedecompensar_2_0 @dtcupon_param = '27/05/2017 00:00:00' 
02/07/2017 11:11:45 | Exec sco_DiccionariodeDatos @nmtabla_param='TB_Cupones'
02/07/2017 11:11:48 |  SELECT TB_Cupones.cdCodBar ,TB_Cupones.nrLicencia ,TB_Cupones.nmLicenciatario ,TB_Cupones.cdCliente ,TB_Cupones.nrCupon ,TB_Cupones.tpCupon ,TB_Cupones.vlMontoCupon ,TB_Cupones.vlPagoPesos ,TB_Cupones.vlPagoEuros ,TB_Cupones.vlPagoDolares ,TB_Cupones.vlPagoReales ,TB_Cupones.vlComision ,TB_Cupones.vlRecargoTarjeta ,TB_Cupones.nrTalonarioCliente ,TB_Cupones.tpComprobanteCliente ,TB_Cupones.nrComprabanteCliente ,TB_Cupones.tpLetraCliente ,TB_Cupones.flCobradoalCliente ,TB_Cupones.dtCobradoalCliente ,TB_Cupones.flCompensado ,TB_Cupones.cdCliente ,TB_Cupones.dsLeyenda ,TB_Cupones.vlaFavordelLicenciatario ,TB_Cupones.vlafavorAdmin ,TB_Cupones.dtCupon ,TB_Cupones.dsObservacion ,TB_Cupones.vlIVA ,TB_Cupones.flAnulado  FROM TB_Cupones  WHERE TB_Cupones.flEliminar = 0  AND  TB_Cupones.nrLicencia = 12  AND  TB_Cupones.flCompensado = 0  AND  TB_Cupones.flAnulado = 0    AND (  CONVERT(DATE, dtCupon) >= '02/06/2017' AND CONVERT(DATE, dtCupon) <= '02/07/2017'    OR tpCupon in ('Retorno','Cobro en Destino'))  
02/07/2017 11:11:48 | Exec sp_cuponesCompensadosdelDia_v3_3 @pnrLicencia = '12' 
02/07/2017 11:11:48 | Exec SP_sepuedecompensar_2_0 @dtcupon_param = '24/06/2017 10:43:54' 
02/07/2017 11:11:48 | Exec SP_sepuedecompensar_2_0 @dtcupon_param = '02/07/2017 10:58:58' 
02/07/2017 11:11:48 | Exec SP_sepuedecompensar_2_0 @dtcupon_param = '20/06/2017 11:15:00' 
02/07/2017 11:11:48 | Exec SP_sepuedecompensar_2_0 @dtcupon_param = '27/05/2017 00:00:00' 
02/07/2017 11:12:16 |  SELECT TB_Cupones.cdCodBar ,TB_Cupones.nrLicencia ,TB_Cupones.nmLicenciatario ,TB_Cupones.cdCliente ,TB_Cupones.nrCupon ,TB_Cupones.tpCupon ,TB_Cupones.vlMontoCupon ,TB_Cupones.vlPagoPesos ,TB_Cupones.vlPagoEuros ,TB_Cupones.vlPagoDolares ,TB_Cupones.vlPagoReales ,TB_Cupones.vlComision ,TB_Cupones.vlRecargoTarjeta ,TB_Cupones.nrTalonarioCliente ,TB_Cupones.tpComprobanteCliente ,TB_Cupones.nrComprabanteCliente ,TB_Cupones.tpLetraCliente ,TB_Cupones.flCobradoalCliente ,TB_Cupones.dtCobradoalCliente ,TB_Cupones.flCompensado ,TB_Cupones.cdCliente ,TB_Cupones.dsLeyenda ,TB_Cupones.vlaFavordelLicenciatario ,TB_Cupones.vlafavorAdmin ,TB_Cupones.dtCupon ,TB_Cupones.dsObservacion ,TB_Cupones.vlIVA ,TB_Cupones.flAnulado ,TB_Cupones.dsLeyenda  FROM TB_Cupones  WHERE TB_Cupones.flEliminar = 0  AND  TB_Cupones.nrLicencia = 12  AND  TB_Cupones.flCompensado = 0  AND  TB_Cupones.flAnulado = 0    AND (  CONVERT(DATE, dtCupon) >= '02/06/2017' AND CONVERT(DATE, dtCupon) <= '02/07/2017'    OR tpCupon in ('Retorno','Cobro en Destino'))  
02/07/2017 11:12:16 | Exec sp_cuponesCompensadosdelDia_v3_3 @pnrLicencia = '12' 
02/07/2017 11:12:16 | Exec SP_sepuedecompensar_2_0 @dtcupon_param = '24/06/2017 10:43:54' 
02/07/2017 11:12:16 | Exec SP_sepuedecompensar_2_0 @dtcupon_param = '02/07/2017 10:58:58' 
02/07/2017 11:12:16 | Exec SP_sepuedecompensar_2_0 @dtcupon_param = '20/06/2017 11:15:00' 
02/07/2017 11:12:16 | Exec SP_sepuedecompensar_2_0 @dtcupon_param = '27/05/2017 00:00:00' 
02/07/2017 11:12:29 |  SELECT TB_Cupones.nrCupon ,TB_Cupones.nrLicencia ,TB_Cupones.nrTalonarioCliente ,TB_Cupones.nrComprabanteCliente ,TB_Cupones.dtCupon ,TB_Cupones.dsDestino ,TB_Cupones.vlIVA ,TB_Cupones.dsObservacion  FROM TB_Cupones  WHERE TB_Cupones.nrCupon = 106    
02/07/2017 11:12:32 |  SELECT TB_Cupones.nrCupon ,TB_Cupones.nrLicencia ,TB_Cupones.nrTalonarioCliente ,TB_Cupones.nrComprabanteCliente ,TB_Cupones.dtCupon ,TB_Cupones.dsDestino ,TB_Cupones.vlIVA ,TB_Cupones.dsObservacion  FROM TB_Cupones  WHERE TB_Cupones.nrCupon = 9    
02/07/2017 11:12:36 |  SELECT TB_Cupones.nrCupon ,TB_Cupones.nrLicencia ,TB_Cupones.nrTalonarioCliente ,TB_Cupones.nrComprabanteCliente ,TB_Cupones.dtCupon ,TB_Cupones.dsDestino ,TB_Cupones.vlIVA ,TB_Cupones.dsObservacion  FROM TB_Cupones  WHERE TB_Cupones.nrCupon = 110    
02/07/2017 11:14:03 | Exec sco_DiccionariodeDatos @nmtabla_param='TB_Puestos'
02/07/2017 11:14:03 |  SELECT TB_Puestos.nrPuesto ,TB_Puestos.dsPuesto  FROM TB_Puestos   
02/07/2017 11:14:03 |  SELECT TB_Puestos.nrPuesto ,TB_Puestos.dsPuesto  FROM TB_Puestos  WHERE TB_Puestos.nrPuesto = 9    
02/07/2017 11:14:06 | Exec  sco_TB_Productos_v4_1 
02/07/2017 11:14:06 | Exec sco_DiccionariodeDatos @nmtabla_param='TB_Usuarios'
02/07/2017 11:14:11 |  SELECT TOP 100 TB_Usuarios.dsUsuario  FROM TB_Usuarios  WHERE TB_Usuarios.tpAcceso <> 'Puestos'  AND  TB_Usuarios.flBloqueado = 0  AND   dsUsuario Like ('c%') AND TB_Usuarios.flEliminar = 0
02/07/2017 11:14:11 |  SELECT TOP 100 TB_Usuarios.dsUsuario  FROM TB_Usuarios  WHERE TB_Usuarios.tpAcceso <> 'Puestos'  AND  TB_Usuarios.flBloqueado = 0  AND   dsUsuario Like ('ca%') AND TB_Usuarios.flEliminar = 0
02/07/2017 11:14:11 |  SELECT TOP 100 TB_Usuarios.dsUsuario  FROM TB_Usuarios  WHERE TB_Usuarios.tpAcceso <> 'Puestos'  AND  TB_Usuarios.flBloqueado = 0  AND   dsUsuario Like ('cam%') AND TB_Usuarios.flEliminar = 0
02/07/2017 11:14:11 |  SELECT TOP 100 TB_Usuarios.dsUsuario  FROM TB_Usuarios  WHERE TB_Usuarios.tpAcceso <> 'Puestos'  AND  TB_Usuarios.flBloqueado = 0  AND   dsUsuario Like ('cami%') AND TB_Usuarios.flEliminar = 0
02/07/2017 11:14:11 |  SELECT TOP 100 TB_Usuarios.dsUsuario  FROM TB_Usuarios  WHERE TB_Usuarios.tpAcceso <> 'Puestos'  AND  TB_Usuarios.flBloqueado = 0  AND   dsUsuario Like ('camil%') AND TB_Usuarios.flEliminar = 0
02/07/2017 11:14:16 |  SELECT TB_Usuarios.dsUsuario ,TB_Usuarios.dspassword ,TB_Usuarios.tpAcceso ,TB_Usuarios.nmNombre ,TB_Usuarios.nmApellido ,TB_Usuarios.flBloqueado ,TB_Usuarios.tpNivelJerarquico  FROM TB_Usuarios  WHERE TB_Usuarios.dsUsuario = 'CAMILAP'  AND  TB_Usuarios.flEliminar = 0    
02/07/2017 11:14:16 |  SELECT TB_Usuarios.dsUsuario ,TB_Usuarios.dspassword ,TB_Usuarios.tpAcceso ,TB_Usuarios.nmNombre ,TB_Usuarios.nmApellido ,TB_Usuarios.flBloqueado ,TB_Usuarios.tpNivelJerarquico  FROM TB_Usuarios  WHERE TB_Usuarios.dsUsuario = 'CAMILAP'  AND  TB_Usuarios.flEliminar = 0    
02/07/2017 11:14:16 | Exec sco_DiccionariodeDatos @nmtabla_param='sp_obtenerCajasPendientesdeAprobacion_v2_5'
02/07/2017 11:14:16 | Exec sp_obtenerCajasPendientesdeAprobacion_v2_5 @pdsUsuario_param = 'CAMILAP' 
02/07/2017 11:14:16 | Exec sp_obtenerCajasRechazadas_v2_9 
02/07/2017 11:14:16 | Exec sco_DiccionariodeDatos @nmtabla_param='TB_Parametros'
02/07/2017 11:14:16 |  SELECT TB_Parametros.vlParametro  FROM TB_Parametros  WHERE TB_Parametros.dsParametro = 'VALOR EURO'    
02/07/2017 11:14:16 |  SELECT TB_Parametros.vlParametro  FROM TB_Parametros  WHERE TB_Parametros.dsParametro = 'VALOR DOLAR'    
02/07/2017 11:14:16 | Exec SP_ValorPromoRetorno
02/07/2017 11:14:16 | Exec sco_DiccionariodeDatos @nmtabla_param='TB_Comisiones'
02/07/2017 11:14:16 |  SELECT TB_Comisiones.vlMontoMinimo  FROM TB_Comisiones  WHERE TB_Comisiones.tpComision = 'Retorno'  AND  TB_Comisiones.flEliminar = 0    
02/07/2017 11:14:16 |  SELECT TB_Parametros.vlParametro  FROM TB_Parametros  WHERE TB_Parametros.dsParametro = 'VALOR REAL'    
02/07/2017 11:14:16 | Exec sco_DiccionariodeDatos @nmtabla_param='TB_Cajas'
02/07/2017 11:14:16 |  SELECT TB_Cajas.nrCaja  FROM TB_Cajas  WHERE TB_Cajas.dsUsuario = 'CAMILAP'  and  TB_Cajas.flEstado = 0  and  TB_Cajas.tpEstadoAprobacion IS NULL  and  TB_Cajas.nrcaja > 0    
02/07/2017 11:14:17 |  SELECT TB_Cajas.nrCaja ,TB_Cajas.vlTotalSaldoFinal ,TB_Cajas.nrPuesto ,TB_Cajas.dsUsuario ,TB_Cajas.vlSaldoInicialPesos ,TB_Cajas.dtApertura ,TB_Cajas.dtCierre ,TB_Cajas.vlDiaDolar ,TB_Cajas.vlDiaEuro ,TB_Cajas.vlSaldoInicialEuros ,TB_Cajas.vlSaldoInicialDolares ,TB_Cajas.vlSaldoFinalRealPesos ,TB_Cajas.vlTotalSaldoInicial ,TB_Cajas.dtObservacion ,TB_Cajas.vlCierrePesos ,TB_Cajas.vlSaldoFinalRealDolares ,TB_Cajas.vlSaldoFinalRealEuros ,TB_Cajas.vlTotalSaldoFinalReal ,TB_Cajas.vlCierreDolares ,TB_Cajas.vlCierreEuros ,TB_Cajas.dsObservacion ,TB_Cajas.vlDiaReal ,TB_Cajas.flEstado  FROM TB_Cajas  WHERE TB_Cajas.nrCaja = 9000003773    
02/07/2017 11:14:17 | Exec sco_DiccionariodeDatos @nmtabla_param='SP_SumaCajaADM_v2_9'
02/07/2017 11:14:17 | Exec SP_SumaCajaADM_v2_9 @nrCaja_param = 9000003773 ,@tpCaja_param = 'CA' ,@tpCajaImputacion_param = null 
02/07/2017 11:14:17 |  UPDATE TB_Cajas SET TB_Cajas.vlSaldoFinalRealPesos  = -258.92 ,TB_Cajas.vlSaldoFinalRealEuros  = 0.00 ,TB_Cajas.vlSaldoFinalRealDolares  = 0.00 ,TB_Cajas.vlCierrePesos  = -258.92 ,TB_Cajas.vlCierreDolares  = 0 ,TB_Cajas.vlCierreEuros  = 0   WHERE TB_Cajas.nrCaja = 9000003773  
02/07/2017 11:14:18 |  UPDATE TB_Cajas SET TB_Cajas.nrCaja  = 9000003773 ,TB_Cajas.vlTotalSaldoFinal  = -258.92 ,TB_Cajas.nrPuesto  = 9 ,TB_Cajas.dsUsuario  = 'CAMILAP' ,TB_Cajas.vlSaldoInicialPesos  = 0.00 ,TB_Cajas.dtApertura  = '19/08/2015 11:17:24' ,TB_Cajas.dtCierre  = null ,TB_Cajas.vlDiaDolar  = 9.10 ,TB_Cajas.vlDiaEuro  = 10.00 ,TB_Cajas.vlSaldoInicialEuros  = 0.00 ,TB_Cajas.vlSaldoInicialDolares  = 0.00 ,TB_Cajas.vlSaldoFinalRealPesos  = 0.00 ,TB_Cajas.vlTotalSaldoInicial  = 0.00 ,TB_Cajas.dtObservacion  = '02/07/2017 11:14:18' ,TB_Cajas.vlCierrePesos  = -258.92 ,TB_Cajas.vlSaldoFinalRealDolares  = 0.00 ,TB_Cajas.vlSaldoFinalRealEuros  = 0.00 ,TB_Cajas.vlTotalSaldoFinalReal  = -258.92 ,TB_Cajas.vlCierreDolares  = 0 ,TB_Cajas.vlCierreEuros  = 0 ,TB_Cajas.dsObservacion  = null ,TB_Cajas.vlDiaReal  = 3.21 ,TB_Cajas.flCajaAdm  = 1   WHERE TB_Cajas.nrCaja = 9000003773  
02/07/2017 11:14:18 | Exec sco_DiccionariodeDatos @nmtabla_param='VW_UltimaCajaAdm'
02/07/2017 11:14:18 |  SELECT VW_UltimaCajaAdm.nrCaja ,VW_UltimaCajaAdm.vlSaldoFinalRealPesos ,VW_UltimaCajaAdm.vlSaldoFinalRealEuros ,VW_UltimaCajaAdm.vlSaldoFinalRealDolares  FROM VW_UltimaCajaAdm   
02/07/2017 11:14:18 |  SELECT TB_Cajas.nrCaja  FROM TB_Cajas  WHERE TB_Cajas.nrCaja = 9000003773  AND  TB_Cajas.flEstado = 0    
02/07/2017 11:14:18 | Exec sco_DiccionariodeDatos @nmtabla_param='sco_cajapuesto_v3_9'
02/07/2017 11:14:18 | Exec sco_cajapuesto_v3_9 @nrCaja_param = 9000003772 
02/07/2017 11:14:18 | Exec sco_cajapuesto_v3_9 @nrCaja_param = 9000003773 
02/07/2017 11:14:18 | Exec sco_DiccionariodeDatos @nmtabla_param='spu_esdifporCotizacionImputadas_v3_9'
02/07/2017 11:14:18 | Exec spu_esdifporCotizacionImputadas_v3_9 @nrCajaAdmActual = 9000003773 
02/07/2017 11:14:18 | Exec sco_validarVencimientosCAI_v4_1
02/07/2017 11:14:18 | Exec sco_DiccionariodeDatos @nmtabla_param='sco_AccesosOpcionesMenu'
02/07/2017 11:14:19 | Exec sco_AccesosOpcionesMenu @p_tpNivelAcceso = 'Administración' ,@p_operaconcaja = 1 
02/07/2017 11:14:19 | Exec sco_AccesosOpcionesMenu @p_tpNivelAcceso = 'Administración' ,@p_operaconcaja = 1 
02/07/2017 11:14:22 |  SELECT TB_Cajas.vlSaldoInicialPesos ,TB_Cajas.vlSaldoInicialDolares ,TB_Cajas.vlSaldoInicialEuros ,TB_Cajas.vlSaldoInicialReales ,TB_Cajas.vlDiaEuro ,TB_Cajas.vlDiaDolar ,TB_Cajas.vlDiaReal ,TB_Cajas.dsUsuario ,TB_Cajas.dtApertura ,TB_Cajas.dtCierre  FROM TB_Cajas  WHERE TB_Cajas.nrCaja = 9000003773    
02/07/2017 11:14:22 | Exec sco_DiccionariodeDatos @nmtabla_param='TB_Cupones'
02/07/2017 11:14:22 | Exec  sp_obtiene_falta_compensar_v4_2 
02/07/2017 11:14:22 |  SELECT tb_parametros.dsParametro ,tb_parametros.vlParametro ,tb_parametros.tpParametro ,tb_parametros.flEditable ,tb_parametros.nrTamanio ,tb_parametros.dtActualizacion  FROM tb_parametros  WHERE tb_parametros.dsParametro = 'CANT_VIAJES_A_COMP'    
02/07/2017 11:14:22 |  SELECT tb_parametros.dsParametro ,tb_parametros.vlParametro ,tb_parametros.tpParametro ,tb_parametros.flEditable ,tb_parametros.nrTamanio ,tb_parametros.dtActualizacion  FROM tb_parametros  WHERE tb_parametros.dsParametro = 'CTROL_CANT_VIAJES'    
02/07/2017 11:14:22 |  SELECT tb_parametros.dsParametro ,tb_parametros.vlParametro ,tb_parametros.tpParametro ,tb_parametros.flEditable ,tb_parametros.nrTamanio ,tb_parametros.dtActualizacion  FROM tb_parametros  WHERE tb_parametros.dsParametro = 'COBRO_COMISION_CD_RE_OBLIGATORIA'    
02/07/2017 11:14:22 |  SELECT tb_parametros.dsParametro ,tb_parametros.vlParametro ,tb_parametros.tpParametro ,tb_parametros.flEditable ,tb_parametros.nrTamanio ,tb_parametros.dtActualizacion  FROM tb_parametros  WHERE tb_parametros.dsParametro = 'RESTRINGE_TARJETAS'    
02/07/2017 11:14:25 |  SELECT TB_Cupones.cdCodBar ,TB_Cupones.nrLicencia ,TB_Cupones.nmLicenciatario ,TB_Cupones.cdCliente ,TB_Cupones.nrCupon ,TB_Cupones.tpCupon ,TB_Cupones.vlMontoCupon ,TB_Cupones.vlPagoPesos ,TB_Cupones.vlPagoEuros ,TB_Cupones.vlPagoDolares ,TB_Cupones.vlPagoReales ,TB_Cupones.vlComision ,TB_Cupones.vlRecargoTarjeta ,TB_Cupones.nrTalonarioCliente ,TB_Cupones.tpComprobanteCliente ,TB_Cupones.nrComprabanteCliente ,TB_Cupones.tpLetraCliente ,TB_Cupones.flCobradoalCliente ,TB_Cupones.dtCobradoalCliente ,TB_Cupones.flCompensado ,TB_Cupones.cdCliente ,TB_Cupones.dsLeyenda ,TB_Cupones.vlaFavordelLicenciatario ,TB_Cupones.vlafavorAdmin ,TB_Cupones.dtCupon ,TB_Cupones.dsObservacion ,TB_Cupones.vlIVA ,TB_Cupones.flAnulado ,TB_Cupones.dsLeyenda  FROM TB_Cupones  WHERE TB_Cupones.flEliminar = 0  AND  TB_Cupones.nrLicencia = 12  AND  TB_Cupones.flCompensado = 0  AND  TB_Cupones.flAnulado = 0    AND (  CONVERT(DATE, dtCupon) >= '02/06/2017' AND CONVERT(DATE, dtCupon) <= '02/07/2017'    OR tpCupon in ('Retorno','Cobro en Destino'))  
02/07/2017 11:14:25 | Exec sco_DiccionariodeDatos @nmtabla_param='sp_cuponesCompensadosdelDia_v3_3'
02/07/2017 11:14:25 | Exec sp_cuponesCompensadosdelDia_v3_3 @pnrLicencia = '12' 
02/07/2017 11:14:25 | Exec sco_DiccionariodeDatos @nmtabla_param='SP_sepuedecompensar_2_0'
02/07/2017 11:14:25 | Exec SP_sepuedecompensar_2_0 @dtcupon_param = '24/06/2017 10:43:54' 
02/07/2017 11:14:26 | Exec SP_sepuedecompensar_2_0 @dtcupon_param = '02/07/2017 10:58:58' 
02/07/2017 11:14:26 | Exec SP_sepuedecompensar_2_0 @dtcupon_param = '20/06/2017 11:15:00' 
02/07/2017 11:14:26 | Exec SP_sepuedecompensar_2_0 @dtcupon_param = '27/05/2017 00:00:00' 
02/07/2017 11:15:05 |  SELECT TB_Cupones.nrCupon ,TB_Cupones.nrLicencia ,TB_Cupones.nrTalonarioCliente ,TB_Cupones.nrComprabanteCliente ,TB_Cupones.dtCupon ,TB_Cupones.dsDestino ,TB_Cupones.vlIVA ,TB_Cupones.dsObservacion  FROM TB_Cupones  WHERE TB_Cupones.nrCupon = 115    
02/07/2017 11:15:15 |  SELECT TB_Cupones.nrCupon ,TB_Cupones.nrLicencia ,TB_Cupones.nrTalonarioCliente ,TB_Cupones.nrComprabanteCliente ,TB_Cupones.dtCupon ,TB_Cupones.dsDestino ,TB_Cupones.vlIVA ,TB_Cupones.dsObservacion  FROM TB_Cupones  WHERE TB_Cupones.nrCupon = 115    
02/07/2017 11:15:18 | Exec sco_AccesosOpcionesMenu @p_tpNivelAcceso = 'Administración' ,@p_operaconcaja = 1 
02/07/2017 11:21:14 | Exec sco_DiccionariodeDatos @nmtabla_param='TB_Puestos'
02/07/2017 11:21:14 |  SELECT TB_Puestos.nrPuesto ,TB_Puestos.dsPuesto  FROM TB_Puestos   
02/07/2017 11:21:14 |  SELECT TB_Puestos.nrPuesto ,TB_Puestos.dsPuesto  FROM TB_Puestos  WHERE TB_Puestos.nrPuesto = 9    
02/07/2017 11:21:16 | Exec  sco_TB_Productos_v4_1 
02/07/2017 11:21:17 | Exec sco_DiccionariodeDatos @nmtabla_param='TB_Usuarios'
02/07/2017 11:21:19 |  SELECT TB_Usuarios.dsUsuario ,TB_Usuarios.dspassword ,TB_Usuarios.tpAcceso ,TB_Usuarios.nmNombre ,TB_Usuarios.nmApellido ,TB_Usuarios.flBloqueado ,TB_Usuarios.tpNivelJerarquico  FROM TB_Usuarios  WHERE TB_Usuarios.dsUsuario = 'CAMILAP'  AND  TB_Usuarios.flEliminar = 0    
02/07/2017 11:21:19 |  SELECT TB_Usuarios.dsUsuario ,TB_Usuarios.dspassword ,TB_Usuarios.tpAcceso ,TB_Usuarios.nmNombre ,TB_Usuarios.nmApellido ,TB_Usuarios.flBloqueado ,TB_Usuarios.tpNivelJerarquico  FROM TB_Usuarios  WHERE TB_Usuarios.dsUsuario = 'CAMILAP'  AND  TB_Usuarios.flEliminar = 0    
02/07/2017 11:21:19 | Exec sco_DiccionariodeDatos @nmtabla_param='sp_obtenerCajasPendientesdeAprobacion_v2_5'
02/07/2017 11:21:19 | Exec sp_obtenerCajasPendientesdeAprobacion_v2_5 @pdsUsuario_param = 'CAMILAP' 
02/07/2017 11:21:19 | Exec sp_obtenerCajasRechazadas_v2_9 
02/07/2017 11:21:19 | Exec sco_DiccionariodeDatos @nmtabla_param='TB_Parametros'
02/07/2017 11:21:19 |  SELECT TB_Parametros.vlParametro  FROM TB_Parametros  WHERE TB_Parametros.dsParametro = 'VALOR EURO'    
02/07/2017 11:21:19 |  SELECT TB_Parametros.vlParametro  FROM TB_Parametros  WHERE TB_Parametros.dsParametro = 'VALOR DOLAR'    
02/07/2017 11:21:19 | Exec SP_ValorPromoRetorno
02/07/2017 11:21:19 | Exec sco_DiccionariodeDatos @nmtabla_param='TB_Comisiones'
02/07/2017 11:21:19 |  SELECT TB_Comisiones.vlMontoMinimo  FROM TB_Comisiones  WHERE TB_Comisiones.tpComision = 'Retorno'  AND  TB_Comisiones.flEliminar = 0    
02/07/2017 11:21:19 |  SELECT TB_Parametros.vlParametro  FROM TB_Parametros  WHERE TB_Parametros.dsParametro = 'VALOR REAL'    
02/07/2017 11:21:19 | Exec sco_DiccionariodeDatos @nmtabla_param='TB_Cajas'
02/07/2017 11:21:19 |  SELECT TB_Cajas.nrCaja  FROM TB_Cajas  WHERE TB_Cajas.dsUsuario = 'CAMILAP'  and  TB_Cajas.flEstado = 0  and  TB_Cajas.tpEstadoAprobacion IS NULL  and  TB_Cajas.nrcaja > 0    
02/07/2017 11:21:21 |  SELECT TB_Cajas.nrCaja ,TB_Cajas.vlTotalSaldoFinal ,TB_Cajas.nrPuesto ,TB_Cajas.dsUsuario ,TB_Cajas.vlSaldoInicialPesos ,TB_Cajas.dtApertura ,TB_Cajas.dtCierre ,TB_Cajas.vlDiaDolar ,TB_Cajas.vlDiaEuro ,TB_Cajas.vlSaldoInicialEuros ,TB_Cajas.vlSaldoInicialDolares ,TB_Cajas.vlSaldoFinalRealPesos ,TB_Cajas.vlTotalSaldoInicial ,TB_Cajas.dtObservacion ,TB_Cajas.vlCierrePesos ,TB_Cajas.vlSaldoFinalRealDolares ,TB_Cajas.vlSaldoFinalRealEuros ,TB_Cajas.vlTotalSaldoFinalReal ,TB_Cajas.vlCierreDolares ,TB_Cajas.vlCierreEuros ,TB_Cajas.dsObservacion ,TB_Cajas.vlDiaReal ,TB_Cajas.flEstado  FROM TB_Cajas  WHERE TB_Cajas.nrCaja = 9000003773    
02/07/2017 11:21:21 | Exec sco_DiccionariodeDatos @nmtabla_param='SP_SumaCajaADM_v2_9'
02/07/2017 11:21:21 | Exec SP_SumaCajaADM_v2_9 @nrCaja_param = 9000003773 ,@tpCaja_param = 'CA' ,@tpCajaImputacion_param = null 
02/07/2017 11:21:21 |  UPDATE TB_Cajas SET TB_Cajas.vlSaldoFinalRealPesos  = -258.92 ,TB_Cajas.vlSaldoFinalRealEuros  = 0.00 ,TB_Cajas.vlSaldoFinalRealDolares  = 0.00 ,TB_Cajas.vlCierrePesos  = -258.92 ,TB_Cajas.vlCierreDolares  = 0 ,TB_Cajas.vlCierreEuros  = 0   WHERE TB_Cajas.nrCaja = 9000003773  
02/07/2017 11:21:22 |  UPDATE TB_Cajas SET TB_Cajas.nrCaja  = 9000003773 ,TB_Cajas.vlTotalSaldoFinal  = -258.92 ,TB_Cajas.nrPuesto  = 9 ,TB_Cajas.dsUsuario  = 'CAMILAP' ,TB_Cajas.vlSaldoInicialPesos  = 0.00 ,TB_Cajas.dtApertura  = '19/08/2015 11:17:24' ,TB_Cajas.dtCierre  = null ,TB_Cajas.vlDiaDolar  = 9.10 ,TB_Cajas.vlDiaEuro  = 10.00 ,TB_Cajas.vlSaldoInicialEuros  = 0.00 ,TB_Cajas.vlSaldoInicialDolares  = 0.00 ,TB_Cajas.vlSaldoFinalRealPesos  = 0.00 ,TB_Cajas.vlTotalSaldoInicial  = 0.00 ,TB_Cajas.dtObservacion  = '02/07/2017 11:21:22' ,TB_Cajas.vlCierrePesos  = -258.92 ,TB_Cajas.vlSaldoFinalRealDolares  = 0.00 ,TB_Cajas.vlSaldoFinalRealEuros  = 0.00 ,TB_Cajas.vlTotalSaldoFinalReal  = -258.92 ,TB_Cajas.vlCierreDolares  = 0 ,TB_Cajas.vlCierreEuros  = 0 ,TB_Cajas.dsObservacion  = null ,TB_Cajas.vlDiaReal  = 3.21 ,TB_Cajas.flCajaAdm  = 1   WHERE TB_Cajas.nrCaja = 9000003773  
02/07/2017 11:21:22 | Exec sco_DiccionariodeDatos @nmtabla_param='VW_UltimaCajaAdm'
02/07/2017 11:21:22 |  SELECT VW_UltimaCajaAdm.nrCaja ,VW_UltimaCajaAdm.vlSaldoFinalRealPesos ,VW_UltimaCajaAdm.vlSaldoFinalRealEuros ,VW_UltimaCajaAdm.vlSaldoFinalRealDolares  FROM VW_UltimaCajaAdm   
02/07/2017 11:21:22 |  SELECT TB_Cajas.nrCaja  FROM TB_Cajas  WHERE TB_Cajas.nrCaja = 9000003773  AND  TB_Cajas.flEstado = 0    
02/07/2017 11:21:22 | Exec sco_DiccionariodeDatos @nmtabla_param='sco_cajapuesto_v3_9'
02/07/2017 11:21:22 | Exec sco_cajapuesto_v3_9 @nrCaja_param = 9000003772 
02/07/2017 11:21:22 | Exec sco_cajapuesto_v3_9 @nrCaja_param = 9000003773 
02/07/2017 11:21:22 | Exec sco_DiccionariodeDatos @nmtabla_param='spu_esdifporCotizacionImputadas_v3_9'
02/07/2017 11:21:22 | Exec spu_esdifporCotizacionImputadas_v3_9 @nrCajaAdmActual = 9000003773 
02/07/2017 11:21:22 | Exec sco_validarVencimientosCAI_v4_1
02/07/2017 11:21:22 | Exec sco_DiccionariodeDatos @nmtabla_param='sco_AccesosOpcionesMenu'
02/07/2017 11:21:22 | Exec sco_AccesosOpcionesMenu @p_tpNivelAcceso = 'Administración' ,@p_operaconcaja = 1 
02/07/2017 11:21:22 | Exec sco_AccesosOpcionesMenu @p_tpNivelAcceso = 'Administración' ,@p_operaconcaja = 1 
02/07/2017 11:21:24 |  SELECT TB_Cajas.vlSaldoInicialPesos ,TB_Cajas.vlSaldoInicialDolares ,TB_Cajas.vlSaldoInicialEuros ,TB_Cajas.vlSaldoInicialReales ,TB_Cajas.vlDiaEuro ,TB_Cajas.vlDiaDolar ,TB_Cajas.vlDiaReal ,TB_Cajas.dsUsuario ,TB_Cajas.dtApertura ,TB_Cajas.dtCierre  FROM TB_Cajas  WHERE TB_Cajas.nrCaja = 9000003773    
02/07/2017 11:21:24 | Exec sco_DiccionariodeDatos @nmtabla_param='TB_Cupones'
02/07/2017 11:21:24 | Exec  sp_obtiene_falta_compensar_v4_2 
02/07/2017 11:21:24 |  SELECT tb_parametros.dsParametro ,tb_parametros.vlParametro ,tb_parametros.tpParametro ,tb_parametros.flEditable ,tb_parametros.nrTamanio ,tb_parametros.dtActualizacion  FROM tb_parametros  WHERE tb_parametros.dsParametro = 'CANT_VIAJES_A_COMP'    
02/07/2017 11:21:24 |  SELECT tb_parametros.dsParametro ,tb_parametros.vlParametro ,tb_parametros.tpParametro ,tb_parametros.flEditable ,tb_parametros.nrTamanio ,tb_parametros.dtActualizacion  FROM tb_parametros  WHERE tb_parametros.dsParametro = 'CTROL_CANT_VIAJES'    
02/07/2017 11:21:24 |  SELECT tb_parametros.dsParametro ,tb_parametros.vlParametro ,tb_parametros.tpParametro ,tb_parametros.flEditable ,tb_parametros.nrTamanio ,tb_parametros.dtActualizacion  FROM tb_parametros  WHERE tb_parametros.dsParametro = 'COBRO_COMISION_CD_RE_OBLIGATORIA'    
02/07/2017 11:21:24 |  SELECT tb_parametros.dsParametro ,tb_parametros.vlParametro ,tb_parametros.tpParametro ,tb_parametros.flEditable ,tb_parametros.nrTamanio ,tb_parametros.dtActualizacion  FROM tb_parametros  WHERE tb_parametros.dsParametro = 'RESTRINGE_TARJETAS'    
02/07/2017 11:21:31 |  SELECT TB_Cupones.cdCodBar ,TB_Cupones.nrLicencia ,TB_Cupones.nmLicenciatario ,TB_Cupones.cdCliente ,TB_Cupones.nrCupon ,TB_Cupones.tpCupon ,TB_Cupones.vlMontoCupon ,TB_Cupones.vlPagoPesos ,TB_Cupones.vlPagoEuros ,TB_Cupones.vlPagoDolares ,TB_Cupones.vlPagoReales ,TB_Cupones.vlComision ,TB_Cupones.vlRecargoTarjeta ,TB_Cupones.nrTalonarioCliente ,TB_Cupones.tpComprobanteCliente ,TB_Cupones.nrComprabanteCliente ,TB_Cupones.tpLetraCliente ,TB_Cupones.flCobradoalCliente ,TB_Cupones.dtCobradoalCliente ,TB_Cupones.flCompensado ,TB_Cupones.cdCliente ,TB_Cupones.dsLeyenda ,TB_Cupones.vlaFavordelLicenciatario ,TB_Cupones.vlafavorAdmin ,TB_Cupones.dtCupon ,TB_Cupones.dsObservacion ,TB_Cupones.vlIVA ,TB_Cupones.flAnulado ,TB_Cupones.dsLeyenda  FROM TB_Cupones  WHERE TB_Cupones.flEliminar = 0  AND  TB_Cupones.nrLicencia = 12  AND  TB_Cupones.flCompensado = 0  AND  TB_Cupones.flAnulado = 0    AND (  CONVERT(DATE, dtCupon) >= '02/06/2017' AND CONVERT(DATE, dtCupon) <= '02/07/2017'    OR tpCupon in ('Retorno','Cobro en Destino'))  
02/07/2017 11:21:31 | Exec sco_DiccionariodeDatos @nmtabla_param='sp_cuponesCompensadosdelDia_v3_3'
02/07/2017 11:21:31 | Exec sp_cuponesCompensadosdelDia_v3_3 @pnrLicencia = '12' 
02/07/2017 11:21:31 | Exec sco_DiccionariodeDatos @nmtabla_param='SP_sepuedecompensar_2_0'
02/07/2017 11:21:31 | Exec SP_sepuedecompensar_2_0 @dtcupon_param = '24/06/2017 10:43:54' 
02/07/2017 11:21:31 | Exec SP_sepuedecompensar_2_0 @dtcupon_param = '02/07/2017 10:58:58' 
02/07/2017 11:21:31 | Exec SP_sepuedecompensar_2_0 @dtcupon_param = '20/06/2017 11:15:00' 
02/07/2017 11:21:31 | Exec SP_sepuedecompensar_2_0 @dtcupon_param = '27/05/2017 00:00:00' 
02/07/2017 11:21:47 | Exec sco_AccesosOpcionesMenu @p_tpNivelAcceso = 'Administración' ,@p_operaconcaja = 1 
02/07/2017 11:21:52 | Exec sco_DiccionariodeDatos @nmtabla_param='TB_Puestos'
02/07/2017 11:21:52 |  SELECT TB_Puestos.nrPuesto ,TB_Puestos.dsPuesto  FROM TB_Puestos   
02/07/2017 11:21:52 |  SELECT TB_Puestos.nrPuesto ,TB_Puestos.dsPuesto  FROM TB_Puestos  WHERE TB_Puestos.nrPuesto = 9    
02/07/2017 11:21:56 | Exec  sco_TB_Productos_v4_1 
02/07/2017 11:21:56 | Exec sco_DiccionariodeDatos @nmtabla_param='TB_Usuarios'
02/07/2017 11:21:58 |  SELECT TOP 100 TB_Usuarios.dsUsuario  FROM TB_Usuarios  WHERE TB_Usuarios.tpAcceso <> 'Puestos'  AND  TB_Usuarios.flBloqueado = 0  AND   dsUsuario Like ('b%') AND TB_Usuarios.flEliminar = 0
02/07/2017 11:22:03 |  SELECT TOP 100 TB_Usuarios.dsUsuario  FROM TB_Usuarios  WHERE TB_Usuarios.tpAcceso <> 'Puestos'  AND  TB_Usuarios.flBloqueado = 0  AND  TB_Usuarios.flEliminar = 0
02/07/2017 11:22:04 |  SELECT TOP 100 TB_Usuarios.dsUsuario  FROM TB_Usuarios  WHERE TB_Usuarios.tpAcceso <> 'Puestos'  AND  TB_Usuarios.flBloqueado = 0  AND   dsUsuario Like ('b%') AND TB_Usuarios.flEliminar = 0
02/07/2017 11:22:05 |  SELECT TOP 100 TB_Usuarios.dsUsuario  FROM TB_Usuarios  WHERE TB_Usuarios.tpAcceso <> 'Puestos'  AND  TB_Usuarios.flBloqueado = 0  AND  TB_Usuarios.flEliminar = 0
02/07/2017 11:22:07 |  SELECT TOP 100 TB_Usuarios.dsUsuario  FROM TB_Usuarios  WHERE TB_Usuarios.tpAcceso <> 'Puestos'  AND  TB_Usuarios.flBloqueado = 0  AND   dsUsuario Like ('b%') AND TB_Usuarios.flEliminar = 0
02/07/2017 11:22:07 |  SELECT TOP 100 TB_Usuarios.dsUsuario  FROM TB_Usuarios  WHERE TB_Usuarios.tpAcceso <> 'Puestos'  AND  TB_Usuarios.flBloqueado = 0  AND   dsUsuario Like ('=%') AND TB_Usuarios.flEliminar = 0
02/07/2017 11:22:07 |  SELECT TOP 100 TB_Usuarios.dsUsuario  FROM TB_Usuarios  WHERE TB_Usuarios.tpAcceso <> 'Puestos'  AND  TB_Usuarios.flBloqueado = 0  AND  TB_Usuarios.flEliminar = 0
02/07/2017 11:22:10 |  SELECT TOP 100 TB_Usuarios.dsUsuario  FROM TB_Usuarios  WHERE TB_Usuarios.tpAcceso <> 'Puestos'  AND  TB_Usuarios.flBloqueado = 0  AND   dsUsuario Like ('m%') AND TB_Usuarios.flEliminar = 0
02/07/2017 11:22:10 |  SELECT TOP 100 TB_Usuarios.dsUsuario  FROM TB_Usuarios  WHERE TB_Usuarios.tpAcceso <> 'Puestos'  AND  TB_Usuarios.flBloqueado = 0  AND   dsUsuario Like ('mb%') AND TB_Usuarios.flEliminar = 0
02/07/2017 11:22:11 |  SELECT TOP 100 TB_Usuarios.dsUsuario  FROM TB_Usuarios  WHERE TB_Usuarios.tpAcceso <> 'Puestos'  AND  TB_Usuarios.flBloqueado = 0  AND  TB_Usuarios.flEliminar = 0
02/07/2017 11:22:23 | Exec sco_DiccionariodeDatos @nmtabla_param='TB_Puestos'
02/07/2017 11:22:23 |  SELECT TB_Puestos.nrPuesto ,TB_Puestos.dsPuesto  FROM TB_Puestos   
02/07/2017 11:22:23 |  SELECT TB_Puestos.nrPuesto ,TB_Puestos.dsPuesto  FROM TB_Puestos  WHERE TB_Puestos.nrPuesto = 9    
02/07/2017 11:22:30 | Exec  sco_TB_Productos_v4_1 
02/07/2017 11:22:30 | Exec sco_DiccionariodeDatos @nmtabla_param='TB_Usuarios'
02/07/2017 11:22:38 |  SELECT TOP 100 TB_Usuarios.dsUsuario  FROM TB_Usuarios  WHERE TB_Usuarios.tpAcceso <> 'Puestos'  AND  TB_Usuarios.flBloqueado = 0  AND   dsUsuario Like ('b%') AND TB_Usuarios.flEliminar = 0
02/07/2017 11:23:31 | Exec sco_DiccionariodeDatos @nmtabla_param='TB_Puestos'
02/07/2017 11:23:31 |  SELECT TB_Puestos.nrPuesto ,TB_Puestos.dsPuesto  FROM TB_Puestos   
02/07/2017 11:23:31 |  SELECT TB_Puestos.nrPuesto ,TB_Puestos.dsPuesto  FROM TB_Puestos  WHERE TB_Puestos.nrPuesto = 9    
02/07/2017 11:23:36 | Exec sco_DiccionariodeDatos @nmtabla_param='TB_Puestos'
02/07/2017 11:23:36 |  SELECT TB_Puestos.nrPuesto ,TB_Puestos.dsPuesto  FROM TB_Puestos   
02/07/2017 11:23:36 |  SELECT TB_Puestos.nrPuesto ,TB_Puestos.dsPuesto  FROM TB_Puestos  WHERE TB_Puestos.nrPuesto = 9    
02/07/2017 11:23:40 | Exec  sco_TB_Productos_v4_1 
02/07/2017 11:23:40 | Exec sco_DiccionariodeDatos @nmtabla_param='TB_Usuarios'
02/07/2017 11:23:42 |  SELECT TOP 100 TB_Usuarios.dsUsuario  FROM TB_Usuarios  WHERE TB_Usuarios.tpAcceso <> 'Puestos'  AND  TB_Usuarios.flBloqueado = 0  AND   dsUsuario Like ('b%') AND TB_Usuarios.flEliminar = 0
02/07/2017 11:23:43 |  SELECT TOP 100 TB_Usuarios.dsUsuario  FROM TB_Usuarios  WHERE TB_Usuarios.tpAcceso <> 'Puestos'  AND  TB_Usuarios.flBloqueado = 0  AND   dsUsuario Like ('ba%') AND TB_Usuarios.flEliminar = 0
02/07/2017 11:23:50 | Exec sco_DiccionariodeDatos @nmtabla_param='TB_Puestos'
02/07/2017 11:23:50 |  SELECT TB_Puestos.nrPuesto ,TB_Puestos.dsPuesto  FROM TB_Puestos   
02/07/2017 11:23:50 |  SELECT TB_Puestos.nrPuesto ,TB_Puestos.dsPuesto  FROM TB_Puestos  WHERE TB_Puestos.nrPuesto = 9    
02/07/2017 11:24:24 | Exec  sco_TB_Productos_v4_1 
02/07/2017 11:24:24 | Exec sco_DiccionariodeDatos @nmtabla_param='TB_Usuarios'
02/07/2017 11:24:26 |  SELECT TOP 100 TB_Usuarios.dsUsuario  FROM TB_Usuarios  WHERE TB_Usuarios.tpAcceso <> 'Puestos'  AND  TB_Usuarios.flBloqueado = 0  AND   dsUsuario Like ('b%') AND TB_Usuarios.flEliminar = 0
02/07/2017 11:24:29 |  SELECT TOP 100 TB_Usuarios.dsUsuario  FROM TB_Usuarios  WHERE TB_Usuarios.tpAcceso <> 'Puestos'  AND  TB_Usuarios.flBloqueado = 0  AND   dsUsuario Like ('ba%') AND TB_Usuarios.flEliminar = 0
02/07/2017 11:24:31 |  SELECT TOP 100 TB_Usuarios.dsUsuario  FROM TB_Usuarios  WHERE TB_Usuarios.tpAcceso <> 'Puestos'  AND  TB_Usuarios.flBloqueado = 0  AND   dsUsuario Like ('bf%') AND TB_Usuarios.flEliminar = 0
02/07/2017 11:24:35 | Exec sco_DiccionariodeDatos @nmtabla_param='TB_Puestos'
02/07/2017 11:24:35 |  SELECT TB_Puestos.nrPuesto ,TB_Puestos.dsPuesto  FROM TB_Puestos   
02/07/2017 11:24:35 |  SELECT TB_Puestos.nrPuesto ,TB_Puestos.dsPuesto  FROM TB_Puestos  WHERE TB_Puestos.nrPuesto = 9    
02/07/2017 11:26:22 | Exec  sco_TB_Productos_v4_1 
02/07/2017 11:26:22 | Exec sco_DiccionariodeDatos @nmtabla_param='TB_Usuarios'
02/07/2017 11:26:29 | Exec sco_DiccionariodeDatos @nmtabla_param='TB_Puestos'
02/07/2017 11:26:29 |  SELECT TB_Puestos.nrPuesto ,TB_Puestos.dsPuesto  FROM TB_Puestos   
02/07/2017 11:26:29 |  SELECT TB_Puestos.nrPuesto ,TB_Puestos.dsPuesto  FROM TB_Puestos  WHERE TB_Puestos.nrPuesto = 9    
02/07/2017 11:29:22 | Exec  sco_TB_Productos_v4_1 
02/07/2017 11:29:22 | Exec sco_DiccionariodeDatos @nmtabla_param='TB_Usuarios'
02/07/2017 11:29:24 |  SELECT TOP 100 TB_Usuarios.dsUsuario  FROM TB_Usuarios  WHERE TB_Usuarios.tpAcceso <> 'Puestos'  AND  TB_Usuarios.flBloqueado = 0  AND   dsUsuario Like ('b%') AND TB_Usuarios.flEliminar = 0
02/07/2017 11:30:12 | Exec sco_DiccionariodeDatos @nmtabla_param='TB_Puestos'
02/07/2017 11:30:12 |  SELECT TB_Puestos.nrPuesto ,TB_Puestos.dsPuesto  FROM TB_Puestos   
02/07/2017 11:30:12 |  SELECT TB_Puestos.nrPuesto ,TB_Puestos.dsPuesto  FROM TB_Puestos  WHERE TB_Puestos.nrPuesto = 9    
02/07/2017 11:30:20 | Exec  sco_TB_Productos_v4_1 
02/07/2017 11:30:20 | Exec sco_DiccionariodeDatos @nmtabla_param='TB_Usuarios'
02/07/2017 11:30:47 | Exec sco_DiccionariodeDatos @nmtabla_param='TB_Puestos'
02/07/2017 11:30:47 |  SELECT TB_Puestos.nrPuesto ,TB_Puestos.dsPuesto  FROM TB_Puestos   
02/07/2017 11:30:47 |  SELECT TB_Puestos.nrPuesto ,TB_Puestos.dsPuesto  FROM TB_Puestos  WHERE TB_Puestos.nrPuesto = 9    
02/07/2017 11:32:44 | Exec  sco_TB_Productos_v4_1 
02/07/2017 11:32:44 | Exec sco_DiccionariodeDatos @nmtabla_param='TB_Usuarios'
02/07/2017 11:33:23 | Exec sco_DiccionariodeDatos @nmtabla_param='TB_Puestos'
02/07/2017 11:33:23 |  SELECT TB_Puestos.nrPuesto ,TB_Puestos.dsPuesto  FROM TB_Puestos   
02/07/2017 11:33:23 |  SELECT TB_Puestos.nrPuesto ,TB_Puestos.dsPuesto  FROM TB_Puestos  WHERE TB_Puestos.nrPuesto = 9    
02/07/2017 11:33:30 | Exec  sco_TB_Productos_v4_1 
02/07/2017 11:33:30 | Exec sco_DiccionariodeDatos @nmtabla_param='TB_Usuarios'
02/07/2017 11:33:35 |  SELECT TOP 100 TB_Usuarios.dsUsuario  FROM TB_Usuarios  WHERE TB_Usuarios.tpAcceso = 'Puestos'  AND  TB_Usuarios.flBloqueado = 0  AND   dsUsuario Like ('b%') AND TB_Usuarios.flEliminar = 0
02/07/2017 11:33:39 |  SELECT TB_Usuarios.dsUsuario ,TB_Usuarios.dspassword ,TB_Usuarios.tpAcceso ,TB_Usuarios.nmNombre ,TB_Usuarios.nmApellido ,TB_Usuarios.flBloqueado ,TB_Usuarios.tpNivelJerarquico  FROM TB_Usuarios  WHERE TB_Usuarios.dsUsuario = 'BFAZZALARI'  AND  TB_Usuarios.flEliminar = 0    
02/07/2017 11:33:39 |  SELECT TB_Usuarios.dsUsuario ,TB_Usuarios.dspassword ,TB_Usuarios.tpAcceso ,TB_Usuarios.nmNombre ,TB_Usuarios.nmApellido ,TB_Usuarios.flBloqueado ,TB_Usuarios.tpNivelJerarquico  FROM TB_Usuarios  WHERE TB_Usuarios.dsUsuario = 'BFAZZALARI'  AND  TB_Usuarios.flEliminar = 0    
02/07/2017 11:33:46 | Exec sco_DiccionariodeDatos @nmtabla_param='sp_obtenerCajasPendientesdeAprobacion_v2_5'
02/07/2017 11:33:46 | Exec sp_obtenerCajasPendientesdeAprobacion_v2_5 @pdsUsuario_param = 'BFAZZALARI' 
02/07/2017 11:33:48 | Exec sp_obtenerCajasRechazadas_v2_9 
02/07/2017 11:33:48 | Exec sco_DiccionariodeDatos @nmtabla_param='TB_Parametros'
02/07/2017 11:33:48 |  SELECT TB_Parametros.vlParametro  FROM TB_Parametros  WHERE TB_Parametros.dsParametro = 'VALOR EURO'    
02/07/2017 11:33:48 |  SELECT TB_Parametros.vlParametro  FROM TB_Parametros  WHERE TB_Parametros.dsParametro = 'VALOR DOLAR'    
02/07/2017 11:33:48 | Exec SP_ValorPromoRetorno
02/07/2017 11:33:48 | Exec sco_DiccionariodeDatos @nmtabla_param='TB_Comisiones'
02/07/2017 11:33:48 |  SELECT TB_Comisiones.vlMontoMinimo  FROM TB_Comisiones  WHERE TB_Comisiones.tpComision = 'Retorno'  AND  TB_Comisiones.flEliminar = 0    
02/07/2017 11:33:48 |  SELECT TB_Parametros.vlParametro  FROM TB_Parametros  WHERE TB_Parametros.dsParametro = 'VALOR REAL'    
02/07/2017 11:33:48 | Exec sco_DiccionariodeDatos @nmtabla_param='TB_Cajas'
02/07/2017 11:33:48 |  SELECT TB_Cajas.nrCaja  FROM TB_Cajas  WHERE TB_Cajas.dsUsuario = 'BFAZZALARI'  and  TB_Cajas.flEstado = 0  and  TB_Cajas.tpEstadoAprobacion IS NULL  and  TB_Cajas.nrcaja > 0    
02/07/2017 11:33:49 | Exec sco_DiccionariodeDatos @nmtabla_param='sco_AccesosOpcionesMenu'
02/07/2017 11:33:49 | Exec sco_AccesosOpcionesMenu @p_tpNivelAcceso = 'Puestos' ,@p_operaconcaja = 1 
02/07/2017 11:33:49 | Exec sco_AccesosOpcionesMenu @p_tpNivelAcceso = 'Puestos' ,@p_operaconcaja = 1 
02/07/2017 11:33:51 | Exec sco_DiccionariodeDatos @nmtabla_param='sco_cajapuesto_v3_9'
02/07/2017 11:33:51 | Exec sco_cajapuesto_v3_9 @nrCaja_param = 1000010110 
02/07/2017 11:33:51 |  SELECT tb_parametros.dsParametro ,tb_parametros.vlParametro ,tb_parametros.tpParametro ,tb_parametros.flEditable ,tb_parametros.nrTamanio ,tb_parametros.dtActualizacion  FROM tb_parametros  WHERE tb_parametros.dsParametro = 'PORC_RECARGO_TD'    
02/07/2017 11:33:51 |  SELECT tb_parametros.dsParametro ,tb_parametros.vlParametro ,tb_parametros.tpParametro ,tb_parametros.flEditable ,tb_parametros.nrTamanio ,tb_parametros.dtActualizacion  FROM tb_parametros  WHERE tb_parametros.dsParametro = 'PORC_RECARGO_TC'    
02/07/2017 11:33:51 |  SELECT tb_parametros.dsParametro ,tb_parametros.vlParametro ,tb_parametros.tpParametro ,tb_parametros.flEditable ,tb_parametros.nrTamanio ,tb_parametros.dtActualizacion  FROM tb_parametros  WHERE tb_parametros.dsParametro = 'PORC_RECARGO_TP'    
02/07/2017 11:33:51 | Exec sco_DiccionariodeDatos @nmtabla_param='TB_Comprobantes'
02/07/2017 11:33:51 | Exec sco_DiccionariodeDatos @nmtabla_param='sp_obtenerComision_v4_7'
02/07/2017 11:33:51 | Exec sp_obtenerComision_v4_7 @tpComprobante_param = null ,@vlTotalGeneral_param = 0 ,@tpComision_param = null ,@tpCliente_param = null ,@dsCodigoDestinos_param = null 
02/07/2017 11:33:51 | Exec sp_obtenerComision_v4_7 @tpComprobante_param = null ,@vlTotalGeneral_param = 0 ,@tpComision_param = 'A Clientes' ,@tpCliente_param = 'A Clientes' ,@dsCodigoDestinos_param = null 
02/07/2017 11:33:51 | Exec sco_DiccionariodeDatos @nmtabla_param='spu_obtener_puntosdeventa_facturacion_v4_9_71'
02/07/2017 11:33:51 | Exec spu_obtener_puntosdeventa_facturacion_v4_9_71 @nrPuesto_param = 1 ,@tipo_iva = 'CF' ,@auto_impresor = 'S' ,@tpFormadePago = null ,@tpComprobante = 'FA' 
02/07/2017 11:33:51 | Exec sp_obtenerComision_v4_7 @tpComprobante_param = 'FA' ,@vlTotalGeneral_param = 0 ,@tpComision_param = 'A Clientes' ,@tpCliente_param = 'A Clientes' ,@dsCodigoDestinos_param = null 
02/07/2017 11:33:51 | Exec spu_obtener_puntosdeventa_facturacion_v4_9_71 @nrPuesto_param = 1 ,@tipo_iva = 'CF' ,@auto_impresor = 'S' ,@tpFormadePago = null ,@tpComprobante = 'FA' 
02/07/2017 11:33:51 | Exec spu_obtener_puntosdeventa_facturacion_v4_9_71 @nrPuesto_param = 1 ,@tipo_iva = 'CF' ,@auto_impresor = 'S' ,@tpFormadePago = null ,@tpComprobante = 'FA' 
02/07/2017 11:33:51 | Exec sp_obtenerComision_v4_7 @tpComprobante_param = 'FA' ,@vlTotalGeneral_param = 0 ,@tpComision_param = 'A Clientes' ,@tpCliente_param = 'A Clientes' ,@dsCodigoDestinos_param = null 
02/07/2017 11:33:51 | Exec sp_obtenerComision_v4_7 @tpComprobante_param = 'FA' ,@vlTotalGeneral_param = 0 ,@tpComision_param = 'A Clientes' ,@tpCliente_param = 'A Clientes' ,@dsCodigoDestinos_param = null 
02/07/2017 11:33:51 | Exec sp_obtenerComision_v4_7 @tpComprobante_param = 'FA' ,@vlTotalGeneral_param = 0 ,@tpComision_param = 'A Clientes' ,@tpCliente_param = 'A Clientes' ,@dsCodigoDestinos_param = null 
02/07/2017 11:33:51 | Exec sco_DiccionariodeDatos @nmtabla_param='TB_Productos'
02/07/2017 11:33:57 |  SELECT tb_parametros.dsParametro ,tb_parametros.vlParametro ,tb_parametros.tpParametro ,tb_parametros.flEditable ,tb_parametros.nrTamanio ,tb_parametros.dtActualizacion  FROM tb_parametros  WHERE tb_parametros.dsParametro = 'PORC_RECARGO_TD'    
02/07/2017 11:33:57 |  SELECT tb_parametros.dsParametro ,tb_parametros.vlParametro ,tb_parametros.tpParametro ,tb_parametros.flEditable ,tb_parametros.nrTamanio ,tb_parametros.dtActualizacion  FROM tb_parametros  WHERE tb_parametros.dsParametro = 'PORC_RECARGO_TC'    
02/07/2017 11:33:57 |  SELECT tb_parametros.dsParametro ,tb_parametros.vlParametro ,tb_parametros.tpParametro ,tb_parametros.flEditable ,tb_parametros.nrTamanio ,tb_parametros.dtActualizacion  FROM tb_parametros  WHERE tb_parametros.dsParametro = 'PORC_RECARGO_TP'    
02/07/2017 11:33:57 | Exec sco_DiccionariodeDatos @nmtabla_param='SP_Supera_KM_IVA_segunMonto_2_0'
02/07/2017 11:33:57 | Exec SP_Supera_KM_IVA_segunMonto_2_0 @tpCategoriaIVA_param = 'CF' ,@vlKilometros_param = 0 ,@vlMonto_param = 450 
02/07/2017 11:33:57 | Exec sp_obtenerComision_v4_7 @tpComprobante_param = 'FA' ,@vlTotalGeneral_param = 450 ,@tpComision_param = 'A Clientes' ,@tpCliente_param = 'A Clientes' ,@dsCodigoDestinos_param = '''Viaje'',null,450' 
02/07/2017 11:33:57 | Exec sp_obtenerComision_v4_7 @tpComprobante_param = 'FA' ,@vlTotalGeneral_param = 450 ,@tpComision_param = 'A Clientes' ,@tpCliente_param = 'A Clientes' ,@dsCodigoDestinos_param = '''Viaje'',null,450' 
02/07/2017 11:33:57 | Exec sp_obtenerComision_v4_7 @tpComprobante_param = 'FA' ,@vlTotalGeneral_param = 450 ,@tpComision_param = 'A Clientes' ,@tpCliente_param = 'A Clientes' ,@dsCodigoDestinos_param = '''Viaje'',null,450' 
02/07/2017 11:33:57 | Exec SP_Supera_KM_IVA_segunMonto_2_0 @tpCategoriaIVA_param = 'CF' ,@vlKilometros_param = 0 ,@vlMonto_param = 450 
02/07/2017 11:33:57 | Exec sp_obtenerComision_v4_7 @tpComprobante_param = 'FA' ,@vlTotalGeneral_param = 450 ,@tpComision_param = 'A Clientes' ,@tpCliente_param = 'A Clientes' ,@dsCodigoDestinos_param = '''Viaje'',null,450' 
02/07/2017 11:33:57 | Exec SP_Supera_KM_IVA_segunMonto_2_0 @tpCategoriaIVA_param = 'CF' ,@vlKilometros_param = 0 ,@vlMonto_param = 450 
02/07/2017 11:33:57 | Exec sp_obtenerComision_v4_7 @tpComprobante_param = 'FA' ,@vlTotalGeneral_param = 450 ,@tpComision_param = 'A Clientes' ,@tpCliente_param = 'A Clientes' ,@dsCodigoDestinos_param = '''Viaje'',null,450' 
02/07/2017 11:33:57 | Exec sp_obtenerComision_v4_7 @tpComprobante_param = 'FA' ,@vlTotalGeneral_param = 450 ,@tpComision_param = 'A Clientes' ,@tpCliente_param = 'A Clientes' ,@dsCodigoDestinos_param = '''Viaje'',null,450' 
02/07/2017 11:33:57 | Exec sp_obtenerComision_v4_7 @tpComprobante_param = 'FA' ,@vlTotalGeneral_param = 450 ,@tpComision_param = 'A Clientes' ,@tpCliente_param = 'A Clientes' ,@dsCodigoDestinos_param = '''Viaje'',null,450' 
02/07/2017 11:34:00 | Exec sco_DiccionariodeDatos @nmtabla_param='TB_Proveedores'
02/07/2017 11:34:00 |  SELECT TB_Proveedores.nmNombre ,TB_Proveedores.nmApellido  FROM TB_Proveedores  WHERE TB_Proveedores.tpCategoria = 'Licenciatario'  AND  TB_Proveedores.nrLicencia = 10  AND  TB_Proveedores.flEliminar = 0    
02/07/2017 11:34:19 |  SELECT tb_parametros.dsParametro ,tb_parametros.vlParametro ,tb_parametros.tpParametro ,tb_parametros.flEditable ,tb_parametros.nrTamanio ,tb_parametros.dtActualizacion  FROM tb_parametros  WHERE tb_parametros.dsParametro = 'CALCULA_IVA_LIC_990'    
02/07/2017 11:34:20 | Exec SP_Supera_KM_IVA_segunMonto_2_0 @tpCategoriaIVA_param = 'CF' ,@vlKilometros_param = 0 ,@vlMonto_param = 450 
02/07/2017 11:34:20 | Exec sp_obtenerComision_v4_7 @tpComprobante_param = 'FA' ,@vlTotalGeneral_param = 450 ,@tpComision_param = 'A Clientes' ,@tpCliente_param = 'A Clientes' ,@dsCodigoDestinos_param = '''Viaje'',null,450' 
02/07/2017 11:34:20 | Exec sp_obtenerComision_v4_7 @tpComprobante_param = 'FA' ,@vlTotalGeneral_param = 450 ,@tpComision_param = 'A Clientes' ,@tpCliente_param = 'A Clientes' ,@dsCodigoDestinos_param = '''Viaje'',null,450' 
02/07/2017 11:34:20 |  SELECT tb_parametros.dsParametro ,tb_parametros.vlParametro ,tb_parametros.tpParametro ,tb_parametros.flEditable ,tb_parametros.nrTamanio ,tb_parametros.dtActualizacion  FROM tb_parametros  WHERE tb_parametros.dsParametro = 'MONTO_EXIGE_CUIT_CUIL'    
02/07/2017 11:34:20 |  SELECT TB_Cajas.nrCaja  FROM TB_Cajas  WHERE TB_Cajas.nrCaja = 1000010110  AND  TB_Cajas.flEstado = 0    
02/07/2017 11:34:22 | Exec sco_DiccionariodeDatos @nmtabla_param='sp_eliminarFisicamenteunComprobanteEliminadoLogicamente_v2_5'
02/07/2017 11:34:22 | Exec sp_eliminarFisicamenteunComprobanteEliminadoLogicamente_v2_5 @nrTalonario_param = '0006' ,@nrComprobante_param = '00633604' ,@tpComprobante_param = 'FA' ,@tpLetra_param = 'B' 
02/07/2017 11:34:23 | Exec spu_obtener_puntosdeventa_facturacion_v4_9_71 @nrPuesto_param = 1 ,@tipo_iva = 'CF' ,@auto_impresor = 'S' ,@tpFormadePago = null ,@tpComprobante = 'FA' 
02/07/2017 11:34:23 |  INSERT TB_Comprobantes (nrComprobante ,nrTalonario ,vlPagoReales ,nrDoc ,tpLetra ,cdCliente ,dsRazonSocial ,vlTotalGeneral ,dsLeyenda ,vlPagoEuros ,nmEmpleado ,nrPuesto ,nrCaja ,nrLicencia ,nrBultos ,nrPasajeros ,tpComprobante ,vlPagoDolares ,vlPagoPesos ,nmLicenciatario ,dtComprobante ,dsEmail ,vlSubtotal ,vlIVA ,cdCondVenta ,tpComision ,tpIVA ,dsOpcional3 ,cdCodBar ,dtCaja ,dtInsercion ,dsOpcional1 ,nrCAI ,dtVencimiento ,vlDiaDolar ,vlDiaEuro ,vlDiaReal ,dsOpcional2 ,dsUsuario ,flSincronizado ,flManual ,nrTarjeta ,tpDocTarjeta ,nrDocTarjeta )  VALUES ('00633604' ,'0006' ,0.00 ,null ,'B' ,1 ,'Consumidor Final' ,450.00 ,'ESTA ES UNA FACTURA DE EULISES' ,0.00 ,'BARBARA FAZZALARI' ,1 ,1000010110 ,10 ,null ,null ,'FA' ,0.00 ,450.00 ,'MARTINEZ IRMA' ,'02/07/2017' ,null ,450.00 ,0.00 ,'Contado' ,'A Clientes' ,'CF' ,'307082499190100063506310668186316012019' ,'000600633604010' ,'02/07/2017 11:34:23' ,'02/07/2017 11:34:23' ,'11:34' ,'35063106681863' ,'16/01/2019' ,9.1 ,10 ,3.21 ,'CENTRO - CAPITAL FEDERAL CON PEAJES  (1 DESTINO) ' ,'BFAZZALARI' ,0 ,'N' ,null ,null ,null )
02/07/2017 11:34:23 | Exec sco_DiccionariodeDatos @nmtabla_param='DiccionariodeDatos'
02/07/2017 11:34:23 |  UPDATE DiccionariodeDatos SET DiccionariodeDatos.vlPuesto1  = '633604'   WHERE DiccionariodeDatos.nmTabla = 'TB_Comprobantes'  AND  DiccionariodeDatos.nmCampo = 'nrComprobante'  
02/07/2017 11:34:23 | Exec sco_DiccionariodeDatos @nmtabla_param='TB_ComprobantesDetalle'
02/07/2017 11:34:23 |  INSERT TB_ComprobantesDetalle (nrTalonario ,nrComprobante ,tpComprobante ,tpLetra ,nrItem ,cdProducto ,dsProducto ,tpOperacion ,vlPorcentaje ,vlPrecioPeaje ,vlKilometros ,vlPrecioViaje ,vlPrecioTC ,vlPrecioTD ,vlRecargoTC ,vlRecargoTD ,vlRecargoTP ,vlPrecioTP ,dtInsercion ,flSincronizado ,nrCaja ,nrPuesto )  VALUES ('0006' ,'00633604' ,'FA' ,'B' ,1 ,90001 ,'CENTRO - CAPITAL FEDERAL CON PEAJES  (1 DESTINO) ' ,'Viaje' ,0 ,0 ,0 ,450 ,'489' ,'489' ,'39' ,'39' ,'39' ,'489' ,'02/07/2017' ,0 ,1000010110 ,1 )
02/07/2017 11:34:23 | Exec sp_obtenerComision_v4_7 @tpComprobante_param = 'FA' ,@vlTotalGeneral_param = 450 ,@tpComision_param = 'A Clientes' ,@tpCliente_param = 'A Clientes' ,@dsCodigoDestinos_param = '''Viaje'',null,450' 
02/07/2017 11:34:23 | Exec sco_DiccionariodeDatos @nmtabla_param='TB_Cupones'
02/07/2017 11:34:23 | Exec SP_ObtenerMaxnrCupon_v2_7 
02/07/2017 11:34:23 |  INSERT TB_Cupones (nrTalonarioCliente ,nrComprabanteCliente ,tpComprobanteCliente ,tpLetraCliente ,cdCliente ,nrPuesto ,nrLicencia ,nmLicenciatario ,vlMontoCupon ,vlPagoPesos ,vlPagoDolares ,vlPagoEuros ,vlPagoReales ,nrCantidadBultos ,tpCupon ,dsDestino ,dsHoraViaje ,dsLeyenda ,flCobradoalCliente ,dtCobradoalCliente ,flCompensado ,vlaFavordelLicenciatario ,vlafavorAdmin ,vlComision ,dtCajaCliente ,nrCajaCliente ,dtCupon ,dsUsuario ,nrPasajeros ,flSincronizado ,vlIVA ,vlSubtotal ,cdCodBar ,nrCupon ,nrTarjeta ,tpDocTarjeta ,nrDocTarjeta ,vlRecargoTarjeta )  VALUES ('0006' ,'00633604' ,'FA' ,'B' ,1 ,1 ,10 ,'MARTINEZ IRMA' ,450.00 ,450.00 ,0.00 ,0.00 ,0.00 ,null ,'Contado' ,'CENTRO - CAPITAL FEDERAL CON PEAJES  (1 DESTINO) ' ,'11:34' ,'ESTA ES UNA FACTURA DE EULISES' ,1 ,'02/07/2017 11:34:23' ,0 ,414 ,0 ,36 ,'02/07/2017 11:34:23' ,1000010110 ,'02/07/2017 11:34:23' ,'BFAZZALARI' ,null ,0 ,0.00 ,450.00 ,'000600633604010' ,116 ,null ,null ,null ,0 )
02/07/2017 11:34:23 |  UPDATE DiccionariodeDatos SET DiccionariodeDatos.vlPuesto1  = '116'   WHERE DiccionariodeDatos.nmTabla = 'TB_Cupones'  AND  DiccionariodeDatos.nmCampo = 'nrCupon'  
02/07/2017 11:34:23 |  SELECT TB_Cajas.vlSaldoFinalPesos ,TB_Cajas.vlSaldoFinalDolares ,TB_Cajas.vlSaldoFinalEuros ,TB_Cajas.vlSaldoFinalReales  FROM TB_Cajas  WHERE TB_Cajas.nrCaja = 1000010110    
02/07/2017 11:34:23 |  UPDATE TB_Cajas SET TB_Cajas.vlSaldoFinalPesos  = 2350 ,TB_Cajas.vlSaldoFinalDolares  = 100 ,TB_Cajas.vlSaldoFinalReales  = 0 ,TB_Cajas.vlSaldoFinalEuros  = 50   WHERE TB_Cajas.nrCaja = 1000010110  
02/07/2017 11:34:23 | Exec sco_DiccionariodeDatos @nmtabla_param='spu_actualizar_puntosdeventa_facturacion_v4_9_71'
02/07/2017 11:34:23 | Exec spu_actualizar_puntosdeventa_facturacion_v4_9_71 @nrPuesto_param = 1 ,@tipo_iva = 'CF' ,@auto_impresor = 'S' ,@tpFormadePago = null ,@tpComprobante = 'FA' ,@nrComprobante = 633604 
02/07/2017 11:34:23 | Exec sco_DiccionariodeDatos @nmtabla_param='SP_PrepararReimpresiondeComprobante_v4_9'
02/07/2017 11:34:23 | Exec SP_PrepararReimpresiondeComprobante_v4_9 @nrTalonario = '0006' ,@nrComprobante = '00633604' ,@tpComprobante = 'FA' ,@tpLetra = 'B' ,@dsUsuario = 'BFAZZALARI' 
02/07/2017 11:34:25 | Exec sco_DiccionariodeDatos @nmtabla_param='SP_eliminarTablasImpresion_v4_7'
02/07/2017 11:34:25 | Exec SP_eliminarTablasImpresion_v4_7 @dsUsuario = 'BFAZZALARI' 
02/07/2017 11:34:25 | Exec spu_obtener_puntosdeventa_facturacion_v4_9_71 @nrPuesto_param = 1 ,@tipo_iva = 'CF' ,@auto_impresor = 'S' ,@tpFormadePago = null ,@tpComprobante = 'FA' 
02/07/2017 11:34:25 | Exec spu_obtener_puntosdeventa_facturacion_v4_9_71 @nrPuesto_param = 1 ,@tipo_iva = 'CF' ,@auto_impresor = 'S' ,@tpFormadePago = null ,@tpComprobante = 'FA' 
02/07/2017 11:34:25 | Exec sp_obtenerComision_v4_7 @tpComprobante_param = 'FA' ,@vlTotalGeneral_param = 0 ,@tpComision_param = 'A Clientes' ,@tpCliente_param = 'A Clientes' ,@dsCodigoDestinos_param = null 
02/07/2017 11:34:25 | Exec sp_obtenerComision_v4_7 @tpComprobante_param = 'FA' ,@vlTotalGeneral_param = 0 ,@tpComision_param = 'A Clientes' ,@tpCliente_param = 'A Clientes' ,@dsCodigoDestinos_param = null 
02/07/2017 11:34:25 | Exec sp_obtenerComision_v4_7 @tpComprobante_param = 'FA' ,@vlTotalGeneral_param = 0 ,@tpComision_param = 'A Clientes' ,@tpCliente_param = 'A Clientes' ,@dsCodigoDestinos_param = null 
02/07/2017 11:34:26 | Exec sco_AccesosOpcionesMenu @p_tpNivelAcceso = 'Puestos' ,@p_operaconcaja = 1 
02/07/2017 11:34:31 |  SELECT TB_Comprobantes.dtComprobante ,TB_Comprobantes.nrComprobante ,TB_Comprobantes.cdCliente ,TB_Comprobantes.cdCodBar ,TB_Comprobantes.nrLicencia ,TB_Comprobantes.nrPuesto ,TB_Comprobantes.nrTalonario ,TB_Comprobantes.tpComprobante ,TB_Comprobantes.nrCaja ,TB_Comprobantes.cdCondVenta ,TB_Comprobantes.nrDoc ,TB_Comprobantes.dsRazonSocial ,TB_Comprobantes.nmLicenciatario ,TB_Comprobantes.dsUsuario ,TB_Comprobantes.dsDomicilio ,TB_Comprobantes.flManual ,TB_Comprobantes.tpComprobante ,TB_Comprobantes.tpLetra  FROM TB_Comprobantes  WHERE  nrComprobante Like ('%%%') AND TB_Comprobantes.nrCaja = 1000010110  AND  TB_Comprobantes.flEliminar = 0  AND  TB_Comprobantes.dtComprobante >= '02/07/2017 00:00:00'  AND  TB_Comprobantes.dtComprobante <= '02/07/2017 23:59:59'     Order by TB_Comprobantes.nrComprobante ASC 
02/07/2017 11:34:33 |  SELECT TB_Comprobantes.dsLeyenda ,TB_Comprobantes.tpLetra ,TB_Comprobantes.vlTotalGeneral ,TB_Comprobantes.vlPagoEuros ,TB_Comprobantes.vlPagoPesos ,TB_Comprobantes.tpMoneda ,TB_Comprobantes.dsDomicilio ,TB_Comprobantes.nmLocalidad ,TB_Comprobantes.dsEmail ,TB_Comprobantes.cdPostal ,TB_Comprobantes.dtVencimiento ,TB_Comprobantes.nrBultos ,TB_Comprobantes.nrPasajeros ,TB_Comprobantes.vlPagoDolares ,TB_Comprobantes.nrTel ,TB_Comprobantes.vlDiaEuro ,TB_Comprobantes.cdCliente ,TB_Comprobantes.nrTalonario ,TB_Comprobantes.dtComprobante ,TB_Comprobantes.nrComprobante ,TB_Comprobantes.cdCodBar ,TB_Comprobantes.tpComprobante ,TB_Comprobantes.nrCaja ,TB_Comprobantes.cdCondVenta ,TB_Comprobantes.nrDoc ,TB_Comprobantes.dsRazonSocial ,TB_Comprobantes.nrLicencia ,TB_Comprobantes.nmLicenciatario ,TB_Comprobantes.dsUsuario ,TB_Comprobantes.nrPuesto ,TB_Comprobantes.nmApellido ,TB_Comprobantes.nmNombre ,TB_Comprobantes.dsOpcional3 ,TB_Comprobantes.flAnulado ,TB_Comprobantes.flManual ,TB_Comprobantes.vlPagoReales  FROM TB_Comprobantes  WHERE TB_Comprobantes.nrComprobante = '00633603    '  AND  TB_Comprobantes.nrTalonario = '0006'  AND  TB_Comprobantes.nrCaja = 1000010110  AND  TB_Comprobantes.tpLetra = 'B'  AND  TB_Comprobantes.tpComprobante = 'FA'  AND  TB_Comprobantes.flEliminar = 0    
02/07/2017 11:34:33 |  SELECT TB_ComprobantesDetalle.nrItem ,TB_ComprobantesDetalle.cdProducto ,TB_ComprobantesDetalle.dsProducto ,TB_ComprobantesDetalle.vlPrecioViaje ,TB_ComprobantesDetalle.vlTotalItem  FROM TB_ComprobantesDetalle  WHERE TB_ComprobantesDetalle.nrTalonario = '0006'  AND  TB_ComprobantesDetalle.nrComprobante = '00633603'  AND  TB_ComprobantesDetalle.tpComprobante = 'FA'  AND  TB_ComprobantesDetalle.tpLetra = 'B'    
02/07/2017 11:35:11 | Exec sco_AccesosOpcionesMenu @p_tpNivelAcceso = 'Puestos' ,@p_operaconcaja = 1 
02/07/2017 11:35:31 | Exec sco_DiccionariodeDatos @nmtabla_param='TB_Puestos'
02/07/2017 11:35:31 |  SELECT TB_Puestos.nrPuesto ,TB_Puestos.dsPuesto  FROM TB_Puestos   
02/07/2017 11:35:31 |  SELECT TB_Puestos.nrPuesto ,TB_Puestos.dsPuesto  FROM TB_Puestos  WHERE TB_Puestos.nrPuesto = 1    
02/07/2017 11:35:36 | Exec  sco_TB_Productos_v4_1 
02/07/2017 11:35:37 | Exec sco_DiccionariodeDatos @nmtabla_param='TB_Usuarios'
02/07/2017 11:35:40 |  SELECT TOP 100 TB_Usuarios.dsUsuario  FROM TB_Usuarios  WHERE TB_Usuarios.tpAcceso = 'Puestos'  AND  TB_Usuarios.flBloqueado = 0  AND   dsUsuario Like ('c%') AND TB_Usuarios.flEliminar = 0
02/07/2017 11:35:40 |  SELECT TOP 100 TB_Usuarios.dsUsuario  FROM TB_Usuarios  WHERE TB_Usuarios.tpAcceso = 'Puestos'  AND  TB_Usuarios.flBloqueado = 0  AND   dsUsuario Like ('ca%') AND TB_Usuarios.flEliminar = 0
02/07/2017 11:35:40 |  SELECT TOP 100 TB_Usuarios.dsUsuario  FROM TB_Usuarios  WHERE TB_Usuarios.tpAcceso = 'Puestos'  AND  TB_Usuarios.flBloqueado = 0  AND   dsUsuario Like ('cam%') AND TB_Usuarios.flEliminar = 0
02/07/2017 11:35:43 | Exec sco_DiccionariodeDatos @nmtabla_param='TB_Puestos'
02/07/2017 11:35:44 |  SELECT TB_Puestos.nrPuesto ,TB_Puestos.dsPuesto  FROM TB_Puestos   
02/07/2017 11:35:44 |  SELECT TB_Puestos.nrPuesto ,TB_Puestos.dsPuesto  FROM TB_Puestos  WHERE TB_Puestos.nrPuesto = 1    
02/07/2017 11:35:47 | Exec  sco_TB_Productos_v4_1 
02/07/2017 11:35:47 | Exec sco_DiccionariodeDatos @nmtabla_param='TB_Usuarios'
02/07/2017 11:35:55 |  SELECT TOP 100 TB_Usuarios.dsUsuario  FROM TB_Usuarios  WHERE TB_Usuarios.tpAcceso <> 'Puestos'  AND  TB_Usuarios.flBloqueado = 0  AND   dsUsuario Like ('c%') AND TB_Usuarios.flEliminar = 0
02/07/2017 11:35:55 |  SELECT TOP 100 TB_Usuarios.dsUsuario  FROM TB_Usuarios  WHERE TB_Usuarios.tpAcceso <> 'Puestos'  AND  TB_Usuarios.flBloqueado = 0  AND   dsUsuario Like ('ca%') AND TB_Usuarios.flEliminar = 0
02/07/2017 11:35:55 |  SELECT TOP 100 TB_Usuarios.dsUsuario  FROM TB_Usuarios  WHERE TB_Usuarios.tpAcceso <> 'Puestos'  AND  TB_Usuarios.flBloqueado = 0  AND   dsUsuario Like ('cam%') AND TB_Usuarios.flEliminar = 0
02/07/2017 11:35:55 |  SELECT TOP 100 TB_Usuarios.dsUsuario  FROM TB_Usuarios  WHERE TB_Usuarios.tpAcceso <> 'Puestos'  AND  TB_Usuarios.flBloqueado = 0  AND   dsUsuario Like ('cami%') AND TB_Usuarios.flEliminar = 0
02/07/2017 11:35:59 |  SELECT TB_Usuarios.dsUsuario ,TB_Usuarios.dspassword ,TB_Usuarios.tpAcceso ,TB_Usuarios.nmNombre ,TB_Usuarios.nmApellido ,TB_Usuarios.flBloqueado ,TB_Usuarios.tpNivelJerarquico  FROM TB_Usuarios  WHERE TB_Usuarios.dsUsuario = 'CAMILAP'  AND  TB_Usuarios.flEliminar = 0    
02/07/2017 11:35:59 |  SELECT TB_Usuarios.dsUsuario ,TB_Usuarios.dspassword ,TB_Usuarios.tpAcceso ,TB_Usuarios.nmNombre ,TB_Usuarios.nmApellido ,TB_Usuarios.flBloqueado ,TB_Usuarios.tpNivelJerarquico  FROM TB_Usuarios  WHERE TB_Usuarios.dsUsuario = 'CAMILAP'  AND  TB_Usuarios.flEliminar = 0    
02/07/2017 11:35:59 | Exec sco_DiccionariodeDatos @nmtabla_param='sp_obtenerCajasPendientesdeAprobacion_v2_5'
02/07/2017 11:35:59 | Exec sp_obtenerCajasPendientesdeAprobacion_v2_5 @pdsUsuario_param = 'CAMILAP' 
02/07/2017 11:35:59 | Exec sp_obtenerCajasRechazadas_v2_9 
02/07/2017 11:35:59 | Exec sco_DiccionariodeDatos @nmtabla_param='TB_Parametros'
02/07/2017 11:35:59 |  SELECT TB_Parametros.vlParametro  FROM TB_Parametros  WHERE TB_Parametros.dsParametro = 'VALOR EURO'    
02/07/2017 11:35:59 |  SELECT TB_Parametros.vlParametro  FROM TB_Parametros  WHERE TB_Parametros.dsParametro = 'VALOR DOLAR'    
02/07/2017 11:35:59 | Exec SP_ValorPromoRetorno
02/07/2017 11:35:59 | Exec sco_DiccionariodeDatos @nmtabla_param='TB_Comisiones'
02/07/2017 11:35:59 |  SELECT TB_Comisiones.vlMontoMinimo  FROM TB_Comisiones  WHERE TB_Comisiones.tpComision = 'Retorno'  AND  TB_Comisiones.flEliminar = 0    
02/07/2017 11:35:59 |  SELECT TB_Parametros.vlParametro  FROM TB_Parametros  WHERE TB_Parametros.dsParametro = 'VALOR REAL'    
02/07/2017 11:35:59 | Exec sco_DiccionariodeDatos @nmtabla_param='TB_Cajas'
02/07/2017 11:35:59 |  SELECT TB_Cajas.nrCaja  FROM TB_Cajas  WHERE TB_Cajas.dsUsuario = 'CAMILAP'  and  TB_Cajas.flEstado = 0  and  TB_Cajas.tpEstadoAprobacion IS NULL  and  TB_Cajas.nrcaja > 0    
02/07/2017 11:36:01 |  SELECT TB_Cajas.nrCaja ,TB_Cajas.vlTotalSaldoFinal ,TB_Cajas.nrPuesto ,TB_Cajas.dsUsuario ,TB_Cajas.vlSaldoInicialPesos ,TB_Cajas.dtApertura ,TB_Cajas.dtCierre ,TB_Cajas.vlDiaDolar ,TB_Cajas.vlDiaEuro ,TB_Cajas.vlSaldoInicialEuros ,TB_Cajas.vlSaldoInicialDolares ,TB_Cajas.vlSaldoFinalRealPesos ,TB_Cajas.vlTotalSaldoInicial ,TB_Cajas.dtObservacion ,TB_Cajas.vlCierrePesos ,TB_Cajas.vlSaldoFinalRealDolares ,TB_Cajas.vlSaldoFinalRealEuros ,TB_Cajas.vlTotalSaldoFinalReal ,TB_Cajas.vlCierreDolares ,TB_Cajas.vlCierreEuros ,TB_Cajas.dsObservacion ,TB_Cajas.vlDiaReal ,TB_Cajas.flEstado  FROM TB_Cajas  WHERE TB_Cajas.nrCaja = 9000003773    
02/07/2017 11:36:01 | Exec sco_DiccionariodeDatos @nmtabla_param='SP_SumaCajaADM_v2_9'
02/07/2017 11:36:01 | Exec SP_SumaCajaADM_v2_9 @nrCaja_param = 9000003773 ,@tpCaja_param = 'CA' ,@tpCajaImputacion_param = null 
02/07/2017 11:36:01 |  UPDATE TB_Cajas SET TB_Cajas.vlSaldoFinalRealPesos  = -258.92 ,TB_Cajas.vlSaldoFinalRealEuros  = 0.00 ,TB_Cajas.vlSaldoFinalRealDolares  = 0.00 ,TB_Cajas.vlCierrePesos  = -258.92 ,TB_Cajas.vlCierreDolares  = 0 ,TB_Cajas.vlCierreEuros  = 0   WHERE TB_Cajas.nrCaja = 9000003773  
02/07/2017 11:36:02 |  UPDATE TB_Cajas SET TB_Cajas.nrCaja  = 9000003773 ,TB_Cajas.vlTotalSaldoFinal  = -258.92 ,TB_Cajas.nrPuesto  = 9 ,TB_Cajas.dsUsuario  = 'CAMILAP' ,TB_Cajas.vlSaldoInicialPesos  = 0.00 ,TB_Cajas.dtApertura  = '19/08/2015 11:17:24' ,TB_Cajas.dtCierre  = null ,TB_Cajas.vlDiaDolar  = 9.10 ,TB_Cajas.vlDiaEuro  = 10.00 ,TB_Cajas.vlSaldoInicialEuros  = 0.00 ,TB_Cajas.vlSaldoInicialDolares  = 0.00 ,TB_Cajas.vlSaldoFinalRealPesos  = 0.00 ,TB_Cajas.vlTotalSaldoInicial  = 0.00 ,TB_Cajas.dtObservacion  = '02/07/2017 11:36:02' ,TB_Cajas.vlCierrePesos  = -258.92 ,TB_Cajas.vlSaldoFinalRealDolares  = 0.00 ,TB_Cajas.vlSaldoFinalRealEuros  = 0.00 ,TB_Cajas.vlTotalSaldoFinalReal  = -258.92 ,TB_Cajas.vlCierreDolares  = 0 ,TB_Cajas.vlCierreEuros  = 0 ,TB_Cajas.dsObservacion  = null ,TB_Cajas.vlDiaReal  = 3.21 ,TB_Cajas.flCajaAdm  = 1   WHERE TB_Cajas.nrCaja = 9000003773  
02/07/2017 11:36:02 | Exec sco_DiccionariodeDatos @nmtabla_param='VW_UltimaCajaAdm'
02/07/2017 11:36:02 |  SELECT VW_UltimaCajaAdm.nrCaja ,VW_UltimaCajaAdm.vlSaldoFinalRealPesos ,VW_UltimaCajaAdm.vlSaldoFinalRealEuros ,VW_UltimaCajaAdm.vlSaldoFinalRealDolares  FROM VW_UltimaCajaAdm   
02/07/2017 11:36:02 |  SELECT TB_Cajas.nrCaja  FROM TB_Cajas  WHERE TB_Cajas.nrCaja = 9000003773  AND  TB_Cajas.flEstado = 0    
02/07/2017 11:36:02 | Exec sco_DiccionariodeDatos @nmtabla_param='sco_cajapuesto_v3_9'
02/07/2017 11:36:02 | Exec sco_cajapuesto_v3_9 @nrCaja_param = 9000003772 
02/07/2017 11:36:02 | Exec sco_cajapuesto_v3_9 @nrCaja_param = 9000003773 
02/07/2017 11:36:02 | Exec sco_DiccionariodeDatos @nmtabla_param='spu_esdifporCotizacionImputadas_v3_9'
02/07/2017 11:36:02 | Exec spu_esdifporCotizacionImputadas_v3_9 @nrCajaAdmActual = 9000003773 
02/07/2017 11:36:02 | Exec sco_validarVencimientosCAI_v4_1
02/07/2017 11:36:02 | Exec sco_DiccionariodeDatos @nmtabla_param='sco_AccesosOpcionesMenu'
02/07/2017 11:36:02 | Exec sco_AccesosOpcionesMenu @p_tpNivelAcceso = 'Administración' ,@p_operaconcaja = 1 
02/07/2017 11:36:02 | Exec sco_AccesosOpcionesMenu @p_tpNivelAcceso = 'Administración' ,@p_operaconcaja = 1 
02/07/2017 11:36:05 |  SELECT TB_Cajas.vlSaldoInicialPesos ,TB_Cajas.vlSaldoInicialDolares ,TB_Cajas.vlSaldoInicialEuros ,TB_Cajas.vlSaldoInicialReales ,TB_Cajas.vlDiaEuro ,TB_Cajas.vlDiaDolar ,TB_Cajas.vlDiaReal ,TB_Cajas.dsUsuario ,TB_Cajas.dtApertura ,TB_Cajas.dtCierre  FROM TB_Cajas  WHERE TB_Cajas.nrCaja = 9000003773    
02/07/2017 11:36:05 | Exec sco_DiccionariodeDatos @nmtabla_param='TB_Cupones'
02/07/2017 11:36:05 | Exec  sp_obtiene_falta_compensar_v4_2 
02/07/2017 11:36:05 |  SELECT tb_parametros.dsParametro ,tb_parametros.vlParametro ,tb_parametros.tpParametro ,tb_parametros.flEditable ,tb_parametros.nrTamanio ,tb_parametros.dtActualizacion  FROM tb_parametros  WHERE tb_parametros.dsParametro = 'CANT_VIAJES_A_COMP'    
02/07/2017 11:36:05 |  SELECT tb_parametros.dsParametro ,tb_parametros.vlParametro ,tb_parametros.tpParametro ,tb_parametros.flEditable ,tb_parametros.nrTamanio ,tb_parametros.dtActualizacion  FROM tb_parametros  WHERE tb_parametros.dsParametro = 'CTROL_CANT_VIAJES'    
02/07/2017 11:36:05 |  SELECT tb_parametros.dsParametro ,tb_parametros.vlParametro ,tb_parametros.tpParametro ,tb_parametros.flEditable ,tb_parametros.nrTamanio ,tb_parametros.dtActualizacion  FROM tb_parametros  WHERE tb_parametros.dsParametro = 'COBRO_COMISION_CD_RE_OBLIGATORIA'    
02/07/2017 11:36:05 |  SELECT tb_parametros.dsParametro ,tb_parametros.vlParametro ,tb_parametros.tpParametro ,tb_parametros.flEditable ,tb_parametros.nrTamanio ,tb_parametros.dtActualizacion  FROM tb_parametros  WHERE tb_parametros.dsParametro = 'RESTRINGE_TARJETAS'    
02/07/2017 11:36:09 |  SELECT TB_Cupones.cdCodBar ,TB_Cupones.nrLicencia ,TB_Cupones.nmLicenciatario ,TB_Cupones.cdCliente ,TB_Cupones.nrCupon ,TB_Cupones.tpCupon ,TB_Cupones.vlMontoCupon ,TB_Cupones.vlPagoPesos ,TB_Cupones.vlPagoEuros ,TB_Cupones.vlPagoDolares ,TB_Cupones.vlPagoReales ,TB_Cupones.vlComision ,TB_Cupones.vlRecargoTarjeta ,TB_Cupones.nrTalonarioCliente ,TB_Cupones.tpComprobanteCliente ,TB_Cupones.nrComprabanteCliente ,TB_Cupones.tpLetraCliente ,TB_Cupones.flCobradoalCliente ,TB_Cupones.dtCobradoalCliente ,TB_Cupones.flCompensado ,TB_Cupones.cdCliente ,TB_Cupones.dsLeyenda ,TB_Cupones.vlaFavordelLicenciatario ,TB_Cupones.vlafavorAdmin ,TB_Cupones.dtCupon ,TB_Cupones.dsObservacion ,TB_Cupones.vlIVA ,TB_Cupones.flAnulado ,TB_Cupones.dsLeyenda  FROM TB_Cupones  WHERE TB_Cupones.flEliminar = 0  AND  TB_Cupones.nrLicencia = 10  AND  TB_Cupones.flCompensado = 0  AND  TB_Cupones.flAnulado = 0    AND (  CONVERT(DATE, dtCupon) >= '02/06/2017' AND CONVERT(DATE, dtCupon) <= '02/07/2017'    OR tpCupon in ('Retorno','Cobro en Destino'))  
02/07/2017 11:36:09 | Exec sco_DiccionariodeDatos @nmtabla_param='sp_cuponesCompensadosdelDia_v3_3'
02/07/2017 11:36:09 | Exec sp_cuponesCompensadosdelDia_v3_3 @pnrLicencia = '10' 
02/07/2017 11:36:09 | Exec sco_DiccionariodeDatos @nmtabla_param='SP_sepuedecompensar_2_0'
02/07/2017 11:36:09 | Exec SP_sepuedecompensar_2_0 @dtcupon_param = '02/07/2017 11:34:23' 
02/07/2017 11:36:09 | Exec SP_sepuedecompensar_2_0 @dtcupon_param = '24/06/2017 11:09:03' 
02/07/2017 11:36:09 | Exec SP_sepuedecompensar_2_0 @dtcupon_param = '24/06/2017 11:09:29' 
02/07/2017 11:36:12 |  SELECT TB_Cupones.nrCupon ,TB_Cupones.nrLicencia ,TB_Cupones.nrTalonarioCliente ,TB_Cupones.nrComprabanteCliente ,TB_Cupones.dtCupon ,TB_Cupones.dsDestino ,TB_Cupones.vlIVA ,TB_Cupones.dsObservacion ,TB_Cupones.dsLeyenda  FROM TB_Cupones  WHERE TB_Cupones.nrCupon = 116    
02/07/2017 11:37:29 |  SELECT TB_Cupones.nrCupon ,TB_Cupones.nrLicencia ,TB_Cupones.nrTalonarioCliente ,TB_Cupones.nrComprabanteCliente ,TB_Cupones.dtCupon ,TB_Cupones.dsDestino ,TB_Cupones.vlIVA ,TB_Cupones.dsObservacion ,TB_Cupones.dsLeyenda  FROM TB_Cupones  WHERE TB_Cupones.nrCupon = 116    
02/07/2017 11:38:22 | Exec sco_AccesosOpcionesMenu @p_tpNivelAcceso = 'Administración' ,@p_operaconcaja = 1 
