11/07/2017 22:10:54 | Exec sco_DiccionariodeDatos @nmtabla_param='TB_Puestos'
11/07/2017 22:10:54 |  SELECT TB_Puestos.nrPuesto ,TB_Puestos.dsPuesto  FROM TB_Puestos   
11/07/2017 22:10:54 |  SELECT TB_Puestos.nrPuesto ,TB_Puestos.dsPuesto  FROM TB_Puestos  WHERE TB_Puestos.nrPuesto = 9    
11/07/2017 22:10:57 | Exec  sco_TB_Productos_v4_1 
11/07/2017 22:10:57 | Exec sco_DiccionariodeDatos @nmtabla_param='TB_Usuarios'
11/07/2017 22:11:00 |  SELECT TB_Usuarios.dsUsuario ,TB_Usuarios.dspassword ,TB_Usuarios.tpAcceso ,TB_Usuarios.nmNombre ,TB_Usuarios.nmApellido ,TB_Usuarios.flBloqueado ,TB_Usuarios.tpNivelJerarquico  FROM TB_Usuarios  WHERE TB_Usuarios.dsUsuario = 'CAMILAP'  AND  TB_Usuarios.flEliminar = 0    
11/07/2017 22:11:00 |  SELECT TB_Usuarios.dsUsuario ,TB_Usuarios.dspassword ,TB_Usuarios.tpAcceso ,TB_Usuarios.nmNombre ,TB_Usuarios.nmApellido ,TB_Usuarios.flBloqueado ,TB_Usuarios.tpNivelJerarquico  FROM TB_Usuarios  WHERE TB_Usuarios.dsUsuario = 'CAMILAP'  AND  TB_Usuarios.flEliminar = 0    
11/07/2017 22:11:00 | Exec sco_DiccionariodeDatos @nmtabla_param='sp_obtenerCajasPendientesdeAprobacion_v2_5'
11/07/2017 22:11:01 | Exec sp_obtenerCajasPendientesdeAprobacion_v2_5 @pdsUsuario_param = 'CAMILAP' 
11/07/2017 22:11:01 | Exec sp_obtenerCajasRechazadas_v2_9 
11/07/2017 22:11:01 | Exec sco_DiccionariodeDatos @nmtabla_param='TB_Parametros'
11/07/2017 22:11:01 |  SELECT TB_Parametros.vlParametro  FROM TB_Parametros  WHERE TB_Parametros.dsParametro = 'VALOR EURO'    
11/07/2017 22:11:01 |  SELECT TB_Parametros.vlParametro  FROM TB_Parametros  WHERE TB_Parametros.dsParametro = 'VALOR DOLAR'    
11/07/2017 22:11:01 | Exec SP_ValorPromoRetorno
11/07/2017 22:11:01 | Exec sco_DiccionariodeDatos @nmtabla_param='TB_Comisiones'
11/07/2017 22:11:01 |  SELECT TB_Comisiones.vlMontoMinimo  FROM TB_Comisiones  WHERE TB_Comisiones.tpComision = 'Retorno'  AND  TB_Comisiones.flEliminar = 0    
11/07/2017 22:11:01 |  SELECT TB_Parametros.vlParametro  FROM TB_Parametros  WHERE TB_Parametros.dsParametro = 'VALOR REAL'    
11/07/2017 22:11:01 | Exec sco_DiccionariodeDatos @nmtabla_param='TB_Cajas'
11/07/2017 22:11:01 |  SELECT TB_Cajas.nrCaja  FROM TB_Cajas  WHERE TB_Cajas.dsUsuario = 'CAMILAP'  and  TB_Cajas.flEstado = 0  and  TB_Cajas.tpEstadoAprobacion IS NULL  and  TB_Cajas.nrcaja > 0    
11/07/2017 22:11:03 |  SELECT TB_Cajas.nrCaja ,TB_Cajas.vlTotalSaldoFinal ,TB_Cajas.nrPuesto ,TB_Cajas.dsUsuario ,TB_Cajas.vlSaldoInicialPesos ,TB_Cajas.dtApertura ,TB_Cajas.dtCierre ,TB_Cajas.vlDiaDolar ,TB_Cajas.vlDiaEuro ,TB_Cajas.vlSaldoInicialEuros ,TB_Cajas.vlSaldoInicialDolares ,TB_Cajas.vlSaldoFinalRealPesos ,TB_Cajas.vlTotalSaldoInicial ,TB_Cajas.dtObservacion ,TB_Cajas.vlCierrePesos ,TB_Cajas.vlSaldoFinalRealDolares ,TB_Cajas.vlSaldoFinalRealEuros ,TB_Cajas.vlTotalSaldoFinalReal ,TB_Cajas.vlCierreDolares ,TB_Cajas.vlCierreEuros ,TB_Cajas.dsObservacion ,TB_Cajas.vlDiaReal ,TB_Cajas.flEstado  FROM TB_Cajas  WHERE TB_Cajas.nrCaja = 9000003773    
11/07/2017 22:11:03 | Exec sco_DiccionariodeDatos @nmtabla_param='SP_SumaCajaADM_v2_9'
11/07/2017 22:11:03 | Exec SP_SumaCajaADM_v2_9 @nrCaja_param = 9000003773 ,@tpCaja_param = 'CA' ,@tpCajaImputacion_param = null 
11/07/2017 22:11:03 |  UPDATE TB_Cajas SET TB_Cajas.vlSaldoFinalRealPesos  = -258.92 ,TB_Cajas.vlSaldoFinalRealEuros  = 0.00 ,TB_Cajas.vlSaldoFinalRealDolares  = 0.00 ,TB_Cajas.vlCierrePesos  = -258.92 ,TB_Cajas.vlCierreDolares  = 0 ,TB_Cajas.vlCierreEuros  = 0   WHERE TB_Cajas.nrCaja = 9000003773  
11/07/2017 22:11:04 |  UPDATE TB_Cajas SET TB_Cajas.nrCaja  = 9000003773 ,TB_Cajas.vlTotalSaldoFinal  = -258.92 ,TB_Cajas.nrPuesto  = 9 ,TB_Cajas.dsUsuario  = 'CAMILAP' ,TB_Cajas.vlSaldoInicialPesos  = 0.00 ,TB_Cajas.dtApertura  = '19/08/2015 11:17:24' ,TB_Cajas.dtCierre  = null ,TB_Cajas.vlDiaDolar  = 9.10 ,TB_Cajas.vlDiaEuro  = 10.00 ,TB_Cajas.vlSaldoInicialEuros  = 0.00 ,TB_Cajas.vlSaldoInicialDolares  = 0.00 ,TB_Cajas.vlSaldoFinalRealPesos  = 0.00 ,TB_Cajas.vlTotalSaldoInicial  = 0.00 ,TB_Cajas.dtObservacion  = '11/07/2017 10:11:04' ,TB_Cajas.vlCierrePesos  = -258.92 ,TB_Cajas.vlSaldoFinalRealDolares  = 0.00 ,TB_Cajas.vlSaldoFinalRealEuros  = 0.00 ,TB_Cajas.vlTotalSaldoFinalReal  = -258.92 ,TB_Cajas.vlCierreDolares  = 0 ,TB_Cajas.vlCierreEuros  = 0 ,TB_Cajas.dsObservacion  = null ,TB_Cajas.vlDiaReal  = 3.21 ,TB_Cajas.flCajaAdm  = 1   WHERE TB_Cajas.nrCaja = 9000003773  
11/07/2017 22:11:04 | Exec sco_DiccionariodeDatos @nmtabla_param='VW_UltimaCajaAdm'
11/07/2017 22:11:04 |  SELECT VW_UltimaCajaAdm.nrCaja ,VW_UltimaCajaAdm.vlSaldoFinalRealPesos ,VW_UltimaCajaAdm.vlSaldoFinalRealEuros ,VW_UltimaCajaAdm.vlSaldoFinalRealDolares  FROM VW_UltimaCajaAdm   
11/07/2017 22:11:04 |  SELECT TB_Cajas.nrCaja  FROM TB_Cajas  WHERE TB_Cajas.nrCaja = 9000003773  AND  TB_Cajas.flEstado = 0    
11/07/2017 22:11:04 | Exec sco_DiccionariodeDatos @nmtabla_param='sco_cajapuesto_v3_9'
11/07/2017 22:11:04 | Exec sco_cajapuesto_v3_9 @nrCaja_param = 9000003772 
11/07/2017 22:11:04 | Exec sco_cajapuesto_v3_9 @nrCaja_param = 9000003773 
11/07/2017 22:11:04 | Exec sco_DiccionariodeDatos @nmtabla_param='spu_esdifporCotizacionImputadas_v3_9'
11/07/2017 22:11:04 | Exec spu_esdifporCotizacionImputadas_v3_9 @nrCajaAdmActual = 9000003773 
11/07/2017 22:11:04 | Exec sco_validarVencimientosCAI_v4_1
11/07/2017 22:11:04 | Exec sco_DiccionariodeDatos @nmtabla_param='sco_AccesosOpcionesMenu'
11/07/2017 22:11:04 | Exec sco_AccesosOpcionesMenu @p_tpNivelAcceso = 'Administración' ,@p_operaconcaja = 1 
11/07/2017 22:11:04 | Exec sco_AccesosOpcionesMenu @p_tpNivelAcceso = 'Administración' ,@p_operaconcaja = 1 
11/07/2017 22:11:36 | Exec sco_DiccionariodeDatos @nmtabla_param='VW_CajasPuestos_v2_5'
11/07/2017 22:11:36 |  SELECT VW_CajasPuestos_v2_5.nrCaja ,VW_CajasPuestos_v2_5.dtApertura ,VW_CajasPuestos_v2_5.dtCierre ,VW_CajasPuestos_v2_5.nrPuesto ,VW_CajasPuestos_v2_5.dsUsuario ,VW_CajasPuestos_v2_5.vlDiferenciaDeCierre ,VW_CajasPuestos_v2_5.dsUsuario ,VW_CajasPuestos_v2_5.vlSaldoInicialPesos ,VW_CajasPuestos_v2_5.vlSaldoFinalPesos ,VW_CajasPuestos_v2_5.flSincronizado ,VW_CajasPuestos_v2_5.tpEstadoAprobacion  FROM VW_CajasPuestos_v2_5  WHERE VW_CajasPuestos_v2_5.nrPuesto <> 9 AND VW_CajasPuestos_v2_5.dtApertura >= '26/06/2017 00:00:00'  AND  VW_CajasPuestos_v2_5.dtApertura <= '11/07/2017 23:59:59'  AND   nrCaja Like ('%%%')   Order by VW_CajasPuestos_v2_5.dtApertura DESC 
11/07/2017 22:13:24 |  SELECT VW_CajasPuestos_v2_5.nrCaja ,VW_CajasPuestos_v2_5.dtApertura ,VW_CajasPuestos_v2_5.dtCierre ,VW_CajasPuestos_v2_5.nrPuesto ,VW_CajasPuestos_v2_5.dsUsuario ,VW_CajasPuestos_v2_5.vlDiferenciaDeCierre ,VW_CajasPuestos_v2_5.dsUsuario ,VW_CajasPuestos_v2_5.vlSaldoInicialPesos ,VW_CajasPuestos_v2_5.vlSaldoFinalPesos ,VW_CajasPuestos_v2_5.flSincronizado ,VW_CajasPuestos_v2_5.tpEstadoAprobacion  FROM VW_CajasPuestos_v2_5  WHERE VW_CajasPuestos_v2_5.nrPuesto <> 9 AND VW_CajasPuestos_v2_5.dtApertura >= '26/06/2015 00:00:00'  AND  VW_CajasPuestos_v2_5.dtApertura <= '11/07/2017 23:59:59'  AND   nrCaja Like ('%%%')   Order by VW_CajasPuestos_v2_5.dtApertura DESC 
11/07/2017 22:13:33 |  SELECT TB_Usuarios.dsUsuario ,TB_Usuarios.nmNombre ,TB_Usuarios.nmApellido ,TB_Usuarios.tpNivelJerarquico  FROM TB_Usuarios  WHERE TB_Usuarios.flEliminar = 0  AND  TB_Usuarios.flBloqueado = 0  AND  TB_Usuarios.tpNivelJerarquico = 'Supervisor'    
11/07/2017 22:13:49 |  SELECT TB_Usuarios.dsUsuario ,TB_Usuarios.dspassword ,TB_Usuarios.tpAcceso ,TB_Usuarios.nmNombre ,TB_Usuarios.nmApellido ,TB_Usuarios.flBloqueado ,TB_Usuarios.tpNivelJerarquico  FROM TB_Usuarios  WHERE TB_Usuarios.dsUsuario = 'USRPARAM'  AND  TB_Usuarios.flEliminar = 0    
11/07/2017 22:13:51 |  SELECT TB_Cajas.nrCaja ,TB_Cajas.vlFondoFijoEuros ,TB_Cajas.nrPuesto ,TB_Cajas.dsUsuario ,TB_Cajas.vlFondoFijoReales ,TB_Cajas.dtApertura ,TB_Cajas.dtCierre ,TB_Cajas.vlDiaDolar ,TB_Cajas.vlDiaEuro ,TB_Cajas.vlSaldoInicialPesos ,TB_Cajas.vlSaldoInicialReales ,TB_Cajas.vlSaldoInicialEuros ,TB_Cajas.vlFondoFijoPesos ,TB_Cajas.dsDiferenciaDeCierre ,TB_Cajas.vlDiaReal ,TB_Cajas.vlFondoFijoDolares ,TB_Cajas.vlSaldoInicialDolares ,TB_Cajas.vlSaldoFinalDolares ,TB_Cajas.vlCierreDolares ,TB_Cajas.vlSaldoFinalRealDolares ,TB_Cajas.vlDiferenciaDeCierre ,TB_Cajas.dtObservacion ,TB_Cajas.dsObservacion ,TB_Cajas.vlSaldoFinalPesos ,TB_Cajas.vlSaldoFinalReales ,TB_Cajas.vlSaldoFinalEuros ,TB_Cajas.vlTotalSaldoFinal ,TB_Cajas.vlSaldoFinalRealPesos ,TB_Cajas.vlSaldoFinalRealReales ,TB_Cajas.vlSaldoFinalRealEuros ,TB_Cajas.vlTotalSaldoFinalReal ,TB_Cajas.vlCierrePesos ,TB_Cajas.vlCierreReales ,TB_Cajas.vlCierreEuros ,TB_Cajas.vlTotalSaldoCierre ,TB_Cajas.flEstado  FROM TB_Cajas  WHERE TB_Cajas.nrCaja = 1000010107    
11/07/2017 22:13:51 | Exec sco_DiccionariodeDatos @nmtabla_param='SP_SumaCajaPuestosCondVenta_v3_7'
11/07/2017 22:13:51 | Exec SP_SumaCajaPuestosCondVenta_v3_7 @pnrCaja_param = 1000010107 
11/07/2017 22:13:55 |  SELECT TB_Usuarios.dsUsuario ,TB_Usuarios.nmNombre ,TB_Usuarios.nmApellido ,TB_Usuarios.tpNivelJerarquico  FROM TB_Usuarios  WHERE TB_Usuarios.flEliminar = 0  AND  TB_Usuarios.flBloqueado = 0  AND  TB_Usuarios.tpNivelJerarquico = 'Supervisor'    
11/07/2017 22:14:10 |  SELECT TB_Usuarios.dsUsuario ,TB_Usuarios.dspassword ,TB_Usuarios.tpAcceso ,TB_Usuarios.nmNombre ,TB_Usuarios.nmApellido ,TB_Usuarios.flBloqueado ,TB_Usuarios.tpNivelJerarquico  FROM TB_Usuarios  WHERE TB_Usuarios.dsUsuario = 'USRPARAM'  AND  TB_Usuarios.flEliminar = 0    
11/07/2017 22:14:10 | Exec sco_DiccionariodeDatos @nmtabla_param='sco_cajapuesto_v3_7'
11/07/2017 22:14:10 | Exec sco_cajapuesto_v3_7 @nrCaja_param = 1000010107 
11/07/2017 22:14:10 | Exec sco_DiccionariodeDatos @nmtabla_param='sco_Comprobantes_cajapuesto_v3_7'
11/07/2017 22:14:10 | Exec sco_Comprobantes_cajapuesto_v3_7 @nrCaja_param = 1000010107 
11/07/2017 22:14:10 | Exec sco_DiccionariodeDatos @nmtabla_param='sco_obtenerCierresCajaPuesto_v2_5'
11/07/2017 22:14:10 | Exec sco_obtenerCierresCajaPuesto_v2_5 @nrCaja_param = 1000010107 
11/07/2017 22:14:10 | Exec sco_DiccionariodeDatos @nmtabla_param='SP_puedeOperarUsuarioCajaPuesto_v3_2'
11/07/2017 22:14:10 | Exec SP_puedeOperarUsuarioCajaPuesto_v3_2 @pnrCaja_param = 1000010107 ,@pdsUsuario_param = 'CAMILAP' 
11/07/2017 22:14:19 | Exec sco_DiccionariodeDatos @nmtabla_param='TB_Comprobantes'
11/07/2017 22:14:19 | Exec  SP_ObtenerTalonarioMaximo_v1_4 
11/07/2017 22:14:19 |  SELECT TB_Comprobantes.dtComprobante ,TB_Comprobantes.nrComprobante ,TB_Comprobantes.cdCliente ,TB_Comprobantes.cdCodBar ,TB_Comprobantes.nrLicencia ,TB_Comprobantes.nrPuesto ,TB_Comprobantes.nrTalonario ,TB_Comprobantes.tpComprobante ,TB_Comprobantes.nrCaja ,TB_Comprobantes.cdCondVenta ,TB_Comprobantes.nrDoc ,TB_Comprobantes.dsRazonSocial ,TB_Comprobantes.nmLicenciatario ,TB_Comprobantes.dsUsuario ,TB_Comprobantes.dsDomicilio ,TB_Comprobantes.tpComprobante ,TB_Comprobantes.tpLetra ,TB_Comprobantes.flManual  FROM TB_Comprobantes  WHERE TB_Comprobantes.nrTalonario = '0001'  AND  TB_Comprobantes.nrComprobante = '00000001'  AND  TB_Comprobantes.tpComprobante = 'FA'  AND  TB_Comprobantes.tpLetra = 'B'    
11/07/2017 22:14:19 |  SELECT TB_Comprobantes.dsLeyenda ,TB_Comprobantes.tpLetra ,TB_Comprobantes.vlTotalGeneral ,TB_Comprobantes.vlPagoEuros ,TB_Comprobantes.vlPagoPesos ,TB_Comprobantes.tpMoneda ,TB_Comprobantes.dsDomicilio ,TB_Comprobantes.nmLocalidad ,TB_Comprobantes.dsEmail ,TB_Comprobantes.cdPostal ,TB_Comprobantes.dtVencimiento ,TB_Comprobantes.nrBultos ,TB_Comprobantes.nrPasajeros ,TB_Comprobantes.vlPagoDolares ,TB_Comprobantes.nrTel ,TB_Comprobantes.vlDiaEuro ,TB_Comprobantes.cdCliente ,TB_Comprobantes.nrTalonario ,TB_Comprobantes.dtComprobante ,TB_Comprobantes.nrComprobante ,TB_Comprobantes.cdCodBar ,TB_Comprobantes.tpComprobante ,TB_Comprobantes.nrCaja ,TB_Comprobantes.cdCondVenta ,TB_Comprobantes.nrDoc ,TB_Comprobantes.dsRazonSocial ,TB_Comprobantes.nrLicencia ,TB_Comprobantes.nmLicenciatario ,TB_Comprobantes.dsUsuario ,TB_Comprobantes.nrPuesto ,TB_Comprobantes.nmApellido ,TB_Comprobantes.nmNombre ,TB_Comprobantes.dsOpcional3 ,TB_Comprobantes.IdReciboCtaCte ,TB_Comprobantes.flAnulado ,TB_Comprobantes.flEliminar ,TB_Comprobantes.flManual ,TB_Comprobantes.tpComision ,TB_Comprobantes.cdCliente ,TB_Comprobantes.vlPagoReales  FROM TB_Comprobantes  WHERE TB_Comprobantes.nrComprobante = '00000001    '  AND  TB_Comprobantes.nrTalonario = '0001'  AND  TB_Comprobantes.nrCaja = 1000010107  AND  TB_Comprobantes.tpLetra = 'B'  AND  TB_Comprobantes.tpComprobante = 'FA'    
11/07/2017 22:14:19 | Exec sco_DiccionariodeDatos @nmtabla_param='TB_ComprobantesDetalle'
11/07/2017 22:14:19 |  SELECT TB_ComprobantesDetalle.nrItem ,TB_ComprobantesDetalle.cdProducto ,TB_ComprobantesDetalle.dsProducto ,TB_ComprobantesDetalle.vlPrecioViaje ,TB_ComprobantesDetalle.vlTotalItem  FROM TB_ComprobantesDetalle  WHERE TB_ComprobantesDetalle.nrTalonario = '0001'  AND  TB_ComprobantesDetalle.nrComprobante = '00000001'  AND  TB_ComprobantesDetalle.tpComprobante = 'FA'  AND  TB_ComprobantesDetalle.tpLetra = 'B'    
11/07/2017 22:14:19 | Exec sco_DiccionariodeDatos @nmtabla_param='TB_Clientes'
11/07/2017 22:14:19 |  SELECT TB_Clientes.dsRazonSocial ,TB_Clientes.tpDoc ,TB_Clientes.nrDoc ,TB_Clientes.dsEmail ,TB_Clientes.nrPuesto ,TB_Clientes.tpFormadePago  FROM TB_Clientes  WHERE TB_Clientes.cdCliente = 1    
11/07/2017 22:15:03 | Exec sco_DiccionariodeDatos @nmtabla_param='sp_obtenerComision_v4_7'
11/07/2017 22:15:03 | Exec sp_obtenerComision_v4_7 @tpComprobante_param = 'FA' ,@vlTotalGeneral_param = 4000 ,@tpComision_param = 'A Clientes' ,@tpCliente_param = 'A Clientes' ,@dsCodigoDestinos_param = ''''',null,4000' 
11/07/2017 22:15:03 | Exec sco_DiccionariodeDatos @nmtabla_param='SP_ActualizarComprobante_v3_7'
11/07/2017 22:15:03 | Exec SP_ActualizarComprobante_v3_7 @nrTalonario_param = '0001' ,@nrComprobante_param = '00000001' ,@tpComprobante_param = 'FA' ,@tpLetra_param = 'B' ,@nrTalonario_new_param = '0001' ,@nrComprobante_new_param = '00000001' ,@tpComprobante_new_param = 'FA' ,@tpLetra_new_param = 'F' ,@dtComprobante_new_param = '20/06/2017' ,@cdCondVenta_new_param = 'Todo Pago' ,@tpComision_new_param = 'A Clientes' ,@vlComision_new_param = 36.00 ,@nrCierre_param = 2 
11/07/2017 22:15:03 | Exec sco_DiccionariodeDatos @nmtabla_param='sp_marcarTipodeActualizacionCajaPuesto_v3_7'
11/07/2017 22:15:03 | Exec sp_marcarTipodeActualizacionCajaPuesto_v3_7 @nrTalonario_param = '0001' ,@nrComprobante_param = '00000001' ,@tpComprobante_param = 'FA' ,@tpLetra_param = 'B' ,@tpModificacionCajaPuesto_param = 'Modificado' ,@dsObservacionCajaPuesto_param = 'sfdsdsd' 
11/07/2017 22:15:03 | Exec sco_DiccionariodeDatos @nmtabla_param='sp_obtenerCondVentayValoresdePagosModificados_v3_7'
11/07/2017 22:15:03 | Exec sp_obtenerCondVentayValoresdePagosModificados_v3_7 @cdCondVenta_param = 'Contado' ,@cdCondVenta_new_param = 'Todo Pago' ,@vlPagoPesos_param = 4000.00 ,@vlPagoDolares_param = 0.00 ,@vlPagoEuros_param = 0.00 ,@vlPagoReales_param = 0.00 ,@vlTotalGeneral = 4000.00 
11/07/2017 22:15:03 |  SELECT TB_Cajas.nrCaja  FROM TB_Cajas  WHERE TB_Cajas.nrCaja = 1000010107  AND  TB_Cajas.flEstado = 0    
11/07/2017 22:15:03 |  SELECT TB_Cajas.nrCaja  FROM TB_Cajas  WHERE TB_Cajas.nrCaja = 1000010107  AND  TB_Cajas.flCajaAdm = 0    
11/07/2017 22:15:03 |  SELECT TB_Cajas.vlSaldoFinalRealPesos ,TB_Cajas.vlSaldoFinalRealDolares ,TB_Cajas.vlSaldoFinalRealEuros ,TB_Cajas.vlSaldoFinalRealReales ,TB_Cajas.vlSaldoFinalPesos ,TB_Cajas.vlSaldoFinalDolares ,TB_Cajas.vlSaldoFinalEuros ,TB_Cajas.vlSaldoFinalReales  FROM TB_Cajas  WHERE TB_Cajas.nrCaja = 1000010107    
11/07/2017 22:15:03 | SET DATEFORMAT dmy
11/07/2017 22:15:03 | select getdate() AS FECHA
11/07/2017 22:15:03 |  UPDATE TB_Cajas SET TB_Cajas.vlSaldoFinalPesos  = 1000 ,TB_Cajas.vlSaldoFinalDolares  = 100 ,TB_Cajas.vlSaldoFinalEuros  = 50 ,TB_Cajas.vlSaldoFinalReales  = 0 ,TB_Cajas.dtActualizacion  = '11/07/2017 10:15:04'   WHERE TB_Cajas.nrCaja = 1000010107  
11/07/2017 22:15:03 | Exec sco_DiccionariodeDatos @nmtabla_param='sp_ActualizarDiferenciaSaldoCajaPuesto_v2_5'
11/07/2017 22:15:03 | Exec sp_ActualizarDiferenciaSaldoCajaPuesto_v2_5 @pnrCaja_param = 1000010107 
11/07/2017 22:15:03 | Exec sp_ActualizarDiferenciaSaldoCajaPuesto_v2_5 @pnrCaja_param = 1000010107 
11/07/2017 22:15:13 |  SELECT TB_Comprobantes.dtComprobante ,TB_Comprobantes.nrComprobante ,TB_Comprobantes.cdCliente ,TB_Comprobantes.cdCodBar ,TB_Comprobantes.nrLicencia ,TB_Comprobantes.nrPuesto ,TB_Comprobantes.nrTalonario ,TB_Comprobantes.tpComprobante ,TB_Comprobantes.nrCaja ,TB_Comprobantes.cdCondVenta ,TB_Comprobantes.nrDoc ,TB_Comprobantes.dsRazonSocial ,TB_Comprobantes.nmLicenciatario ,TB_Comprobantes.dsUsuario ,TB_Comprobantes.dsDomicilio ,TB_Comprobantes.tpComprobante ,TB_Comprobantes.tpLetra ,TB_Comprobantes.flManual  FROM TB_Comprobantes  WHERE TB_Comprobantes.nrTalonario = '0001'  AND  TB_Comprobantes.nrComprobante = '00000001'  AND  TB_Comprobantes.tpComprobante = 'FA'  AND  TB_Comprobantes.tpLetra = 'B'    
11/07/2017 22:15:13 | Exec sco_cajapuesto_v3_7 @nrCaja_param = 1000010107 
11/07/2017 22:15:14 | Exec sco_Comprobantes_cajapuesto_v3_7 @nrCaja_param = 1000010107 
11/07/2017 22:15:14 | Exec sco_obtenerCierresCajaPuesto_v2_5 @nrCaja_param = 1000010107 
11/07/2017 22:15:14 | Exec SP_puedeOperarUsuarioCajaPuesto_v3_2 @pnrCaja_param = 1000010107 ,@pdsUsuario_param = 'CAMILAP' 
11/07/2017 22:15:15 | Exec  SP_ObtenerTalonarioMaximo_v1_4 
11/07/2017 22:15:15 |  SELECT TB_Comprobantes.dtComprobante ,TB_Comprobantes.nrComprobante ,TB_Comprobantes.cdCliente ,TB_Comprobantes.cdCodBar ,TB_Comprobantes.nrLicencia ,TB_Comprobantes.nrPuesto ,TB_Comprobantes.nrTalonario ,TB_Comprobantes.tpComprobante ,TB_Comprobantes.nrCaja ,TB_Comprobantes.cdCondVenta ,TB_Comprobantes.nrDoc ,TB_Comprobantes.dsRazonSocial ,TB_Comprobantes.nmLicenciatario ,TB_Comprobantes.dsUsuario ,TB_Comprobantes.dsDomicilio ,TB_Comprobantes.tpComprobante ,TB_Comprobantes.tpLetra ,TB_Comprobantes.flManual  FROM TB_Comprobantes  WHERE TB_Comprobantes.nrTalonario = '0001'  AND  TB_Comprobantes.nrComprobante = '00000001'  AND  TB_Comprobantes.tpComprobante = 'FA'  AND  TB_Comprobantes.tpLetra = 'F'    
11/07/2017 22:15:15 |  SELECT TB_Comprobantes.dsLeyenda ,TB_Comprobantes.tpLetra ,TB_Comprobantes.vlTotalGeneral ,TB_Comprobantes.vlPagoEuros ,TB_Comprobantes.vlPagoPesos ,TB_Comprobantes.tpMoneda ,TB_Comprobantes.dsDomicilio ,TB_Comprobantes.nmLocalidad ,TB_Comprobantes.dsEmail ,TB_Comprobantes.cdPostal ,TB_Comprobantes.dtVencimiento ,TB_Comprobantes.nrBultos ,TB_Comprobantes.nrPasajeros ,TB_Comprobantes.vlPagoDolares ,TB_Comprobantes.nrTel ,TB_Comprobantes.vlDiaEuro ,TB_Comprobantes.cdCliente ,TB_Comprobantes.nrTalonario ,TB_Comprobantes.dtComprobante ,TB_Comprobantes.nrComprobante ,TB_Comprobantes.cdCodBar ,TB_Comprobantes.tpComprobante ,TB_Comprobantes.nrCaja ,TB_Comprobantes.cdCondVenta ,TB_Comprobantes.nrDoc ,TB_Comprobantes.dsRazonSocial ,TB_Comprobantes.nrLicencia ,TB_Comprobantes.nmLicenciatario ,TB_Comprobantes.dsUsuario ,TB_Comprobantes.nrPuesto ,TB_Comprobantes.nmApellido ,TB_Comprobantes.nmNombre ,TB_Comprobantes.dsOpcional3 ,TB_Comprobantes.IdReciboCtaCte ,TB_Comprobantes.flAnulado ,TB_Comprobantes.flEliminar ,TB_Comprobantes.flManual ,TB_Comprobantes.tpComision ,TB_Comprobantes.cdCliente ,TB_Comprobantes.vlPagoReales  FROM TB_Comprobantes  WHERE TB_Comprobantes.nrComprobante = '00000001    '  AND  TB_Comprobantes.nrTalonario = '0001'  AND  TB_Comprobantes.nrCaja = 1000010107  AND  TB_Comprobantes.tpLetra = 'F'  AND  TB_Comprobantes.tpComprobante = 'FA'    
11/07/2017 22:15:15 |  SELECT TB_ComprobantesDetalle.nrItem ,TB_ComprobantesDetalle.cdProducto ,TB_ComprobantesDetalle.dsProducto ,TB_ComprobantesDetalle.vlPrecioViaje ,TB_ComprobantesDetalle.vlTotalItem  FROM TB_ComprobantesDetalle  WHERE TB_ComprobantesDetalle.nrTalonario = '0001'  AND  TB_ComprobantesDetalle.nrComprobante = '00000001'  AND  TB_ComprobantesDetalle.tpComprobante = 'FA'  AND  TB_ComprobantesDetalle.tpLetra = 'F'    
11/07/2017 22:15:15 |  SELECT TB_Clientes.dsRazonSocial ,TB_Clientes.tpDoc ,TB_Clientes.nrDoc ,TB_Clientes.dsEmail ,TB_Clientes.nrPuesto ,TB_Clientes.tpFormadePago  FROM TB_Clientes  WHERE TB_Clientes.cdCliente = 1    
11/07/2017 22:15:29 | Exec sco_cajapuesto_v3_7 @nrCaja_param = 1000010107 
11/07/2017 22:15:29 | Exec sco_Comprobantes_cajapuesto_v3_7 @nrCaja_param = 1000010107 
11/07/2017 22:15:29 | Exec sco_obtenerCierresCajaPuesto_v2_5 @nrCaja_param = 1000010107 
11/07/2017 22:15:29 | Exec SP_puedeOperarUsuarioCajaPuesto_v3_2 @pnrCaja_param = 1000010107 ,@pdsUsuario_param = 'CAMILAP' 
11/07/2017 22:15:33 |  SELECT TB_Puestos.nrPuesto ,TB_Puestos.dsPuesto  FROM TB_Puestos   
11/07/2017 22:15:33 |  SELECT TB_Puestos.nrPuesto ,TB_Puestos.dsPuesto  FROM TB_Puestos  WHERE TB_Puestos.nrPuesto = 1    
11/07/2017 22:15:43 |  SELECT tb_parametros.dsParametro ,tb_parametros.vlParametro ,tb_parametros.tpParametro ,tb_parametros.flEditable ,tb_parametros.nrTamanio ,tb_parametros.dtActualizacion  FROM tb_parametros  WHERE tb_parametros.dsParametro = 'PORC_RECARGO_TD'    
11/07/2017 22:15:43 |  SELECT tb_parametros.dsParametro ,tb_parametros.vlParametro ,tb_parametros.tpParametro ,tb_parametros.flEditable ,tb_parametros.nrTamanio ,tb_parametros.dtActualizacion  FROM tb_parametros  WHERE tb_parametros.dsParametro = 'PORC_RECARGO_TC'    
11/07/2017 22:15:43 |  SELECT tb_parametros.dsParametro ,tb_parametros.vlParametro ,tb_parametros.tpParametro ,tb_parametros.flEditable ,tb_parametros.nrTamanio ,tb_parametros.dtActualizacion  FROM tb_parametros  WHERE tb_parametros.dsParametro = 'PORC_RECARGO_TP'    
11/07/2017 22:15:43 | Exec sp_obtenerComision_v4_7 @tpComprobante_param = null ,@vlTotalGeneral_param = 0 ,@tpComision_param = null ,@tpCliente_param = null ,@dsCodigoDestinos_param = null 
11/07/2017 22:15:43 | Exec sp_obtenerComision_v4_7 @tpComprobante_param = null ,@vlTotalGeneral_param = 0 ,@tpComision_param = 'A Clientes' ,@tpCliente_param = 'A Clientes' ,@dsCodigoDestinos_param = null 
11/07/2017 22:15:43 | Exec sco_DiccionariodeDatos @nmtabla_param='spu_obtener_puntosdeventa_facturacion_v4_9_71'
11/07/2017 22:15:43 | Exec spu_obtener_puntosdeventa_facturacion_v4_9_71 @nrPuesto_param = 1 ,@tipo_iva = 'CF' ,@auto_impresor = 'N' ,@tpFormadePago = null ,@tpComprobante = 'FA' 
11/07/2017 22:15:43 | Exec sp_obtenerComision_v4_7 @tpComprobante_param = 'FA' ,@vlTotalGeneral_param = 0 ,@tpComision_param = 'A Clientes' ,@tpCliente_param = 'A Clientes' ,@dsCodigoDestinos_param = null 
11/07/2017 22:15:43 | Exec spu_obtener_puntosdeventa_facturacion_v4_9_71 @nrPuesto_param = 1 ,@tipo_iva = 'CF' ,@auto_impresor = 'N' ,@tpFormadePago = null ,@tpComprobante = 'FA' 
11/07/2017 22:15:43 | Exec spu_obtener_puntosdeventa_facturacion_v4_9_71 @nrPuesto_param = 1 ,@tipo_iva = 'CF' ,@auto_impresor = 'N' ,@tpFormadePago = null ,@tpComprobante = 'FA' 
11/07/2017 22:15:43 | Exec sp_obtenerComision_v4_7 @tpComprobante_param = 'FA' ,@vlTotalGeneral_param = 0 ,@tpComision_param = 'A Clientes' ,@tpCliente_param = 'A Clientes' ,@dsCodigoDestinos_param = null 
11/07/2017 22:15:43 | Exec sp_obtenerComision_v4_7 @tpComprobante_param = 'FA' ,@vlTotalGeneral_param = 0 ,@tpComision_param = 'A Clientes' ,@tpCliente_param = 'A Clientes' ,@dsCodigoDestinos_param = null 
11/07/2017 22:15:43 | Exec sp_obtenerComision_v4_7 @tpComprobante_param = 'FA' ,@vlTotalGeneral_param = 0 ,@tpComision_param = 'A Clientes' ,@tpCliente_param = 'A Clientes' ,@dsCodigoDestinos_param = null 
11/07/2017 22:15:43 | Exec sco_DiccionariodeDatos @nmtabla_param='TB_Productos'
11/07/2017 22:15:53 |  SELECT TB_Comprobantes.flManual ,TB_Comprobantes.nrTalonario ,TB_Comprobantes.nrComprobante ,TB_Comprobantes.dsUsuario ,TB_Comprobantes.nrcaja  FROM TB_Comprobantes  WHERE TB_Comprobantes.flEliminar = 0  AND  TB_Comprobantes.flManual = 'M'  AND  TB_Comprobantes.nrTalonario = '0001'  AND  TB_Comprobantes.nrComprobante = '00000002'  AND  TB_Comprobantes.tpComprobante = 'FA'  AND  TB_Comprobantes.tpLetra = 'B'    
11/07/2017 22:16:07 |  SELECT tb_parametros.dsParametro ,tb_parametros.vlParametro ,tb_parametros.tpParametro ,tb_parametros.flEditable ,tb_parametros.nrTamanio ,tb_parametros.dtActualizacion  FROM tb_parametros  WHERE tb_parametros.dsParametro = 'PORC_RECARGO_TD'    
11/07/2017 22:16:07 |  SELECT tb_parametros.dsParametro ,tb_parametros.vlParametro ,tb_parametros.tpParametro ,tb_parametros.flEditable ,tb_parametros.nrTamanio ,tb_parametros.dtActualizacion  FROM tb_parametros  WHERE tb_parametros.dsParametro = 'PORC_RECARGO_TC'    
11/07/2017 22:16:07 |  SELECT tb_parametros.dsParametro ,tb_parametros.vlParametro ,tb_parametros.tpParametro ,tb_parametros.flEditable ,tb_parametros.nrTamanio ,tb_parametros.dtActualizacion  FROM tb_parametros  WHERE tb_parametros.dsParametro = 'PORC_RECARGO_TP'    
11/07/2017 22:16:07 | Exec sco_DiccionariodeDatos @nmtabla_param='SP_Supera_KM_IVA_segunMonto_2_0'
11/07/2017 22:16:07 | Exec SP_Supera_KM_IVA_segunMonto_2_0 @tpCategoriaIVA_param = 'CF' ,@vlKilometros_param = 189 ,@vlMonto_param = 2287 
11/07/2017 22:16:07 | Exec SP_Supera_KM_IVA_segunMonto_2_0 @tpCategoriaIVA_param = 'CF' ,@vlKilometros_param = 189 ,@vlMonto_param = 2287 
11/07/2017 22:16:07 | Exec sco_DiccionariodeDatos @nmtabla_param='SP_obtenerAlicuotaIVA'
11/07/2017 22:16:07 | Exec SP_obtenerAlicuotaIVA @tpCategoriaIVA_param = 'CF' 
11/07/2017 22:16:07 | Exec sco_DiccionariodeDatos @nmtabla_param='SP_CalcularIVA'
11/07/2017 22:16:07 | Exec SP_CalcularIVA @tpCategoriaIVA_param = 'CF' ,@vlMonto_param = 2287 ,@vlAlicuota_param = 21 ,@precio_menos_iva_param = 1 
11/07/2017 22:16:07 | Exec SP_obtenerAlicuotaIVA @tpCategoriaIVA_param = 'CF' 
11/07/2017 22:16:07 | Exec sco_DiccionariodeDatos @nmtabla_param='SP_CalcularSubtotalIVA'
11/07/2017 22:16:07 | Exec SP_CalcularSubtotalIVA @tpCategoriaIVA_param = 'CF' ,@vlMonto_param = 2287 ,@vlAlicuota_param = 21 
11/07/2017 22:16:07 | Exec sp_obtenerComision_v4_7 @tpComprobante_param = 'FA' ,@vlTotalGeneral_param = 2287 ,@tpComision_param = 'A Clientes' ,@tpCliente_param = 'A Clientes' ,@dsCodigoDestinos_param = '''Viaje'',null,2287' 
11/07/2017 22:16:07 | Exec sp_obtenerComision_v4_7 @tpComprobante_param = 'FA' ,@vlTotalGeneral_param = 2287 ,@tpComision_param = 'A Clientes' ,@tpCliente_param = 'A Clientes' ,@dsCodigoDestinos_param = '''Viaje'',null,2287' 
11/07/2017 22:16:07 | Exec sp_obtenerComision_v4_7 @tpComprobante_param = 'FA' ,@vlTotalGeneral_param = 2287 ,@tpComision_param = 'A Clientes' ,@tpCliente_param = 'A Clientes' ,@dsCodigoDestinos_param = '''Viaje'',null,2287' 
11/07/2017 22:16:07 | Exec SP_Supera_KM_IVA_segunMonto_2_0 @tpCategoriaIVA_param = 'CF' ,@vlKilometros_param = 189 ,@vlMonto_param = 2287 
11/07/2017 22:16:07 | Exec SP_Supera_KM_IVA_segunMonto_2_0 @tpCategoriaIVA_param = 'CF' ,@vlKilometros_param = 189 ,@vlMonto_param = 2287 
11/07/2017 22:16:07 | Exec SP_obtenerAlicuotaIVA @tpCategoriaIVA_param = 'CF' 
11/07/2017 22:16:07 | Exec SP_CalcularIVA @tpCategoriaIVA_param = 'CF' ,@vlMonto_param = 2287 ,@vlAlicuota_param = 21 ,@precio_menos_iva_param = 1 
11/07/2017 22:16:07 | Exec SP_obtenerAlicuotaIVA @tpCategoriaIVA_param = 'CF' 
11/07/2017 22:16:07 | Exec SP_CalcularSubtotalIVA @tpCategoriaIVA_param = 'CF' ,@vlMonto_param = 2287 ,@vlAlicuota_param = 21 
11/07/2017 22:16:07 | Exec sp_obtenerComision_v4_7 @tpComprobante_param = 'FA' ,@vlTotalGeneral_param = 2287 ,@tpComision_param = 'A Clientes' ,@tpCliente_param = 'A Clientes' ,@dsCodigoDestinos_param = '''Viaje'',null,2287' 
11/07/2017 22:16:07 | Exec SP_Supera_KM_IVA_segunMonto_2_0 @tpCategoriaIVA_param = 'CF' ,@vlKilometros_param = 189 ,@vlMonto_param = 2287 
11/07/2017 22:16:07 | Exec SP_Supera_KM_IVA_segunMonto_2_0 @tpCategoriaIVA_param = 'CF' ,@vlKilometros_param = 189 ,@vlMonto_param = 2287 
11/07/2017 22:16:08 | Exec SP_obtenerAlicuotaIVA @tpCategoriaIVA_param = 'CF' 
11/07/2017 22:16:08 | Exec SP_CalcularIVA @tpCategoriaIVA_param = 'CF' ,@vlMonto_param = 2287 ,@vlAlicuota_param = 21 ,@precio_menos_iva_param = 1 
11/07/2017 22:16:08 | Exec SP_obtenerAlicuotaIVA @tpCategoriaIVA_param = 'CF' 
11/07/2017 22:16:08 | Exec SP_CalcularSubtotalIVA @tpCategoriaIVA_param = 'CF' ,@vlMonto_param = 2287 ,@vlAlicuota_param = 21 
11/07/2017 22:16:08 | Exec sp_obtenerComision_v4_7 @tpComprobante_param = 'FA' ,@vlTotalGeneral_param = 2287 ,@tpComision_param = 'A Clientes' ,@tpCliente_param = 'A Clientes' ,@dsCodigoDestinos_param = '''Viaje'',null,2287' 
11/07/2017 22:16:08 | Exec sp_obtenerComision_v4_7 @tpComprobante_param = 'FA' ,@vlTotalGeneral_param = 2287 ,@tpComision_param = 'A Clientes' ,@tpCliente_param = 'A Clientes' ,@dsCodigoDestinos_param = '''Viaje'',null,2287' 
11/07/2017 22:16:08 | Exec sp_obtenerComision_v4_7 @tpComprobante_param = 'FA' ,@vlTotalGeneral_param = 2287 ,@tpComision_param = 'A Clientes' ,@tpCliente_param = 'A Clientes' ,@dsCodigoDestinos_param = '''Viaje'',null,2287' 
11/07/2017 22:16:11 | Exec sco_DiccionariodeDatos @nmtabla_param='TB_Proveedores'
11/07/2017 22:16:11 |  SELECT TB_Proveedores.nmNombre ,TB_Proveedores.nmApellido  FROM TB_Proveedores  WHERE TB_Proveedores.tpCategoria = 'Licenciatario'  AND  TB_Proveedores.nrLicencia = 12  AND  TB_Proveedores.flEliminar = 0    
11/07/2017 22:16:18 |  SELECT tb_parametros.dsParametro ,tb_parametros.vlParametro ,tb_parametros.tpParametro ,tb_parametros.flEditable ,tb_parametros.nrTamanio ,tb_parametros.dtActualizacion  FROM tb_parametros  WHERE tb_parametros.dsParametro = 'CALCULA_IVA_LIC_990'    
11/07/2017 22:16:19 | Exec SP_Supera_KM_IVA_segunMonto_2_0 @tpCategoriaIVA_param = 'CF' ,@vlKilometros_param = 189 ,@vlMonto_param = 2287 
11/07/2017 22:16:19 | Exec SP_Supera_KM_IVA_segunMonto_2_0 @tpCategoriaIVA_param = 'CF' ,@vlKilometros_param = 189 ,@vlMonto_param = 2287 
11/07/2017 22:16:19 | Exec SP_obtenerAlicuotaIVA @tpCategoriaIVA_param = 'CF' 
11/07/2017 22:16:19 | Exec SP_CalcularIVA @tpCategoriaIVA_param = 'CF' ,@vlMonto_param = 2287 ,@vlAlicuota_param = 21 ,@precio_menos_iva_param = 1 
11/07/2017 22:16:19 | Exec SP_obtenerAlicuotaIVA @tpCategoriaIVA_param = 'CF' 
11/07/2017 22:16:19 | Exec SP_CalcularSubtotalIVA @tpCategoriaIVA_param = 'CF' ,@vlMonto_param = 2287 ,@vlAlicuota_param = 21 
11/07/2017 22:16:19 | Exec sp_obtenerComision_v4_7 @tpComprobante_param = 'FA' ,@vlTotalGeneral_param = 2287 ,@tpComision_param = 'A Clientes' ,@tpCliente_param = 'A Clientes' ,@dsCodigoDestinos_param = '''Viaje'',null,2287' 
11/07/2017 22:16:19 | Exec sp_obtenerComision_v4_7 @tpComprobante_param = 'FA' ,@vlTotalGeneral_param = 2287 ,@tpComision_param = 'A Clientes' ,@tpCliente_param = 'A Clientes' ,@dsCodigoDestinos_param = '''Viaje'',null,2287' 
11/07/2017 22:16:19 |  SELECT tb_parametros.dsParametro ,tb_parametros.vlParametro ,tb_parametros.tpParametro ,tb_parametros.flEditable ,tb_parametros.nrTamanio ,tb_parametros.dtActualizacion  FROM tb_parametros  WHERE tb_parametros.dsParametro = 'MONTO_EXIGE_CUIT_CUIL'    
11/07/2017 22:16:19 |  SELECT tb_parametros.dsParametro ,tb_parametros.vlParametro ,tb_parametros.tpParametro ,tb_parametros.flEditable ,tb_parametros.nrTamanio ,tb_parametros.dtActualizacion  FROM tb_parametros  WHERE tb_parametros.dsParametro = 'MONTO_EXIGE_CUIT_CUIL'    
11/07/2017 22:16:34 |  SELECT tb_parametros.dsParametro ,tb_parametros.vlParametro ,tb_parametros.tpParametro ,tb_parametros.flEditable ,tb_parametros.nrTamanio ,tb_parametros.dtActualizacion  FROM tb_parametros  WHERE tb_parametros.dsParametro = 'CALCULA_IVA_LIC_990'    
11/07/2017 22:16:35 | Exec SP_Supera_KM_IVA_segunMonto_2_0 @tpCategoriaIVA_param = 'CF' ,@vlKilometros_param = 189 ,@vlMonto_param = 2287 
11/07/2017 22:16:35 | Exec SP_Supera_KM_IVA_segunMonto_2_0 @tpCategoriaIVA_param = 'CF' ,@vlKilometros_param = 189 ,@vlMonto_param = 2287 
11/07/2017 22:16:35 | Exec SP_obtenerAlicuotaIVA @tpCategoriaIVA_param = 'CF' 
11/07/2017 22:16:35 | Exec SP_CalcularIVA @tpCategoriaIVA_param = 'CF' ,@vlMonto_param = 2287 ,@vlAlicuota_param = 21 ,@precio_menos_iva_param = 1 
11/07/2017 22:16:35 | Exec SP_obtenerAlicuotaIVA @tpCategoriaIVA_param = 'CF' 
11/07/2017 22:16:35 | Exec SP_CalcularSubtotalIVA @tpCategoriaIVA_param = 'CF' ,@vlMonto_param = 2287 ,@vlAlicuota_param = 21 
11/07/2017 22:16:35 | Exec sp_obtenerComision_v4_7 @tpComprobante_param = 'FA' ,@vlTotalGeneral_param = 2287 ,@tpComision_param = 'A Clientes' ,@tpCliente_param = 'A Clientes' ,@dsCodigoDestinos_param = '''Viaje'',null,2287' 
11/07/2017 22:16:35 | Exec sp_obtenerComision_v4_7 @tpComprobante_param = 'FA' ,@vlTotalGeneral_param = 2287 ,@tpComision_param = 'A Clientes' ,@tpCliente_param = 'A Clientes' ,@dsCodigoDestinos_param = '''Viaje'',null,2287' 
11/07/2017 22:16:35 |  SELECT tb_parametros.dsParametro ,tb_parametros.vlParametro ,tb_parametros.tpParametro ,tb_parametros.flEditable ,tb_parametros.nrTamanio ,tb_parametros.dtActualizacion  FROM tb_parametros  WHERE tb_parametros.dsParametro = 'MONTO_EXIGE_CUIT_CUIL'    
11/07/2017 22:16:35 | Exec spu_validarNroComprobanteManual_v4_9_71 @nrTalonario_param   = '0001',@nrComprobante_param = '00000002',@tpComprobante_param = 'FA',@tpLetra_param = 'B',@dtComprobante_param= '11/07/2017'
11/07/2017 22:16:54 |  SELECT tb_parametros.dsParametro ,tb_parametros.vlParametro ,tb_parametros.tpParametro ,tb_parametros.flEditable ,tb_parametros.nrTamanio ,tb_parametros.dtActualizacion  FROM tb_parametros  WHERE tb_parametros.dsParametro = 'CALCULA_IVA_LIC_990'    
11/07/2017 22:16:56 | Exec SP_Supera_KM_IVA_segunMonto_2_0 @tpCategoriaIVA_param = 'CF' ,@vlKilometros_param = 189 ,@vlMonto_param = 2287 
11/07/2017 22:16:56 | Exec SP_Supera_KM_IVA_segunMonto_2_0 @tpCategoriaIVA_param = 'CF' ,@vlKilometros_param = 189 ,@vlMonto_param = 2287 
11/07/2017 22:16:56 | Exec SP_obtenerAlicuotaIVA @tpCategoriaIVA_param = 'CF' 
11/07/2017 22:16:56 | Exec SP_CalcularIVA @tpCategoriaIVA_param = 'CF' ,@vlMonto_param = 2287 ,@vlAlicuota_param = 21 ,@precio_menos_iva_param = 1 
11/07/2017 22:16:56 | Exec SP_obtenerAlicuotaIVA @tpCategoriaIVA_param = 'CF' 
11/07/2017 22:16:56 | Exec SP_CalcularSubtotalIVA @tpCategoriaIVA_param = 'CF' ,@vlMonto_param = 2287 ,@vlAlicuota_param = 21 
11/07/2017 22:16:56 | Exec sp_obtenerComision_v4_7 @tpComprobante_param = 'FA' ,@vlTotalGeneral_param = 2287 ,@tpComision_param = 'A Clientes' ,@tpCliente_param = 'A Clientes' ,@dsCodigoDestinos_param = '''Viaje'',null,2287' 
11/07/2017 22:16:56 | Exec sp_obtenerComision_v4_7 @tpComprobante_param = 'FA' ,@vlTotalGeneral_param = 2287 ,@tpComision_param = 'A Clientes' ,@tpCliente_param = 'A Clientes' ,@dsCodigoDestinos_param = '''Viaje'',null,2287' 
11/07/2017 22:16:56 |  SELECT tb_parametros.dsParametro ,tb_parametros.vlParametro ,tb_parametros.tpParametro ,tb_parametros.flEditable ,tb_parametros.nrTamanio ,tb_parametros.dtActualizacion  FROM tb_parametros  WHERE tb_parametros.dsParametro = 'MONTO_EXIGE_CUIT_CUIL'    
11/07/2017 22:16:56 | Exec spu_validarNroComprobanteManual_v4_9_71 @nrTalonario_param   = '0001',@nrComprobante_param = '00000002',@tpComprobante_param = 'FA',@tpLetra_param = 'B',@dtComprobante_param= '11/07/2017'
11/07/2017 22:17:15 |  SELECT TB_Comprobantes.flManual ,TB_Comprobantes.nrTalonario ,TB_Comprobantes.nrComprobante ,TB_Comprobantes.dsUsuario ,TB_Comprobantes.nrcaja  FROM TB_Comprobantes  WHERE TB_Comprobantes.flEliminar = 0  AND  TB_Comprobantes.flManual = 'M'  AND  TB_Comprobantes.nrTalonario = '0001'  AND  TB_Comprobantes.nrComprobante = '00324233'  AND  TB_Comprobantes.tpComprobante = 'FA'  AND  TB_Comprobantes.tpLetra = 'B'    
11/07/2017 22:17:18 |  SELECT tb_parametros.dsParametro ,tb_parametros.vlParametro ,tb_parametros.tpParametro ,tb_parametros.flEditable ,tb_parametros.nrTamanio ,tb_parametros.dtActualizacion  FROM tb_parametros  WHERE tb_parametros.dsParametro = 'CALCULA_IVA_LIC_990'    
11/07/2017 22:17:19 | Exec SP_Supera_KM_IVA_segunMonto_2_0 @tpCategoriaIVA_param = 'CF' ,@vlKilometros_param = 189 ,@vlMonto_param = 2287 
11/07/2017 22:17:19 | Exec SP_Supera_KM_IVA_segunMonto_2_0 @tpCategoriaIVA_param = 'CF' ,@vlKilometros_param = 189 ,@vlMonto_param = 2287 
11/07/2017 22:17:19 | Exec SP_obtenerAlicuotaIVA @tpCategoriaIVA_param = 'CF' 
11/07/2017 22:17:19 | Exec SP_CalcularIVA @tpCategoriaIVA_param = 'CF' ,@vlMonto_param = 2287 ,@vlAlicuota_param = 21 ,@precio_menos_iva_param = 1 
11/07/2017 22:17:19 | Exec SP_obtenerAlicuotaIVA @tpCategoriaIVA_param = 'CF' 
11/07/2017 22:17:19 | Exec SP_CalcularSubtotalIVA @tpCategoriaIVA_param = 'CF' ,@vlMonto_param = 2287 ,@vlAlicuota_param = 21 
11/07/2017 22:17:19 | Exec sp_obtenerComision_v4_7 @tpComprobante_param = 'FA' ,@vlTotalGeneral_param = 2287 ,@tpComision_param = 'A Clientes' ,@tpCliente_param = 'A Clientes' ,@dsCodigoDestinos_param = '''Viaje'',null,2287' 
11/07/2017 22:17:19 | Exec sp_obtenerComision_v4_7 @tpComprobante_param = 'FA' ,@vlTotalGeneral_param = 2287 ,@tpComision_param = 'A Clientes' ,@tpCliente_param = 'A Clientes' ,@dsCodigoDestinos_param = '''Viaje'',null,2287' 
11/07/2017 22:17:19 |  SELECT tb_parametros.dsParametro ,tb_parametros.vlParametro ,tb_parametros.tpParametro ,tb_parametros.flEditable ,tb_parametros.nrTamanio ,tb_parametros.dtActualizacion  FROM tb_parametros  WHERE tb_parametros.dsParametro = 'MONTO_EXIGE_CUIT_CUIL'    
11/07/2017 22:17:19 | Exec spu_validarNroComprobanteManual_v4_9_71 @nrTalonario_param   = '0001',@nrComprobante_param = '00324233',@tpComprobante_param = 'FA',@tpLetra_param = 'B',@dtComprobante_param= '11/07/2017'
11/07/2017 22:17:49 |  SELECT tb_parametros.dsParametro ,tb_parametros.vlParametro ,tb_parametros.tpParametro ,tb_parametros.flEditable ,tb_parametros.nrTamanio ,tb_parametros.dtActualizacion  FROM tb_parametros  WHERE tb_parametros.dsParametro = 'CALCULA_IVA_LIC_990'    
11/07/2017 22:17:53 | Exec SP_Supera_KM_IVA_segunMonto_2_0 @tpCategoriaIVA_param = 'CF' ,@vlKilometros_param = 189 ,@vlMonto_param = 2287 
11/07/2017 22:17:53 | Exec SP_Supera_KM_IVA_segunMonto_2_0 @tpCategoriaIVA_param = 'CF' ,@vlKilometros_param = 189 ,@vlMonto_param = 2287 
11/07/2017 22:17:53 | Exec SP_obtenerAlicuotaIVA @tpCategoriaIVA_param = 'CF' 
11/07/2017 22:17:53 | Exec SP_CalcularIVA @tpCategoriaIVA_param = 'CF' ,@vlMonto_param = 2287 ,@vlAlicuota_param = 21 ,@precio_menos_iva_param = 1 
11/07/2017 22:17:53 | Exec SP_obtenerAlicuotaIVA @tpCategoriaIVA_param = 'CF' 
11/07/2017 22:17:53 | Exec SP_CalcularSubtotalIVA @tpCategoriaIVA_param = 'CF' ,@vlMonto_param = 2287 ,@vlAlicuota_param = 21 
11/07/2017 22:17:53 | Exec sp_obtenerComision_v4_7 @tpComprobante_param = 'FA' ,@vlTotalGeneral_param = 2287 ,@tpComision_param = 'A Clientes' ,@tpCliente_param = 'A Clientes' ,@dsCodigoDestinos_param = '''Viaje'',null,2287' 
11/07/2017 22:17:53 | Exec sp_obtenerComision_v4_7 @tpComprobante_param = 'FA' ,@vlTotalGeneral_param = 2287 ,@tpComision_param = 'A Clientes' ,@tpCliente_param = 'A Clientes' ,@dsCodigoDestinos_param = '''Viaje'',null,2287' 
11/07/2017 22:17:53 |  SELECT tb_parametros.dsParametro ,tb_parametros.vlParametro ,tb_parametros.tpParametro ,tb_parametros.flEditable ,tb_parametros.nrTamanio ,tb_parametros.dtActualizacion  FROM tb_parametros  WHERE tb_parametros.dsParametro = 'MONTO_EXIGE_CUIT_CUIL'    
11/07/2017 22:17:53 | Exec spu_validarNroComprobanteManual_v4_9_71 @nrTalonario_param   = '0001',@nrComprobante_param = '00324233',@tpComprobante_param = 'FA',@tpLetra_param = 'B',@dtComprobante_param= '11/07/2017'
11/07/2017 22:18:59 |  SELECT tb_parametros.dsParametro ,tb_parametros.vlParametro ,tb_parametros.tpParametro ,tb_parametros.flEditable ,tb_parametros.nrTamanio ,tb_parametros.dtActualizacion  FROM tb_parametros  WHERE tb_parametros.dsParametro = 'CALCULA_IVA_LIC_990'    
11/07/2017 22:19:01 | Exec SP_Supera_KM_IVA_segunMonto_2_0 @tpCategoriaIVA_param = 'CF' ,@vlKilometros_param = 189 ,@vlMonto_param = 2287 
11/07/2017 22:19:01 | Exec SP_Supera_KM_IVA_segunMonto_2_0 @tpCategoriaIVA_param = 'CF' ,@vlKilometros_param = 189 ,@vlMonto_param = 2287 
11/07/2017 22:19:01 | Exec SP_obtenerAlicuotaIVA @tpCategoriaIVA_param = 'CF' 
11/07/2017 22:19:01 | Exec SP_CalcularIVA @tpCategoriaIVA_param = 'CF' ,@vlMonto_param = 2287 ,@vlAlicuota_param = 21 ,@precio_menos_iva_param = 1 
11/07/2017 22:19:01 | Exec SP_obtenerAlicuotaIVA @tpCategoriaIVA_param = 'CF' 
11/07/2017 22:19:01 | Exec SP_CalcularSubtotalIVA @tpCategoriaIVA_param = 'CF' ,@vlMonto_param = 2287 ,@vlAlicuota_param = 21 
11/07/2017 22:19:01 | Exec sp_obtenerComision_v4_7 @tpComprobante_param = 'FA' ,@vlTotalGeneral_param = 2287 ,@tpComision_param = 'A Clientes' ,@tpCliente_param = 'A Clientes' ,@dsCodigoDestinos_param = '''Viaje'',null,2287' 
11/07/2017 22:19:01 | Exec sp_obtenerComision_v4_7 @tpComprobante_param = 'FA' ,@vlTotalGeneral_param = 2287 ,@tpComision_param = 'A Clientes' ,@tpCliente_param = 'A Clientes' ,@dsCodigoDestinos_param = '''Viaje'',null,2287' 
11/07/2017 22:19:01 |  SELECT tb_parametros.dsParametro ,tb_parametros.vlParametro ,tb_parametros.tpParametro ,tb_parametros.flEditable ,tb_parametros.nrTamanio ,tb_parametros.dtActualizacion  FROM tb_parametros  WHERE tb_parametros.dsParametro = 'MONTO_EXIGE_CUIT_CUIL'    
11/07/2017 22:19:01 | Exec spu_validarNroComprobanteManual_v4_9_71 @nrTalonario_param   = '0001',@nrComprobante_param = '00324233',@tpComprobante_param = 'FA',@tpLetra_param = 'B',@dtComprobante_param= '11/07/2017'
11/07/2017 22:20:44 |  SELECT tb_parametros.dsParametro ,tb_parametros.vlParametro ,tb_parametros.tpParametro ,tb_parametros.flEditable ,tb_parametros.nrTamanio ,tb_parametros.dtActualizacion  FROM tb_parametros  WHERE tb_parametros.dsParametro = 'CALCULA_IVA_LIC_990'    
11/07/2017 22:20:45 | Exec SP_Supera_KM_IVA_segunMonto_2_0 @tpCategoriaIVA_param = 'CF' ,@vlKilometros_param = 189 ,@vlMonto_param = 2287 
11/07/2017 22:20:45 | Exec SP_Supera_KM_IVA_segunMonto_2_0 @tpCategoriaIVA_param = 'CF' ,@vlKilometros_param = 189 ,@vlMonto_param = 2287 
11/07/2017 22:20:45 | Exec SP_obtenerAlicuotaIVA @tpCategoriaIVA_param = 'CF' 
11/07/2017 22:20:45 | Exec SP_CalcularIVA @tpCategoriaIVA_param = 'CF' ,@vlMonto_param = 2287 ,@vlAlicuota_param = 21 ,@precio_menos_iva_param = 1 
11/07/2017 22:20:45 | Exec SP_obtenerAlicuotaIVA @tpCategoriaIVA_param = 'CF' 
11/07/2017 22:20:45 | Exec SP_CalcularSubtotalIVA @tpCategoriaIVA_param = 'CF' ,@vlMonto_param = 2287 ,@vlAlicuota_param = 21 
11/07/2017 22:20:45 | Exec sp_obtenerComision_v4_7 @tpComprobante_param = 'FA' ,@vlTotalGeneral_param = 2287 ,@tpComision_param = 'A Clientes' ,@tpCliente_param = 'A Clientes' ,@dsCodigoDestinos_param = '''Viaje'',null,2287' 
11/07/2017 22:20:45 | Exec sp_obtenerComision_v4_7 @tpComprobante_param = 'FA' ,@vlTotalGeneral_param = 2287 ,@tpComision_param = 'A Clientes' ,@tpCliente_param = 'A Clientes' ,@dsCodigoDestinos_param = '''Viaje'',null,2287' 
11/07/2017 22:20:45 |  SELECT tb_parametros.dsParametro ,tb_parametros.vlParametro ,tb_parametros.tpParametro ,tb_parametros.flEditable ,tb_parametros.nrTamanio ,tb_parametros.dtActualizacion  FROM tb_parametros  WHERE tb_parametros.dsParametro = 'MONTO_EXIGE_CUIT_CUIL'    
11/07/2017 22:20:45 | Exec spu_validarNroComprobanteManual_v4_9_71 @nrTalonario_param   = '0001',@nrComprobante_param = '00324233',@tpComprobante_param = 'FA',@tpLetra_param = 'B',@dtComprobante_param= '11/07/2017'
11/07/2017 22:21:04 |  SELECT TB_Comprobantes.flManual ,TB_Comprobantes.nrTalonario ,TB_Comprobantes.nrComprobante ,TB_Comprobantes.dsUsuario ,TB_Comprobantes.nrcaja  FROM TB_Comprobantes  WHERE TB_Comprobantes.flEliminar = 0  AND  TB_Comprobantes.flManual = 'M'  AND  TB_Comprobantes.nrTalonario = '0001'  AND  TB_Comprobantes.nrComprobante = '00324231'  AND  TB_Comprobantes.tpComprobante = 'FA'  AND  TB_Comprobantes.tpLetra = 'B'    
11/07/2017 22:21:07 |  SELECT tb_parametros.dsParametro ,tb_parametros.vlParametro ,tb_parametros.tpParametro ,tb_parametros.flEditable ,tb_parametros.nrTamanio ,tb_parametros.dtActualizacion  FROM tb_parametros  WHERE tb_parametros.dsParametro = 'CALCULA_IVA_LIC_990'    
11/07/2017 22:21:09 | Exec SP_Supera_KM_IVA_segunMonto_2_0 @tpCategoriaIVA_param = 'CF' ,@vlKilometros_param = 189 ,@vlMonto_param = 2287 
11/07/2017 22:21:09 | Exec SP_Supera_KM_IVA_segunMonto_2_0 @tpCategoriaIVA_param = 'CF' ,@vlKilometros_param = 189 ,@vlMonto_param = 2287 
11/07/2017 22:21:09 | Exec SP_obtenerAlicuotaIVA @tpCategoriaIVA_param = 'CF' 
11/07/2017 22:21:09 | Exec SP_CalcularIVA @tpCategoriaIVA_param = 'CF' ,@vlMonto_param = 2287 ,@vlAlicuota_param = 21 ,@precio_menos_iva_param = 1 
11/07/2017 22:21:09 | Exec SP_obtenerAlicuotaIVA @tpCategoriaIVA_param = 'CF' 
11/07/2017 22:21:09 | Exec SP_CalcularSubtotalIVA @tpCategoriaIVA_param = 'CF' ,@vlMonto_param = 2287 ,@vlAlicuota_param = 21 
11/07/2017 22:21:09 | Exec sp_obtenerComision_v4_7 @tpComprobante_param = 'FA' ,@vlTotalGeneral_param = 2287 ,@tpComision_param = 'A Clientes' ,@tpCliente_param = 'A Clientes' ,@dsCodigoDestinos_param = '''Viaje'',null,2287' 
11/07/2017 22:21:09 | Exec sp_obtenerComision_v4_7 @tpComprobante_param = 'FA' ,@vlTotalGeneral_param = 2287 ,@tpComision_param = 'A Clientes' ,@tpCliente_param = 'A Clientes' ,@dsCodigoDestinos_param = '''Viaje'',null,2287' 
11/07/2017 22:21:09 |  SELECT tb_parametros.dsParametro ,tb_parametros.vlParametro ,tb_parametros.tpParametro ,tb_parametros.flEditable ,tb_parametros.nrTamanio ,tb_parametros.dtActualizacion  FROM tb_parametros  WHERE tb_parametros.dsParametro = 'MONTO_EXIGE_CUIT_CUIL'    
11/07/2017 22:21:09 | Exec spu_validarNroComprobanteManual_v4_9_71 @nrTalonario_param   = '0001',@nrComprobante_param = '00324231',@tpComprobante_param = 'FA',@tpLetra_param = 'B',@dtComprobante_param= '11/07/2017'
11/07/2017 22:21:09 |  SELECT TB_Cajas.nrCaja  FROM TB_Cajas  WHERE TB_Cajas.nrCaja = 1000010107  AND  TB_Cajas.flEstado = 0    
11/07/2017 22:21:09 | Exec sco_DiccionariodeDatos @nmtabla_param='sp_eliminarFisicamenteunComprobanteEliminadoLogicamente_v2_5'
11/07/2017 22:21:09 | Exec sp_eliminarFisicamenteunComprobanteEliminadoLogicamente_v2_5 @nrTalonario_param = '0001' ,@nrComprobante_param = '00324231' ,@tpComprobante_param = 'FA' ,@tpLetra_param = 'B' 
11/07/2017 22:21:09 | Exec spu_obtener_puntosdeventa_facturacion_v4_9_71 @nrPuesto_param = 1 ,@tipo_iva = 'CF' ,@auto_impresor = 'N' ,@tpFormadePago = null ,@tpComprobante = 'FA' 
11/07/2017 22:21:09 |  INSERT TB_Comprobantes (nrComprobante ,nrTalonario ,vlPagoReales ,nrDoc ,tpLetra ,cdCliente ,dsRazonSocial ,vlTotalGeneral ,dsLeyenda ,vlPagoEuros ,nmEmpleado ,nrPuesto ,nrCaja ,nrLicencia ,nrBultos ,nrPasajeros ,tpComprobante ,vlPagoDolares ,vlPagoPesos ,nmLicenciatario ,dsEmail ,vlSubtotal ,vlIVA ,cdCondVenta ,tpComision ,tpIVA ,dtComprobante ,dsOpcional3 ,cdCodBar ,dtCaja ,dtInsercion ,dsOpcional1 ,nrCAI ,dtVencimiento ,vlDiaDolar ,vlDiaEuro ,vlDiaReal ,dsOpcional2 ,dsUsuario ,flSincronizado ,flManual ,nrTarjeta ,tpDocTarjeta ,nrDocTarjeta )  VALUES ('00324231' ,'0001' ,0.00 ,'254752224' ,'B' ,1 ,'Consumidor Final' ,2287.00 ,null ,0.00 ,'CAMILA PASQUALI' ,1 ,1000010107 ,12 ,null ,null ,'FA' ,0.00 ,2287.00 ,'ABEGAO CARLOS' ,null ,1890.08 ,396.92 ,'Contado' ,'A Clientes' ,'CF' ,'11/07/2017' ,'30708249919010001' ,'000100324231012' ,'11/07/2017 10:21:09' ,'11/07/2017 10:21:09' ,'22:21' ,null ,null ,9.1 ,10 ,3.21 ,'CEIBAS - ENTRE RIOS  (1 DESTINO) ' ,'CAMILAP' ,0 ,'M' ,null ,null ,null )
11/07/2017 22:21:09 | Exec sco_DiccionariodeDatos @nmtabla_param='DiccionariodeDatos'
11/07/2017 22:21:09 |  UPDATE DiccionariodeDatos SET DiccionariodeDatos.vlPuesto1  = '187638'   WHERE DiccionariodeDatos.nmTabla = 'TB_Comprobantes'  AND  DiccionariodeDatos.nmCampo = 'nrComprobante'  
11/07/2017 22:21:09 |  INSERT TB_ComprobantesDetalle (nrTalonario ,nrComprobante ,tpComprobante ,tpLetra ,nrItem ,cdProducto ,dsProducto ,tpOperacion ,vlPorcentaje ,vlPrecioPeaje ,vlKilometros ,vlPrecioViaje ,vlPrecioTC ,vlPrecioTD ,vlRecargoTC ,vlRecargoTD ,vlRecargoTP ,vlPrecioTP ,dtInsercion ,flSincronizado ,nrCaja ,nrPuesto )  VALUES ('0001' ,'00324231' ,'FA' ,'B' ,1 ,90323 ,'CEIBAS - ENTRE RIOS  (1 DESTINO) ' ,'Viaje' ,null ,0 ,189 ,2287 ,'2486' ,'2484' ,'199' ,'197' ,'199' ,'2486' ,'11/07/2017' ,0 ,1000010107 ,1 )
11/07/2017 22:21:09 | Exec sp_obtenerComision_v4_7 @tpComprobante_param = 'FA' ,@vlTotalGeneral_param = 2287 ,@tpComision_param = 'A Clientes' ,@tpCliente_param = 'A Clientes' ,@dsCodigoDestinos_param = '''Viaje'',null,2287' 
11/07/2017 22:21:09 | Exec sco_DiccionariodeDatos @nmtabla_param='TB_Cupones'
11/07/2017 22:21:09 | Exec SP_ObtenerMaxnrCupon_v2_7 
11/07/2017 22:21:09 |  INSERT TB_Cupones (nrTalonarioCliente ,nrComprabanteCliente ,tpComprobanteCliente ,tpLetraCliente ,cdCliente ,nrPuesto ,nrLicencia ,nmLicenciatario ,vlMontoCupon ,vlPagoPesos ,vlPagoDolares ,vlPagoEuros ,vlPagoReales ,nrCantidadBultos ,tpCupon ,dsDestino ,dsHoraViaje ,dsLeyenda ,flCobradoalCliente ,dtCobradoalCliente ,flCompensado ,vlaFavordelLicenciatario ,vlafavorAdmin ,vlComision ,dtCajaCliente ,nrCajaCliente ,dtCupon ,dsUsuario ,nrPasajeros ,flSincronizado ,vlIVA ,vlSubtotal ,cdCodBar ,nrCupon ,nrTarjeta ,tpDocTarjeta ,nrDocTarjeta ,vlRecargoTarjeta )  VALUES ('0001' ,'00324231' ,'FA' ,'B' ,1 ,1 ,12 ,'ABEGAO CARLOS' ,2287.00 ,2287.00 ,0.00 ,0.00 ,0.00 ,null ,'Contado' ,'CEIBAS - ENTRE RIOS  (1 DESTINO) ' ,'22:21' ,null ,1 ,'11/07/2017 10:21:09' ,0 ,2251 ,0 ,36 ,'11/07/2017 10:21:09' ,1000010107 ,'11/07/2017 22:21:00' ,'CAMILAP' ,null ,0 ,396.92 ,1890.08 ,'000100324231012' ,118 ,null ,null ,null ,0 )
11/07/2017 22:21:09 |  UPDATE DiccionariodeDatos SET DiccionariodeDatos.vlPuesto1  = '118'   WHERE DiccionariodeDatos.nmTabla = 'TB_Cupones'  AND  DiccionariodeDatos.nmCampo = 'nrCupon'  
11/07/2017 22:21:09 |  SELECT TB_Cajas.vlSaldoFinalPesos ,TB_Cajas.vlSaldoFinalDolares ,TB_Cajas.vlSaldoFinalEuros ,TB_Cajas.vlSaldoFinalReales  FROM TB_Cajas  WHERE TB_Cajas.nrCaja = 1000010107    
11/07/2017 22:21:09 |  UPDATE TB_Cajas SET TB_Cajas.vlSaldoFinalPesos  = 3287 ,TB_Cajas.vlSaldoFinalDolares  = 100 ,TB_Cajas.vlSaldoFinalReales  = 0 ,TB_Cajas.vlSaldoFinalEuros  = 50   WHERE TB_Cajas.nrCaja = 1000010107  
11/07/2017 22:21:09 | Exec sp_marcarTipodeActualizacionCajaPuesto_v3_7 @nrTalonario_param = '0001' ,@nrComprobante_param = '00324231' ,@tpComprobante_param = 'FA' ,@tpLetra_param = 'B' ,@tpModificacionCajaPuesto_param = 'Agregado' ,@dsObservacionCajaPuesto_param = null 
11/07/2017 22:21:09 | Exec sp_ActualizarDiferenciaSaldoCajaPuesto_v2_5 @pnrCaja_param = 1000010107 
11/07/2017 22:21:09 | Exec sco_cajapuesto_v3_7 @nrCaja_param = 1000010107 
11/07/2017 22:21:09 | Exec sco_Comprobantes_cajapuesto_v3_7 @nrCaja_param = 1000010107 
11/07/2017 22:21:09 | Exec sco_obtenerCierresCajaPuesto_v2_5 @nrCaja_param = 1000010107 
11/07/2017 22:21:09 | Exec SP_puedeOperarUsuarioCajaPuesto_v3_2 @pnrCaja_param = 1000010107 ,@pdsUsuario_param = 'CAMILAP' 
11/07/2017 22:21:11 | Exec spu_obtener_puntosdeventa_facturacion_v4_9_71 @nrPuesto_param = 1 ,@tipo_iva = 'CF' ,@auto_impresor = 'N' ,@tpFormadePago = null ,@tpComprobante = 'FA' 
11/07/2017 22:21:11 | Exec spu_obtener_puntosdeventa_facturacion_v4_9_71 @nrPuesto_param = 1 ,@tipo_iva = 'CF' ,@auto_impresor = 'N' ,@tpFormadePago = null ,@tpComprobante = 'FA' 
11/07/2017 22:21:11 | Exec sp_obtenerComision_v4_7 @tpComprobante_param = 'FA' ,@vlTotalGeneral_param = 0 ,@tpComision_param = 'A Clientes' ,@tpCliente_param = 'A Clientes' ,@dsCodigoDestinos_param = null 
11/07/2017 22:21:11 | Exec sp_obtenerComision_v4_7 @tpComprobante_param = 'FA' ,@vlTotalGeneral_param = 0 ,@tpComision_param = 'A Clientes' ,@tpCliente_param = 'A Clientes' ,@dsCodigoDestinos_param = null 
11/07/2017 22:21:11 | Exec sp_obtenerComision_v4_7 @tpComprobante_param = 'FA' ,@vlTotalGeneral_param = 0 ,@tpComision_param = 'A Clientes' ,@tpCliente_param = 'A Clientes' ,@dsCodigoDestinos_param = null 
11/07/2017 22:21:14 | Exec sco_cajapuesto_v3_7 @nrCaja_param = 1000010107 
11/07/2017 22:21:14 | Exec sco_Comprobantes_cajapuesto_v3_7 @nrCaja_param = 1000010107 
11/07/2017 22:21:14 | Exec sco_obtenerCierresCajaPuesto_v2_5 @nrCaja_param = 1000010107 
11/07/2017 22:21:14 | Exec SP_puedeOperarUsuarioCajaPuesto_v3_2 @pnrCaja_param = 1000010107 ,@pdsUsuario_param = 'CAMILAP' 
11/07/2017 22:23:30 | Exec  SP_ObtenerTalonarioMaximo_v1_4 
11/07/2017 22:23:30 |  SELECT TB_Comprobantes.dtComprobante ,TB_Comprobantes.nrComprobante ,TB_Comprobantes.cdCliente ,TB_Comprobantes.cdCodBar ,TB_Comprobantes.nrLicencia ,TB_Comprobantes.nrPuesto ,TB_Comprobantes.nrTalonario ,TB_Comprobantes.tpComprobante ,TB_Comprobantes.nrCaja ,TB_Comprobantes.cdCondVenta ,TB_Comprobantes.nrDoc ,TB_Comprobantes.dsRazonSocial ,TB_Comprobantes.nmLicenciatario ,TB_Comprobantes.dsUsuario ,TB_Comprobantes.dsDomicilio ,TB_Comprobantes.tpComprobante ,TB_Comprobantes.tpLetra ,TB_Comprobantes.flManual  FROM TB_Comprobantes  WHERE TB_Comprobantes.nrTalonario = '0001'  AND  TB_Comprobantes.nrComprobante = '00324231'  AND  TB_Comprobantes.tpComprobante = 'FA'  AND  TB_Comprobantes.tpLetra = 'B'    
11/07/2017 22:23:30 |  SELECT TB_Comprobantes.dsLeyenda ,TB_Comprobantes.tpLetra ,TB_Comprobantes.vlTotalGeneral ,TB_Comprobantes.vlPagoEuros ,TB_Comprobantes.vlPagoPesos ,TB_Comprobantes.tpMoneda ,TB_Comprobantes.dsDomicilio ,TB_Comprobantes.nmLocalidad ,TB_Comprobantes.dsEmail ,TB_Comprobantes.cdPostal ,TB_Comprobantes.dtVencimiento ,TB_Comprobantes.nrBultos ,TB_Comprobantes.nrPasajeros ,TB_Comprobantes.vlPagoDolares ,TB_Comprobantes.nrTel ,TB_Comprobantes.vlDiaEuro ,TB_Comprobantes.cdCliente ,TB_Comprobantes.nrTalonario ,TB_Comprobantes.dtComprobante ,TB_Comprobantes.nrComprobante ,TB_Comprobantes.cdCodBar ,TB_Comprobantes.tpComprobante ,TB_Comprobantes.nrCaja ,TB_Comprobantes.cdCondVenta ,TB_Comprobantes.nrDoc ,TB_Comprobantes.dsRazonSocial ,TB_Comprobantes.nrLicencia ,TB_Comprobantes.nmLicenciatario ,TB_Comprobantes.dsUsuario ,TB_Comprobantes.nrPuesto ,TB_Comprobantes.nmApellido ,TB_Comprobantes.nmNombre ,TB_Comprobantes.dsOpcional3 ,TB_Comprobantes.IdReciboCtaCte ,TB_Comprobantes.flAnulado ,TB_Comprobantes.flEliminar ,TB_Comprobantes.flManual ,TB_Comprobantes.tpComision ,TB_Comprobantes.cdCliente ,TB_Comprobantes.vlPagoReales  FROM TB_Comprobantes  WHERE TB_Comprobantes.nrComprobante = '00324231    '  AND  TB_Comprobantes.nrTalonario = '0001'  AND  TB_Comprobantes.nrCaja = 1000010107  AND  TB_Comprobantes.tpLetra = 'B'  AND  TB_Comprobantes.tpComprobante = 'FA'    
11/07/2017 22:23:30 |  SELECT TB_ComprobantesDetalle.nrItem ,TB_ComprobantesDetalle.cdProducto ,TB_ComprobantesDetalle.dsProducto ,TB_ComprobantesDetalle.vlPrecioViaje ,TB_ComprobantesDetalle.vlTotalItem  FROM TB_ComprobantesDetalle  WHERE TB_ComprobantesDetalle.nrTalonario = '0001'  AND  TB_ComprobantesDetalle.nrComprobante = '00324231'  AND  TB_ComprobantesDetalle.tpComprobante = 'FA'  AND  TB_ComprobantesDetalle.tpLetra = 'B'    
11/07/2017 22:23:30 |  SELECT TB_Clientes.dsRazonSocial ,TB_Clientes.tpDoc ,TB_Clientes.nrDoc ,TB_Clientes.dsEmail ,TB_Clientes.nrPuesto ,TB_Clientes.tpFormadePago  FROM TB_Clientes  WHERE TB_Clientes.cdCliente = 1    
11/07/2017 22:24:08 | Exec sco_cajapuesto_v3_7 @nrCaja_param = 1000010107 
11/07/2017 22:24:08 | Exec sco_Comprobantes_cajapuesto_v3_7 @nrCaja_param = 1000010107 
11/07/2017 22:24:08 | Exec sco_obtenerCierresCajaPuesto_v2_5 @nrCaja_param = 1000010107 
11/07/2017 22:24:08 | Exec SP_puedeOperarUsuarioCajaPuesto_v3_2 @pnrCaja_param = 1000010107 ,@pdsUsuario_param = 'CAMILAP' 
11/07/2017 22:24:09 |  SELECT TB_Cajas.nrCaja ,TB_Cajas.vlFondoFijoEuros ,TB_Cajas.nrPuesto ,TB_Cajas.dsUsuario ,TB_Cajas.vlFondoFijoReales ,TB_Cajas.dtApertura ,TB_Cajas.dtCierre ,TB_Cajas.vlDiaDolar ,TB_Cajas.vlDiaEuro ,TB_Cajas.vlSaldoInicialPesos ,TB_Cajas.vlSaldoInicialReales ,TB_Cajas.vlSaldoInicialEuros ,TB_Cajas.vlFondoFijoPesos ,TB_Cajas.dsDiferenciaDeCierre ,TB_Cajas.vlDiaReal ,TB_Cajas.vlFondoFijoDolares ,TB_Cajas.vlSaldoInicialDolares ,TB_Cajas.vlSaldoFinalDolares ,TB_Cajas.vlCierreDolares ,TB_Cajas.vlSaldoFinalRealDolares ,TB_Cajas.vlDiferenciaDeCierre ,TB_Cajas.dtObservacion ,TB_Cajas.dsObservacion ,TB_Cajas.vlSaldoFinalPesos ,TB_Cajas.vlSaldoFinalReales ,TB_Cajas.vlSaldoFinalEuros ,TB_Cajas.vlTotalSaldoFinal ,TB_Cajas.vlSaldoFinalRealPesos ,TB_Cajas.vlSaldoFinalRealReales ,TB_Cajas.vlSaldoFinalRealEuros ,TB_Cajas.vlTotalSaldoFinalReal ,TB_Cajas.vlCierrePesos ,TB_Cajas.vlCierreReales ,TB_Cajas.vlCierreEuros ,TB_Cajas.vlTotalSaldoCierre ,TB_Cajas.flEstado  FROM TB_Cajas  WHERE TB_Cajas.nrCaja = 1000010107    
11/07/2017 22:24:09 | Exec SP_SumaCajaPuestosCondVenta_v3_7 @pnrCaja_param = 1000010107 
11/07/2017 22:24:12 | Exec sco_AccesosOpcionesMenu @p_tpNivelAcceso = 'Administración' ,@p_operaconcaja = 1 
11/07/2017 22:27:23 | Exec sco_DiccionariodeDatos @nmtabla_param='TB_Puestos'
11/07/2017 22:27:23 |  SELECT TB_Puestos.nrPuesto ,TB_Puestos.dsPuesto  FROM TB_Puestos   
11/07/2017 22:27:23 |  SELECT TB_Puestos.nrPuesto ,TB_Puestos.dsPuesto  FROM TB_Puestos  WHERE TB_Puestos.nrPuesto = 9    
