10/01/2017 23:42:20 | Exec  sco_TB_Productos_v4_1 
10/01/2017 23:42:21 | Exec sco_DiccionariodeDatos @nmtabla_param='TB_Usuarios'
10/01/2017 23:42:40 | Exec  sco_TB_Productos_v4_1 
10/01/2017 23:42:40 | Exec sco_DiccionariodeDatos @nmtabla_param='TB_Usuarios'
10/01/2017 23:42:44 |  SELECT TB_Usuarios.dsUsuario ,TB_Usuarios.dspassword ,TB_Usuarios.tpAcceso ,TB_Usuarios.nmNombre ,TB_Usuarios.nmApellido ,TB_Usuarios.flBloqueado ,TB_Usuarios.tpNivelJerarquico  FROM TB_Usuarios  WHERE TB_Usuarios.dsUsuario = 'BFAZZALARI'  AND  TB_Usuarios.flEliminar = 0  
10/01/2017 23:42:44 |  SELECT TB_Usuarios.dsUsuario ,TB_Usuarios.dspassword ,TB_Usuarios.tpAcceso ,TB_Usuarios.nmNombre ,TB_Usuarios.nmApellido ,TB_Usuarios.flBloqueado ,TB_Usuarios.tpNivelJerarquico  FROM TB_Usuarios  WHERE TB_Usuarios.dsUsuario = 'BFAZZALARI'  AND  TB_Usuarios.flEliminar = 0  
10/01/2017 23:42:44 | Exec sco_DiccionariodeDatos @nmtabla_param='sp_obtenerCajasPendientesdeAprobacion_v2_5'
10/01/2017 23:42:44 | Exec sp_obtenerCajasPendientesdeAprobacion_v2_5 @pdsUsuario_param = 'BFAZZALARI' 
10/01/2017 23:42:53 | Exec sp_obtenerCajasRechazadas_v2_9 
10/01/2017 23:42:53 | Exec sco_DiccionariodeDatos @nmtabla_param='TB_Parametros'
10/01/2017 23:42:53 |  SELECT TB_Parametros.vlParametro  FROM TB_Parametros  WHERE TB_Parametros.dsParametro = 'VALOR EURO'  
10/01/2017 23:42:53 |  SELECT TB_Parametros.vlParametro  FROM TB_Parametros  WHERE TB_Parametros.dsParametro = 'VALOR DOLAR'  
10/01/2017 23:42:53 | Exec SP_ValorPromoRetorno
10/01/2017 23:42:53 | Exec sco_DiccionariodeDatos @nmtabla_param='TB_Comisiones'
10/01/2017 23:42:53 |  SELECT TB_Comisiones.vlMontoMinimo  FROM TB_Comisiones  WHERE TB_Comisiones.tpComision = 'Retorno'  AND  TB_Comisiones.flEliminar = 0  
10/01/2017 23:42:53 |  SELECT TB_Parametros.vlParametro  FROM TB_Parametros  WHERE TB_Parametros.dsParametro = 'VALOR REAL'  
10/01/2017 23:42:53 | Exec sco_DiccionariodeDatos @nmtabla_param='TB_Cajas'
10/01/2017 23:42:54 |  SELECT TB_Cajas.nrCaja  FROM TB_Cajas  WHERE TB_Cajas.dsUsuario = 'BFAZZALARI'  and  TB_Cajas.flEstado = 0  and  TB_Cajas.tpEstadoAprobacion IS NULL  and  TB_Cajas.nrcaja > 0  
10/01/2017 23:42:55 | Exec sco_DiccionariodeDatos @nmtabla_param='sco_AccesosOpcionesMenu'
10/01/2017 23:42:55 | Exec sco_AccesosOpcionesMenu @p_tpNivelAcceso = 'Puestos' ,@p_operaconcaja = 1 
10/01/2017 23:42:55 | Exec sco_AccesosOpcionesMenu @p_tpNivelAcceso = 'Puestos' ,@p_operaconcaja = 1 
10/01/2017 23:42:56 | Exec sco_DiccionariodeDatos @nmtabla_param='sco_cajapuesto_v3_9'
10/01/2017 23:42:56 | Exec sco_cajapuesto_v3_9 @nrCaja_param = 1000010108 
10/01/2017 23:42:56 |  SELECT tb_parametros.dsParametro ,tb_parametros.vlParametro ,tb_parametros.tpParametro ,tb_parametros.flEditable ,tb_parametros.nrTamanio ,tb_parametros.dtActualizacion  FROM tb_parametros  WHERE tb_parametros.dsParametro = 'PORC_RECARGO_TD'  
10/01/2017 23:42:56 |  SELECT tb_parametros.dsParametro ,tb_parametros.vlParametro ,tb_parametros.tpParametro ,tb_parametros.flEditable ,tb_parametros.nrTamanio ,tb_parametros.dtActualizacion  FROM tb_parametros  WHERE tb_parametros.dsParametro = 'PORC_RECARGO_TC'  
10/01/2017 23:42:56 |  SELECT tb_parametros.dsParametro ,tb_parametros.vlParametro ,tb_parametros.tpParametro ,tb_parametros.flEditable ,tb_parametros.nrTamanio ,tb_parametros.dtActualizacion  FROM tb_parametros  WHERE tb_parametros.dsParametro = 'PORC_RECARGO_TP'  
10/01/2017 23:42:56 | Exec sco_DiccionariodeDatos @nmtabla_param='TB_Comprobantes'
10/01/2017 23:42:56 | Exec sco_DiccionariodeDatos @nmtabla_param='sp_obtenerComision_v4_7'
10/01/2017 23:42:56 | Exec sp_obtenerComision_v4_7 @tpComprobante_param = null ,@vlTotalGeneral_param = 0 ,@tpComision_param = null ,@tpCliente_param = null ,@dsCodigoDestinos_param = null 
10/01/2017 23:42:56 | Exec sp_obtenerComision_v4_7 @tpComprobante_param = null ,@vlTotalGeneral_param = 0 ,@tpComision_param = 'A Clientes' ,@tpCliente_param = 'A Clientes' ,@dsCodigoDestinos_param = null 
10/01/2017 23:42:56 | Exec sco_DiccionariodeDatos @nmtabla_param='spu_obtener_puntosdeventa_facturacion_v4_7'
10/01/2017 23:42:56 | Exec spu_obtener_puntosdeventa_facturacion_v4_7 @nrPuesto_param = 1 ,@tipo_iva = 'CF' ,@auto_impresor = 'S' ,@tpFormadePago = null ,@tpComprobante = 'FA' 
10/01/2017 23:42:56 | Exec sp_obtenerComision_v4_7 @tpComprobante_param = 'FA' ,@vlTotalGeneral_param = 0 ,@tpComision_param = 'A Clientes' ,@tpCliente_param = 'A Clientes' ,@dsCodigoDestinos_param = null 
10/01/2017 23:42:56 | Exec spu_obtener_puntosdeventa_facturacion_v4_7 @nrPuesto_param = 1 ,@tipo_iva = 'CF' ,@auto_impresor = 'S' ,@tpFormadePago = null ,@tpComprobante = 'FA' 
10/01/2017 23:42:57 | Exec spu_obtener_puntosdeventa_facturacion_v4_7 @nrPuesto_param = 1 ,@tipo_iva = 'CF' ,@auto_impresor = 'S' ,@tpFormadePago = null ,@tpComprobante = 'FA' 
10/01/2017 23:42:57 | Exec sp_obtenerComision_v4_7 @tpComprobante_param = 'FA' ,@vlTotalGeneral_param = 0 ,@tpComision_param = 'A Clientes' ,@tpCliente_param = 'A Clientes' ,@dsCodigoDestinos_param = null 
10/01/2017 23:42:57 | Exec sp_obtenerComision_v4_7 @tpComprobante_param = 'FA' ,@vlTotalGeneral_param = 0 ,@tpComision_param = 'A Clientes' ,@tpCliente_param = 'A Clientes' ,@dsCodigoDestinos_param = null 
10/01/2017 23:42:57 | Exec sp_obtenerComision_v4_7 @tpComprobante_param = 'FA' ,@vlTotalGeneral_param = 0 ,@tpComision_param = 'A Clientes' ,@tpCliente_param = 'A Clientes' ,@dsCodigoDestinos_param = null 
10/01/2017 23:42:57 | Exec sco_DiccionariodeDatos @nmtabla_param='TB_Productos'
10/01/2017 23:43:02 |  SELECT tb_parametros.dsParametro ,tb_parametros.vlParametro ,tb_parametros.tpParametro ,tb_parametros.flEditable ,tb_parametros.nrTamanio ,tb_parametros.dtActualizacion  FROM tb_parametros  WHERE tb_parametros.dsParametro = 'PORC_RECARGO_TD'  
10/01/2017 23:43:02 |  SELECT tb_parametros.dsParametro ,tb_parametros.vlParametro ,tb_parametros.tpParametro ,tb_parametros.flEditable ,tb_parametros.nrTamanio ,tb_parametros.dtActualizacion  FROM tb_parametros  WHERE tb_parametros.dsParametro = 'PORC_RECARGO_TC'  
10/01/2017 23:43:02 |  SELECT tb_parametros.dsParametro ,tb_parametros.vlParametro ,tb_parametros.tpParametro ,tb_parametros.flEditable ,tb_parametros.nrTamanio ,tb_parametros.dtActualizacion  FROM tb_parametros  WHERE tb_parametros.dsParametro = 'PORC_RECARGO_TP'  
10/01/2017 23:43:02 | Exec sco_DiccionariodeDatos @nmtabla_param='SP_Supera_KM_IVA_segunMonto_2_0'
10/01/2017 23:43:02 | Exec SP_Supera_KM_IVA_segunMonto_2_0 @tpCategoriaIVA_param = 'CF' ,@vlKilometros_param = 0 ,@vlMonto_param = 450 
10/01/2017 23:43:02 | Exec sp_obtenerComision_v4_7 @tpComprobante_param = 'FA' ,@vlTotalGeneral_param = 450 ,@tpComision_param = 'A Clientes' ,@tpCliente_param = 'A Clientes' ,@dsCodigoDestinos_param = '''Viaje'',null,450' 
10/01/2017 23:43:02 | Exec sp_obtenerComision_v4_7 @tpComprobante_param = 'FA' ,@vlTotalGeneral_param = 450 ,@tpComision_param = 'A Clientes' ,@tpCliente_param = 'A Clientes' ,@dsCodigoDestinos_param = '''Viaje'',null,450' 
10/01/2017 23:43:02 | Exec sp_obtenerComision_v4_7 @tpComprobante_param = 'FA' ,@vlTotalGeneral_param = 450 ,@tpComision_param = 'A Clientes' ,@tpCliente_param = 'A Clientes' ,@dsCodigoDestinos_param = '''Viaje'',null,450' 
10/01/2017 23:43:02 | Exec SP_Supera_KM_IVA_segunMonto_2_0 @tpCategoriaIVA_param = 'CF' ,@vlKilometros_param = 0 ,@vlMonto_param = 450 
10/01/2017 23:43:02 | Exec sp_obtenerComision_v4_7 @tpComprobante_param = 'FA' ,@vlTotalGeneral_param = 450 ,@tpComision_param = 'A Clientes' ,@tpCliente_param = 'A Clientes' ,@dsCodigoDestinos_param = '''Viaje'',null,450' 
10/01/2017 23:43:02 | Exec SP_Supera_KM_IVA_segunMonto_2_0 @tpCategoriaIVA_param = 'CF' ,@vlKilometros_param = 0 ,@vlMonto_param = 450 
10/01/2017 23:43:02 | Exec sp_obtenerComision_v4_7 @tpComprobante_param = 'FA' ,@vlTotalGeneral_param = 450 ,@tpComision_param = 'A Clientes' ,@tpCliente_param = 'A Clientes' ,@dsCodigoDestinos_param = '''Viaje'',null,450' 
10/01/2017 23:43:02 | Exec sp_obtenerComision_v4_7 @tpComprobante_param = 'FA' ,@vlTotalGeneral_param = 450 ,@tpComision_param = 'A Clientes' ,@tpCliente_param = 'A Clientes' ,@dsCodigoDestinos_param = '''Viaje'',null,450' 
10/01/2017 23:43:02 | Exec sp_obtenerComision_v4_7 @tpComprobante_param = 'FA' ,@vlTotalGeneral_param = 450 ,@tpComision_param = 'A Clientes' ,@tpCliente_param = 'A Clientes' ,@dsCodigoDestinos_param = '''Viaje'',null,450' 
10/01/2017 23:43:05 | Exec sco_DiccionariodeDatos @nmtabla_param='TB_Proveedores'
10/01/2017 23:43:05 |  SELECT TB_Proveedores.nmNombre ,TB_Proveedores.nmApellido  FROM TB_Proveedores  WHERE TB_Proveedores.tpCategoria = 'Licenciatario'  AND  TB_Proveedores.nrLicencia = 123  AND  TB_Proveedores.flEliminar = 0  
10/01/2017 23:43:10 | Exec SP_Supera_KM_IVA_segunMonto_2_0 @tpCategoriaIVA_param = 'CF' ,@vlKilometros_param = 0 ,@vlMonto_param = 450 
10/01/2017 23:43:10 | Exec sp_obtenerComision_v4_7 @tpComprobante_param = 'FA' ,@vlTotalGeneral_param = 450 ,@tpComision_param = 'A Clientes' ,@tpCliente_param = 'A Clientes' ,@dsCodigoDestinos_param = '''Viaje'',null,450' 
10/01/2017 23:43:10 | Exec sp_obtenerComision_v4_7 @tpComprobante_param = 'FA' ,@vlTotalGeneral_param = 450 ,@tpComision_param = 'A Clientes' ,@tpCliente_param = 'A Clientes' ,@dsCodigoDestinos_param = '''Viaje'',null,450' 
10/01/2017 23:43:11 |  SELECT TB_Proveedores.nmNombre ,TB_Proveedores.nmApellido  FROM TB_Proveedores  WHERE TB_Proveedores.tpCategoria = 'Licenciatario'  AND  TB_Proveedores.nrLicencia = 123  AND  TB_Proveedores.flEliminar = 0  
10/01/2017 23:43:12 |  SELECT tb_parametros.dsParametro ,tb_parametros.vlParametro ,tb_parametros.tpParametro ,tb_parametros.flEditable ,tb_parametros.nrTamanio ,tb_parametros.dtActualizacion  FROM tb_parametros  WHERE tb_parametros.dsParametro = 'CALCULA_IVA_LIC_990'  
10/01/2017 23:43:14 | Exec SP_Supera_KM_IVA_segunMonto_2_0 @tpCategoriaIVA_param = 'CF' ,@vlKilometros_param = 0 ,@vlMonto_param = 450 
10/01/2017 23:43:14 | Exec sp_obtenerComision_v4_7 @tpComprobante_param = 'FA' ,@vlTotalGeneral_param = 450 ,@tpComision_param = 'A Clientes' ,@tpCliente_param = 'A Clientes' ,@dsCodigoDestinos_param = '''Viaje'',null,450' 
10/01/2017 23:43:14 | Exec sp_obtenerComision_v4_7 @tpComprobante_param = 'FA' ,@vlTotalGeneral_param = 450 ,@tpComision_param = 'A Clientes' ,@tpCliente_param = 'A Clientes' ,@dsCodigoDestinos_param = '''Viaje'',null,450' 
10/01/2017 23:43:14 |  SELECT tb_parametros.dsParametro ,tb_parametros.vlParametro ,tb_parametros.tpParametro ,tb_parametros.flEditable ,tb_parametros.nrTamanio ,tb_parametros.dtActualizacion  FROM tb_parametros  WHERE tb_parametros.dsParametro = 'MONTO_EXIGE_CUIT_CUIL'  
10/01/2017 23:43:14 |  SELECT TB_Cajas.nrCaja  FROM TB_Cajas  WHERE TB_Cajas.nrCaja = 1000010108  AND  TB_Cajas.flEstado = 0  
10/01/2017 23:43:14 | Exec sco_DiccionariodeDatos @nmtabla_param='sp_eliminarFisicamenteunComprobanteEliminadoLogicamente_v2_5'
10/01/2017 23:43:14 | Exec sp_eliminarFisicamenteunComprobanteEliminadoLogicamente_v2_5 @nrTalonario_param = '0006' ,@nrComprobante_param = '00633587' ,@tpComprobante_param = 'FA' ,@tpLetra_param = 'B' 
10/01/2017 23:43:14 | Exec spu_obtener_puntosdeventa_facturacion_v4_7 @nrPuesto_param = 1 ,@tipo_iva = 'CF' ,@auto_impresor = 'S' ,@tpFormadePago = null ,@tpComprobante = 'FA' 
10/01/2017 23:43:14 |  INSERT TB_Comprobantes (nrComprobante ,nrTalonario ,vlPagoReales ,nrDoc ,tpLetra ,cdCliente ,dsRazonSocial ,vlTotalGeneral ,dsLeyenda ,vlPagoEuros ,nmEmpleado ,nrPuesto ,nrCaja ,nrLicencia ,nrBultos ,nrPasajeros ,tpComprobante ,vlPagoDolares ,vlPagoPesos ,nmLicenciatario ,dtComprobante ,dsEmail ,vlSubtotal ,vlIVA ,cdCondVenta ,tpComision ,tpIVA ,dsOpcional3 ,cdCodBar ,dtCaja ,dtInsercion ,dsOpcional1 ,nrCAI ,dtVencimiento ,vlDiaDolar ,vlDiaEuro ,vlDiaReal ,dsOpcional2 ,dsUsuario ,flSincronizado ,flManual ,nrTarjeta ,tpDocTarjeta ,nrDocTarjeta )  VALUES ('00633587' ,'0006' ,0.00 ,null ,'B' ,1 ,'Consumidor Final' ,450.00 ,null ,0.00 ,'BARBARA FAZZALARI' ,1 ,1000010108 ,123 ,null ,null ,'FA' ,0.00 ,0.00 ,'SUFFIA DIEGO ALEJANDRO' ,'10/01/2017' ,null ,450.00 ,0.00 ,'Todo Pago' ,'A Clientes' ,'CF' ,'307082499190100063506310668186314012017' ,'000600633587123' ,'10/01/2017 11:43:14' ,'10/01/2017 11:43:14' ,'23:43' ,'35063106681863' ,'14/01/2017' ,9.1 ,10 ,3.21 ,'CENTRO - CAPITAL FEDERAL CON PEAJES  (1 DESTINO) ' ,'BFAZZALARI' ,0 ,'N' ,null ,null ,null )
10/01/2017 23:43:14 | Exec sco_DiccionariodeDatos @nmtabla_param='DiccionariodeDatos'
10/01/2017 23:43:14 |  UPDATE DiccionariodeDatos SET DiccionariodeDatos.vlPuesto1  = '633587'   WHERE DiccionariodeDatos.nmTabla = 'TB_Comprobantes'  AND  DiccionariodeDatos.nmCampo = 'nrComprobante'  
10/01/2017 23:43:14 | Exec sco_DiccionariodeDatos @nmtabla_param='TB_ComprobantesDetalle'
10/01/2017 23:43:14 |  INSERT TB_ComprobantesDetalle (nrTalonario ,nrComprobante ,tpComprobante ,tpLetra ,nrItem ,cdProducto ,dsProducto ,tpOperacion ,vlPorcentaje ,vlPrecioPeaje ,vlKilometros ,vlPrecioViaje ,vlPrecioTC ,vlPrecioTD ,vlRecargoTC ,vlRecargoTD ,dtInsercion ,flSincronizado ,nrCaja ,nrPuesto )  VALUES ('0006' ,'00633587' ,'FA' ,'B' ,1 ,90001 ,'CENTRO - CAPITAL FEDERAL CON PEAJES  (1 DESTINO) ' ,'Viaje' ,0 ,0 ,null ,450 ,'489' ,'489' ,'39' ,'39' ,'10/01/2017' ,0 ,1000010108 ,1 )
10/01/2017 23:43:14 | Exec sp_obtenerComision_v4_7 @tpComprobante_param = 'FA' ,@vlTotalGeneral_param = 450 ,@tpComision_param = 'A Clientes' ,@tpCliente_param = 'A Clientes' ,@dsCodigoDestinos_param = '''Viaje'',null,450' 
10/01/2017 23:43:14 | Exec sco_DiccionariodeDatos @nmtabla_param='TB_Cupones'
10/01/2017 23:43:14 | Exec SP_ObtenerMaxnrCupon_v2_7 
10/01/2017 23:43:14 |  INSERT TB_Cupones (nrTalonarioCliente ,nrComprabanteCliente ,tpComprobanteCliente ,tpLetraCliente ,cdCliente ,nrPuesto ,nrLicencia ,nmLicenciatario ,vlMontoCupon ,vlPagoPesos ,vlPagoDolares ,vlPagoEuros ,vlPagoReales ,nrCantidadBultos ,tpCupon ,dsDestino ,dsHoraViaje ,dsLeyenda ,flCobradoalCliente ,flCompensado ,vlaFavordelLicenciatario ,vlafavorAdmin ,vlComision ,dtCajaCliente ,nrCajaCliente ,dtCupon ,dsUsuario ,nrPasajeros ,flSincronizado ,vlIVA ,vlSubtotal ,cdCodBar ,nrCupon ,nrTarjeta ,tpDocTarjeta ,nrDocTarjeta ,vlRecargoTarjeta )  VALUES ('0006' ,'00633587' ,'FA' ,'B' ,1 ,1 ,123 ,'SUFFIA DIEGO ALEJANDRO' ,450.00 ,0.00 ,0.00 ,0.00 ,0.00 ,null ,'Todo Pago' ,'CENTRO - CAPITAL FEDERAL CON PEAJES  (1 DESTINO) ' ,'23:43' ,null ,0 ,0 ,414 ,0 ,36 ,'10/01/2017 11:43:14' ,1000010108 ,'10/01/2017 11:43:14' ,'BFAZZALARI' ,null ,0 ,0.00 ,450.00 ,'000600633587123' ,95 ,null ,null ,null ,0 )
10/01/2017 23:43:14 |  UPDATE DiccionariodeDatos SET DiccionariodeDatos.vlPuesto1  = '95'   WHERE DiccionariodeDatos.nmTabla = 'TB_Cupones'  AND  DiccionariodeDatos.nmCampo = 'nrCupon'  
10/01/2017 23:43:14 | Exec sco_DiccionariodeDatos @nmtabla_param='spu_actualizar_puntosdeventa_facturacion_v4_7'
10/01/2017 23:43:14 | Exec spu_actualizar_puntosdeventa_facturacion_v4_7 @nrPuesto_param = 1 ,@tipo_iva = 'CF' ,@auto_impresor = 'S' ,@tpFormadePago = null ,@tpComprobante = 'FA' ,@nrComprobante = 633587 
10/01/2017 23:43:14 | Exec sco_DiccionariodeDatos @nmtabla_param='SP_PrepararReimpresiondeComprobante_v4_9'
10/01/2017 23:43:14 | Exec SP_PrepararReimpresiondeComprobante_v4_9 @nrTalonario = '0006' ,@nrComprobante = '00633587' ,@tpComprobante = 'FA' ,@tpLetra = 'B' ,@dsUsuario = 'BFAZZALARI' 
10/01/2017 23:43:14 | Exec sco_DiccionariodeDatos @nmtabla_param='SP_eliminarTablasImpresion_v4_7'
10/01/2017 23:43:14 | Exec SP_eliminarTablasImpresion_v4_7 @dsUsuario = 'BFAZZALARI' 
10/01/2017 23:43:31 |  UPDATE TB_Comprobantes SET TB_Comprobantes.nrTarjeta  = '4321' ,TB_Comprobantes.tpDocTarjeta  = 'DNI' ,TB_Comprobantes.nrDocTarjeta  = '25475222' ,TB_Comprobantes.nrCuponPosnet  = '124343' ,TB_Comprobantes.vlRecargoTarjeta  = 0   WHERE TB_Comprobantes.tpLetra = 'B'  AND  TB_Comprobantes.tpComprobante = 'FA'  AND  TB_Comprobantes.nrTalonario = '0006'  AND  TB_Comprobantes.nrComprobante = '00633587'  
10/01/2017 23:43:31 |  UPDATE TB_Cupones SET TB_Cupones.nrTarjeta  = '4321' ,TB_Cupones.tpDocTarjeta  = 'DNI' ,TB_Cupones.nrDocTarjeta  = '25475222' ,TB_Cupones.nrCuponPosnet  = '124343'   WHERE TB_Cupones.nrCupon = 95  
10/01/2017 23:43:31 | Exec sp_obtenerComision_v4_7 @tpComprobante_param = null ,@vlTotalGeneral_param = 0 ,@tpComision_param = 'A Clientes' ,@tpCliente_param = 'A Clientes' ,@dsCodigoDestinos_param = null 
10/01/2017 23:43:31 | Exec spu_obtener_puntosdeventa_facturacion_v4_7 @nrPuesto_param = 1 ,@tipo_iva = 'CF' ,@auto_impresor = 'S' ,@tpFormadePago = null ,@tpComprobante = 'FA' 
10/01/2017 23:43:31 | Exec spu_obtener_puntosdeventa_facturacion_v4_7 @nrPuesto_param = 1 ,@tipo_iva = 'CF' ,@auto_impresor = 'S' ,@tpFormadePago = null ,@tpComprobante = 'FA' 
10/01/2017 23:43:31 | Exec sp_obtenerComision_v4_7 @tpComprobante_param = 'FA' ,@vlTotalGeneral_param = 0 ,@tpComision_param = 'A Clientes' ,@tpCliente_param = 'A Clientes' ,@dsCodigoDestinos_param = null 
10/01/2017 23:43:31 | Exec sp_obtenerComision_v4_7 @tpComprobante_param = 'FA' ,@vlTotalGeneral_param = 0 ,@tpComision_param = 'A Clientes' ,@tpCliente_param = 'A Clientes' ,@dsCodigoDestinos_param = null 
10/01/2017 23:43:31 | Exec sp_obtenerComision_v4_7 @tpComprobante_param = 'FA' ,@vlTotalGeneral_param = 0 ,@tpComision_param = 'A Clientes' ,@tpCliente_param = 'A Clientes' ,@dsCodigoDestinos_param = null 
10/01/2017 23:43:36 | Exec sco_AccesosOpcionesMenu @p_tpNivelAcceso = 'Puestos' ,@p_operaconcaja = 1 
10/01/2017 23:43:39 |  SELECT TB_Cajas.nrCaja  FROM TB_Cajas  WHERE TB_Cajas.nrCaja = 1000010108  AND  TB_Cajas.flEstado = 0  
10/01/2017 23:43:39 |  SELECT tb_parametros.dsParametro ,tb_parametros.vlParametro ,tb_parametros.tpParametro ,tb_parametros.flEditable ,tb_parametros.nrTamanio ,tb_parametros.dtActualizacion  FROM tb_parametros  WHERE tb_parametros.dsParametro = 'FONDO_FIJO_MINIMO'  
10/01/2017 23:43:39 |  SELECT TB_Cajas.vlSaldoInicialPesos ,TB_Cajas.vlSaldoInicialDolares ,TB_Cajas.vlSaldoInicialEuros ,TB_Cajas.vlSaldoInicialReales ,TB_Cajas.vlDiaEuro ,TB_Cajas.vlDiaDolar ,TB_Cajas.vlDiaReal ,TB_Cajas.dsUsuario ,TB_Cajas.dtApertura ,TB_Cajas.dtCierre  FROM TB_Cajas  WHERE TB_Cajas.nrCaja = 1000010108  
10/01/2017 23:43:39 | Exec sco_DiccionariodeDatos @nmtabla_param='SP_SumaCajaPuestosCondVenta_v3_7'
10/01/2017 23:43:39 | Exec SP_SumaCajaPuestosCondVenta_v3_7 @pnrCaja_param = 1000010108 
10/01/2017 23:43:39 | Exec sco_cajapuesto_v3_9 @nrCaja_param = 1000010108 
10/01/2017 23:43:39 | Exec SP_SumaCajaPuestosCondVenta_v3_7 @pnrCaja_param = 1000010108 
10/01/2017 23:43:48 | Exec SP_SumaCajaPuestosCondVenta_v3_7 @pnrCaja_param = 1000010108 
10/01/2017 23:43:50 | Exec SP_SumaCajaPuestosCondVenta_v3_7 @pnrCaja_param = 1000010108 
10/01/2017 23:43:51 | Exec SP_SumaCajaPuestosCondVenta_v3_7 @pnrCaja_param = 1000010108 
10/01/2017 23:43:52 | Exec SP_SumaCajaPuestosCondVenta_v3_7 @pnrCaja_param = 1000010108 
10/01/2017 23:43:54 | Exec SP_SumaCajaPuestosCondVenta_v3_7 @pnrCaja_param = 1000010108 
10/01/2017 23:43:55 | Exec SP_SumaCajaPuestosCondVenta_v3_7 @pnrCaja_param = 1000010108 
10/01/2017 23:43:56 | Exec SP_SumaCajaPuestosCondVenta_v3_7 @pnrCaja_param = 1000010108 
10/01/2017 23:43:59 | Exec SP_SumaCajaPuestosCondVenta_v3_7 @pnrCaja_param = 1000010108 
10/01/2017 23:44:03 | Exec SP_SumaCajaPuestosCondVenta_v3_7 @pnrCaja_param = 1000010108 
10/01/2017 23:44:04 | Exec SP_SumaCajaPuestosCondVenta_v3_7 @pnrCaja_param = 1000010108 
10/01/2017 23:44:16 | Exec SP_SumaCajaPuestosCondVenta_v3_7 @pnrCaja_param = 1000010108 
10/01/2017 23:44:17 |  SELECT TB_Cajas.vlSaldoInicialPesos ,TB_Cajas.vlSaldoInicialDolares ,TB_Cajas.vlSaldoInicialEuros ,TB_Cajas.vlSaldoInicialReales ,TB_Cajas.vlDiaEuro ,TB_Cajas.vlDiaDolar ,TB_Cajas.vlDiaReal ,TB_Cajas.dsUsuario ,TB_Cajas.dtApertura ,TB_Cajas.dtCierre  FROM TB_Cajas  WHERE TB_Cajas.nrCaja = 1000010108  
10/01/2017 23:44:17 | Exec SP_SumaCajaPuestosCondVenta_v3_7 @pnrCaja_param = 1000010108 
10/01/2017 23:44:18 |  UPDATE TB_Cajas SET TB_Cajas.flEstado  = 1 ,TB_Cajas.hrCierre  = '23:44' ,TB_Cajas.flSincronizado  = 1 ,TB_Cajas.vlDiferenciaDeCierre  = 0.00 ,TB_Cajas.dsDiferenciaDeCierre  = null ,TB_Cajas.vlSaldoFinalPesos  = 6830 ,TB_Cajas.vlSaldoFinalDolares  = 100 ,TB_Cajas.vlSaldoFinalEuros  = 50 ,TB_Cajas.vlTotalSaldoFinal  = 8240.00 ,TB_Cajas.vlSaldoFinalRealPesos  = 6830 ,TB_Cajas.vlSaldoFinalRealDolares  = 100.00 ,TB_Cajas.vlSaldoFinalRealEuros  = 50.00 ,TB_Cajas.vlSaldoFinalRealReales  = 0.00 ,TB_Cajas.vlTotalSaldoFinalReal  = 8240.00 ,TB_Cajas.dsObservacion  = 'CAJA DE PRUEBA EULISES ' ,TB_Cajas.dtObservacion  = '10/01/2017 11:44:18' ,TB_Cajas.vlCierrePesos  = 5830.00 ,TB_Cajas.vlCierreDolares  = 0.00 ,TB_Cajas.vlCierreEuros  = 0.00 ,TB_Cajas.vlCierreReales  = 0.00 ,TB_Cajas.vlFondoFijoPesos  = 1000.00 ,TB_Cajas.vlFondoFijoDolares  = 100.00 ,TB_Cajas.vlFondoFijoEuros  = 50.00 ,TB_Cajas.vlFondoFijoReales  = 0.00 ,TB_Cajas.vlTotalSaldoCierre  = 5830.00 ,TB_Cajas.dtCierre  = '10/01/2017 11:44:18'   WHERE TB_Cajas.nrCaja = 1000010108  
10/01/2017 23:44:21 | Exec sco_DiccionariodeDatos @nmtabla_param='rpt_cierredecaja_v4_9_2'
10/01/2017 23:44:56 | Exec rpt_cierredecaja_v4_9_2 
10/01/2017 23:44:56 | Invalid procedure call or argument
10/01/2017 23:44:58 | Exec sco_AccesosOpcionesMenu @p_tpNivelAcceso = 'Puestos' ,@p_operaconcaja = 1 
10/01/2017 23:45:03 |  SELECT TB_Parametros.vlParametro  FROM TB_Parametros  WHERE TB_Parametros.dsParametro = 'VALOR EURO'  
10/01/2017 23:45:03 |  SELECT TB_Parametros.vlParametro  FROM TB_Parametros  WHERE TB_Parametros.dsParametro = 'VALOR DOLAR'  
10/01/2017 23:45:03 | Exec SP_ValorPromoRetorno
10/01/2017 23:45:03 |  SELECT TB_Comisiones.vlMontoMinimo  FROM TB_Comisiones  WHERE TB_Comisiones.tpComision = 'Retorno'  AND  TB_Comisiones.flEliminar = 0  
10/01/2017 23:45:03 |  SELECT TB_Parametros.vlParametro  FROM TB_Parametros  WHERE TB_Parametros.dsParametro = 'VALOR REAL'  
10/01/2017 23:45:03 |  SELECT TB_Cajas.nrCaja  FROM TB_Cajas  WHERE TB_Cajas.dsUsuario = 'BFAZZALARI'  and  TB_Cajas.flEstado = 0  and  TB_Cajas.tpEstadoAprobacion IS NULL  and  TB_Cajas.nrcaja > 0  
10/01/2017 23:45:03 | Exec sco_DiccionariodeDatos @nmtabla_param='sco_FondoFijoCajaAnterior_v3_7'
10/01/2017 23:45:04 | Exec sco_FondoFijoCajaAnterior_v3_7 @nrPuesto = 1 
10/01/2017 23:45:05 | Exec sco_DiccionariodeDatos @nmtabla_param='SP_ObtenerMaxnrCaja_v2_8'
10/01/2017 23:45:05 | Exec SP_ObtenerMaxnrCaja_v2_8 @nrPuesto = 1 
10/01/2017 23:45:05 |  INSERT TB_Cajas (nrCaja ,vlFondoFijoEuros ,nrPuesto ,dsUsuario ,vlFondoFijoReales ,dtApertura ,dtCierre ,vlDiaDolar ,vlDiaEuro ,vlSaldoInicialPesos ,vlSaldoInicialReales ,vlSaldoInicialEuros ,vlFondoFijoPesos ,dsDiferenciaDeCierre ,vlDiaReal ,vlFondoFijoDolares ,vlSaldoInicialDolares ,vlSaldoFinalDolares ,vlCierreDolares ,vlSaldoFinalRealDolares ,vlDiferenciaDeCierre ,dtObservacion ,dsObservacion ,vlSaldoFinalPesos ,vlSaldoFinalReales ,vlSaldoFinalEuros ,vlTotalSaldoFinal ,vlSaldoFinalRealPesos ,vlSaldoFinalRealReales ,vlSaldoFinalRealEuros ,vlTotalSaldoFinalReal ,vlCierrePesos ,vlCierreReales ,vlCierreEuros ,vlTotalSaldoCierre ,flSincronizado ,hrApertura )  VALUES (1000010109 ,null ,1 ,'BFAZZALARI' ,null ,'10/01/2017 11:45:03' ,null ,9.10 ,10 ,1000.00 ,0.00 ,50.00 ,null ,null ,3.21 ,null ,100.00 ,100.00 ,-100.00 ,null ,0.00 ,null ,null ,1000.00 ,0.00 ,50.00 ,0.00 ,null ,null ,null ,0.00 ,-1000.00 ,0.00 ,-50.00 ,0 ,0 ,'23:45' )
10/01/2017 23:45:05 |  UPDATE DiccionariodeDatos SET DiccionariodeDatos.vlPuesto1  = '1000010109'   WHERE DiccionariodeDatos.nmTabla = 'TB_Cajas'  AND  DiccionariodeDatos.nmCampo = 'nrCaja'  
10/01/2017 23:45:06 | Exec sco_AccesosOpcionesMenu @p_tpNivelAcceso = 'Puestos' ,@p_operaconcaja = 1 
10/01/2017 23:45:09 | Exec sco_AccesosOpcionesMenu @p_tpNivelAcceso = 'Puestos' ,@p_operaconcaja = 1 
10/01/2017 23:45:11 | Exec sco_cajapuesto_v3_9 @nrCaja_param = 1000010109 
10/01/2017 23:45:11 |  SELECT tb_parametros.dsParametro ,tb_parametros.vlParametro ,tb_parametros.tpParametro ,tb_parametros.flEditable ,tb_parametros.nrTamanio ,tb_parametros.dtActualizacion  FROM tb_parametros  WHERE tb_parametros.dsParametro = 'PORC_RECARGO_TD'  
10/01/2017 23:45:11 |  SELECT tb_parametros.dsParametro ,tb_parametros.vlParametro ,tb_parametros.tpParametro ,tb_parametros.flEditable ,tb_parametros.nrTamanio ,tb_parametros.dtActualizacion  FROM tb_parametros  WHERE tb_parametros.dsParametro = 'PORC_RECARGO_TC'  
10/01/2017 23:45:11 |  SELECT tb_parametros.dsParametro ,tb_parametros.vlParametro ,tb_parametros.tpParametro ,tb_parametros.flEditable ,tb_parametros.nrTamanio ,tb_parametros.dtActualizacion  FROM tb_parametros  WHERE tb_parametros.dsParametro = 'PORC_RECARGO_TP'  
10/01/2017 23:45:11 | Exec sp_obtenerComision_v4_7 @tpComprobante_param = null ,@vlTotalGeneral_param = 0 ,@tpComision_param = null ,@tpCliente_param = null ,@dsCodigoDestinos_param = null 
10/01/2017 23:45:11 | Exec sp_obtenerComision_v4_7 @tpComprobante_param = null ,@vlTotalGeneral_param = 0 ,@tpComision_param = 'A Clientes' ,@tpCliente_param = 'A Clientes' ,@dsCodigoDestinos_param = null 
10/01/2017 23:45:11 | Exec spu_obtener_puntosdeventa_facturacion_v4_7 @nrPuesto_param = 1 ,@tipo_iva = 'CF' ,@auto_impresor = 'S' ,@tpFormadePago = null ,@tpComprobante = 'FA' 
10/01/2017 23:45:11 | Exec sp_obtenerComision_v4_7 @tpComprobante_param = 'FA' ,@vlTotalGeneral_param = 0 ,@tpComision_param = 'A Clientes' ,@tpCliente_param = 'A Clientes' ,@dsCodigoDestinos_param = null 
10/01/2017 23:45:11 | Exec spu_obtener_puntosdeventa_facturacion_v4_7 @nrPuesto_param = 1 ,@tipo_iva = 'CF' ,@auto_impresor = 'S' ,@tpFormadePago = null ,@tpComprobante = 'FA' 
10/01/2017 23:45:11 | Exec spu_obtener_puntosdeventa_facturacion_v4_7 @nrPuesto_param = 1 ,@tipo_iva = 'CF' ,@auto_impresor = 'S' ,@tpFormadePago = null ,@tpComprobante = 'FA' 
10/01/2017 23:45:11 | Exec sp_obtenerComision_v4_7 @tpComprobante_param = 'FA' ,@vlTotalGeneral_param = 0 ,@tpComision_param = 'A Clientes' ,@tpCliente_param = 'A Clientes' ,@dsCodigoDestinos_param = null 
10/01/2017 23:45:11 | Exec sp_obtenerComision_v4_7 @tpComprobante_param = 'FA' ,@vlTotalGeneral_param = 0 ,@tpComision_param = 'A Clientes' ,@tpCliente_param = 'A Clientes' ,@dsCodigoDestinos_param = null 
10/01/2017 23:45:11 | Exec sp_obtenerComision_v4_7 @tpComprobante_param = 'FA' ,@vlTotalGeneral_param = 0 ,@tpComision_param = 'A Clientes' ,@tpCliente_param = 'A Clientes' ,@dsCodigoDestinos_param = null 
10/01/2017 23:45:15 |  SELECT tb_parametros.dsParametro ,tb_parametros.vlParametro ,tb_parametros.tpParametro ,tb_parametros.flEditable ,tb_parametros.nrTamanio ,tb_parametros.dtActualizacion  FROM tb_parametros  WHERE tb_parametros.dsParametro = 'PORC_RECARGO_TD'  
10/01/2017 23:45:15 |  SELECT tb_parametros.dsParametro ,tb_parametros.vlParametro ,tb_parametros.tpParametro ,tb_parametros.flEditable ,tb_parametros.nrTamanio ,tb_parametros.dtActualizacion  FROM tb_parametros  WHERE tb_parametros.dsParametro = 'PORC_RECARGO_TC'  
10/01/2017 23:45:15 |  SELECT tb_parametros.dsParametro ,tb_parametros.vlParametro ,tb_parametros.tpParametro ,tb_parametros.flEditable ,tb_parametros.nrTamanio ,tb_parametros.dtActualizacion  FROM tb_parametros  WHERE tb_parametros.dsParametro = 'PORC_RECARGO_TP'  
10/01/2017 23:45:15 | Exec SP_Supera_KM_IVA_segunMonto_2_0 @tpCategoriaIVA_param = 'CF' ,@vlKilometros_param = 275 ,@vlMonto_param = 3328 
10/01/2017 23:45:15 | Exec SP_Supera_KM_IVA_segunMonto_2_0 @tpCategoriaIVA_param = 'CF' ,@vlKilometros_param = 275 ,@vlMonto_param = 3328 
10/01/2017 23:45:15 | Exec sco_DiccionariodeDatos @nmtabla_param='SP_obtenerAlicuotaIVA'
10/01/2017 23:45:15 | Exec SP_obtenerAlicuotaIVA @tpCategoriaIVA_param = 'CF' 
10/01/2017 23:45:15 | Exec sco_DiccionariodeDatos @nmtabla_param='SP_CalcularIVA'
10/01/2017 23:45:15 | Exec SP_CalcularIVA @tpCategoriaIVA_param = 'CF' ,@vlMonto_param = 3328 ,@vlAlicuota_param = 21 ,@precio_menos_iva_param = 1 
10/01/2017 23:45:15 | Exec SP_obtenerAlicuotaIVA @tpCategoriaIVA_param = 'CF' 
10/01/2017 23:45:15 | Exec sco_DiccionariodeDatos @nmtabla_param='SP_CalcularSubtotalIVA'
10/01/2017 23:45:15 | Exec SP_CalcularSubtotalIVA @tpCategoriaIVA_param = 'CF' ,@vlMonto_param = 3328 ,@vlAlicuota_param = 21 
10/01/2017 23:45:15 | Exec sp_obtenerComision_v4_7 @tpComprobante_param = 'FA' ,@vlTotalGeneral_param = 3328 ,@tpComision_param = 'A Clientes' ,@tpCliente_param = 'A Clientes' ,@dsCodigoDestinos_param = '''Viaje'',null,3328' 
10/01/2017 23:45:15 | Exec sp_obtenerComision_v4_7 @tpComprobante_param = 'FA' ,@vlTotalGeneral_param = 3328 ,@tpComision_param = 'A Clientes' ,@tpCliente_param = 'A Clientes' ,@dsCodigoDestinos_param = '''Viaje'',null,3328' 
10/01/2017 23:45:15 | Exec sp_obtenerComision_v4_7 @tpComprobante_param = 'FA' ,@vlTotalGeneral_param = 3328 ,@tpComision_param = 'A Clientes' ,@tpCliente_param = 'A Clientes' ,@dsCodigoDestinos_param = '''Viaje'',null,3328' 
10/01/2017 23:45:15 | Exec SP_Supera_KM_IVA_segunMonto_2_0 @tpCategoriaIVA_param = 'CF' ,@vlKilometros_param = 275 ,@vlMonto_param = 3328 
10/01/2017 23:45:15 | Exec SP_Supera_KM_IVA_segunMonto_2_0 @tpCategoriaIVA_param = 'CF' ,@vlKilometros_param = 275 ,@vlMonto_param = 3328 
10/01/2017 23:45:15 | Exec SP_obtenerAlicuotaIVA @tpCategoriaIVA_param = 'CF' 
10/01/2017 23:45:15 | Exec SP_CalcularIVA @tpCategoriaIVA_param = 'CF' ,@vlMonto_param = 3328 ,@vlAlicuota_param = 21 ,@precio_menos_iva_param = 1 
10/01/2017 23:45:15 | Exec SP_obtenerAlicuotaIVA @tpCategoriaIVA_param = 'CF' 
10/01/2017 23:45:15 | Exec SP_CalcularSubtotalIVA @tpCategoriaIVA_param = 'CF' ,@vlMonto_param = 3328 ,@vlAlicuota_param = 21 
10/01/2017 23:45:15 | Exec sp_obtenerComision_v4_7 @tpComprobante_param = 'FA' ,@vlTotalGeneral_param = 3328 ,@tpComision_param = 'A Clientes' ,@tpCliente_param = 'A Clientes' ,@dsCodigoDestinos_param = '''Viaje'',null,3328' 
10/01/2017 23:45:15 | Exec SP_Supera_KM_IVA_segunMonto_2_0 @tpCategoriaIVA_param = 'CF' ,@vlKilometros_param = 275 ,@vlMonto_param = 3328 
10/01/2017 23:45:15 | Exec SP_Supera_KM_IVA_segunMonto_2_0 @tpCategoriaIVA_param = 'CF' ,@vlKilometros_param = 275 ,@vlMonto_param = 3328 
10/01/2017 23:45:16 | Exec SP_obtenerAlicuotaIVA @tpCategoriaIVA_param = 'CF' 
10/01/2017 23:45:16 | Exec SP_CalcularIVA @tpCategoriaIVA_param = 'CF' ,@vlMonto_param = 3328 ,@vlAlicuota_param = 21 ,@precio_menos_iva_param = 1 
10/01/2017 23:45:16 | Exec SP_obtenerAlicuotaIVA @tpCategoriaIVA_param = 'CF' 
10/01/2017 23:45:16 | Exec SP_CalcularSubtotalIVA @tpCategoriaIVA_param = 'CF' ,@vlMonto_param = 3328 ,@vlAlicuota_param = 21 
10/01/2017 23:45:16 | Exec sp_obtenerComision_v4_7 @tpComprobante_param = 'FA' ,@vlTotalGeneral_param = 3328 ,@tpComision_param = 'A Clientes' ,@tpCliente_param = 'A Clientes' ,@dsCodigoDestinos_param = '''Viaje'',null,3328' 
10/01/2017 23:45:16 | Exec sp_obtenerComision_v4_7 @tpComprobante_param = 'FA' ,@vlTotalGeneral_param = 3328 ,@tpComision_param = 'A Clientes' ,@tpCliente_param = 'A Clientes' ,@dsCodigoDestinos_param = '''Viaje'',null,3328' 
10/01/2017 23:45:16 | Exec sp_obtenerComision_v4_7 @tpComprobante_param = 'FA' ,@vlTotalGeneral_param = 3328 ,@tpComision_param = 'A Clientes' ,@tpCliente_param = 'A Clientes' ,@dsCodigoDestinos_param = '''Viaje'',null,3328' 
10/01/2017 23:45:18 |  SELECT TB_Proveedores.nmNombre ,TB_Proveedores.nmApellido  FROM TB_Proveedores  WHERE TB_Proveedores.tpCategoria = 'Licenciatario'  AND  TB_Proveedores.nrLicencia = 123  AND  TB_Proveedores.flEliminar = 0  
10/01/2017 23:45:23 |  SELECT TB_Proveedores.nmNombre ,TB_Proveedores.nmApellido  FROM TB_Proveedores  WHERE TB_Proveedores.tpCategoria = 'Licenciatario'  AND  TB_Proveedores.nrLicencia = 123  AND  TB_Proveedores.flEliminar = 0  
10/01/2017 23:45:28 |  SELECT TB_Proveedores.nmNombre ,TB_Proveedores.nmApellido  FROM TB_Proveedores  WHERE TB_Proveedores.tpCategoria = 'Licenciatario'  AND  TB_Proveedores.nrLicencia = 10  AND  TB_Proveedores.flEliminar = 0  
10/01/2017 23:45:31 | Exec SP_Supera_KM_IVA_segunMonto_2_0 @tpCategoriaIVA_param = 'CF' ,@vlKilometros_param = 275 ,@vlMonto_param = 3618 
10/01/2017 23:45:31 | Exec SP_Supera_KM_IVA_segunMonto_2_0 @tpCategoriaIVA_param = 'CF' ,@vlKilometros_param = 275 ,@vlMonto_param = 3618 
10/01/2017 23:45:31 | Exec SP_obtenerAlicuotaIVA @tpCategoriaIVA_param = 'CF' 
10/01/2017 23:45:31 | Exec SP_CalcularIVA @tpCategoriaIVA_param = 'CF' ,@vlMonto_param = 3618 ,@vlAlicuota_param = 21 ,@precio_menos_iva_param = 1 
10/01/2017 23:45:31 | Exec SP_obtenerAlicuotaIVA @tpCategoriaIVA_param = 'CF' 
10/01/2017 23:45:31 | Exec SP_CalcularSubtotalIVA @tpCategoriaIVA_param = 'CF' ,@vlMonto_param = 3618 ,@vlAlicuota_param = 21 
10/01/2017 23:45:31 | Exec sp_obtenerComision_v4_7 @tpComprobante_param = 'FA' ,@vlTotalGeneral_param = 3618 ,@tpComision_param = 'A Clientes' ,@tpCliente_param = 'A Clientes' ,@dsCodigoDestinos_param = '''Viaje'',null,3328' 
10/01/2017 23:45:31 | Exec sp_obtenerComision_v4_7 @tpComprobante_param = 'FA' ,@vlTotalGeneral_param = 3618 ,@tpComision_param = 'A Clientes' ,@tpCliente_param = 'A Clientes' ,@dsCodigoDestinos_param = '''Viaje'',null,3328' 
10/01/2017 23:45:32 |  SELECT TB_Proveedores.nmNombre ,TB_Proveedores.nmApellido  FROM TB_Proveedores  WHERE TB_Proveedores.tpCategoria = 'Licenciatario'  AND  TB_Proveedores.nrLicencia = 10  AND  TB_Proveedores.flEliminar = 0  
10/01/2017 23:45:34 |  SELECT tb_parametros.dsParametro ,tb_parametros.vlParametro ,tb_parametros.tpParametro ,tb_parametros.flEditable ,tb_parametros.nrTamanio ,tb_parametros.dtActualizacion  FROM tb_parametros  WHERE tb_parametros.dsParametro = 'CALCULA_IVA_LIC_990'  
10/01/2017 23:45:34 | Exec SP_Supera_KM_IVA_segunMonto_2_0 @tpCategoriaIVA_param = 'CF' ,@vlKilometros_param = 275 ,@vlMonto_param = 3618 
10/01/2017 23:45:34 | Exec SP_Supera_KM_IVA_segunMonto_2_0 @tpCategoriaIVA_param = 'CF' ,@vlKilometros_param = 275 ,@vlMonto_param = 3618 
10/01/2017 23:45:35 | Exec SP_obtenerAlicuotaIVA @tpCategoriaIVA_param = 'CF' 
10/01/2017 23:45:35 | Exec SP_CalcularIVA @tpCategoriaIVA_param = 'CF' ,@vlMonto_param = 3618 ,@vlAlicuota_param = 21 ,@precio_menos_iva_param = 1 
10/01/2017 23:45:35 | Exec SP_obtenerAlicuotaIVA @tpCategoriaIVA_param = 'CF' 
10/01/2017 23:45:35 | Exec SP_CalcularSubtotalIVA @tpCategoriaIVA_param = 'CF' ,@vlMonto_param = 3618 ,@vlAlicuota_param = 21 
10/01/2017 23:45:35 | Exec sp_obtenerComision_v4_7 @tpComprobante_param = 'FA' ,@vlTotalGeneral_param = 3618 ,@tpComision_param = 'A Clientes' ,@tpCliente_param = 'A Clientes' ,@dsCodigoDestinos_param = '''Viaje'',null,3328' 
10/01/2017 23:45:35 | Exec sp_obtenerComision_v4_7 @tpComprobante_param = 'FA' ,@vlTotalGeneral_param = 3618 ,@tpComision_param = 'A Clientes' ,@tpCliente_param = 'A Clientes' ,@dsCodigoDestinos_param = '''Viaje'',null,3328' 
10/01/2017 23:45:35 |  SELECT tb_parametros.dsParametro ,tb_parametros.vlParametro ,tb_parametros.tpParametro ,tb_parametros.flEditable ,tb_parametros.nrTamanio ,tb_parametros.dtActualizacion  FROM tb_parametros  WHERE tb_parametros.dsParametro = 'MONTO_EXIGE_CUIT_CUIL'  
10/01/2017 23:45:35 |  SELECT TB_Cajas.nrCaja  FROM TB_Cajas  WHERE TB_Cajas.nrCaja = 1000010109  AND  TB_Cajas.flEstado = 0  
10/01/2017 23:45:35 | Exec sp_eliminarFisicamenteunComprobanteEliminadoLogicamente_v2_5 @nrTalonario_param = '0006' ,@nrComprobante_param = '00633588' ,@tpComprobante_param = 'FA' ,@tpLetra_param = 'B' 
10/01/2017 23:45:35 | Exec spu_obtener_puntosdeventa_facturacion_v4_7 @nrPuesto_param = 1 ,@tipo_iva = 'CF' ,@auto_impresor = 'S' ,@tpFormadePago = null ,@tpComprobante = 'FA' 
10/01/2017 23:45:35 |  INSERT TB_Comprobantes (nrComprobante ,nrTalonario ,vlPagoReales ,nrDoc ,tpLetra ,cdCliente ,dsRazonSocial ,vlTotalGeneral ,dsLeyenda ,vlPagoEuros ,nmEmpleado ,nrPuesto ,nrCaja ,nrLicencia ,nrBultos ,nrPasajeros ,tpComprobante ,vlPagoDolares ,vlPagoPesos ,nmLicenciatario ,dtComprobante ,dsEmail ,vlSubtotal ,vlIVA ,cdCondVenta ,tpComision ,tpIVA ,dsOpcional3 ,cdCodBar ,dtCaja ,dtInsercion ,dsOpcional1 ,nrCAI ,dtVencimiento ,vlDiaDolar ,vlDiaEuro ,vlDiaReal ,dsOpcional2 ,dsUsuario ,flSincronizado ,flManual ,nrTarjeta ,tpDocTarjeta ,nrDocTarjeta )  VALUES ('00633588' ,'0006' ,0.00 ,null ,'B' ,1 ,'Consumidor Final' ,3618.00 ,null ,0.00 ,'BARBARA FAZZALARI' ,1 ,1000010109 ,10 ,null ,null ,'FA' ,0.00 ,0.00 ,'MARTINEZ IRMA' ,'10/01/2017' ,null ,2990.08 ,627.92 ,'Todo Pago' ,'A Clientes' ,'CF' ,'307082499190100063506310668186314012017' ,'000600633588010' ,'10/01/2017 11:45:35' ,'10/01/2017 11:45:35' ,'23:45' ,'35063106681863' ,'14/01/2017' ,9.1 ,10 ,3.21 ,'JUNIN -  BS. AS.  (1 DESTINO) ' ,'BFAZZALARI' ,0 ,'N' ,null ,null ,null )
10/01/2017 23:45:35 |  UPDATE DiccionariodeDatos SET DiccionariodeDatos.vlPuesto1  = '633588'   WHERE DiccionariodeDatos.nmTabla = 'TB_Comprobantes'  AND  DiccionariodeDatos.nmCampo = 'nrComprobante'  
10/01/2017 23:45:35 |  INSERT TB_ComprobantesDetalle (nrTalonario ,nrComprobante ,tpComprobante ,tpLetra ,nrItem ,cdProducto ,dsProducto ,tpOperacion ,vlPorcentaje ,vlPrecioPeaje ,vlKilometros ,vlPrecioViaje ,vlPrecioTC ,vlPrecioTD ,vlRecargoTC ,vlRecargoTD ,dtInsercion ,flSincronizado ,nrCaja ,nrPuesto )  VALUES ('0006' ,'00633588' ,'FA' ,'B' ,1 ,20414 ,'JUNIN -  BS. AS.  (1 DESTINO) ' ,'Viaje' ,0 ,0 ,275 ,3328 ,'3618' ,'3614' ,'290' ,'286' ,'10/01/2017' ,0 ,1000010109 ,1 )
10/01/2017 23:45:35 | Exec sp_obtenerComision_v4_7 @tpComprobante_param = 'FA' ,@vlTotalGeneral_param = 3618 ,@tpComision_param = 'A Clientes' ,@tpCliente_param = 'A Clientes' ,@dsCodigoDestinos_param = '''Viaje'',null,3328' 
10/01/2017 23:45:35 | Exec SP_ObtenerMaxnrCupon_v2_7 
10/01/2017 23:45:35 |  INSERT TB_Cupones (nrTalonarioCliente ,nrComprabanteCliente ,tpComprobanteCliente ,tpLetraCliente ,cdCliente ,nrPuesto ,nrLicencia ,nmLicenciatario ,vlMontoCupon ,vlPagoPesos ,vlPagoDolares ,vlPagoEuros ,vlPagoReales ,nrCantidadBultos ,tpCupon ,dsDestino ,dsHoraViaje ,dsLeyenda ,flCobradoalCliente ,flCompensado ,vlaFavordelLicenciatario ,vlafavorAdmin ,vlComision ,dtCajaCliente ,nrCajaCliente ,dtCupon ,dsUsuario ,nrPasajeros ,flSincronizado ,vlIVA ,vlSubtotal ,cdCodBar ,nrCupon ,nrTarjeta ,tpDocTarjeta ,nrDocTarjeta ,vlRecargoTarjeta )  VALUES ('0006' ,'00633588' ,'FA' ,'B' ,1 ,1 ,10 ,'MARTINEZ IRMA' ,3618.00 ,0.00 ,0.00 ,0.00 ,0.00 ,null ,'Todo Pago' ,'JUNIN -  BS. AS.  (1 DESTINO) ' ,'23:45' ,null ,0 ,0 ,3582 ,0 ,36 ,'10/01/2017 11:45:35' ,1000010109 ,'10/01/2017 11:45:35' ,'BFAZZALARI' ,null ,0 ,627.92 ,2990.08 ,'000600633588010' ,96 ,null ,null ,null ,290 )
10/01/2017 23:45:35 |  UPDATE DiccionariodeDatos SET DiccionariodeDatos.vlPuesto1  = '96'   WHERE DiccionariodeDatos.nmTabla = 'TB_Cupones'  AND  DiccionariodeDatos.nmCampo = 'nrCupon'  
10/01/2017 23:45:35 | Exec spu_actualizar_puntosdeventa_facturacion_v4_7 @nrPuesto_param = 1 ,@tipo_iva = 'CF' ,@auto_impresor = 'S' ,@tpFormadePago = null ,@tpComprobante = 'FA' ,@nrComprobante = 633588 
10/01/2017 23:45:35 | Exec SP_PrepararReimpresiondeComprobante_v4_9 @nrTalonario = '0006' ,@nrComprobante = '00633588' ,@tpComprobante = 'FA' ,@tpLetra = 'B' ,@dsUsuario = 'BFAZZALARI' 
10/01/2017 23:45:35 | Exec SP_eliminarTablasImpresion_v4_7 @dsUsuario = 'BFAZZALARI' 
10/01/2017 23:45:49 |  UPDATE TB_Comprobantes SET TB_Comprobantes.nrTarjeta  = '1234' ,TB_Comprobantes.tpDocTarjeta  = 'CUIT' ,TB_Comprobantes.nrDocTarjeta  = '2332323232' ,TB_Comprobantes.nrCuponPosnet  = '23232' ,TB_Comprobantes.vlRecargoTarjeta  = 290   WHERE TB_Comprobantes.tpLetra = 'B'  AND  TB_Comprobantes.tpComprobante = 'FA'  AND  TB_Comprobantes.nrTalonario = '0006'  AND  TB_Comprobantes.nrComprobante = '00633588'  
10/01/2017 23:45:49 |  UPDATE TB_Cupones SET TB_Cupones.nrTarjeta  = '1234' ,TB_Cupones.tpDocTarjeta  = 'CUIT' ,TB_Cupones.nrDocTarjeta  = '2332323232' ,TB_Cupones.nrCuponPosnet  = '23232'   WHERE TB_Cupones.nrCupon = 96  
10/01/2017 23:45:49 | Exec sp_obtenerComision_v4_7 @tpComprobante_param = null ,@vlTotalGeneral_param = 0 ,@tpComision_param = 'A Clientes' ,@tpCliente_param = 'A Clientes' ,@dsCodigoDestinos_param = null 
10/01/2017 23:45:49 | Exec spu_obtener_puntosdeventa_facturacion_v4_7 @nrPuesto_param = 1 ,@tipo_iva = 'CF' ,@auto_impresor = 'S' ,@tpFormadePago = null ,@tpComprobante = 'FA' 
10/01/2017 23:45:49 | Exec spu_obtener_puntosdeventa_facturacion_v4_7 @nrPuesto_param = 1 ,@tipo_iva = 'CF' ,@auto_impresor = 'S' ,@tpFormadePago = null ,@tpComprobante = 'FA' 
10/01/2017 23:45:49 | Exec sp_obtenerComision_v4_7 @tpComprobante_param = 'FA' ,@vlTotalGeneral_param = 0 ,@tpComision_param = 'A Clientes' ,@tpCliente_param = 'A Clientes' ,@dsCodigoDestinos_param = null 
10/01/2017 23:45:49 | Exec sp_obtenerComision_v4_7 @tpComprobante_param = 'FA' ,@vlTotalGeneral_param = 0 ,@tpComision_param = 'A Clientes' ,@tpCliente_param = 'A Clientes' ,@dsCodigoDestinos_param = null 
10/01/2017 23:45:49 | Exec sp_obtenerComision_v4_7 @tpComprobante_param = 'FA' ,@vlTotalGeneral_param = 0 ,@tpComision_param = 'A Clientes' ,@tpCliente_param = 'A Clientes' ,@dsCodigoDestinos_param = null 
10/01/2017 23:45:53 | Exec sco_AccesosOpcionesMenu @p_tpNivelAcceso = 'Puestos' ,@p_operaconcaja = 1 
10/01/2017 23:45:56 | Exec sco_AccesosOpcionesMenu @p_tpNivelAcceso = 'Puestos' ,@p_operaconcaja = 1 
10/01/2017 23:45:58 |  SELECT TB_Comprobantes.dtComprobante ,TB_Comprobantes.nrComprobante ,TB_Comprobantes.cdCliente ,TB_Comprobantes.cdCodBar ,TB_Comprobantes.nrLicencia ,TB_Comprobantes.nrPuesto ,TB_Comprobantes.nrTalonario ,TB_Comprobantes.tpComprobante ,TB_Comprobantes.nrCaja ,TB_Comprobantes.cdCondVenta ,TB_Comprobantes.nrDoc ,TB_Comprobantes.dsRazonSocial ,TB_Comprobantes.nmLicenciatario ,TB_Comprobantes.dsUsuario ,TB_Comprobantes.dsDomicilio ,TB_Comprobantes.tpComprobante ,TB_Comprobantes.tpLetra ,TB_Comprobantes.flManual  FROM TB_Comprobantes  WHERE  nrComprobante Like ('%%%') AND TB_Comprobantes.flAnulado = 0  AND  TB_Comprobantes.nrCaja = 1000010109  AND  TB_Comprobantes.flEliminar = 0  AND  TB_Comprobantes.dtComprobante >= '10/01/2017 00:00:00'  AND  TB_Comprobantes.dtComprobante <= '10/01/2017 23:59:59'   Order by TB_Comprobantes.nrComprobante ASC 
10/01/2017 23:45:59 | Exec sco_AccesosOpcionesMenu @p_tpNivelAcceso = 'Puestos' ,@p_operaconcaja = 1 
10/01/2017 23:46:01 | Exec sco_cajapuesto_v3_9 @nrCaja_param = 1000010109 
10/01/2017 23:46:01 |  SELECT tb_parametros.dsParametro ,tb_parametros.vlParametro ,tb_parametros.tpParametro ,tb_parametros.flEditable ,tb_parametros.nrTamanio ,tb_parametros.dtActualizacion  FROM tb_parametros  WHERE tb_parametros.dsParametro = 'PORC_RECARGO_TD'  
10/01/2017 23:46:01 |  SELECT tb_parametros.dsParametro ,tb_parametros.vlParametro ,tb_parametros.tpParametro ,tb_parametros.flEditable ,tb_parametros.nrTamanio ,tb_parametros.dtActualizacion  FROM tb_parametros  WHERE tb_parametros.dsParametro = 'PORC_RECARGO_TC'  
10/01/2017 23:46:01 |  SELECT tb_parametros.dsParametro ,tb_parametros.vlParametro ,tb_parametros.tpParametro ,tb_parametros.flEditable ,tb_parametros.nrTamanio ,tb_parametros.dtActualizacion  FROM tb_parametros  WHERE tb_parametros.dsParametro = 'PORC_RECARGO_TP'  
10/01/2017 23:46:01 | Exec sp_obtenerComision_v4_7 @tpComprobante_param = null ,@vlTotalGeneral_param = 0 ,@tpComision_param = null ,@tpCliente_param = null ,@dsCodigoDestinos_param = null 
10/01/2017 23:46:01 | Exec sp_obtenerComision_v4_7 @tpComprobante_param = null ,@vlTotalGeneral_param = 0 ,@tpComision_param = 'A Clientes' ,@tpCliente_param = 'A Clientes' ,@dsCodigoDestinos_param = null 
10/01/2017 23:46:01 | Exec spu_obtener_puntosdeventa_facturacion_v4_7 @nrPuesto_param = 1 ,@tipo_iva = 'CF' ,@auto_impresor = 'S' ,@tpFormadePago = null ,@tpComprobante = 'FA' 
10/01/2017 23:46:01 | Exec sp_obtenerComision_v4_7 @tpComprobante_param = 'FA' ,@vlTotalGeneral_param = 0 ,@tpComision_param = 'A Clientes' ,@tpCliente_param = 'A Clientes' ,@dsCodigoDestinos_param = null 
10/01/2017 23:46:01 | Exec spu_obtener_puntosdeventa_facturacion_v4_7 @nrPuesto_param = 1 ,@tipo_iva = 'CF' ,@auto_impresor = 'S' ,@tpFormadePago = null ,@tpComprobante = 'FA' 
10/01/2017 23:46:01 | Exec spu_obtener_puntosdeventa_facturacion_v4_7 @nrPuesto_param = 1 ,@tipo_iva = 'CF' ,@auto_impresor = 'S' ,@tpFormadePago = null ,@tpComprobante = 'FA' 
10/01/2017 23:46:01 | Exec sp_obtenerComision_v4_7 @tpComprobante_param = 'FA' ,@vlTotalGeneral_param = 0 ,@tpComision_param = 'A Clientes' ,@tpCliente_param = 'A Clientes' ,@dsCodigoDestinos_param = null 
10/01/2017 23:46:01 | Exec sp_obtenerComision_v4_7 @tpComprobante_param = 'FA' ,@vlTotalGeneral_param = 0 ,@tpComision_param = 'A Clientes' ,@tpCliente_param = 'A Clientes' ,@dsCodigoDestinos_param = null 
10/01/2017 23:46:01 | Exec sp_obtenerComision_v4_7 @tpComprobante_param = 'FA' ,@vlTotalGeneral_param = 0 ,@tpComision_param = 'A Clientes' ,@tpCliente_param = 'A Clientes' ,@dsCodigoDestinos_param = null 
10/01/2017 23:46:08 |  SELECT tb_parametros.dsParametro ,tb_parametros.vlParametro ,tb_parametros.tpParametro ,tb_parametros.flEditable ,tb_parametros.nrTamanio ,tb_parametros.dtActualizacion  FROM tb_parametros  WHERE tb_parametros.dsParametro = 'PORC_RECARGO_TD'  
10/01/2017 23:46:08 |  SELECT tb_parametros.dsParametro ,tb_parametros.vlParametro ,tb_parametros.tpParametro ,tb_parametros.flEditable ,tb_parametros.nrTamanio ,tb_parametros.dtActualizacion  FROM tb_parametros  WHERE tb_parametros.dsParametro = 'PORC_RECARGO_TC'  
10/01/2017 23:46:08 |  SELECT tb_parametros.dsParametro ,tb_parametros.vlParametro ,tb_parametros.tpParametro ,tb_parametros.flEditable ,tb_parametros.nrTamanio ,tb_parametros.dtActualizacion  FROM tb_parametros  WHERE tb_parametros.dsParametro = 'PORC_RECARGO_TP'  
10/01/2017 23:46:08 | Exec SP_Supera_KM_IVA_segunMonto_2_0 @tpCategoriaIVA_param = 'CF' ,@vlKilometros_param = 0 ,@vlMonto_param = 540 
10/01/2017 23:46:08 | Exec sp_obtenerComision_v4_7 @tpComprobante_param = 'FA' ,@vlTotalGeneral_param = 540 ,@tpComision_param = 'A Clientes' ,@tpCliente_param = 'A Clientes' ,@dsCodigoDestinos_param = '''Viaje'',null,540' 
10/01/2017 23:46:08 | Exec sp_obtenerComision_v4_7 @tpComprobante_param = 'FA' ,@vlTotalGeneral_param = 540 ,@tpComision_param = 'A Clientes' ,@tpCliente_param = 'A Clientes' ,@dsCodigoDestinos_param = '''Viaje'',null,540' 
10/01/2017 23:46:08 | Exec sp_obtenerComision_v4_7 @tpComprobante_param = 'FA' ,@vlTotalGeneral_param = 540 ,@tpComision_param = 'A Clientes' ,@tpCliente_param = 'A Clientes' ,@dsCodigoDestinos_param = '''Viaje'',null,540' 
10/01/2017 23:46:08 | Exec SP_Supera_KM_IVA_segunMonto_2_0 @tpCategoriaIVA_param = 'CF' ,@vlKilometros_param = 0 ,@vlMonto_param = 540 
10/01/2017 23:46:08 | Exec sp_obtenerComision_v4_7 @tpComprobante_param = 'FA' ,@vlTotalGeneral_param = 540 ,@tpComision_param = 'A Clientes' ,@tpCliente_param = 'A Clientes' ,@dsCodigoDestinos_param = '''Viaje'',null,540' 
10/01/2017 23:46:09 | Exec SP_Supera_KM_IVA_segunMonto_2_0 @tpCategoriaIVA_param = 'CF' ,@vlKilometros_param = 0 ,@vlMonto_param = 540 
10/01/2017 23:46:09 | Exec sp_obtenerComision_v4_7 @tpComprobante_param = 'FA' ,@vlTotalGeneral_param = 540 ,@tpComision_param = 'A Clientes' ,@tpCliente_param = 'A Clientes' ,@dsCodigoDestinos_param = '''Viaje'',null,540' 
10/01/2017 23:46:09 | Exec sp_obtenerComision_v4_7 @tpComprobante_param = 'FA' ,@vlTotalGeneral_param = 540 ,@tpComision_param = 'A Clientes' ,@tpCliente_param = 'A Clientes' ,@dsCodigoDestinos_param = '''Viaje'',null,540' 
10/01/2017 23:46:09 | Exec sp_obtenerComision_v4_7 @tpComprobante_param = 'FA' ,@vlTotalGeneral_param = 540 ,@tpComision_param = 'A Clientes' ,@tpCliente_param = 'A Clientes' ,@dsCodigoDestinos_param = '''Viaje'',null,540' 
10/01/2017 23:46:12 | Exec SP_Supera_KM_IVA_segunMonto_2_0 @tpCategoriaIVA_param = 'CF' ,@vlKilometros_param = 0 ,@vlMonto_param = 587 
10/01/2017 23:46:12 | Exec sp_obtenerComision_v4_7 @tpComprobante_param = 'FA' ,@vlTotalGeneral_param = 587 ,@tpComision_param = 'A Clientes' ,@tpCliente_param = 'A Clientes' ,@dsCodigoDestinos_param = '''Viaje'',null,540' 
10/01/2017 23:46:12 | Exec sp_obtenerComision_v4_7 @tpComprobante_param = 'FA' ,@vlTotalGeneral_param = 587 ,@tpComision_param = 'A Clientes' ,@tpCliente_param = 'A Clientes' ,@dsCodigoDestinos_param = '''Viaje'',null,540' 
10/01/2017 23:46:15 |  SELECT TB_Proveedores.nmNombre ,TB_Proveedores.nmApellido  FROM TB_Proveedores  WHERE TB_Proveedores.tpCategoria = 'Licenciatario'  AND  TB_Proveedores.nrLicencia = 12  AND  TB_Proveedores.flEliminar = 0  
10/01/2017 23:46:16 |  SELECT tb_parametros.dsParametro ,tb_parametros.vlParametro ,tb_parametros.tpParametro ,tb_parametros.flEditable ,tb_parametros.nrTamanio ,tb_parametros.dtActualizacion  FROM tb_parametros  WHERE tb_parametros.dsParametro = 'CALCULA_IVA_LIC_990'  
10/01/2017 23:46:17 | Exec SP_Supera_KM_IVA_segunMonto_2_0 @tpCategoriaIVA_param = 'CF' ,@vlKilometros_param = 0 ,@vlMonto_param = 587 
10/01/2017 23:46:17 | Exec sp_obtenerComision_v4_7 @tpComprobante_param = 'FA' ,@vlTotalGeneral_param = 587 ,@tpComision_param = 'A Clientes' ,@tpCliente_param = 'A Clientes' ,@dsCodigoDestinos_param = '''Viaje'',null,540' 
10/01/2017 23:46:17 | Exec sp_obtenerComision_v4_7 @tpComprobante_param = 'FA' ,@vlTotalGeneral_param = 587 ,@tpComision_param = 'A Clientes' ,@tpCliente_param = 'A Clientes' ,@dsCodigoDestinos_param = '''Viaje'',null,540' 
10/01/2017 23:46:17 |  SELECT tb_parametros.dsParametro ,tb_parametros.vlParametro ,tb_parametros.tpParametro ,tb_parametros.flEditable ,tb_parametros.nrTamanio ,tb_parametros.dtActualizacion  FROM tb_parametros  WHERE tb_parametros.dsParametro = 'MONTO_EXIGE_CUIT_CUIL'  
10/01/2017 23:46:17 |  SELECT TB_Cajas.nrCaja  FROM TB_Cajas  WHERE TB_Cajas.nrCaja = 1000010109  AND  TB_Cajas.flEstado = 0  
10/01/2017 23:46:17 | Exec sp_eliminarFisicamenteunComprobanteEliminadoLogicamente_v2_5 @nrTalonario_param = '0006' ,@nrComprobante_param = '00633589' ,@tpComprobante_param = 'FA' ,@tpLetra_param = 'B' 
10/01/2017 23:46:17 | Exec spu_obtener_puntosdeventa_facturacion_v4_7 @nrPuesto_param = 1 ,@tipo_iva = 'CF' ,@auto_impresor = 'S' ,@tpFormadePago = null ,@tpComprobante = 'FA' 
10/01/2017 23:46:17 |  INSERT TB_Comprobantes (nrComprobante ,nrTalonario ,vlPagoReales ,nrDoc ,tpLetra ,cdCliente ,dsRazonSocial ,vlTotalGeneral ,dsLeyenda ,vlPagoEuros ,nmEmpleado ,nrPuesto ,nrCaja ,nrLicencia ,nrBultos ,nrPasajeros ,tpComprobante ,vlPagoDolares ,vlPagoPesos ,nmLicenciatario ,dtComprobante ,dsEmail ,vlSubtotal ,vlIVA ,cdCondVenta ,tpComision ,tpIVA ,dsOpcional3 ,cdCodBar ,dtCaja ,dtInsercion ,dsOpcional1 ,nrCAI ,dtVencimiento ,vlDiaDolar ,vlDiaEuro ,vlDiaReal ,dsOpcional2 ,dsUsuario ,flSincronizado ,flManual ,nrTarjeta ,tpDocTarjeta ,nrDocTarjeta )  VALUES ('00633589' ,'0006' ,0.00 ,null ,'B' ,1 ,'Consumidor Final' ,587.00 ,null ,0.00 ,'BARBARA FAZZALARI' ,1 ,1000010109 ,12 ,null ,null ,'FA' ,0.00 ,0.00 ,'ABEGAO CARLOS' ,'10/01/2017' ,null ,587.00 ,0.00 ,'Todo Pago' ,'A Clientes' ,'CF' ,'307082499190100063506310668186314012017' ,'000600633589012' ,'10/01/2017 11:46:17' ,'10/01/2017 11:46:17' ,'23:46' ,'35063106681863' ,'14/01/2017' ,9.1 ,10 ,3.21 ,'LOMAS DE SAN ISIDRO CON PEAJES  (1 DESTINO) ' ,'BFAZZALARI' ,0 ,'N' ,null ,null ,null )
10/01/2017 23:46:17 |  UPDATE DiccionariodeDatos SET DiccionariodeDatos.vlPuesto1  = '633589'   WHERE DiccionariodeDatos.nmTabla = 'TB_Comprobantes'  AND  DiccionariodeDatos.nmCampo = 'nrComprobante'  
10/01/2017 23:46:17 |  INSERT TB_ComprobantesDetalle (nrTalonario ,nrComprobante ,tpComprobante ,tpLetra ,nrItem ,cdProducto ,dsProducto ,tpOperacion ,vlPorcentaje ,vlPrecioPeaje ,vlKilometros ,vlPrecioViaje ,vlPrecioTC ,vlPrecioTD ,vlRecargoTC ,vlRecargoTD ,dtInsercion ,flSincronizado ,nrCaja ,nrPuesto )  VALUES ('0006' ,'00633589' ,'FA' ,'B' ,1 ,90163 ,'LOMAS DE SAN ISIDRO CON PEAJES  (1 DESTINO) ' ,'Viaje' ,null ,0 ,0 ,540 ,'587' ,'586' ,'47' ,'46' ,'10/01/2017' ,0 ,1000010109 ,1 )
10/01/2017 23:46:17 | Exec sp_obtenerComision_v4_7 @tpComprobante_param = 'FA' ,@vlTotalGeneral_param = 587 ,@tpComision_param = 'A Clientes' ,@tpCliente_param = 'A Clientes' ,@dsCodigoDestinos_param = '''Viaje'',null,540' 
10/01/2017 23:46:17 | Exec SP_ObtenerMaxnrCupon_v2_7 
10/01/2017 23:46:17 |  INSERT TB_Cupones (nrTalonarioCliente ,nrComprabanteCliente ,tpComprobanteCliente ,tpLetraCliente ,cdCliente ,nrPuesto ,nrLicencia ,nmLicenciatario ,vlMontoCupon ,vlPagoPesos ,vlPagoDolares ,vlPagoEuros ,vlPagoReales ,nrCantidadBultos ,tpCupon ,dsDestino ,dsHoraViaje ,dsLeyenda ,flCobradoalCliente ,flCompensado ,vlaFavordelLicenciatario ,vlafavorAdmin ,vlComision ,dtCajaCliente ,nrCajaCliente ,dtCupon ,dsUsuario ,nrPasajeros ,flSincronizado ,vlIVA ,vlSubtotal ,cdCodBar ,nrCupon ,nrTarjeta ,tpDocTarjeta ,nrDocTarjeta ,vlRecargoTarjeta )  VALUES ('0006' ,'00633589' ,'FA' ,'B' ,1 ,1 ,12 ,'ABEGAO CARLOS' ,587.00 ,0.00 ,0.00 ,0.00 ,0.00 ,null ,'Todo Pago' ,'LOMAS DE SAN ISIDRO CON PEAJES  (1 DESTINO) ' ,'23:46' ,null ,0 ,0 ,551 ,0 ,36 ,'10/01/2017 11:46:17' ,1000010109 ,'10/01/2017 11:46:17' ,'BFAZZALARI' ,null ,0 ,0.00 ,587.00 ,'000600633589012' ,97 ,null ,null ,null ,47 )
10/01/2017 23:46:17 |  UPDATE DiccionariodeDatos SET DiccionariodeDatos.vlPuesto1  = '97'   WHERE DiccionariodeDatos.nmTabla = 'TB_Cupones'  AND  DiccionariodeDatos.nmCampo = 'nrCupon'  
10/01/2017 23:46:17 | Exec spu_actualizar_puntosdeventa_facturacion_v4_7 @nrPuesto_param = 1 ,@tipo_iva = 'CF' ,@auto_impresor = 'S' ,@tpFormadePago = null ,@tpComprobante = 'FA' ,@nrComprobante = 633589 
10/01/2017 23:46:17 | Exec SP_PrepararReimpresiondeComprobante_v4_9 @nrTalonario = '0006' ,@nrComprobante = '00633589' ,@tpComprobante = 'FA' ,@tpLetra = 'B' ,@dsUsuario = 'BFAZZALARI' 
10/01/2017 23:46:17 | Exec SP_eliminarTablasImpresion_v4_7 @dsUsuario = 'BFAZZALARI' 
10/01/2017 23:46:32 |  UPDATE TB_Comprobantes SET TB_Comprobantes.nrTarjeta  = '2355' ,TB_Comprobantes.tpDocTarjeta  = 'DNI' ,TB_Comprobantes.nrDocTarjeta  = '23433344' ,TB_Comprobantes.nrCuponPosnet  = '21343' ,TB_Comprobantes.vlRecargoTarjeta  = 47   WHERE TB_Comprobantes.tpLetra = 'B'  AND  TB_Comprobantes.tpComprobante = 'FA'  AND  TB_Comprobantes.nrTalonario = '0006'  AND  TB_Comprobantes.nrComprobante = '00633589'  
10/01/2017 23:46:33 |  UPDATE TB_Cupones SET TB_Cupones.nrTarjeta  = '2355' ,TB_Cupones.tpDocTarjeta  = 'DNI' ,TB_Cupones.nrDocTarjeta  = '23433344' ,TB_Cupones.nrCuponPosnet  = '21343'   WHERE TB_Cupones.nrCupon = 97  
10/01/2017 23:46:33 | Exec sp_obtenerComision_v4_7 @tpComprobante_param = null ,@vlTotalGeneral_param = 0 ,@tpComision_param = 'A Clientes' ,@tpCliente_param = 'A Clientes' ,@dsCodigoDestinos_param = null 
10/01/2017 23:46:33 | Exec spu_obtener_puntosdeventa_facturacion_v4_7 @nrPuesto_param = 1 ,@tipo_iva = 'CF' ,@auto_impresor = 'S' ,@tpFormadePago = null ,@tpComprobante = 'FA' 
10/01/2017 23:46:33 | Exec spu_obtener_puntosdeventa_facturacion_v4_7 @nrPuesto_param = 1 ,@tipo_iva = 'CF' ,@auto_impresor = 'S' ,@tpFormadePago = null ,@tpComprobante = 'FA' 
10/01/2017 23:46:33 | Exec sp_obtenerComision_v4_7 @tpComprobante_param = 'FA' ,@vlTotalGeneral_param = 0 ,@tpComision_param = 'A Clientes' ,@tpCliente_param = 'A Clientes' ,@dsCodigoDestinos_param = null 
10/01/2017 23:46:33 | Exec sp_obtenerComision_v4_7 @tpComprobante_param = 'FA' ,@vlTotalGeneral_param = 0 ,@tpComision_param = 'A Clientes' ,@tpCliente_param = 'A Clientes' ,@dsCodigoDestinos_param = null 
10/01/2017 23:46:33 | Exec sp_obtenerComision_v4_7 @tpComprobante_param = 'FA' ,@vlTotalGeneral_param = 0 ,@tpComision_param = 'A Clientes' ,@tpCliente_param = 'A Clientes' ,@dsCodigoDestinos_param = null 
10/01/2017 23:46:36 | Exec sco_AccesosOpcionesMenu @p_tpNivelAcceso = 'Puestos' ,@p_operaconcaja = 1 
10/01/2017 23:46:38 |  SELECT TB_Cajas.nrCaja  FROM TB_Cajas  WHERE TB_Cajas.nrCaja = 1000010109  AND  TB_Cajas.flEstado = 0  
10/01/2017 23:46:38 |  SELECT tb_parametros.dsParametro ,tb_parametros.vlParametro ,tb_parametros.tpParametro ,tb_parametros.flEditable ,tb_parametros.nrTamanio ,tb_parametros.dtActualizacion  FROM tb_parametros  WHERE tb_parametros.dsParametro = 'FONDO_FIJO_MINIMO'  
10/01/2017 23:46:38 |  SELECT TB_Cajas.vlSaldoInicialPesos ,TB_Cajas.vlSaldoInicialDolares ,TB_Cajas.vlSaldoInicialEuros ,TB_Cajas.vlSaldoInicialReales ,TB_Cajas.vlDiaEuro ,TB_Cajas.vlDiaDolar ,TB_Cajas.vlDiaReal ,TB_Cajas.dsUsuario ,TB_Cajas.dtApertura ,TB_Cajas.dtCierre  FROM TB_Cajas  WHERE TB_Cajas.nrCaja = 1000010109  
10/01/2017 23:46:38 | Exec SP_SumaCajaPuestosCondVenta_v3_7 @pnrCaja_param = 1000010109 
10/01/2017 23:46:38 | Exec sco_cajapuesto_v3_9 @nrCaja_param = 1000010109 
10/01/2017 23:46:38 | Exec SP_SumaCajaPuestosCondVenta_v3_7 @pnrCaja_param = 1000010109 
10/01/2017 23:46:40 | Exec SP_SumaCajaPuestosCondVenta_v3_7 @pnrCaja_param = 1000010109 
10/01/2017 23:46:42 | Exec SP_SumaCajaPuestosCondVenta_v3_7 @pnrCaja_param = 1000010109 
10/01/2017 23:46:43 | Exec SP_SumaCajaPuestosCondVenta_v3_7 @pnrCaja_param = 1000010109 
10/01/2017 23:46:56 | Exec SP_SumaCajaPuestosCondVenta_v3_7 @pnrCaja_param = 1000010109 
10/01/2017 23:46:57 | Exec SP_SumaCajaPuestosCondVenta_v3_7 @pnrCaja_param = 1000010109 
10/01/2017 23:47:00 | Exec SP_SumaCajaPuestosCondVenta_v3_7 @pnrCaja_param = 1000010109 
10/01/2017 23:47:00 | Exec SP_SumaCajaPuestosCondVenta_v3_7 @pnrCaja_param = 1000010109 
10/01/2017 23:47:02 | Exec SP_SumaCajaPuestosCondVenta_v3_7 @pnrCaja_param = 1000010109 
10/01/2017 23:47:03 | Exec SP_SumaCajaPuestosCondVenta_v3_7 @pnrCaja_param = 1000010109 
10/01/2017 23:47:04 | Exec SP_SumaCajaPuestosCondVenta_v3_7 @pnrCaja_param = 1000010109 
10/01/2017 23:47:07 | Exec SP_SumaCajaPuestosCondVenta_v3_7 @pnrCaja_param = 1000010109 
10/01/2017 23:47:09 | Exec SP_SumaCajaPuestosCondVenta_v3_7 @pnrCaja_param = 1000010109 
10/01/2017 23:47:10 | Exec SP_SumaCajaPuestosCondVenta_v3_7 @pnrCaja_param = 1000010109 
10/01/2017 23:47:11 |  SELECT TB_Cajas.vlSaldoInicialPesos ,TB_Cajas.vlSaldoInicialDolares ,TB_Cajas.vlSaldoInicialEuros ,TB_Cajas.vlSaldoInicialReales ,TB_Cajas.vlDiaEuro ,TB_Cajas.vlDiaDolar ,TB_Cajas.vlDiaReal ,TB_Cajas.dsUsuario ,TB_Cajas.dtApertura ,TB_Cajas.dtCierre  FROM TB_Cajas  WHERE TB_Cajas.nrCaja = 1000010109  
10/01/2017 23:47:11 | Exec SP_SumaCajaPuestosCondVenta_v3_7 @pnrCaja_param = 1000010109 
10/01/2017 23:47:12 |  UPDATE TB_Cajas SET TB_Cajas.flEstado  = 1 ,TB_Cajas.hrCierre  = '23:47' ,TB_Cajas.flSincronizado  = 1 ,TB_Cajas.vlDiferenciaDeCierre  = 0.00 ,TB_Cajas.dsDiferenciaDeCierre  = null ,TB_Cajas.vlSaldoFinalPesos  = 1000 ,TB_Cajas.vlSaldoFinalDolares  = 100 ,TB_Cajas.vlSaldoFinalEuros  = 50 ,TB_Cajas.vlTotalSaldoFinal  = 2410.00 ,TB_Cajas.vlSaldoFinalRealPesos  = 1000 ,TB_Cajas.vlSaldoFinalRealDolares  = 100.00 ,TB_Cajas.vlSaldoFinalRealEuros  = 50.00 ,TB_Cajas.vlSaldoFinalRealReales  = 0.00 ,TB_Cajas.vlTotalSaldoFinalReal  = 2410.00 ,TB_Cajas.dsObservacion  = null ,TB_Cajas.dtObservacion  = '10/01/2017 11:47:12' ,TB_Cajas.vlCierrePesos  = 0.00 ,TB_Cajas.vlCierreDolares  = 0.00 ,TB_Cajas.vlCierreEuros  = 0.00 ,TB_Cajas.vlCierreReales  = 0.00 ,TB_Cajas.vlFondoFijoPesos  = 1000.00 ,TB_Cajas.vlFondoFijoDolares  = 100.00 ,TB_Cajas.vlFondoFijoEuros  = 50.00 ,TB_Cajas.vlFondoFijoReales  = 0.00 ,TB_Cajas.vlTotalSaldoCierre  = 0.00 ,TB_Cajas.dtCierre  = '10/01/2017 11:47:12'   WHERE TB_Cajas.nrCaja = 1000010109  
10/01/2017 23:47:15 | Exec sco_DiccionariodeDatos @nmtabla_param='rpt_cierredecaja_v4_9_2'
10/01/2017 23:47:15 | Exec rpt_cierredecaja_v4_9_2 @nrCaja_param = 1000010109 
10/01/2017 23:47:15 | Exec sco_AccesosOpcionesMenu @p_tpNivelAcceso = 'Puestos' ,@p_operaconcaja = 1 
