23/06/2017 00:04:08 | Exec  sco_TB_Productos_v4_1 
23/06/2017 00:04:08 | Exec sco_DiccionariodeDatos @nmtabla_param='TB_Usuarios'
23/06/2017 00:04:11 |  SELECT TB_Usuarios.dsUsuario ,TB_Usuarios.dspassword ,TB_Usuarios.tpAcceso ,TB_Usuarios.nmNombre ,TB_Usuarios.nmApellido ,TB_Usuarios.flBloqueado ,TB_Usuarios.tpNivelJerarquico  FROM TB_Usuarios  WHERE TB_Usuarios.dsUsuario = 'CAMILAP'  AND  TB_Usuarios.flEliminar = 0  
23/06/2017 00:04:11 |  SELECT TB_Usuarios.dsUsuario ,TB_Usuarios.dspassword ,TB_Usuarios.tpAcceso ,TB_Usuarios.nmNombre ,TB_Usuarios.nmApellido ,TB_Usuarios.flBloqueado ,TB_Usuarios.tpNivelJerarquico  FROM TB_Usuarios  WHERE TB_Usuarios.dsUsuario = 'CAMILAP'  AND  TB_Usuarios.flEliminar = 0  
23/06/2017 00:04:11 | Exec sco_DiccionariodeDatos @nmtabla_param='sp_obtenerCajasPendientesdeAprobacion_v2_5'
23/06/2017 00:04:11 | Exec sp_obtenerCajasPendientesdeAprobacion_v2_5 @pdsUsuario_param = 'CAMILAP' 
23/06/2017 00:04:11 | Exec sp_obtenerCajasRechazadas_v2_9 
23/06/2017 00:04:11 | Exec sco_DiccionariodeDatos @nmtabla_param='TB_Parametros'
23/06/2017 00:04:11 |  SELECT TB_Parametros.vlParametro  FROM TB_Parametros  WHERE TB_Parametros.dsParametro = 'VALOR EURO'  
23/06/2017 00:04:11 |  SELECT TB_Parametros.vlParametro  FROM TB_Parametros  WHERE TB_Parametros.dsParametro = 'VALOR DOLAR'  
23/06/2017 00:04:11 | Exec SP_ValorPromoRetorno
23/06/2017 00:04:11 | Exec sco_DiccionariodeDatos @nmtabla_param='TB_Comisiones'
23/06/2017 00:04:11 |  SELECT TB_Comisiones.vlMontoMinimo  FROM TB_Comisiones  WHERE TB_Comisiones.tpComision = 'Retorno'  AND  TB_Comisiones.flEliminar = 0  
23/06/2017 00:04:11 |  SELECT TB_Parametros.vlParametro  FROM TB_Parametros  WHERE TB_Parametros.dsParametro = 'VALOR REAL'  
23/06/2017 00:04:11 | Exec sco_DiccionariodeDatos @nmtabla_param='TB_Cajas'
23/06/2017 00:04:11 |  SELECT TB_Cajas.nrCaja  FROM TB_Cajas  WHERE TB_Cajas.dsUsuario = 'CAMILAP'  and  TB_Cajas.flEstado = 0  and  TB_Cajas.tpEstadoAprobacion IS NULL  and  TB_Cajas.nrcaja > 0  
23/06/2017 00:04:13 |  SELECT TB_Cajas.nrCaja ,TB_Cajas.vlTotalSaldoFinal ,TB_Cajas.nrPuesto ,TB_Cajas.dsUsuario ,TB_Cajas.vlSaldoInicialPesos ,TB_Cajas.dtApertura ,TB_Cajas.dtCierre ,TB_Cajas.vlDiaDolar ,TB_Cajas.vlDiaEuro ,TB_Cajas.vlSaldoInicialEuros ,TB_Cajas.vlSaldoInicialDolares ,TB_Cajas.vlSaldoFinalRealPesos ,TB_Cajas.vlTotalSaldoInicial ,TB_Cajas.dtObservacion ,TB_Cajas.vlCierrePesos ,TB_Cajas.vlSaldoFinalRealDolares ,TB_Cajas.vlSaldoFinalRealEuros ,TB_Cajas.vlTotalSaldoFinalReal ,TB_Cajas.vlCierreDolares ,TB_Cajas.vlCierreEuros ,TB_Cajas.dsObservacion ,TB_Cajas.vlDiaReal ,TB_Cajas.flEstado  FROM TB_Cajas  WHERE TB_Cajas.nrCaja = 9000003773  
23/06/2017 00:04:13 | Exec sco_DiccionariodeDatos @nmtabla_param='SP_SumaCajaADM_v2_9'
23/06/2017 00:04:13 | Exec SP_SumaCajaADM_v2_9 @nrCaja_param = 9000003773 ,@tpCaja_param = 'CA' ,@tpCajaImputacion_param = null 
23/06/2017 00:04:13 |  UPDATE TB_Cajas SET TB_Cajas.vlSaldoFinalRealPesos  = -258.92 ,TB_Cajas.vlSaldoFinalRealEuros  = 0.00 ,TB_Cajas.vlSaldoFinalRealDolares  = 0.00 ,TB_Cajas.vlCierrePesos  = -258.92 ,TB_Cajas.vlCierreDolares  = 0 ,TB_Cajas.vlCierreEuros  = 0   WHERE TB_Cajas.nrCaja = 9000003773  
23/06/2017 00:04:14 |  UPDATE TB_Cajas SET TB_Cajas.nrCaja  = 9000003773 ,TB_Cajas.vlTotalSaldoFinal  = -258.92 ,TB_Cajas.nrPuesto  = 9 ,TB_Cajas.dsUsuario  = 'CAMILAP' ,TB_Cajas.vlSaldoInicialPesos  = 0.00 ,TB_Cajas.dtApertura  = '19/08/2015 11:17:24' ,TB_Cajas.dtCierre  = null ,TB_Cajas.vlDiaDolar  = 9.10 ,TB_Cajas.vlDiaEuro  = 10.00 ,TB_Cajas.vlSaldoInicialEuros  = 0.00 ,TB_Cajas.vlSaldoInicialDolares  = 0.00 ,TB_Cajas.vlSaldoFinalRealPesos  = 0.00 ,TB_Cajas.vlTotalSaldoInicial  = 0.00 ,TB_Cajas.dtObservacion  = '23/06/2017 12:04:14' ,TB_Cajas.vlCierrePesos  = -258.92 ,TB_Cajas.vlSaldoFinalRealDolares  = 0.00 ,TB_Cajas.vlSaldoFinalRealEuros  = 0.00 ,TB_Cajas.vlTotalSaldoFinalReal  = -258.92 ,TB_Cajas.vlCierreDolares  = 0 ,TB_Cajas.vlCierreEuros  = 0 ,TB_Cajas.dsObservacion  = null ,TB_Cajas.vlDiaReal  = 3.21 ,TB_Cajas.flCajaAdm  = 1   WHERE TB_Cajas.nrCaja = 9000003773  
23/06/2017 00:04:14 | Exec sco_DiccionariodeDatos @nmtabla_param='VW_UltimaCajaAdm'
23/06/2017 00:04:14 |  SELECT VW_UltimaCajaAdm.nrCaja ,VW_UltimaCajaAdm.vlSaldoFinalRealPesos ,VW_UltimaCajaAdm.vlSaldoFinalRealEuros ,VW_UltimaCajaAdm.vlSaldoFinalRealDolares  FROM VW_UltimaCajaAdm 
23/06/2017 00:04:14 |  SELECT TB_Cajas.nrCaja  FROM TB_Cajas  WHERE TB_Cajas.nrCaja = 9000003773  AND  TB_Cajas.flEstado = 0  
23/06/2017 00:04:14 | Exec sco_DiccionariodeDatos @nmtabla_param='sco_cajapuesto_v3_9'
23/06/2017 00:04:14 | Exec sco_cajapuesto_v3_9 @nrCaja_param = 9000003772 
23/06/2017 00:04:14 | Exec sco_cajapuesto_v3_9 @nrCaja_param = 9000003773 
23/06/2017 00:04:14 | Exec sco_DiccionariodeDatos @nmtabla_param='spu_esdifporCotizacionImputadas_v3_9'
23/06/2017 00:04:14 | Exec spu_esdifporCotizacionImputadas_v3_9 @nrCajaAdmActual = 9000003773 
23/06/2017 00:04:14 | Exec sco_validarVencimientosCAI_v4_1
23/06/2017 00:04:16 | Exec sco_DiccionariodeDatos @nmtabla_param='sco_AccesosOpcionesMenu'
23/06/2017 00:04:16 | Exec sco_AccesosOpcionesMenu @p_tpNivelAcceso = 'Administración' ,@p_operaconcaja = 1 
23/06/2017 00:04:16 | Exec sco_AccesosOpcionesMenu @p_tpNivelAcceso = 'Administración' ,@p_operaconcaja = 1 
23/06/2017 00:04:18 | Exec sco_cajapuesto_v3_9 @nrCaja_param = 9000003773 
23/06/2017 00:04:18 |  SELECT tb_parametros.dsParametro ,tb_parametros.vlParametro ,tb_parametros.tpParametro ,tb_parametros.flEditable ,tb_parametros.nrTamanio ,tb_parametros.dtActualizacion  FROM tb_parametros  WHERE tb_parametros.dsParametro = 'PUESTO_FACTURACION_ND'  
23/06/2017 00:04:18 |  SELECT tb_parametros.dsParametro ,tb_parametros.vlParametro ,tb_parametros.tpParametro ,tb_parametros.flEditable ,tb_parametros.nrTamanio ,tb_parametros.dtActualizacion  FROM tb_parametros  WHERE tb_parametros.dsParametro = 'PORC_RECARGO_TD'  
23/06/2017 00:04:18 |  SELECT tb_parametros.dsParametro ,tb_parametros.vlParametro ,tb_parametros.tpParametro ,tb_parametros.flEditable ,tb_parametros.nrTamanio ,tb_parametros.dtActualizacion  FROM tb_parametros  WHERE tb_parametros.dsParametro = 'PORC_RECARGO_TC'  
23/06/2017 00:04:18 |  SELECT tb_parametros.dsParametro ,tb_parametros.vlParametro ,tb_parametros.tpParametro ,tb_parametros.flEditable ,tb_parametros.nrTamanio ,tb_parametros.dtActualizacion  FROM tb_parametros  WHERE tb_parametros.dsParametro = 'PORC_RECARGO_TP'  
23/06/2017 00:04:18 | Exec sco_DiccionariodeDatos @nmtabla_param='TB_Comprobantes'
23/06/2017 00:04:18 | Exec sco_DiccionariodeDatos @nmtabla_param='sp_obtenerComision_v4_7'
23/06/2017 00:04:18 | Exec sp_obtenerComision_v4_7 @tpComprobante_param = null ,@vlTotalGeneral_param = 0 ,@tpComision_param = null ,@tpCliente_param = null ,@dsCodigoDestinos_param = null 
23/06/2017 00:04:18 | Exec sp_obtenerComision_v4_7 @tpComprobante_param = null ,@vlTotalGeneral_param = 0 ,@tpComision_param = 'A Clientes' ,@tpCliente_param = 'A Clientes' ,@dsCodigoDestinos_param = null 
23/06/2017 00:04:18 | Exec sco_DiccionariodeDatos @nmtabla_param='TB_Proveedores'
23/06/2017 00:04:18 |  SELECT TB_Proveedores.nmNombre ,TB_Proveedores.nmApellido  FROM TB_Proveedores  WHERE TB_Proveedores.tpCategoria = 'Licenciatario'  AND  TB_Proveedores.nrLicencia = 999  AND  TB_Proveedores.flEliminar = 0  
23/06/2017 00:04:18 | Exec sco_DiccionariodeDatos @nmtabla_param='spu_obtener_puntosdeventa_facturacion_v4_9_71'
23/06/2017 00:04:18 | Exec spu_obtener_puntosdeventa_facturacion_v4_9_71 @nrPuesto_param = 1 ,@tipo_iva = 'CF' ,@auto_impresor = 'S' ,@tpFormadePago = null ,@tpComprobante = 'NC' 
23/06/2017 00:04:18 | Exec sp_obtenerComision_v4_7 @tpComprobante_param = 'NC' ,@vlTotalGeneral_param = 0 ,@tpComision_param = 'A Clientes' ,@tpCliente_param = 'A Clientes' ,@dsCodigoDestinos_param = null 
23/06/2017 00:04:18 |  SELECT TB_Proveedores.nmNombre ,TB_Proveedores.nmApellido  FROM TB_Proveedores  WHERE TB_Proveedores.tpCategoria = 'Licenciatario'  AND  TB_Proveedores.nrLicencia = 999  AND  TB_Proveedores.flEliminar = 0  
23/06/2017 00:04:18 | Exec spu_obtener_puntosdeventa_facturacion_v4_9_71 @nrPuesto_param = 1 ,@tipo_iva = 'CF' ,@auto_impresor = 'S' ,@tpFormadePago = null ,@tpComprobante = 'NC' 
23/06/2017 00:04:18 | Exec spu_obtener_puntosdeventa_facturacion_v4_9_71 @nrPuesto_param = 1 ,@tipo_iva = 'CF' ,@auto_impresor = 'S' ,@tpFormadePago = null ,@tpComprobante = 'NC' 
23/06/2017 00:04:18 | Exec sp_obtenerComision_v4_7 @tpComprobante_param = 'NC' ,@vlTotalGeneral_param = 0 ,@tpComision_param = 'A Clientes' ,@tpCliente_param = 'A Clientes' ,@dsCodigoDestinos_param = null 
23/06/2017 00:04:18 | Exec sp_obtenerComision_v4_7 @tpComprobante_param = 'NC' ,@vlTotalGeneral_param = 0 ,@tpComision_param = 'A Clientes' ,@tpCliente_param = 'A Clientes' ,@dsCodigoDestinos_param = null 
23/06/2017 00:04:20 |  SELECT TB_Proveedores.nmNombre ,TB_Proveedores.nmApellido  FROM TB_Proveedores  WHERE TB_Proveedores.tpCategoria = 'Licenciatario'  AND  TB_Proveedores.nrLicencia = 999  AND  TB_Proveedores.flEliminar = 0  
23/06/2017 00:04:20 | Exec spu_obtener_puntosdeventa_facturacion_v4_9_71 @nrPuesto_param = 1 ,@tipo_iva = 'CF' ,@auto_impresor = 'S' ,@tpFormadePago = null ,@tpComprobante = 'NC' 
23/06/2017 00:04:20 | Exec spu_obtener_puntosdeventa_facturacion_v4_9_71 @nrPuesto_param = 1 ,@tipo_iva = 'CF' ,@auto_impresor = 'S' ,@tpFormadePago = null ,@tpComprobante = 'NC' 
23/06/2017 00:04:20 | Exec sp_obtenerComision_v4_7 @tpComprobante_param = 'NC' ,@vlTotalGeneral_param = 0 ,@tpComision_param = 'A Clientes' ,@tpCliente_param = 'A Clientes' ,@dsCodigoDestinos_param = null 
23/06/2017 00:04:20 | Exec sp_obtenerComision_v4_7 @tpComprobante_param = 'NC' ,@vlTotalGeneral_param = 0 ,@tpComision_param = 'A Clientes' ,@tpCliente_param = 'A Clientes' ,@dsCodigoDestinos_param = null 
23/06/2017 00:04:20 | Exec sco_DiccionariodeDatos @nmtabla_param='TB_Productos'
23/06/2017 00:04:24 | Exec sco_DiccionariodeDatos @nmtabla_param='TB_Clientes'
23/06/2017 00:04:24 |  SELECT TB_Clientes.dsRazonSocial ,TB_Clientes.nmApellido ,TB_Clientes.nmNombre ,TB_Clientes.dsDomicilio ,TB_Clientes.nrDoc ,TB_Clientes.nmLocalidad ,TB_Clientes.dsEmail ,TB_Clientes.nrTel ,TB_Clientes.cdPostal ,TB_Clientes.tpIVA ,TB_Clientes.tpFormadePago  FROM TB_Clientes  WHERE TB_Clientes.flEliminar = 0  AND  TB_Clientes.cdCliente = 111  AND ( TB_Clientes.dtBaja > '23-06-2017'  OR  TB_Clientes.dtBaja IS NULL  )  
23/06/2017 00:04:24 | Exec spu_obtener_puntosdeventa_facturacion_v4_9_71 @nrPuesto_param = 1 ,@tipo_iva = 'RI' ,@auto_impresor = 'S' ,@tpFormadePago = 'Contado' ,@tpComprobante = 'NC' 
23/06/2017 00:04:24 | Exec sp_obtenerComision_v4_7 @tpComprobante_param = 'NC' ,@vlTotalGeneral_param = 0 ,@tpComision_param = 'A Clientes' ,@tpCliente_param = 'A Clientes' ,@dsCodigoDestinos_param = null 
23/06/2017 00:04:27 |  SELECT TB_Proveedores.nmNombre ,TB_Proveedores.nmApellido  FROM TB_Proveedores  WHERE TB_Proveedores.tpCategoria = 'Licenciatario'  AND  TB_Proveedores.nrLicencia = 999  AND  TB_Proveedores.flEliminar = 0  
23/06/2017 00:04:27 | Exec spu_obtener_puntosdeventa_facturacion_v4_9_71 @nrPuesto_param = 1 ,@tipo_iva = 'RI' ,@auto_impresor = 'N' ,@tpFormadePago = null ,@tpComprobante = 'NC' 
23/06/2017 00:04:27 | Exec spu_obtener_puntosdeventa_facturacion_v4_9_71 @nrPuesto_param = 1 ,@tipo_iva = 'CF' ,@auto_impresor = 'N' ,@tpFormadePago = null ,@tpComprobante = 'NC' 
23/06/2017 00:04:27 | Exec sp_obtenerComision_v4_7 @tpComprobante_param = 'NC' ,@vlTotalGeneral_param = 0 ,@tpComision_param = 'A Clientes' ,@tpCliente_param = 'A Clientes' ,@dsCodigoDestinos_param = null 
23/06/2017 00:04:27 | Exec sp_obtenerComision_v4_7 @tpComprobante_param = 'NC' ,@vlTotalGeneral_param = 0 ,@tpComision_param = 'A Clientes' ,@tpCliente_param = 'A Clientes' ,@dsCodigoDestinos_param = null 
23/06/2017 00:04:30 |  SELECT TB_Clientes.dsRazonSocial ,TB_Clientes.nmApellido ,TB_Clientes.nmNombre ,TB_Clientes.dsDomicilio ,TB_Clientes.nrDoc ,TB_Clientes.nmLocalidad ,TB_Clientes.dsEmail ,TB_Clientes.nrTel ,TB_Clientes.cdPostal ,TB_Clientes.tpIVA ,TB_Clientes.tpFormadePago  FROM TB_Clientes  WHERE TB_Clientes.flEliminar = 0  AND  TB_Clientes.cdCliente = 111  AND ( TB_Clientes.dtBaja > '23-06-2017'  OR  TB_Clientes.dtBaja IS NULL  )  
23/06/2017 00:04:30 | Exec spu_obtener_puntosdeventa_facturacion_v4_9_71 @nrPuesto_param = 1 ,@tipo_iva = 'RI' ,@auto_impresor = 'N' ,@tpFormadePago = 'Contado' ,@tpComprobante = 'NC' 
23/06/2017 00:04:30 | Exec sp_obtenerComision_v4_7 @tpComprobante_param = 'NC' ,@vlTotalGeneral_param = 0 ,@tpComision_param = 'A Clientes' ,@tpCliente_param = 'A Clientes' ,@dsCodigoDestinos_param = null 
23/06/2017 00:04:41 |  SELECT tb_parametros.dsParametro ,tb_parametros.vlParametro ,tb_parametros.tpParametro ,tb_parametros.flEditable ,tb_parametros.nrTamanio ,tb_parametros.dtActualizacion  FROM tb_parametros  WHERE tb_parametros.dsParametro = 'PORC_RECARGO_TD'  
23/06/2017 00:04:41 |  SELECT tb_parametros.dsParametro ,tb_parametros.vlParametro ,tb_parametros.tpParametro ,tb_parametros.flEditable ,tb_parametros.nrTamanio ,tb_parametros.dtActualizacion  FROM tb_parametros  WHERE tb_parametros.dsParametro = 'PORC_RECARGO_TC'  
23/06/2017 00:04:41 |  SELECT tb_parametros.dsParametro ,tb_parametros.vlParametro ,tb_parametros.tpParametro ,tb_parametros.flEditable ,tb_parametros.nrTamanio ,tb_parametros.dtActualizacion  FROM tb_parametros  WHERE tb_parametros.dsParametro = 'PORC_RECARGO_TP'  
23/06/2017 00:04:41 | Exec sco_DiccionariodeDatos @nmtabla_param='SP_Supera_KM_IVA_segunMonto_2_0'
23/06/2017 00:04:41 | Exec SP_Supera_KM_IVA_segunMonto_2_0 @tpCategoriaIVA_param = 'RI' ,@vlKilometros_param = 0 ,@vlMonto_param = 234 
23/06/2017 00:04:41 | Exec sp_obtenerComision_v4_7 @tpComprobante_param = 'NC' ,@vlTotalGeneral_param = 234 ,@tpComision_param = 'A Clientes' ,@tpCliente_param = 'A Clientes' ,@dsCodigoDestinos_param = '''Viaje'',null,234' 
23/06/2017 00:04:41 | Exec sp_obtenerComision_v4_7 @tpComprobante_param = 'NC' ,@vlTotalGeneral_param = 234 ,@tpComision_param = 'A Clientes' ,@tpCliente_param = 'A Clientes' ,@dsCodigoDestinos_param = '''Viaje'',null,234' 
23/06/2017 00:04:41 | Exec SP_Supera_KM_IVA_segunMonto_2_0 @tpCategoriaIVA_param = 'RI' ,@vlKilometros_param = 0 ,@vlMonto_param = 234 
23/06/2017 00:04:41 | Exec sp_obtenerComision_v4_7 @tpComprobante_param = 'NC' ,@vlTotalGeneral_param = 234 ,@tpComision_param = 'A Clientes' ,@tpCliente_param = 'A Clientes' ,@dsCodigoDestinos_param = '''Viaje'',null,234' 
23/06/2017 00:04:44 |  SELECT tb_parametros.dsParametro ,tb_parametros.vlParametro ,tb_parametros.tpParametro ,tb_parametros.flEditable ,tb_parametros.nrTamanio ,tb_parametros.dtActualizacion  FROM tb_parametros  WHERE tb_parametros.dsParametro = 'CALCULA_IVA_LIC_990'  
23/06/2017 00:04:45 | Exec SP_Supera_KM_IVA_segunMonto_2_0 @tpCategoriaIVA_param = 'RI' ,@vlKilometros_param = 0 ,@vlMonto_param = 234 
23/06/2017 00:04:45 | Exec sp_obtenerComision_v4_7 @tpComprobante_param = 'NC' ,@vlTotalGeneral_param = 234 ,@tpComision_param = 'A Clientes' ,@tpCliente_param = 'A Clientes' ,@dsCodigoDestinos_param = '''Viaje'',null,234' 
23/06/2017 00:04:45 | Exec sp_obtenerComision_v4_7 @tpComprobante_param = 'NC' ,@vlTotalGeneral_param = 234 ,@tpComision_param = 'A Clientes' ,@tpCliente_param = 'A Clientes' ,@dsCodigoDestinos_param = '''Viaje'',null,234' 
23/06/2017 00:04:45 |  SELECT tb_parametros.dsParametro ,tb_parametros.vlParametro ,tb_parametros.tpParametro ,tb_parametros.flEditable ,tb_parametros.nrTamanio ,tb_parametros.dtActualizacion  FROM tb_parametros  WHERE tb_parametros.dsParametro = 'MONTO_EXIGE_CUIT_CUIL'  
23/06/2017 00:04:45 |  SELECT TB_Cajas.nrCaja  FROM TB_Cajas  WHERE TB_Cajas.nrCaja = 9000003773  AND  TB_Cajas.flEstado = 0  
23/06/2017 00:04:47 | Exec sco_DiccionariodeDatos @nmtabla_param='sp_eliminarFisicamenteunComprobanteEliminadoLogicamente_v2_5'
23/06/2017 00:04:47 | Exec sp_eliminarFisicamenteunComprobanteEliminadoLogicamente_v2_5 @nrTalonario_param = '0001' ,@nrComprobante_param = '00000019' ,@tpComprobante_param = 'NC' ,@tpLetra_param = 'M' 
23/06/2017 00:04:47 | Exec spu_obtener_puntosdeventa_facturacion_v4_9_71 @nrPuesto_param = 1 ,@tipo_iva = 'RI' ,@auto_impresor = 'N' ,@tpFormadePago = 'Contado' ,@tpComprobante = 'NC' 
23/06/2017 00:04:47 |  INSERT TB_Comprobantes (nrComprobante ,nrTalonario ,vlPagoReales ,nrDoc ,tpLetra ,cdCliente ,dsRazonSocial ,vlTotalGeneral ,dsLeyenda ,vlPagoEuros ,nmEmpleado ,nrPuesto ,nrCaja ,nrLicencia ,nrBultos ,nrPasajeros ,tpComprobante ,vlPagoDolares ,vlPagoPesos ,nmLicenciatario ,dtComprobante ,dsEmail ,vlSubtotal ,vlIVA ,cdCondVenta ,tpComision ,tpIVA ,dsOpcional3 ,cdCodBar ,dtCaja ,dtInsercion ,dsOpcional1 ,nrCAI ,dtVencimiento ,vlDiaDolar ,vlDiaEuro ,vlDiaReal ,dsOpcional2 ,dsUsuario ,flSincronizado ,flManual ,nrTarjeta ,tpDocTarjeta ,nrDocTarjeta )  VALUES ('00000019' ,'0001' ,0.00 ,'30-64140555-4' ,'M' ,111 ,'AEROLINEAS ARGENTINAS S.A.' ,234.00 ,null ,0.00 ,'CAMILA PASQUALI' ,1 ,9000003773 ,999 ,null ,null ,'NC' ,0.00 ,234.00 ,'AEROPUERTO TAXI' ,'23/06/2017' ,null ,234.00 ,0.00 ,'Contado' ,'A Clientes' ,'RI' ,'30708249919010001' ,'000100000019999' ,'23/06/2017 12:04:47' ,'23/06/2017 12:04:47' ,'00:04' ,null ,null ,9.1 ,10 ,3.21 ,'EWFERWFERWGFQERWGF' ,'CAMILAP' ,0 ,'M' ,null ,null ,null )
23/06/2017 00:04:47 | Exec sco_DiccionariodeDatos @nmtabla_param='DiccionariodeDatos'
23/06/2017 00:04:47 |  UPDATE DiccionariodeDatos SET DiccionariodeDatos.vlPuesto1  = '19'   WHERE DiccionariodeDatos.nmTabla = 'TB_Comprobantes'  AND  DiccionariodeDatos.nmCampo = 'nrComprobante'  
23/06/2017 00:04:47 | Exec sco_DiccionariodeDatos @nmtabla_param='TB_ComprobantesDetalle'
23/06/2017 00:04:47 |  INSERT TB_ComprobantesDetalle (nrTalonario ,nrComprobante ,tpComprobante ,tpLetra ,nrItem ,cdProducto ,dsProducto ,tpOperacion ,vlPorcentaje ,vlPrecioPeaje ,vlKilometros ,vlPrecioViaje ,vlPrecioTC ,vlPrecioTD ,vlRecargoTC ,vlRecargoTD ,vlRecargoTP ,vlPrecioTP ,dtInsercion ,flSincronizado ,nrCaja ,nrPuesto )  VALUES ('0001' ,'00000019' ,'NC' ,'M' ,1 ,null ,'EWFERWFERWGFQERWGF' ,'Viaje' ,0.00 ,0.00 ,0 ,234 ,'254' ,'254' ,'20' ,'20' ,'20' ,'254' ,'23/06/2017' ,0 ,9000003773 ,1 )
23/06/2017 00:04:47 | Exec sp_obtenerComision_v4_7 @tpComprobante_param = 'NC' ,@vlTotalGeneral_param = 234 ,@tpComision_param = 'A Clientes' ,@tpCliente_param = 'A Clientes' ,@dsCodigoDestinos_param = '''Viaje'',null,234' 
23/06/2017 00:04:47 | Exec sco_DiccionariodeDatos @nmtabla_param='TB_Cupones'
23/06/2017 00:04:47 | Exec SP_ObtenerMaxnrCupon_v2_7 
23/06/2017 00:04:47 |  INSERT TB_Cupones (nrTalonarioCliente ,nrComprabanteCliente ,tpComprobanteCliente ,tpLetraCliente ,cdCliente ,nrPuesto ,nrLicencia ,nmLicenciatario ,vlMontoCupon ,vlPagoPesos ,vlPagoDolares ,vlPagoEuros ,vlPagoReales ,nrCantidadBultos ,tpCupon ,dsDestino ,dsHoraViaje ,dsLeyenda ,flCobradoalCliente ,dtCobradoalCliente ,flCompensado ,vlaFavordelLicenciatario ,vlafavorAdmin ,vlComision ,dtCajaCliente ,nrCajaCliente ,dtCupon ,dsUsuario ,nrPasajeros ,flSincronizado ,vlIVA ,vlSubtotal ,cdCodBar ,nrCupon ,nrTarjeta ,tpDocTarjeta ,nrDocTarjeta ,vlRecargoTarjeta )  VALUES ('0001' ,'00000019' ,'NC' ,'M' ,111 ,1 ,999 ,'AEROPUERTO TAXI' ,234.00 ,234.00 ,0.00 ,0.00 ,0.00 ,null ,'Contado' ,'EWFERWFERWGFQERWGF' ,'00:04' ,null ,1 ,'23/06/2017 12:04:47' ,0 ,234 ,0 ,0 ,'23/06/2017 12:04:47' ,9000003773 ,'23/06/2017 12:04:47' ,'CAMILAP' ,null ,0 ,0.00 ,234.00 ,'000100000019999' ,107 ,null ,null ,null ,0 )
23/06/2017 00:04:47 |  UPDATE DiccionariodeDatos SET DiccionariodeDatos.vlPuesto1  = '107'   WHERE DiccionariodeDatos.nmTabla = 'TB_Cupones'  AND  DiccionariodeDatos.nmCampo = 'nrCupon'  
23/06/2017 00:04:47 | Exec sco_DiccionariodeDatos @nmtabla_param='spu_actualizar_puntosdeventa_facturacion_v4_9_71'
23/06/2017 00:04:47 | Exec spu_actualizar_puntosdeventa_facturacion_v4_9_71 @nrPuesto_param = 1 ,@tipo_iva = 'RI' ,@auto_impresor = 'N' ,@tpFormadePago = 'Contado' ,@tpComprobante = 'NC' ,@nrComprobante = 19 
23/06/2017 00:04:47 | Exec sco_DiccionariodeDatos @nmtabla_param='SP_PrepararReimpresiondeComprobante_v4_9'
23/06/2017 00:04:47 | Exec SP_PrepararReimpresiondeComprobante_v4_9 @nrTalonario = '0001' ,@nrComprobante = '00000019' ,@tpComprobante = 'NC' ,@tpLetra = 'M' ,@dsUsuario = 'CAMILAP' 
23/06/2017 00:04:55 | Exec sco_DiccionariodeDatos @nmtabla_param='SP_eliminarTablasImpresion_v4_7'
23/06/2017 00:04:55 | Exec SP_eliminarTablasImpresion_v4_7 @dsUsuario = 'CAMILAP' 
23/06/2017 00:04:55 |  SELECT TB_Proveedores.nmNombre ,TB_Proveedores.nmApellido  FROM TB_Proveedores  WHERE TB_Proveedores.tpCategoria = 'Licenciatario'  AND  TB_Proveedores.nrLicencia = 999  AND  TB_Proveedores.flEliminar = 0  
23/06/2017 00:04:55 | Exec spu_obtener_puntosdeventa_facturacion_v4_9_71 @nrPuesto_param = 1 ,@tipo_iva = 'RI' ,@auto_impresor = 'N' ,@tpFormadePago = null ,@tpComprobante = 'NC' 
23/06/2017 00:04:55 | Exec spu_obtener_puntosdeventa_facturacion_v4_9_71 @nrPuesto_param = 1 ,@tipo_iva = 'CF' ,@auto_impresor = 'N' ,@tpFormadePago = null ,@tpComprobante = 'NC' 
23/06/2017 00:04:55 | Exec sp_obtenerComision_v4_7 @tpComprobante_param = 'NC' ,@vlTotalGeneral_param = 0 ,@tpComision_param = 'A Clientes' ,@tpCliente_param = 'A Clientes' ,@dsCodigoDestinos_param = null 
23/06/2017 00:04:55 | Exec sp_obtenerComision_v4_7 @tpComprobante_param = 'NC' ,@vlTotalGeneral_param = 0 ,@tpComision_param = 'A Clientes' ,@tpCliente_param = 'A Clientes' ,@dsCodigoDestinos_param = null 
23/06/2017 00:04:57 | Exec sco_AccesosOpcionesMenu @p_tpNivelAcceso = 'Administración' ,@p_operaconcaja = 1 
23/06/2017 00:05:05 |  SELECT TB_Comprobantes.dtComprobante ,TB_Comprobantes.nrComprobante ,TB_Comprobantes.cdCliente ,TB_Comprobantes.cdCodBar ,TB_Comprobantes.nrLicencia ,TB_Comprobantes.nrPuesto ,TB_Comprobantes.nrTalonario ,TB_Comprobantes.tpComprobante ,TB_Comprobantes.nrCaja ,TB_Comprobantes.cdCondVenta ,TB_Comprobantes.nrDoc ,TB_Comprobantes.dsRazonSocial ,TB_Comprobantes.nmLicenciatario ,TB_Comprobantes.dsUsuario ,TB_Comprobantes.dsDomicilio ,TB_Comprobantes.flManual ,TB_Comprobantes.tpComprobante ,TB_Comprobantes.tpLetra  FROM TB_Comprobantes  WHERE  nrComprobante Like ('%%%') AND TB_Comprobantes.flEliminar = 0  AND  TB_Comprobantes.dtComprobante >= '23/06/2017 00:00:00'  AND  TB_Comprobantes.dtComprobante <= '23/06/2017 23:59:59'   Order by TB_Comprobantes.nrComprobante ASC 
23/06/2017 00:05:07 |  SELECT TB_Comprobantes.dsLeyenda ,TB_Comprobantes.tpLetra ,TB_Comprobantes.vlTotalGeneral ,TB_Comprobantes.vlPagoEuros ,TB_Comprobantes.vlPagoPesos ,TB_Comprobantes.tpMoneda ,TB_Comprobantes.dsDomicilio ,TB_Comprobantes.nmLocalidad ,TB_Comprobantes.dsEmail ,TB_Comprobantes.cdPostal ,TB_Comprobantes.dtVencimiento ,TB_Comprobantes.nrBultos ,TB_Comprobantes.nrPasajeros ,TB_Comprobantes.vlPagoDolares ,TB_Comprobantes.nrTel ,TB_Comprobantes.vlDiaEuro ,TB_Comprobantes.cdCliente ,TB_Comprobantes.nrTalonario ,TB_Comprobantes.dtComprobante ,TB_Comprobantes.nrComprobante ,TB_Comprobantes.cdCodBar ,TB_Comprobantes.tpComprobante ,TB_Comprobantes.nrCaja ,TB_Comprobantes.cdCondVenta ,TB_Comprobantes.nrDoc ,TB_Comprobantes.dsRazonSocial ,TB_Comprobantes.nrLicencia ,TB_Comprobantes.nmLicenciatario ,TB_Comprobantes.dsUsuario ,TB_Comprobantes.nrPuesto ,TB_Comprobantes.nmApellido ,TB_Comprobantes.nmNombre ,TB_Comprobantes.dsOpcional3 ,TB_Comprobantes.flAnulado ,TB_Comprobantes.flManual ,TB_Comprobantes.vlPagoReales  FROM TB_Comprobantes  WHERE TB_Comprobantes.nrComprobante = '00000019    '  AND  TB_Comprobantes.nrTalonario = '0001'  AND  TB_Comprobantes.nrCaja = 9000003773  AND  TB_Comprobantes.tpLetra = 'M'  AND  TB_Comprobantes.tpComprobante = 'NC'  AND  TB_Comprobantes.flEliminar = 0  
23/06/2017 00:05:08 |  SELECT TB_ComprobantesDetalle.nrItem ,TB_ComprobantesDetalle.cdProducto ,TB_ComprobantesDetalle.dsProducto ,TB_ComprobantesDetalle.vlPrecioViaje ,TB_ComprobantesDetalle.vlTotalItem  FROM TB_ComprobantesDetalle  WHERE TB_ComprobantesDetalle.nrTalonario = '0001'  AND  TB_ComprobantesDetalle.nrComprobante = '00000019'  AND  TB_ComprobantesDetalle.tpComprobante = 'NC'  AND  TB_ComprobantesDetalle.tpLetra = 'M'  
23/06/2017 00:05:16 | Exec sco_AccesosOpcionesMenu @p_tpNivelAcceso = 'Administración' ,@p_operaconcaja = 1 
23/06/2017 00:05:18 | Exec sco_DiccionariodeDatos @nmtabla_param='TB_Puestos'
23/06/2017 00:05:19 |  SELECT TB_Puestos.nrPuesto ,TB_Puestos.dsPuesto ,TB_Puestos.dsPuesto ,TB_Puestos.nrTalonario_manual ,TB_Puestos.nrTalonario_manual ,TB_Puestos.nrTalonario_automatico ,TB_Puestos.nrTalonario_automatico ,TB_Puestos.nrComprobante_manual_ult ,TB_Puestos.nrComprobante_manual_ult ,TB_Puestos.nrComprobante_automatico_ult ,TB_Puestos.nrComprobante_automatico_ult ,TB_Puestos.tpletra ,TB_Puestos.tpletra ,TB_Puestos.flFacturaCtacte  FROM TB_Puestos  WHERE  dsPuesto Like ('%%%') AND TB_Puestos.flEliminar = 0   Order by TB_Puestos.dsPuesto ASC 
23/06/2017 00:05:20 |  SELECT TB_Puestos.flFacturaCtacte ,TB_Puestos.nrComprobante_manual_empresa_nd_ult ,TB_Puestos.nrComprobante_manual_nd_ult ,TB_Puestos.nrComprobante_manual_empresa_nc_ult ,TB_Puestos.nrComprobante_manual_nc_ult ,TB_Puestos.flRespeta_secuencia_carga_manual ,TB_Puestos.tpLetra_manual ,TB_Puestos.nrComprobante_manual_ult ,TB_Puestos.nrTalonario_manual ,TB_Puestos.tpLetraEmpresa_manual ,TB_Puestos.nrComprobante_manual_empresa_ult ,TB_Puestos.nrTalonario_manual_empresa ,TB_Puestos.tpLetraRecibo_manual ,TB_Puestos.nrComprobante_manual_ctacte_ult ,TB_Puestos.nrTalonario_manual_ctacte ,TB_Puestos.nrComprobante_automatico_nc_ult ,TB_Puestos.nrComprobante_auto_empresa_nc_ult ,TB_Puestos.nrComprobante_automatico_nd_ult ,TB_Puestos.nrComprobante_auto_empresa_nd_ult ,TB_Puestos.dtCAI_Talonario_auto_empresa ,TB_Puestos.dtCAI_Talonario_auto ,TB_Puestos.nrCAI_Talonario_auto ,TB_Puestos.nrCAI_Talonario_auto_empresa ,TB_Puestos.nrTalonario_auto_ctacte ,TB_Puestos.nrComprobante_auto_ctacte_ult ,TB_Puestos.tpLetraRecibo ,TB_Puestos.nrTalonario_auto_empresa ,TB_Puestos.nrComprobante_auto_empresa_ult ,TB_Puestos.tpLetraEmpresa ,TB_Puestos.nrTalonario_automatico ,TB_Puestos.nrComprobante_automatico_ult ,TB_Puestos.tpLetra ,TB_Puestos.dsPuesto ,TB_Puestos.nrPuesto  FROM TB_Puestos  WHERE TB_Puestos.nrPuesto = 1  AND  TB_Puestos.flEliminar = 0  
23/06/2017 00:05:24 | Exec sco_AccesosOpcionesMenu @p_tpNivelAcceso = 'Administración' ,@p_operaconcaja = 1 
23/06/2017 00:05:25 | Exec sco_cajapuesto_v3_9 @nrCaja_param = 9000003773 
23/06/2017 00:05:25 |  SELECT tb_parametros.dsParametro ,tb_parametros.vlParametro ,tb_parametros.tpParametro ,tb_parametros.flEditable ,tb_parametros.nrTamanio ,tb_parametros.dtActualizacion  FROM tb_parametros  WHERE tb_parametros.dsParametro = 'PUESTO_FACTURACION_ND'  
23/06/2017 00:05:25 |  SELECT tb_parametros.dsParametro ,tb_parametros.vlParametro ,tb_parametros.tpParametro ,tb_parametros.flEditable ,tb_parametros.nrTamanio ,tb_parametros.dtActualizacion  FROM tb_parametros  WHERE tb_parametros.dsParametro = 'PORC_RECARGO_TD'  
23/06/2017 00:05:25 |  SELECT tb_parametros.dsParametro ,tb_parametros.vlParametro ,tb_parametros.tpParametro ,tb_parametros.flEditable ,tb_parametros.nrTamanio ,tb_parametros.dtActualizacion  FROM tb_parametros  WHERE tb_parametros.dsParametro = 'PORC_RECARGO_TC'  
23/06/2017 00:05:25 |  SELECT tb_parametros.dsParametro ,tb_parametros.vlParametro ,tb_parametros.tpParametro ,tb_parametros.flEditable ,tb_parametros.nrTamanio ,tb_parametros.dtActualizacion  FROM tb_parametros  WHERE tb_parametros.dsParametro = 'PORC_RECARGO_TP'  
23/06/2017 00:05:25 | Exec sp_obtenerComision_v4_7 @tpComprobante_param = null ,@vlTotalGeneral_param = 0 ,@tpComision_param = null ,@tpCliente_param = null ,@dsCodigoDestinos_param = null 
23/06/2017 00:05:25 | Exec sp_obtenerComision_v4_7 @tpComprobante_param = null ,@vlTotalGeneral_param = 0 ,@tpComision_param = 'A Clientes' ,@tpCliente_param = 'A Clientes' ,@dsCodigoDestinos_param = null 
23/06/2017 00:05:25 |  SELECT TB_Proveedores.nmNombre ,TB_Proveedores.nmApellido  FROM TB_Proveedores  WHERE TB_Proveedores.tpCategoria = 'Licenciatario'  AND  TB_Proveedores.nrLicencia = 999  AND  TB_Proveedores.flEliminar = 0  
23/06/2017 00:05:25 | Exec spu_obtener_puntosdeventa_facturacion_v4_9_71 @nrPuesto_param = 1 ,@tipo_iva = 'CF' ,@auto_impresor = 'S' ,@tpFormadePago = null ,@tpComprobante = 'NC' 
23/06/2017 00:05:25 | Exec sp_obtenerComision_v4_7 @tpComprobante_param = 'NC' ,@vlTotalGeneral_param = 0 ,@tpComision_param = 'A Clientes' ,@tpCliente_param = 'A Clientes' ,@dsCodigoDestinos_param = null 
23/06/2017 00:05:25 |  SELECT TB_Proveedores.nmNombre ,TB_Proveedores.nmApellido  FROM TB_Proveedores  WHERE TB_Proveedores.tpCategoria = 'Licenciatario'  AND  TB_Proveedores.nrLicencia = 999  AND  TB_Proveedores.flEliminar = 0  
23/06/2017 00:05:25 | Exec spu_obtener_puntosdeventa_facturacion_v4_9_71 @nrPuesto_param = 1 ,@tipo_iva = 'CF' ,@auto_impresor = 'S' ,@tpFormadePago = null ,@tpComprobante = 'NC' 
23/06/2017 00:05:26 | Exec spu_obtener_puntosdeventa_facturacion_v4_9_71 @nrPuesto_param = 1 ,@tipo_iva = 'CF' ,@auto_impresor = 'S' ,@tpFormadePago = null ,@tpComprobante = 'NC' 
23/06/2017 00:05:26 | Exec sp_obtenerComision_v4_7 @tpComprobante_param = 'NC' ,@vlTotalGeneral_param = 0 ,@tpComision_param = 'A Clientes' ,@tpCliente_param = 'A Clientes' ,@dsCodigoDestinos_param = null 
23/06/2017 00:05:26 | Exec sp_obtenerComision_v4_7 @tpComprobante_param = 'NC' ,@vlTotalGeneral_param = 0 ,@tpComision_param = 'A Clientes' ,@tpCliente_param = 'A Clientes' ,@dsCodigoDestinos_param = null 
23/06/2017 00:05:29 |  SELECT TB_Proveedores.nmNombre ,TB_Proveedores.nmApellido  FROM TB_Proveedores  WHERE TB_Proveedores.tpCategoria = 'Licenciatario'  AND  TB_Proveedores.nrLicencia = 999  AND  TB_Proveedores.flEliminar = 0  
23/06/2017 00:05:29 | Exec spu_obtener_puntosdeventa_facturacion_v4_9_71 @nrPuesto_param = 1 ,@tipo_iva = 'CF' ,@auto_impresor = 'S' ,@tpFormadePago = null ,@tpComprobante = 'NC' 
23/06/2017 00:05:29 | Exec spu_obtener_puntosdeventa_facturacion_v4_9_71 @nrPuesto_param = 1 ,@tipo_iva = 'CF' ,@auto_impresor = 'S' ,@tpFormadePago = null ,@tpComprobante = 'NC' 
23/06/2017 00:05:29 | Exec sp_obtenerComision_v4_7 @tpComprobante_param = 'NC' ,@vlTotalGeneral_param = 0 ,@tpComision_param = 'A Clientes' ,@tpCliente_param = 'A Clientes' ,@dsCodigoDestinos_param = null 
23/06/2017 00:05:29 | Exec sp_obtenerComision_v4_7 @tpComprobante_param = 'NC' ,@vlTotalGeneral_param = 0 ,@tpComision_param = 'A Clientes' ,@tpCliente_param = 'A Clientes' ,@dsCodigoDestinos_param = null 
23/06/2017 00:05:30 |  SELECT TB_Proveedores.nmNombre ,TB_Proveedores.nmApellido  FROM TB_Proveedores  WHERE TB_Proveedores.tpCategoria = 'Licenciatario'  AND  TB_Proveedores.nrLicencia = 999  AND  TB_Proveedores.flEliminar = 0  
23/06/2017 00:05:30 | Exec spu_obtener_puntosdeventa_facturacion_v4_9_71 @nrPuesto_param = 1 ,@tipo_iva = 'CF' ,@auto_impresor = 'N' ,@tpFormadePago = null ,@tpComprobante = 'NC' 
23/06/2017 00:05:30 | Exec spu_obtener_puntosdeventa_facturacion_v4_9_71 @nrPuesto_param = 1 ,@tipo_iva = 'CF' ,@auto_impresor = 'N' ,@tpFormadePago = null ,@tpComprobante = 'NC' 
23/06/2017 00:05:30 | Exec sp_obtenerComision_v4_7 @tpComprobante_param = 'NC' ,@vlTotalGeneral_param = 0 ,@tpComision_param = 'A Clientes' ,@tpCliente_param = 'A Clientes' ,@dsCodigoDestinos_param = null 
23/06/2017 00:05:30 | Exec sp_obtenerComision_v4_7 @tpComprobante_param = 'NC' ,@vlTotalGeneral_param = 0 ,@tpComision_param = 'A Clientes' ,@tpCliente_param = 'A Clientes' ,@dsCodigoDestinos_param = null 
23/06/2017 00:05:36 |  SELECT TB_Clientes.dsRazonSocial ,TB_Clientes.nmApellido ,TB_Clientes.nmNombre ,TB_Clientes.dsDomicilio ,TB_Clientes.nrDoc ,TB_Clientes.nmLocalidad ,TB_Clientes.dsEmail ,TB_Clientes.nrTel ,TB_Clientes.cdPostal ,TB_Clientes.tpIVA ,TB_Clientes.tpFormadePago  FROM TB_Clientes  WHERE TB_Clientes.flEliminar = 0  AND  TB_Clientes.cdCliente = 111  AND ( TB_Clientes.dtBaja > '23-06-2017'  OR  TB_Clientes.dtBaja IS NULL  )  
23/06/2017 00:05:36 | Exec spu_obtener_puntosdeventa_facturacion_v4_9_71 @nrPuesto_param = 1 ,@tipo_iva = 'RI' ,@auto_impresor = 'N' ,@tpFormadePago = 'Contado' ,@tpComprobante = 'NC' 
23/06/2017 00:05:36 | Exec sp_obtenerComision_v4_7 @tpComprobante_param = 'NC' ,@vlTotalGeneral_param = 0 ,@tpComision_param = 'A Clientes' ,@tpCliente_param = 'A Clientes' ,@dsCodigoDestinos_param = null 
23/06/2017 00:05:40 | Exec sco_AccesosOpcionesMenu @p_tpNivelAcceso = 'Administración' ,@p_operaconcaja = 1 
23/06/2017 00:06:31 | Exec  sco_TB_Productos_v4_1 
23/06/2017 00:06:31 | Exec sco_DiccionariodeDatos @nmtabla_param='TB_Usuarios'
23/06/2017 00:06:53 |  SELECT TB_Usuarios.dsUsuario ,TB_Usuarios.dspassword ,TB_Usuarios.tpAcceso ,TB_Usuarios.nmNombre ,TB_Usuarios.nmApellido ,TB_Usuarios.flBloqueado ,TB_Usuarios.tpNivelJerarquico  FROM TB_Usuarios  WHERE TB_Usuarios.dsUsuario = 'CAMILAP'  AND  TB_Usuarios.flEliminar = 0  
23/06/2017 00:06:53 |  SELECT TB_Usuarios.dsUsuario ,TB_Usuarios.dspassword ,TB_Usuarios.tpAcceso ,TB_Usuarios.nmNombre ,TB_Usuarios.nmApellido ,TB_Usuarios.flBloqueado ,TB_Usuarios.tpNivelJerarquico  FROM TB_Usuarios  WHERE TB_Usuarios.dsUsuario = 'CAMILAP'  AND  TB_Usuarios.flEliminar = 0  
23/06/2017 00:06:53 | Exec sco_DiccionariodeDatos @nmtabla_param='sp_obtenerCajasPendientesdeAprobacion_v2_5'
23/06/2017 00:06:53 | Exec sp_obtenerCajasPendientesdeAprobacion_v2_5 @pdsUsuario_param = 'CAMILAP' 
23/06/2017 00:06:53 | Exec sp_obtenerCajasRechazadas_v2_9 
23/06/2017 00:06:53 | Exec sco_DiccionariodeDatos @nmtabla_param='TB_Parametros'
23/06/2017 00:06:53 |  SELECT TB_Parametros.vlParametro  FROM TB_Parametros  WHERE TB_Parametros.dsParametro = 'VALOR EURO'  
23/06/2017 00:06:53 |  SELECT TB_Parametros.vlParametro  FROM TB_Parametros  WHERE TB_Parametros.dsParametro = 'VALOR DOLAR'  
23/06/2017 00:06:53 | Exec SP_ValorPromoRetorno
23/06/2017 00:06:53 | Exec sco_DiccionariodeDatos @nmtabla_param='TB_Comisiones'
23/06/2017 00:06:53 |  SELECT TB_Comisiones.vlMontoMinimo  FROM TB_Comisiones  WHERE TB_Comisiones.tpComision = 'Retorno'  AND  TB_Comisiones.flEliminar = 0  
23/06/2017 00:06:53 |  SELECT TB_Parametros.vlParametro  FROM TB_Parametros  WHERE TB_Parametros.dsParametro = 'VALOR REAL'  
23/06/2017 00:06:53 | Exec sco_DiccionariodeDatos @nmtabla_param='TB_Cajas'
23/06/2017 00:06:53 |  SELECT TB_Cajas.nrCaja  FROM TB_Cajas  WHERE TB_Cajas.dsUsuario = 'CAMILAP'  and  TB_Cajas.flEstado = 0  and  TB_Cajas.tpEstadoAprobacion IS NULL  and  TB_Cajas.nrcaja > 0  
23/06/2017 00:06:55 |  SELECT TB_Cajas.nrCaja ,TB_Cajas.vlTotalSaldoFinal ,TB_Cajas.nrPuesto ,TB_Cajas.dsUsuario ,TB_Cajas.vlSaldoInicialPesos ,TB_Cajas.dtApertura ,TB_Cajas.dtCierre ,TB_Cajas.vlDiaDolar ,TB_Cajas.vlDiaEuro ,TB_Cajas.vlSaldoInicialEuros ,TB_Cajas.vlSaldoInicialDolares ,TB_Cajas.vlSaldoFinalRealPesos ,TB_Cajas.vlTotalSaldoInicial ,TB_Cajas.dtObservacion ,TB_Cajas.vlCierrePesos ,TB_Cajas.vlSaldoFinalRealDolares ,TB_Cajas.vlSaldoFinalRealEuros ,TB_Cajas.vlTotalSaldoFinalReal ,TB_Cajas.vlCierreDolares ,TB_Cajas.vlCierreEuros ,TB_Cajas.dsObservacion ,TB_Cajas.vlDiaReal ,TB_Cajas.flEstado  FROM TB_Cajas  WHERE TB_Cajas.nrCaja = 9000003773  
23/06/2017 00:06:56 | Exec sco_DiccionariodeDatos @nmtabla_param='SP_SumaCajaADM_v2_9'
23/06/2017 00:06:56 | Exec SP_SumaCajaADM_v2_9 @nrCaja_param = 9000003773 ,@tpCaja_param = 'CA' ,@tpCajaImputacion_param = null 
23/06/2017 00:06:56 |  UPDATE TB_Cajas SET TB_Cajas.vlSaldoFinalRealPesos  = -258.92 ,TB_Cajas.vlSaldoFinalRealEuros  = 0.00 ,TB_Cajas.vlSaldoFinalRealDolares  = 0.00 ,TB_Cajas.vlCierrePesos  = -258.92 ,TB_Cajas.vlCierreDolares  = 0 ,TB_Cajas.vlCierreEuros  = 0   WHERE TB_Cajas.nrCaja = 9000003773  
23/06/2017 00:06:59 |  UPDATE TB_Cajas SET TB_Cajas.nrCaja  = 9000003773 ,TB_Cajas.vlTotalSaldoFinal  = -258.92 ,TB_Cajas.nrPuesto  = 9 ,TB_Cajas.dsUsuario  = 'CAMILAP' ,TB_Cajas.vlSaldoInicialPesos  = 0.00 ,TB_Cajas.dtApertura  = '19/08/2015 11:17:24' ,TB_Cajas.dtCierre  = null ,TB_Cajas.vlDiaDolar  = 9.10 ,TB_Cajas.vlDiaEuro  = 10.00 ,TB_Cajas.vlSaldoInicialEuros  = 0.00 ,TB_Cajas.vlSaldoInicialDolares  = 0.00 ,TB_Cajas.vlSaldoFinalRealPesos  = 0.00 ,TB_Cajas.vlTotalSaldoInicial  = 0.00 ,TB_Cajas.dtObservacion  = '23/06/2017 12:06:59' ,TB_Cajas.vlCierrePesos  = -258.92 ,TB_Cajas.vlSaldoFinalRealDolares  = 0.00 ,TB_Cajas.vlSaldoFinalRealEuros  = 0.00 ,TB_Cajas.vlTotalSaldoFinalReal  = -258.92 ,TB_Cajas.vlCierreDolares  = 0 ,TB_Cajas.vlCierreEuros  = 0 ,TB_Cajas.dsObservacion  = null ,TB_Cajas.vlDiaReal  = 3.21 ,TB_Cajas.flCajaAdm  = 1   WHERE TB_Cajas.nrCaja = 9000003773  
23/06/2017 00:06:59 | Exec sco_DiccionariodeDatos @nmtabla_param='VW_UltimaCajaAdm'
23/06/2017 00:06:59 |  SELECT VW_UltimaCajaAdm.nrCaja ,VW_UltimaCajaAdm.vlSaldoFinalRealPesos ,VW_UltimaCajaAdm.vlSaldoFinalRealEuros ,VW_UltimaCajaAdm.vlSaldoFinalRealDolares  FROM VW_UltimaCajaAdm 
23/06/2017 00:06:59 |  SELECT TB_Cajas.nrCaja  FROM TB_Cajas  WHERE TB_Cajas.nrCaja = 9000003773  AND  TB_Cajas.flEstado = 0  
23/06/2017 00:06:59 | Exec sco_DiccionariodeDatos @nmtabla_param='sco_cajapuesto_v3_9'
23/06/2017 00:06:59 | Exec sco_cajapuesto_v3_9 @nrCaja_param = 9000003772 
23/06/2017 00:06:59 | Exec sco_cajapuesto_v3_9 @nrCaja_param = 9000003773 
23/06/2017 00:06:59 | Exec sco_DiccionariodeDatos @nmtabla_param='spu_esdifporCotizacionImputadas_v3_9'
23/06/2017 00:06:59 | Exec spu_esdifporCotizacionImputadas_v3_9 @nrCajaAdmActual = 9000003773 
23/06/2017 00:06:59 | Exec sco_validarVencimientosCAI_v4_1
23/06/2017 00:07:01 | Exec sco_DiccionariodeDatos @nmtabla_param='sco_AccesosOpcionesMenu'
23/06/2017 00:07:01 | Exec sco_AccesosOpcionesMenu @p_tpNivelAcceso = 'Administración' ,@p_operaconcaja = 1 
23/06/2017 00:07:01 | Exec sco_AccesosOpcionesMenu @p_tpNivelAcceso = 'Administración' ,@p_operaconcaja = 1 
23/06/2017 00:07:23 | Exec sco_cajapuesto_v3_9 @nrCaja_param = 9000003773 
23/06/2017 00:07:23 |  SELECT tb_parametros.dsParametro ,tb_parametros.vlParametro ,tb_parametros.tpParametro ,tb_parametros.flEditable ,tb_parametros.nrTamanio ,tb_parametros.dtActualizacion  FROM tb_parametros  WHERE tb_parametros.dsParametro = 'PUESTO_FACTURACION_ND'  
23/06/2017 00:07:23 |  SELECT tb_parametros.dsParametro ,tb_parametros.vlParametro ,tb_parametros.tpParametro ,tb_parametros.flEditable ,tb_parametros.nrTamanio ,tb_parametros.dtActualizacion  FROM tb_parametros  WHERE tb_parametros.dsParametro = 'PORC_RECARGO_TD'  
23/06/2017 00:07:23 |  SELECT tb_parametros.dsParametro ,tb_parametros.vlParametro ,tb_parametros.tpParametro ,tb_parametros.flEditable ,tb_parametros.nrTamanio ,tb_parametros.dtActualizacion  FROM tb_parametros  WHERE tb_parametros.dsParametro = 'PORC_RECARGO_TC'  
23/06/2017 00:07:23 |  SELECT tb_parametros.dsParametro ,tb_parametros.vlParametro ,tb_parametros.tpParametro ,tb_parametros.flEditable ,tb_parametros.nrTamanio ,tb_parametros.dtActualizacion  FROM tb_parametros  WHERE tb_parametros.dsParametro = 'PORC_RECARGO_TP'  
23/06/2017 00:07:23 | Exec sco_DiccionariodeDatos @nmtabla_param='TB_Comprobantes'
23/06/2017 00:07:23 | Exec sco_DiccionariodeDatos @nmtabla_param='sp_obtenerComision_v4_7'
23/06/2017 00:07:23 | Exec sp_obtenerComision_v4_7 @tpComprobante_param = null ,@vlTotalGeneral_param = 0 ,@tpComision_param = null ,@tpCliente_param = null ,@dsCodigoDestinos_param = null 
23/06/2017 00:07:23 | Exec sp_obtenerComision_v4_7 @tpComprobante_param = null ,@vlTotalGeneral_param = 0 ,@tpComision_param = 'A Clientes' ,@tpCliente_param = 'A Clientes' ,@dsCodigoDestinos_param = null 
23/06/2017 00:07:23 | Exec sco_DiccionariodeDatos @nmtabla_param='TB_Proveedores'
23/06/2017 00:07:23 |  SELECT TB_Proveedores.nmNombre ,TB_Proveedores.nmApellido  FROM TB_Proveedores  WHERE TB_Proveedores.tpCategoria = 'Licenciatario'  AND  TB_Proveedores.nrLicencia = 999  AND  TB_Proveedores.flEliminar = 0  
23/06/2017 00:07:23 | Exec sco_DiccionariodeDatos @nmtabla_param='spu_obtener_puntosdeventa_facturacion_v4_9_71'
23/06/2017 00:07:23 | Exec spu_obtener_puntosdeventa_facturacion_v4_9_71 @nrPuesto_param = 1 ,@tipo_iva = 'CF' ,@auto_impresor = 'S' ,@tpFormadePago = null ,@tpComprobante = 'NC' 
23/06/2017 00:07:23 | Exec sp_obtenerComision_v4_7 @tpComprobante_param = 'NC' ,@vlTotalGeneral_param = 0 ,@tpComision_param = 'A Clientes' ,@tpCliente_param = 'A Clientes' ,@dsCodigoDestinos_param = null 
23/06/2017 00:07:23 |  SELECT TB_Proveedores.nmNombre ,TB_Proveedores.nmApellido  FROM TB_Proveedores  WHERE TB_Proveedores.tpCategoria = 'Licenciatario'  AND  TB_Proveedores.nrLicencia = 999  AND  TB_Proveedores.flEliminar = 0  
23/06/2017 00:07:23 | Exec spu_obtener_puntosdeventa_facturacion_v4_9_71 @nrPuesto_param = 1 ,@tipo_iva = 'CF' ,@auto_impresor = 'S' ,@tpFormadePago = null ,@tpComprobante = 'NC' 
23/06/2017 00:07:23 | Exec spu_obtener_puntosdeventa_facturacion_v4_9_71 @nrPuesto_param = 1 ,@tipo_iva = 'CF' ,@auto_impresor = 'S' ,@tpFormadePago = null ,@tpComprobante = 'NC' 
23/06/2017 00:07:23 | Exec sp_obtenerComision_v4_7 @tpComprobante_param = 'NC' ,@vlTotalGeneral_param = 0 ,@tpComision_param = 'A Clientes' ,@tpCliente_param = 'A Clientes' ,@dsCodigoDestinos_param = null 
23/06/2017 00:07:23 | Exec sp_obtenerComision_v4_7 @tpComprobante_param = 'NC' ,@vlTotalGeneral_param = 0 ,@tpComision_param = 'A Clientes' ,@tpCliente_param = 'A Clientes' ,@dsCodigoDestinos_param = null 
23/06/2017 00:07:25 |  SELECT TB_Proveedores.nmNombre ,TB_Proveedores.nmApellido  FROM TB_Proveedores  WHERE TB_Proveedores.tpCategoria = 'Licenciatario'  AND  TB_Proveedores.nrLicencia = 999  AND  TB_Proveedores.flEliminar = 0  
23/06/2017 00:07:25 | Exec spu_obtener_puntosdeventa_facturacion_v4_9_71 @nrPuesto_param = 1 ,@tipo_iva = 'CF' ,@auto_impresor = 'S' ,@tpFormadePago = null ,@tpComprobante = 'NC' 
23/06/2017 00:07:26 | Exec spu_obtener_puntosdeventa_facturacion_v4_9_71 @nrPuesto_param = 1 ,@tipo_iva = 'CF' ,@auto_impresor = 'S' ,@tpFormadePago = null ,@tpComprobante = 'NC' 
23/06/2017 00:07:26 | Exec sp_obtenerComision_v4_7 @tpComprobante_param = 'NC' ,@vlTotalGeneral_param = 0 ,@tpComision_param = 'A Clientes' ,@tpCliente_param = 'A Clientes' ,@dsCodigoDestinos_param = null 
23/06/2017 00:07:26 | Exec sp_obtenerComision_v4_7 @tpComprobante_param = 'NC' ,@vlTotalGeneral_param = 0 ,@tpComision_param = 'A Clientes' ,@tpCliente_param = 'A Clientes' ,@dsCodigoDestinos_param = null 
23/06/2017 00:07:26 | Exec sco_DiccionariodeDatos @nmtabla_param='TB_Productos'
23/06/2017 00:07:31 | Exec sco_AccesosOpcionesMenu @p_tpNivelAcceso = 'Administración' ,@p_operaconcaja = 1 
23/06/2017 00:07:33 | Exec sco_cajapuesto_v3_9 @nrCaja_param = 9000003773 
23/06/2017 00:07:33 |  SELECT tb_parametros.dsParametro ,tb_parametros.vlParametro ,tb_parametros.tpParametro ,tb_parametros.flEditable ,tb_parametros.nrTamanio ,tb_parametros.dtActualizacion  FROM tb_parametros  WHERE tb_parametros.dsParametro = 'PUESTO_FACTURACION_ND'  
23/06/2017 00:07:33 |  SELECT tb_parametros.dsParametro ,tb_parametros.vlParametro ,tb_parametros.tpParametro ,tb_parametros.flEditable ,tb_parametros.nrTamanio ,tb_parametros.dtActualizacion  FROM tb_parametros  WHERE tb_parametros.dsParametro = 'PORC_RECARGO_TD'  
23/06/2017 00:07:33 |  SELECT tb_parametros.dsParametro ,tb_parametros.vlParametro ,tb_parametros.tpParametro ,tb_parametros.flEditable ,tb_parametros.nrTamanio ,tb_parametros.dtActualizacion  FROM tb_parametros  WHERE tb_parametros.dsParametro = 'PORC_RECARGO_TC'  
23/06/2017 00:07:33 |  SELECT tb_parametros.dsParametro ,tb_parametros.vlParametro ,tb_parametros.tpParametro ,tb_parametros.flEditable ,tb_parametros.nrTamanio ,tb_parametros.dtActualizacion  FROM tb_parametros  WHERE tb_parametros.dsParametro = 'PORC_RECARGO_TP'  
23/06/2017 00:07:33 | Exec sp_obtenerComision_v4_7 @tpComprobante_param = null ,@vlTotalGeneral_param = 0 ,@tpComision_param = null ,@tpCliente_param = null ,@dsCodigoDestinos_param = null 
23/06/2017 00:07:33 | Exec sp_obtenerComision_v4_7 @tpComprobante_param = null ,@vlTotalGeneral_param = 0 ,@tpComision_param = 'A Clientes' ,@tpCliente_param = 'A Clientes' ,@dsCodigoDestinos_param = null 
23/06/2017 00:07:33 |  SELECT TB_Proveedores.nmNombre ,TB_Proveedores.nmApellido  FROM TB_Proveedores  WHERE TB_Proveedores.tpCategoria = 'Licenciatario'  AND  TB_Proveedores.nrLicencia = 999  AND  TB_Proveedores.flEliminar = 0  
23/06/2017 00:07:33 | Exec spu_obtener_puntosdeventa_facturacion_v4_9_71 @nrPuesto_param = 1 ,@tipo_iva = 'CF' ,@auto_impresor = 'S' ,@tpFormadePago = null ,@tpComprobante = 'NC' 
23/06/2017 00:07:33 | Exec sp_obtenerComision_v4_7 @tpComprobante_param = 'NC' ,@vlTotalGeneral_param = 0 ,@tpComision_param = 'A Clientes' ,@tpCliente_param = 'A Clientes' ,@dsCodigoDestinos_param = null 
23/06/2017 00:07:33 |  SELECT TB_Proveedores.nmNombre ,TB_Proveedores.nmApellido  FROM TB_Proveedores  WHERE TB_Proveedores.tpCategoria = 'Licenciatario'  AND  TB_Proveedores.nrLicencia = 999  AND  TB_Proveedores.flEliminar = 0  
23/06/2017 00:07:33 | Exec spu_obtener_puntosdeventa_facturacion_v4_9_71 @nrPuesto_param = 1 ,@tipo_iva = 'CF' ,@auto_impresor = 'S' ,@tpFormadePago = null ,@tpComprobante = 'NC' 
23/06/2017 00:07:34 | Exec spu_obtener_puntosdeventa_facturacion_v4_9_71 @nrPuesto_param = 1 ,@tipo_iva = 'CF' ,@auto_impresor = 'S' ,@tpFormadePago = null ,@tpComprobante = 'NC' 
23/06/2017 00:07:34 | Exec sp_obtenerComision_v4_7 @tpComprobante_param = 'NC' ,@vlTotalGeneral_param = 0 ,@tpComision_param = 'A Clientes' ,@tpCliente_param = 'A Clientes' ,@dsCodigoDestinos_param = null 
23/06/2017 00:07:34 | Exec sp_obtenerComision_v4_7 @tpComprobante_param = 'NC' ,@vlTotalGeneral_param = 0 ,@tpComision_param = 'A Clientes' ,@tpCliente_param = 'A Clientes' ,@dsCodigoDestinos_param = null 
23/06/2017 00:07:36 |  SELECT TB_Proveedores.nmNombre ,TB_Proveedores.nmApellido  FROM TB_Proveedores  WHERE TB_Proveedores.tpCategoria = 'Licenciatario'  AND  TB_Proveedores.nrLicencia = 999  AND  TB_Proveedores.flEliminar = 0  
23/06/2017 00:07:36 | Exec spu_obtener_puntosdeventa_facturacion_v4_9_71 @nrPuesto_param = 1 ,@tipo_iva = 'CF' ,@auto_impresor = 'S' ,@tpFormadePago = null ,@tpComprobante = 'NC' 
23/06/2017 00:07:36 | Exec spu_obtener_puntosdeventa_facturacion_v4_9_71 @nrPuesto_param = 1 ,@tipo_iva = 'CF' ,@auto_impresor = 'S' ,@tpFormadePago = null ,@tpComprobante = 'NC' 
23/06/2017 00:07:36 | Exec sp_obtenerComision_v4_7 @tpComprobante_param = 'NC' ,@vlTotalGeneral_param = 0 ,@tpComision_param = 'A Clientes' ,@tpCliente_param = 'A Clientes' ,@dsCodigoDestinos_param = null 
23/06/2017 00:07:36 | Exec sp_obtenerComision_v4_7 @tpComprobante_param = 'NC' ,@vlTotalGeneral_param = 0 ,@tpComision_param = 'A Clientes' ,@tpCliente_param = 'A Clientes' ,@dsCodigoDestinos_param = null 
23/06/2017 00:07:38 |  SELECT TB_Proveedores.nmNombre ,TB_Proveedores.nmApellido  FROM TB_Proveedores  WHERE TB_Proveedores.tpCategoria = 'Licenciatario'  AND  TB_Proveedores.nrLicencia = 999  AND  TB_Proveedores.flEliminar = 0  
23/06/2017 00:07:38 | Exec spu_obtener_puntosdeventa_facturacion_v4_9_71 @nrPuesto_param = 1 ,@tipo_iva = 'CF' ,@auto_impresor = 'N' ,@tpFormadePago = null ,@tpComprobante = 'NC' 
23/06/2017 00:07:38 | Exec spu_obtener_puntosdeventa_facturacion_v4_9_71 @nrPuesto_param = 1 ,@tipo_iva = 'CF' ,@auto_impresor = 'N' ,@tpFormadePago = null ,@tpComprobante = 'NC' 
23/06/2017 00:07:38 | Exec sp_obtenerComision_v4_7 @tpComprobante_param = 'NC' ,@vlTotalGeneral_param = 0 ,@tpComision_param = 'A Clientes' ,@tpCliente_param = 'A Clientes' ,@dsCodigoDestinos_param = null 
23/06/2017 00:07:38 | Exec sp_obtenerComision_v4_7 @tpComprobante_param = 'NC' ,@vlTotalGeneral_param = 0 ,@tpComision_param = 'A Clientes' ,@tpCliente_param = 'A Clientes' ,@dsCodigoDestinos_param = null 
23/06/2017 00:07:42 | Exec sco_DiccionariodeDatos @nmtabla_param='TB_Clientes'
23/06/2017 00:07:42 |  SELECT TB_Clientes.dsRazonSocial ,TB_Clientes.nmApellido ,TB_Clientes.nmNombre ,TB_Clientes.dsDomicilio ,TB_Clientes.nrDoc ,TB_Clientes.nmLocalidad ,TB_Clientes.dsEmail ,TB_Clientes.nrTel ,TB_Clientes.cdPostal ,TB_Clientes.tpIVA ,TB_Clientes.tpFormadePago  FROM TB_Clientes  WHERE TB_Clientes.flEliminar = 0  AND  TB_Clientes.cdCliente = 111  AND ( TB_Clientes.dtBaja > '23-06-2017'  OR  TB_Clientes.dtBaja IS NULL  )  
23/06/2017 00:07:42 | Exec spu_obtener_puntosdeventa_facturacion_v4_9_71 @nrPuesto_param = 1 ,@tipo_iva = 'RI' ,@auto_impresor = 'N' ,@tpFormadePago = 'Contado' ,@tpComprobante = 'NC' 
23/06/2017 00:07:42 | Exec sp_obtenerComision_v4_7 @tpComprobante_param = 'NC' ,@vlTotalGeneral_param = 0 ,@tpComision_param = 'A Clientes' ,@tpCliente_param = 'A Clientes' ,@dsCodigoDestinos_param = null 
23/06/2017 00:07:52 | Exec sco_AccesosOpcionesMenu @p_tpNivelAcceso = 'Administración' ,@p_operaconcaja = 1 
23/06/2017 00:07:54 | Exec sco_DiccionariodeDatos @nmtabla_param='TB_Puestos'
23/06/2017 00:07:54 |  SELECT TB_Puestos.nrPuesto ,TB_Puestos.dsPuesto ,TB_Puestos.dsPuesto ,TB_Puestos.nrTalonario_manual ,TB_Puestos.nrTalonario_manual ,TB_Puestos.nrTalonario_automatico ,TB_Puestos.nrTalonario_automatico ,TB_Puestos.nrComprobante_manual_ult ,TB_Puestos.nrComprobante_manual_ult ,TB_Puestos.nrComprobante_automatico_ult ,TB_Puestos.nrComprobante_automatico_ult ,TB_Puestos.tpletra ,TB_Puestos.tpletra ,TB_Puestos.flFacturaCtacte  FROM TB_Puestos  WHERE  dsPuesto Like ('%%%') AND TB_Puestos.flEliminar = 0   Order by TB_Puestos.dsPuesto ASC 
23/06/2017 00:07:55 |  SELECT TB_Puestos.flFacturaCtacte ,TB_Puestos.nrComprobante_manual_empresa_nd_ult ,TB_Puestos.nrComprobante_manual_nd_ult ,TB_Puestos.nrComprobante_manual_empresa_nc_ult ,TB_Puestos.nrComprobante_manual_nc_ult ,TB_Puestos.flRespeta_secuencia_carga_manual ,TB_Puestos.tpLetra_manual ,TB_Puestos.nrComprobante_manual_ult ,TB_Puestos.nrTalonario_manual ,TB_Puestos.tpLetraEmpresa_manual ,TB_Puestos.nrComprobante_manual_empresa_ult ,TB_Puestos.nrTalonario_manual_empresa ,TB_Puestos.tpLetraRecibo_manual ,TB_Puestos.nrComprobante_manual_ctacte_ult ,TB_Puestos.nrTalonario_manual_ctacte ,TB_Puestos.nrComprobante_automatico_nc_ult ,TB_Puestos.nrComprobante_auto_empresa_nc_ult ,TB_Puestos.nrComprobante_automatico_nd_ult ,TB_Puestos.nrComprobante_auto_empresa_nd_ult ,TB_Puestos.dtCAI_Talonario_auto_empresa ,TB_Puestos.dtCAI_Talonario_auto ,TB_Puestos.nrCAI_Talonario_auto ,TB_Puestos.nrCAI_Talonario_auto_empresa ,TB_Puestos.nrTalonario_auto_ctacte ,TB_Puestos.nrComprobante_auto_ctacte_ult ,TB_Puestos.tpLetraRecibo ,TB_Puestos.nrTalonario_auto_empresa ,TB_Puestos.nrComprobante_auto_empresa_ult ,TB_Puestos.tpLetraEmpresa ,TB_Puestos.nrTalonario_automatico ,TB_Puestos.nrComprobante_automatico_ult ,TB_Puestos.tpLetra ,TB_Puestos.dsPuesto ,TB_Puestos.nrPuesto  FROM TB_Puestos  WHERE TB_Puestos.nrPuesto = 1  AND  TB_Puestos.flEliminar = 0  
23/06/2017 00:08:40 | Exec sco_AccesosOpcionesMenu @p_tpNivelAcceso = 'Administración' ,@p_operaconcaja = 1 
23/06/2017 00:08:44 | Exec sco_cajapuesto_v3_9 @nrCaja_param = 9000003773 
23/06/2017 00:08:44 |  SELECT tb_parametros.dsParametro ,tb_parametros.vlParametro ,tb_parametros.tpParametro ,tb_parametros.flEditable ,tb_parametros.nrTamanio ,tb_parametros.dtActualizacion  FROM tb_parametros  WHERE tb_parametros.dsParametro = 'PUESTO_FACTURACION_ND'  
23/06/2017 00:08:44 |  SELECT tb_parametros.dsParametro ,tb_parametros.vlParametro ,tb_parametros.tpParametro ,tb_parametros.flEditable ,tb_parametros.nrTamanio ,tb_parametros.dtActualizacion  FROM tb_parametros  WHERE tb_parametros.dsParametro = 'PORC_RECARGO_TD'  
23/06/2017 00:08:44 |  SELECT tb_parametros.dsParametro ,tb_parametros.vlParametro ,tb_parametros.tpParametro ,tb_parametros.flEditable ,tb_parametros.nrTamanio ,tb_parametros.dtActualizacion  FROM tb_parametros  WHERE tb_parametros.dsParametro = 'PORC_RECARGO_TC'  
23/06/2017 00:08:44 |  SELECT tb_parametros.dsParametro ,tb_parametros.vlParametro ,tb_parametros.tpParametro ,tb_parametros.flEditable ,tb_parametros.nrTamanio ,tb_parametros.dtActualizacion  FROM tb_parametros  WHERE tb_parametros.dsParametro = 'PORC_RECARGO_TP'  
23/06/2017 00:08:44 | Exec sp_obtenerComision_v4_7 @tpComprobante_param = null ,@vlTotalGeneral_param = 0 ,@tpComision_param = null ,@tpCliente_param = null ,@dsCodigoDestinos_param = null 
23/06/2017 00:08:44 | Exec sp_obtenerComision_v4_7 @tpComprobante_param = null ,@vlTotalGeneral_param = 0 ,@tpComision_param = 'A Clientes' ,@tpCliente_param = 'A Clientes' ,@dsCodigoDestinos_param = null 
23/06/2017 00:08:44 |  SELECT TB_Proveedores.nmNombre ,TB_Proveedores.nmApellido  FROM TB_Proveedores  WHERE TB_Proveedores.tpCategoria = 'Licenciatario'  AND  TB_Proveedores.nrLicencia = 999  AND  TB_Proveedores.flEliminar = 0  
23/06/2017 00:08:44 | Exec spu_obtener_puntosdeventa_facturacion_v4_9_71 @nrPuesto_param = 1 ,@tipo_iva = 'CF' ,@auto_impresor = 'S' ,@tpFormadePago = null ,@tpComprobante = 'NC' 
23/06/2017 00:08:44 | Exec sp_obtenerComision_v4_7 @tpComprobante_param = 'NC' ,@vlTotalGeneral_param = 0 ,@tpComision_param = 'A Clientes' ,@tpCliente_param = 'A Clientes' ,@dsCodigoDestinos_param = null 
23/06/2017 00:08:44 |  SELECT TB_Proveedores.nmNombre ,TB_Proveedores.nmApellido  FROM TB_Proveedores  WHERE TB_Proveedores.tpCategoria = 'Licenciatario'  AND  TB_Proveedores.nrLicencia = 999  AND  TB_Proveedores.flEliminar = 0  
23/06/2017 00:08:44 | Exec spu_obtener_puntosdeventa_facturacion_v4_9_71 @nrPuesto_param = 1 ,@tipo_iva = 'CF' ,@auto_impresor = 'S' ,@tpFormadePago = null ,@tpComprobante = 'NC' 
23/06/2017 00:08:44 | Exec spu_obtener_puntosdeventa_facturacion_v4_9_71 @nrPuesto_param = 1 ,@tipo_iva = 'CF' ,@auto_impresor = 'S' ,@tpFormadePago = null ,@tpComprobante = 'NC' 
23/06/2017 00:08:44 | Exec sp_obtenerComision_v4_7 @tpComprobante_param = 'NC' ,@vlTotalGeneral_param = 0 ,@tpComision_param = 'A Clientes' ,@tpCliente_param = 'A Clientes' ,@dsCodigoDestinos_param = null 
23/06/2017 00:08:44 | Exec sp_obtenerComision_v4_7 @tpComprobante_param = 'NC' ,@vlTotalGeneral_param = 0 ,@tpComision_param = 'A Clientes' ,@tpCliente_param = 'A Clientes' ,@dsCodigoDestinos_param = null 
23/06/2017 00:08:46 |  SELECT TB_Proveedores.nmNombre ,TB_Proveedores.nmApellido  FROM TB_Proveedores  WHERE TB_Proveedores.tpCategoria = 'Licenciatario'  AND  TB_Proveedores.nrLicencia = 999  AND  TB_Proveedores.flEliminar = 0  
23/06/2017 00:08:46 | Exec spu_obtener_puntosdeventa_facturacion_v4_9_71 @nrPuesto_param = 1 ,@tipo_iva = 'CF' ,@auto_impresor = 'S' ,@tpFormadePago = null ,@tpComprobante = 'NC' 
23/06/2017 00:08:46 | Exec spu_obtener_puntosdeventa_facturacion_v4_9_71 @nrPuesto_param = 1 ,@tipo_iva = 'CF' ,@auto_impresor = 'S' ,@tpFormadePago = null ,@tpComprobante = 'NC' 
23/06/2017 00:08:46 | Exec sp_obtenerComision_v4_7 @tpComprobante_param = 'NC' ,@vlTotalGeneral_param = 0 ,@tpComision_param = 'A Clientes' ,@tpCliente_param = 'A Clientes' ,@dsCodigoDestinos_param = null 
23/06/2017 00:08:46 | Exec sp_obtenerComision_v4_7 @tpComprobante_param = 'NC' ,@vlTotalGeneral_param = 0 ,@tpComision_param = 'A Clientes' ,@tpCliente_param = 'A Clientes' ,@dsCodigoDestinos_param = null 
23/06/2017 00:08:49 |  SELECT TB_Proveedores.nmNombre ,TB_Proveedores.nmApellido  FROM TB_Proveedores  WHERE TB_Proveedores.tpCategoria = 'Licenciatario'  AND  TB_Proveedores.nrLicencia = 999  AND  TB_Proveedores.flEliminar = 0  
23/06/2017 00:08:49 | Exec spu_obtener_puntosdeventa_facturacion_v4_9_71 @nrPuesto_param = 1 ,@tipo_iva = 'CF' ,@auto_impresor = 'N' ,@tpFormadePago = null ,@tpComprobante = 'NC' 
23/06/2017 00:08:49 | Exec spu_obtener_puntosdeventa_facturacion_v4_9_71 @nrPuesto_param = 1 ,@tipo_iva = 'CF' ,@auto_impresor = 'N' ,@tpFormadePago = null ,@tpComprobante = 'NC' 
23/06/2017 00:08:49 | Exec sp_obtenerComision_v4_7 @tpComprobante_param = 'NC' ,@vlTotalGeneral_param = 0 ,@tpComision_param = 'A Clientes' ,@tpCliente_param = 'A Clientes' ,@dsCodigoDestinos_param = null 
23/06/2017 00:08:49 | Exec sp_obtenerComision_v4_7 @tpComprobante_param = 'NC' ,@vlTotalGeneral_param = 0 ,@tpComision_param = 'A Clientes' ,@tpCliente_param = 'A Clientes' ,@dsCodigoDestinos_param = null 
23/06/2017 00:08:54 |  SELECT TB_Clientes.dsRazonSocial ,TB_Clientes.nmApellido ,TB_Clientes.nmNombre ,TB_Clientes.dsDomicilio ,TB_Clientes.nrDoc ,TB_Clientes.nmLocalidad ,TB_Clientes.dsEmail ,TB_Clientes.nrTel ,TB_Clientes.cdPostal ,TB_Clientes.tpIVA ,TB_Clientes.tpFormadePago  FROM TB_Clientes  WHERE TB_Clientes.flEliminar = 0  AND  TB_Clientes.cdCliente = 111  AND ( TB_Clientes.dtBaja > '23-06-2017'  OR  TB_Clientes.dtBaja IS NULL  )  
23/06/2017 00:08:54 | Exec spu_obtener_puntosdeventa_facturacion_v4_9_71 @nrPuesto_param = 1 ,@tipo_iva = 'RI' ,@auto_impresor = 'N' ,@tpFormadePago = 'Contado' ,@tpComprobante = 'NC' 
23/06/2017 00:08:54 | Exec sp_obtenerComision_v4_7 @tpComprobante_param = 'NC' ,@vlTotalGeneral_param = 0 ,@tpComision_param = 'A Clientes' ,@tpCliente_param = 'A Clientes' ,@dsCodigoDestinos_param = null 
23/06/2017 00:10:59 | Exec sco_AccesosOpcionesMenu @p_tpNivelAcceso = 'Administración' ,@p_operaconcaja = 1 
