12/12/2017 14:27:44 | Exec sco_DiccionariodeDatos @nmtabla_param='TB_Puestos'
12/12/2017 14:27:45 |  SELECT TB_Puestos.nrPuesto ,TB_Puestos.dsPuesto  FROM TB_Puestos   
12/12/2017 14:27:45 |  SELECT TB_Puestos.nrPuesto ,TB_Puestos.dsPuesto  FROM TB_Puestos  WHERE TB_Puestos.nrPuesto = 9    
12/12/2017 14:27:49 | Exec  sco_TB_Productos_v4_1 
12/12/2017 14:27:49 | Exec sco_DiccionariodeDatos @nmtabla_param='TB_Usuarios'
12/12/2017 14:27:59 |  SELECT TB_Usuarios.dsUsuario ,TB_Usuarios.dspassword ,TB_Usuarios.tpAcceso ,TB_Usuarios.nmNombre ,TB_Usuarios.nmApellido ,TB_Usuarios.flBloqueado ,TB_Usuarios.tpNivelJerarquico  FROM TB_Usuarios  WHERE TB_Usuarios.dsUsuario = 'CAMILAP'  AND  TB_Usuarios.flEliminar = 0    
12/12/2017 14:27:59 |  SELECT TB_Usuarios.dsUsuario ,TB_Usuarios.dspassword ,TB_Usuarios.tpAcceso ,TB_Usuarios.nmNombre ,TB_Usuarios.nmApellido ,TB_Usuarios.flBloqueado ,TB_Usuarios.tpNivelJerarquico  FROM TB_Usuarios  WHERE TB_Usuarios.dsUsuario = 'CAMILAP'  AND  TB_Usuarios.flEliminar = 0    
12/12/2017 14:27:59 | Exec sco_DiccionariodeDatos @nmtabla_param='sp_obtenerCajasPendientesdeAprobacion_v2_5'
12/12/2017 14:27:59 | Exec sp_obtenerCajasPendientesdeAprobacion_v2_5 @pdsUsuario_param = 'CAMILAP' 
12/12/2017 14:27:59 | Exec sp_obtenerCajasRechazadas_v2_9 
12/12/2017 14:27:59 | Exec sco_DiccionariodeDatos @nmtabla_param='TB_Parametros'
12/12/2017 14:27:59 |  SELECT TB_Parametros.vlParametro  FROM TB_Parametros  WHERE TB_Parametros.dsParametro = 'VALOR EURO'    
12/12/2017 14:27:59 |  SELECT TB_Parametros.vlParametro  FROM TB_Parametros  WHERE TB_Parametros.dsParametro = 'VALOR DOLAR'    
12/12/2017 14:27:59 | Exec SP_ValorPromoRetorno
12/12/2017 14:27:59 | Exec sco_DiccionariodeDatos @nmtabla_param='TB_Comisiones'
12/12/2017 14:27:59 |  SELECT TB_Comisiones.vlMontoMinimo  FROM TB_Comisiones  WHERE TB_Comisiones.tpComision = 'Retorno'  AND  TB_Comisiones.flEliminar = 0    
12/12/2017 14:27:59 |  SELECT TB_Parametros.vlParametro  FROM TB_Parametros  WHERE TB_Parametros.dsParametro = 'VALOR REAL'    
12/12/2017 14:27:59 | Exec sco_DiccionariodeDatos @nmtabla_param='TB_Cajas'
12/12/2017 14:28:03 |  SELECT TB_Cajas.nrCaja  FROM TB_Cajas  WHERE TB_Cajas.dsUsuario = 'CAMILAP'  and  TB_Cajas.flEstado = 0  and  TB_Cajas.tpEstadoAprobacion IS NULL  and  TB_Cajas.nrcaja > 0    
12/12/2017 14:34:59 |  SELECT TB_Cajas.nrCaja ,TB_Cajas.vlTotalSaldoFinal ,TB_Cajas.nrPuesto ,TB_Cajas.dsUsuario ,TB_Cajas.vlSaldoInicialPesos ,TB_Cajas.dtApertura ,TB_Cajas.dtCierre ,TB_Cajas.vlDiaDolar ,TB_Cajas.vlDiaEuro ,TB_Cajas.vlSaldoInicialEuros ,TB_Cajas.vlSaldoInicialDolares ,TB_Cajas.vlSaldoFinalRealPesos ,TB_Cajas.vlTotalSaldoInicial ,TB_Cajas.dtObservacion ,TB_Cajas.vlCierrePesos ,TB_Cajas.vlSaldoFinalRealDolares ,TB_Cajas.vlSaldoFinalRealEuros ,TB_Cajas.vlTotalSaldoFinalReal ,TB_Cajas.vlCierreDolares ,TB_Cajas.vlCierreEuros ,TB_Cajas.dsObservacion ,TB_Cajas.vlDiaReal ,TB_Cajas.flEstado  FROM TB_Cajas  WHERE TB_Cajas.nrCaja = 9000004252    
12/12/2017 14:34:59 | Exec sco_DiccionariodeDatos @nmtabla_param='SP_SumaCajaADM_v2_9'
12/12/2017 14:34:59 | Exec SP_SumaCajaADM_v2_9 @nrCaja_param = 9000004252 ,@tpCaja_param = 'CA' ,@tpCajaImputacion_param = null 
12/12/2017 14:35:00 |  UPDATE TB_Cajas SET TB_Cajas.vlSaldoFinalRealPesos  = 1541648.00 ,TB_Cajas.vlSaldoFinalRealEuros  = 0.00 ,TB_Cajas.vlSaldoFinalRealDolares  = 0.00 ,TB_Cajas.vlCierrePesos  = 0 ,TB_Cajas.vlCierreDolares  = 0 ,TB_Cajas.vlCierreEuros  = 0   WHERE TB_Cajas.nrCaja = 9000004252  
12/12/2017 14:35:01 |  UPDATE TB_Cajas SET TB_Cajas.nrCaja  = 9000004252 ,TB_Cajas.vlTotalSaldoFinal  = 0.00 ,TB_Cajas.nrPuesto  = 9 ,TB_Cajas.dsUsuario  = 'CAMILAP' ,TB_Cajas.vlSaldoInicialPesos  = 1541648.00 ,TB_Cajas.dtApertura  = '04/04/2017 17:52:50' ,TB_Cajas.dtCierre  = null ,TB_Cajas.vlDiaDolar  = 14.60 ,TB_Cajas.vlDiaEuro  = 15.60 ,TB_Cajas.vlSaldoInicialEuros  = 0.00 ,TB_Cajas.vlSaldoInicialDolares  = 0.00 ,TB_Cajas.vlSaldoFinalRealPesos  = 1541648.00 ,TB_Cajas.vlTotalSaldoInicial  = 1541648.00 ,TB_Cajas.dtObservacion  = '12/12/2017 14:35:01' ,TB_Cajas.vlCierrePesos  = 0 ,TB_Cajas.vlSaldoFinalRealDolares  = 0.00 ,TB_Cajas.vlSaldoFinalRealEuros  = 0.00 ,TB_Cajas.vlTotalSaldoFinalReal  = 1541648.00 ,TB_Cajas.vlCierreDolares  = 0 ,TB_Cajas.vlCierreEuros  = 0 ,TB_Cajas.dsObservacion  = null ,TB_Cajas.vlDiaReal  = 4.33 ,TB_Cajas.flCajaAdm  = 1   WHERE TB_Cajas.nrCaja = 9000004252  
12/12/2017 14:35:01 | Exec sco_DiccionariodeDatos @nmtabla_param='VW_UltimaCajaAdm'
12/12/2017 14:35:01 |  SELECT VW_UltimaCajaAdm.nrCaja ,VW_UltimaCajaAdm.vlSaldoFinalRealPesos ,VW_UltimaCajaAdm.vlSaldoFinalRealEuros ,VW_UltimaCajaAdm.vlSaldoFinalRealDolares  FROM VW_UltimaCajaAdm   
12/12/2017 14:35:01 |  SELECT TB_Cajas.nrCaja  FROM TB_Cajas  WHERE TB_Cajas.nrCaja = 9000004252  AND  TB_Cajas.flEstado = 0    
12/12/2017 14:35:01 | Exec sco_DiccionariodeDatos @nmtabla_param='sco_cajapuesto_v3_9'
12/12/2017 14:35:01 | Exec sco_cajapuesto_v3_9 @nrCaja_param = 9000004251 
12/12/2017 14:35:01 | Exec sco_cajapuesto_v3_9 @nrCaja_param = 9000004252 
12/12/2017 14:35:01 | Exec sco_DiccionariodeDatos @nmtabla_param='spu_esdifporCotizacionImputadas_v3_9'
12/12/2017 14:35:01 | Exec spu_esdifporCotizacionImputadas_v3_9 @nrCajaAdmActual = 9000004252 
12/12/2017 14:35:01 | Exec sco_validarVencimientosCAI_v4_1
12/12/2017 14:35:02 | Exec sco_DiccionariodeDatos @nmtabla_param='sco_AccesosOpcionesMenu'
12/12/2017 14:35:02 | Exec sco_AccesosOpcionesMenu @p_tpNivelAcceso = 'Administración' ,@p_operaconcaja = 1 
12/12/2017 14:35:02 | Exec sco_AccesosOpcionesMenu @p_tpNivelAcceso = 'Administración' ,@p_operaconcaja = 1 
12/12/2017 14:35:08 |  SELECT TB_Puestos.nrPuesto ,TB_Puestos.dsPuesto ,TB_Puestos.dsPuesto ,TB_Puestos.nrTalonario_manual ,TB_Puestos.nrTalonario_manual ,TB_Puestos.nrTalonario_automatico ,TB_Puestos.nrTalonario_automatico ,TB_Puestos.nrComprobante_manual_ult ,TB_Puestos.nrComprobante_manual_ult ,TB_Puestos.nrComprobante_automatico_ult ,TB_Puestos.nrComprobante_automatico_ult ,TB_Puestos.tpletra ,TB_Puestos.tpletra ,TB_Puestos.flFacturaCtacte  FROM TB_Puestos  WHERE  dsPuesto Like ('%%%') AND TB_Puestos.flEliminar = 0     Order by TB_Puestos.dsPuesto ASC 
12/12/2017 14:35:22 |  SELECT TB_Puestos.flFacturaCtacte ,TB_Puestos.nrComprobante_manual_empresa_nd_ult ,TB_Puestos.nrComprobante_manual_nd_ult ,TB_Puestos.nrComprobante_manual_empresa_nc_ult ,TB_Puestos.nrComprobante_manual_nc_ult ,TB_Puestos.flRespeta_secuencia_carga_manual ,TB_Puestos.tpLetra_manual ,TB_Puestos.nrComprobante_manual_ult ,TB_Puestos.nrTalonario_manual ,TB_Puestos.tpLetraEmpresa_manual ,TB_Puestos.nrComprobante_manual_empresa_ult ,TB_Puestos.nrTalonario_manual_empresa ,TB_Puestos.tpLetraRecibo_manual ,TB_Puestos.nrComprobante_manual_ctacte_ult ,TB_Puestos.nrTalonario_manual_ctacte ,TB_Puestos.nrComprobante_automatico_nc_ult ,TB_Puestos.nrComprobante_auto_empresa_nc_ult ,TB_Puestos.nrComprobante_automatico_nd_ult ,TB_Puestos.nrComprobante_auto_empresa_nd_ult ,TB_Puestos.dtCAI_Talonario_auto_empresa ,TB_Puestos.dtCAI_Talonario_auto ,TB_Puestos.nrCAI_Talonario_auto ,TB_Puestos.nrCAI_Talonario_auto_empresa ,TB_Puestos.nrTalonario_auto_ctacte ,TB_Puestos.nrComprobante_auto_ctacte_ult ,TB_Puestos.tpLetraRecibo ,TB_Puestos.nrTalonario_auto_empresa ,TB_Puestos.nrComprobante_auto_empresa_ult ,TB_Puestos.tpLetraEmpresa ,TB_Puestos.nrTalonario_automatico ,TB_Puestos.nrComprobante_automatico_ult ,TB_Puestos.tpLetra ,TB_Puestos.dsPuesto ,TB_Puestos.nrPuesto  FROM TB_Puestos  WHERE TB_Puestos.nrPuesto = 1  AND  TB_Puestos.flEliminar = 0    
12/12/2017 14:35:24 |  SELECT TB_Puestos.flFacturaCtacte ,TB_Puestos.nrComprobante_manual_empresa_nd_ult ,TB_Puestos.nrComprobante_manual_nd_ult ,TB_Puestos.nrComprobante_manual_empresa_nc_ult ,TB_Puestos.nrComprobante_manual_nc_ult ,TB_Puestos.flRespeta_secuencia_carga_manual ,TB_Puestos.tpLetra_manual ,TB_Puestos.nrComprobante_manual_ult ,TB_Puestos.nrTalonario_manual ,TB_Puestos.tpLetraEmpresa_manual ,TB_Puestos.nrComprobante_manual_empresa_ult ,TB_Puestos.nrTalonario_manual_empresa ,TB_Puestos.tpLetraRecibo_manual ,TB_Puestos.nrComprobante_manual_ctacte_ult ,TB_Puestos.nrTalonario_manual_ctacte ,TB_Puestos.nrComprobante_automatico_nc_ult ,TB_Puestos.nrComprobante_auto_empresa_nc_ult ,TB_Puestos.nrComprobante_automatico_nd_ult ,TB_Puestos.nrComprobante_auto_empresa_nd_ult ,TB_Puestos.dtCAI_Talonario_auto_empresa ,TB_Puestos.dtCAI_Talonario_auto ,TB_Puestos.nrCAI_Talonario_auto ,TB_Puestos.nrCAI_Talonario_auto_empresa ,TB_Puestos.nrTalonario_auto_ctacte ,TB_Puestos.nrComprobante_auto_ctacte_ult ,TB_Puestos.tpLetraRecibo ,TB_Puestos.nrTalonario_auto_empresa ,TB_Puestos.nrComprobante_auto_empresa_ult ,TB_Puestos.tpLetraEmpresa ,TB_Puestos.nrTalonario_automatico ,TB_Puestos.nrComprobante_automatico_ult ,TB_Puestos.tpLetra ,TB_Puestos.dsPuesto ,TB_Puestos.nrPuesto  FROM TB_Puestos  WHERE TB_Puestos.nrPuesto = 2  AND  TB_Puestos.flEliminar = 0    
12/12/2017 14:35:32 |  SELECT TB_Puestos.flFacturaCtacte ,TB_Puestos.nrComprobante_manual_empresa_nd_ult ,TB_Puestos.nrComprobante_manual_nd_ult ,TB_Puestos.nrComprobante_manual_empresa_nc_ult ,TB_Puestos.nrComprobante_manual_nc_ult ,TB_Puestos.flRespeta_secuencia_carga_manual ,TB_Puestos.tpLetra_manual ,TB_Puestos.nrComprobante_manual_ult ,TB_Puestos.nrTalonario_manual ,TB_Puestos.tpLetraEmpresa_manual ,TB_Puestos.nrComprobante_manual_empresa_ult ,TB_Puestos.nrTalonario_manual_empresa ,TB_Puestos.tpLetraRecibo_manual ,TB_Puestos.nrComprobante_manual_ctacte_ult ,TB_Puestos.nrTalonario_manual_ctacte ,TB_Puestos.nrComprobante_automatico_nc_ult ,TB_Puestos.nrComprobante_auto_empresa_nc_ult ,TB_Puestos.nrComprobante_automatico_nd_ult ,TB_Puestos.nrComprobante_auto_empresa_nd_ult ,TB_Puestos.dtCAI_Talonario_auto_empresa ,TB_Puestos.dtCAI_Talonario_auto ,TB_Puestos.nrCAI_Talonario_auto ,TB_Puestos.nrCAI_Talonario_auto_empresa ,TB_Puestos.nrTalonario_auto_ctacte ,TB_Puestos.nrComprobante_auto_ctacte_ult ,TB_Puestos.tpLetraRecibo ,TB_Puestos.nrTalonario_auto_empresa ,TB_Puestos.nrComprobante_auto_empresa_ult ,TB_Puestos.tpLetraEmpresa ,TB_Puestos.nrTalonario_automatico ,TB_Puestos.nrComprobante_automatico_ult ,TB_Puestos.tpLetra ,TB_Puestos.dsPuesto ,TB_Puestos.nrPuesto  FROM TB_Puestos  WHERE TB_Puestos.nrPuesto = 5  AND  TB_Puestos.flEliminar = 0    
12/12/2017 14:35:35 | Exec sco_AccesosOpcionesMenu @p_tpNivelAcceso = 'Administración' ,@p_operaconcaja = 1 
12/12/2017 14:36:08 |  SELECT TB_Puestos.nrPuesto ,TB_Puestos.dsPuesto ,TB_Puestos.dsPuesto ,TB_Puestos.nrTalonario_manual ,TB_Puestos.nrTalonario_manual ,TB_Puestos.nrTalonario_automatico ,TB_Puestos.nrTalonario_automatico ,TB_Puestos.nrComprobante_manual_ult ,TB_Puestos.nrComprobante_manual_ult ,TB_Puestos.nrComprobante_automatico_ult ,TB_Puestos.nrComprobante_automatico_ult ,TB_Puestos.tpletra ,TB_Puestos.tpletra ,TB_Puestos.flFacturaCtacte  FROM TB_Puestos  WHERE  dsPuesto Like ('%%%') AND TB_Puestos.flEliminar = 0     Order by TB_Puestos.dsPuesto ASC 
12/12/2017 14:36:12 |  SELECT TB_Puestos.flFacturaCtacte ,TB_Puestos.nrComprobante_manual_empresa_nd_ult ,TB_Puestos.nrComprobante_manual_nd_ult ,TB_Puestos.nrComprobante_manual_empresa_nc_ult ,TB_Puestos.nrComprobante_manual_nc_ult ,TB_Puestos.flRespeta_secuencia_carga_manual ,TB_Puestos.tpLetra_manual ,TB_Puestos.nrComprobante_manual_ult ,TB_Puestos.nrTalonario_manual ,TB_Puestos.tpLetraEmpresa_manual ,TB_Puestos.nrComprobante_manual_empresa_ult ,TB_Puestos.nrTalonario_manual_empresa ,TB_Puestos.tpLetraRecibo_manual ,TB_Puestos.nrComprobante_manual_ctacte_ult ,TB_Puestos.nrTalonario_manual_ctacte ,TB_Puestos.nrComprobante_automatico_nc_ult ,TB_Puestos.nrComprobante_auto_empresa_nc_ult ,TB_Puestos.nrComprobante_automatico_nd_ult ,TB_Puestos.nrComprobante_auto_empresa_nd_ult ,TB_Puestos.dtCAI_Talonario_auto_empresa ,TB_Puestos.dtCAI_Talonario_auto ,TB_Puestos.nrCAI_Talonario_auto ,TB_Puestos.nrCAI_Talonario_auto_empresa ,TB_Puestos.nrTalonario_auto_ctacte ,TB_Puestos.nrComprobante_auto_ctacte_ult ,TB_Puestos.tpLetraRecibo ,TB_Puestos.nrTalonario_auto_empresa ,TB_Puestos.nrComprobante_auto_empresa_ult ,TB_Puestos.tpLetraEmpresa ,TB_Puestos.nrTalonario_automatico ,TB_Puestos.nrComprobante_automatico_ult ,TB_Puestos.tpLetra ,TB_Puestos.dsPuesto ,TB_Puestos.nrPuesto  FROM TB_Puestos  WHERE TB_Puestos.nrPuesto = 4  AND  TB_Puestos.flEliminar = 0    
12/12/2017 14:36:52 |  SELECT TB_Puestos.flFacturaCtacte ,TB_Puestos.nrComprobante_manual_empresa_nd_ult ,TB_Puestos.nrComprobante_manual_nd_ult ,TB_Puestos.nrComprobante_manual_empresa_nc_ult ,TB_Puestos.nrComprobante_manual_nc_ult ,TB_Puestos.flRespeta_secuencia_carga_manual ,TB_Puestos.tpLetra_manual ,TB_Puestos.nrComprobante_manual_ult ,TB_Puestos.nrTalonario_manual ,TB_Puestos.tpLetraEmpresa_manual ,TB_Puestos.nrComprobante_manual_empresa_ult ,TB_Puestos.nrTalonario_manual_empresa ,TB_Puestos.tpLetraRecibo_manual ,TB_Puestos.nrComprobante_manual_ctacte_ult ,TB_Puestos.nrTalonario_manual_ctacte ,TB_Puestos.nrComprobante_automatico_nc_ult ,TB_Puestos.nrComprobante_auto_empresa_nc_ult ,TB_Puestos.nrComprobante_automatico_nd_ult ,TB_Puestos.nrComprobante_auto_empresa_nd_ult ,TB_Puestos.dtCAI_Talonario_auto_empresa ,TB_Puestos.dtCAI_Talonario_auto ,TB_Puestos.nrCAI_Talonario_auto ,TB_Puestos.nrCAI_Talonario_auto_empresa ,TB_Puestos.nrTalonario_auto_ctacte ,TB_Puestos.nrComprobante_auto_ctacte_ult ,TB_Puestos.tpLetraRecibo ,TB_Puestos.nrTalonario_auto_empresa ,TB_Puestos.nrComprobante_auto_empresa_ult ,TB_Puestos.tpLetraEmpresa ,TB_Puestos.nrTalonario_automatico ,TB_Puestos.nrComprobante_automatico_ult ,TB_Puestos.tpLetra ,TB_Puestos.dsPuesto ,TB_Puestos.nrPuesto  FROM TB_Puestos  WHERE TB_Puestos.nrPuesto = 5  AND  TB_Puestos.flEliminar = 0    
12/12/2017 14:38:08 | Exec   sco_Puestos_v4_7  @nrPuesto_param=5
12/12/2017 14:39:43 | Exec sco_DiccionariodeDatos @nmtabla_param='TB_Puestos'
12/12/2017 14:39:43 |  SELECT TB_Puestos.nrPuesto ,TB_Puestos.dsPuesto  FROM TB_Puestos   
12/12/2017 14:39:43 |  SELECT TB_Puestos.nrPuesto ,TB_Puestos.dsPuesto  FROM TB_Puestos  WHERE TB_Puestos.nrPuesto = 9    
12/12/2017 14:39:58 | Exec  sco_TB_Productos_v4_1 
12/12/2017 14:39:58 | Exec sco_DiccionariodeDatos @nmtabla_param='TB_Usuarios'
12/12/2017 14:40:01 |  SELECT TB_Usuarios.dsUsuario ,TB_Usuarios.dspassword ,TB_Usuarios.tpAcceso ,TB_Usuarios.nmNombre ,TB_Usuarios.nmApellido ,TB_Usuarios.flBloqueado ,TB_Usuarios.tpNivelJerarquico  FROM TB_Usuarios  WHERE TB_Usuarios.dsUsuario = 'CAMILAP'  AND  TB_Usuarios.flEliminar = 0    
12/12/2017 14:40:01 |  SELECT TB_Usuarios.dsUsuario ,TB_Usuarios.dspassword ,TB_Usuarios.tpAcceso ,TB_Usuarios.nmNombre ,TB_Usuarios.nmApellido ,TB_Usuarios.flBloqueado ,TB_Usuarios.tpNivelJerarquico  FROM TB_Usuarios  WHERE TB_Usuarios.dsUsuario = 'CAMILAP'  AND  TB_Usuarios.flEliminar = 0    
12/12/2017 14:40:01 | Exec sco_DiccionariodeDatos @nmtabla_param='sp_obtenerCajasPendientesdeAprobacion_v2_5'
12/12/2017 14:40:01 | Exec sp_obtenerCajasPendientesdeAprobacion_v2_5 @pdsUsuario_param = 'CAMILAP' 
12/12/2017 14:40:01 | Exec sp_obtenerCajasRechazadas_v2_9 
12/12/2017 14:40:01 | Exec sco_DiccionariodeDatos @nmtabla_param='TB_Parametros'
12/12/2017 14:40:01 |  SELECT TB_Parametros.vlParametro  FROM TB_Parametros  WHERE TB_Parametros.dsParametro = 'VALOR EURO'    
12/12/2017 14:40:01 |  SELECT TB_Parametros.vlParametro  FROM TB_Parametros  WHERE TB_Parametros.dsParametro = 'VALOR DOLAR'    
12/12/2017 14:40:01 | Exec SP_ValorPromoRetorno
12/12/2017 14:40:01 | Exec sco_DiccionariodeDatos @nmtabla_param='TB_Comisiones'
12/12/2017 14:40:01 |  SELECT TB_Comisiones.vlMontoMinimo  FROM TB_Comisiones  WHERE TB_Comisiones.tpComision = 'Retorno'  AND  TB_Comisiones.flEliminar = 0    
12/12/2017 14:40:01 |  SELECT TB_Parametros.vlParametro  FROM TB_Parametros  WHERE TB_Parametros.dsParametro = 'VALOR REAL'    
12/12/2017 14:40:01 | Exec sco_DiccionariodeDatos @nmtabla_param='TB_Cajas'
12/12/2017 14:40:01 |  SELECT TB_Cajas.nrCaja  FROM TB_Cajas  WHERE TB_Cajas.dsUsuario = 'CAMILAP'  and  TB_Cajas.flEstado = 0  and  TB_Cajas.tpEstadoAprobacion IS NULL  and  TB_Cajas.nrcaja > 0    
12/12/2017 14:40:02 |  SELECT TB_Cajas.nrCaja ,TB_Cajas.vlTotalSaldoFinal ,TB_Cajas.nrPuesto ,TB_Cajas.dsUsuario ,TB_Cajas.vlSaldoInicialPesos ,TB_Cajas.dtApertura ,TB_Cajas.dtCierre ,TB_Cajas.vlDiaDolar ,TB_Cajas.vlDiaEuro ,TB_Cajas.vlSaldoInicialEuros ,TB_Cajas.vlSaldoInicialDolares ,TB_Cajas.vlSaldoFinalRealPesos ,TB_Cajas.vlTotalSaldoInicial ,TB_Cajas.dtObservacion ,TB_Cajas.vlCierrePesos ,TB_Cajas.vlSaldoFinalRealDolares ,TB_Cajas.vlSaldoFinalRealEuros ,TB_Cajas.vlTotalSaldoFinalReal ,TB_Cajas.vlCierreDolares ,TB_Cajas.vlCierreEuros ,TB_Cajas.dsObservacion ,TB_Cajas.vlDiaReal ,TB_Cajas.flEstado  FROM TB_Cajas  WHERE TB_Cajas.nrCaja = 9000004252    
12/12/2017 14:40:02 | Exec sco_DiccionariodeDatos @nmtabla_param='SP_SumaCajaADM_v2_9'
12/12/2017 14:40:02 | Exec SP_SumaCajaADM_v2_9 @nrCaja_param = 9000004252 ,@tpCaja_param = 'CA' ,@tpCajaImputacion_param = null 
12/12/2017 14:40:02 |  UPDATE TB_Cajas SET TB_Cajas.vlSaldoFinalRealPesos  = 1541648.00 ,TB_Cajas.vlSaldoFinalRealEuros  = 0.00 ,TB_Cajas.vlSaldoFinalRealDolares  = 0.00 ,TB_Cajas.vlCierrePesos  = 0 ,TB_Cajas.vlCierreDolares  = 0 ,TB_Cajas.vlCierreEuros  = 0   WHERE TB_Cajas.nrCaja = 9000004252  
12/12/2017 14:40:03 |  UPDATE TB_Cajas SET TB_Cajas.nrCaja  = 9000004252 ,TB_Cajas.vlTotalSaldoFinal  = 0.00 ,TB_Cajas.nrPuesto  = 9 ,TB_Cajas.dsUsuario  = 'CAMILAP' ,TB_Cajas.vlSaldoInicialPesos  = 1541648.00 ,TB_Cajas.dtApertura  = '04/04/2017 17:52:50' ,TB_Cajas.dtCierre  = null ,TB_Cajas.vlDiaDolar  = 14.60 ,TB_Cajas.vlDiaEuro  = 15.60 ,TB_Cajas.vlSaldoInicialEuros  = 0.00 ,TB_Cajas.vlSaldoInicialDolares  = 0.00 ,TB_Cajas.vlSaldoFinalRealPesos  = 1541648.00 ,TB_Cajas.vlTotalSaldoInicial  = 1541648.00 ,TB_Cajas.dtObservacion  = '12/12/2017 14:40:03' ,TB_Cajas.vlCierrePesos  = 0 ,TB_Cajas.vlSaldoFinalRealDolares  = 0.00 ,TB_Cajas.vlSaldoFinalRealEuros  = 0.00 ,TB_Cajas.vlTotalSaldoFinalReal  = 1541648.00 ,TB_Cajas.vlCierreDolares  = 0 ,TB_Cajas.vlCierreEuros  = 0 ,TB_Cajas.dsObservacion  = null ,TB_Cajas.vlDiaReal  = 4.33 ,TB_Cajas.flCajaAdm  = 1   WHERE TB_Cajas.nrCaja = 9000004252  
12/12/2017 14:40:03 | Exec sco_DiccionariodeDatos @nmtabla_param='VW_UltimaCajaAdm'
12/12/2017 14:40:03 |  SELECT VW_UltimaCajaAdm.nrCaja ,VW_UltimaCajaAdm.vlSaldoFinalRealPesos ,VW_UltimaCajaAdm.vlSaldoFinalRealEuros ,VW_UltimaCajaAdm.vlSaldoFinalRealDolares  FROM VW_UltimaCajaAdm   
12/12/2017 14:40:03 |  SELECT TB_Cajas.nrCaja  FROM TB_Cajas  WHERE TB_Cajas.nrCaja = 9000004252  AND  TB_Cajas.flEstado = 0    
12/12/2017 14:40:03 | Exec sco_DiccionariodeDatos @nmtabla_param='sco_cajapuesto_v3_9'
12/12/2017 14:40:03 | Exec sco_cajapuesto_v3_9 @nrCaja_param = 9000004251 
12/12/2017 14:40:03 | Exec sco_cajapuesto_v3_9 @nrCaja_param = 9000004252 
12/12/2017 14:40:03 | Exec sco_DiccionariodeDatos @nmtabla_param='spu_esdifporCotizacionImputadas_v3_9'
12/12/2017 14:40:03 | Exec spu_esdifporCotizacionImputadas_v3_9 @nrCajaAdmActual = 9000004252 
12/12/2017 14:40:03 | Exec sco_validarVencimientosCAI_v4_1
12/12/2017 14:40:04 | Exec sco_DiccionariodeDatos @nmtabla_param='sco_AccesosOpcionesMenu'
12/12/2017 14:40:04 | Exec sco_AccesosOpcionesMenu @p_tpNivelAcceso = 'Administración' ,@p_operaconcaja = 1 
12/12/2017 14:40:04 | Exec sco_AccesosOpcionesMenu @p_tpNivelAcceso = 'Administración' ,@p_operaconcaja = 1 
12/12/2017 14:40:09 |  SELECT TB_Puestos.nrPuesto ,TB_Puestos.dsPuesto ,TB_Puestos.dsPuesto ,TB_Puestos.nrTalonario_manual ,TB_Puestos.nrTalonario_manual ,TB_Puestos.nrTalonario_automatico ,TB_Puestos.nrTalonario_automatico ,TB_Puestos.nrComprobante_manual_ult ,TB_Puestos.nrComprobante_manual_ult ,TB_Puestos.nrComprobante_automatico_ult ,TB_Puestos.nrComprobante_automatico_ult ,TB_Puestos.tpletra ,TB_Puestos.tpletra ,TB_Puestos.flFacturaCtacte  FROM TB_Puestos  WHERE  dsPuesto Like ('%%%') AND TB_Puestos.flEliminar = 0     Order by TB_Puestos.dsPuesto ASC 
12/12/2017 14:40:10 |  SELECT TB_Puestos.flFacturaCtacte ,TB_Puestos.nrComprobante_manual_empresa_nd_ult ,TB_Puestos.nrComprobante_manual_nd_ult ,TB_Puestos.nrComprobante_manual_empresa_nc_ult ,TB_Puestos.nrComprobante_manual_nc_ult ,TB_Puestos.flRespeta_secuencia_carga_manual ,TB_Puestos.tpLetra_manual ,TB_Puestos.nrComprobante_manual_ult ,TB_Puestos.nrTalonario_manual ,TB_Puestos.tpLetraEmpresa_manual ,TB_Puestos.nrComprobante_manual_empresa_ult ,TB_Puestos.nrTalonario_manual_empresa ,TB_Puestos.tpLetraRecibo_manual ,TB_Puestos.nrComprobante_manual_ctacte_ult ,TB_Puestos.nrTalonario_manual_ctacte ,TB_Puestos.nrComprobante_automatico_nc_ult ,TB_Puestos.nrComprobante_auto_empresa_nc_ult ,TB_Puestos.nrComprobante_automatico_nd_ult ,TB_Puestos.nrComprobante_auto_empresa_nd_ult ,TB_Puestos.dtCAI_Talonario_auto_empresa ,TB_Puestos.dtCAI_Talonario_auto ,TB_Puestos.nrCAI_Talonario_auto ,TB_Puestos.nrCAI_Talonario_auto_empresa ,TB_Puestos.nrTalonario_auto_ctacte ,TB_Puestos.nrComprobante_auto_ctacte_ult ,TB_Puestos.tpLetraRecibo ,TB_Puestos.nrTalonario_auto_empresa ,TB_Puestos.nrComprobante_auto_empresa_ult ,TB_Puestos.tpLetraEmpresa ,TB_Puestos.nrTalonario_automatico ,TB_Puestos.nrComprobante_automatico_ult ,TB_Puestos.tpLetra ,TB_Puestos.dsPuesto ,TB_Puestos.nrPuesto  FROM TB_Puestos  WHERE TB_Puestos.nrPuesto = 5  AND  TB_Puestos.flEliminar = 0    
12/12/2017 14:40:15 | Exec   sco_Puestos_v4_7  @nrPuesto_param=5
12/12/2017 15:00:27 | SET DATEFORMAT dmy
12/12/2017 15:00:27 | select getdate() AS FECHA
12/12/2017 15:00:27 | Exec   sup_Puestos_v4_7  @nrPuesto_param=5 ,  @dsPuesto_param='Terminal  C' ,  @dtActualizado_param='12/12/2017 15:00:27',   @nrTalonario_manual_param=4 ,  @nrTalonario_automatico_param=9 ,  @nrComprobante_manual_ult_param=15090 ,  @nrComprobante_automatico_ult_param=37604,  @flRespeta_secuencia_carga_manual_param=0, @tpLetra_param='B',@nrTalonario_manual_empresa_param=0, @nrTalonario_manual_ctacte_param=0, @nrComprobante_manual_empresa_ult_param=1, @nrComprobante_manual_ctacte_ult_param=0, @tpLetraEmpresa_param='A', @tpLetraRecibo_param='X', @nrTalonario_auto_empresa_param=0, @nrTalonario_auto_ctacte_param=9, @nrComprobante_auto_ctacte_ult_param=1801, @nrComprobante_auto_empresa_ult_param=618, @tpletra_manual_param='B', @tpLetraEmpresa_manual_param='A', @tpLetraRecibo_manual_param='X',@nrCAI_Talonario_auto_param=42469078795944, @dtCAI_Talonario_auto_param='01/01/2019', @nrCAI_Talonario_auto_empresa_param=41189015354397, @dtCAI_Talonario_auto_empresa_param='31/03/2017', @nrComprobante_automatico_nd_ult=0, @nrComprobante_auto_empresa_nd_ult=0, @nrComprobante_auto_ctacte_nd_ult=0, @nrComprobante_manual_nd_ult=0, @nrComprobante_manual_empresa_nd_ult=0, @nrComprobante_manual_ctacte_nd_ult=null, @nrComprobante_automatico_nc_ult=0, @nrComprobante_auto_empresa_nc_ult=0, @nrComprobante_auto_ctacte_nc_ult=null, @nrComprobante_manual_nc_ult=0, @nrComprobante_manual_empresa_nc_ult=0, @nrComprobante_manual_ctacte_nc_ult=null, @flFacturaCtacte=1
12/12/2017 15:00:28 |  SELECT TB_Puestos.nrPuesto ,TB_Puestos.dsPuesto ,TB_Puestos.dsPuesto ,TB_Puestos.nrTalonario_manual ,TB_Puestos.nrTalonario_manual ,TB_Puestos.nrTalonario_automatico ,TB_Puestos.nrTalonario_automatico ,TB_Puestos.nrComprobante_manual_ult ,TB_Puestos.nrComprobante_manual_ult ,TB_Puestos.nrComprobante_automatico_ult ,TB_Puestos.nrComprobante_automatico_ult ,TB_Puestos.tpletra ,TB_Puestos.tpletra ,TB_Puestos.flFacturaCtacte  FROM TB_Puestos  WHERE  dsPuesto Like ('%%%') AND TB_Puestos.flEliminar = 0     Order by TB_Puestos.dsPuesto ASC 
12/12/2017 15:00:29 |  SELECT TB_Puestos.flFacturaCtacte ,TB_Puestos.nrComprobante_manual_empresa_nd_ult ,TB_Puestos.nrComprobante_manual_nd_ult ,TB_Puestos.nrComprobante_manual_empresa_nc_ult ,TB_Puestos.nrComprobante_manual_nc_ult ,TB_Puestos.flRespeta_secuencia_carga_manual ,TB_Puestos.tpLetra_manual ,TB_Puestos.nrComprobante_manual_ult ,TB_Puestos.nrTalonario_manual ,TB_Puestos.tpLetraEmpresa_manual ,TB_Puestos.nrComprobante_manual_empresa_ult ,TB_Puestos.nrTalonario_manual_empresa ,TB_Puestos.tpLetraRecibo_manual ,TB_Puestos.nrComprobante_manual_ctacte_ult ,TB_Puestos.nrTalonario_manual_ctacte ,TB_Puestos.nrComprobante_automatico_nc_ult ,TB_Puestos.nrComprobante_auto_empresa_nc_ult ,TB_Puestos.nrComprobante_automatico_nd_ult ,TB_Puestos.nrComprobante_auto_empresa_nd_ult ,TB_Puestos.dtCAI_Talonario_auto_empresa ,TB_Puestos.dtCAI_Talonario_auto ,TB_Puestos.nrCAI_Talonario_auto ,TB_Puestos.nrCAI_Talonario_auto_empresa ,TB_Puestos.nrTalonario_auto_ctacte ,TB_Puestos.nrComprobante_auto_ctacte_ult ,TB_Puestos.tpLetraRecibo ,TB_Puestos.nrTalonario_auto_empresa ,TB_Puestos.nrComprobante_auto_empresa_ult ,TB_Puestos.tpLetraEmpresa ,TB_Puestos.nrTalonario_automatico ,TB_Puestos.nrComprobante_automatico_ult ,TB_Puestos.tpLetra ,TB_Puestos.dsPuesto ,TB_Puestos.nrPuesto  FROM TB_Puestos  WHERE TB_Puestos.nrPuesto = 3  AND  TB_Puestos.flEliminar = 0    
12/12/2017 15:01:51 |  SELECT TB_Puestos.flFacturaCtacte ,TB_Puestos.nrComprobante_manual_empresa_nd_ult ,TB_Puestos.nrComprobante_manual_nd_ult ,TB_Puestos.nrComprobante_manual_empresa_nc_ult ,TB_Puestos.nrComprobante_manual_nc_ult ,TB_Puestos.flRespeta_secuencia_carga_manual ,TB_Puestos.tpLetra_manual ,TB_Puestos.nrComprobante_manual_ult ,TB_Puestos.nrTalonario_manual ,TB_Puestos.tpLetraEmpresa_manual ,TB_Puestos.nrComprobante_manual_empresa_ult ,TB_Puestos.nrTalonario_manual_empresa ,TB_Puestos.tpLetraRecibo_manual ,TB_Puestos.nrComprobante_manual_ctacte_ult ,TB_Puestos.nrTalonario_manual_ctacte ,TB_Puestos.nrComprobante_automatico_nc_ult ,TB_Puestos.nrComprobante_auto_empresa_nc_ult ,TB_Puestos.nrComprobante_automatico_nd_ult ,TB_Puestos.nrComprobante_auto_empresa_nd_ult ,TB_Puestos.dtCAI_Talonario_auto_empresa ,TB_Puestos.dtCAI_Talonario_auto ,TB_Puestos.nrCAI_Talonario_auto ,TB_Puestos.nrCAI_Talonario_auto_empresa ,TB_Puestos.nrTalonario_auto_ctacte ,TB_Puestos.nrComprobante_auto_ctacte_ult ,TB_Puestos.tpLetraRecibo ,TB_Puestos.nrTalonario_auto_empresa ,TB_Puestos.nrComprobante_auto_empresa_ult ,TB_Puestos.tpLetraEmpresa ,TB_Puestos.nrTalonario_automatico ,TB_Puestos.nrComprobante_automatico_ult ,TB_Puestos.tpLetra ,TB_Puestos.dsPuesto ,TB_Puestos.nrPuesto  FROM TB_Puestos  WHERE TB_Puestos.nrPuesto = 1  AND  TB_Puestos.flEliminar = 0    
12/12/2017 15:03:05 | Exec   sco_Puestos_v4_7  @nrPuesto_param=1
12/12/2017 15:13:08 | Exec sco_DiccionariodeDatos @nmtabla_param='TB_Puestos'
12/12/2017 15:13:08 |  SELECT TB_Puestos.nrPuesto ,TB_Puestos.dsPuesto  FROM TB_Puestos   
12/12/2017 15:13:08 |  SELECT TB_Puestos.nrPuesto ,TB_Puestos.dsPuesto  FROM TB_Puestos  WHERE TB_Puestos.nrPuesto = 9    
12/12/2017 15:13:11 | Exec  sco_TB_Productos_v4_1 
12/12/2017 15:13:11 | Exec sco_DiccionariodeDatos @nmtabla_param='TB_Usuarios'
12/12/2017 15:13:15 |  SELECT TB_Usuarios.dsUsuario ,TB_Usuarios.dspassword ,TB_Usuarios.tpAcceso ,TB_Usuarios.nmNombre ,TB_Usuarios.nmApellido ,TB_Usuarios.flBloqueado ,TB_Usuarios.tpNivelJerarquico  FROM TB_Usuarios  WHERE TB_Usuarios.dsUsuario = 'CAMILAP'  AND  TB_Usuarios.flEliminar = 0    
12/12/2017 15:13:15 |  SELECT TB_Usuarios.dsUsuario ,TB_Usuarios.dspassword ,TB_Usuarios.tpAcceso ,TB_Usuarios.nmNombre ,TB_Usuarios.nmApellido ,TB_Usuarios.flBloqueado ,TB_Usuarios.tpNivelJerarquico  FROM TB_Usuarios  WHERE TB_Usuarios.dsUsuario = 'CAMILAP'  AND  TB_Usuarios.flEliminar = 0    
12/12/2017 15:13:15 | Exec sco_DiccionariodeDatos @nmtabla_param='sp_obtenerCajasPendientesdeAprobacion_v2_5'
12/12/2017 15:13:15 | Exec sp_obtenerCajasPendientesdeAprobacion_v2_5 @pdsUsuario_param = 'CAMILAP' 
12/12/2017 15:13:15 | Exec sp_obtenerCajasRechazadas_v2_9 
12/12/2017 15:13:15 | Exec sco_DiccionariodeDatos @nmtabla_param='TB_Parametros'
12/12/2017 15:13:15 |  SELECT TB_Parametros.vlParametro  FROM TB_Parametros  WHERE TB_Parametros.dsParametro = 'VALOR EURO'    
12/12/2017 15:13:15 |  SELECT TB_Parametros.vlParametro  FROM TB_Parametros  WHERE TB_Parametros.dsParametro = 'VALOR DOLAR'    
12/12/2017 15:13:15 | Exec SP_ValorPromoRetorno
12/12/2017 15:13:15 | Exec sco_DiccionariodeDatos @nmtabla_param='TB_Comisiones'
12/12/2017 15:13:15 |  SELECT TB_Comisiones.vlMontoMinimo  FROM TB_Comisiones  WHERE TB_Comisiones.tpComision = 'Retorno'  AND  TB_Comisiones.flEliminar = 0    
12/12/2017 15:13:15 |  SELECT TB_Parametros.vlParametro  FROM TB_Parametros  WHERE TB_Parametros.dsParametro = 'VALOR REAL'    
12/12/2017 15:13:15 | Exec sco_DiccionariodeDatos @nmtabla_param='TB_Cajas'
12/12/2017 15:13:15 |  SELECT TB_Cajas.nrCaja  FROM TB_Cajas  WHERE TB_Cajas.dsUsuario = 'CAMILAP'  and  TB_Cajas.flEstado = 0  and  TB_Cajas.tpEstadoAprobacion IS NULL  and  TB_Cajas.nrcaja > 0    
12/12/2017 15:13:16 |  SELECT TB_Cajas.nrCaja ,TB_Cajas.vlTotalSaldoFinal ,TB_Cajas.nrPuesto ,TB_Cajas.dsUsuario ,TB_Cajas.vlSaldoInicialPesos ,TB_Cajas.dtApertura ,TB_Cajas.dtCierre ,TB_Cajas.vlDiaDolar ,TB_Cajas.vlDiaEuro ,TB_Cajas.vlSaldoInicialEuros ,TB_Cajas.vlSaldoInicialDolares ,TB_Cajas.vlSaldoFinalRealPesos ,TB_Cajas.vlTotalSaldoInicial ,TB_Cajas.dtObservacion ,TB_Cajas.vlCierrePesos ,TB_Cajas.vlSaldoFinalRealDolares ,TB_Cajas.vlSaldoFinalRealEuros ,TB_Cajas.vlTotalSaldoFinalReal ,TB_Cajas.vlCierreDolares ,TB_Cajas.vlCierreEuros ,TB_Cajas.dsObservacion ,TB_Cajas.vlDiaReal ,TB_Cajas.flEstado  FROM TB_Cajas  WHERE TB_Cajas.nrCaja = 9000004252    
12/12/2017 15:13:16 | Exec sco_DiccionariodeDatos @nmtabla_param='SP_SumaCajaADM_v2_9'
12/12/2017 15:13:16 | Exec SP_SumaCajaADM_v2_9 @nrCaja_param = 9000004252 ,@tpCaja_param = 'CA' ,@tpCajaImputacion_param = null 
12/12/2017 15:13:16 |  UPDATE TB_Cajas SET TB_Cajas.vlSaldoFinalRealPesos  = 1541648.00 ,TB_Cajas.vlSaldoFinalRealEuros  = 0.00 ,TB_Cajas.vlSaldoFinalRealDolares  = 0.00 ,TB_Cajas.vlCierrePesos  = 0 ,TB_Cajas.vlCierreDolares  = 0 ,TB_Cajas.vlCierreEuros  = 0   WHERE TB_Cajas.nrCaja = 9000004252  
12/12/2017 15:13:17 |  UPDATE TB_Cajas SET TB_Cajas.nrCaja  = 9000004252 ,TB_Cajas.vlTotalSaldoFinal  = 0.00 ,TB_Cajas.nrPuesto  = 9 ,TB_Cajas.dsUsuario  = 'CAMILAP' ,TB_Cajas.vlSaldoInicialPesos  = 1541648.00 ,TB_Cajas.dtApertura  = '04/04/2017 17:52:50' ,TB_Cajas.dtCierre  = null ,TB_Cajas.vlDiaDolar  = 14.60 ,TB_Cajas.vlDiaEuro  = 15.60 ,TB_Cajas.vlSaldoInicialEuros  = 0.00 ,TB_Cajas.vlSaldoInicialDolares  = 0.00 ,TB_Cajas.vlSaldoFinalRealPesos  = 1541648.00 ,TB_Cajas.vlTotalSaldoInicial  = 1541648.00 ,TB_Cajas.dtObservacion  = '12/12/2017 15:13:17' ,TB_Cajas.vlCierrePesos  = 0 ,TB_Cajas.vlSaldoFinalRealDolares  = 0.00 ,TB_Cajas.vlSaldoFinalRealEuros  = 0.00 ,TB_Cajas.vlTotalSaldoFinalReal  = 1541648.00 ,TB_Cajas.vlCierreDolares  = 0 ,TB_Cajas.vlCierreEuros  = 0 ,TB_Cajas.dsObservacion  = null ,TB_Cajas.vlDiaReal  = 4.33 ,TB_Cajas.flCajaAdm  = 1   WHERE TB_Cajas.nrCaja = 9000004252  
12/12/2017 15:13:17 | Exec sco_DiccionariodeDatos @nmtabla_param='VW_UltimaCajaAdm'
12/12/2017 15:13:17 |  SELECT VW_UltimaCajaAdm.nrCaja ,VW_UltimaCajaAdm.vlSaldoFinalRealPesos ,VW_UltimaCajaAdm.vlSaldoFinalRealEuros ,VW_UltimaCajaAdm.vlSaldoFinalRealDolares  FROM VW_UltimaCajaAdm   
12/12/2017 15:13:17 |  SELECT TB_Cajas.nrCaja  FROM TB_Cajas  WHERE TB_Cajas.nrCaja = 9000004252  AND  TB_Cajas.flEstado = 0    
12/12/2017 15:13:17 | Exec sco_DiccionariodeDatos @nmtabla_param='sco_cajapuesto_v3_9'
12/12/2017 15:13:17 | Exec sco_cajapuesto_v3_9 @nrCaja_param = 9000004251 
12/12/2017 15:13:17 | Exec sco_cajapuesto_v3_9 @nrCaja_param = 9000004252 
12/12/2017 15:13:17 | Exec sco_DiccionariodeDatos @nmtabla_param='spu_esdifporCotizacionImputadas_v3_9'
12/12/2017 15:13:17 | Exec spu_esdifporCotizacionImputadas_v3_9 @nrCajaAdmActual = 9000004252 
12/12/2017 15:13:17 | Exec sco_validarVencimientosCAI_v4_1
12/12/2017 15:13:18 | Exec sco_DiccionariodeDatos @nmtabla_param='sco_AccesosOpcionesMenu'
12/12/2017 15:13:18 | Exec sco_AccesosOpcionesMenu @p_tpNivelAcceso = 'Administración' ,@p_operaconcaja = 1 
12/12/2017 15:13:18 | Exec sco_AccesosOpcionesMenu @p_tpNivelAcceso = 'Administración' ,@p_operaconcaja = 1 
12/12/2017 15:13:20 |  SELECT TB_Puestos.nrPuesto ,TB_Puestos.dsPuesto ,TB_Puestos.dsPuesto ,TB_Puestos.nrTalonario_manual ,TB_Puestos.nrTalonario_manual ,TB_Puestos.nrTalonario_automatico ,TB_Puestos.nrTalonario_automatico ,TB_Puestos.nrComprobante_manual_ult ,TB_Puestos.nrComprobante_manual_ult ,TB_Puestos.nrComprobante_automatico_ult ,TB_Puestos.nrComprobante_automatico_ult ,TB_Puestos.tpletra ,TB_Puestos.tpletra ,TB_Puestos.flFacturaCtacte  FROM TB_Puestos  WHERE  dsPuesto Like ('%%%') AND TB_Puestos.flEliminar = 0     Order by TB_Puestos.dsPuesto ASC 
12/12/2017 15:13:21 |  SELECT TB_Puestos.flFacturaCtacte ,TB_Puestos.nrComprobante_manual_empresa_nd_ult ,TB_Puestos.nrComprobante_manual_nd_ult ,TB_Puestos.nrComprobante_manual_empresa_nc_ult ,TB_Puestos.nrComprobante_manual_nc_ult ,TB_Puestos.flRespeta_secuencia_carga_manual ,TB_Puestos.tpLetra_manual ,TB_Puestos.nrComprobante_manual_ult ,TB_Puestos.nrTalonario_manual ,TB_Puestos.tpLetraEmpresa_manual ,TB_Puestos.nrComprobante_manual_empresa_ult ,TB_Puestos.nrTalonario_manual_empresa ,TB_Puestos.tpLetraRecibo_manual ,TB_Puestos.nrComprobante_manual_ctacte_ult ,TB_Puestos.nrTalonario_manual_ctacte ,TB_Puestos.nrComprobante_automatico_nc_ult ,TB_Puestos.nrComprobante_auto_empresa_nc_ult ,TB_Puestos.nrComprobante_automatico_nd_ult ,TB_Puestos.nrComprobante_auto_empresa_nd_ult ,TB_Puestos.dtCAI_Talonario_auto_empresa ,TB_Puestos.dtCAI_Talonario_auto ,TB_Puestos.nrCAI_Talonario_auto ,TB_Puestos.nrCAI_Talonario_auto_empresa ,TB_Puestos.nrTalonario_auto_ctacte ,TB_Puestos.nrComprobante_auto_ctacte_ult ,TB_Puestos.tpLetraRecibo ,TB_Puestos.nrTalonario_auto_empresa ,TB_Puestos.nrComprobante_auto_empresa_ult ,TB_Puestos.tpLetraEmpresa ,TB_Puestos.nrTalonario_automatico ,TB_Puestos.nrComprobante_automatico_ult ,TB_Puestos.tpLetra ,TB_Puestos.dsPuesto ,TB_Puestos.nrPuesto  FROM TB_Puestos  WHERE TB_Puestos.nrPuesto = 9  AND  TB_Puestos.flEliminar = 0    
12/12/2017 15:45:49 | Exec sco_DiccionariodeDatos @nmtabla_param='TB_Puestos'
12/12/2017 15:45:49 |  SELECT TB_Puestos.nrPuesto ,TB_Puestos.dsPuesto  FROM TB_Puestos   
12/12/2017 15:45:49 |  SELECT TB_Puestos.nrPuesto ,TB_Puestos.dsPuesto  FROM TB_Puestos  WHERE TB_Puestos.nrPuesto = 9    
12/12/2017 16:05:11 | Exec sco_DiccionariodeDatos @nmtabla_param='TB_Puestos'
12/12/2017 16:05:11 |  SELECT TB_Puestos.nrPuesto ,TB_Puestos.dsPuesto  FROM TB_Puestos   
12/12/2017 16:05:11 |  SELECT TB_Puestos.nrPuesto ,TB_Puestos.dsPuesto  FROM TB_Puestos  WHERE TB_Puestos.nrPuesto = 9    
12/12/2017 16:05:18 | Exec  sco_TB_Productos_v4_1 
12/12/2017 16:05:18 | Exec sco_DiccionariodeDatos @nmtabla_param='TB_Usuarios'
12/12/2017 16:05:21 |  SELECT TB_Usuarios.dsUsuario ,TB_Usuarios.dspassword ,TB_Usuarios.tpAcceso ,TB_Usuarios.nmNombre ,TB_Usuarios.nmApellido ,TB_Usuarios.flBloqueado ,TB_Usuarios.tpNivelJerarquico  FROM TB_Usuarios  WHERE TB_Usuarios.dsUsuario = 'CAMILAP'  AND  TB_Usuarios.flEliminar = 0    
12/12/2017 16:05:21 |  SELECT TB_Usuarios.dsUsuario ,TB_Usuarios.dspassword ,TB_Usuarios.tpAcceso ,TB_Usuarios.nmNombre ,TB_Usuarios.nmApellido ,TB_Usuarios.flBloqueado ,TB_Usuarios.tpNivelJerarquico  FROM TB_Usuarios  WHERE TB_Usuarios.dsUsuario = 'CAMILAP'  AND  TB_Usuarios.flEliminar = 0    
12/12/2017 16:05:21 | Exec sco_DiccionariodeDatos @nmtabla_param='sp_obtenerCajasPendientesdeAprobacion_v2_5'
12/12/2017 16:05:21 | Exec sp_obtenerCajasPendientesdeAprobacion_v2_5 @pdsUsuario_param = 'CAMILAP' 
12/12/2017 16:05:21 | Exec sp_obtenerCajasRechazadas_v2_9 
12/12/2017 16:05:21 | Exec sco_DiccionariodeDatos @nmtabla_param='TB_Parametros'
12/12/2017 16:05:21 |  SELECT TB_Parametros.vlParametro  FROM TB_Parametros  WHERE TB_Parametros.dsParametro = 'VALOR EURO'    
12/12/2017 16:05:21 |  SELECT TB_Parametros.vlParametro  FROM TB_Parametros  WHERE TB_Parametros.dsParametro = 'VALOR DOLAR'    
12/12/2017 16:05:21 | Exec SP_ValorPromoRetorno
12/12/2017 16:05:21 | Exec sco_DiccionariodeDatos @nmtabla_param='TB_Comisiones'
12/12/2017 16:05:21 |  SELECT TB_Comisiones.vlMontoMinimo  FROM TB_Comisiones  WHERE TB_Comisiones.tpComision = 'Retorno'  AND  TB_Comisiones.flEliminar = 0    
12/12/2017 16:05:21 |  SELECT TB_Parametros.vlParametro  FROM TB_Parametros  WHERE TB_Parametros.dsParametro = 'VALOR REAL'    
12/12/2017 16:05:21 | Exec sco_DiccionariodeDatos @nmtabla_param='TB_Cajas'
12/12/2017 16:05:21 |  SELECT TB_Cajas.nrCaja  FROM TB_Cajas  WHERE TB_Cajas.dsUsuario = 'CAMILAP'  and  TB_Cajas.flEstado = 0  and  TB_Cajas.tpEstadoAprobacion IS NULL  and  TB_Cajas.nrcaja > 0    
12/12/2017 16:05:23 |  SELECT TB_Cajas.nrCaja ,TB_Cajas.vlTotalSaldoFinal ,TB_Cajas.nrPuesto ,TB_Cajas.dsUsuario ,TB_Cajas.vlSaldoInicialPesos ,TB_Cajas.dtApertura ,TB_Cajas.dtCierre ,TB_Cajas.vlDiaDolar ,TB_Cajas.vlDiaEuro ,TB_Cajas.vlSaldoInicialEuros ,TB_Cajas.vlSaldoInicialDolares ,TB_Cajas.vlSaldoFinalRealPesos ,TB_Cajas.vlTotalSaldoInicial ,TB_Cajas.dtObservacion ,TB_Cajas.vlCierrePesos ,TB_Cajas.vlSaldoFinalRealDolares ,TB_Cajas.vlSaldoFinalRealEuros ,TB_Cajas.vlTotalSaldoFinalReal ,TB_Cajas.vlCierreDolares ,TB_Cajas.vlCierreEuros ,TB_Cajas.dsObservacion ,TB_Cajas.vlDiaReal ,TB_Cajas.flEstado  FROM TB_Cajas  WHERE TB_Cajas.nrCaja = 9000004252    
12/12/2017 16:05:23 | Exec sco_DiccionariodeDatos @nmtabla_param='SP_SumaCajaADM_v2_9'
12/12/2017 16:05:23 | Exec SP_SumaCajaADM_v2_9 @nrCaja_param = 9000004252 ,@tpCaja_param = 'CA' ,@tpCajaImputacion_param = null 
12/12/2017 16:05:23 |  UPDATE TB_Cajas SET TB_Cajas.vlSaldoFinalRealPesos  = 1541648.00 ,TB_Cajas.vlSaldoFinalRealEuros  = 0.00 ,TB_Cajas.vlSaldoFinalRealDolares  = 0.00 ,TB_Cajas.vlCierrePesos  = 0 ,TB_Cajas.vlCierreDolares  = 0 ,TB_Cajas.vlCierreEuros  = 0   WHERE TB_Cajas.nrCaja = 9000004252  
12/12/2017 16:05:24 |  UPDATE TB_Cajas SET TB_Cajas.nrCaja  = 9000004252 ,TB_Cajas.vlTotalSaldoFinal  = 0.00 ,TB_Cajas.nrPuesto  = 9 ,TB_Cajas.dsUsuario  = 'CAMILAP' ,TB_Cajas.vlSaldoInicialPesos  = 1541648.00 ,TB_Cajas.dtApertura  = '04/04/2017 17:52:50' ,TB_Cajas.dtCierre  = null ,TB_Cajas.vlDiaDolar  = 14.60 ,TB_Cajas.vlDiaEuro  = 15.60 ,TB_Cajas.vlSaldoInicialEuros  = 0.00 ,TB_Cajas.vlSaldoInicialDolares  = 0.00 ,TB_Cajas.vlSaldoFinalRealPesos  = 1541648.00 ,TB_Cajas.vlTotalSaldoInicial  = 1541648.00 ,TB_Cajas.dtObservacion  = '12/12/2017 16:05:24' ,TB_Cajas.vlCierrePesos  = 0 ,TB_Cajas.vlSaldoFinalRealDolares  = 0.00 ,TB_Cajas.vlSaldoFinalRealEuros  = 0.00 ,TB_Cajas.vlTotalSaldoFinalReal  = 1541648.00 ,TB_Cajas.vlCierreDolares  = 0 ,TB_Cajas.vlCierreEuros  = 0 ,TB_Cajas.dsObservacion  = null ,TB_Cajas.vlDiaReal  = 4.33 ,TB_Cajas.flCajaAdm  = 1   WHERE TB_Cajas.nrCaja = 9000004252  
12/12/2017 16:05:24 | Exec sco_DiccionariodeDatos @nmtabla_param='VW_UltimaCajaAdm'
12/12/2017 16:05:24 |  SELECT VW_UltimaCajaAdm.nrCaja ,VW_UltimaCajaAdm.vlSaldoFinalRealPesos ,VW_UltimaCajaAdm.vlSaldoFinalRealEuros ,VW_UltimaCajaAdm.vlSaldoFinalRealDolares  FROM VW_UltimaCajaAdm   
12/12/2017 16:05:24 |  SELECT TB_Cajas.nrCaja  FROM TB_Cajas  WHERE TB_Cajas.nrCaja = 9000004252  AND  TB_Cajas.flEstado = 0    
12/12/2017 16:05:24 | Exec sco_DiccionariodeDatos @nmtabla_param='sco_cajapuesto_v3_9'
12/12/2017 16:05:24 | Exec sco_cajapuesto_v3_9 @nrCaja_param = 9000004251 
12/12/2017 16:05:24 | Exec sco_cajapuesto_v3_9 @nrCaja_param = 9000004252 
12/12/2017 16:05:24 | Exec sco_DiccionariodeDatos @nmtabla_param='spu_esdifporCotizacionImputadas_v3_9'
12/12/2017 16:05:24 | Exec spu_esdifporCotizacionImputadas_v3_9 @nrCajaAdmActual = 9000004252 
12/12/2017 16:05:24 | Exec sco_validarVencimientosCAI_v4_1
12/12/2017 16:05:25 | Exec sco_DiccionariodeDatos @nmtabla_param='sco_AccesosOpcionesMenu'
12/12/2017 16:05:25 | Exec sco_AccesosOpcionesMenu @p_tpNivelAcceso = 'Administración' ,@p_operaconcaja = 1 
12/12/2017 16:05:25 | Exec sco_AccesosOpcionesMenu @p_tpNivelAcceso = 'Administración' ,@p_operaconcaja = 1 
12/12/2017 16:05:27 |  SELECT TB_Puestos.nrPuesto ,TB_Puestos.dsPuesto ,TB_Puestos.dsPuesto ,TB_Puestos.nrTalonario_manual ,TB_Puestos.nrTalonario_manual ,TB_Puestos.nrTalonario_automatico ,TB_Puestos.nrTalonario_automatico ,TB_Puestos.nrComprobante_manual_ult ,TB_Puestos.nrComprobante_manual_ult ,TB_Puestos.nrComprobante_automatico_ult ,TB_Puestos.nrComprobante_automatico_ult ,TB_Puestos.tpletra ,TB_Puestos.tpletra ,TB_Puestos.flFacturaCtacte  FROM TB_Puestos  WHERE  dsPuesto Like ('%%%') AND TB_Puestos.flEliminar = 0     Order by TB_Puestos.dsPuesto ASC 
12/12/2017 16:05:28 |  SELECT TB_Puestos.flFacturaCtacte ,TB_Puestos.nrComprobante_manual_empresa_nd_ult ,TB_Puestos.nrComprobante_manual_nd_ult ,TB_Puestos.nrComprobante_manual_empresa_nc_ult ,TB_Puestos.nrComprobante_manual_nc_ult ,TB_Puestos.flRespeta_secuencia_carga_manual ,TB_Puestos.tpLetra_manual ,TB_Puestos.nrComprobante_manual_ult ,TB_Puestos.nrTalonario_manual ,TB_Puestos.tpLetraEmpresa_manual ,TB_Puestos.nrComprobante_manual_empresa_ult ,TB_Puestos.nrTalonario_manual_empresa ,TB_Puestos.tpLetraRecibo_manual ,TB_Puestos.nrComprobante_manual_ctacte_ult ,TB_Puestos.nrTalonario_manual_ctacte ,TB_Puestos.nrComprobante_automatico_nc_ult ,TB_Puestos.nrComprobante_auto_empresa_nc_ult ,TB_Puestos.nrComprobante_automatico_nd_ult ,TB_Puestos.nrComprobante_auto_empresa_nd_ult ,TB_Puestos.dtCAI_Talonario_auto_empresa ,TB_Puestos.dtCAI_Talonario_auto ,TB_Puestos.nrCAI_Talonario_auto ,TB_Puestos.nrCAI_Talonario_auto_empresa ,TB_Puestos.nrTalonario_auto_ctacte ,TB_Puestos.nrComprobante_auto_ctacte_ult ,TB_Puestos.tpLetraRecibo ,TB_Puestos.nrTalonario_auto_empresa ,TB_Puestos.nrComprobante_auto_empresa_ult ,TB_Puestos.tpLetraEmpresa ,TB_Puestos.nrTalonario_automatico ,TB_Puestos.nrComprobante_automatico_ult ,TB_Puestos.tpLetra ,TB_Puestos.dsPuesto ,TB_Puestos.nrPuesto  FROM TB_Puestos  WHERE TB_Puestos.nrPuesto = 4  AND  TB_Puestos.flEliminar = 0    
12/12/2017 16:05:52 | Exec   sco_Puestos_v4_7  @nrPuesto_param=4
12/12/2017 16:32:52 | SET DATEFORMAT dmy
12/12/2017 16:32:52 | select getdate() AS FECHA
12/12/2017 16:32:52 | Exec   sup_Puestos_v4_7  @nrPuesto_param=4 ,  @dsPuesto_param='Retornos' ,  @dtActualizado_param='12/12/2017 16:32:52',   @nrTalonario_manual_param=0 ,  @nrTalonario_automatico_param=8 ,  @nrComprobante_manual_ult_param=7141 ,  @nrComprobante_automatico_ult_param=177828,  @flRespeta_secuencia_carga_manual_param=0, @tpLetra_param='B',@nrTalonario_manual_empresa_param=0, @nrTalonario_manual_ctacte_param=0, @nrComprobante_manual_empresa_ult_param=202, @nrComprobante_manual_ctacte_ult_param=1, @tpLetraEmpresa_param='A', @tpLetraRecibo_param='X', @nrTalonario_auto_empresa_param=0, @nrTalonario_auto_ctacte_param=8, @nrComprobante_auto_ctacte_ult_param=8641, @nrComprobante_auto_empresa_ult_param=4676, @tpletra_manual_param='B', @tpLetraEmpresa_manual_param='M', @tpLetraRecibo_manual_param='X',@nrCAI_Talonario_auto_param=43099090305451, @dtCAI_Talonario_auto_param='01/01/2019', @nrCAI_Talonario_auto_empresa_param=41189015354397, @dtCAI_Talonario_auto_empresa_param='31/03/2017', @nrComprobante_automatico_nd_ult=0, @nrComprobante_auto_empresa_nd_ult=0, @nrComprobante_auto_ctacte_nd_ult=0, @nrComprobante_manual_nd_ult=0, @nrComprobante_manual_empresa_nd_ult=0, @nrComprobante_manual_ctacte_nd_ult=null, @nrComprobante_automatico_nc_ult=0, @nrComprobante_auto_empresa_nc_ult=0, @nrComprobante_auto_ctacte_nc_ult=null, @nrComprobante_manual_nc_ult=0, @nrComprobante_manual_empresa_nc_ult=0, @nrComprobante_manual_ctacte_nc_ult=null, @flFacturaCtacte=1
12/12/2017 16:32:54 |  SELECT TB_Puestos.nrPuesto ,TB_Puestos.dsPuesto ,TB_Puestos.dsPuesto ,TB_Puestos.nrTalonario_manual ,TB_Puestos.nrTalonario_manual ,TB_Puestos.nrTalonario_automatico ,TB_Puestos.nrTalonario_automatico ,TB_Puestos.nrComprobante_manual_ult ,TB_Puestos.nrComprobante_manual_ult ,TB_Puestos.nrComprobante_automatico_ult ,TB_Puestos.nrComprobante_automatico_ult ,TB_Puestos.tpletra ,TB_Puestos.tpletra ,TB_Puestos.flFacturaCtacte  FROM TB_Puestos  WHERE  dsPuesto Like ('%%%') AND TB_Puestos.flEliminar = 0     Order by TB_Puestos.dsPuesto ASC 
12/12/2017 16:32:55 |  SELECT TB_Puestos.flFacturaCtacte ,TB_Puestos.nrComprobante_manual_empresa_nd_ult ,TB_Puestos.nrComprobante_manual_nd_ult ,TB_Puestos.nrComprobante_manual_empresa_nc_ult ,TB_Puestos.nrComprobante_manual_nc_ult ,TB_Puestos.flRespeta_secuencia_carga_manual ,TB_Puestos.tpLetra_manual ,TB_Puestos.nrComprobante_manual_ult ,TB_Puestos.nrTalonario_manual ,TB_Puestos.tpLetraEmpresa_manual ,TB_Puestos.nrComprobante_manual_empresa_ult ,TB_Puestos.nrTalonario_manual_empresa ,TB_Puestos.tpLetraRecibo_manual ,TB_Puestos.nrComprobante_manual_ctacte_ult ,TB_Puestos.nrTalonario_manual_ctacte ,TB_Puestos.nrComprobante_automatico_nc_ult ,TB_Puestos.nrComprobante_auto_empresa_nc_ult ,TB_Puestos.nrComprobante_automatico_nd_ult ,TB_Puestos.nrComprobante_auto_empresa_nd_ult ,TB_Puestos.dtCAI_Talonario_auto_empresa ,TB_Puestos.dtCAI_Talonario_auto ,TB_Puestos.nrCAI_Talonario_auto ,TB_Puestos.nrCAI_Talonario_auto_empresa ,TB_Puestos.nrTalonario_auto_ctacte ,TB_Puestos.nrComprobante_auto_ctacte_ult ,TB_Puestos.tpLetraRecibo ,TB_Puestos.nrTalonario_auto_empresa ,TB_Puestos.nrComprobante_auto_empresa_ult ,TB_Puestos.tpLetraEmpresa ,TB_Puestos.nrTalonario_automatico ,TB_Puestos.nrComprobante_automatico_ult ,TB_Puestos.tpLetra ,TB_Puestos.dsPuesto ,TB_Puestos.nrPuesto  FROM TB_Puestos  WHERE TB_Puestos.nrPuesto = 1  AND  TB_Puestos.flEliminar = 0    
12/12/2017 16:33:03 | Exec   sco_Puestos_v4_7  @nrPuesto_param=1
12/12/2017 16:34:11 | SET DATEFORMAT dmy
12/12/2017 16:34:11 | select getdate() AS FECHA
12/12/2017 16:34:11 | Exec   sup_Puestos_v4_7  @nrPuesto_param=1 ,  @dsPuesto_param='Internacional1' ,  @dtActualizado_param='12/12/2017 16:34:11',   @nrTalonario_manual_param=1 ,  @nrTalonario_automatico_param=6 ,  @nrComprobante_manual_ult_param=201267 ,  @nrComprobante_automatico_ult_param=737901,  @flRespeta_secuencia_carga_manual_param=0, @tpLetra_param='B',@nrTalonario_manual_empresa_param=1, @nrTalonario_manual_ctacte_param=0, @nrComprobante_manual_empresa_ult_param=302, @nrComprobante_manual_ctacte_ult_param=1, @tpLetraEmpresa_param='A', @tpLetraRecibo_param='X', @nrTalonario_auto_empresa_param=6, @nrTalonario_auto_ctacte_param=6, @nrComprobante_auto_ctacte_ult_param=692, @nrComprobante_auto_empresa_ult_param=8692, @tpletra_manual_param='B', @tpLetraEmpresa_manual_param='M', @tpLetraRecibo_manual_param='X',@nrCAI_Talonario_auto_param=43099090305451, @dtCAI_Talonario_auto_param='01/01/2019', @nrCAI_Talonario_auto_empresa_param=35063110896550, @dtCAI_Talonario_auto_empresa_param='03/03/2018', @nrComprobante_automatico_nd_ult=0, @nrComprobante_auto_empresa_nd_ult=0, @nrComprobante_auto_ctacte_nd_ult=0, @nrComprobante_manual_nd_ult=0, @nrComprobante_manual_empresa_nd_ult=0, @nrComprobante_manual_ctacte_nd_ult=null, @nrComprobante_automatico_nc_ult=1, @nrComprobante_auto_empresa_nc_ult=69, @nrComprobante_auto_ctacte_nc_ult=null, @nrComprobante_manual_nc_ult=0, @nrComprobante_manual_empresa_nc_ult=0, @nrComprobante_manual_ctacte_nc_ult=null, @flFacturaCtacte=1
12/12/2017 16:34:13 |  SELECT TB_Puestos.nrPuesto ,TB_Puestos.dsPuesto ,TB_Puestos.dsPuesto ,TB_Puestos.nrTalonario_manual ,TB_Puestos.nrTalonario_manual ,TB_Puestos.nrTalonario_automatico ,TB_Puestos.nrTalonario_automatico ,TB_Puestos.nrComprobante_manual_ult ,TB_Puestos.nrComprobante_manual_ult ,TB_Puestos.nrComprobante_automatico_ult ,TB_Puestos.nrComprobante_automatico_ult ,TB_Puestos.tpletra ,TB_Puestos.tpletra ,TB_Puestos.flFacturaCtacte  FROM TB_Puestos  WHERE  dsPuesto Like ('%%%') AND TB_Puestos.flEliminar = 0     Order by TB_Puestos.dsPuesto ASC 
12/12/2017 16:34:14 |  SELECT TB_Puestos.flFacturaCtacte ,TB_Puestos.nrComprobante_manual_empresa_nd_ult ,TB_Puestos.nrComprobante_manual_nd_ult ,TB_Puestos.nrComprobante_manual_empresa_nc_ult ,TB_Puestos.nrComprobante_manual_nc_ult ,TB_Puestos.flRespeta_secuencia_carga_manual ,TB_Puestos.tpLetra_manual ,TB_Puestos.nrComprobante_manual_ult ,TB_Puestos.nrTalonario_manual ,TB_Puestos.tpLetraEmpresa_manual ,TB_Puestos.nrComprobante_manual_empresa_ult ,TB_Puestos.nrTalonario_manual_empresa ,TB_Puestos.tpLetraRecibo_manual ,TB_Puestos.nrComprobante_manual_ctacte_ult ,TB_Puestos.nrTalonario_manual_ctacte ,TB_Puestos.nrComprobante_automatico_nc_ult ,TB_Puestos.nrComprobante_auto_empresa_nc_ult ,TB_Puestos.nrComprobante_automatico_nd_ult ,TB_Puestos.nrComprobante_auto_empresa_nd_ult ,TB_Puestos.dtCAI_Talonario_auto_empresa ,TB_Puestos.dtCAI_Talonario_auto ,TB_Puestos.nrCAI_Talonario_auto ,TB_Puestos.nrCAI_Talonario_auto_empresa ,TB_Puestos.nrTalonario_auto_ctacte ,TB_Puestos.nrComprobante_auto_ctacte_ult ,TB_Puestos.tpLetraRecibo ,TB_Puestos.nrTalonario_auto_empresa ,TB_Puestos.nrComprobante_auto_empresa_ult ,TB_Puestos.tpLetraEmpresa ,TB_Puestos.nrTalonario_automatico ,TB_Puestos.nrComprobante_automatico_ult ,TB_Puestos.tpLetra ,TB_Puestos.dsPuesto ,TB_Puestos.nrPuesto  FROM TB_Puestos  WHERE TB_Puestos.nrPuesto = 3  AND  TB_Puestos.flEliminar = 0    
12/12/2017 16:34:22 | Exec   sco_Puestos_v4_7  @nrPuesto_param=3
12/12/2017 16:34:30 | SET DATEFORMAT dmy
12/12/2017 16:34:30 | select getdate() AS FECHA
12/12/2017 16:34:30 | Exec   sup_Puestos_v4_7  @nrPuesto_param=3 ,  @dsPuesto_param='Internacional2' ,  @dtActualizado_param='12/12/2017 16:34:30',   @nrTalonario_manual_param=3 ,  @nrTalonario_automatico_param=7 ,  @nrComprobante_manual_ult_param=117289 ,  @nrComprobante_automatico_ult_param=518910,  @flRespeta_secuencia_carga_manual_param=1, @tpLetra_param='B',@nrTalonario_manual_empresa_param=0, @nrTalonario_manual_ctacte_param=0, @nrComprobante_manual_empresa_ult_param=0, @nrComprobante_manual_ctacte_ult_param=1, @tpLetraEmpresa_param='A', @tpLetraRecibo_param='X', @nrTalonario_auto_empresa_param=0, @nrTalonario_auto_ctacte_param=7, @nrComprobante_auto_ctacte_ult_param=844, @nrComprobante_auto_empresa_ult_param=3065, @tpletra_manual_param='B', @tpLetraEmpresa_manual_param='X', @tpLetraRecibo_manual_param='X',@nrCAI_Talonario_auto_param=43099090305451, @dtCAI_Talonario_auto_param='01/01/2019', @nrCAI_Talonario_auto_empresa_param=41189015354397, @dtCAI_Talonario_auto_empresa_param='31/03/2017', @nrComprobante_automatico_nd_ult=0, @nrComprobante_auto_empresa_nd_ult=0, @nrComprobante_auto_ctacte_nd_ult=0, @nrComprobante_manual_nd_ult=0, @nrComprobante_manual_empresa_nd_ult=0, @nrComprobante_manual_ctacte_nd_ult=null, @nrComprobante_automatico_nc_ult=0, @nrComprobante_auto_empresa_nc_ult=0, @nrComprobante_auto_ctacte_nc_ult=null, @nrComprobante_manual_nc_ult=0, @nrComprobante_manual_empresa_nc_ult=0, @nrComprobante_manual_ctacte_nc_ult=null, @flFacturaCtacte=1
12/12/2017 16:34:32 |  SELECT TB_Puestos.nrPuesto ,TB_Puestos.dsPuesto ,TB_Puestos.dsPuesto ,TB_Puestos.nrTalonario_manual ,TB_Puestos.nrTalonario_manual ,TB_Puestos.nrTalonario_automatico ,TB_Puestos.nrTalonario_automatico ,TB_Puestos.nrComprobante_manual_ult ,TB_Puestos.nrComprobante_manual_ult ,TB_Puestos.nrComprobante_automatico_ult ,TB_Puestos.nrComprobante_automatico_ult ,TB_Puestos.tpletra ,TB_Puestos.tpletra ,TB_Puestos.flFacturaCtacte  FROM TB_Puestos  WHERE  dsPuesto Like ('%%%') AND TB_Puestos.flEliminar = 0     Order by TB_Puestos.dsPuesto ASC 
12/12/2017 16:34:34 |  SELECT TB_Puestos.flFacturaCtacte ,TB_Puestos.nrComprobante_manual_empresa_nd_ult ,TB_Puestos.nrComprobante_manual_nd_ult ,TB_Puestos.nrComprobante_manual_empresa_nc_ult ,TB_Puestos.nrComprobante_manual_nc_ult ,TB_Puestos.flRespeta_secuencia_carga_manual ,TB_Puestos.tpLetra_manual ,TB_Puestos.nrComprobante_manual_ult ,TB_Puestos.nrTalonario_manual ,TB_Puestos.tpLetraEmpresa_manual ,TB_Puestos.nrComprobante_manual_empresa_ult ,TB_Puestos.nrTalonario_manual_empresa ,TB_Puestos.tpLetraRecibo_manual ,TB_Puestos.nrComprobante_manual_ctacte_ult ,TB_Puestos.nrTalonario_manual_ctacte ,TB_Puestos.nrComprobante_automatico_nc_ult ,TB_Puestos.nrComprobante_auto_empresa_nc_ult ,TB_Puestos.nrComprobante_automatico_nd_ult ,TB_Puestos.nrComprobante_auto_empresa_nd_ult ,TB_Puestos.dtCAI_Talonario_auto_empresa ,TB_Puestos.dtCAI_Talonario_auto ,TB_Puestos.nrCAI_Talonario_auto ,TB_Puestos.nrCAI_Talonario_auto_empresa ,TB_Puestos.nrTalonario_auto_ctacte ,TB_Puestos.nrComprobante_auto_ctacte_ult ,TB_Puestos.tpLetraRecibo ,TB_Puestos.nrTalonario_auto_empresa ,TB_Puestos.nrComprobante_auto_empresa_ult ,TB_Puestos.tpLetraEmpresa ,TB_Puestos.nrTalonario_automatico ,TB_Puestos.nrComprobante_automatico_ult ,TB_Puestos.tpLetra ,TB_Puestos.dsPuesto ,TB_Puestos.nrPuesto  FROM TB_Puestos  WHERE TB_Puestos.nrPuesto = 3  AND  TB_Puestos.flEliminar = 0    
12/12/2017 16:34:44 | Exec sco_DiccionariodeDatos @nmtabla_param='TB_Puestos'
12/12/2017 16:34:44 |  SELECT TB_Puestos.nrPuesto ,TB_Puestos.dsPuesto  FROM TB_Puestos   
12/12/2017 16:34:44 |  SELECT TB_Puestos.nrPuesto ,TB_Puestos.dsPuesto  FROM TB_Puestos  WHERE TB_Puestos.nrPuesto = 9    
12/12/2017 16:34:46 | Exec  sco_TB_Productos_v4_1 
12/12/2017 16:34:46 | Exec sco_DiccionariodeDatos @nmtabla_param='TB_Usuarios'
12/12/2017 16:34:51 |  SELECT TB_Usuarios.dsUsuario ,TB_Usuarios.dspassword ,TB_Usuarios.tpAcceso ,TB_Usuarios.nmNombre ,TB_Usuarios.nmApellido ,TB_Usuarios.flBloqueado ,TB_Usuarios.tpNivelJerarquico  FROM TB_Usuarios  WHERE TB_Usuarios.dsUsuario = 'CAMILAP'  AND  TB_Usuarios.flEliminar = 0    
12/12/2017 16:34:51 |  SELECT TB_Usuarios.dsUsuario ,TB_Usuarios.dspassword ,TB_Usuarios.tpAcceso ,TB_Usuarios.nmNombre ,TB_Usuarios.nmApellido ,TB_Usuarios.flBloqueado ,TB_Usuarios.tpNivelJerarquico  FROM TB_Usuarios  WHERE TB_Usuarios.dsUsuario = 'CAMILAP'  AND  TB_Usuarios.flEliminar = 0    
12/12/2017 16:34:51 | Exec sco_DiccionariodeDatos @nmtabla_param='sp_obtenerCajasPendientesdeAprobacion_v2_5'
12/12/2017 16:34:51 | Exec sp_obtenerCajasPendientesdeAprobacion_v2_5 @pdsUsuario_param = 'CAMILAP' 
12/12/2017 16:34:51 | Exec sp_obtenerCajasRechazadas_v2_9 
12/12/2017 16:34:51 | Exec sco_DiccionariodeDatos @nmtabla_param='TB_Parametros'
12/12/2017 16:34:51 |  SELECT TB_Parametros.vlParametro  FROM TB_Parametros  WHERE TB_Parametros.dsParametro = 'VALOR EURO'    
12/12/2017 16:34:51 |  SELECT TB_Parametros.vlParametro  FROM TB_Parametros  WHERE TB_Parametros.dsParametro = 'VALOR DOLAR'    
12/12/2017 16:34:51 | Exec SP_ValorPromoRetorno
12/12/2017 16:34:51 | Exec sco_DiccionariodeDatos @nmtabla_param='TB_Comisiones'
12/12/2017 16:34:51 |  SELECT TB_Comisiones.vlMontoMinimo  FROM TB_Comisiones  WHERE TB_Comisiones.tpComision = 'Retorno'  AND  TB_Comisiones.flEliminar = 0    
12/12/2017 16:34:51 |  SELECT TB_Parametros.vlParametro  FROM TB_Parametros  WHERE TB_Parametros.dsParametro = 'VALOR REAL'    
12/12/2017 16:34:51 | Exec sco_DiccionariodeDatos @nmtabla_param='TB_Cajas'
12/12/2017 16:34:51 |  SELECT TB_Cajas.nrCaja  FROM TB_Cajas  WHERE TB_Cajas.dsUsuario = 'CAMILAP'  and  TB_Cajas.flEstado = 0  and  TB_Cajas.tpEstadoAprobacion IS NULL  and  TB_Cajas.nrcaja > 0    
12/12/2017 16:34:56 |  SELECT TB_Cajas.nrCaja ,TB_Cajas.vlTotalSaldoFinal ,TB_Cajas.nrPuesto ,TB_Cajas.dsUsuario ,TB_Cajas.vlSaldoInicialPesos ,TB_Cajas.dtApertura ,TB_Cajas.dtCierre ,TB_Cajas.vlDiaDolar ,TB_Cajas.vlDiaEuro ,TB_Cajas.vlSaldoInicialEuros ,TB_Cajas.vlSaldoInicialDolares ,TB_Cajas.vlSaldoFinalRealPesos ,TB_Cajas.vlTotalSaldoInicial ,TB_Cajas.dtObservacion ,TB_Cajas.vlCierrePesos ,TB_Cajas.vlSaldoFinalRealDolares ,TB_Cajas.vlSaldoFinalRealEuros ,TB_Cajas.vlTotalSaldoFinalReal ,TB_Cajas.vlCierreDolares ,TB_Cajas.vlCierreEuros ,TB_Cajas.dsObservacion ,TB_Cajas.vlDiaReal ,TB_Cajas.flEstado  FROM TB_Cajas  WHERE TB_Cajas.nrCaja = 9000004252    
12/12/2017 16:34:56 | Exec sco_DiccionariodeDatos @nmtabla_param='SP_SumaCajaADM_v2_9'
12/12/2017 16:34:56 | Exec SP_SumaCajaADM_v2_9 @nrCaja_param = 9000004252 ,@tpCaja_param = 'CA' ,@tpCajaImputacion_param = null 
12/12/2017 16:34:56 |  UPDATE TB_Cajas SET TB_Cajas.vlSaldoFinalRealPesos  = 1541648.00 ,TB_Cajas.vlSaldoFinalRealEuros  = 0.00 ,TB_Cajas.vlSaldoFinalRealDolares  = 0.00 ,TB_Cajas.vlCierrePesos  = 0 ,TB_Cajas.vlCierreDolares  = 0 ,TB_Cajas.vlCierreEuros  = 0   WHERE TB_Cajas.nrCaja = 9000004252  
12/12/2017 16:34:58 |  UPDATE TB_Cajas SET TB_Cajas.nrCaja  = 9000004252 ,TB_Cajas.vlTotalSaldoFinal  = 0.00 ,TB_Cajas.nrPuesto  = 9 ,TB_Cajas.dsUsuario  = 'CAMILAP' ,TB_Cajas.vlSaldoInicialPesos  = 1541648.00 ,TB_Cajas.dtApertura  = '04/04/2017 17:52:50' ,TB_Cajas.dtCierre  = null ,TB_Cajas.vlDiaDolar  = 14.60 ,TB_Cajas.vlDiaEuro  = 15.60 ,TB_Cajas.vlSaldoInicialEuros  = 0.00 ,TB_Cajas.vlSaldoInicialDolares  = 0.00 ,TB_Cajas.vlSaldoFinalRealPesos  = 1541648.00 ,TB_Cajas.vlTotalSaldoInicial  = 1541648.00 ,TB_Cajas.dtObservacion  = '12/12/2017 16:34:58' ,TB_Cajas.vlCierrePesos  = 0 ,TB_Cajas.vlSaldoFinalRealDolares  = 0.00 ,TB_Cajas.vlSaldoFinalRealEuros  = 0.00 ,TB_Cajas.vlTotalSaldoFinalReal  = 1541648.00 ,TB_Cajas.vlCierreDolares  = 0 ,TB_Cajas.vlCierreEuros  = 0 ,TB_Cajas.dsObservacion  = null ,TB_Cajas.vlDiaReal  = 4.33 ,TB_Cajas.flCajaAdm  = 1   WHERE TB_Cajas.nrCaja = 9000004252  
12/12/2017 16:34:58 | Exec sco_DiccionariodeDatos @nmtabla_param='VW_UltimaCajaAdm'
12/12/2017 16:34:58 |  SELECT VW_UltimaCajaAdm.nrCaja ,VW_UltimaCajaAdm.vlSaldoFinalRealPesos ,VW_UltimaCajaAdm.vlSaldoFinalRealEuros ,VW_UltimaCajaAdm.vlSaldoFinalRealDolares  FROM VW_UltimaCajaAdm   
12/12/2017 16:34:58 |  SELECT TB_Cajas.nrCaja  FROM TB_Cajas  WHERE TB_Cajas.nrCaja = 9000004252  AND  TB_Cajas.flEstado = 0    
12/12/2017 16:34:58 | Exec sco_DiccionariodeDatos @nmtabla_param='sco_cajapuesto_v3_9'
12/12/2017 16:34:58 | Exec sco_cajapuesto_v3_9 @nrCaja_param = 9000004251 
12/12/2017 16:34:58 | Exec sco_cajapuesto_v3_9 @nrCaja_param = 9000004252 
12/12/2017 16:34:58 | Exec sco_DiccionariodeDatos @nmtabla_param='spu_esdifporCotizacionImputadas_v3_9'
12/12/2017 16:34:58 | Exec spu_esdifporCotizacionImputadas_v3_9 @nrCajaAdmActual = 9000004252 
12/12/2017 16:34:58 | Exec sco_validarVencimientosCAI_v4_1
12/12/2017 16:34:59 | Exec sco_DiccionariodeDatos @nmtabla_param='sco_AccesosOpcionesMenu'
12/12/2017 16:34:59 | Exec sco_AccesosOpcionesMenu @p_tpNivelAcceso = 'Administración' ,@p_operaconcaja = 1 
12/12/2017 16:34:59 | Exec sco_AccesosOpcionesMenu @p_tpNivelAcceso = 'Administración' ,@p_operaconcaja = 1 
12/12/2017 16:35:02 |  SELECT TB_Puestos.nrPuesto ,TB_Puestos.dsPuesto ,TB_Puestos.dsPuesto ,TB_Puestos.nrTalonario_manual ,TB_Puestos.nrTalonario_manual ,TB_Puestos.nrTalonario_automatico ,TB_Puestos.nrTalonario_automatico ,TB_Puestos.nrComprobante_manual_ult ,TB_Puestos.nrComprobante_manual_ult ,TB_Puestos.nrComprobante_automatico_ult ,TB_Puestos.nrComprobante_automatico_ult ,TB_Puestos.tpletra ,TB_Puestos.tpletra ,TB_Puestos.flFacturaCtacte  FROM TB_Puestos  WHERE  dsPuesto Like ('%%%') AND TB_Puestos.flEliminar = 0     Order by TB_Puestos.dsPuesto ASC 
12/12/2017 16:35:03 |  SELECT TB_Puestos.flFacturaCtacte ,TB_Puestos.nrComprobante_manual_empresa_nd_ult ,TB_Puestos.nrComprobante_manual_nd_ult ,TB_Puestos.nrComprobante_manual_empresa_nc_ult ,TB_Puestos.nrComprobante_manual_nc_ult ,TB_Puestos.flRespeta_secuencia_carga_manual ,TB_Puestos.tpLetra_manual ,TB_Puestos.nrComprobante_manual_ult ,TB_Puestos.nrTalonario_manual ,TB_Puestos.tpLetraEmpresa_manual ,TB_Puestos.nrComprobante_manual_empresa_ult ,TB_Puestos.nrTalonario_manual_empresa ,TB_Puestos.tpLetraRecibo_manual ,TB_Puestos.nrComprobante_manual_ctacte_ult ,TB_Puestos.nrTalonario_manual_ctacte ,TB_Puestos.nrComprobante_automatico_nc_ult ,TB_Puestos.nrComprobante_auto_empresa_nc_ult ,TB_Puestos.nrComprobante_automatico_nd_ult ,TB_Puestos.nrComprobante_auto_empresa_nd_ult ,TB_Puestos.dtCAI_Talonario_auto_empresa ,TB_Puestos.dtCAI_Talonario_auto ,TB_Puestos.nrCAI_Talonario_auto ,TB_Puestos.nrCAI_Talonario_auto_empresa ,TB_Puestos.nrTalonario_auto_ctacte ,TB_Puestos.nrComprobante_auto_ctacte_ult ,TB_Puestos.tpLetraRecibo ,TB_Puestos.nrTalonario_auto_empresa ,TB_Puestos.nrComprobante_auto_empresa_ult ,TB_Puestos.tpLetraEmpresa ,TB_Puestos.nrTalonario_automatico ,TB_Puestos.nrComprobante_automatico_ult ,TB_Puestos.tpLetra ,TB_Puestos.dsPuesto ,TB_Puestos.nrPuesto  FROM TB_Puestos  WHERE TB_Puestos.nrPuesto = 1  AND  TB_Puestos.flEliminar = 0    
12/12/2017 16:35:10 | Exec   sco_Puestos_v4_7  @nrPuesto_param=1
12/12/2017 16:35:51 | SET DATEFORMAT dmy
12/12/2017 16:35:51 | select getdate() AS FECHA
12/12/2017 16:35:51 | Exec   sup_Puestos_v4_7  @nrPuesto_param=1 ,  @dsPuesto_param='Internacional1' ,  @dtActualizado_param='12/12/2017 16:35:51',   @nrTalonario_manual_param=1 ,  @nrTalonario_automatico_param=6 ,  @nrComprobante_manual_ult_param=201267 ,  @nrComprobante_automatico_ult_param=737901,  @flRespeta_secuencia_carga_manual_param=0, @tpLetra_param='B',@nrTalonario_manual_empresa_param=1, @nrTalonario_manual_ctacte_param=0, @nrComprobante_manual_empresa_ult_param=302, @nrComprobante_manual_ctacte_ult_param=100, @tpLetraEmpresa_param='A', @tpLetraRecibo_param='X', @nrTalonario_auto_empresa_param=6, @nrTalonario_auto_ctacte_param=6, @nrComprobante_auto_ctacte_ult_param=692, @nrComprobante_auto_empresa_ult_param=8692, @tpletra_manual_param='B', @tpLetraEmpresa_manual_param='M', @tpLetraRecibo_manual_param='X',@nrCAI_Talonario_auto_param=43099090305451, @dtCAI_Talonario_auto_param='01/01/2019', @nrCAI_Talonario_auto_empresa_param=35063110896550, @dtCAI_Talonario_auto_empresa_param='03/03/2018', @nrComprobante_automatico_nd_ult=0, @nrComprobante_auto_empresa_nd_ult=0, @nrComprobante_auto_ctacte_nd_ult=0, @nrComprobante_manual_nd_ult=0, @nrComprobante_manual_empresa_nd_ult=0, @nrComprobante_manual_ctacte_nd_ult=null, @nrComprobante_automatico_nc_ult=1, @nrComprobante_auto_empresa_nc_ult=69, @nrComprobante_auto_ctacte_nc_ult=null, @nrComprobante_manual_nc_ult=0, @nrComprobante_manual_empresa_nc_ult=0, @nrComprobante_manual_ctacte_nc_ult=null, @flFacturaCtacte=1
12/12/2017 16:35:53 |  SELECT TB_Puestos.nrPuesto ,TB_Puestos.dsPuesto ,TB_Puestos.dsPuesto ,TB_Puestos.nrTalonario_manual ,TB_Puestos.nrTalonario_manual ,TB_Puestos.nrTalonario_automatico ,TB_Puestos.nrTalonario_automatico ,TB_Puestos.nrComprobante_manual_ult ,TB_Puestos.nrComprobante_manual_ult ,TB_Puestos.nrComprobante_automatico_ult ,TB_Puestos.nrComprobante_automatico_ult ,TB_Puestos.tpletra ,TB_Puestos.tpletra ,TB_Puestos.flFacturaCtacte  FROM TB_Puestos  WHERE  dsPuesto Like ('%%%') AND TB_Puestos.flEliminar = 0     Order by TB_Puestos.dsPuesto ASC 
12/12/2017 16:35:54 |  SELECT TB_Puestos.flFacturaCtacte ,TB_Puestos.nrComprobante_manual_empresa_nd_ult ,TB_Puestos.nrComprobante_manual_nd_ult ,TB_Puestos.nrComprobante_manual_empresa_nc_ult ,TB_Puestos.nrComprobante_manual_nc_ult ,TB_Puestos.flRespeta_secuencia_carga_manual ,TB_Puestos.tpLetra_manual ,TB_Puestos.nrComprobante_manual_ult ,TB_Puestos.nrTalonario_manual ,TB_Puestos.tpLetraEmpresa_manual ,TB_Puestos.nrComprobante_manual_empresa_ult ,TB_Puestos.nrTalonario_manual_empresa ,TB_Puestos.tpLetraRecibo_manual ,TB_Puestos.nrComprobante_manual_ctacte_ult ,TB_Puestos.nrTalonario_manual_ctacte ,TB_Puestos.nrComprobante_automatico_nc_ult ,TB_Puestos.nrComprobante_auto_empresa_nc_ult ,TB_Puestos.nrComprobante_automatico_nd_ult ,TB_Puestos.nrComprobante_auto_empresa_nd_ult ,TB_Puestos.dtCAI_Talonario_auto_empresa ,TB_Puestos.dtCAI_Talonario_auto ,TB_Puestos.nrCAI_Talonario_auto ,TB_Puestos.nrCAI_Talonario_auto_empresa ,TB_Puestos.nrTalonario_auto_ctacte ,TB_Puestos.nrComprobante_auto_ctacte_ult ,TB_Puestos.tpLetraRecibo ,TB_Puestos.nrTalonario_auto_empresa ,TB_Puestos.nrComprobante_auto_empresa_ult ,TB_Puestos.tpLetraEmpresa ,TB_Puestos.nrTalonario_automatico ,TB_Puestos.nrComprobante_automatico_ult ,TB_Puestos.tpLetra ,TB_Puestos.dsPuesto ,TB_Puestos.nrPuesto  FROM TB_Puestos  WHERE TB_Puestos.nrPuesto = 4  AND  TB_Puestos.flEliminar = 0    
12/12/2017 16:35:59 | Exec   sco_Puestos_v4_7  @nrPuesto_param=4
12/12/2017 16:36:32 | SET DATEFORMAT dmy
12/12/2017 16:36:32 | select getdate() AS FECHA
12/12/2017 16:36:32 | Exec   sup_Puestos_v4_7  @nrPuesto_param=4 ,  @dsPuesto_param='Retornos' ,  @dtActualizado_param='12/12/2017 16:36:32',   @nrTalonario_manual_param=0 ,  @nrTalonario_automatico_param=8 ,  @nrComprobante_manual_ult_param=7141 ,  @nrComprobante_automatico_ult_param=177828,  @flRespeta_secuencia_carga_manual_param=0, @tpLetra_param='B',@nrTalonario_manual_empresa_param=0, @nrTalonario_manual_ctacte_param=0, @nrComprobante_manual_empresa_ult_param=202, @nrComprobante_manual_ctacte_ult_param=1, @tpLetraEmpresa_param='A', @tpLetraRecibo_param='X', @nrTalonario_auto_empresa_param=0, @nrTalonario_auto_ctacte_param=8, @nrComprobante_auto_ctacte_ult_param=8641, @nrComprobante_auto_empresa_ult_param=4676, @tpletra_manual_param='B', @tpLetraEmpresa_manual_param='M', @tpLetraRecibo_manual_param='X',@nrCAI_Talonario_auto_param=43099090305451, @dtCAI_Talonario_auto_param='01/01/2019', @nrCAI_Talonario_auto_empresa_param=41189015354397, @dtCAI_Talonario_auto_empresa_param='31/03/2017', @nrComprobante_automatico_nd_ult=0, @nrComprobante_auto_empresa_nd_ult=0, @nrComprobante_auto_ctacte_nd_ult=0, @nrComprobante_manual_nd_ult=0, @nrComprobante_manual_empresa_nd_ult=0, @nrComprobante_manual_ctacte_nd_ult=null, @nrComprobante_automatico_nc_ult=0, @nrComprobante_auto_empresa_nc_ult=0, @nrComprobante_auto_ctacte_nc_ult=null, @nrComprobante_manual_nc_ult=0, @nrComprobante_manual_empresa_nc_ult=0, @nrComprobante_manual_ctacte_nc_ult=null, @flFacturaCtacte=1
12/12/2017 16:36:33 |  SELECT TB_Puestos.nrPuesto ,TB_Puestos.dsPuesto ,TB_Puestos.dsPuesto ,TB_Puestos.nrTalonario_manual ,TB_Puestos.nrTalonario_manual ,TB_Puestos.nrTalonario_automatico ,TB_Puestos.nrTalonario_automatico ,TB_Puestos.nrComprobante_manual_ult ,TB_Puestos.nrComprobante_manual_ult ,TB_Puestos.nrComprobante_automatico_ult ,TB_Puestos.nrComprobante_automatico_ult ,TB_Puestos.tpletra ,TB_Puestos.tpletra ,TB_Puestos.flFacturaCtacte  FROM TB_Puestos  WHERE  dsPuesto Like ('%%%') AND TB_Puestos.flEliminar = 0     Order by TB_Puestos.dsPuesto ASC 
12/12/2017 16:36:34 |  SELECT TB_Puestos.flFacturaCtacte ,TB_Puestos.nrComprobante_manual_empresa_nd_ult ,TB_Puestos.nrComprobante_manual_nd_ult ,TB_Puestos.nrComprobante_manual_empresa_nc_ult ,TB_Puestos.nrComprobante_manual_nc_ult ,TB_Puestos.flRespeta_secuencia_carga_manual ,TB_Puestos.tpLetra_manual ,TB_Puestos.nrComprobante_manual_ult ,TB_Puestos.nrTalonario_manual ,TB_Puestos.tpLetraEmpresa_manual ,TB_Puestos.nrComprobante_manual_empresa_ult ,TB_Puestos.nrTalonario_manual_empresa ,TB_Puestos.tpLetraRecibo_manual ,TB_Puestos.nrComprobante_manual_ctacte_ult ,TB_Puestos.nrTalonario_manual_ctacte ,TB_Puestos.nrComprobante_automatico_nc_ult ,TB_Puestos.nrComprobante_auto_empresa_nc_ult ,TB_Puestos.nrComprobante_automatico_nd_ult ,TB_Puestos.nrComprobante_auto_empresa_nd_ult ,TB_Puestos.dtCAI_Talonario_auto_empresa ,TB_Puestos.dtCAI_Talonario_auto ,TB_Puestos.nrCAI_Talonario_auto ,TB_Puestos.nrCAI_Talonario_auto_empresa ,TB_Puestos.nrTalonario_auto_ctacte ,TB_Puestos.nrComprobante_auto_ctacte_ult ,TB_Puestos.tpLetraRecibo ,TB_Puestos.nrTalonario_auto_empresa ,TB_Puestos.nrComprobante_auto_empresa_ult ,TB_Puestos.tpLetraEmpresa ,TB_Puestos.nrTalonario_automatico ,TB_Puestos.nrComprobante_automatico_ult ,TB_Puestos.tpLetra ,TB_Puestos.dsPuesto ,TB_Puestos.nrPuesto  FROM TB_Puestos  WHERE TB_Puestos.nrPuesto = 9  AND  TB_Puestos.flEliminar = 0    
12/12/2017 16:36:56 |  SELECT TB_Puestos.flFacturaCtacte ,TB_Puestos.nrComprobante_manual_empresa_nd_ult ,TB_Puestos.nrComprobante_manual_nd_ult ,TB_Puestos.nrComprobante_manual_empresa_nc_ult ,TB_Puestos.nrComprobante_manual_nc_ult ,TB_Puestos.flRespeta_secuencia_carga_manual ,TB_Puestos.tpLetra_manual ,TB_Puestos.nrComprobante_manual_ult ,TB_Puestos.nrTalonario_manual ,TB_Puestos.tpLetraEmpresa_manual ,TB_Puestos.nrComprobante_manual_empresa_ult ,TB_Puestos.nrTalonario_manual_empresa ,TB_Puestos.tpLetraRecibo_manual ,TB_Puestos.nrComprobante_manual_ctacte_ult ,TB_Puestos.nrTalonario_manual_ctacte ,TB_Puestos.nrComprobante_automatico_nc_ult ,TB_Puestos.nrComprobante_auto_empresa_nc_ult ,TB_Puestos.nrComprobante_automatico_nd_ult ,TB_Puestos.nrComprobante_auto_empresa_nd_ult ,TB_Puestos.dtCAI_Talonario_auto_empresa ,TB_Puestos.dtCAI_Talonario_auto ,TB_Puestos.nrCAI_Talonario_auto ,TB_Puestos.nrCAI_Talonario_auto_empresa ,TB_Puestos.nrTalonario_auto_ctacte ,TB_Puestos.nrComprobante_auto_ctacte_ult ,TB_Puestos.tpLetraRecibo ,TB_Puestos.nrTalonario_auto_empresa ,TB_Puestos.nrComprobante_auto_empresa_ult ,TB_Puestos.tpLetraEmpresa ,TB_Puestos.nrTalonario_automatico ,TB_Puestos.nrComprobante_automatico_ult ,TB_Puestos.tpLetra ,TB_Puestos.dsPuesto ,TB_Puestos.nrPuesto  FROM TB_Puestos  WHERE TB_Puestos.nrPuesto = 1  AND  TB_Puestos.flEliminar = 0    
12/12/2017 16:37:03 | Exec   sco_Puestos_v4_7  @nrPuesto_param=1
12/12/2017 16:37:18 | SET DATEFORMAT dmy
12/12/2017 16:37:18 | select getdate() AS FECHA
12/12/2017 16:37:18 | Exec   sup_Puestos_v4_7  @nrPuesto_param=1 ,  @dsPuesto_param='Internacional1' ,  @dtActualizado_param='12/12/2017 16:37:18',   @nrTalonario_manual_param=1 ,  @nrTalonario_automatico_param=6 ,  @nrComprobante_manual_ult_param=201267 ,  @nrComprobante_automatico_ult_param=737901,  @flRespeta_secuencia_carga_manual_param=0, @tpLetra_param='B',@nrTalonario_manual_empresa_param=1, @nrTalonario_manual_ctacte_param=0, @nrComprobante_manual_empresa_ult_param=302, @nrComprobante_manual_ctacte_ult_param=1001, @tpLetraEmpresa_param='A', @tpLetraRecibo_param='X', @nrTalonario_auto_empresa_param=6, @nrTalonario_auto_ctacte_param=6, @nrComprobante_auto_ctacte_ult_param=692, @nrComprobante_auto_empresa_ult_param=8692, @tpletra_manual_param='B', @tpLetraEmpresa_manual_param='M', @tpLetraRecibo_manual_param='X',@nrCAI_Talonario_auto_param=43099090305451, @dtCAI_Talonario_auto_param='01/01/2019', @nrCAI_Talonario_auto_empresa_param=35063110896550, @dtCAI_Talonario_auto_empresa_param='03/03/2018', @nrComprobante_automatico_nd_ult=0, @nrComprobante_auto_empresa_nd_ult=0, @nrComprobante_auto_ctacte_nd_ult=0, @nrComprobante_manual_nd_ult=0, @nrComprobante_manual_empresa_nd_ult=0, @nrComprobante_manual_ctacte_nd_ult=null, @nrComprobante_automatico_nc_ult=1, @nrComprobante_auto_empresa_nc_ult=69, @nrComprobante_auto_ctacte_nc_ult=null, @nrComprobante_manual_nc_ult=0, @nrComprobante_manual_empresa_nc_ult=0, @nrComprobante_manual_ctacte_nc_ult=null, @flFacturaCtacte=1
12/12/2017 16:37:19 |  SELECT TB_Puestos.nrPuesto ,TB_Puestos.dsPuesto ,TB_Puestos.dsPuesto ,TB_Puestos.nrTalonario_manual ,TB_Puestos.nrTalonario_manual ,TB_Puestos.nrTalonario_automatico ,TB_Puestos.nrTalonario_automatico ,TB_Puestos.nrComprobante_manual_ult ,TB_Puestos.nrComprobante_manual_ult ,TB_Puestos.nrComprobante_automatico_ult ,TB_Puestos.nrComprobante_automatico_ult ,TB_Puestos.tpletra ,TB_Puestos.tpletra ,TB_Puestos.flFacturaCtacte  FROM TB_Puestos  WHERE  dsPuesto Like ('%%%') AND TB_Puestos.flEliminar = 0     Order by TB_Puestos.dsPuesto ASC 
12/12/2017 16:37:21 |  SELECT TB_Puestos.flFacturaCtacte ,TB_Puestos.nrComprobante_manual_empresa_nd_ult ,TB_Puestos.nrComprobante_manual_nd_ult ,TB_Puestos.nrComprobante_manual_empresa_nc_ult ,TB_Puestos.nrComprobante_manual_nc_ult ,TB_Puestos.flRespeta_secuencia_carga_manual ,TB_Puestos.tpLetra_manual ,TB_Puestos.nrComprobante_manual_ult ,TB_Puestos.nrTalonario_manual ,TB_Puestos.tpLetraEmpresa_manual ,TB_Puestos.nrComprobante_manual_empresa_ult ,TB_Puestos.nrTalonario_manual_empresa ,TB_Puestos.tpLetraRecibo_manual ,TB_Puestos.nrComprobante_manual_ctacte_ult ,TB_Puestos.nrTalonario_manual_ctacte ,TB_Puestos.nrComprobante_automatico_nc_ult ,TB_Puestos.nrComprobante_auto_empresa_nc_ult ,TB_Puestos.nrComprobante_automatico_nd_ult ,TB_Puestos.nrComprobante_auto_empresa_nd_ult ,TB_Puestos.dtCAI_Talonario_auto_empresa ,TB_Puestos.dtCAI_Talonario_auto ,TB_Puestos.nrCAI_Talonario_auto ,TB_Puestos.nrCAI_Talonario_auto_empresa ,TB_Puestos.nrTalonario_auto_ctacte ,TB_Puestos.nrComprobante_auto_ctacte_ult ,TB_Puestos.tpLetraRecibo ,TB_Puestos.nrTalonario_auto_empresa ,TB_Puestos.nrComprobante_auto_empresa_ult ,TB_Puestos.tpLetraEmpresa ,TB_Puestos.nrTalonario_automatico ,TB_Puestos.nrComprobante_automatico_ult ,TB_Puestos.tpLetra ,TB_Puestos.dsPuesto ,TB_Puestos.nrPuesto  FROM TB_Puestos  WHERE TB_Puestos.nrPuesto = 1  AND  TB_Puestos.flEliminar = 0    
