13/05/2017 06:42:39 | Exec  sco_TB_Productos_v4_1 
13/05/2017 06:42:39 | Exec sco_DiccionariodeDatos @nmtabla_param='TB_Usuarios'
13/05/2017 06:42:44 |  SELECT TB_Usuarios.dsUsuario ,TB_Usuarios.dspassword ,TB_Usuarios.tpAcceso ,TB_Usuarios.nmNombre ,TB_Usuarios.nmApellido ,TB_Usuarios.flBloqueado ,TB_Usuarios.tpNivelJerarquico  FROM TB_Usuarios  WHERE TB_Usuarios.dsUsuario = 'USRPARAM'  AND  TB_Usuarios.flEliminar = 0  
13/05/2017 06:42:44 |  SELECT TB_Usuarios.dsUsuario ,TB_Usuarios.dspassword ,TB_Usuarios.tpAcceso ,TB_Usuarios.nmNombre ,TB_Usuarios.nmApellido ,TB_Usuarios.flBloqueado ,TB_Usuarios.tpNivelJerarquico  FROM TB_Usuarios  WHERE TB_Usuarios.dsUsuario = 'USRPARAM'  AND  TB_Usuarios.flEliminar = 0  
13/05/2017 06:42:44 | Exec sco_DiccionariodeDatos @nmtabla_param='sp_obtenerCajasPendientesdeAprobacion_v2_5'
13/05/2017 06:42:44 | Exec sp_obtenerCajasPendientesdeAprobacion_v2_5 @pdsUsuario_param = 'USRPARAM' 
13/05/2017 06:42:44 | Exec sco_DiccionariodeDatos @nmtabla_param='TB_Parametros'
13/05/2017 06:42:44 |  SELECT TB_Parametros.vlParametro  FROM TB_Parametros  WHERE TB_Parametros.dsParametro = 'VALOR EURO'  
13/05/2017 06:42:44 |  SELECT TB_Parametros.vlParametro  FROM TB_Parametros  WHERE TB_Parametros.dsParametro = 'VALOR DOLAR'  
13/05/2017 06:42:44 | Exec SP_ValorPromoRetorno
13/05/2017 06:42:44 | Exec sco_DiccionariodeDatos @nmtabla_param='TB_Comisiones'
13/05/2017 06:42:44 |  SELECT TB_Comisiones.vlMontoMinimo  FROM TB_Comisiones  WHERE TB_Comisiones.tpComision = 'Retorno'  AND  TB_Comisiones.flEliminar = 0  
13/05/2017 06:42:44 |  SELECT TB_Parametros.vlParametro  FROM TB_Parametros  WHERE TB_Parametros.dsParametro = 'VALOR REAL'  
13/05/2017 06:42:44 | Exec sco_validarVencimientosCAI_v4_1
13/05/2017 06:42:46 | Exec sco_DiccionariodeDatos @nmtabla_param='sco_AccesosOpcionesMenu'
13/05/2017 06:42:46 | Exec sco_AccesosOpcionesMenu @p_tpNivelAcceso = 'Parametrización' ,@p_operaconcaja = 1 
13/05/2017 06:42:46 | Exec sco_AccesosOpcionesMenu @p_tpNivelAcceso = 'Parametrización' ,@p_operaconcaja = 1 
13/05/2017 06:42:53 | Exec sco_DiccionariodeDatos @nmtabla_param='TB_NivelAcceso'
13/05/2017 06:42:58 |  SELECT TB_NivelAcceso.tpNivelAcceso  FROM TB_NivelAcceso  WHERE  tpNivelAcceso Like ('%%%') Order by TB_NivelAcceso.tpNivelAcceso ASC 
13/05/2017 06:43:00 |  SELECT TB_NivelAcceso.tpNivelAcceso  FROM TB_NivelAcceso  WHERE TB_NivelAcceso.tpNivelAcceso = 'Parametrización'  
13/05/2017 06:43:00 | Exec sco_AccesosOpcionesMenu @p_tpNivelAcceso = 'Parametrización' 
13/05/2017 06:43:04 |  UPDATE TB_NivelAcceso SET TB_NivelAcceso.tpNivelAcceso  = 'Parametrización'   WHERE TB_NivelAcceso.tpNivelAcceso = 'Parametrización'  
13/05/2017 06:43:04 | Exec sco_DiccionariodeDatos @nmtabla_param='TB_NivelAccesoOpcionesMenu'
13/05/2017 06:43:04 |  UPDATE TB_NivelAccesoOpcionesMenu SET TB_NivelAccesoOpcionesMenu.flAcceso  = -1   WHERE TB_NivelAccesoOpcionesMenu.tpNivelAcceso = 'Parametrización'  AND  TB_NivelAccesoOpcionesMenu.idOpcionMenu = 1  
13/05/2017 06:43:04 |  UPDATE TB_NivelAccesoOpcionesMenu SET TB_NivelAccesoOpcionesMenu.flAcceso  = 0   WHERE TB_NivelAccesoOpcionesMenu.tpNivelAcceso = 'Parametrización'  AND  TB_NivelAccesoOpcionesMenu.idOpcionMenu = 2  
13/05/2017 06:43:04 |  UPDATE TB_NivelAccesoOpcionesMenu SET TB_NivelAccesoOpcionesMenu.flAcceso  = 0   WHERE TB_NivelAccesoOpcionesMenu.tpNivelAcceso = 'Parametrización'  AND  TB_NivelAccesoOpcionesMenu.idOpcionMenu = 3  
13/05/2017 06:43:04 |  UPDATE TB_NivelAccesoOpcionesMenu SET TB_NivelAccesoOpcionesMenu.flAcceso  = 0   WHERE TB_NivelAccesoOpcionesMenu.tpNivelAcceso = 'Parametrización'  AND  TB_NivelAccesoOpcionesMenu.idOpcionMenu = 4  
13/05/2017 06:43:04 |  UPDATE TB_NivelAccesoOpcionesMenu SET TB_NivelAccesoOpcionesMenu.flAcceso  = -1   WHERE TB_NivelAccesoOpcionesMenu.tpNivelAcceso = 'Parametrización'  AND  TB_NivelAccesoOpcionesMenu.idOpcionMenu = 5  
13/05/2017 06:43:04 |  UPDATE TB_NivelAccesoOpcionesMenu SET TB_NivelAccesoOpcionesMenu.flAcceso  = -1   WHERE TB_NivelAccesoOpcionesMenu.tpNivelAcceso = 'Parametrización'  AND  TB_NivelAccesoOpcionesMenu.idOpcionMenu = 49  
13/05/2017 06:43:04 |  UPDATE TB_NivelAccesoOpcionesMenu SET TB_NivelAccesoOpcionesMenu.flAcceso  = 0   WHERE TB_NivelAccesoOpcionesMenu.tpNivelAcceso = 'Parametrización'  AND  TB_NivelAccesoOpcionesMenu.idOpcionMenu = 6  
13/05/2017 06:43:04 |  UPDATE TB_NivelAccesoOpcionesMenu SET TB_NivelAccesoOpcionesMenu.flAcceso  = 0   WHERE TB_NivelAccesoOpcionesMenu.tpNivelAcceso = 'Parametrización'  AND  TB_NivelAccesoOpcionesMenu.idOpcionMenu = 7  
13/05/2017 06:43:04 |  UPDATE TB_NivelAccesoOpcionesMenu SET TB_NivelAccesoOpcionesMenu.flAcceso  = 0   WHERE TB_NivelAccesoOpcionesMenu.tpNivelAcceso = 'Parametrización'  AND  TB_NivelAccesoOpcionesMenu.idOpcionMenu = 60  
13/05/2017 06:43:04 |  UPDATE TB_NivelAccesoOpcionesMenu SET TB_NivelAccesoOpcionesMenu.flAcceso  = 0   WHERE TB_NivelAccesoOpcionesMenu.tpNivelAcceso = 'Parametrización'  AND  TB_NivelAccesoOpcionesMenu.idOpcionMenu = 62  
13/05/2017 06:43:04 |  UPDATE TB_NivelAccesoOpcionesMenu SET TB_NivelAccesoOpcionesMenu.flAcceso  = 0   WHERE TB_NivelAccesoOpcionesMenu.tpNivelAcceso = 'Parametrización'  AND  TB_NivelAccesoOpcionesMenu.idOpcionMenu = 63  
13/05/2017 06:43:04 |  UPDATE TB_NivelAccesoOpcionesMenu SET TB_NivelAccesoOpcionesMenu.flAcceso  = 0   WHERE TB_NivelAccesoOpcionesMenu.tpNivelAcceso = 'Parametrización'  AND  TB_NivelAccesoOpcionesMenu.idOpcionMenu = 61  
13/05/2017 06:43:04 |  UPDATE TB_NivelAccesoOpcionesMenu SET TB_NivelAccesoOpcionesMenu.flAcceso  = 0   WHERE TB_NivelAccesoOpcionesMenu.tpNivelAcceso = 'Parametrización'  AND  TB_NivelAccesoOpcionesMenu.idOpcionMenu = 64  
13/05/2017 06:43:04 |  UPDATE TB_NivelAccesoOpcionesMenu SET TB_NivelAccesoOpcionesMenu.flAcceso  = 0   WHERE TB_NivelAccesoOpcionesMenu.tpNivelAcceso = 'Parametrización'  AND  TB_NivelAccesoOpcionesMenu.idOpcionMenu = 8  
13/05/2017 06:43:04 |  UPDATE TB_NivelAccesoOpcionesMenu SET TB_NivelAccesoOpcionesMenu.flAcceso  = 0   WHERE TB_NivelAccesoOpcionesMenu.tpNivelAcceso = 'Parametrización'  AND  TB_NivelAccesoOpcionesMenu.idOpcionMenu = 9  
13/05/2017 06:43:04 |  UPDATE TB_NivelAccesoOpcionesMenu SET TB_NivelAccesoOpcionesMenu.flAcceso  = 0   WHERE TB_NivelAccesoOpcionesMenu.tpNivelAcceso = 'Parametrización'  AND  TB_NivelAccesoOpcionesMenu.idOpcionMenu = 200  
13/05/2017 06:43:04 |  UPDATE TB_NivelAccesoOpcionesMenu SET TB_NivelAccesoOpcionesMenu.flAcceso  = 0   WHERE TB_NivelAccesoOpcionesMenu.tpNivelAcceso = 'Parametrización'  AND  TB_NivelAccesoOpcionesMenu.idOpcionMenu = 201  
13/05/2017 06:43:04 |  UPDATE TB_NivelAccesoOpcionesMenu SET TB_NivelAccesoOpcionesMenu.flAcceso  = 0   WHERE TB_NivelAccesoOpcionesMenu.tpNivelAcceso = 'Parametrización'  AND  TB_NivelAccesoOpcionesMenu.idOpcionMenu = 10  
13/05/2017 06:43:04 |  UPDATE TB_NivelAccesoOpcionesMenu SET TB_NivelAccesoOpcionesMenu.flAcceso  = 0   WHERE TB_NivelAccesoOpcionesMenu.tpNivelAcceso = 'Parametrización'  AND  TB_NivelAccesoOpcionesMenu.idOpcionMenu = 11  
13/05/2017 06:43:04 |  UPDATE TB_NivelAccesoOpcionesMenu SET TB_NivelAccesoOpcionesMenu.flAcceso  = -1   WHERE TB_NivelAccesoOpcionesMenu.tpNivelAcceso = 'Parametrización'  AND  TB_NivelAccesoOpcionesMenu.idOpcionMenu = 12  
13/05/2017 06:43:04 |  UPDATE TB_NivelAccesoOpcionesMenu SET TB_NivelAccesoOpcionesMenu.flAcceso  = 0   WHERE TB_NivelAccesoOpcionesMenu.tpNivelAcceso = 'Parametrización'  AND  TB_NivelAccesoOpcionesMenu.idOpcionMenu = 13  
13/05/2017 06:43:04 |  UPDATE TB_NivelAccesoOpcionesMenu SET TB_NivelAccesoOpcionesMenu.flAcceso  = -1   WHERE TB_NivelAccesoOpcionesMenu.tpNivelAcceso = 'Parametrización'  AND  TB_NivelAccesoOpcionesMenu.idOpcionMenu = 14  
13/05/2017 06:43:04 |  UPDATE TB_NivelAccesoOpcionesMenu SET TB_NivelAccesoOpcionesMenu.flAcceso  = -1   WHERE TB_NivelAccesoOpcionesMenu.tpNivelAcceso = 'Parametrización'  AND  TB_NivelAccesoOpcionesMenu.idOpcionMenu = 15  
13/05/2017 06:43:04 |  UPDATE TB_NivelAccesoOpcionesMenu SET TB_NivelAccesoOpcionesMenu.flAcceso  = -1   WHERE TB_NivelAccesoOpcionesMenu.tpNivelAcceso = 'Parametrización'  AND  TB_NivelAccesoOpcionesMenu.idOpcionMenu = 16  
13/05/2017 06:43:04 |  UPDATE TB_NivelAccesoOpcionesMenu SET TB_NivelAccesoOpcionesMenu.flAcceso  = 0   WHERE TB_NivelAccesoOpcionesMenu.tpNivelAcceso = 'Parametrización'  AND  TB_NivelAccesoOpcionesMenu.idOpcionMenu = 17  
13/05/2017 06:43:04 |  UPDATE TB_NivelAccesoOpcionesMenu SET TB_NivelAccesoOpcionesMenu.flAcceso  = -1   WHERE TB_NivelAccesoOpcionesMenu.tpNivelAcceso = 'Parametrización'  AND  TB_NivelAccesoOpcionesMenu.idOpcionMenu = 50  
13/05/2017 06:43:04 |  UPDATE TB_NivelAccesoOpcionesMenu SET TB_NivelAccesoOpcionesMenu.flAcceso  = -1   WHERE TB_NivelAccesoOpcionesMenu.tpNivelAcceso = 'Parametrización'  AND  TB_NivelAccesoOpcionesMenu.idOpcionMenu = 18  
13/05/2017 06:43:04 |  UPDATE TB_NivelAccesoOpcionesMenu SET TB_NivelAccesoOpcionesMenu.flAcceso  = -1   WHERE TB_NivelAccesoOpcionesMenu.tpNivelAcceso = 'Parametrización'  AND  TB_NivelAccesoOpcionesMenu.idOpcionMenu = 19  
13/05/2017 06:43:04 |  UPDATE TB_NivelAccesoOpcionesMenu SET TB_NivelAccesoOpcionesMenu.flAcceso  = -1   WHERE TB_NivelAccesoOpcionesMenu.tpNivelAcceso = 'Parametrización'  AND  TB_NivelAccesoOpcionesMenu.idOpcionMenu = 21  
13/05/2017 06:43:04 |  UPDATE TB_NivelAccesoOpcionesMenu SET TB_NivelAccesoOpcionesMenu.flAcceso  = 0   WHERE TB_NivelAccesoOpcionesMenu.tpNivelAcceso = 'Parametrización'  AND  TB_NivelAccesoOpcionesMenu.idOpcionMenu = 217  
13/05/2017 06:43:04 |  UPDATE TB_NivelAccesoOpcionesMenu SET TB_NivelAccesoOpcionesMenu.flAcceso  = 0   WHERE TB_NivelAccesoOpcionesMenu.tpNivelAcceso = 'Parametrización'  AND  TB_NivelAccesoOpcionesMenu.idOpcionMenu = 218  
13/05/2017 06:43:04 |  UPDATE TB_NivelAccesoOpcionesMenu SET TB_NivelAccesoOpcionesMenu.flAcceso  = 0   WHERE TB_NivelAccesoOpcionesMenu.tpNivelAcceso = 'Parametrización'  AND  TB_NivelAccesoOpcionesMenu.idOpcionMenu = 23  
13/05/2017 06:43:04 |  UPDATE TB_NivelAccesoOpcionesMenu SET TB_NivelAccesoOpcionesMenu.flAcceso  = 0   WHERE TB_NivelAccesoOpcionesMenu.tpNivelAcceso = 'Parametrización'  AND  TB_NivelAccesoOpcionesMenu.idOpcionMenu = 24  
13/05/2017 06:43:04 |  UPDATE TB_NivelAccesoOpcionesMenu SET TB_NivelAccesoOpcionesMenu.flAcceso  = 0   WHERE TB_NivelAccesoOpcionesMenu.tpNivelAcceso = 'Parametrización'  AND  TB_NivelAccesoOpcionesMenu.idOpcionMenu = 25  
13/05/2017 06:43:04 |  UPDATE TB_NivelAccesoOpcionesMenu SET TB_NivelAccesoOpcionesMenu.flAcceso  = 0   WHERE TB_NivelAccesoOpcionesMenu.tpNivelAcceso = 'Parametrización'  AND  TB_NivelAccesoOpcionesMenu.idOpcionMenu = 26  
13/05/2017 06:43:04 |  UPDATE TB_NivelAccesoOpcionesMenu SET TB_NivelAccesoOpcionesMenu.flAcceso  = 0   WHERE TB_NivelAccesoOpcionesMenu.tpNivelAcceso = 'Parametrización'  AND  TB_NivelAccesoOpcionesMenu.idOpcionMenu = 27  
13/05/2017 06:43:04 |  UPDATE TB_NivelAccesoOpcionesMenu SET TB_NivelAccesoOpcionesMenu.flAcceso  = 0   WHERE TB_NivelAccesoOpcionesMenu.tpNivelAcceso = 'Parametrización'  AND  TB_NivelAccesoOpcionesMenu.idOpcionMenu = 29  
13/05/2017 06:43:04 |  UPDATE TB_NivelAccesoOpcionesMenu SET TB_NivelAccesoOpcionesMenu.flAcceso  = 0   WHERE TB_NivelAccesoOpcionesMenu.tpNivelAcceso = 'Parametrización'  AND  TB_NivelAccesoOpcionesMenu.idOpcionMenu = 30  
13/05/2017 06:43:04 |  UPDATE TB_NivelAccesoOpcionesMenu SET TB_NivelAccesoOpcionesMenu.flAcceso  = 0   WHERE TB_NivelAccesoOpcionesMenu.tpNivelAcceso = 'Parametrización'  AND  TB_NivelAccesoOpcionesMenu.idOpcionMenu = 35  
13/05/2017 06:43:04 |  UPDATE TB_NivelAccesoOpcionesMenu SET TB_NivelAccesoOpcionesMenu.flAcceso  = 0   WHERE TB_NivelAccesoOpcionesMenu.tpNivelAcceso = 'Parametrización'  AND  TB_NivelAccesoOpcionesMenu.idOpcionMenu = 37  
13/05/2017 06:43:04 |  UPDATE TB_NivelAccesoOpcionesMenu SET TB_NivelAccesoOpcionesMenu.flAcceso  = 0   WHERE TB_NivelAccesoOpcionesMenu.tpNivelAcceso = 'Parametrización'  AND  TB_NivelAccesoOpcionesMenu.idOpcionMenu = 40  
13/05/2017 06:43:04 |  UPDATE TB_NivelAccesoOpcionesMenu SET TB_NivelAccesoOpcionesMenu.flAcceso  = 0   WHERE TB_NivelAccesoOpcionesMenu.tpNivelAcceso = 'Parametrización'  AND  TB_NivelAccesoOpcionesMenu.idOpcionMenu = 68  
13/05/2017 06:43:04 |  UPDATE TB_NivelAccesoOpcionesMenu SET TB_NivelAccesoOpcionesMenu.flAcceso  = 0   WHERE TB_NivelAccesoOpcionesMenu.tpNivelAcceso = 'Parametrización'  AND  TB_NivelAccesoOpcionesMenu.idOpcionMenu = 41  
13/05/2017 06:43:04 |  UPDATE TB_NivelAccesoOpcionesMenu SET TB_NivelAccesoOpcionesMenu.flAcceso  = 0   WHERE TB_NivelAccesoOpcionesMenu.tpNivelAcceso = 'Parametrización'  AND  TB_NivelAccesoOpcionesMenu.idOpcionMenu = 44  
13/05/2017 06:43:04 |  UPDATE TB_NivelAccesoOpcionesMenu SET TB_NivelAccesoOpcionesMenu.flAcceso  = 0   WHERE TB_NivelAccesoOpcionesMenu.tpNivelAcceso = 'Parametrización'  AND  TB_NivelAccesoOpcionesMenu.idOpcionMenu = 45  
13/05/2017 06:43:04 |  UPDATE TB_NivelAccesoOpcionesMenu SET TB_NivelAccesoOpcionesMenu.flAcceso  = 0   WHERE TB_NivelAccesoOpcionesMenu.tpNivelAcceso = 'Parametrización'  AND  TB_NivelAccesoOpcionesMenu.idOpcionMenu = 65  
13/05/2017 06:43:04 |  UPDATE TB_NivelAccesoOpcionesMenu SET TB_NivelAccesoOpcionesMenu.flAcceso  = -1   WHERE TB_NivelAccesoOpcionesMenu.tpNivelAcceso = 'Parametrización'  AND  TB_NivelAccesoOpcionesMenu.idOpcionMenu = 46  
13/05/2017 06:43:04 |  UPDATE TB_NivelAccesoOpcionesMenu SET TB_NivelAccesoOpcionesMenu.flAcceso  = -1   WHERE TB_NivelAccesoOpcionesMenu.tpNivelAcceso = 'Parametrización'  AND  TB_NivelAccesoOpcionesMenu.idOpcionMenu = 47  
13/05/2017 06:43:04 |  UPDATE TB_NivelAccesoOpcionesMenu SET TB_NivelAccesoOpcionesMenu.flAcceso  = -1   WHERE TB_NivelAccesoOpcionesMenu.tpNivelAcceso = 'Parametrización'  AND  TB_NivelAccesoOpcionesMenu.idOpcionMenu = 48  
13/05/2017 06:43:04 |  UPDATE TB_NivelAccesoOpcionesMenu SET TB_NivelAccesoOpcionesMenu.flAcceso  = -1   WHERE TB_NivelAccesoOpcionesMenu.tpNivelAcceso = 'Parametrización'  AND  TB_NivelAccesoOpcionesMenu.idOpcionMenu = 212  
13/05/2017 06:43:04 |  UPDATE TB_NivelAccesoOpcionesMenu SET TB_NivelAccesoOpcionesMenu.flAcceso  = -1   WHERE TB_NivelAccesoOpcionesMenu.tpNivelAcceso = 'Parametrización'  AND  TB_NivelAccesoOpcionesMenu.idOpcionMenu = 221  
13/05/2017 06:43:04 |  UPDATE TB_NivelAccesoOpcionesMenu SET TB_NivelAccesoOpcionesMenu.flAcceso  = -1   WHERE TB_NivelAccesoOpcionesMenu.tpNivelAcceso = 'Parametrización'  AND  TB_NivelAccesoOpcionesMenu.idOpcionMenu = 219  
13/05/2017 06:43:04 |  UPDATE TB_NivelAccesoOpcionesMenu SET TB_NivelAccesoOpcionesMenu.flAcceso  = -1   WHERE TB_NivelAccesoOpcionesMenu.tpNivelAcceso = 'Parametrización'  AND  TB_NivelAccesoOpcionesMenu.idOpcionMenu = 220  
13/05/2017 06:43:04 |  UPDATE TB_NivelAccesoOpcionesMenu SET TB_NivelAccesoOpcionesMenu.flAcceso  = -1   WHERE TB_NivelAccesoOpcionesMenu.tpNivelAcceso = 'Parametrización'  AND  TB_NivelAccesoOpcionesMenu.idOpcionMenu = 222  
13/05/2017 06:43:04 |  UPDATE TB_NivelAccesoOpcionesMenu SET TB_NivelAccesoOpcionesMenu.flAcceso  = -1   WHERE TB_NivelAccesoOpcionesMenu.tpNivelAcceso = 'Parametrización'  AND  TB_NivelAccesoOpcionesMenu.idOpcionMenu = 223  
13/05/2017 06:43:08 | Exec sco_AccesosOpcionesMenu @p_tpNivelAcceso = 'Parametrización' ,@p_operaconcaja = 1 
13/05/2017 06:43:10 | optPresentacionesCAIAFIP_Click - Inicializando Servicio SGLibrary.LoaderForms
13/05/2017 06:43:10 | optPresentacionesCAIAFIP_Click - Inicializando Servicio SGLibrary.LoaderForms OK 
13/05/2017 06:43:10 | optPresentacionesCAIAFIP_Click - Antes de  UsuarioActivo objUsuario.dsUsuario 
13/05/2017 06:43:10 | optPresentacionesCAIAFIP_Click- Antes de  CajaActiva objCajas.nrCaja 
13/05/2017 06:43:10 | optPresentacionesCAIAFIP_Click - Antes de  CajaActiva objCajas.nrCaja 
13/05/2017 06:55:29 | optPresentacionesCAIAFIP_Click - Inicializando Servicio SGLibrary.LoaderForms
13/05/2017 06:55:29 | optPresentacionesCAIAFIP_Click - Inicializando Servicio SGLibrary.LoaderForms OK 
13/05/2017 06:55:29 | optPresentacionesCAIAFIP_Click - Antes de  UsuarioActivo objUsuario.dsUsuario 
13/05/2017 06:55:29 | optPresentacionesCAIAFIP_Click- Antes de  CajaActiva objCajas.nrCaja 
13/05/2017 06:55:29 | optPresentacionesCAIAFIP_Click - Antes de  CajaActiva objCajas.nrCaja 
13/05/2017 06:57:30 | optPresentacionesCAIAFIP_Click - Inicializando Servicio SGLibrary.LoaderForms
13/05/2017 06:57:30 | optPresentacionesCAIAFIP_Click - Inicializando Servicio SGLibrary.LoaderForms OK 
13/05/2017 06:57:30 | optPresentacionesCAIAFIP_Click - Antes de  UsuarioActivo objUsuario.dsUsuario 
13/05/2017 06:57:30 | optPresentacionesCAIAFIP_Click- Antes de  CajaActiva objCajas.nrCaja 
13/05/2017 06:57:30 | optPresentacionesCAIAFIP_Click - Antes de  CajaActiva objCajas.nrCaja 
13/05/2017 07:00:55 | optPresentacionesCAIAFIP_Click - Inicializando Servicio SGLibrary.LoaderForms
13/05/2017 07:00:55 | optPresentacionesCAIAFIP_Click - Inicializando Servicio SGLibrary.LoaderForms OK 
13/05/2017 07:00:55 | optPresentacionesCAIAFIP_Click - Antes de  UsuarioActivo objUsuario.dsUsuario 
13/05/2017 07:00:55 | optPresentacionesCAIAFIP_Click- Antes de  CajaActiva objCajas.nrCaja 
13/05/2017 07:00:55 | optPresentacionesCAIAFIP_Click - Antes de  CajaActiva objCajas.nrCaja 
13/05/2017 07:04:00 |  SELECT TB_NivelAcceso.tpNivelAcceso  FROM TB_NivelAcceso  WHERE  tpNivelAcceso Like ('%%%') Order by TB_NivelAcceso.tpNivelAcceso ASC 
13/05/2017 07:04:03 |  SELECT TB_NivelAcceso.tpNivelAcceso  FROM TB_NivelAcceso  WHERE TB_NivelAcceso.tpNivelAcceso = 'Parametrización'  
13/05/2017 07:04:03 | Exec sco_AccesosOpcionesMenu @p_tpNivelAcceso = 'Parametrización' 
13/05/2017 07:04:06 |  UPDATE TB_NivelAcceso SET TB_NivelAcceso.tpNivelAcceso  = 'Parametrización'   WHERE TB_NivelAcceso.tpNivelAcceso = 'Parametrización'  
13/05/2017 07:04:07 |  UPDATE TB_NivelAccesoOpcionesMenu SET TB_NivelAccesoOpcionesMenu.flAcceso  = -1   WHERE TB_NivelAccesoOpcionesMenu.tpNivelAcceso = 'Parametrización'  AND  TB_NivelAccesoOpcionesMenu.idOpcionMenu = 1  
13/05/2017 07:04:07 |  UPDATE TB_NivelAccesoOpcionesMenu SET TB_NivelAccesoOpcionesMenu.flAcceso  = 0   WHERE TB_NivelAccesoOpcionesMenu.tpNivelAcceso = 'Parametrización'  AND  TB_NivelAccesoOpcionesMenu.idOpcionMenu = 2  
13/05/2017 07:04:07 |  UPDATE TB_NivelAccesoOpcionesMenu SET TB_NivelAccesoOpcionesMenu.flAcceso  = 0   WHERE TB_NivelAccesoOpcionesMenu.tpNivelAcceso = 'Parametrización'  AND  TB_NivelAccesoOpcionesMenu.idOpcionMenu = 3  
13/05/2017 07:04:07 |  UPDATE TB_NivelAccesoOpcionesMenu SET TB_NivelAccesoOpcionesMenu.flAcceso  = -1   WHERE TB_NivelAccesoOpcionesMenu.tpNivelAcceso = 'Parametrización'  AND  TB_NivelAccesoOpcionesMenu.idOpcionMenu = 4  
13/05/2017 07:04:07 |  UPDATE TB_NivelAccesoOpcionesMenu SET TB_NivelAccesoOpcionesMenu.flAcceso  = -1   WHERE TB_NivelAccesoOpcionesMenu.tpNivelAcceso = 'Parametrización'  AND  TB_NivelAccesoOpcionesMenu.idOpcionMenu = 5  
13/05/2017 07:04:07 |  UPDATE TB_NivelAccesoOpcionesMenu SET TB_NivelAccesoOpcionesMenu.flAcceso  = -1   WHERE TB_NivelAccesoOpcionesMenu.tpNivelAcceso = 'Parametrización'  AND  TB_NivelAccesoOpcionesMenu.idOpcionMenu = 49  
13/05/2017 07:04:07 |  UPDATE TB_NivelAccesoOpcionesMenu SET TB_NivelAccesoOpcionesMenu.flAcceso  = 0   WHERE TB_NivelAccesoOpcionesMenu.tpNivelAcceso = 'Parametrización'  AND  TB_NivelAccesoOpcionesMenu.idOpcionMenu = 6  
13/05/2017 07:04:07 |  UPDATE TB_NivelAccesoOpcionesMenu SET TB_NivelAccesoOpcionesMenu.flAcceso  = 0   WHERE TB_NivelAccesoOpcionesMenu.tpNivelAcceso = 'Parametrización'  AND  TB_NivelAccesoOpcionesMenu.idOpcionMenu = 7  
13/05/2017 07:04:07 |  UPDATE TB_NivelAccesoOpcionesMenu SET TB_NivelAccesoOpcionesMenu.flAcceso  = 0   WHERE TB_NivelAccesoOpcionesMenu.tpNivelAcceso = 'Parametrización'  AND  TB_NivelAccesoOpcionesMenu.idOpcionMenu = 60  
13/05/2017 07:04:07 |  UPDATE TB_NivelAccesoOpcionesMenu SET TB_NivelAccesoOpcionesMenu.flAcceso  = 0   WHERE TB_NivelAccesoOpcionesMenu.tpNivelAcceso = 'Parametrización'  AND  TB_NivelAccesoOpcionesMenu.idOpcionMenu = 62  
13/05/2017 07:04:07 |  UPDATE TB_NivelAccesoOpcionesMenu SET TB_NivelAccesoOpcionesMenu.flAcceso  = 0   WHERE TB_NivelAccesoOpcionesMenu.tpNivelAcceso = 'Parametrización'  AND  TB_NivelAccesoOpcionesMenu.idOpcionMenu = 63  
13/05/2017 07:04:07 |  UPDATE TB_NivelAccesoOpcionesMenu SET TB_NivelAccesoOpcionesMenu.flAcceso  = 0   WHERE TB_NivelAccesoOpcionesMenu.tpNivelAcceso = 'Parametrización'  AND  TB_NivelAccesoOpcionesMenu.idOpcionMenu = 61  
13/05/2017 07:04:07 |  UPDATE TB_NivelAccesoOpcionesMenu SET TB_NivelAccesoOpcionesMenu.flAcceso  = 0   WHERE TB_NivelAccesoOpcionesMenu.tpNivelAcceso = 'Parametrización'  AND  TB_NivelAccesoOpcionesMenu.idOpcionMenu = 64  
13/05/2017 07:04:07 |  UPDATE TB_NivelAccesoOpcionesMenu SET TB_NivelAccesoOpcionesMenu.flAcceso  = 0   WHERE TB_NivelAccesoOpcionesMenu.tpNivelAcceso = 'Parametrización'  AND  TB_NivelAccesoOpcionesMenu.idOpcionMenu = 8  
13/05/2017 07:04:07 |  UPDATE TB_NivelAccesoOpcionesMenu SET TB_NivelAccesoOpcionesMenu.flAcceso  = 0   WHERE TB_NivelAccesoOpcionesMenu.tpNivelAcceso = 'Parametrización'  AND  TB_NivelAccesoOpcionesMenu.idOpcionMenu = 9  
13/05/2017 07:04:07 |  UPDATE TB_NivelAccesoOpcionesMenu SET TB_NivelAccesoOpcionesMenu.flAcceso  = 0   WHERE TB_NivelAccesoOpcionesMenu.tpNivelAcceso = 'Parametrización'  AND  TB_NivelAccesoOpcionesMenu.idOpcionMenu = 200  
13/05/2017 07:04:07 |  UPDATE TB_NivelAccesoOpcionesMenu SET TB_NivelAccesoOpcionesMenu.flAcceso  = 0   WHERE TB_NivelAccesoOpcionesMenu.tpNivelAcceso = 'Parametrización'  AND  TB_NivelAccesoOpcionesMenu.idOpcionMenu = 201  
13/05/2017 07:04:07 |  UPDATE TB_NivelAccesoOpcionesMenu SET TB_NivelAccesoOpcionesMenu.flAcceso  = 0   WHERE TB_NivelAccesoOpcionesMenu.tpNivelAcceso = 'Parametrización'  AND  TB_NivelAccesoOpcionesMenu.idOpcionMenu = 10  
13/05/2017 07:04:07 |  UPDATE TB_NivelAccesoOpcionesMenu SET TB_NivelAccesoOpcionesMenu.flAcceso  = 0   WHERE TB_NivelAccesoOpcionesMenu.tpNivelAcceso = 'Parametrización'  AND  TB_NivelAccesoOpcionesMenu.idOpcionMenu = 11  
13/05/2017 07:04:07 |  UPDATE TB_NivelAccesoOpcionesMenu SET TB_NivelAccesoOpcionesMenu.flAcceso  = -1   WHERE TB_NivelAccesoOpcionesMenu.tpNivelAcceso = 'Parametrización'  AND  TB_NivelAccesoOpcionesMenu.idOpcionMenu = 12  
13/05/2017 07:04:07 |  UPDATE TB_NivelAccesoOpcionesMenu SET TB_NivelAccesoOpcionesMenu.flAcceso  = 0   WHERE TB_NivelAccesoOpcionesMenu.tpNivelAcceso = 'Parametrización'  AND  TB_NivelAccesoOpcionesMenu.idOpcionMenu = 13  
13/05/2017 07:04:07 |  UPDATE TB_NivelAccesoOpcionesMenu SET TB_NivelAccesoOpcionesMenu.flAcceso  = -1   WHERE TB_NivelAccesoOpcionesMenu.tpNivelAcceso = 'Parametrización'  AND  TB_NivelAccesoOpcionesMenu.idOpcionMenu = 14  
13/05/2017 07:04:07 |  UPDATE TB_NivelAccesoOpcionesMenu SET TB_NivelAccesoOpcionesMenu.flAcceso  = -1   WHERE TB_NivelAccesoOpcionesMenu.tpNivelAcceso = 'Parametrización'  AND  TB_NivelAccesoOpcionesMenu.idOpcionMenu = 15  
13/05/2017 07:04:07 |  UPDATE TB_NivelAccesoOpcionesMenu SET TB_NivelAccesoOpcionesMenu.flAcceso  = -1   WHERE TB_NivelAccesoOpcionesMenu.tpNivelAcceso = 'Parametrización'  AND  TB_NivelAccesoOpcionesMenu.idOpcionMenu = 16  
13/05/2017 07:04:07 |  UPDATE TB_NivelAccesoOpcionesMenu SET TB_NivelAccesoOpcionesMenu.flAcceso  = 0   WHERE TB_NivelAccesoOpcionesMenu.tpNivelAcceso = 'Parametrización'  AND  TB_NivelAccesoOpcionesMenu.idOpcionMenu = 17  
13/05/2017 07:04:07 |  UPDATE TB_NivelAccesoOpcionesMenu SET TB_NivelAccesoOpcionesMenu.flAcceso  = -1   WHERE TB_NivelAccesoOpcionesMenu.tpNivelAcceso = 'Parametrización'  AND  TB_NivelAccesoOpcionesMenu.idOpcionMenu = 50  
13/05/2017 07:04:07 |  UPDATE TB_NivelAccesoOpcionesMenu SET TB_NivelAccesoOpcionesMenu.flAcceso  = -1   WHERE TB_NivelAccesoOpcionesMenu.tpNivelAcceso = 'Parametrización'  AND  TB_NivelAccesoOpcionesMenu.idOpcionMenu = 18  
13/05/2017 07:04:07 |  UPDATE TB_NivelAccesoOpcionesMenu SET TB_NivelAccesoOpcionesMenu.flAcceso  = -1   WHERE TB_NivelAccesoOpcionesMenu.tpNivelAcceso = 'Parametrización'  AND  TB_NivelAccesoOpcionesMenu.idOpcionMenu = 19  
13/05/2017 07:04:07 |  UPDATE TB_NivelAccesoOpcionesMenu SET TB_NivelAccesoOpcionesMenu.flAcceso  = -1   WHERE TB_NivelAccesoOpcionesMenu.tpNivelAcceso = 'Parametrización'  AND  TB_NivelAccesoOpcionesMenu.idOpcionMenu = 21  
13/05/2017 07:04:07 |  UPDATE TB_NivelAccesoOpcionesMenu SET TB_NivelAccesoOpcionesMenu.flAcceso  = 0   WHERE TB_NivelAccesoOpcionesMenu.tpNivelAcceso = 'Parametrización'  AND  TB_NivelAccesoOpcionesMenu.idOpcionMenu = 217  
13/05/2017 07:04:07 |  UPDATE TB_NivelAccesoOpcionesMenu SET TB_NivelAccesoOpcionesMenu.flAcceso  = 0   WHERE TB_NivelAccesoOpcionesMenu.tpNivelAcceso = 'Parametrización'  AND  TB_NivelAccesoOpcionesMenu.idOpcionMenu = 218  
13/05/2017 07:04:07 |  UPDATE TB_NivelAccesoOpcionesMenu SET TB_NivelAccesoOpcionesMenu.flAcceso  = 0   WHERE TB_NivelAccesoOpcionesMenu.tpNivelAcceso = 'Parametrización'  AND  TB_NivelAccesoOpcionesMenu.idOpcionMenu = 23  
13/05/2017 07:04:07 |  UPDATE TB_NivelAccesoOpcionesMenu SET TB_NivelAccesoOpcionesMenu.flAcceso  = 0   WHERE TB_NivelAccesoOpcionesMenu.tpNivelAcceso = 'Parametrización'  AND  TB_NivelAccesoOpcionesMenu.idOpcionMenu = 24  
13/05/2017 07:04:07 |  UPDATE TB_NivelAccesoOpcionesMenu SET TB_NivelAccesoOpcionesMenu.flAcceso  = 0   WHERE TB_NivelAccesoOpcionesMenu.tpNivelAcceso = 'Parametrización'  AND  TB_NivelAccesoOpcionesMenu.idOpcionMenu = 25  
13/05/2017 07:04:07 |  UPDATE TB_NivelAccesoOpcionesMenu SET TB_NivelAccesoOpcionesMenu.flAcceso  = 0   WHERE TB_NivelAccesoOpcionesMenu.tpNivelAcceso = 'Parametrización'  AND  TB_NivelAccesoOpcionesMenu.idOpcionMenu = 26  
13/05/2017 07:04:07 |  UPDATE TB_NivelAccesoOpcionesMenu SET TB_NivelAccesoOpcionesMenu.flAcceso  = 0   WHERE TB_NivelAccesoOpcionesMenu.tpNivelAcceso = 'Parametrización'  AND  TB_NivelAccesoOpcionesMenu.idOpcionMenu = 27  
13/05/2017 07:04:07 |  UPDATE TB_NivelAccesoOpcionesMenu SET TB_NivelAccesoOpcionesMenu.flAcceso  = 0   WHERE TB_NivelAccesoOpcionesMenu.tpNivelAcceso = 'Parametrización'  AND  TB_NivelAccesoOpcionesMenu.idOpcionMenu = 29  
13/05/2017 07:04:07 |  UPDATE TB_NivelAccesoOpcionesMenu SET TB_NivelAccesoOpcionesMenu.flAcceso  = 0   WHERE TB_NivelAccesoOpcionesMenu.tpNivelAcceso = 'Parametrización'  AND  TB_NivelAccesoOpcionesMenu.idOpcionMenu = 30  
13/05/2017 07:04:07 |  UPDATE TB_NivelAccesoOpcionesMenu SET TB_NivelAccesoOpcionesMenu.flAcceso  = 0   WHERE TB_NivelAccesoOpcionesMenu.tpNivelAcceso = 'Parametrización'  AND  TB_NivelAccesoOpcionesMenu.idOpcionMenu = 35  
13/05/2017 07:04:07 |  UPDATE TB_NivelAccesoOpcionesMenu SET TB_NivelAccesoOpcionesMenu.flAcceso  = 0   WHERE TB_NivelAccesoOpcionesMenu.tpNivelAcceso = 'Parametrización'  AND  TB_NivelAccesoOpcionesMenu.idOpcionMenu = 37  
13/05/2017 07:04:07 |  UPDATE TB_NivelAccesoOpcionesMenu SET TB_NivelAccesoOpcionesMenu.flAcceso  = 0   WHERE TB_NivelAccesoOpcionesMenu.tpNivelAcceso = 'Parametrización'  AND  TB_NivelAccesoOpcionesMenu.idOpcionMenu = 40  
13/05/2017 07:04:07 |  UPDATE TB_NivelAccesoOpcionesMenu SET TB_NivelAccesoOpcionesMenu.flAcceso  = 0   WHERE TB_NivelAccesoOpcionesMenu.tpNivelAcceso = 'Parametrización'  AND  TB_NivelAccesoOpcionesMenu.idOpcionMenu = 68  
13/05/2017 07:04:07 |  UPDATE TB_NivelAccesoOpcionesMenu SET TB_NivelAccesoOpcionesMenu.flAcceso  = 0   WHERE TB_NivelAccesoOpcionesMenu.tpNivelAcceso = 'Parametrización'  AND  TB_NivelAccesoOpcionesMenu.idOpcionMenu = 41  
13/05/2017 07:04:07 |  UPDATE TB_NivelAccesoOpcionesMenu SET TB_NivelAccesoOpcionesMenu.flAcceso  = 0   WHERE TB_NivelAccesoOpcionesMenu.tpNivelAcceso = 'Parametrización'  AND  TB_NivelAccesoOpcionesMenu.idOpcionMenu = 44  
13/05/2017 07:04:07 |  UPDATE TB_NivelAccesoOpcionesMenu SET TB_NivelAccesoOpcionesMenu.flAcceso  = 0   WHERE TB_NivelAccesoOpcionesMenu.tpNivelAcceso = 'Parametrización'  AND  TB_NivelAccesoOpcionesMenu.idOpcionMenu = 45  
13/05/2017 07:04:07 |  UPDATE TB_NivelAccesoOpcionesMenu SET TB_NivelAccesoOpcionesMenu.flAcceso  = 0   WHERE TB_NivelAccesoOpcionesMenu.tpNivelAcceso = 'Parametrización'  AND  TB_NivelAccesoOpcionesMenu.idOpcionMenu = 65  
13/05/2017 07:04:07 |  UPDATE TB_NivelAccesoOpcionesMenu SET TB_NivelAccesoOpcionesMenu.flAcceso  = -1   WHERE TB_NivelAccesoOpcionesMenu.tpNivelAcceso = 'Parametrización'  AND  TB_NivelAccesoOpcionesMenu.idOpcionMenu = 46  
13/05/2017 07:04:07 |  UPDATE TB_NivelAccesoOpcionesMenu SET TB_NivelAccesoOpcionesMenu.flAcceso  = -1   WHERE TB_NivelAccesoOpcionesMenu.tpNivelAcceso = 'Parametrización'  AND  TB_NivelAccesoOpcionesMenu.idOpcionMenu = 47  
13/05/2017 07:04:07 |  UPDATE TB_NivelAccesoOpcionesMenu SET TB_NivelAccesoOpcionesMenu.flAcceso  = -1   WHERE TB_NivelAccesoOpcionesMenu.tpNivelAcceso = 'Parametrización'  AND  TB_NivelAccesoOpcionesMenu.idOpcionMenu = 48  
13/05/2017 07:04:07 |  UPDATE TB_NivelAccesoOpcionesMenu SET TB_NivelAccesoOpcionesMenu.flAcceso  = -1   WHERE TB_NivelAccesoOpcionesMenu.tpNivelAcceso = 'Parametrización'  AND  TB_NivelAccesoOpcionesMenu.idOpcionMenu = 212  
13/05/2017 07:04:07 |  UPDATE TB_NivelAccesoOpcionesMenu SET TB_NivelAccesoOpcionesMenu.flAcceso  = -1   WHERE TB_NivelAccesoOpcionesMenu.tpNivelAcceso = 'Parametrización'  AND  TB_NivelAccesoOpcionesMenu.idOpcionMenu = 221  
13/05/2017 07:04:07 |  UPDATE TB_NivelAccesoOpcionesMenu SET TB_NivelAccesoOpcionesMenu.flAcceso  = -1   WHERE TB_NivelAccesoOpcionesMenu.tpNivelAcceso = 'Parametrización'  AND  TB_NivelAccesoOpcionesMenu.idOpcionMenu = 219  
13/05/2017 07:04:07 |  UPDATE TB_NivelAccesoOpcionesMenu SET TB_NivelAccesoOpcionesMenu.flAcceso  = -1   WHERE TB_NivelAccesoOpcionesMenu.tpNivelAcceso = 'Parametrización'  AND  TB_NivelAccesoOpcionesMenu.idOpcionMenu = 220  
13/05/2017 07:04:07 |  UPDATE TB_NivelAccesoOpcionesMenu SET TB_NivelAccesoOpcionesMenu.flAcceso  = -1   WHERE TB_NivelAccesoOpcionesMenu.tpNivelAcceso = 'Parametrización'  AND  TB_NivelAccesoOpcionesMenu.idOpcionMenu = 222  
13/05/2017 07:04:07 |  UPDATE TB_NivelAccesoOpcionesMenu SET TB_NivelAccesoOpcionesMenu.flAcceso  = -1   WHERE TB_NivelAccesoOpcionesMenu.tpNivelAcceso = 'Parametrización'  AND  TB_NivelAccesoOpcionesMenu.idOpcionMenu = 223  
13/05/2017 07:04:09 | Exec sco_AccesosOpcionesMenu @p_tpNivelAcceso = 'Parametrización' ,@p_operaconcaja = 1 
13/05/2017 07:04:12 | Exec sco_DiccionariodeDatos @nmtabla_param='TB_Productos'
13/05/2017 07:04:12 |  SELECT TB_Comisiones.cdComision ,TB_Comisiones.dsComision  FROM TB_Comisiones 
13/05/2017 07:04:14 |  SELECT TB_Productos.cdProducto ,TB_Productos.dsProducto ,TB_Productos.vlPrecioViaje ,TB_Productos.vlPrecioPeaje ,TB_Productos.ObsHoras ,TB_Productos.vlPrecioViajeSinPeaje ,TB_Productos.vlKilometros ,TB_Productos.flMuestraenlaWEB ,TB_Productos.flIncluyeComisionRetorno ,TB_Productos.tpDestino ,TB_Productos.cdComision ,TB_Productos.vlPrecioViaje ,TB_Productos.obsHoras  FROM TB_Productos  WHERE  dsProducto Like ('%%%') AND TB_Productos.flEliminar = 0   Order by TB_Productos.dsProducto ASC 
13/05/2017 07:10:11 | Exec sco_AccesosOpcionesMenu @p_tpNivelAcceso = 'Parametrización' ,@p_operaconcaja = 1 
13/05/2017 07:10:13 | Exec sco_DiccionariodeDatos @nmtabla_param='VW_CajadeADMAbierta'
13/05/2017 07:10:13 |  SELECT VW_CajadeADMAbierta.nrCaja ,VW_CajadeADMAbierta.vlSaldoFinalRealPesos ,VW_CajadeADMAbierta.vlSaldoFinalRealEuros ,VW_CajadeADMAbierta.vlSaldoFinalRealDolares ,VW_CajadeADMAbierta.dsUsuario  FROM VW_CajadeADMAbierta 
13/05/2017 07:10:13 | Inicializando Servicio SGLibrary.ServiceConciliacion
13/05/2017 07:10:13 | Inicializando Servicio SGLibrary.ServiceConciliacion OK 
13/05/2017 07:10:13 | Antes de  UsuarioActivo objUsuario.dsUsuario 
13/05/2017 07:10:13 | Antes de  CajaActiva objCajas.nrCaja 
13/05/2017 07:10:13 | Antes de  CajaActiva objCajas.nrCaja 
13/05/2017 07:11:04 |  SELECT VW_CajadeADMAbierta.nrCaja ,VW_CajadeADMAbierta.vlSaldoFinalRealPesos ,VW_CajadeADMAbierta.vlSaldoFinalRealEuros ,VW_CajadeADMAbierta.vlSaldoFinalRealDolares ,VW_CajadeADMAbierta.dsUsuario  FROM VW_CajadeADMAbierta 
13/05/2017 07:11:04 | Inicializando Servicio SGLibrary.ServiceConciliacion
13/05/2017 07:11:04 | Inicializando Servicio SGLibrary.ServiceConciliacion OK 
13/05/2017 07:11:04 | Antes de  UsuarioActivo objUsuario.dsUsuario 
13/05/2017 07:11:04 | Antes de  CajaActiva objCajas.nrCaja 
13/05/2017 07:11:04 | Antes de  CajaActiva objCajas.nrCaja 
13/05/2017 07:11:27 | optPresentacionesCAIAFIP_Click - Inicializando Servicio SGLibrary.LoaderForms
13/05/2017 07:11:27 | optPresentacionesCAIAFIP_Click - Inicializando Servicio SGLibrary.LoaderForms OK 
13/05/2017 07:11:27 | optPresentacionesCAIAFIP_Click - Antes de  UsuarioActivo objUsuario.dsUsuario 
13/05/2017 07:11:27 | optPresentacionesCAIAFIP_Click- Antes de  CajaActiva objCajas.nrCaja 
13/05/2017 07:11:27 | optPresentacionesCAIAFIP_Click - Antes de  CajaActiva objCajas.nrCaja 
13/05/2017 07:11:41 | optPresentacionesCAIAFIP_Click - Inicializando Servicio SGLibrary.LoaderForms
13/05/2017 07:11:41 | optPresentacionesCAIAFIP_Click - Inicializando Servicio SGLibrary.LoaderForms OK 
13/05/2017 07:11:41 | optPresentacionesCAIAFIP_Click - Antes de  UsuarioActivo objUsuario.dsUsuario 
13/05/2017 07:11:41 | optPresentacionesCAIAFIP_Click- Antes de  CajaActiva objCajas.nrCaja 
13/05/2017 07:11:42 | optPresentacionesCAIAFIP_Click - Antes de  CajaActiva objCajas.nrCaja 
13/05/2017 07:12:04 | optPresentacionesCAIAFIP_Click - Inicializando Servicio SGLibrary.LoaderForms
13/05/2017 07:12:04 | optPresentacionesCAIAFIP_Click - Inicializando Servicio SGLibrary.LoaderForms OK 
13/05/2017 07:12:04 | optPresentacionesCAIAFIP_Click - Antes de  UsuarioActivo objUsuario.dsUsuario 
13/05/2017 07:12:04 | optPresentacionesCAIAFIP_Click- Antes de  CajaActiva objCajas.nrCaja 
13/05/2017 07:12:04 | optPresentacionesCAIAFIP_Click - Antes de  CajaActiva objCajas.nrCaja 
13/05/2017 07:15:21 |  SELECT TB_Comisiones.cdComision ,TB_Comisiones.dsComision  FROM TB_Comisiones 
13/05/2017 07:15:23 |  SELECT TB_Productos.cdProducto ,TB_Productos.dsProducto ,TB_Productos.vlPrecioViaje ,TB_Productos.vlPrecioPeaje ,TB_Productos.ObsHoras ,TB_Productos.vlPrecioViajeSinPeaje ,TB_Productos.vlKilometros ,TB_Productos.flMuestraenlaWEB ,TB_Productos.flIncluyeComisionRetorno ,TB_Productos.tpDestino ,TB_Productos.cdComision ,TB_Productos.vlPrecioViaje ,TB_Productos.obsHoras  FROM TB_Productos  WHERE  dsProducto Like ('%%%') AND TB_Productos.flEliminar = 0   Order by TB_Productos.dsProducto ASC 
13/05/2017 07:16:51 | Exec sco_AccesosOpcionesMenu @p_tpNivelAcceso = 'Parametrización' ,@p_operaconcaja = 1 
13/05/2017 07:17:07 | Exec  sco_TB_Productos_v4_1 
13/05/2017 07:17:07 | Exec sco_DiccionariodeDatos @nmtabla_param='TB_Usuarios'
