16/03/2018 17:22:54 | Exec sco_DiccionariodeDatos @nmtabla_param='TB_Puestos'
16/03/2018 17:22:54 |  SELECT TB_Puestos.nrPuesto ,TB_Puestos.dsPuesto  FROM TB_Puestos   
16/03/2018 17:22:54 |  SELECT TB_Puestos.nrPuesto ,TB_Puestos.dsPuesto  FROM TB_Puestos  WHERE TB_Puestos.nrPuesto = 9    
16/03/2018 17:22:58 | Exec  sco_TB_Productos_v4_1 
16/03/2018 17:22:59 | Exec sco_DiccionariodeDatos @nmtabla_param='TB_Usuarios'
16/03/2018 17:23:02 |  SELECT TB_Usuarios.dsUsuario ,TB_Usuarios.dspassword ,TB_Usuarios.tpAcceso ,TB_Usuarios.nmNombre ,TB_Usuarios.nmApellido ,TB_Usuarios.flBloqueado ,TB_Usuarios.tpNivelJerarquico  FROM TB_Usuarios  WHERE TB_Usuarios.dsUsuario = 'CAMILAP'  AND  TB_Usuarios.flEliminar = 0    
16/03/2018 17:23:02 |  SELECT TB_Usuarios.dsUsuario ,TB_Usuarios.dspassword ,TB_Usuarios.tpAcceso ,TB_Usuarios.nmNombre ,TB_Usuarios.nmApellido ,TB_Usuarios.flBloqueado ,TB_Usuarios.tpNivelJerarquico  FROM TB_Usuarios  WHERE TB_Usuarios.dsUsuario = 'CAMILAP'  AND  TB_Usuarios.flEliminar = 0    
16/03/2018 17:23:02 | Exec sco_DiccionariodeDatos @nmtabla_param='sp_obtenerCajasPendientesdeAprobacion_v2_5'
16/03/2018 17:23:02 | Exec sp_obtenerCajasPendientesdeAprobacion_v2_5 @pdsUsuario_param = 'CAMILAP' 
16/03/2018 17:23:02 | Exec sp_obtenerCajasRechazadas_v2_9 
16/03/2018 17:23:02 | Exec sco_DiccionariodeDatos @nmtabla_param='TB_Parametros'
16/03/2018 17:23:02 |  SELECT TB_Parametros.vlParametro  FROM TB_Parametros  WHERE TB_Parametros.dsParametro = 'VALOR EURO'    
16/03/2018 17:23:02 |  SELECT TB_Parametros.vlParametro  FROM TB_Parametros  WHERE TB_Parametros.dsParametro = 'VALOR DOLAR'    
16/03/2018 17:23:02 | Exec SP_ValorPromoRetorno
16/03/2018 17:23:02 | Exec sco_DiccionariodeDatos @nmtabla_param='TB_Comisiones'
16/03/2018 17:23:02 |  SELECT TB_Comisiones.vlMontoMinimo  FROM TB_Comisiones  WHERE TB_Comisiones.tpComision = 'Retorno'  AND  TB_Comisiones.flEliminar = 0    
16/03/2018 17:23:02 |  SELECT TB_Parametros.vlParametro  FROM TB_Parametros  WHERE TB_Parametros.dsParametro = 'VALOR REAL'    
16/03/2018 17:23:02 | Exec sco_DiccionariodeDatos @nmtabla_param='TB_Cajas'
16/03/2018 17:23:02 |  SELECT TB_Cajas.nrCaja  FROM TB_Cajas  WHERE TB_Cajas.dsUsuario = 'CAMILAP'  and  TB_Cajas.flEstado = 0  and  TB_Cajas.tpEstadoAprobacion IS NULL  and  TB_Cajas.nrcaja > 0    
16/03/2018 17:23:04 |  SELECT TB_Cajas.nrCaja ,TB_Cajas.vlTotalSaldoFinal ,TB_Cajas.nrPuesto ,TB_Cajas.dsUsuario ,TB_Cajas.vlSaldoInicialPesos ,TB_Cajas.dtApertura ,TB_Cajas.dtCierre ,TB_Cajas.vlDiaDolar ,TB_Cajas.vlDiaEuro ,TB_Cajas.vlSaldoInicialEuros ,TB_Cajas.vlSaldoInicialDolares ,TB_Cajas.vlSaldoFinalRealPesos ,TB_Cajas.vlTotalSaldoInicial ,TB_Cajas.dtObservacion ,TB_Cajas.vlCierrePesos ,TB_Cajas.vlSaldoFinalRealDolares ,TB_Cajas.vlSaldoFinalRealEuros ,TB_Cajas.vlTotalSaldoFinalReal ,TB_Cajas.vlCierreDolares ,TB_Cajas.vlCierreEuros ,TB_Cajas.dsObservacion ,TB_Cajas.vlDiaReal ,TB_Cajas.flEstado  FROM TB_Cajas  WHERE TB_Cajas.nrCaja = 9000000012    
16/03/2018 17:23:04 | Exec sco_DiccionariodeDatos @nmtabla_param='SP_SumaCajaADM_v2_9'
16/03/2018 17:23:04 | Exec SP_SumaCajaADM_v2_9 @nrCaja_param = 9000000012 ,@tpCaja_param = 'CA' ,@tpCajaImputacion_param = null 
16/03/2018 17:23:04 |  UPDATE TB_Cajas SET TB_Cajas.vlSaldoFinalRealPesos  = 133.54 ,TB_Cajas.vlSaldoFinalRealEuros  = 0.00 ,TB_Cajas.vlSaldoFinalRealDolares  = 0.00 ,TB_Cajas.vlCierrePesos  = 133.54 ,TB_Cajas.vlCierreDolares  = 0 ,TB_Cajas.vlCierreEuros  = 0   WHERE TB_Cajas.nrCaja = 9000000012  
16/03/2018 17:23:06 |  UPDATE TB_Cajas SET TB_Cajas.nrCaja  = 9000000012 ,TB_Cajas.vlTotalSaldoFinal  = 133.54 ,TB_Cajas.nrPuesto  = 9 ,TB_Cajas.dsUsuario  = 'CAMILAP' ,TB_Cajas.vlSaldoInicialPesos  = 0.00 ,TB_Cajas.dtApertura  = '09/03/2018 17:35:27' ,TB_Cajas.dtCierre  = null ,TB_Cajas.vlDiaDolar  = 9.10 ,TB_Cajas.vlDiaEuro  = 10.00 ,TB_Cajas.vlSaldoInicialEuros  = 0.00 ,TB_Cajas.vlSaldoInicialDolares  = 0.00 ,TB_Cajas.vlSaldoFinalRealPesos  = 133.54 ,TB_Cajas.vlTotalSaldoInicial  = 0.00 ,TB_Cajas.dtObservacion  = '16/03/2018 17:23:05' ,TB_Cajas.vlCierrePesos  = 133.54 ,TB_Cajas.vlSaldoFinalRealDolares  = 0.00 ,TB_Cajas.vlSaldoFinalRealEuros  = 0.00 ,TB_Cajas.vlTotalSaldoFinalReal  = 133.54 ,TB_Cajas.vlCierreDolares  = 0 ,TB_Cajas.vlCierreEuros  = 0 ,TB_Cajas.dsObservacion  = null ,TB_Cajas.vlDiaReal  = 3.21 ,TB_Cajas.flCajaAdm  = 1   WHERE TB_Cajas.nrCaja = 9000000012  
16/03/2018 17:23:06 | Exec sco_DiccionariodeDatos @nmtabla_param='VW_UltimaCajaAdm'
16/03/2018 17:23:06 |  SELECT VW_UltimaCajaAdm.nrCaja ,VW_UltimaCajaAdm.vlSaldoFinalRealPesos ,VW_UltimaCajaAdm.vlSaldoFinalRealEuros ,VW_UltimaCajaAdm.vlSaldoFinalRealDolares  FROM VW_UltimaCajaAdm   
16/03/2018 17:23:06 |  SELECT TB_Cajas.nrCaja  FROM TB_Cajas  WHERE TB_Cajas.nrCaja = 9000000012  AND  TB_Cajas.flEstado = 0    
16/03/2018 17:23:06 | Exec sco_DiccionariodeDatos @nmtabla_param='sco_cajapuesto_v3_9'
16/03/2018 17:23:06 | Exec sco_cajapuesto_v3_9 @nrCaja_param = 9000000011 
16/03/2018 17:23:06 | Exec sco_cajapuesto_v3_9 @nrCaja_param = 9000000012 
16/03/2018 17:23:06 | Exec sco_DiccionariodeDatos @nmtabla_param='spu_esdifporCotizacionImputadas_v3_9'
16/03/2018 17:23:06 | Exec spu_esdifporCotizacionImputadas_v3_9 @nrCajaAdmActual = 9000000012 
16/03/2018 17:23:06 | Exec sco_validarVencimientosCAI_v4_1
16/03/2018 17:23:07 | Exec sco_DiccionariodeDatos @nmtabla_param='sco_AccesosOpcionesMenu'
16/03/2018 17:23:07 | Exec sco_AccesosOpcionesMenu @p_tpNivelAcceso = 'Administración' ,@p_operaconcaja = 1 
16/03/2018 17:23:07 | Exec sco_AccesosOpcionesMenu @p_tpNivelAcceso = 'Administración' ,@p_operaconcaja = 1 
16/03/2018 17:23:11 |  SELECT TB_Cajas.nrCaja  FROM TB_Cajas  WHERE TB_Cajas.nrCaja = 9000000012  AND  TB_Cajas.flEstado = 0    
16/03/2018 17:23:14 | Exec sco_DiccionariodeDatos @nmtabla_param='sp_existen_cajas_desimputadas_v3_2'
16/03/2018 17:23:14 | Exec sp_existen_cajas_desimputadas_v3_2 @nrCajaAdmActual = 9000000012 
16/03/2018 17:23:14 | Exec sco_cajapuesto_v3_9 @nrCaja_param = 9000000012 
16/03/2018 17:23:14 |  SELECT TB_Parametros.vlParametro  FROM TB_Parametros  WHERE TB_Parametros.dsParametro = 'VALOR EURO'    
16/03/2018 17:23:14 |  SELECT TB_Parametros.vlParametro  FROM TB_Parametros  WHERE TB_Parametros.dsParametro = 'VALOR DOLAR'    
16/03/2018 17:23:14 | Exec SP_ValorPromoRetorno
16/03/2018 17:23:14 |  SELECT TB_Comisiones.vlMontoMinimo  FROM TB_Comisiones  WHERE TB_Comisiones.tpComision = 'Retorno'  AND  TB_Comisiones.flEliminar = 0    
16/03/2018 17:23:14 |  SELECT TB_Parametros.vlParametro  FROM TB_Parametros  WHERE TB_Parametros.dsParametro = 'VALOR REAL'    
16/03/2018 17:23:14 |  SELECT TB_Cajas.nrCaja ,TB_Cajas.vlTotalSaldoFinal ,TB_Cajas.nrPuesto ,TB_Cajas.dsUsuario ,TB_Cajas.vlSaldoInicialPesos ,TB_Cajas.dtApertura ,TB_Cajas.dtCierre ,TB_Cajas.vlDiaDolar ,TB_Cajas.vlDiaEuro ,TB_Cajas.vlSaldoInicialEuros ,TB_Cajas.vlSaldoInicialDolares ,TB_Cajas.vlSaldoFinalRealPesos ,TB_Cajas.vlTotalSaldoInicial ,TB_Cajas.dtObservacion ,TB_Cajas.vlCierrePesos ,TB_Cajas.vlSaldoFinalRealDolares ,TB_Cajas.vlSaldoFinalRealEuros ,TB_Cajas.vlTotalSaldoFinalReal ,TB_Cajas.vlCierreDolares ,TB_Cajas.vlCierreEuros ,TB_Cajas.dsObservacion ,TB_Cajas.vlDiaReal ,TB_Cajas.flEstado  FROM TB_Cajas  WHERE TB_Cajas.nrCaja = 9000000012    
16/03/2018 17:23:14 | Exec SP_SumaCajaADM_v2_9 @nrCaja_param = 9000000012 ,@tpCaja_param = 'CA' ,@tpCajaImputacion_param = null 
16/03/2018 17:23:14 |  UPDATE TB_Cajas SET TB_Cajas.vlSaldoFinalRealPesos  = 133.54 ,TB_Cajas.vlSaldoFinalRealEuros  = 0.00 ,TB_Cajas.vlSaldoFinalRealDolares  = 0.00 ,TB_Cajas.vlCierrePesos  = 133.54 ,TB_Cajas.vlCierreDolares  = 0 ,TB_Cajas.vlCierreEuros  = 0   WHERE TB_Cajas.nrCaja = 9000000012  
16/03/2018 17:23:17 |  SELECT VW_UltimaCajaAdm.nrCaja ,VW_UltimaCajaAdm.vlSaldoFinalRealPesos ,VW_UltimaCajaAdm.vlSaldoFinalRealEuros ,VW_UltimaCajaAdm.vlSaldoFinalRealDolares  FROM VW_UltimaCajaAdm   
16/03/2018 17:23:18 |  SELECT TB_Cajas.nrCaja  FROM TB_Cajas  WHERE TB_Cajas.nrCaja = 9000000012  AND  TB_Cajas.flEstado = 0    
16/03/2018 17:23:18 | Exec sco_cajapuesto_v3_9 @nrCaja_param = 9000000011 
16/03/2018 17:23:18 | Exec sco_cajapuesto_v3_9 @nrCaja_param = 9000000012 
16/03/2018 17:23:18 | Exec spu_esdifporCotizacionImputadas_v3_9 @nrCajaAdmActual = 9000000012 
16/03/2018 17:23:18 | Exec sco_AccesosOpcionesMenu @p_tpNivelAcceso = 'Administración' ,@p_operaconcaja = 1 
16/03/2018 17:26:31 | Exec sco_DiccionariodeDatos @nmtabla_param='TB_Puestos'
16/03/2018 17:26:31 |  SELECT TB_Puestos.nrPuesto ,TB_Puestos.dsPuesto  FROM TB_Puestos   
16/03/2018 17:26:32 |  SELECT TB_Puestos.nrPuesto ,TB_Puestos.dsPuesto  FROM TB_Puestos  WHERE TB_Puestos.nrPuesto = 9    
16/03/2018 17:26:35 | Exec  sco_TB_Productos_v4_1 
16/03/2018 17:26:35 | Exec sco_DiccionariodeDatos @nmtabla_param='TB_Usuarios'
16/03/2018 17:26:43 |  SELECT TB_Usuarios.dsUsuario ,TB_Usuarios.dspassword ,TB_Usuarios.tpAcceso ,TB_Usuarios.nmNombre ,TB_Usuarios.nmApellido ,TB_Usuarios.flBloqueado ,TB_Usuarios.tpNivelJerarquico  FROM TB_Usuarios  WHERE TB_Usuarios.dsUsuario = 'CAMILAP'  AND  TB_Usuarios.flEliminar = 0    
16/03/2018 17:26:43 |  SELECT TB_Usuarios.dsUsuario ,TB_Usuarios.dspassword ,TB_Usuarios.tpAcceso ,TB_Usuarios.nmNombre ,TB_Usuarios.nmApellido ,TB_Usuarios.flBloqueado ,TB_Usuarios.tpNivelJerarquico  FROM TB_Usuarios  WHERE TB_Usuarios.dsUsuario = 'CAMILAP'  AND  TB_Usuarios.flEliminar = 0    
16/03/2018 17:26:43 | Exec sco_DiccionariodeDatos @nmtabla_param='sp_obtenerCajasPendientesdeAprobacion_v2_5'
16/03/2018 17:26:43 | Exec sp_obtenerCajasPendientesdeAprobacion_v2_5 @pdsUsuario_param = 'CAMILAP' 
16/03/2018 17:26:43 | Exec sp_obtenerCajasRechazadas_v2_9 
16/03/2018 17:26:43 | Exec sco_DiccionariodeDatos @nmtabla_param='TB_Parametros'
16/03/2018 17:26:43 |  SELECT TB_Parametros.vlParametro  FROM TB_Parametros  WHERE TB_Parametros.dsParametro = 'VALOR EURO'    
16/03/2018 17:26:43 |  SELECT TB_Parametros.vlParametro  FROM TB_Parametros  WHERE TB_Parametros.dsParametro = 'VALOR DOLAR'    
16/03/2018 17:26:43 | Exec SP_ValorPromoRetorno
16/03/2018 17:26:43 | Exec sco_DiccionariodeDatos @nmtabla_param='TB_Comisiones'
16/03/2018 17:26:43 |  SELECT TB_Comisiones.vlMontoMinimo  FROM TB_Comisiones  WHERE TB_Comisiones.tpComision = 'Retorno'  AND  TB_Comisiones.flEliminar = 0    
16/03/2018 17:26:43 |  SELECT TB_Parametros.vlParametro  FROM TB_Parametros  WHERE TB_Parametros.dsParametro = 'VALOR REAL'    
16/03/2018 17:26:43 | Exec sco_DiccionariodeDatos @nmtabla_param='TB_Cajas'
16/03/2018 17:26:43 |  SELECT TB_Cajas.nrCaja  FROM TB_Cajas  WHERE TB_Cajas.dsUsuario = 'CAMILAP'  and  TB_Cajas.flEstado = 0  and  TB_Cajas.tpEstadoAprobacion IS NULL  and  TB_Cajas.nrcaja > 0    
16/03/2018 17:26:45 |  SELECT TB_Cajas.nrCaja ,TB_Cajas.vlTotalSaldoFinal ,TB_Cajas.nrPuesto ,TB_Cajas.dsUsuario ,TB_Cajas.vlSaldoInicialPesos ,TB_Cajas.dtApertura ,TB_Cajas.dtCierre ,TB_Cajas.vlDiaDolar ,TB_Cajas.vlDiaEuro ,TB_Cajas.vlSaldoInicialEuros ,TB_Cajas.vlSaldoInicialDolares ,TB_Cajas.vlSaldoFinalRealPesos ,TB_Cajas.vlTotalSaldoInicial ,TB_Cajas.dtObservacion ,TB_Cajas.vlCierrePesos ,TB_Cajas.vlSaldoFinalRealDolares ,TB_Cajas.vlSaldoFinalRealEuros ,TB_Cajas.vlTotalSaldoFinalReal ,TB_Cajas.vlCierreDolares ,TB_Cajas.vlCierreEuros ,TB_Cajas.dsObservacion ,TB_Cajas.vlDiaReal ,TB_Cajas.flEstado  FROM TB_Cajas  WHERE TB_Cajas.nrCaja = 9000000012    
16/03/2018 17:26:45 | Exec sco_DiccionariodeDatos @nmtabla_param='SP_SumaCajaADM_v2_9'
16/03/2018 17:26:45 | Exec SP_SumaCajaADM_v2_9 @nrCaja_param = 9000000012 ,@tpCaja_param = 'CA' ,@tpCajaImputacion_param = null 
16/03/2018 17:26:45 |  UPDATE TB_Cajas SET TB_Cajas.vlSaldoFinalRealPesos  = 133.54 ,TB_Cajas.vlSaldoFinalRealEuros  = 0.00 ,TB_Cajas.vlSaldoFinalRealDolares  = 0.00 ,TB_Cajas.vlCierrePesos  = 133.54 ,TB_Cajas.vlCierreDolares  = 0 ,TB_Cajas.vlCierreEuros  = 0   WHERE TB_Cajas.nrCaja = 9000000012  
16/03/2018 17:26:46 |  UPDATE TB_Cajas SET TB_Cajas.nrCaja  = 9000000012 ,TB_Cajas.vlTotalSaldoFinal  = 133.54 ,TB_Cajas.nrPuesto  = 9 ,TB_Cajas.dsUsuario  = 'CAMILAP' ,TB_Cajas.vlSaldoInicialPesos  = 0.00 ,TB_Cajas.dtApertura  = '09/03/2018 17:35:27' ,TB_Cajas.dtCierre  = null ,TB_Cajas.vlDiaDolar  = 9.10 ,TB_Cajas.vlDiaEuro  = 10.00 ,TB_Cajas.vlSaldoInicialEuros  = 0.00 ,TB_Cajas.vlSaldoInicialDolares  = 0.00 ,TB_Cajas.vlSaldoFinalRealPesos  = 133.54 ,TB_Cajas.vlTotalSaldoInicial  = 0.00 ,TB_Cajas.dtObservacion  = '16/03/2018 17:26:46' ,TB_Cajas.vlCierrePesos  = 133.54 ,TB_Cajas.vlSaldoFinalRealDolares  = 0.00 ,TB_Cajas.vlSaldoFinalRealEuros  = 0.00 ,TB_Cajas.vlTotalSaldoFinalReal  = 133.54 ,TB_Cajas.vlCierreDolares  = 0 ,TB_Cajas.vlCierreEuros  = 0 ,TB_Cajas.dsObservacion  = null ,TB_Cajas.vlDiaReal  = 3.21 ,TB_Cajas.flCajaAdm  = 1   WHERE TB_Cajas.nrCaja = 9000000012  
16/03/2018 17:26:46 | Exec sco_DiccionariodeDatos @nmtabla_param='VW_UltimaCajaAdm'
16/03/2018 17:26:46 |  SELECT VW_UltimaCajaAdm.nrCaja ,VW_UltimaCajaAdm.vlSaldoFinalRealPesos ,VW_UltimaCajaAdm.vlSaldoFinalRealEuros ,VW_UltimaCajaAdm.vlSaldoFinalRealDolares  FROM VW_UltimaCajaAdm   
16/03/2018 17:26:46 |  SELECT TB_Cajas.nrCaja  FROM TB_Cajas  WHERE TB_Cajas.nrCaja = 9000000012  AND  TB_Cajas.flEstado = 0    
16/03/2018 17:26:46 | Exec sco_DiccionariodeDatos @nmtabla_param='sco_cajapuesto_v3_9'
16/03/2018 17:26:46 | Exec sco_cajapuesto_v3_9 @nrCaja_param = 9000000011 
16/03/2018 17:26:46 | Exec sco_cajapuesto_v3_9 @nrCaja_param = 9000000012 
16/03/2018 17:26:46 | Exec sco_DiccionariodeDatos @nmtabla_param='spu_esdifporCotizacionImputadas_v3_9'
16/03/2018 17:26:46 | Exec spu_esdifporCotizacionImputadas_v3_9 @nrCajaAdmActual = 9000000012 
16/03/2018 17:26:46 | Exec sco_validarVencimientosCAI_v4_1
16/03/2018 17:26:48 | Exec sco_DiccionariodeDatos @nmtabla_param='sco_AccesosOpcionesMenu'
16/03/2018 17:26:48 | Exec sco_AccesosOpcionesMenu @p_tpNivelAcceso = 'Administración' ,@p_operaconcaja = 1 
16/03/2018 17:26:48 | Exec sco_AccesosOpcionesMenu @p_tpNivelAcceso = 'Administración' ,@p_operaconcaja = 1 
16/03/2018 17:26:52 |  SELECT TB_Cajas.nrCaja  FROM TB_Cajas  WHERE TB_Cajas.nrCaja = 9000000012  AND  TB_Cajas.flEstado = 0    
16/03/2018 17:26:57 | Exec sco_DiccionariodeDatos @nmtabla_param='sp_existen_cajas_desimputadas_v3_2'
16/03/2018 17:26:57 | Exec sp_existen_cajas_desimputadas_v3_2 @nrCajaAdmActual = 9000000012 
16/03/2018 17:26:57 | Exec sco_cajapuesto_v3_9 @nrCaja_param = 9000000012 
16/03/2018 17:26:57 |  SELECT TB_Parametros.vlParametro  FROM TB_Parametros  WHERE TB_Parametros.dsParametro = 'VALOR EURO'    
16/03/2018 17:26:57 |  SELECT TB_Parametros.vlParametro  FROM TB_Parametros  WHERE TB_Parametros.dsParametro = 'VALOR DOLAR'    
16/03/2018 17:26:57 | Exec SP_ValorPromoRetorno
16/03/2018 17:26:57 |  SELECT TB_Comisiones.vlMontoMinimo  FROM TB_Comisiones  WHERE TB_Comisiones.tpComision = 'Retorno'  AND  TB_Comisiones.flEliminar = 0    
16/03/2018 17:26:57 |  SELECT TB_Parametros.vlParametro  FROM TB_Parametros  WHERE TB_Parametros.dsParametro = 'VALOR REAL'    
16/03/2018 17:26:57 |  SELECT TB_Cajas.nrCaja ,TB_Cajas.vlTotalSaldoFinal ,TB_Cajas.nrPuesto ,TB_Cajas.dsUsuario ,TB_Cajas.vlSaldoInicialPesos ,TB_Cajas.dtApertura ,TB_Cajas.dtCierre ,TB_Cajas.vlDiaDolar ,TB_Cajas.vlDiaEuro ,TB_Cajas.vlSaldoInicialEuros ,TB_Cajas.vlSaldoInicialDolares ,TB_Cajas.vlSaldoFinalRealPesos ,TB_Cajas.vlTotalSaldoInicial ,TB_Cajas.dtObservacion ,TB_Cajas.vlCierrePesos ,TB_Cajas.vlSaldoFinalRealDolares ,TB_Cajas.vlSaldoFinalRealEuros ,TB_Cajas.vlTotalSaldoFinalReal ,TB_Cajas.vlCierreDolares ,TB_Cajas.vlCierreEuros ,TB_Cajas.dsObservacion ,TB_Cajas.vlDiaReal ,TB_Cajas.flEstado  FROM TB_Cajas  WHERE TB_Cajas.nrCaja = 9000000012    
16/03/2018 17:26:57 | Exec SP_SumaCajaADM_v2_9 @nrCaja_param = 9000000012 ,@tpCaja_param = 'CA' ,@tpCajaImputacion_param = null 
16/03/2018 17:26:57 |  UPDATE TB_Cajas SET TB_Cajas.vlSaldoFinalRealPesos  = 133.54 ,TB_Cajas.vlSaldoFinalRealEuros  = 0.00 ,TB_Cajas.vlSaldoFinalRealDolares  = 0.00 ,TB_Cajas.vlCierrePesos  = 133.54 ,TB_Cajas.vlCierreDolares  = 0 ,TB_Cajas.vlCierreEuros  = 0   WHERE TB_Cajas.nrCaja = 9000000012  
16/03/2018 17:26:58 | Exec sco_DiccionariodeDatos @nmtabla_param='SP_obtenerCajasPuestosImputadas_v3_7'
16/03/2018 17:26:59 | Exec SP_obtenerCajasPuestosImputadas_v3_7 @nrCaja_param = 9000000012 ,@flSumatorio_param = 1 
16/03/2018 17:26:59 |  UPDATE TB_Cajas SET TB_Cajas.vlSumaCajasPuestosCierrePesos  = 0 ,TB_Cajas.vlSumaCajasPuestosCierreDolares  = 0 ,TB_Cajas.vlSumaCajasPuestosCierreEuros  = 0 ,TB_Cajas.vlSumaCajasPuestosDiferencia  = 0   WHERE TB_Cajas.nrCaja = 9000000012  
16/03/2018 17:26:59 |  UPDATE TB_Cajas SET TB_Cajas.nrCaja  = 9000000012 ,TB_Cajas.vlTotalSaldoFinal  = 133.54 ,TB_Cajas.nrPuesto  = 9 ,TB_Cajas.dsUsuario  = 'CAMILAP' ,TB_Cajas.vlSaldoInicialPesos  = 0.00 ,TB_Cajas.dtApertura  = '09/03/2018 17:35:27' ,TB_Cajas.dtCierre  = '16/03/2018 17:26:57' ,TB_Cajas.vlDiaDolar  = 9.10 ,TB_Cajas.vlDiaEuro  = 10.00 ,TB_Cajas.vlSaldoInicialEuros  = 0.00 ,TB_Cajas.vlSaldoInicialDolares  = 0.00 ,TB_Cajas.vlSaldoFinalRealPesos  = 133.54 ,TB_Cajas.vlTotalSaldoInicial  = 0.00 ,TB_Cajas.dtObservacion  = '16/03/2018 17:26:46' ,TB_Cajas.vlCierrePesos  = 133.54 ,TB_Cajas.vlSaldoFinalRealDolares  = 0.00 ,TB_Cajas.vlSaldoFinalRealEuros  = 0.00 ,TB_Cajas.vlTotalSaldoFinalReal  = 133.54 ,TB_Cajas.vlCierreDolares  = 0 ,TB_Cajas.vlCierreEuros  = 0 ,TB_Cajas.dsObservacion  = null ,TB_Cajas.vlDiaReal  = 3.21 ,TB_Cajas.flCajaAdm  = 1 ,TB_Cajas.flEstado  = 1 ,TB_Cajas.hrCierre  = '17:26'   WHERE TB_Cajas.nrCaja = 9000000012  
16/03/2018 17:27:00 | Exec sco_DiccionariodeDatos @nmtabla_param='sp_versionreporte_v3_2'
16/03/2018 17:27:00 | Exec sp_versionreporte_v3_2 @dtFechaOperacion = '16/03/2018' 
16/03/2018 17:27:03 |  SELECT VW_UltimaCajaAdm.nrCaja ,VW_UltimaCajaAdm.vlSaldoFinalRealPesos ,VW_UltimaCajaAdm.vlSaldoFinalRealEuros ,VW_UltimaCajaAdm.vlSaldoFinalRealDolares  FROM VW_UltimaCajaAdm   
16/03/2018 17:27:03 |  SELECT TB_Cajas.nrCaja  FROM TB_Cajas  WHERE TB_Cajas.nrCaja = 9000000012  AND  TB_Cajas.flEstado = 0    
16/03/2018 17:27:03 | Exec spu_esdifporCotizacionImputadas_v3_9 @nrCajaAdmActual = 9000000012 
16/03/2018 17:28:17 | SET DATEFORMAT dmy
16/03/2018 17:28:17 | select getdate() AS FECHA
16/03/2018 17:28:17 |  UPDATE tb_parametros SET tb_parametros.vlParametro  = 'S'   WHERE tb_parametros.dsParametro = 'COBRO_COMISION_CD_RE_OBLIGATORIA'  
16/03/2018 17:28:26 | SET DATEFORMAT dmy
16/03/2018 17:28:26 | select getdate() AS FECHA
16/03/2018 17:28:26 |  UPDATE tb_parametros SET tb_parametros.vlParametro  = 'S'   WHERE tb_parametros.dsParametro = 'CTROL_CANT_VIAJES'  
16/03/2018 17:29:27 |  SELECT TB_Parametros.vlParametro  FROM TB_Parametros  WHERE TB_Parametros.dsParametro = 'VALOR EURO'    
16/03/2018 17:29:27 |  SELECT TB_Parametros.vlParametro  FROM TB_Parametros  WHERE TB_Parametros.dsParametro = 'VALOR DOLAR'    
16/03/2018 17:29:27 | Exec SP_ValorPromoRetorno
16/03/2018 17:29:27 |  SELECT TB_Comisiones.vlMontoMinimo  FROM TB_Comisiones  WHERE TB_Comisiones.tpComision = 'Retorno'  AND  TB_Comisiones.flEliminar = 0    
16/03/2018 17:29:27 |  SELECT TB_Parametros.vlParametro  FROM TB_Parametros  WHERE TB_Parametros.dsParametro = 'VALOR REAL'    
16/03/2018 17:29:27 |  SELECT TB_Cajas.nrCaja  FROM TB_Cajas  WHERE TB_Cajas.dsUsuario = 'CAMILAP'  and  TB_Cajas.flEstado = 0  and  TB_Cajas.tpEstadoAprobacion IS NULL  and  TB_Cajas.nrcaja > 0    
16/03/2018 17:29:27 | Exec sco_DiccionariodeDatos @nmtabla_param='VW_CajadeADMAbierta'
16/03/2018 17:29:27 |  SELECT VW_CajadeADMAbierta.nrCaja ,VW_CajadeADMAbierta.vlSaldoFinalRealPesos ,VW_CajadeADMAbierta.vlSaldoFinalRealEuros ,VW_CajadeADMAbierta.vlSaldoFinalRealDolares ,VW_CajadeADMAbierta.dsUsuario  FROM VW_CajadeADMAbierta   
16/03/2018 17:29:27 | Exec sco_DiccionariodeDatos @nmtabla_param='SP_CalculaSaldoInicial_v2_9'
16/03/2018 17:29:27 | Exec SP_CalculaSaldoInicial_v2_9 @tpCaja_param = null ,@tpCajaImputacion_param = null ,@nrCaja_param = null 
16/03/2018 17:29:28 | Exec sco_DiccionariodeDatos @nmtabla_param='SP_ObtenerMaxnrCaja_v2_8'
16/03/2018 17:29:28 | Exec SP_ObtenerMaxnrCaja_v2_8 @nrPuesto = 9 
16/03/2018 17:29:28 |  INSERT TB_Cajas (nrCaja ,vlTotalSaldoFinal ,nrPuesto ,dsUsuario ,vlSaldoInicialPesos ,dtApertura ,dtCierre ,vlDiaDolar ,vlDiaEuro ,vlSaldoInicialEuros ,vlSaldoInicialDolares ,vlSaldoFinalRealPesos ,vlTotalSaldoInicial ,dtObservacion ,vlCierrePesos ,vlSaldoFinalRealDolares ,vlSaldoFinalRealEuros ,vlTotalSaldoFinalReal ,vlCierreDolares ,vlCierreEuros ,dsObservacion ,vlDiaReal ,flCajaAdm )  VALUES (9000000013 ,null ,9 ,'CAMILAP' ,133.54 ,'16/03/2018 17:29:27' ,null ,9.10 ,10 ,0 ,0 ,133.54 ,133.54 ,'16/03/2018 17:29:28' ,null ,0 ,0 ,null ,null ,null ,null ,3.21 ,1 )
16/03/2018 17:29:28 | Exec sco_DiccionariodeDatos @nmtabla_param='DiccionariodeDatos'
16/03/2018 17:29:28 |  UPDATE DiccionariodeDatos SET DiccionariodeDatos.vlPuesto9  = '9000000013'   WHERE DiccionariodeDatos.nmTabla = 'TB_Cajas'  AND  DiccionariodeDatos.nmCampo = 'nrCaja'  
16/03/2018 17:29:30 |  SELECT VW_UltimaCajaAdm.nrCaja ,VW_UltimaCajaAdm.vlSaldoFinalRealPesos ,VW_UltimaCajaAdm.vlSaldoFinalRealEuros ,VW_UltimaCajaAdm.vlSaldoFinalRealDolares  FROM VW_UltimaCajaAdm   
16/03/2018 17:29:30 |  SELECT TB_Cajas.nrCaja  FROM TB_Cajas  WHERE TB_Cajas.nrCaja = 9000000013  AND  TB_Cajas.flEstado = 0    
16/03/2018 17:29:30 | Exec sco_cajapuesto_v3_9 @nrCaja_param = 9000000012 
16/03/2018 17:29:30 | Exec sco_cajapuesto_v3_9 @nrCaja_param = 9000000013 
16/03/2018 17:29:30 | Exec spu_esdifporCotizacionImputadas_v3_9 @nrCajaAdmActual = 9000000013 
16/03/2018 17:29:30 | Exec sco_AccesosOpcionesMenu @p_tpNivelAcceso = 'Administración' ,@p_operaconcaja = 1 
