01/04/2018 09:32:54 | Exec sco_DiccionariodeDatos @nmtabla_param='TB_Puestos'
01/04/2018 09:32:54 |  SELECT TB_Puestos.nrPuesto ,TB_Puestos.dsPuesto  FROM TB_Puestos   
01/04/2018 09:32:54 |  SELECT TB_Puestos.nrPuesto ,TB_Puestos.dsPuesto  FROM TB_Puestos  WHERE TB_Puestos.nrPuesto = 9    
01/04/2018 09:32:57 | Exec  sco_TB_Productos_v4_1 
01/04/2018 09:32:57 | Exec sco_DiccionariodeDatos @nmtabla_param='TB_Usuarios'
01/04/2018 09:33:01 |  SELECT TB_Usuarios.dsUsuario ,TB_Usuarios.dspassword ,TB_Usuarios.tpAcceso ,TB_Usuarios.nmNombre ,TB_Usuarios.nmApellido ,TB_Usuarios.flBloqueado ,TB_Usuarios.tpNivelJerarquico  FROM TB_Usuarios  WHERE TB_Usuarios.dsUsuario = 'CAMILAP'  AND  TB_Usuarios.flEliminar = 0    
01/04/2018 09:33:01 |  SELECT TB_Usuarios.dsUsuario ,TB_Usuarios.dspassword ,TB_Usuarios.tpAcceso ,TB_Usuarios.nmNombre ,TB_Usuarios.nmApellido ,TB_Usuarios.flBloqueado ,TB_Usuarios.tpNivelJerarquico  FROM TB_Usuarios  WHERE TB_Usuarios.dsUsuario = 'CAMILAP'  AND  TB_Usuarios.flEliminar = 0    
01/04/2018 09:33:01 | Exec sco_DiccionariodeDatos @nmtabla_param='sp_obtenerCajasPendientesdeAprobacion_v2_5'
01/04/2018 09:33:01 | Exec sp_obtenerCajasPendientesdeAprobacion_v2_5 @pdsUsuario_param = 'CAMILAP' 
01/04/2018 09:33:01 | Exec sp_obtenerCajasRechazadas_v2_9 
01/04/2018 09:33:01 | Exec sco_DiccionariodeDatos @nmtabla_param='TB_Parametros'
01/04/2018 09:33:01 |  SELECT TB_Parametros.vlParametro  FROM TB_Parametros  WHERE TB_Parametros.dsParametro = 'VALOR EURO'    
01/04/2018 09:33:01 |  SELECT TB_Parametros.vlParametro  FROM TB_Parametros  WHERE TB_Parametros.dsParametro = 'VALOR DOLAR'    
01/04/2018 09:33:01 | Exec SP_ValorPromoRetorno
01/04/2018 09:33:01 | Exec sco_DiccionariodeDatos @nmtabla_param='TB_Comisiones'
01/04/2018 09:33:01 |  SELECT TB_Comisiones.vlMontoMinimo  FROM TB_Comisiones  WHERE TB_Comisiones.tpComision = 'Retorno'  AND  TB_Comisiones.flEliminar = 0    
01/04/2018 09:33:01 |  SELECT TB_Parametros.vlParametro  FROM TB_Parametros  WHERE TB_Parametros.dsParametro = 'VALOR REAL'    
01/04/2018 09:33:01 | Exec sco_DiccionariodeDatos @nmtabla_param='TB_Cajas'
01/04/2018 09:33:01 |  SELECT TB_Cajas.nrCaja  FROM TB_Cajas  WHERE TB_Cajas.dsUsuario = 'CAMILAP'  and  TB_Cajas.flEstado = 0  and  TB_Cajas.tpEstadoAprobacion IS NULL  and  TB_Cajas.nrcaja > 0    
01/04/2018 09:33:03 |  SELECT TB_Cajas.nrCaja ,TB_Cajas.vlTotalSaldoFinal ,TB_Cajas.nrPuesto ,TB_Cajas.dsUsuario ,TB_Cajas.vlSaldoInicialPesos ,TB_Cajas.dtApertura ,TB_Cajas.dtCierre ,TB_Cajas.vlDiaDolar ,TB_Cajas.vlDiaEuro ,TB_Cajas.vlSaldoInicialEuros ,TB_Cajas.vlSaldoInicialDolares ,TB_Cajas.vlSaldoFinalRealPesos ,TB_Cajas.vlTotalSaldoInicial ,TB_Cajas.dtObservacion ,TB_Cajas.vlCierrePesos ,TB_Cajas.vlSaldoFinalRealDolares ,TB_Cajas.vlSaldoFinalRealEuros ,TB_Cajas.vlTotalSaldoFinalReal ,TB_Cajas.vlCierreDolares ,TB_Cajas.vlCierreEuros ,TB_Cajas.dsObservacion ,TB_Cajas.vlDiaReal ,TB_Cajas.flEstado  FROM TB_Cajas  WHERE TB_Cajas.nrCaja = 9000003773    
01/04/2018 09:33:03 | Exec sco_DiccionariodeDatos @nmtabla_param='SP_SumaCajaADM_v2_9'
01/04/2018 09:33:03 | Exec SP_SumaCajaADM_v2_9 @nrCaja_param = 9000003773 ,@tpCaja_param = 'CA' ,@tpCajaImputacion_param = null 
01/04/2018 09:33:03 |  UPDATE TB_Cajas SET TB_Cajas.vlSaldoFinalRealPesos  = 155.08 ,TB_Cajas.vlSaldoFinalRealEuros  = 0.00 ,TB_Cajas.vlSaldoFinalRealDolares  = 0.00 ,TB_Cajas.vlCierrePesos  = 155.08 ,TB_Cajas.vlCierreDolares  = 0 ,TB_Cajas.vlCierreEuros  = 0   WHERE TB_Cajas.nrCaja = 9000003773  
01/04/2018 09:33:08 |  UPDATE TB_Cajas SET TB_Cajas.nrCaja  = 9000003773 ,TB_Cajas.vlTotalSaldoFinal  = 155.08 ,TB_Cajas.nrPuesto  = 9 ,TB_Cajas.dsUsuario  = 'CAMILAP' ,TB_Cajas.vlSaldoInicialPesos  = 0.00 ,TB_Cajas.dtApertura  = '19/08/2015 11:17:24' ,TB_Cajas.dtCierre  = null ,TB_Cajas.vlDiaDolar  = 9.10 ,TB_Cajas.vlDiaEuro  = 10.00 ,TB_Cajas.vlSaldoInicialEuros  = 0.00 ,TB_Cajas.vlSaldoInicialDolares  = 0.00 ,TB_Cajas.vlSaldoFinalRealPesos  = 155.08 ,TB_Cajas.vlTotalSaldoInicial  = 0.00 ,TB_Cajas.dtObservacion  = '01/04/2018 09:33:08' ,TB_Cajas.vlCierrePesos  = 155.08 ,TB_Cajas.vlSaldoFinalRealDolares  = 0.00 ,TB_Cajas.vlSaldoFinalRealEuros  = 0.00 ,TB_Cajas.vlTotalSaldoFinalReal  = 155.08 ,TB_Cajas.vlCierreDolares  = 0 ,TB_Cajas.vlCierreEuros  = 0 ,TB_Cajas.dsObservacion  = null ,TB_Cajas.vlDiaReal  = 3.21 ,TB_Cajas.flCajaAdm  = 1   WHERE TB_Cajas.nrCaja = 9000003773  
01/04/2018 09:33:08 | Exec sco_DiccionariodeDatos @nmtabla_param='VW_UltimaCajaAdm'
01/04/2018 09:33:08 |  SELECT VW_UltimaCajaAdm.nrCaja ,VW_UltimaCajaAdm.vlSaldoFinalRealPesos ,VW_UltimaCajaAdm.vlSaldoFinalRealEuros ,VW_UltimaCajaAdm.vlSaldoFinalRealDolares  FROM VW_UltimaCajaAdm   
01/04/2018 09:33:08 |  SELECT TB_Cajas.nrCaja  FROM TB_Cajas  WHERE TB_Cajas.nrCaja = 9000003773  AND  TB_Cajas.flEstado = 0    
01/04/2018 09:33:08 | Exec sco_DiccionariodeDatos @nmtabla_param='sco_cajapuesto_v3_9'
01/04/2018 09:33:08 | Exec sco_cajapuesto_v3_9 @nrCaja_param = 9000003772 
01/04/2018 09:33:08 | Exec sco_cajapuesto_v3_9 @nrCaja_param = 9000003773 
01/04/2018 09:33:08 | Exec sco_DiccionariodeDatos @nmtabla_param='spu_esdifporCotizacionImputadas_v3_9'
01/04/2018 09:33:08 | Exec spu_esdifporCotizacionImputadas_v3_9 @nrCajaAdmActual = 9000003773 
01/04/2018 09:33:08 | Exec sco_validarVencimientosCAI_v4_1
01/04/2018 09:33:10 | Exec sco_DiccionariodeDatos @nmtabla_param='sco_AccesosOpcionesMenu'
01/04/2018 09:33:10 | Exec sco_AccesosOpcionesMenu @p_tpNivelAcceso = 'Administración' ,@p_operaconcaja = 1 
01/04/2018 09:33:10 | Exec sco_AccesosOpcionesMenu @p_tpNivelAcceso = 'Administración' ,@p_operaconcaja = 1 
01/04/2018 09:33:18 | Exec sco_DiccionariodeDatos @nmtabla_param='SP_ResumenCajaADM_v2_9'
01/04/2018 09:33:18 | Exec SP_ResumenCajaADM_v2_9 @nrCaja_param = 9000003773 ,@tpCaja_param = 'CA' ,@tpCajaImputacion_param = null 
01/04/2018 09:33:18 |  SELECT TB_Cajas.vlSaldoInicialPesos ,TB_Cajas.vlSaldoInicialDolares ,TB_Cajas.vlSaldoInicialEuros ,TB_Cajas.vlSaldoInicialReales ,TB_Cajas.vlDiaEuro ,TB_Cajas.vlDiaDolar ,TB_Cajas.vlDiaReal ,TB_Cajas.dsUsuario ,TB_Cajas.dtApertura ,TB_Cajas.dtCierre  FROM TB_Cajas  WHERE TB_Cajas.nrCaja = 9000003773    
01/04/2018 09:33:18 | Exec sco_DiccionariodeDatos @nmtabla_param='SP_CalculaSaldoInicial_v2_9'
01/04/2018 09:33:18 | Exec SP_CalculaSaldoInicial_v2_9 @tpCaja_param = 'CA' ,@tpCajaImputacion_param = null ,@nrCaja_param = 9000003773 
01/04/2018 09:33:18 | Exec SP_SumaCajaADM_v2_9 @nrCaja_param = 9000003773 ,@tpCaja_param = 'CA' ,@tpCajaImputacion_param = null 
01/04/2018 09:33:18 |  UPDATE TB_Cajas SET TB_Cajas.vlSaldoFinalRealPesos  = 155.08 ,TB_Cajas.vlSaldoFinalRealEuros  = 0.00 ,TB_Cajas.vlSaldoFinalRealDolares  = 0.00 ,TB_Cajas.vlCierrePesos  = 155.08 ,TB_Cajas.vlCierreDolares  = 0.00 ,TB_Cajas.vlCierreEuros  = 0.00   WHERE TB_Cajas.nrCaja = 9000003773  
01/04/2018 09:33:24 | Exec sco_AccesosOpcionesMenu @p_tpNivelAcceso = 'Administración' ,@p_operaconcaja = 1 
01/04/2018 09:33:27 |  SELECT TB_Cajas.vlSaldoInicialPesos ,TB_Cajas.vlSaldoInicialDolares ,TB_Cajas.vlSaldoInicialEuros ,TB_Cajas.vlSaldoInicialReales ,TB_Cajas.vlDiaEuro ,TB_Cajas.vlDiaDolar ,TB_Cajas.vlDiaReal ,TB_Cajas.dsUsuario ,TB_Cajas.dtApertura ,TB_Cajas.dtCierre  FROM TB_Cajas  WHERE TB_Cajas.nrCaja = 9000003773    
01/04/2018 09:33:27 | Exec sco_DiccionariodeDatos @nmtabla_param='TB_Cupones'
01/04/2018 09:33:27 |  SELECT tb_parametros.dsParametro ,tb_parametros.vlParametro ,tb_parametros.tpParametro ,tb_parametros.flEditable ,tb_parametros.nrTamanio ,tb_parametros.dtActualizacion  FROM tb_parametros  WHERE tb_parametros.dsParametro = 'CANT_VIAJES_A_COMP'    
01/04/2018 09:33:27 |  SELECT tb_parametros.dsParametro ,tb_parametros.vlParametro ,tb_parametros.tpParametro ,tb_parametros.flEditable ,tb_parametros.nrTamanio ,tb_parametros.dtActualizacion  FROM tb_parametros  WHERE tb_parametros.dsParametro = 'CTROL_CANT_VIAJES'    
01/04/2018 09:33:27 |  SELECT tb_parametros.dsParametro ,tb_parametros.vlParametro ,tb_parametros.tpParametro ,tb_parametros.flEditable ,tb_parametros.nrTamanio ,tb_parametros.dtActualizacion  FROM tb_parametros  WHERE tb_parametros.dsParametro = 'COBRO_COMISION_CD_RE_OBLIGATORIA'    
01/04/2018 09:33:27 |  SELECT tb_parametros.dsParametro ,tb_parametros.vlParametro ,tb_parametros.tpParametro ,tb_parametros.flEditable ,tb_parametros.nrTamanio ,tb_parametros.dtActualizacion  FROM tb_parametros  WHERE tb_parametros.dsParametro = 'RESTRINGE_TARJETAS'    
01/04/2018 09:33:30 |  SELECT TB_Cupones.cdCodBar ,TB_Cupones.nrLicencia ,TB_Cupones.nmLicenciatario ,TB_Cupones.cdCliente ,TB_Cupones.nrCupon ,TB_Cupones.tpCupon ,TB_Cupones.vlMontoCupon ,TB_Cupones.vlPagoPesos ,TB_Cupones.vlPagoEuros ,TB_Cupones.vlPagoDolares ,TB_Cupones.vlPagoReales ,TB_Cupones.vlComision ,TB_Cupones.vlRecargoTarjeta ,TB_Cupones.nrTalonarioCliente ,TB_Cupones.tpComprobanteCliente ,TB_Cupones.nrComprabanteCliente ,TB_Cupones.tpLetraCliente ,TB_Cupones.flCobradoalCliente ,TB_Cupones.dtCobradoalCliente ,TB_Cupones.flCompensado ,TB_Cupones.cdCliente ,TB_Cupones.dsLeyenda ,TB_Cupones.vlaFavordelLicenciatario ,TB_Cupones.vlafavorAdmin ,TB_Cupones.dtCupon ,TB_Cupones.dsObservacion ,TB_Cupones.vlIVA ,TB_Cupones.flAnulado ,TB_Cupones.dsLeyenda  FROM TB_Cupones  WHERE TB_Cupones.flEliminar = 0  AND  TB_Cupones.nrLicencia = 10  AND  TB_Cupones.flCompensado = 0  AND  TB_Cupones.flAnulado = 0    AND (  CONVERT(DATE, dtCupon) >= '31/01/2018' AND CONVERT(DATE, dtCupon) <= '01/04/2018'    OR tpCupon in ('Retorno','Cobro en Destino'))  
01/04/2018 09:33:34 |  SELECT TB_Cupones.cdCodBar ,TB_Cupones.nrLicencia ,TB_Cupones.nmLicenciatario ,TB_Cupones.cdCliente ,TB_Cupones.nrCupon ,TB_Cupones.tpCupon ,TB_Cupones.vlMontoCupon ,TB_Cupones.vlPagoPesos ,TB_Cupones.vlPagoEuros ,TB_Cupones.vlPagoDolares ,TB_Cupones.vlPagoReales ,TB_Cupones.vlComision ,TB_Cupones.vlRecargoTarjeta ,TB_Cupones.nrTalonarioCliente ,TB_Cupones.tpComprobanteCliente ,TB_Cupones.nrComprabanteCliente ,TB_Cupones.tpLetraCliente ,TB_Cupones.flCobradoalCliente ,TB_Cupones.dtCobradoalCliente ,TB_Cupones.flCompensado ,TB_Cupones.cdCliente ,TB_Cupones.dsLeyenda ,TB_Cupones.vlaFavordelLicenciatario ,TB_Cupones.vlafavorAdmin ,TB_Cupones.dtCupon ,TB_Cupones.dsObservacion ,TB_Cupones.vlIVA ,TB_Cupones.flAnulado ,TB_Cupones.dsLeyenda  FROM TB_Cupones  WHERE TB_Cupones.flEliminar = 0  AND  TB_Cupones.nrLicencia = 40  AND  TB_Cupones.flCompensado = 0  AND  TB_Cupones.flAnulado = 0    AND (  CONVERT(DATE, dtCupon) >= '31/01/2018' AND CONVERT(DATE, dtCupon) <= '01/04/2018'    OR tpCupon in ('Retorno','Cobro en Destino'))  
01/04/2018 09:33:36 | Exec sco_AccesosOpcionesMenu @p_tpNivelAcceso = 'Administración' ,@p_operaconcaja = 1 
01/04/2018 09:33:45 | Exec sco_DiccionariodeDatos @nmtabla_param='VW_CajadeADMAbierta'
01/04/2018 09:33:45 |  SELECT VW_CajadeADMAbierta.nrCaja ,VW_CajadeADMAbierta.vlSaldoFinalRealPesos ,VW_CajadeADMAbierta.vlSaldoFinalRealEuros ,VW_CajadeADMAbierta.vlSaldoFinalRealDolares ,VW_CajadeADMAbierta.dsUsuario  FROM VW_CajadeADMAbierta   
01/04/2018 09:33:45 | Inicializando Servicio SGLibrary.LoaderForms
01/04/2018 09:33:45 | Inicializando Servicio SGLibrary.LoaderForms OK 
01/04/2018 09:33:45 | Antes de  UsuarioActivo objUsuario.dsUsuario 
01/04/2018 09:33:45 | Antes de  CajaActiva objCajas.nrCaja 
01/04/2018 09:33:45 | Antes de  AmbienteActivo objConfig.dsDSN 
01/04/2018 09:36:35 | Exec sco_DiccionariodeDatos @nmtabla_param='TB_Puestos'
01/04/2018 09:36:35 |  SELECT TB_Puestos.nrPuesto ,TB_Puestos.dsPuesto  FROM TB_Puestos   
01/04/2018 09:36:35 |  SELECT TB_Puestos.nrPuesto ,TB_Puestos.dsPuesto  FROM TB_Puestos  WHERE TB_Puestos.nrPuesto = 9    
01/04/2018 09:36:38 | Exec  sco_TB_Productos_v4_1 
01/04/2018 09:36:38 | Exec sco_DiccionariodeDatos @nmtabla_param='TB_Usuarios'
01/04/2018 09:36:41 |  SELECT TB_Usuarios.dsUsuario ,TB_Usuarios.dspassword ,TB_Usuarios.tpAcceso ,TB_Usuarios.nmNombre ,TB_Usuarios.nmApellido ,TB_Usuarios.flBloqueado ,TB_Usuarios.tpNivelJerarquico  FROM TB_Usuarios  WHERE TB_Usuarios.dsUsuario = 'CAMILAP'  AND  TB_Usuarios.flEliminar = 0    
01/04/2018 09:36:41 |  SELECT TB_Usuarios.dsUsuario ,TB_Usuarios.dspassword ,TB_Usuarios.tpAcceso ,TB_Usuarios.nmNombre ,TB_Usuarios.nmApellido ,TB_Usuarios.flBloqueado ,TB_Usuarios.tpNivelJerarquico  FROM TB_Usuarios  WHERE TB_Usuarios.dsUsuario = 'CAMILAP'  AND  TB_Usuarios.flEliminar = 0    
01/04/2018 09:36:41 | Exec sco_DiccionariodeDatos @nmtabla_param='sp_obtenerCajasPendientesdeAprobacion_v2_5'
01/04/2018 09:36:41 | Exec sp_obtenerCajasPendientesdeAprobacion_v2_5 @pdsUsuario_param = 'CAMILAP' 
01/04/2018 09:36:41 | Exec sp_obtenerCajasRechazadas_v2_9 
01/04/2018 09:36:41 | Exec sco_DiccionariodeDatos @nmtabla_param='TB_Parametros'
01/04/2018 09:36:41 |  SELECT TB_Parametros.vlParametro  FROM TB_Parametros  WHERE TB_Parametros.dsParametro = 'VALOR EURO'    
01/04/2018 09:36:41 |  SELECT TB_Parametros.vlParametro  FROM TB_Parametros  WHERE TB_Parametros.dsParametro = 'VALOR DOLAR'    
01/04/2018 09:36:41 | Exec SP_ValorPromoRetorno
01/04/2018 09:36:41 | Exec sco_DiccionariodeDatos @nmtabla_param='TB_Comisiones'
01/04/2018 09:36:41 |  SELECT TB_Comisiones.vlMontoMinimo  FROM TB_Comisiones  WHERE TB_Comisiones.tpComision = 'Retorno'  AND  TB_Comisiones.flEliminar = 0    
01/04/2018 09:36:41 |  SELECT TB_Parametros.vlParametro  FROM TB_Parametros  WHERE TB_Parametros.dsParametro = 'VALOR REAL'    
01/04/2018 09:36:41 | Exec sco_DiccionariodeDatos @nmtabla_param='TB_Cajas'
01/04/2018 09:36:41 |  SELECT TB_Cajas.nrCaja  FROM TB_Cajas  WHERE TB_Cajas.dsUsuario = 'CAMILAP'  and  TB_Cajas.flEstado = 0  and  TB_Cajas.tpEstadoAprobacion IS NULL  and  TB_Cajas.nrcaja > 0    
01/04/2018 09:36:43 |  SELECT TB_Cajas.nrCaja ,TB_Cajas.vlTotalSaldoFinal ,TB_Cajas.nrPuesto ,TB_Cajas.dsUsuario ,TB_Cajas.vlSaldoInicialPesos ,TB_Cajas.dtApertura ,TB_Cajas.dtCierre ,TB_Cajas.vlDiaDolar ,TB_Cajas.vlDiaEuro ,TB_Cajas.vlSaldoInicialEuros ,TB_Cajas.vlSaldoInicialDolares ,TB_Cajas.vlSaldoFinalRealPesos ,TB_Cajas.vlTotalSaldoInicial ,TB_Cajas.dtObservacion ,TB_Cajas.vlCierrePesos ,TB_Cajas.vlSaldoFinalRealDolares ,TB_Cajas.vlSaldoFinalRealEuros ,TB_Cajas.vlTotalSaldoFinalReal ,TB_Cajas.vlCierreDolares ,TB_Cajas.vlCierreEuros ,TB_Cajas.dsObservacion ,TB_Cajas.vlDiaReal ,TB_Cajas.flEstado  FROM TB_Cajas  WHERE TB_Cajas.nrCaja = 9000003773    
01/04/2018 09:36:43 | Exec sco_DiccionariodeDatos @nmtabla_param='SP_SumaCajaADM_v2_9'
01/04/2018 09:36:43 | Exec SP_SumaCajaADM_v2_9 @nrCaja_param = 9000003773 ,@tpCaja_param = 'CA' ,@tpCajaImputacion_param = null 
01/04/2018 09:36:43 |  UPDATE TB_Cajas SET TB_Cajas.vlSaldoFinalRealPesos  = 155.08 ,TB_Cajas.vlSaldoFinalRealEuros  = 0.00 ,TB_Cajas.vlSaldoFinalRealDolares  = 0.00 ,TB_Cajas.vlCierrePesos  = 155.08 ,TB_Cajas.vlCierreDolares  = 0 ,TB_Cajas.vlCierreEuros  = 0   WHERE TB_Cajas.nrCaja = 9000003773  
01/04/2018 09:36:44 |  UPDATE TB_Cajas SET TB_Cajas.nrCaja  = 9000003773 ,TB_Cajas.vlTotalSaldoFinal  = 155.08 ,TB_Cajas.nrPuesto  = 9 ,TB_Cajas.dsUsuario  = 'CAMILAP' ,TB_Cajas.vlSaldoInicialPesos  = 0.00 ,TB_Cajas.dtApertura  = '19/08/2015 11:17:24' ,TB_Cajas.dtCierre  = null ,TB_Cajas.vlDiaDolar  = 9.10 ,TB_Cajas.vlDiaEuro  = 10.00 ,TB_Cajas.vlSaldoInicialEuros  = 0.00 ,TB_Cajas.vlSaldoInicialDolares  = 0.00 ,TB_Cajas.vlSaldoFinalRealPesos  = 155.08 ,TB_Cajas.vlTotalSaldoInicial  = 0.00 ,TB_Cajas.dtObservacion  = '01/04/2018 09:36:44' ,TB_Cajas.vlCierrePesos  = 155.08 ,TB_Cajas.vlSaldoFinalRealDolares  = 0.00 ,TB_Cajas.vlSaldoFinalRealEuros  = 0.00 ,TB_Cajas.vlTotalSaldoFinalReal  = 155.08 ,TB_Cajas.vlCierreDolares  = 0 ,TB_Cajas.vlCierreEuros  = 0 ,TB_Cajas.dsObservacion  = null ,TB_Cajas.vlDiaReal  = 3.21 ,TB_Cajas.flCajaAdm  = 1   WHERE TB_Cajas.nrCaja = 9000003773  
01/04/2018 09:36:44 | Exec sco_DiccionariodeDatos @nmtabla_param='VW_UltimaCajaAdm'
01/04/2018 09:36:44 |  SELECT VW_UltimaCajaAdm.nrCaja ,VW_UltimaCajaAdm.vlSaldoFinalRealPesos ,VW_UltimaCajaAdm.vlSaldoFinalRealEuros ,VW_UltimaCajaAdm.vlSaldoFinalRealDolares  FROM VW_UltimaCajaAdm   
01/04/2018 09:36:44 |  SELECT TB_Cajas.nrCaja  FROM TB_Cajas  WHERE TB_Cajas.nrCaja = 9000003773  AND  TB_Cajas.flEstado = 0    
01/04/2018 09:36:44 | Exec sco_DiccionariodeDatos @nmtabla_param='sco_cajapuesto_v3_9'
01/04/2018 09:36:44 | Exec sco_cajapuesto_v3_9 @nrCaja_param = 9000003772 
01/04/2018 09:36:44 | Exec sco_cajapuesto_v3_9 @nrCaja_param = 9000003773 
01/04/2018 09:36:44 | Exec sco_DiccionariodeDatos @nmtabla_param='spu_esdifporCotizacionImputadas_v3_9'
01/04/2018 09:36:44 | Exec spu_esdifporCotizacionImputadas_v3_9 @nrCajaAdmActual = 9000003773 
01/04/2018 09:36:45 | Exec sco_validarVencimientosCAI_v4_1
01/04/2018 09:36:46 | Exec sco_DiccionariodeDatos @nmtabla_param='sco_AccesosOpcionesMenu'
01/04/2018 09:36:46 | Exec sco_AccesosOpcionesMenu @p_tpNivelAcceso = 'Administración' ,@p_operaconcaja = 1 
01/04/2018 09:36:46 | Exec sco_AccesosOpcionesMenu @p_tpNivelAcceso = 'Administración' ,@p_operaconcaja = 1 
01/04/2018 09:36:49 | Exec sco_DiccionariodeDatos @nmtabla_param='VW_CajadeADMAbierta'
01/04/2018 09:36:49 |  SELECT VW_CajadeADMAbierta.nrCaja ,VW_CajadeADMAbierta.vlSaldoFinalRealPesos ,VW_CajadeADMAbierta.vlSaldoFinalRealEuros ,VW_CajadeADMAbierta.vlSaldoFinalRealDolares ,VW_CajadeADMAbierta.dsUsuario  FROM VW_CajadeADMAbierta   
01/04/2018 09:36:49 | Inicializando Servicio SGLibrary.LoaderForms
01/04/2018 09:36:49 | Inicializando Servicio SGLibrary.LoaderForms OK 
01/04/2018 09:36:49 | Antes de  UsuarioActivo objUsuario.dsUsuario 
01/04/2018 09:36:49 | Antes de  CajaActiva objCajas.nrCaja 
01/04/2018 09:36:49 | Antes de  AmbienteActivo objConfig.dsDSN 
01/04/2018 09:36:56 |  SELECT VW_CajadeADMAbierta.nrCaja ,VW_CajadeADMAbierta.vlSaldoFinalRealPesos ,VW_CajadeADMAbierta.vlSaldoFinalRealEuros ,VW_CajadeADMAbierta.vlSaldoFinalRealDolares ,VW_CajadeADMAbierta.dsUsuario  FROM VW_CajadeADMAbierta   
01/04/2018 09:36:56 | Inicializando Servicio SGLibrary.LoaderForms
01/04/2018 09:36:56 | Inicializando Servicio SGLibrary.LoaderForms OK 
01/04/2018 09:36:56 | Antes de  UsuarioActivo objUsuario.dsUsuario 
01/04/2018 09:36:56 | Antes de  CajaActiva objCajas.nrCaja 
01/04/2018 09:36:56 | Antes de  AmbienteActivo objConfig.dsDSN 
01/04/2018 09:37:14 |  SELECT VW_CajadeADMAbierta.nrCaja ,VW_CajadeADMAbierta.vlSaldoFinalRealPesos ,VW_CajadeADMAbierta.vlSaldoFinalRealEuros ,VW_CajadeADMAbierta.vlSaldoFinalRealDolares ,VW_CajadeADMAbierta.dsUsuario  FROM VW_CajadeADMAbierta   
01/04/2018 09:37:14 | Inicializando Servicio SGLibrary.LoaderForms
01/04/2018 09:37:14 | Inicializando Servicio SGLibrary.LoaderForms OK 
01/04/2018 09:37:14 | Antes de  UsuarioActivo objUsuario.dsUsuario 
01/04/2018 09:37:14 | Antes de  CajaActiva objCajas.nrCaja 
01/04/2018 09:37:14 | Antes de  AmbienteActivo objConfig.dsDSN 
01/04/2018 09:39:27 | Exec sco_DiccionariodeDatos @nmtabla_param='TB_Puestos'
01/04/2018 09:39:27 |  SELECT TB_Puestos.nrPuesto ,TB_Puestos.dsPuesto  FROM TB_Puestos   
01/04/2018 09:39:27 |  SELECT TB_Puestos.nrPuesto ,TB_Puestos.dsPuesto  FROM TB_Puestos  WHERE TB_Puestos.nrPuesto = 9    
01/04/2018 09:39:30 | Exec  sco_TB_Productos_v4_1 
01/04/2018 09:39:30 | Exec sco_DiccionariodeDatos @nmtabla_param='TB_Usuarios'
01/04/2018 09:39:37 |  SELECT TB_Usuarios.dsUsuario ,TB_Usuarios.dspassword ,TB_Usuarios.tpAcceso ,TB_Usuarios.nmNombre ,TB_Usuarios.nmApellido ,TB_Usuarios.flBloqueado ,TB_Usuarios.tpNivelJerarquico  FROM TB_Usuarios  WHERE TB_Usuarios.dsUsuario = 'CAMILAP'  AND  TB_Usuarios.flEliminar = 0    
01/04/2018 09:39:37 |  SELECT TB_Usuarios.dsUsuario ,TB_Usuarios.dspassword ,TB_Usuarios.tpAcceso ,TB_Usuarios.nmNombre ,TB_Usuarios.nmApellido ,TB_Usuarios.flBloqueado ,TB_Usuarios.tpNivelJerarquico  FROM TB_Usuarios  WHERE TB_Usuarios.dsUsuario = 'CAMILAP'  AND  TB_Usuarios.flEliminar = 0    
01/04/2018 09:39:37 | Exec sco_DiccionariodeDatos @nmtabla_param='sp_obtenerCajasPendientesdeAprobacion_v2_5'
01/04/2018 09:39:37 | Exec sp_obtenerCajasPendientesdeAprobacion_v2_5 @pdsUsuario_param = 'CAMILAP' 
01/04/2018 09:39:37 | Exec sp_obtenerCajasRechazadas_v2_9 
01/04/2018 09:39:37 | Exec sco_DiccionariodeDatos @nmtabla_param='TB_Parametros'
01/04/2018 09:39:37 |  SELECT TB_Parametros.vlParametro  FROM TB_Parametros  WHERE TB_Parametros.dsParametro = 'VALOR EURO'    
01/04/2018 09:39:37 |  SELECT TB_Parametros.vlParametro  FROM TB_Parametros  WHERE TB_Parametros.dsParametro = 'VALOR DOLAR'    
01/04/2018 09:39:37 | Exec SP_ValorPromoRetorno
01/04/2018 09:39:37 | Exec sco_DiccionariodeDatos @nmtabla_param='TB_Comisiones'
01/04/2018 09:39:37 |  SELECT TB_Comisiones.vlMontoMinimo  FROM TB_Comisiones  WHERE TB_Comisiones.tpComision = 'Retorno'  AND  TB_Comisiones.flEliminar = 0    
01/04/2018 09:39:37 |  SELECT TB_Parametros.vlParametro  FROM TB_Parametros  WHERE TB_Parametros.dsParametro = 'VALOR REAL'    
01/04/2018 09:39:37 | Exec sco_DiccionariodeDatos @nmtabla_param='TB_Cajas'
01/04/2018 09:39:37 |  SELECT TB_Cajas.nrCaja  FROM TB_Cajas  WHERE TB_Cajas.dsUsuario = 'CAMILAP'  and  TB_Cajas.flEstado = 0  and  TB_Cajas.tpEstadoAprobacion IS NULL  and  TB_Cajas.nrcaja > 0    
01/04/2018 09:39:39 |  SELECT TB_Cajas.nrCaja ,TB_Cajas.vlTotalSaldoFinal ,TB_Cajas.nrPuesto ,TB_Cajas.dsUsuario ,TB_Cajas.vlSaldoInicialPesos ,TB_Cajas.dtApertura ,TB_Cajas.dtCierre ,TB_Cajas.vlDiaDolar ,TB_Cajas.vlDiaEuro ,TB_Cajas.vlSaldoInicialEuros ,TB_Cajas.vlSaldoInicialDolares ,TB_Cajas.vlSaldoFinalRealPesos ,TB_Cajas.vlTotalSaldoInicial ,TB_Cajas.dtObservacion ,TB_Cajas.vlCierrePesos ,TB_Cajas.vlSaldoFinalRealDolares ,TB_Cajas.vlSaldoFinalRealEuros ,TB_Cajas.vlTotalSaldoFinalReal ,TB_Cajas.vlCierreDolares ,TB_Cajas.vlCierreEuros ,TB_Cajas.dsObservacion ,TB_Cajas.vlDiaReal ,TB_Cajas.flEstado  FROM TB_Cajas  WHERE TB_Cajas.nrCaja = 9000003773    
01/04/2018 09:39:39 | Exec sco_DiccionariodeDatos @nmtabla_param='SP_SumaCajaADM_v2_9'
01/04/2018 09:39:39 | Exec SP_SumaCajaADM_v2_9 @nrCaja_param = 9000003773 ,@tpCaja_param = 'CA' ,@tpCajaImputacion_param = null 
01/04/2018 09:39:39 |  UPDATE TB_Cajas SET TB_Cajas.vlSaldoFinalRealPesos  = 155.08 ,TB_Cajas.vlSaldoFinalRealEuros  = 0.00 ,TB_Cajas.vlSaldoFinalRealDolares  = 0.00 ,TB_Cajas.vlCierrePesos  = 155.08 ,TB_Cajas.vlCierreDolares  = 0 ,TB_Cajas.vlCierreEuros  = 0   WHERE TB_Cajas.nrCaja = 9000003773  
01/04/2018 09:39:40 |  UPDATE TB_Cajas SET TB_Cajas.nrCaja  = 9000003773 ,TB_Cajas.vlTotalSaldoFinal  = 155.08 ,TB_Cajas.nrPuesto  = 9 ,TB_Cajas.dsUsuario  = 'CAMILAP' ,TB_Cajas.vlSaldoInicialPesos  = 0.00 ,TB_Cajas.dtApertura  = '19/08/2015 11:17:24' ,TB_Cajas.dtCierre  = null ,TB_Cajas.vlDiaDolar  = 9.10 ,TB_Cajas.vlDiaEuro  = 10.00 ,TB_Cajas.vlSaldoInicialEuros  = 0.00 ,TB_Cajas.vlSaldoInicialDolares  = 0.00 ,TB_Cajas.vlSaldoFinalRealPesos  = 155.08 ,TB_Cajas.vlTotalSaldoInicial  = 0.00 ,TB_Cajas.dtObservacion  = '01/04/2018 09:39:40' ,TB_Cajas.vlCierrePesos  = 155.08 ,TB_Cajas.vlSaldoFinalRealDolares  = 0.00 ,TB_Cajas.vlSaldoFinalRealEuros  = 0.00 ,TB_Cajas.vlTotalSaldoFinalReal  = 155.08 ,TB_Cajas.vlCierreDolares  = 0 ,TB_Cajas.vlCierreEuros  = 0 ,TB_Cajas.dsObservacion  = null ,TB_Cajas.vlDiaReal  = 3.21 ,TB_Cajas.flCajaAdm  = 1   WHERE TB_Cajas.nrCaja = 9000003773  
01/04/2018 09:39:40 | Exec sco_DiccionariodeDatos @nmtabla_param='VW_UltimaCajaAdm'
01/04/2018 09:39:40 |  SELECT VW_UltimaCajaAdm.nrCaja ,VW_UltimaCajaAdm.vlSaldoFinalRealPesos ,VW_UltimaCajaAdm.vlSaldoFinalRealEuros ,VW_UltimaCajaAdm.vlSaldoFinalRealDolares  FROM VW_UltimaCajaAdm   
01/04/2018 09:39:40 |  SELECT TB_Cajas.nrCaja  FROM TB_Cajas  WHERE TB_Cajas.nrCaja = 9000003773  AND  TB_Cajas.flEstado = 0    
01/04/2018 09:39:40 | Exec sco_DiccionariodeDatos @nmtabla_param='sco_cajapuesto_v3_9'
01/04/2018 09:39:40 | Exec sco_cajapuesto_v3_9 @nrCaja_param = 9000003772 
01/04/2018 09:39:40 | Exec sco_cajapuesto_v3_9 @nrCaja_param = 9000003773 
01/04/2018 09:39:40 | Exec sco_DiccionariodeDatos @nmtabla_param='spu_esdifporCotizacionImputadas_v3_9'
01/04/2018 09:39:40 | Exec spu_esdifporCotizacionImputadas_v3_9 @nrCajaAdmActual = 9000003773 
01/04/2018 09:39:41 | Exec sco_validarVencimientosCAI_v4_1
01/04/2018 09:39:42 | Exec sco_DiccionariodeDatos @nmtabla_param='sco_AccesosOpcionesMenu'
01/04/2018 09:39:42 | Exec sco_AccesosOpcionesMenu @p_tpNivelAcceso = 'Administración' ,@p_operaconcaja = 1 
01/04/2018 09:39:42 | Exec sco_AccesosOpcionesMenu @p_tpNivelAcceso = 'Administración' ,@p_operaconcaja = 1 
01/04/2018 09:41:38 | Exec sco_DiccionariodeDatos @nmtabla_param='VW_CajadeADMAbierta'
01/04/2018 09:41:38 |  SELECT VW_CajadeADMAbierta.nrCaja ,VW_CajadeADMAbierta.vlSaldoFinalRealPesos ,VW_CajadeADMAbierta.vlSaldoFinalRealEuros ,VW_CajadeADMAbierta.vlSaldoFinalRealDolares ,VW_CajadeADMAbierta.dsUsuario  FROM VW_CajadeADMAbierta   
01/04/2018 09:41:38 | Inicializando Servicio SGLibrary.LoaderForms
01/04/2018 09:41:38 | Inicializando Servicio SGLibrary.LoaderForms OK 
01/04/2018 09:41:38 | Antes de  UsuarioActivo objUsuario.dsUsuario 
01/04/2018 09:41:38 | Antes de  CajaActiva objCajas.nrCaja 
01/04/2018 09:41:38 | Antes de  AmbienteActivo objConfig.dsDSN 
01/04/2018 09:41:45 | Exec sco_DiccionariodeDatos @nmtabla_param='TB_Puestos'
01/04/2018 09:41:45 |  SELECT TB_Puestos.nrPuesto ,TB_Puestos.dsPuesto  FROM TB_Puestos   
01/04/2018 09:41:45 |  SELECT TB_Puestos.nrPuesto ,TB_Puestos.dsPuesto  FROM TB_Puestos  WHERE TB_Puestos.nrPuesto = 9    
01/04/2018 09:41:48 | Exec  sco_TB_Productos_v4_1 
01/04/2018 09:41:48 | Exec sco_DiccionariodeDatos @nmtabla_param='TB_Usuarios'
01/04/2018 09:41:51 |  SELECT TB_Usuarios.dsUsuario ,TB_Usuarios.dspassword ,TB_Usuarios.tpAcceso ,TB_Usuarios.nmNombre ,TB_Usuarios.nmApellido ,TB_Usuarios.flBloqueado ,TB_Usuarios.tpNivelJerarquico  FROM TB_Usuarios  WHERE TB_Usuarios.dsUsuario = 'CAMILAP'  AND  TB_Usuarios.flEliminar = 0    
01/04/2018 09:41:51 |  SELECT TB_Usuarios.dsUsuario ,TB_Usuarios.dspassword ,TB_Usuarios.tpAcceso ,TB_Usuarios.nmNombre ,TB_Usuarios.nmApellido ,TB_Usuarios.flBloqueado ,TB_Usuarios.tpNivelJerarquico  FROM TB_Usuarios  WHERE TB_Usuarios.dsUsuario = 'CAMILAP'  AND  TB_Usuarios.flEliminar = 0    
01/04/2018 09:41:51 | Exec sco_DiccionariodeDatos @nmtabla_param='sp_obtenerCajasPendientesdeAprobacion_v2_5'
01/04/2018 09:41:51 | Exec sp_obtenerCajasPendientesdeAprobacion_v2_5 @pdsUsuario_param = 'CAMILAP' 
01/04/2018 09:41:51 | Exec sp_obtenerCajasRechazadas_v2_9 
01/04/2018 09:41:51 | Exec sco_DiccionariodeDatos @nmtabla_param='TB_Parametros'
01/04/2018 09:41:51 |  SELECT TB_Parametros.vlParametro  FROM TB_Parametros  WHERE TB_Parametros.dsParametro = 'VALOR EURO'    
01/04/2018 09:41:51 |  SELECT TB_Parametros.vlParametro  FROM TB_Parametros  WHERE TB_Parametros.dsParametro = 'VALOR DOLAR'    
01/04/2018 09:41:51 | Exec SP_ValorPromoRetorno
01/04/2018 09:41:51 | Exec sco_DiccionariodeDatos @nmtabla_param='TB_Comisiones'
01/04/2018 09:41:51 |  SELECT TB_Comisiones.vlMontoMinimo  FROM TB_Comisiones  WHERE TB_Comisiones.tpComision = 'Retorno'  AND  TB_Comisiones.flEliminar = 0    
01/04/2018 09:41:51 |  SELECT TB_Parametros.vlParametro  FROM TB_Parametros  WHERE TB_Parametros.dsParametro = 'VALOR REAL'    
01/04/2018 09:41:51 | Exec sco_DiccionariodeDatos @nmtabla_param='TB_Cajas'
01/04/2018 09:41:52 |  SELECT TB_Cajas.nrCaja  FROM TB_Cajas  WHERE TB_Cajas.dsUsuario = 'CAMILAP'  and  TB_Cajas.flEstado = 0  and  TB_Cajas.tpEstadoAprobacion IS NULL  and  TB_Cajas.nrcaja > 0    
01/04/2018 09:41:53 |  SELECT TB_Cajas.nrCaja ,TB_Cajas.vlTotalSaldoFinal ,TB_Cajas.nrPuesto ,TB_Cajas.dsUsuario ,TB_Cajas.vlSaldoInicialPesos ,TB_Cajas.dtApertura ,TB_Cajas.dtCierre ,TB_Cajas.vlDiaDolar ,TB_Cajas.vlDiaEuro ,TB_Cajas.vlSaldoInicialEuros ,TB_Cajas.vlSaldoInicialDolares ,TB_Cajas.vlSaldoFinalRealPesos ,TB_Cajas.vlTotalSaldoInicial ,TB_Cajas.dtObservacion ,TB_Cajas.vlCierrePesos ,TB_Cajas.vlSaldoFinalRealDolares ,TB_Cajas.vlSaldoFinalRealEuros ,TB_Cajas.vlTotalSaldoFinalReal ,TB_Cajas.vlCierreDolares ,TB_Cajas.vlCierreEuros ,TB_Cajas.dsObservacion ,TB_Cajas.vlDiaReal ,TB_Cajas.flEstado  FROM TB_Cajas  WHERE TB_Cajas.nrCaja = 9000003773    
01/04/2018 09:41:53 | Exec sco_DiccionariodeDatos @nmtabla_param='SP_SumaCajaADM_v2_9'
01/04/2018 09:41:53 | Exec SP_SumaCajaADM_v2_9 @nrCaja_param = 9000003773 ,@tpCaja_param = 'CA' ,@tpCajaImputacion_param = null 
01/04/2018 09:41:53 |  UPDATE TB_Cajas SET TB_Cajas.vlSaldoFinalRealPesos  = 155.08 ,TB_Cajas.vlSaldoFinalRealEuros  = 0.00 ,TB_Cajas.vlSaldoFinalRealDolares  = 0.00 ,TB_Cajas.vlCierrePesos  = 155.08 ,TB_Cajas.vlCierreDolares  = 0 ,TB_Cajas.vlCierreEuros  = 0   WHERE TB_Cajas.nrCaja = 9000003773  
01/04/2018 09:41:54 |  UPDATE TB_Cajas SET TB_Cajas.nrCaja  = 9000003773 ,TB_Cajas.vlTotalSaldoFinal  = 155.08 ,TB_Cajas.nrPuesto  = 9 ,TB_Cajas.dsUsuario  = 'CAMILAP' ,TB_Cajas.vlSaldoInicialPesos  = 0.00 ,TB_Cajas.dtApertura  = '19/08/2015 11:17:24' ,TB_Cajas.dtCierre  = null ,TB_Cajas.vlDiaDolar  = 9.10 ,TB_Cajas.vlDiaEuro  = 10.00 ,TB_Cajas.vlSaldoInicialEuros  = 0.00 ,TB_Cajas.vlSaldoInicialDolares  = 0.00 ,TB_Cajas.vlSaldoFinalRealPesos  = 155.08 ,TB_Cajas.vlTotalSaldoInicial  = 0.00 ,TB_Cajas.dtObservacion  = '01/04/2018 09:41:54' ,TB_Cajas.vlCierrePesos  = 155.08 ,TB_Cajas.vlSaldoFinalRealDolares  = 0.00 ,TB_Cajas.vlSaldoFinalRealEuros  = 0.00 ,TB_Cajas.vlTotalSaldoFinalReal  = 155.08 ,TB_Cajas.vlCierreDolares  = 0 ,TB_Cajas.vlCierreEuros  = 0 ,TB_Cajas.dsObservacion  = null ,TB_Cajas.vlDiaReal  = 3.21 ,TB_Cajas.flCajaAdm  = 1   WHERE TB_Cajas.nrCaja = 9000003773  
01/04/2018 09:41:55 | Exec sco_DiccionariodeDatos @nmtabla_param='VW_UltimaCajaAdm'
01/04/2018 09:41:55 |  SELECT VW_UltimaCajaAdm.nrCaja ,VW_UltimaCajaAdm.vlSaldoFinalRealPesos ,VW_UltimaCajaAdm.vlSaldoFinalRealEuros ,VW_UltimaCajaAdm.vlSaldoFinalRealDolares  FROM VW_UltimaCajaAdm   
01/04/2018 09:41:55 |  SELECT TB_Cajas.nrCaja  FROM TB_Cajas  WHERE TB_Cajas.nrCaja = 9000003773  AND  TB_Cajas.flEstado = 0    
01/04/2018 09:41:55 | Exec sco_DiccionariodeDatos @nmtabla_param='sco_cajapuesto_v3_9'
01/04/2018 09:41:55 | Exec sco_cajapuesto_v3_9 @nrCaja_param = 9000003772 
01/04/2018 09:41:55 | Exec sco_cajapuesto_v3_9 @nrCaja_param = 9000003773 
01/04/2018 09:41:55 | Exec sco_DiccionariodeDatos @nmtabla_param='spu_esdifporCotizacionImputadas_v3_9'
01/04/2018 09:41:55 | Exec spu_esdifporCotizacionImputadas_v3_9 @nrCajaAdmActual = 9000003773 
01/04/2018 09:41:55 | Exec sco_validarVencimientosCAI_v4_1
01/04/2018 09:41:56 | Exec sco_DiccionariodeDatos @nmtabla_param='sco_AccesosOpcionesMenu'
01/04/2018 09:41:56 | Exec sco_AccesosOpcionesMenu @p_tpNivelAcceso = 'Administración' ,@p_operaconcaja = 1 
01/04/2018 09:41:56 | Exec sco_AccesosOpcionesMenu @p_tpNivelAcceso = 'Administración' ,@p_operaconcaja = 1 
01/04/2018 09:59:22 | Exec sco_DiccionariodeDatos @nmtabla_param='TB_Puestos'
01/04/2018 09:59:22 |  SELECT TB_Puestos.nrPuesto ,TB_Puestos.dsPuesto  FROM TB_Puestos   
01/04/2018 09:59:22 |  SELECT TB_Puestos.nrPuesto ,TB_Puestos.dsPuesto  FROM TB_Puestos  WHERE TB_Puestos.nrPuesto = 9    
01/04/2018 09:59:25 | Exec  sco_TB_Productos_v4_1 
01/04/2018 09:59:25 | Exec sco_DiccionariodeDatos @nmtabla_param='TB_Usuarios'
01/04/2018 09:59:28 |  SELECT TB_Usuarios.dsUsuario ,TB_Usuarios.dspassword ,TB_Usuarios.tpAcceso ,TB_Usuarios.nmNombre ,TB_Usuarios.nmApellido ,TB_Usuarios.flBloqueado ,TB_Usuarios.tpNivelJerarquico  FROM TB_Usuarios  WHERE TB_Usuarios.dsUsuario = 'CAMILAP'  AND  TB_Usuarios.flEliminar = 0    
01/04/2018 09:59:28 |  SELECT TB_Usuarios.dsUsuario ,TB_Usuarios.dspassword ,TB_Usuarios.tpAcceso ,TB_Usuarios.nmNombre ,TB_Usuarios.nmApellido ,TB_Usuarios.flBloqueado ,TB_Usuarios.tpNivelJerarquico  FROM TB_Usuarios  WHERE TB_Usuarios.dsUsuario = 'CAMILAP'  AND  TB_Usuarios.flEliminar = 0    
01/04/2018 09:59:28 | Exec sco_DiccionariodeDatos @nmtabla_param='sp_obtenerCajasPendientesdeAprobacion_v2_5'
01/04/2018 09:59:28 | Exec sp_obtenerCajasPendientesdeAprobacion_v2_5 @pdsUsuario_param = 'CAMILAP' 
01/04/2018 09:59:28 | Exec sp_obtenerCajasRechazadas_v2_9 
01/04/2018 09:59:28 | Exec sco_DiccionariodeDatos @nmtabla_param='TB_Parametros'
01/04/2018 09:59:28 |  SELECT TB_Parametros.vlParametro  FROM TB_Parametros  WHERE TB_Parametros.dsParametro = 'VALOR EURO'    
01/04/2018 09:59:28 |  SELECT TB_Parametros.vlParametro  FROM TB_Parametros  WHERE TB_Parametros.dsParametro = 'VALOR DOLAR'    
01/04/2018 09:59:28 | Exec SP_ValorPromoRetorno
01/04/2018 09:59:28 | Exec sco_DiccionariodeDatos @nmtabla_param='TB_Comisiones'
01/04/2018 09:59:28 |  SELECT TB_Comisiones.vlMontoMinimo  FROM TB_Comisiones  WHERE TB_Comisiones.tpComision = 'Retorno'  AND  TB_Comisiones.flEliminar = 0    
01/04/2018 09:59:28 |  SELECT TB_Parametros.vlParametro  FROM TB_Parametros  WHERE TB_Parametros.dsParametro = 'VALOR REAL'    
01/04/2018 09:59:28 | Exec sco_DiccionariodeDatos @nmtabla_param='TB_Cajas'
01/04/2018 09:59:28 |  SELECT TB_Cajas.nrCaja  FROM TB_Cajas  WHERE TB_Cajas.dsUsuario = 'CAMILAP'  and  TB_Cajas.flEstado = 0  and  TB_Cajas.tpEstadoAprobacion IS NULL  and  TB_Cajas.nrcaja > 0    
01/04/2018 09:59:30 |  SELECT TB_Cajas.nrCaja ,TB_Cajas.vlTotalSaldoFinal ,TB_Cajas.nrPuesto ,TB_Cajas.dsUsuario ,TB_Cajas.vlSaldoInicialPesos ,TB_Cajas.dtApertura ,TB_Cajas.dtCierre ,TB_Cajas.vlDiaDolar ,TB_Cajas.vlDiaEuro ,TB_Cajas.vlSaldoInicialEuros ,TB_Cajas.vlSaldoInicialDolares ,TB_Cajas.vlSaldoFinalRealPesos ,TB_Cajas.vlTotalSaldoInicial ,TB_Cajas.dtObservacion ,TB_Cajas.vlCierrePesos ,TB_Cajas.vlSaldoFinalRealDolares ,TB_Cajas.vlSaldoFinalRealEuros ,TB_Cajas.vlTotalSaldoFinalReal ,TB_Cajas.vlCierreDolares ,TB_Cajas.vlCierreEuros ,TB_Cajas.dsObservacion ,TB_Cajas.vlDiaReal ,TB_Cajas.flEstado  FROM TB_Cajas  WHERE TB_Cajas.nrCaja = 9000003773    
01/04/2018 09:59:30 | Exec sco_DiccionariodeDatos @nmtabla_param='SP_SumaCajaADM_v2_9'
01/04/2018 09:59:30 | Exec SP_SumaCajaADM_v2_9 @nrCaja_param = 9000003773 ,@tpCaja_param = 'CA' ,@tpCajaImputacion_param = null 
01/04/2018 09:59:30 |  UPDATE TB_Cajas SET TB_Cajas.vlSaldoFinalRealPesos  = 155.08 ,TB_Cajas.vlSaldoFinalRealEuros  = 0.00 ,TB_Cajas.vlSaldoFinalRealDolares  = 0.00 ,TB_Cajas.vlCierrePesos  = 155.08 ,TB_Cajas.vlCierreDolares  = 0 ,TB_Cajas.vlCierreEuros  = 0   WHERE TB_Cajas.nrCaja = 9000003773  
01/04/2018 09:59:32 |  UPDATE TB_Cajas SET TB_Cajas.nrCaja  = 9000003773 ,TB_Cajas.vlTotalSaldoFinal  = 155.08 ,TB_Cajas.nrPuesto  = 9 ,TB_Cajas.dsUsuario  = 'CAMILAP' ,TB_Cajas.vlSaldoInicialPesos  = 0.00 ,TB_Cajas.dtApertura  = '19/08/2015 11:17:24' ,TB_Cajas.dtCierre  = null ,TB_Cajas.vlDiaDolar  = 9.10 ,TB_Cajas.vlDiaEuro  = 10.00 ,TB_Cajas.vlSaldoInicialEuros  = 0.00 ,TB_Cajas.vlSaldoInicialDolares  = 0.00 ,TB_Cajas.vlSaldoFinalRealPesos  = 155.08 ,TB_Cajas.vlTotalSaldoInicial  = 0.00 ,TB_Cajas.dtObservacion  = '01/04/2018 09:59:32' ,TB_Cajas.vlCierrePesos  = 155.08 ,TB_Cajas.vlSaldoFinalRealDolares  = 0.00 ,TB_Cajas.vlSaldoFinalRealEuros  = 0.00 ,TB_Cajas.vlTotalSaldoFinalReal  = 155.08 ,TB_Cajas.vlCierreDolares  = 0 ,TB_Cajas.vlCierreEuros  = 0 ,TB_Cajas.dsObservacion  = null ,TB_Cajas.vlDiaReal  = 3.21 ,TB_Cajas.flCajaAdm  = 1   WHERE TB_Cajas.nrCaja = 9000003773  
01/04/2018 09:59:32 | Exec sco_DiccionariodeDatos @nmtabla_param='VW_UltimaCajaAdm'
01/04/2018 09:59:32 |  SELECT VW_UltimaCajaAdm.nrCaja ,VW_UltimaCajaAdm.vlSaldoFinalRealPesos ,VW_UltimaCajaAdm.vlSaldoFinalRealEuros ,VW_UltimaCajaAdm.vlSaldoFinalRealDolares  FROM VW_UltimaCajaAdm   
01/04/2018 09:59:32 |  SELECT TB_Cajas.nrCaja  FROM TB_Cajas  WHERE TB_Cajas.nrCaja = 9000003773  AND  TB_Cajas.flEstado = 0    
01/04/2018 09:59:32 | Exec sco_DiccionariodeDatos @nmtabla_param='sco_cajapuesto_v3_9'
01/04/2018 09:59:32 | Exec sco_cajapuesto_v3_9 @nrCaja_param = 9000003772 
01/04/2018 09:59:32 | Exec sco_cajapuesto_v3_9 @nrCaja_param = 9000003773 
01/04/2018 09:59:32 | Exec sco_DiccionariodeDatos @nmtabla_param='spu_esdifporCotizacionImputadas_v3_9'
01/04/2018 09:59:32 | Exec spu_esdifporCotizacionImputadas_v3_9 @nrCajaAdmActual = 9000003773 
01/04/2018 09:59:32 | Exec sco_validarVencimientosCAI_v4_1
01/04/2018 09:59:34 | Exec sco_DiccionariodeDatos @nmtabla_param='sco_AccesosOpcionesMenu'
01/04/2018 09:59:34 | Exec sco_AccesosOpcionesMenu @p_tpNivelAcceso = 'Administración' ,@p_operaconcaja = 1 
01/04/2018 09:59:34 | Exec sco_AccesosOpcionesMenu @p_tpNivelAcceso = 'Administración' ,@p_operaconcaja = 1 
01/04/2018 09:59:36 | Exec sco_DiccionariodeDatos @nmtabla_param='VW_CajadeADMAbierta'
01/04/2018 09:59:36 |  SELECT VW_CajadeADMAbierta.nrCaja ,VW_CajadeADMAbierta.vlSaldoFinalRealPesos ,VW_CajadeADMAbierta.vlSaldoFinalRealEuros ,VW_CajadeADMAbierta.vlSaldoFinalRealDolares ,VW_CajadeADMAbierta.dsUsuario  FROM VW_CajadeADMAbierta   
01/04/2018 09:59:36 | Inicializando Servicio SGLibrary.LoaderForms
01/04/2018 09:59:36 | Inicializando Servicio SGLibrary.LoaderForms OK 
01/04/2018 09:59:36 | Antes de  UsuarioActivo objUsuario.dsUsuario 
01/04/2018 09:59:36 | Antes de  CajaActiva objCajas.nrCaja 
01/04/2018 09:59:36 | Antes de  AmbienteActivo objConfig.dsDSN 
01/04/2018 10:05:58 | Exec sco_DiccionariodeDatos @nmtabla_param='TB_Puestos'
01/04/2018 10:05:58 |  SELECT TB_Puestos.nrPuesto ,TB_Puestos.dsPuesto  FROM TB_Puestos   
01/04/2018 10:05:58 |  SELECT TB_Puestos.nrPuesto ,TB_Puestos.dsPuesto  FROM TB_Puestos  WHERE TB_Puestos.nrPuesto = 9    
01/04/2018 10:06:01 | Exec  sco_TB_Productos_v4_1 
01/04/2018 10:06:01 | Exec sco_DiccionariodeDatos @nmtabla_param='TB_Usuarios'
01/04/2018 10:06:04 |  SELECT TB_Usuarios.dsUsuario ,TB_Usuarios.dspassword ,TB_Usuarios.tpAcceso ,TB_Usuarios.nmNombre ,TB_Usuarios.nmApellido ,TB_Usuarios.flBloqueado ,TB_Usuarios.tpNivelJerarquico  FROM TB_Usuarios  WHERE TB_Usuarios.dsUsuario = 'CAMILAP'  AND  TB_Usuarios.flEliminar = 0    
01/04/2018 10:06:04 |  SELECT TB_Usuarios.dsUsuario ,TB_Usuarios.dspassword ,TB_Usuarios.tpAcceso ,TB_Usuarios.nmNombre ,TB_Usuarios.nmApellido ,TB_Usuarios.flBloqueado ,TB_Usuarios.tpNivelJerarquico  FROM TB_Usuarios  WHERE TB_Usuarios.dsUsuario = 'CAMILAP'  AND  TB_Usuarios.flEliminar = 0    
01/04/2018 10:06:04 | Exec sco_DiccionariodeDatos @nmtabla_param='sp_obtenerCajasPendientesdeAprobacion_v2_5'
01/04/2018 10:06:04 | Exec sp_obtenerCajasPendientesdeAprobacion_v2_5 @pdsUsuario_param = 'CAMILAP' 
01/04/2018 10:06:04 | Exec sp_obtenerCajasRechazadas_v2_9 
01/04/2018 10:06:04 | Exec sco_DiccionariodeDatos @nmtabla_param='TB_Parametros'
01/04/2018 10:06:04 |  SELECT TB_Parametros.vlParametro  FROM TB_Parametros  WHERE TB_Parametros.dsParametro = 'VALOR EURO'    
01/04/2018 10:06:04 |  SELECT TB_Parametros.vlParametro  FROM TB_Parametros  WHERE TB_Parametros.dsParametro = 'VALOR DOLAR'    
01/04/2018 10:06:04 | Exec SP_ValorPromoRetorno
01/04/2018 10:06:04 | Exec sco_DiccionariodeDatos @nmtabla_param='TB_Comisiones'
01/04/2018 10:06:04 |  SELECT TB_Comisiones.vlMontoMinimo  FROM TB_Comisiones  WHERE TB_Comisiones.tpComision = 'Retorno'  AND  TB_Comisiones.flEliminar = 0    
01/04/2018 10:06:04 |  SELECT TB_Parametros.vlParametro  FROM TB_Parametros  WHERE TB_Parametros.dsParametro = 'VALOR REAL'    
01/04/2018 10:06:04 | Exec sco_DiccionariodeDatos @nmtabla_param='TB_Cajas'
01/04/2018 10:06:04 |  SELECT TB_Cajas.nrCaja  FROM TB_Cajas  WHERE TB_Cajas.dsUsuario = 'CAMILAP'  and  TB_Cajas.flEstado = 0  and  TB_Cajas.tpEstadoAprobacion IS NULL  and  TB_Cajas.nrcaja > 0    
01/04/2018 10:06:06 |  SELECT TB_Cajas.nrCaja ,TB_Cajas.vlTotalSaldoFinal ,TB_Cajas.nrPuesto ,TB_Cajas.dsUsuario ,TB_Cajas.vlSaldoInicialPesos ,TB_Cajas.dtApertura ,TB_Cajas.dtCierre ,TB_Cajas.vlDiaDolar ,TB_Cajas.vlDiaEuro ,TB_Cajas.vlSaldoInicialEuros ,TB_Cajas.vlSaldoInicialDolares ,TB_Cajas.vlSaldoFinalRealPesos ,TB_Cajas.vlTotalSaldoInicial ,TB_Cajas.dtObservacion ,TB_Cajas.vlCierrePesos ,TB_Cajas.vlSaldoFinalRealDolares ,TB_Cajas.vlSaldoFinalRealEuros ,TB_Cajas.vlTotalSaldoFinalReal ,TB_Cajas.vlCierreDolares ,TB_Cajas.vlCierreEuros ,TB_Cajas.dsObservacion ,TB_Cajas.vlDiaReal ,TB_Cajas.flEstado  FROM TB_Cajas  WHERE TB_Cajas.nrCaja = 9000003774    
01/04/2018 10:06:06 | Exec sco_DiccionariodeDatos @nmtabla_param='SP_SumaCajaADM_v2_9'
01/04/2018 10:06:06 | Exec SP_SumaCajaADM_v2_9 @nrCaja_param = 9000003774 ,@tpCaja_param = 'CA' ,@tpCajaImputacion_param = null 
01/04/2018 10:06:06 |  UPDATE TB_Cajas SET TB_Cajas.vlSaldoFinalRealPesos  = 3887.00 ,TB_Cajas.vlSaldoFinalRealEuros  = 0.00 ,TB_Cajas.vlSaldoFinalRealDolares  = 0.00 ,TB_Cajas.vlCierrePesos  = 5928 ,TB_Cajas.vlCierreDolares  = 0 ,TB_Cajas.vlCierreEuros  = 0   WHERE TB_Cajas.nrCaja = 9000003774  
01/04/2018 10:06:07 |  UPDATE TB_Cajas SET TB_Cajas.nrCaja  = 9000003774 ,TB_Cajas.vlTotalSaldoFinal  = 5928.00 ,TB_Cajas.nrPuesto  = 9 ,TB_Cajas.dsUsuario  = 'CAMILAP' ,TB_Cajas.vlSaldoInicialPesos  = -2041.00 ,TB_Cajas.dtApertura  = '08/12/2017 12:23:10' ,TB_Cajas.dtCierre  = null ,TB_Cajas.vlDiaDolar  = 9.10 ,TB_Cajas.vlDiaEuro  = 10.00 ,TB_Cajas.vlSaldoInicialEuros  = 0.00 ,TB_Cajas.vlSaldoInicialDolares  = 0.00 ,TB_Cajas.vlSaldoFinalRealPesos  = 3887.00 ,TB_Cajas.vlTotalSaldoInicial  = -2041.00 ,TB_Cajas.dtObservacion  = '01/04/2018 10:06:07' ,TB_Cajas.vlCierrePesos  = 5928 ,TB_Cajas.vlSaldoFinalRealDolares  = 0.00 ,TB_Cajas.vlSaldoFinalRealEuros  = 0.00 ,TB_Cajas.vlTotalSaldoFinalReal  = 3887.00 ,TB_Cajas.vlCierreDolares  = 0 ,TB_Cajas.vlCierreEuros  = 0 ,TB_Cajas.dsObservacion  = null ,TB_Cajas.vlDiaReal  = 3.21 ,TB_Cajas.flCajaAdm  = 1   WHERE TB_Cajas.nrCaja = 9000003774  
01/04/2018 10:06:07 | Exec sco_DiccionariodeDatos @nmtabla_param='VW_UltimaCajaAdm'
01/04/2018 10:06:07 |  SELECT VW_UltimaCajaAdm.nrCaja ,VW_UltimaCajaAdm.vlSaldoFinalRealPesos ,VW_UltimaCajaAdm.vlSaldoFinalRealEuros ,VW_UltimaCajaAdm.vlSaldoFinalRealDolares  FROM VW_UltimaCajaAdm   
01/04/2018 10:06:08 |  SELECT TB_Cajas.nrCaja  FROM TB_Cajas  WHERE TB_Cajas.nrCaja = 9000003774  AND  TB_Cajas.flEstado = 0    
01/04/2018 10:06:08 | Exec sco_DiccionariodeDatos @nmtabla_param='sco_cajapuesto_v3_9'
01/04/2018 10:06:08 | Exec sco_cajapuesto_v3_9 @nrCaja_param = 9000003773 
01/04/2018 10:06:08 | Exec sco_cajapuesto_v3_9 @nrCaja_param = 9000003774 
01/04/2018 10:06:08 | Exec sco_DiccionariodeDatos @nmtabla_param='spu_esdifporCotizacionImputadas_v3_9'
01/04/2018 10:06:08 | Exec spu_esdifporCotizacionImputadas_v3_9 @nrCajaAdmActual = 9000003774 
01/04/2018 10:06:08 | Exec sco_validarVencimientosCAI_v4_1
01/04/2018 10:06:08 | Exec sco_DiccionariodeDatos @nmtabla_param='sco_AccesosOpcionesMenu'
01/04/2018 10:06:08 | Exec sco_AccesosOpcionesMenu @p_tpNivelAcceso = 'Administración' ,@p_operaconcaja = 1 
01/04/2018 10:06:08 | Exec sco_AccesosOpcionesMenu @p_tpNivelAcceso = 'Administración' ,@p_operaconcaja = 1 
01/04/2018 10:06:10 | Exec sco_DiccionariodeDatos @nmtabla_param='VW_CajadeADMAbierta'
01/04/2018 10:06:10 |  SELECT VW_CajadeADMAbierta.nrCaja ,VW_CajadeADMAbierta.vlSaldoFinalRealPesos ,VW_CajadeADMAbierta.vlSaldoFinalRealEuros ,VW_CajadeADMAbierta.vlSaldoFinalRealDolares ,VW_CajadeADMAbierta.dsUsuario  FROM VW_CajadeADMAbierta   
01/04/2018 10:06:10 | Inicializando Servicio SGLibrary.LoaderForms
01/04/2018 10:06:10 | Inicializando Servicio SGLibrary.LoaderForms OK 
01/04/2018 10:06:10 | Antes de  UsuarioActivo objUsuario.dsUsuario 
01/04/2018 10:06:10 | Antes de  CajaActiva objCajas.nrCaja 
01/04/2018 10:06:11 | Antes de  AmbienteActivo objConfig.dsDSN 
01/04/2018 10:06:29 | optPresentacionesCAIAFIP_Click - Inicializando Servicio SGLibrary.LoaderForms
01/04/2018 10:06:29 | optPresentacionesCAIAFIP_Click - Inicializando Servicio SGLibrary.LoaderForms OK 
01/04/2018 10:06:29 | optPresentacionesCAIAFIP_Click - Antes de  UsuarioActivo objUsuario.dsUsuario 
01/04/2018 10:06:29 | optPresentacionesCAIAFIP_Click- Antes de  CajaActiva objCajas.nrCaja 
01/04/2018 10:06:29 | optPresentacionesCAIAFIP_Click - Antes de  CajaActiva objCajas.nrCaja 
01/04/2018 10:06:31 | Exec sco_DiccionariodeDatos @nmtabla_param='SP_ActualizarComprobante_v4_9_7'
01/04/2018 10:06:33 | Exec sco_AccesosOpcionesMenu @p_tpNivelAcceso = 'Administración' ,@p_operaconcaja = 1 
01/04/2018 10:06:36 | Exec sco_DiccionariodeDatos @nmtabla_param='TB_NivelAcceso'
01/04/2018 10:06:38 |  SELECT TB_NivelAcceso.tpNivelAcceso  FROM TB_NivelAcceso  WHERE  tpNivelAcceso Like ('%%%')   Order by TB_NivelAcceso.tpNivelAcceso ASC 
01/04/2018 10:06:40 |  SELECT TB_NivelAcceso.tpNivelAcceso  FROM TB_NivelAcceso  WHERE TB_NivelAcceso.tpNivelAcceso = 'Administración'    
01/04/2018 10:06:40 | Exec sco_AccesosOpcionesMenu @p_tpNivelAcceso = 'Administración' 
01/04/2018 10:06:47 |  UPDATE TB_NivelAcceso SET TB_NivelAcceso.tpNivelAcceso  = 'Administración'   WHERE TB_NivelAcceso.tpNivelAcceso = 'Administración'  
01/04/2018 10:06:47 | Exec sco_DiccionariodeDatos @nmtabla_param='TB_NivelAccesoOpcionesMenu'
01/04/2018 10:06:47 |  UPDATE TB_NivelAccesoOpcionesMenu SET TB_NivelAccesoOpcionesMenu.flAcceso  = -1   WHERE TB_NivelAccesoOpcionesMenu.tpNivelAcceso = 'Administración'  AND  TB_NivelAccesoOpcionesMenu.idOpcionMenu = 1  
01/04/2018 10:06:47 |  UPDATE TB_NivelAccesoOpcionesMenu SET TB_NivelAccesoOpcionesMenu.flAcceso  = -1   WHERE TB_NivelAccesoOpcionesMenu.tpNivelAcceso = 'Administración'  AND  TB_NivelAccesoOpcionesMenu.idOpcionMenu = 2  
01/04/2018 10:06:47 |  UPDATE TB_NivelAccesoOpcionesMenu SET TB_NivelAccesoOpcionesMenu.flAcceso  = -1   WHERE TB_NivelAccesoOpcionesMenu.tpNivelAcceso = 'Administración'  AND  TB_NivelAccesoOpcionesMenu.idOpcionMenu = 3  
01/04/2018 10:06:47 |  UPDATE TB_NivelAccesoOpcionesMenu SET TB_NivelAccesoOpcionesMenu.flAcceso  = -1   WHERE TB_NivelAccesoOpcionesMenu.tpNivelAcceso = 'Administración'  AND  TB_NivelAccesoOpcionesMenu.idOpcionMenu = 4  
01/04/2018 10:06:47 |  UPDATE TB_NivelAccesoOpcionesMenu SET TB_NivelAccesoOpcionesMenu.flAcceso  = -1   WHERE TB_NivelAccesoOpcionesMenu.tpNivelAcceso = 'Administración'  AND  TB_NivelAccesoOpcionesMenu.idOpcionMenu = 5  
01/04/2018 10:06:47 |  UPDATE TB_NivelAccesoOpcionesMenu SET TB_NivelAccesoOpcionesMenu.flAcceso  = -1   WHERE TB_NivelAccesoOpcionesMenu.tpNivelAcceso = 'Administración'  AND  TB_NivelAccesoOpcionesMenu.idOpcionMenu = 49  
01/04/2018 10:06:47 |  UPDATE TB_NivelAccesoOpcionesMenu SET TB_NivelAccesoOpcionesMenu.flAcceso  = -1   WHERE TB_NivelAccesoOpcionesMenu.tpNivelAcceso = 'Administración'  AND  TB_NivelAccesoOpcionesMenu.idOpcionMenu = 6  
01/04/2018 10:06:47 |  UPDATE TB_NivelAccesoOpcionesMenu SET TB_NivelAccesoOpcionesMenu.flAcceso  = -1   WHERE TB_NivelAccesoOpcionesMenu.tpNivelAcceso = 'Administración'  AND  TB_NivelAccesoOpcionesMenu.idOpcionMenu = 7  
01/04/2018 10:06:47 |  UPDATE TB_NivelAccesoOpcionesMenu SET TB_NivelAccesoOpcionesMenu.flAcceso  = -1   WHERE TB_NivelAccesoOpcionesMenu.tpNivelAcceso = 'Administración'  AND  TB_NivelAccesoOpcionesMenu.idOpcionMenu = 60  
01/04/2018 10:06:47 |  UPDATE TB_NivelAccesoOpcionesMenu SET TB_NivelAccesoOpcionesMenu.flAcceso  = -1   WHERE TB_NivelAccesoOpcionesMenu.tpNivelAcceso = 'Administración'  AND  TB_NivelAccesoOpcionesMenu.idOpcionMenu = 62  
01/04/2018 10:06:47 |  UPDATE TB_NivelAccesoOpcionesMenu SET TB_NivelAccesoOpcionesMenu.flAcceso  = -1   WHERE TB_NivelAccesoOpcionesMenu.tpNivelAcceso = 'Administración'  AND  TB_NivelAccesoOpcionesMenu.idOpcionMenu = 63  
01/04/2018 10:06:47 |  UPDATE TB_NivelAccesoOpcionesMenu SET TB_NivelAccesoOpcionesMenu.flAcceso  = -1   WHERE TB_NivelAccesoOpcionesMenu.tpNivelAcceso = 'Administración'  AND  TB_NivelAccesoOpcionesMenu.idOpcionMenu = 61  
01/04/2018 10:06:47 |  UPDATE TB_NivelAccesoOpcionesMenu SET TB_NivelAccesoOpcionesMenu.flAcceso  = -1   WHERE TB_NivelAccesoOpcionesMenu.tpNivelAcceso = 'Administración'  AND  TB_NivelAccesoOpcionesMenu.idOpcionMenu = 64  
01/04/2018 10:06:47 |  UPDATE TB_NivelAccesoOpcionesMenu SET TB_NivelAccesoOpcionesMenu.flAcceso  = -1   WHERE TB_NivelAccesoOpcionesMenu.tpNivelAcceso = 'Administración'  AND  TB_NivelAccesoOpcionesMenu.idOpcionMenu = 8  
01/04/2018 10:06:47 |  UPDATE TB_NivelAccesoOpcionesMenu SET TB_NivelAccesoOpcionesMenu.flAcceso  = -1   WHERE TB_NivelAccesoOpcionesMenu.tpNivelAcceso = 'Administración'  AND  TB_NivelAccesoOpcionesMenu.idOpcionMenu = 9  
01/04/2018 10:06:47 |  UPDATE TB_NivelAccesoOpcionesMenu SET TB_NivelAccesoOpcionesMenu.flAcceso  = 0   WHERE TB_NivelAccesoOpcionesMenu.tpNivelAcceso = 'Administración'  AND  TB_NivelAccesoOpcionesMenu.idOpcionMenu = 200  
01/04/2018 10:06:47 |  UPDATE TB_NivelAccesoOpcionesMenu SET TB_NivelAccesoOpcionesMenu.flAcceso  = -1   WHERE TB_NivelAccesoOpcionesMenu.tpNivelAcceso = 'Administración'  AND  TB_NivelAccesoOpcionesMenu.idOpcionMenu = 201  
01/04/2018 10:06:47 |  UPDATE TB_NivelAccesoOpcionesMenu SET TB_NivelAccesoOpcionesMenu.flAcceso  = 0   WHERE TB_NivelAccesoOpcionesMenu.tpNivelAcceso = 'Administración'  AND  TB_NivelAccesoOpcionesMenu.idOpcionMenu = 10  
01/04/2018 10:06:47 |  UPDATE TB_NivelAccesoOpcionesMenu SET TB_NivelAccesoOpcionesMenu.flAcceso  = 0   WHERE TB_NivelAccesoOpcionesMenu.tpNivelAcceso = 'Administración'  AND  TB_NivelAccesoOpcionesMenu.idOpcionMenu = 11  
01/04/2018 10:06:47 |  UPDATE TB_NivelAccesoOpcionesMenu SET TB_NivelAccesoOpcionesMenu.flAcceso  = -1   WHERE TB_NivelAccesoOpcionesMenu.tpNivelAcceso = 'Administración'  AND  TB_NivelAccesoOpcionesMenu.idOpcionMenu = 12  
01/04/2018 10:06:47 |  UPDATE TB_NivelAccesoOpcionesMenu SET TB_NivelAccesoOpcionesMenu.flAcceso  = -1   WHERE TB_NivelAccesoOpcionesMenu.tpNivelAcceso = 'Administración'  AND  TB_NivelAccesoOpcionesMenu.idOpcionMenu = 13  
01/04/2018 10:06:47 |  UPDATE TB_NivelAccesoOpcionesMenu SET TB_NivelAccesoOpcionesMenu.flAcceso  = -1   WHERE TB_NivelAccesoOpcionesMenu.tpNivelAcceso = 'Administración'  AND  TB_NivelAccesoOpcionesMenu.idOpcionMenu = 14  
01/04/2018 10:06:47 |  UPDATE TB_NivelAccesoOpcionesMenu SET TB_NivelAccesoOpcionesMenu.flAcceso  = -1   WHERE TB_NivelAccesoOpcionesMenu.tpNivelAcceso = 'Administración'  AND  TB_NivelAccesoOpcionesMenu.idOpcionMenu = 15  
01/04/2018 10:06:47 |  UPDATE TB_NivelAccesoOpcionesMenu SET TB_NivelAccesoOpcionesMenu.flAcceso  = -1   WHERE TB_NivelAccesoOpcionesMenu.tpNivelAcceso = 'Administración'  AND  TB_NivelAccesoOpcionesMenu.idOpcionMenu = 16  
01/04/2018 10:06:47 |  UPDATE TB_NivelAccesoOpcionesMenu SET TB_NivelAccesoOpcionesMenu.flAcceso  = -1   WHERE TB_NivelAccesoOpcionesMenu.tpNivelAcceso = 'Administración'  AND  TB_NivelAccesoOpcionesMenu.idOpcionMenu = 17  
01/04/2018 10:06:47 |  UPDATE TB_NivelAccesoOpcionesMenu SET TB_NivelAccesoOpcionesMenu.flAcceso  = -1   WHERE TB_NivelAccesoOpcionesMenu.tpNivelAcceso = 'Administración'  AND  TB_NivelAccesoOpcionesMenu.idOpcionMenu = 50  
01/04/2018 10:06:47 |  UPDATE TB_NivelAccesoOpcionesMenu SET TB_NivelAccesoOpcionesMenu.flAcceso  = -1   WHERE TB_NivelAccesoOpcionesMenu.tpNivelAcceso = 'Administración'  AND  TB_NivelAccesoOpcionesMenu.idOpcionMenu = 18  
01/04/2018 10:06:47 |  UPDATE TB_NivelAccesoOpcionesMenu SET TB_NivelAccesoOpcionesMenu.flAcceso  = -1   WHERE TB_NivelAccesoOpcionesMenu.tpNivelAcceso = 'Administración'  AND  TB_NivelAccesoOpcionesMenu.idOpcionMenu = 19  
01/04/2018 10:06:47 |  UPDATE TB_NivelAccesoOpcionesMenu SET TB_NivelAccesoOpcionesMenu.flAcceso  = -1   WHERE TB_NivelAccesoOpcionesMenu.tpNivelAcceso = 'Administración'  AND  TB_NivelAccesoOpcionesMenu.idOpcionMenu = 21  
01/04/2018 10:06:47 |  UPDATE TB_NivelAccesoOpcionesMenu SET TB_NivelAccesoOpcionesMenu.flAcceso  = -1   WHERE TB_NivelAccesoOpcionesMenu.tpNivelAcceso = 'Administración'  AND  TB_NivelAccesoOpcionesMenu.idOpcionMenu = 217  
01/04/2018 10:06:47 |  UPDATE TB_NivelAccesoOpcionesMenu SET TB_NivelAccesoOpcionesMenu.flAcceso  = -1   WHERE TB_NivelAccesoOpcionesMenu.tpNivelAcceso = 'Administración'  AND  TB_NivelAccesoOpcionesMenu.idOpcionMenu = 218  
01/04/2018 10:06:47 |  UPDATE TB_NivelAccesoOpcionesMenu SET TB_NivelAccesoOpcionesMenu.flAcceso  = -1   WHERE TB_NivelAccesoOpcionesMenu.tpNivelAcceso = 'Administración'  AND  TB_NivelAccesoOpcionesMenu.idOpcionMenu = 23  
01/04/2018 10:06:47 |  UPDATE TB_NivelAccesoOpcionesMenu SET TB_NivelAccesoOpcionesMenu.flAcceso  = -1   WHERE TB_NivelAccesoOpcionesMenu.tpNivelAcceso = 'Administración'  AND  TB_NivelAccesoOpcionesMenu.idOpcionMenu = 24  
01/04/2018 10:06:47 |  UPDATE TB_NivelAccesoOpcionesMenu SET TB_NivelAccesoOpcionesMenu.flAcceso  = -1   WHERE TB_NivelAccesoOpcionesMenu.tpNivelAcceso = 'Administración'  AND  TB_NivelAccesoOpcionesMenu.idOpcionMenu = 25  
01/04/2018 10:06:47 |  UPDATE TB_NivelAccesoOpcionesMenu SET TB_NivelAccesoOpcionesMenu.flAcceso  = -1   WHERE TB_NivelAccesoOpcionesMenu.tpNivelAcceso = 'Administración'  AND  TB_NivelAccesoOpcionesMenu.idOpcionMenu = 26  
01/04/2018 10:06:47 |  UPDATE TB_NivelAccesoOpcionesMenu SET TB_NivelAccesoOpcionesMenu.flAcceso  = -1   WHERE TB_NivelAccesoOpcionesMenu.tpNivelAcceso = 'Administración'  AND  TB_NivelAccesoOpcionesMenu.idOpcionMenu = 27  
01/04/2018 10:06:47 |  UPDATE TB_NivelAccesoOpcionesMenu SET TB_NivelAccesoOpcionesMenu.flAcceso  = -1   WHERE TB_NivelAccesoOpcionesMenu.tpNivelAcceso = 'Administración'  AND  TB_NivelAccesoOpcionesMenu.idOpcionMenu = 29  
01/04/2018 10:06:47 |  UPDATE TB_NivelAccesoOpcionesMenu SET TB_NivelAccesoOpcionesMenu.flAcceso  = -1   WHERE TB_NivelAccesoOpcionesMenu.tpNivelAcceso = 'Administración'  AND  TB_NivelAccesoOpcionesMenu.idOpcionMenu = 30  
01/04/2018 10:06:47 |  UPDATE TB_NivelAccesoOpcionesMenu SET TB_NivelAccesoOpcionesMenu.flAcceso  = -1   WHERE TB_NivelAccesoOpcionesMenu.tpNivelAcceso = 'Administración'  AND  TB_NivelAccesoOpcionesMenu.idOpcionMenu = 35  
01/04/2018 10:06:47 |  UPDATE TB_NivelAccesoOpcionesMenu SET TB_NivelAccesoOpcionesMenu.flAcceso  = -1   WHERE TB_NivelAccesoOpcionesMenu.tpNivelAcceso = 'Administración'  AND  TB_NivelAccesoOpcionesMenu.idOpcionMenu = 37  
01/04/2018 10:06:47 |  UPDATE TB_NivelAccesoOpcionesMenu SET TB_NivelAccesoOpcionesMenu.flAcceso  = -1   WHERE TB_NivelAccesoOpcionesMenu.tpNivelAcceso = 'Administración'  AND  TB_NivelAccesoOpcionesMenu.idOpcionMenu = 40  
01/04/2018 10:06:47 |  UPDATE TB_NivelAccesoOpcionesMenu SET TB_NivelAccesoOpcionesMenu.flAcceso  = -1   WHERE TB_NivelAccesoOpcionesMenu.tpNivelAcceso = 'Administración'  AND  TB_NivelAccesoOpcionesMenu.idOpcionMenu = 68  
01/04/2018 10:06:47 |  UPDATE TB_NivelAccesoOpcionesMenu SET TB_NivelAccesoOpcionesMenu.flAcceso  = -1   WHERE TB_NivelAccesoOpcionesMenu.tpNivelAcceso = 'Administración'  AND  TB_NivelAccesoOpcionesMenu.idOpcionMenu = 41  
01/04/2018 10:06:47 |  UPDATE TB_NivelAccesoOpcionesMenu SET TB_NivelAccesoOpcionesMenu.flAcceso  = -1   WHERE TB_NivelAccesoOpcionesMenu.tpNivelAcceso = 'Administración'  AND  TB_NivelAccesoOpcionesMenu.idOpcionMenu = 44  
01/04/2018 10:06:47 |  UPDATE TB_NivelAccesoOpcionesMenu SET TB_NivelAccesoOpcionesMenu.flAcceso  = -1   WHERE TB_NivelAccesoOpcionesMenu.tpNivelAcceso = 'Administración'  AND  TB_NivelAccesoOpcionesMenu.idOpcionMenu = 45  
01/04/2018 10:06:47 |  UPDATE TB_NivelAccesoOpcionesMenu SET TB_NivelAccesoOpcionesMenu.flAcceso  = -1   WHERE TB_NivelAccesoOpcionesMenu.tpNivelAcceso = 'Administración'  AND  TB_NivelAccesoOpcionesMenu.idOpcionMenu = 65  
01/04/2018 10:06:47 |  UPDATE TB_NivelAccesoOpcionesMenu SET TB_NivelAccesoOpcionesMenu.flAcceso  = -1   WHERE TB_NivelAccesoOpcionesMenu.tpNivelAcceso = 'Administración'  AND  TB_NivelAccesoOpcionesMenu.idOpcionMenu = 46  
01/04/2018 10:06:47 |  UPDATE TB_NivelAccesoOpcionesMenu SET TB_NivelAccesoOpcionesMenu.flAcceso  = -1   WHERE TB_NivelAccesoOpcionesMenu.tpNivelAcceso = 'Administración'  AND  TB_NivelAccesoOpcionesMenu.idOpcionMenu = 47  
01/04/2018 10:06:47 |  UPDATE TB_NivelAccesoOpcionesMenu SET TB_NivelAccesoOpcionesMenu.flAcceso  = -1   WHERE TB_NivelAccesoOpcionesMenu.tpNivelAcceso = 'Administración'  AND  TB_NivelAccesoOpcionesMenu.idOpcionMenu = 48  
01/04/2018 10:06:47 |  UPDATE TB_NivelAccesoOpcionesMenu SET TB_NivelAccesoOpcionesMenu.flAcceso  = -1   WHERE TB_NivelAccesoOpcionesMenu.tpNivelAcceso = 'Administración'  AND  TB_NivelAccesoOpcionesMenu.idOpcionMenu = 212  
01/04/2018 10:06:47 |  UPDATE TB_NivelAccesoOpcionesMenu SET TB_NivelAccesoOpcionesMenu.flAcceso  = -1   WHERE TB_NivelAccesoOpcionesMenu.tpNivelAcceso = 'Administración'  AND  TB_NivelAccesoOpcionesMenu.idOpcionMenu = 221  
01/04/2018 10:06:47 |  UPDATE TB_NivelAccesoOpcionesMenu SET TB_NivelAccesoOpcionesMenu.flAcceso  = -1   WHERE TB_NivelAccesoOpcionesMenu.tpNivelAcceso = 'Administración'  AND  TB_NivelAccesoOpcionesMenu.idOpcionMenu = 219  
01/04/2018 10:06:47 |  UPDATE TB_NivelAccesoOpcionesMenu SET TB_NivelAccesoOpcionesMenu.flAcceso  = -1   WHERE TB_NivelAccesoOpcionesMenu.tpNivelAcceso = 'Administración'  AND  TB_NivelAccesoOpcionesMenu.idOpcionMenu = 220  
01/04/2018 10:06:47 |  UPDATE TB_NivelAccesoOpcionesMenu SET TB_NivelAccesoOpcionesMenu.flAcceso  = -1   WHERE TB_NivelAccesoOpcionesMenu.tpNivelAcceso = 'Administración'  AND  TB_NivelAccesoOpcionesMenu.idOpcionMenu = 222  
01/04/2018 10:06:47 |  UPDATE TB_NivelAccesoOpcionesMenu SET TB_NivelAccesoOpcionesMenu.flAcceso  = -1   WHERE TB_NivelAccesoOpcionesMenu.tpNivelAcceso = 'Administración'  AND  TB_NivelAccesoOpcionesMenu.idOpcionMenu = 223  
01/04/2018 10:06:47 |  UPDATE TB_NivelAccesoOpcionesMenu SET TB_NivelAccesoOpcionesMenu.flAcceso  = -1   WHERE TB_NivelAccesoOpcionesMenu.tpNivelAcceso = 'Administración'  AND  TB_NivelAccesoOpcionesMenu.idOpcionMenu = 224  
01/04/2018 10:06:47 |  UPDATE TB_NivelAccesoOpcionesMenu SET TB_NivelAccesoOpcionesMenu.flAcceso  = -1   WHERE TB_NivelAccesoOpcionesMenu.tpNivelAcceso = 'Administración'  AND  TB_NivelAccesoOpcionesMenu.idOpcionMenu = 225  
01/04/2018 10:06:49 | Exec sco_AccesosOpcionesMenu @p_tpNivelAcceso = 'Administración' ,@p_operaconcaja = 1 
01/04/2018 10:06:53 | Exec sco_DiccionariodeDatos @nmtabla_param='TB_Proveedores'
01/04/2018 10:06:53 |  SELECT TB_Proveedores.nrLicencia ,TB_Proveedores.nmApellido ,TB_Proveedores.nmNombre ,TB_Proveedores.nrSocio ,TB_Proveedores.nrCUIT ,TB_Proveedores.dsRazonSocial ,TB_Proveedores.flBloqueado ,TB_Proveedores.cdProveedor ,TB_Proveedores.flcongas ,TB_Proveedores.tpmodeloauto ,TB_Proveedores.nrCUIT ,TB_Proveedores.dsDomicilio ,TB_Proveedores.nmLocalidad ,TB_Proveedores.nrTel ,TB_Proveedores.nrFax ,TB_Proveedores.cdPostal  FROM TB_Proveedores  WHERE TB_Proveedores.flEliminar = 0  AND  TB_Proveedores.flBloqueado = 0    
01/04/2018 10:06:53 |  SELECT TB_Proveedores.nrLicencia ,TB_Proveedores.nmApellido ,TB_Proveedores.nmNombre ,TB_Proveedores.nrSocio ,TB_Proveedores.nrCUIT ,TB_Proveedores.dsRazonSocial ,TB_Proveedores.flBloqueado ,TB_Proveedores.cdProveedor ,TB_Proveedores.flcongas ,TB_Proveedores.tpmodeloauto ,TB_Proveedores.nrCUIT ,TB_Proveedores.dsDomicilio ,TB_Proveedores.nmLocalidad ,TB_Proveedores.nrTel ,TB_Proveedores.nrFax ,TB_Proveedores.cdPostal  FROM TB_Proveedores  WHERE TB_Proveedores.flEliminar = 0  AND  TB_Proveedores.flBloqueado = 1    
01/04/2018 10:06:57 |  SELECT TB_Proveedores.nrLicencia ,TB_Proveedores.nmApellido ,TB_Proveedores.nmNombre ,TB_Proveedores.nrSocio ,TB_Proveedores.nrCUIT ,TB_Proveedores.dsRazonSocial ,TB_Proveedores.flBloqueado ,TB_Proveedores.cdProveedor ,TB_Proveedores.flcongas ,TB_Proveedores.tpmodeloauto ,TB_Proveedores.nrCUIT ,TB_Proveedores.dsDomicilio ,TB_Proveedores.nmLocalidad ,TB_Proveedores.nrTel ,TB_Proveedores.nrFax ,TB_Proveedores.cdPostal  FROM TB_Proveedores  WHERE TB_Proveedores.flEliminar = 0  AND   nmApellido Like ('%10%') AND TB_Proveedores.flBloqueado = 0     Order by TB_Proveedores.nmApellido ASC 
01/04/2018 10:06:57 |  SELECT TB_Proveedores.nrLicencia ,TB_Proveedores.nmApellido ,TB_Proveedores.nmNombre ,TB_Proveedores.nrSocio ,TB_Proveedores.nrCUIT ,TB_Proveedores.dsRazonSocial ,TB_Proveedores.flBloqueado ,TB_Proveedores.cdProveedor ,TB_Proveedores.flcongas ,TB_Proveedores.tpmodeloauto ,TB_Proveedores.nrCUIT ,TB_Proveedores.dsDomicilio ,TB_Proveedores.nmLocalidad ,TB_Proveedores.nrTel ,TB_Proveedores.nrFax ,TB_Proveedores.cdPostal  FROM TB_Proveedores  WHERE TB_Proveedores.flEliminar = 0  AND   nmApellido Like ('%10%') AND TB_Proveedores.flBloqueado = 1     Order by TB_Proveedores.nmApellido ASC 
01/04/2018 10:07:05 |  SELECT TB_Proveedores.nrLicencia ,TB_Proveedores.nmApellido ,TB_Proveedores.nmNombre ,TB_Proveedores.nrSocio ,TB_Proveedores.nrCUIT ,TB_Proveedores.dsRazonSocial ,TB_Proveedores.flBloqueado ,TB_Proveedores.cdProveedor ,TB_Proveedores.flcongas ,TB_Proveedores.tpmodeloauto ,TB_Proveedores.nrCUIT ,TB_Proveedores.dsDomicilio ,TB_Proveedores.nmLocalidad ,TB_Proveedores.nrTel ,TB_Proveedores.nrFax ,TB_Proveedores.cdPostal  FROM TB_Proveedores  WHERE TB_Proveedores.flEliminar = 0  AND   nmApellido Like ('%ROY%') AND TB_Proveedores.flBloqueado = 0     Order by TB_Proveedores.nmApellido ASC 
01/04/2018 10:07:05 |  SELECT TB_Proveedores.nrLicencia ,TB_Proveedores.nmApellido ,TB_Proveedores.nmNombre ,TB_Proveedores.nrSocio ,TB_Proveedores.nrCUIT ,TB_Proveedores.dsRazonSocial ,TB_Proveedores.flBloqueado ,TB_Proveedores.cdProveedor ,TB_Proveedores.flcongas ,TB_Proveedores.tpmodeloauto ,TB_Proveedores.nrCUIT ,TB_Proveedores.dsDomicilio ,TB_Proveedores.nmLocalidad ,TB_Proveedores.nrTel ,TB_Proveedores.nrFax ,TB_Proveedores.cdPostal  FROM TB_Proveedores  WHERE TB_Proveedores.flEliminar = 0  AND   nmApellido Like ('%ROY%') AND TB_Proveedores.flBloqueado = 1     Order by TB_Proveedores.nmApellido ASC 
01/04/2018 10:07:08 |  SELECT TB_Proveedores.nrLicencia ,TB_Proveedores.nmApellido ,TB_Proveedores.nmNombre ,TB_Proveedores.nrSocio ,TB_Proveedores.nrCUIT ,TB_Proveedores.dsRazonSocial ,TB_Proveedores.flBloqueado ,TB_Proveedores.cdProveedor ,TB_Proveedores.flcongas ,TB_Proveedores.tpmodeloauto ,TB_Proveedores.nrCUIT ,TB_Proveedores.dsDomicilio ,TB_Proveedores.nmLocalidad ,TB_Proveedores.nrTel ,TB_Proveedores.nrFax ,TB_Proveedores.cdPostal  FROM TB_Proveedores  WHERE TB_Proveedores.flEliminar = 0  AND  TB_Proveedores.flBloqueado = 0    
01/04/2018 10:07:08 |  SELECT TB_Proveedores.nrLicencia ,TB_Proveedores.nmApellido ,TB_Proveedores.nmNombre ,TB_Proveedores.nrSocio ,TB_Proveedores.nrCUIT ,TB_Proveedores.dsRazonSocial ,TB_Proveedores.flBloqueado ,TB_Proveedores.cdProveedor ,TB_Proveedores.flcongas ,TB_Proveedores.tpmodeloauto ,TB_Proveedores.nrCUIT ,TB_Proveedores.dsDomicilio ,TB_Proveedores.nmLocalidad ,TB_Proveedores.nrTel ,TB_Proveedores.nrFax ,TB_Proveedores.cdPostal  FROM TB_Proveedores  WHERE TB_Proveedores.flEliminar = 0  AND  TB_Proveedores.flBloqueado = 1    
01/04/2018 10:07:17 |  SELECT TB_Proveedores.nrLicencia ,TB_Proveedores.nmApellido ,TB_Proveedores.nmNombre ,TB_Proveedores.nrSocio ,TB_Proveedores.nrCUIT ,TB_Proveedores.dsRazonSocial ,TB_Proveedores.flBloqueado ,TB_Proveedores.cdProveedor ,TB_Proveedores.flcongas ,TB_Proveedores.tpmodeloauto ,TB_Proveedores.nrCUIT ,TB_Proveedores.dsDomicilio ,TB_Proveedores.nmLocalidad ,TB_Proveedores.nrTel ,TB_Proveedores.nrFax ,TB_Proveedores.cdPostal  FROM TB_Proveedores  WHERE TB_Proveedores.flEliminar = 0  AND   nrLicencia Like ('%10%') AND TB_Proveedores.flBloqueado = 0     Order by TB_Proveedores.nrLicencia ASC 
01/04/2018 10:07:17 |  SELECT TB_Proveedores.nrLicencia ,TB_Proveedores.nmApellido ,TB_Proveedores.nmNombre ,TB_Proveedores.nrSocio ,TB_Proveedores.nrCUIT ,TB_Proveedores.dsRazonSocial ,TB_Proveedores.flBloqueado ,TB_Proveedores.cdProveedor ,TB_Proveedores.flcongas ,TB_Proveedores.tpmodeloauto ,TB_Proveedores.nrCUIT ,TB_Proveedores.dsDomicilio ,TB_Proveedores.nmLocalidad ,TB_Proveedores.nrTel ,TB_Proveedores.nrFax ,TB_Proveedores.cdPostal  FROM TB_Proveedores  WHERE TB_Proveedores.flEliminar = 0  AND   nrLicencia Like ('%10%') AND TB_Proveedores.flBloqueado = 1     Order by TB_Proveedores.nrLicencia ASC 
01/04/2018 10:07:21 |  SELECT TB_Proveedores.nrSocio ,TB_Proveedores.tpCategoria ,TB_Proveedores.nmNombre ,TB_Proveedores.nmApellido ,TB_Proveedores.cdProveedor ,TB_Proveedores.dsRazonSocial ,TB_Proveedores.flGPS ,TB_Proveedores.flcongas ,TB_Proveedores.tpmodeloauto ,TB_Proveedores.telchofer3 ,TB_Proveedores.telchofer2 ,TB_Proveedores.telchofer1 ,TB_Proveedores.chofer3 ,TB_Proveedores.chofer2 ,TB_Proveedores.chofer1 ,TB_Proveedores.dtFinOrdenanza ,TB_Proveedores.dtBaja ,TB_Proveedores.dtAlta ,TB_Proveedores.flBloqueado ,TB_Proveedores.nrCUIT ,TB_Proveedores.nrFax ,TB_Proveedores.nrTel ,TB_Proveedores.vlOrdenanza3337 ,TB_Proveedores.dsEmail ,TB_Proveedores.dsCargo ,TB_Proveedores.nmLocalidad ,TB_Proveedores.cdPostal ,TB_Proveedores.dsDomicilio ,TB_Proveedores.tpEstado ,TB_Proveedores.tpIIBB ,TB_Proveedores.nrIIBB ,TB_Proveedores.tpIVA ,TB_Proveedores.nrLicencia  FROM TB_Proveedores  WHERE TB_Proveedores.cdProveedor = 296  AND  TB_Proveedores.flEliminar = 0    
01/04/2018 10:07:23 |  SELECT TB_Proveedores.nrSocio ,TB_Proveedores.tpCategoria ,TB_Proveedores.nmNombre ,TB_Proveedores.nmApellido ,TB_Proveedores.cdProveedor ,TB_Proveedores.dsRazonSocial ,TB_Proveedores.flGPS ,TB_Proveedores.flcongas ,TB_Proveedores.tpmodeloauto ,TB_Proveedores.telchofer3 ,TB_Proveedores.telchofer2 ,TB_Proveedores.telchofer1 ,TB_Proveedores.chofer3 ,TB_Proveedores.chofer2 ,TB_Proveedores.chofer1 ,TB_Proveedores.dtFinOrdenanza ,TB_Proveedores.dtBaja ,TB_Proveedores.dtAlta ,TB_Proveedores.flBloqueado ,TB_Proveedores.nrCUIT ,TB_Proveedores.nrFax ,TB_Proveedores.nrTel ,TB_Proveedores.vlOrdenanza3337 ,TB_Proveedores.dsEmail ,TB_Proveedores.dsCargo ,TB_Proveedores.nmLocalidad ,TB_Proveedores.cdPostal ,TB_Proveedores.dsDomicilio ,TB_Proveedores.tpEstado ,TB_Proveedores.tpIIBB ,TB_Proveedores.nrIIBB ,TB_Proveedores.tpIVA ,TB_Proveedores.nrLicencia  FROM TB_Proveedores  WHERE TB_Proveedores.cdProveedor = 218  AND  TB_Proveedores.flEliminar = 0    
01/04/2018 10:07:32 | SET DATEFORMAT dmy
01/04/2018 10:07:32 | select getdate() AS FECHA
01/04/2018 10:07:32 |  UPDATE TB_Proveedores SET TB_Proveedores.nrSocio  = '119' ,TB_Proveedores.tpCategoria  = 'Licenciatario' ,TB_Proveedores.nmNombre  = 'IRMA' ,TB_Proveedores.nmApellido  = 'MARTINEZ (PRUEBA)' ,TB_Proveedores.cdProveedor  = 218 ,TB_Proveedores.dsRazonSocial  = null ,TB_Proveedores.flGPS  = 1 ,TB_Proveedores.flcongas  = 0 ,TB_Proveedores.tpmodeloauto  = 'SURAN' ,TB_Proveedores.telchofer3  = null ,TB_Proveedores.telchofer2  = '#010' ,TB_Proveedores.telchofer1  = null ,TB_Proveedores.chofer3  = null ,TB_Proveedores.chofer2  = 'SERGIO' ,TB_Proveedores.chofer1  = null ,TB_Proveedores.dtFinOrdenanza  = null ,TB_Proveedores.dtBaja  = '29/05/2006' ,TB_Proveedores.dtAlta  = '29/05/2006' ,TB_Proveedores.flBloqueado  = 0 ,TB_Proveedores.nrCUIT  = '27-11409725-5' ,TB_Proveedores.nrFax  = '4232-8944' ,TB_Proveedores.nrTel  = '15-5703-1145' ,TB_Proveedores.vlOrdenanza3337  = 0.00 ,TB_Proveedores.dsEmail  = 'GAROBBIO@YAHOO.COM.AR' ,TB_Proveedores.dsCargo  = null ,TB_Proveedores.nmLocalidad  = 'EZEIZA' ,TB_Proveedores.cdPostal  = '1804' ,TB_Proveedores.dsDomicilio  = 'EMILIO MITRE 795' ,TB_Proveedores.tpEstado  = null ,TB_Proveedores.tpIIBB  = null ,TB_Proveedores.nrIIBB  = null ,TB_Proveedores.tpIVA  = null ,TB_Proveedores.nrLicencia  = 10 ,TB_Proveedores.dtActualizacion  = '01/04/2018 10:07:32'   WHERE TB_Proveedores.cdProveedor = 218  
01/04/2018 10:07:35 |  SELECT TB_Proveedores.nrSocio ,TB_Proveedores.tpCategoria ,TB_Proveedores.nmNombre ,TB_Proveedores.nmApellido ,TB_Proveedores.cdProveedor ,TB_Proveedores.dsRazonSocial ,TB_Proveedores.flGPS ,TB_Proveedores.flcongas ,TB_Proveedores.tpmodeloauto ,TB_Proveedores.telchofer3 ,TB_Proveedores.telchofer2 ,TB_Proveedores.telchofer1 ,TB_Proveedores.chofer3 ,TB_Proveedores.chofer2 ,TB_Proveedores.chofer1 ,TB_Proveedores.dtFinOrdenanza ,TB_Proveedores.dtBaja ,TB_Proveedores.dtAlta ,TB_Proveedores.flBloqueado ,TB_Proveedores.nrCUIT ,TB_Proveedores.nrFax ,TB_Proveedores.nrTel ,TB_Proveedores.vlOrdenanza3337 ,TB_Proveedores.dsEmail ,TB_Proveedores.dsCargo ,TB_Proveedores.nmLocalidad ,TB_Proveedores.cdPostal ,TB_Proveedores.dsDomicilio ,TB_Proveedores.tpEstado ,TB_Proveedores.tpIIBB ,TB_Proveedores.nrIIBB ,TB_Proveedores.tpIVA ,TB_Proveedores.nrLicencia  FROM TB_Proveedores  WHERE TB_Proveedores.cdProveedor = 218  AND  TB_Proveedores.flEliminar = 0    
01/04/2018 10:07:39 |  SELECT TB_Proveedores.nrLicencia ,TB_Proveedores.nmApellido ,TB_Proveedores.nmNombre ,TB_Proveedores.nrSocio ,TB_Proveedores.nrCUIT ,TB_Proveedores.dsRazonSocial ,TB_Proveedores.flBloqueado ,TB_Proveedores.cdProveedor ,TB_Proveedores.flcongas ,TB_Proveedores.tpmodeloauto ,TB_Proveedores.nrCUIT ,TB_Proveedores.dsDomicilio ,TB_Proveedores.nmLocalidad ,TB_Proveedores.nrTel ,TB_Proveedores.nrFax ,TB_Proveedores.cdPostal  FROM TB_Proveedores  WHERE TB_Proveedores.flEliminar = 0  AND   nrLicencia Like ('%124%') AND TB_Proveedores.flBloqueado = 0     Order by TB_Proveedores.nrLicencia ASC 
01/04/2018 10:07:39 |  SELECT TB_Proveedores.nrLicencia ,TB_Proveedores.nmApellido ,TB_Proveedores.nmNombre ,TB_Proveedores.nrSocio ,TB_Proveedores.nrCUIT ,TB_Proveedores.dsRazonSocial ,TB_Proveedores.flBloqueado ,TB_Proveedores.cdProveedor ,TB_Proveedores.flcongas ,TB_Proveedores.tpmodeloauto ,TB_Proveedores.nrCUIT ,TB_Proveedores.dsDomicilio ,TB_Proveedores.nmLocalidad ,TB_Proveedores.nrTel ,TB_Proveedores.nrFax ,TB_Proveedores.cdPostal  FROM TB_Proveedores  WHERE TB_Proveedores.flEliminar = 0  AND   nrLicencia Like ('%124%') AND TB_Proveedores.flBloqueado = 1     Order by TB_Proveedores.nrLicencia ASC 
01/04/2018 10:07:40 |  SELECT TB_Proveedores.nrSocio ,TB_Proveedores.tpCategoria ,TB_Proveedores.nmNombre ,TB_Proveedores.nmApellido ,TB_Proveedores.cdProveedor ,TB_Proveedores.dsRazonSocial ,TB_Proveedores.flGPS ,TB_Proveedores.flcongas ,TB_Proveedores.tpmodeloauto ,TB_Proveedores.telchofer3 ,TB_Proveedores.telchofer2 ,TB_Proveedores.telchofer1 ,TB_Proveedores.chofer3 ,TB_Proveedores.chofer2 ,TB_Proveedores.chofer1 ,TB_Proveedores.dtFinOrdenanza ,TB_Proveedores.dtBaja ,TB_Proveedores.dtAlta ,TB_Proveedores.flBloqueado ,TB_Proveedores.nrCUIT ,TB_Proveedores.nrFax ,TB_Proveedores.nrTel ,TB_Proveedores.vlOrdenanza3337 ,TB_Proveedores.dsEmail ,TB_Proveedores.dsCargo ,TB_Proveedores.nmLocalidad ,TB_Proveedores.cdPostal ,TB_Proveedores.dsDomicilio ,TB_Proveedores.tpEstado ,TB_Proveedores.tpIIBB ,TB_Proveedores.nrIIBB ,TB_Proveedores.tpIVA ,TB_Proveedores.nrLicencia  FROM TB_Proveedores  WHERE TB_Proveedores.cdProveedor = 314  AND  TB_Proveedores.flEliminar = 0    
01/04/2018 10:07:48 | SET DATEFORMAT dmy
01/04/2018 10:07:48 | select getdate() AS FECHA
01/04/2018 10:07:48 |  UPDATE TB_Proveedores SET TB_Proveedores.nrSocio  = '16' ,TB_Proveedores.tpCategoria  = 'Licenciatario' ,TB_Proveedores.nmNombre  = 'PASCUAL' ,TB_Proveedores.nmApellido  = 'GILIBERTI (PRUE)' ,TB_Proveedores.cdProveedor  = 314 ,TB_Proveedores.dsRazonSocial  = null ,TB_Proveedores.flGPS  = 1 ,TB_Proveedores.flcongas  = 0 ,TB_Proveedores.tpmodeloauto  = 'SURAN' ,TB_Proveedores.telchofer3  = null ,TB_Proveedores.telchofer2  = '#124' ,TB_Proveedores.telchofer1  = '#124' ,TB_Proveedores.chofer3  = null ,TB_Proveedores.chofer2  = 'NESTOR' ,TB_Proveedores.chofer1  = 'PASCUAL GILIBERTI' ,TB_Proveedores.dtFinOrdenanza  = null ,TB_Proveedores.dtBaja  = null ,TB_Proveedores.dtAlta  = '29/05/2006' ,TB_Proveedores.flBloqueado  = 0 ,TB_Proveedores.nrCUIT  = '20-08629659-5' ,TB_Proveedores.nrFax  = '4294-7368' ,TB_Proveedores.nrTel  = '15-4090-8736' ,TB_Proveedores.vlOrdenanza3337  = 0.00 ,TB_Proveedores.dsEmail  = null ,TB_Proveedores.dsCargo  = null ,TB_Proveedores.nmLocalidad  = 'LLAVALLOL' ,TB_Proveedores.cdPostal  = '1836' ,TB_Proveedores.dsDomicilio  = 'JUAN B JUSTO 629' ,TB_Proveedores.tpEstado  = null ,TB_Proveedores.tpIIBB  = null ,TB_Proveedores.nrIIBB  = null ,TB_Proveedores.tpIVA  = null ,TB_Proveedores.nrLicencia  = 124 ,TB_Proveedores.dtActualizacion  = '01/04/2018 10:07:49'   WHERE TB_Proveedores.cdProveedor = 314  
01/04/2018 10:07:50 | Exec sco_AccesosOpcionesMenu @p_tpNivelAcceso = 'Administración' ,@p_operaconcaja = 1 
01/04/2018 10:07:52 |  SELECT VW_CajadeADMAbierta.nrCaja ,VW_CajadeADMAbierta.vlSaldoFinalRealPesos ,VW_CajadeADMAbierta.vlSaldoFinalRealEuros ,VW_CajadeADMAbierta.vlSaldoFinalRealDolares ,VW_CajadeADMAbierta.dsUsuario  FROM VW_CajadeADMAbierta   
01/04/2018 10:07:52 | Inicializando Servicio SGLibrary.LoaderForms
01/04/2018 10:07:52 | Inicializando Servicio SGLibrary.LoaderForms OK 
01/04/2018 10:07:52 | Antes de  UsuarioActivo objUsuario.dsUsuario CAMILAP
01/04/2018 10:07:52 | Antes de  CajaActiva objCajas.nrCaja 9000003774
01/04/2018 10:07:52 | Configurando el ambiente  objConfig.dsDSN SQL_Remoto_Pruebas
01/04/2018 10:07:52 | Antes de  CajaActiva objCajas.nrCaja 
