04/01/2018 14:03:39 | Exec sco_DiccionariodeDatos @nmtabla_param='TB_Puestos'
04/01/2018 14:03:39 |  SELECT TB_Puestos.nrPuesto ,TB_Puestos.dsPuesto  FROM TB_Puestos   
04/01/2018 14:03:39 |  SELECT TB_Puestos.nrPuesto ,TB_Puestos.dsPuesto  FROM TB_Puestos  WHERE TB_Puestos.nrPuesto = 9    
04/01/2018 14:03:46 | Exec  sco_TB_Productos_v4_1 
04/01/2018 14:03:46 | Exec sco_DiccionariodeDatos @nmtabla_param='TB_Usuarios'
04/01/2018 14:03:52 |  SELECT TB_Usuarios.dsUsuario ,TB_Usuarios.dspassword ,TB_Usuarios.tpAcceso ,TB_Usuarios.nmNombre ,TB_Usuarios.nmApellido ,TB_Usuarios.flBloqueado ,TB_Usuarios.tpNivelJerarquico  FROM TB_Usuarios  WHERE TB_Usuarios.dsUsuario = 'CAMILAP'  AND  TB_Usuarios.flEliminar = 0    
04/01/2018 14:03:52 |  SELECT TB_Usuarios.dsUsuario ,TB_Usuarios.dspassword ,TB_Usuarios.tpAcceso ,TB_Usuarios.nmNombre ,TB_Usuarios.nmApellido ,TB_Usuarios.flBloqueado ,TB_Usuarios.tpNivelJerarquico  FROM TB_Usuarios  WHERE TB_Usuarios.dsUsuario = 'CAMILAP'  AND  TB_Usuarios.flEliminar = 0    
04/01/2018 14:03:52 | Exec sco_DiccionariodeDatos @nmtabla_param='sp_obtenerCajasPendientesdeAprobacion_v2_5'
04/01/2018 14:03:53 | Exec sp_obtenerCajasPendientesdeAprobacion_v2_5 @pdsUsuario_param = 'CAMILAP' 
04/01/2018 14:03:53 | Exec sp_obtenerCajasRechazadas_v2_9 
04/01/2018 14:03:53 | Exec sco_DiccionariodeDatos @nmtabla_param='TB_Parametros'
04/01/2018 14:03:53 |  SELECT TB_Parametros.vlParametro  FROM TB_Parametros  WHERE TB_Parametros.dsParametro = 'VALOR EURO'    
04/01/2018 14:03:53 |  SELECT TB_Parametros.vlParametro  FROM TB_Parametros  WHERE TB_Parametros.dsParametro = 'VALOR DOLAR'    
04/01/2018 14:03:53 | Exec SP_ValorPromoRetorno
04/01/2018 14:03:53 | Exec sco_DiccionariodeDatos @nmtabla_param='TB_Comisiones'
04/01/2018 14:03:53 |  SELECT TB_Comisiones.vlMontoMinimo  FROM TB_Comisiones  WHERE TB_Comisiones.tpComision = 'Retorno'  AND  TB_Comisiones.flEliminar = 0    
04/01/2018 14:03:53 |  SELECT TB_Parametros.vlParametro  FROM TB_Parametros  WHERE TB_Parametros.dsParametro = 'VALOR REAL'    
04/01/2018 14:03:53 | Exec sco_DiccionariodeDatos @nmtabla_param='TB_Cajas'
04/01/2018 14:03:57 |  SELECT TB_Cajas.nrCaja  FROM TB_Cajas  WHERE TB_Cajas.dsUsuario = 'CAMILAP'  and  TB_Cajas.flEstado = 0  and  TB_Cajas.tpEstadoAprobacion IS NULL  and  TB_Cajas.nrcaja > 0    
04/01/2018 14:04:00 |  SELECT TB_Cajas.nrCaja ,TB_Cajas.vlTotalSaldoFinal ,TB_Cajas.nrPuesto ,TB_Cajas.dsUsuario ,TB_Cajas.vlSaldoInicialPesos ,TB_Cajas.dtApertura ,TB_Cajas.dtCierre ,TB_Cajas.vlDiaDolar ,TB_Cajas.vlDiaEuro ,TB_Cajas.vlSaldoInicialEuros ,TB_Cajas.vlSaldoInicialDolares ,TB_Cajas.vlSaldoFinalRealPesos ,TB_Cajas.vlTotalSaldoInicial ,TB_Cajas.dtObservacion ,TB_Cajas.vlCierrePesos ,TB_Cajas.vlSaldoFinalRealDolares ,TB_Cajas.vlSaldoFinalRealEuros ,TB_Cajas.vlTotalSaldoFinalReal ,TB_Cajas.vlCierreDolares ,TB_Cajas.vlCierreEuros ,TB_Cajas.dsObservacion ,TB_Cajas.vlDiaReal ,TB_Cajas.flEstado  FROM TB_Cajas  WHERE TB_Cajas.nrCaja = 9000004252    
04/01/2018 14:04:00 | Exec sco_DiccionariodeDatos @nmtabla_param='SP_SumaCajaADM_v2_9'
04/01/2018 14:04:01 | Exec SP_SumaCajaADM_v2_9 @nrCaja_param = 9000004252 ,@tpCaja_param = 'CA' ,@tpCajaImputacion_param = null 
04/01/2018 14:04:01 |  UPDATE TB_Cajas SET TB_Cajas.vlSaldoFinalRealPesos  = 1541648.00 ,TB_Cajas.vlSaldoFinalRealEuros  = 0.00 ,TB_Cajas.vlSaldoFinalRealDolares  = 0.00 ,TB_Cajas.vlCierrePesos  = 0 ,TB_Cajas.vlCierreDolares  = 0 ,TB_Cajas.vlCierreEuros  = 0   WHERE TB_Cajas.nrCaja = 9000004252  
04/01/2018 14:04:02 |  UPDATE TB_Cajas SET TB_Cajas.nrCaja  = 9000004252 ,TB_Cajas.vlTotalSaldoFinal  = 0.00 ,TB_Cajas.nrPuesto  = 9 ,TB_Cajas.dsUsuario  = 'CAMILAP' ,TB_Cajas.vlSaldoInicialPesos  = 1541648.00 ,TB_Cajas.dtApertura  = '04/04/2017 17:52:50' ,TB_Cajas.dtCierre  = null ,TB_Cajas.vlDiaDolar  = 14.60 ,TB_Cajas.vlDiaEuro  = 15.60 ,TB_Cajas.vlSaldoInicialEuros  = 0.00 ,TB_Cajas.vlSaldoInicialDolares  = 0.00 ,TB_Cajas.vlSaldoFinalRealPesos  = 1541648.00 ,TB_Cajas.vlTotalSaldoInicial  = 1541648.00 ,TB_Cajas.dtObservacion  = '04/01/2018 14:04:02' ,TB_Cajas.vlCierrePesos  = 0 ,TB_Cajas.vlSaldoFinalRealDolares  = 0.00 ,TB_Cajas.vlSaldoFinalRealEuros  = 0.00 ,TB_Cajas.vlTotalSaldoFinalReal  = 1541648.00 ,TB_Cajas.vlCierreDolares  = 0 ,TB_Cajas.vlCierreEuros  = 0 ,TB_Cajas.dsObservacion  = null ,TB_Cajas.vlDiaReal  = 4.33 ,TB_Cajas.flCajaAdm  = 1   WHERE TB_Cajas.nrCaja = 9000004252  
04/01/2018 14:04:02 | Exec sco_DiccionariodeDatos @nmtabla_param='VW_UltimaCajaAdm'
04/01/2018 14:04:02 |  SELECT VW_UltimaCajaAdm.nrCaja ,VW_UltimaCajaAdm.vlSaldoFinalRealPesos ,VW_UltimaCajaAdm.vlSaldoFinalRealEuros ,VW_UltimaCajaAdm.vlSaldoFinalRealDolares  FROM VW_UltimaCajaAdm   
04/01/2018 14:04:02 |  SELECT TB_Cajas.nrCaja  FROM TB_Cajas  WHERE TB_Cajas.nrCaja = 9000004252  AND  TB_Cajas.flEstado = 0    
04/01/2018 14:04:02 | Exec sco_DiccionariodeDatos @nmtabla_param='sco_cajapuesto_v3_9'
04/01/2018 14:04:02 | Exec sco_cajapuesto_v3_9 @nrCaja_param = 9000004251 
04/01/2018 14:04:02 | Exec sco_cajapuesto_v3_9 @nrCaja_param = 9000004252 
04/01/2018 14:04:02 | Exec sco_DiccionariodeDatos @nmtabla_param='spu_esdifporCotizacionImputadas_v3_9'
04/01/2018 14:04:03 | Exec spu_esdifporCotizacionImputadas_v3_9 @nrCajaAdmActual = 9000004252 
04/01/2018 14:04:03 | Exec sco_validarVencimientosCAI_v4_1
04/01/2018 14:04:04 | Exec sco_DiccionariodeDatos @nmtabla_param='sco_AccesosOpcionesMenu'
04/01/2018 14:04:05 | Exec sco_AccesosOpcionesMenu @p_tpNivelAcceso = 'Administración' ,@p_operaconcaja = 1 
04/01/2018 14:04:05 | Exec sco_AccesosOpcionesMenu @p_tpNivelAcceso = 'Administración' ,@p_operaconcaja = 1 
04/01/2018 14:04:06 |  SELECT TB_Puestos.nrPuesto ,TB_Puestos.dsPuesto ,TB_Puestos.dsPuesto ,TB_Puestos.nrTalonario_manual ,TB_Puestos.nrTalonario_manual ,TB_Puestos.nrTalonario_automatico ,TB_Puestos.nrTalonario_automatico ,TB_Puestos.nrComprobante_manual_ult ,TB_Puestos.nrComprobante_manual_ult ,TB_Puestos.nrComprobante_automatico_ult ,TB_Puestos.nrComprobante_automatico_ult ,TB_Puestos.tpletra ,TB_Puestos.tpletra ,TB_Puestos.flFacturaCtacte  FROM TB_Puestos  WHERE  dsPuesto Like ('%%%') AND TB_Puestos.flEliminar = 0     Order by TB_Puestos.dsPuesto ASC 
04/01/2018 14:07:49 | Exec sco_AccesosOpcionesMenu @p_tpNivelAcceso = 'Administración' ,@p_operaconcaja = 1 
