07/02/2018 11:21:41 | Exec sco_DiccionariodeDatos @nmtabla_param='TB_Puestos'
07/02/2018 11:21:41 |  SELECT TB_Puestos.nrPuesto ,TB_Puestos.dsPuesto  FROM TB_Puestos   
07/02/2018 11:21:41 |  SELECT TB_Puestos.nrPuesto ,TB_Puestos.dsPuesto  FROM TB_Puestos  WHERE TB_Puestos.nrPuesto = 9    
07/02/2018 11:21:44 | Exec  sco_TB_Productos_v4_1 
07/02/2018 11:21:44 | Exec sco_DiccionariodeDatos @nmtabla_param='TB_Usuarios'
07/02/2018 11:21:47 |  SELECT TB_Usuarios.dsUsuario ,TB_Usuarios.dspassword ,TB_Usuarios.tpAcceso ,TB_Usuarios.nmNombre ,TB_Usuarios.nmApellido ,TB_Usuarios.flBloqueado ,TB_Usuarios.tpNivelJerarquico  FROM TB_Usuarios  WHERE TB_Usuarios.dsUsuario = 'CAMILAP'  AND  TB_Usuarios.flEliminar = 0    
07/02/2018 11:21:47 |  SELECT TB_Usuarios.dsUsuario ,TB_Usuarios.dspassword ,TB_Usuarios.tpAcceso ,TB_Usuarios.nmNombre ,TB_Usuarios.nmApellido ,TB_Usuarios.flBloqueado ,TB_Usuarios.tpNivelJerarquico  FROM TB_Usuarios  WHERE TB_Usuarios.dsUsuario = 'CAMILAP'  AND  TB_Usuarios.flEliminar = 0    
07/02/2018 11:21:47 | Exec sco_DiccionariodeDatos @nmtabla_param='sp_obtenerCajasPendientesdeAprobacion_v2_5'
07/02/2018 11:21:47 | Exec sp_obtenerCajasPendientesdeAprobacion_v2_5 @pdsUsuario_param = 'CAMILAP' 
07/02/2018 11:21:47 | Exec sp_obtenerCajasRechazadas_v2_9 
07/02/2018 11:21:47 | Exec sco_DiccionariodeDatos @nmtabla_param='TB_Parametros'
07/02/2018 11:21:47 |  SELECT TB_Parametros.vlParametro  FROM TB_Parametros  WHERE TB_Parametros.dsParametro = 'VALOR EURO'    
07/02/2018 11:21:47 |  SELECT TB_Parametros.vlParametro  FROM TB_Parametros  WHERE TB_Parametros.dsParametro = 'VALOR DOLAR'    
07/02/2018 11:21:48 | Exec SP_ValorPromoRetorno
07/02/2018 11:21:48 | Exec sco_DiccionariodeDatos @nmtabla_param='TB_Comisiones'
07/02/2018 11:21:48 |  SELECT TB_Comisiones.vlMontoMinimo  FROM TB_Comisiones  WHERE TB_Comisiones.tpComision = 'Retorno'  AND  TB_Comisiones.flEliminar = 0    
07/02/2018 11:21:48 |  SELECT TB_Parametros.vlParametro  FROM TB_Parametros  WHERE TB_Parametros.dsParametro = 'VALOR REAL'    
07/02/2018 11:21:48 | Exec sco_DiccionariodeDatos @nmtabla_param='TB_Cajas'
07/02/2018 11:21:48 |  SELECT TB_Cajas.nrCaja  FROM TB_Cajas  WHERE TB_Cajas.dsUsuario = 'CAMILAP'  and  TB_Cajas.flEstado = 0  and  TB_Cajas.tpEstadoAprobacion IS NULL  and  TB_Cajas.nrcaja > 0    
07/02/2018 11:21:57 |  SELECT TB_Cajas.nrCaja ,TB_Cajas.vlTotalSaldoFinal ,TB_Cajas.nrPuesto ,TB_Cajas.dsUsuario ,TB_Cajas.vlSaldoInicialPesos ,TB_Cajas.dtApertura ,TB_Cajas.dtCierre ,TB_Cajas.vlDiaDolar ,TB_Cajas.vlDiaEuro ,TB_Cajas.vlSaldoInicialEuros ,TB_Cajas.vlSaldoInicialDolares ,TB_Cajas.vlSaldoFinalRealPesos ,TB_Cajas.vlTotalSaldoInicial ,TB_Cajas.dtObservacion ,TB_Cajas.vlCierrePesos ,TB_Cajas.vlSaldoFinalRealDolares ,TB_Cajas.vlSaldoFinalRealEuros ,TB_Cajas.vlTotalSaldoFinalReal ,TB_Cajas.vlCierreDolares ,TB_Cajas.vlCierreEuros ,TB_Cajas.dsObservacion ,TB_Cajas.vlDiaReal ,TB_Cajas.flEstado  FROM TB_Cajas  WHERE TB_Cajas.nrCaja = 9000003774    
07/02/2018 11:21:57 | Exec sco_DiccionariodeDatos @nmtabla_param='SP_SumaCajaADM_v2_9'
07/02/2018 11:21:57 | Exec SP_SumaCajaADM_v2_9 @nrCaja_param = 9000003774 ,@tpCaja_param = 'CA' ,@tpCajaImputacion_param = null 
07/02/2018 11:21:57 |  UPDATE TB_Cajas SET TB_Cajas.vlSaldoFinalRealPesos  = -3697.00 ,TB_Cajas.vlSaldoFinalRealEuros  = 0.00 ,TB_Cajas.vlSaldoFinalRealDolares  = 0.00 ,TB_Cajas.vlCierrePesos  = -1656 ,TB_Cajas.vlCierreDolares  = 0 ,TB_Cajas.vlCierreEuros  = 0   WHERE TB_Cajas.nrCaja = 9000003774  
07/02/2018 11:21:59 |  UPDATE TB_Cajas SET TB_Cajas.nrCaja  = 9000003774 ,TB_Cajas.vlTotalSaldoFinal  = -1656.00 ,TB_Cajas.nrPuesto  = 9 ,TB_Cajas.dsUsuario  = 'CAMILAP' ,TB_Cajas.vlSaldoInicialPesos  = -2041.00 ,TB_Cajas.dtApertura  = '08/12/2017 12:23:10' ,TB_Cajas.dtCierre  = null ,TB_Cajas.vlDiaDolar  = 9.10 ,TB_Cajas.vlDiaEuro  = 10.00 ,TB_Cajas.vlSaldoInicialEuros  = 0.00 ,TB_Cajas.vlSaldoInicialDolares  = 0.00 ,TB_Cajas.vlSaldoFinalRealPesos  = -3697.00 ,TB_Cajas.vlTotalSaldoInicial  = -2041.00 ,TB_Cajas.dtObservacion  = '07/02/2018 11:21:59' ,TB_Cajas.vlCierrePesos  = -1656 ,TB_Cajas.vlSaldoFinalRealDolares  = 0.00 ,TB_Cajas.vlSaldoFinalRealEuros  = 0.00 ,TB_Cajas.vlTotalSaldoFinalReal  = -3697.00 ,TB_Cajas.vlCierreDolares  = 0 ,TB_Cajas.vlCierreEuros  = 0 ,TB_Cajas.dsObservacion  = null ,TB_Cajas.vlDiaReal  = 3.21 ,TB_Cajas.flCajaAdm  = 1   WHERE TB_Cajas.nrCaja = 9000003774  
07/02/2018 11:21:59 | Exec sco_DiccionariodeDatos @nmtabla_param='VW_UltimaCajaAdm'
07/02/2018 11:21:59 |  SELECT VW_UltimaCajaAdm.nrCaja ,VW_UltimaCajaAdm.vlSaldoFinalRealPesos ,VW_UltimaCajaAdm.vlSaldoFinalRealEuros ,VW_UltimaCajaAdm.vlSaldoFinalRealDolares  FROM VW_UltimaCajaAdm   
07/02/2018 11:21:59 |  SELECT TB_Cajas.nrCaja  FROM TB_Cajas  WHERE TB_Cajas.nrCaja = 9000003774  AND  TB_Cajas.flEstado = 0    
07/02/2018 11:21:59 | Exec sco_DiccionariodeDatos @nmtabla_param='sco_cajapuesto_v3_9'
07/02/2018 11:21:59 | Exec sco_cajapuesto_v3_9 @nrCaja_param = 9000003773 
07/02/2018 11:21:59 | Exec sco_cajapuesto_v3_9 @nrCaja_param = 9000003774 
07/02/2018 11:21:59 | Exec sco_DiccionariodeDatos @nmtabla_param='spu_esdifporCotizacionImputadas_v3_9'
07/02/2018 11:21:59 | Exec spu_esdifporCotizacionImputadas_v3_9 @nrCajaAdmActual = 9000003774 
07/02/2018 11:21:59 | Exec sco_validarVencimientosCAI_v4_1
07/02/2018 11:21:59 | Exec sco_DiccionariodeDatos @nmtabla_param='sco_AccesosOpcionesMenu'
07/02/2018 11:22:00 | Exec sco_AccesosOpcionesMenu @p_tpNivelAcceso = 'Administración' ,@p_operaconcaja = 1 
07/02/2018 11:22:00 | Exec sco_AccesosOpcionesMenu @p_tpNivelAcceso = 'Administración' ,@p_operaconcaja = 1 
07/02/2018 11:22:14 | Exec sco_DiccionariodeDatos @nmtabla_param='TB_Productos'
07/02/2018 11:22:14 |  SELECT TB_Comisiones.cdComision ,TB_Comisiones.dsComision  FROM TB_Comisiones   
07/02/2018 11:22:20 |  SELECT TB_Productos.cdProducto ,TB_Productos.dsProducto ,TB_Productos.vlPrecioViaje ,TB_Productos.vlPrecioPeaje ,TB_Productos.ObsHoras ,TB_Productos.vlPrecioViajeSinPeaje ,TB_Productos.vlKilometros ,TB_Productos.flMuestraenlaWEB ,TB_Productos.flIncluyeComisionRetorno ,TB_Productos.tpDestino ,TB_Productos.cdComision ,TB_Productos.vlKilometros ,TB_Productos.vlPrecioViaje ,TB_Productos.obsHoras  FROM TB_Productos  WHERE  dsProducto Like ('%ROSARIO%') AND TB_Productos.flEliminar = 0     Order by TB_Productos.dsProducto ASC 
07/02/2018 11:22:22 |  SELECT TB_Productos.cdComision ,TB_Productos.tpDestino ,TB_Productos.flIncluyeComisionRetorno ,TB_Productos.flMuestraenlaWEB ,TB_Productos.vlPrecioxKilometro ,TB_Productos.vlKilometros ,TB_Productos.vlPrecioViaje ,TB_Productos.vlPrecioPeaje ,TB_Productos.cdOrden ,TB_Productos.vlPrecioViajeSinPeaje ,TB_Productos.flMuestra ,TB_Productos.tpOperacion ,TB_Productos.vlPorcentaje ,TB_Productos.ObsHoras ,TB_Productos.dsProducto ,TB_Productos.cdProducto  FROM TB_Productos  WHERE TB_Productos.cdProducto = 20161  AND  TB_Productos.flEliminar = 0    
07/02/2018 11:22:22 |  SELECT tb_parametros.dsParametro ,tb_parametros.vlParametro ,tb_parametros.tpParametro ,tb_parametros.flEditable ,tb_parametros.nrTamanio ,tb_parametros.dtActualizacion  FROM tb_parametros  WHERE tb_parametros.dsParametro = 'KM_IVA'    
07/02/2018 11:22:22 | Exec sco_DiccionariodeDatos @nmtabla_param='SP_obtenerAlicuotaIVA'
07/02/2018 11:22:22 | Exec SP_obtenerAlicuotaIVA @tpCategoriaIVA_param = 'RI' 
07/02/2018 11:22:22 | Exec sco_DiccionariodeDatos @nmtabla_param='SP_CalcularIVA'
07/02/2018 11:22:22 | Exec SP_CalcularIVA @tpCategoriaIVA_param = 'RI' ,@vlMonto_param = 3200 ,@vlAlicuota_param = 21 ,@precio_menos_iva_param = 0 
07/02/2018 11:24:14 | SET DATEFORMAT dmy
07/02/2018 11:24:14 | select getdate() AS FECHA
07/02/2018 11:24:14 |  UPDATE TB_Productos SET TB_Productos.cdProducto  = 20161 ,TB_Productos.vlPorcentaje  = 0 ,TB_Productos.dsProducto  = 'ROSARIO - SANTA FE' ,TB_Productos.vlPrecioViaje  = 3872.00 ,TB_Productos.vlPrecioViajeSinPeaje  = 3872.00 ,TB_Productos.vlPrecioPeaje  = 0.00 ,TB_Productos.ObsHoras  = null ,TB_Productos.cdOrden  = 'R' ,TB_Productos.vlKilometros  = 320 ,TB_Productos.vlPrecioxKilometro  = 5120.00 ,TB_Productos.tpDestino  = null ,TB_Productos.flMuestra  = 1 ,TB_Productos.flMuestraenlaWEB  = 0 ,TB_Productos.flIncluyeComisionRetorno  = 0 ,TB_Productos.dtActualizacion  = '07/02/2018 11:24:15' ,TB_Productos.tpOperacion  = 'Viaje'   WHERE TB_Productos.cdProducto = 20161  
07/02/2018 11:24:16 |  SELECT TB_Productos.cdComision ,TB_Productos.tpDestino ,TB_Productos.flIncluyeComisionRetorno ,TB_Productos.flMuestraenlaWEB ,TB_Productos.vlPrecioxKilometro ,TB_Productos.vlKilometros ,TB_Productos.vlPrecioViaje ,TB_Productos.vlPrecioPeaje ,TB_Productos.cdOrden ,TB_Productos.vlPrecioViajeSinPeaje ,TB_Productos.flMuestra ,TB_Productos.tpOperacion ,TB_Productos.vlPorcentaje ,TB_Productos.ObsHoras ,TB_Productos.dsProducto ,TB_Productos.cdProducto  FROM TB_Productos  WHERE TB_Productos.cdProducto = 20161  AND  TB_Productos.flEliminar = 0    
07/02/2018 11:24:16 |  SELECT tb_parametros.dsParametro ,tb_parametros.vlParametro ,tb_parametros.tpParametro ,tb_parametros.flEditable ,tb_parametros.nrTamanio ,tb_parametros.dtActualizacion  FROM tb_parametros  WHERE tb_parametros.dsParametro = 'KM_IVA'    
07/02/2018 11:24:16 | Exec SP_obtenerAlicuotaIVA @tpCategoriaIVA_param = 'RI' 
07/02/2018 11:24:17 | Exec SP_CalcularIVA @tpCategoriaIVA_param = 'RI' ,@vlMonto_param = 5120 ,@vlAlicuota_param = 21 ,@precio_menos_iva_param = 0 
07/02/2018 11:24:27 |  SELECT TB_Productos.cdProducto ,TB_Productos.dsProducto ,TB_Productos.vlPrecioViaje ,TB_Productos.vlPrecioPeaje ,TB_Productos.ObsHoras ,TB_Productos.vlPrecioViajeSinPeaje ,TB_Productos.vlKilometros ,TB_Productos.flMuestraenlaWEB ,TB_Productos.flIncluyeComisionRetorno ,TB_Productos.tpDestino ,TB_Productos.cdComision ,TB_Productos.vlKilometros ,TB_Productos.vlPrecioViaje ,TB_Productos.obsHoras  FROM TB_Productos  WHERE  dsProducto Like ('%ROSARIO%') AND TB_Productos.flEliminar = 0     Order by TB_Productos.dsProducto ASC 
07/02/2018 11:24:29 |  SELECT TB_Productos.cdProducto ,TB_Productos.dsProducto ,TB_Productos.vlPrecioViaje ,TB_Productos.vlPrecioPeaje ,TB_Productos.ObsHoras ,TB_Productos.vlPrecioViajeSinPeaje ,TB_Productos.vlKilometros ,TB_Productos.flMuestraenlaWEB ,TB_Productos.flIncluyeComisionRetorno ,TB_Productos.tpDestino ,TB_Productos.cdComision ,TB_Productos.vlKilometros ,TB_Productos.vlPrecioViaje ,TB_Productos.obsHoras  FROM TB_Productos  WHERE  dsProducto Like ('%ROSARIO%') AND TB_Productos.flEliminar = 0     Order by TB_Productos.dsProducto ASC 
07/02/2018 11:24:30 |  SELECT TB_Productos.cdComision ,TB_Productos.tpDestino ,TB_Productos.flIncluyeComisionRetorno ,TB_Productos.flMuestraenlaWEB ,TB_Productos.vlPrecioxKilometro ,TB_Productos.vlKilometros ,TB_Productos.vlPrecioViaje ,TB_Productos.vlPrecioPeaje ,TB_Productos.cdOrden ,TB_Productos.vlPrecioViajeSinPeaje ,TB_Productos.flMuestra ,TB_Productos.tpOperacion ,TB_Productos.vlPorcentaje ,TB_Productos.ObsHoras ,TB_Productos.dsProducto ,TB_Productos.cdProducto  FROM TB_Productos  WHERE TB_Productos.cdProducto = 20161  AND  TB_Productos.flEliminar = 0    
07/02/2018 11:24:30 |  SELECT tb_parametros.dsParametro ,tb_parametros.vlParametro ,tb_parametros.tpParametro ,tb_parametros.flEditable ,tb_parametros.nrTamanio ,tb_parametros.dtActualizacion  FROM tb_parametros  WHERE tb_parametros.dsParametro = 'KM_IVA'    
07/02/2018 11:24:30 | Exec SP_obtenerAlicuotaIVA @tpCategoriaIVA_param = 'RI' 
07/02/2018 11:24:30 | Exec SP_CalcularIVA @tpCategoriaIVA_param = 'RI' ,@vlMonto_param = 5120 ,@vlAlicuota_param = 21 ,@precio_menos_iva_param = 0 
07/02/2018 11:24:33 |  SELECT TB_Productos.cdProducto ,TB_Productos.dsProducto ,TB_Productos.vlPrecioViaje ,TB_Productos.vlPrecioPeaje ,TB_Productos.ObsHoras ,TB_Productos.vlPrecioViajeSinPeaje ,TB_Productos.vlKilometros ,TB_Productos.flMuestraenlaWEB ,TB_Productos.flIncluyeComisionRetorno ,TB_Productos.tpDestino ,TB_Productos.cdComision ,TB_Productos.vlKilometros ,TB_Productos.vlPrecioViaje ,TB_Productos.obsHoras  FROM TB_Productos  WHERE  dsProducto Like ('%ROSARIO%') AND TB_Productos.flEliminar = 0     Order by TB_Productos.dsProducto ASC 
07/02/2018 11:24:34 |  SELECT TB_Productos.cdProducto ,TB_Productos.dsProducto ,TB_Productos.vlPrecioViaje ,TB_Productos.vlPrecioPeaje ,TB_Productos.ObsHoras ,TB_Productos.vlPrecioViajeSinPeaje ,TB_Productos.vlKilometros ,TB_Productos.flMuestraenlaWEB ,TB_Productos.flIncluyeComisionRetorno ,TB_Productos.tpDestino ,TB_Productos.cdComision ,TB_Productos.vlKilometros ,TB_Productos.vlPrecioViaje ,TB_Productos.obsHoras  FROM TB_Productos  WHERE  dsProducto Like ('%ROSARIO%') AND TB_Productos.flEliminar = 0     Order by TB_Productos.dsProducto ASC 
07/02/2018 11:24:34 |  SELECT TB_Productos.cdProducto ,TB_Productos.dsProducto ,TB_Productos.vlPrecioViaje ,TB_Productos.vlPrecioPeaje ,TB_Productos.ObsHoras ,TB_Productos.vlPrecioViajeSinPeaje ,TB_Productos.vlKilometros ,TB_Productos.flMuestraenlaWEB ,TB_Productos.flIncluyeComisionRetorno ,TB_Productos.tpDestino ,TB_Productos.cdComision ,TB_Productos.vlKilometros ,TB_Productos.vlPrecioViaje ,TB_Productos.obsHoras  FROM TB_Productos  WHERE  dsProducto Like ('%ROSARIO%') AND TB_Productos.flEliminar = 0     Order by TB_Productos.dsProducto ASC 
07/02/2018 11:24:34 |  SELECT TB_Productos.cdProducto ,TB_Productos.dsProducto ,TB_Productos.vlPrecioViaje ,TB_Productos.vlPrecioPeaje ,TB_Productos.ObsHoras ,TB_Productos.vlPrecioViajeSinPeaje ,TB_Productos.vlKilometros ,TB_Productos.flMuestraenlaWEB ,TB_Productos.flIncluyeComisionRetorno ,TB_Productos.tpDestino ,TB_Productos.cdComision ,TB_Productos.vlKilometros ,TB_Productos.vlPrecioViaje ,TB_Productos.obsHoras  FROM TB_Productos  WHERE  dsProducto Like ('%ROSARIO%') AND TB_Productos.flEliminar = 0     Order by TB_Productos.dsProducto ASC 
07/02/2018 11:24:34 |  SELECT TB_Productos.cdProducto ,TB_Productos.dsProducto ,TB_Productos.vlPrecioViaje ,TB_Productos.vlPrecioPeaje ,TB_Productos.ObsHoras ,TB_Productos.vlPrecioViajeSinPeaje ,TB_Productos.vlKilometros ,TB_Productos.flMuestraenlaWEB ,TB_Productos.flIncluyeComisionRetorno ,TB_Productos.tpDestino ,TB_Productos.cdComision ,TB_Productos.vlKilometros ,TB_Productos.vlPrecioViaje ,TB_Productos.obsHoras  FROM TB_Productos  WHERE  dsProducto Like ('%ROSARIO%') AND TB_Productos.flEliminar = 0     Order by TB_Productos.dsProducto ASC 
07/02/2018 11:24:41 |  SELECT TB_Productos.cdProducto ,TB_Productos.dsProducto ,TB_Productos.vlPrecioViaje ,TB_Productos.vlPrecioPeaje ,TB_Productos.ObsHoras ,TB_Productos.vlPrecioViajeSinPeaje ,TB_Productos.vlKilometros ,TB_Productos.flMuestraenlaWEB ,TB_Productos.flIncluyeComisionRetorno ,TB_Productos.tpDestino ,TB_Productos.cdComision ,TB_Productos.vlKilometros ,TB_Productos.vlPrecioViaje ,TB_Productos.obsHoras  FROM TB_Productos  WHERE  dsProducto Like ('%ROSARIO%') AND TB_Productos.flEliminar = 0     Order by TB_Productos.dsProducto ASC 
07/02/2018 11:24:42 |  SELECT TB_Productos.cdComision ,TB_Productos.tpDestino ,TB_Productos.flIncluyeComisionRetorno ,TB_Productos.flMuestraenlaWEB ,TB_Productos.vlPrecioxKilometro ,TB_Productos.vlKilometros ,TB_Productos.vlPrecioViaje ,TB_Productos.vlPrecioPeaje ,TB_Productos.cdOrden ,TB_Productos.vlPrecioViajeSinPeaje ,TB_Productos.flMuestra ,TB_Productos.tpOperacion ,TB_Productos.vlPorcentaje ,TB_Productos.ObsHoras ,TB_Productos.dsProducto ,TB_Productos.cdProducto  FROM TB_Productos  WHERE TB_Productos.cdProducto = 20161  AND  TB_Productos.flEliminar = 0    
07/02/2018 11:24:42 |  SELECT tb_parametros.dsParametro ,tb_parametros.vlParametro ,tb_parametros.tpParametro ,tb_parametros.flEditable ,tb_parametros.nrTamanio ,tb_parametros.dtActualizacion  FROM tb_parametros  WHERE tb_parametros.dsParametro = 'KM_IVA'    
07/02/2018 11:24:42 | Exec SP_obtenerAlicuotaIVA @tpCategoriaIVA_param = 'RI' 
07/02/2018 11:24:42 | Exec SP_CalcularIVA @tpCategoriaIVA_param = 'RI' ,@vlMonto_param = 5120 ,@vlAlicuota_param = 21 ,@precio_menos_iva_param = 0 
07/02/2018 11:24:45 |  SELECT TB_Productos.cdProducto ,TB_Productos.dsProducto ,TB_Productos.vlPrecioViaje ,TB_Productos.vlPrecioPeaje ,TB_Productos.ObsHoras ,TB_Productos.vlPrecioViajeSinPeaje ,TB_Productos.vlKilometros ,TB_Productos.flMuestraenlaWEB ,TB_Productos.flIncluyeComisionRetorno ,TB_Productos.tpDestino ,TB_Productos.cdComision ,TB_Productos.vlKilometros ,TB_Productos.vlPrecioViaje ,TB_Productos.obsHoras  FROM TB_Productos  WHERE  dsProducto Like ('%ROSARIO%') AND TB_Productos.flEliminar = 0     Order by TB_Productos.dsProducto ASC 
07/02/2018 11:24:46 | Exec sco_AccesosOpcionesMenu @p_tpNivelAcceso = 'Administración' ,@p_operaconcaja = 1 
07/02/2018 11:24:48 |  SELECT TB_Comisiones.cdComision ,TB_Comisiones.dsComision  FROM TB_Comisiones   
07/02/2018 11:24:51 |  SELECT TB_Productos.cdProducto ,TB_Productos.dsProducto ,TB_Productos.vlPrecioViaje ,TB_Productos.vlPrecioPeaje ,TB_Productos.ObsHoras ,TB_Productos.vlPrecioViajeSinPeaje ,TB_Productos.vlKilometros ,TB_Productos.flMuestraenlaWEB ,TB_Productos.flIncluyeComisionRetorno ,TB_Productos.tpDestino ,TB_Productos.cdComision ,TB_Productos.vlKilometros ,TB_Productos.vlPrecioViaje ,TB_Productos.obsHoras  FROM TB_Productos  WHERE  dsProducto Like ('%ROSARIO%') AND TB_Productos.flEliminar = 0     Order by TB_Productos.dsProducto ASC 
07/02/2018 11:25:01 |  SELECT TB_Productos.cdComision ,TB_Productos.tpDestino ,TB_Productos.flIncluyeComisionRetorno ,TB_Productos.flMuestraenlaWEB ,TB_Productos.vlPrecioxKilometro ,TB_Productos.vlKilometros ,TB_Productos.vlPrecioViaje ,TB_Productos.vlPrecioPeaje ,TB_Productos.cdOrden ,TB_Productos.vlPrecioViajeSinPeaje ,TB_Productos.flMuestra ,TB_Productos.tpOperacion ,TB_Productos.vlPorcentaje ,TB_Productos.ObsHoras ,TB_Productos.dsProducto ,TB_Productos.cdProducto  FROM TB_Productos  WHERE TB_Productos.cdProducto = 20161  AND  TB_Productos.flEliminar = 0    
07/02/2018 11:25:01 |  SELECT tb_parametros.dsParametro ,tb_parametros.vlParametro ,tb_parametros.tpParametro ,tb_parametros.flEditable ,tb_parametros.nrTamanio ,tb_parametros.dtActualizacion  FROM tb_parametros  WHERE tb_parametros.dsParametro = 'KM_IVA'    
07/02/2018 11:25:01 | Exec SP_obtenerAlicuotaIVA @tpCategoriaIVA_param = 'RI' 
07/02/2018 11:25:01 | Exec SP_CalcularIVA @tpCategoriaIVA_param = 'RI' ,@vlMonto_param = 5120 ,@vlAlicuota_param = 21 ,@precio_menos_iva_param = 0 
07/02/2018 11:25:15 |  SELECT TB_Productos.cdComision ,TB_Productos.tpDestino ,TB_Productos.flIncluyeComisionRetorno ,TB_Productos.flMuestraenlaWEB ,TB_Productos.vlPrecioxKilometro ,TB_Productos.vlKilometros ,TB_Productos.vlPrecioViaje ,TB_Productos.vlPrecioPeaje ,TB_Productos.cdOrden ,TB_Productos.vlPrecioViajeSinPeaje ,TB_Productos.flMuestra ,TB_Productos.tpOperacion ,TB_Productos.vlPorcentaje ,TB_Productos.ObsHoras ,TB_Productos.dsProducto ,TB_Productos.cdProducto  FROM TB_Productos  WHERE TB_Productos.cdProducto = 20161  AND  TB_Productos.flEliminar = 0    
07/02/2018 11:25:15 |  SELECT tb_parametros.dsParametro ,tb_parametros.vlParametro ,tb_parametros.tpParametro ,tb_parametros.flEditable ,tb_parametros.nrTamanio ,tb_parametros.dtActualizacion  FROM tb_parametros  WHERE tb_parametros.dsParametro = 'KM_IVA'    
07/02/2018 11:25:15 | Exec SP_obtenerAlicuotaIVA @tpCategoriaIVA_param = 'RI' 
07/02/2018 11:25:15 | Exec SP_CalcularIVA @tpCategoriaIVA_param = 'RI' ,@vlMonto_param = 5120 ,@vlAlicuota_param = 21 ,@precio_menos_iva_param = 0 
07/02/2018 11:25:35 |  SELECT TB_Productos.cdProducto ,TB_Productos.dsProducto ,TB_Productos.vlPrecioViaje ,TB_Productos.vlPrecioPeaje ,TB_Productos.ObsHoras ,TB_Productos.vlPrecioViajeSinPeaje ,TB_Productos.vlKilometros ,TB_Productos.flMuestraenlaWEB ,TB_Productos.flIncluyeComisionRetorno ,TB_Productos.tpDestino ,TB_Productos.cdComision ,TB_Productos.vlKilometros ,TB_Productos.vlPrecioViaje ,TB_Productos.obsHoras  FROM TB_Productos  WHERE  dsProducto Like ('%ROSARIO%') AND TB_Productos.flEliminar = 0     Order by TB_Productos.dsProducto ASC 
07/02/2018 11:25:36 | Exec sco_AccesosOpcionesMenu @p_tpNivelAcceso = 'Administración' ,@p_operaconcaja = 1 
07/02/2018 11:25:39 |  SELECT TB_Comisiones.cdComision ,TB_Comisiones.dsComision  FROM TB_Comisiones   
07/02/2018 11:25:42 |  SELECT TB_Productos.cdProducto ,TB_Productos.dsProducto ,TB_Productos.vlPrecioViaje ,TB_Productos.vlPrecioPeaje ,TB_Productos.ObsHoras ,TB_Productos.vlPrecioViajeSinPeaje ,TB_Productos.vlKilometros ,TB_Productos.flMuestraenlaWEB ,TB_Productos.flIncluyeComisionRetorno ,TB_Productos.tpDestino ,TB_Productos.cdComision ,TB_Productos.vlKilometros ,TB_Productos.vlPrecioViaje ,TB_Productos.obsHoras  FROM TB_Productos  WHERE  dsProducto Like ('%ROSARIO%') AND TB_Productos.flEliminar = 0     Order by TB_Productos.dsProducto ASC 
07/02/2018 11:27:27 |  SELECT TB_Productos.cdComision ,TB_Productos.tpDestino ,TB_Productos.flIncluyeComisionRetorno ,TB_Productos.flMuestraenlaWEB ,TB_Productos.vlPrecioxKilometro ,TB_Productos.vlKilometros ,TB_Productos.vlPrecioViaje ,TB_Productos.vlPrecioPeaje ,TB_Productos.cdOrden ,TB_Productos.vlPrecioViajeSinPeaje ,TB_Productos.flMuestra ,TB_Productos.tpOperacion ,TB_Productos.vlPorcentaje ,TB_Productos.ObsHoras ,TB_Productos.dsProducto ,TB_Productos.cdProducto  FROM TB_Productos  WHERE TB_Productos.cdProducto = 20161  AND  TB_Productos.flEliminar = 0    
07/02/2018 11:27:27 |  SELECT tb_parametros.dsParametro ,tb_parametros.vlParametro ,tb_parametros.tpParametro ,tb_parametros.flEditable ,tb_parametros.nrTamanio ,tb_parametros.dtActualizacion  FROM tb_parametros  WHERE tb_parametros.dsParametro = 'KM_IVA'    
07/02/2018 11:27:27 | Exec SP_obtenerAlicuotaIVA @tpCategoriaIVA_param = 'RI' 
07/02/2018 11:27:27 | Exec SP_CalcularIVA @tpCategoriaIVA_param = 'RI' ,@vlMonto_param = 5120 ,@vlAlicuota_param = 21 ,@precio_menos_iva_param = 0 
07/02/2018 11:31:00 | SET DATEFORMAT dmy
07/02/2018 11:31:00 | select getdate() AS FECHA
07/02/2018 11:31:00 |  UPDATE TB_Productos SET TB_Productos.cdProducto  = 20161 ,TB_Productos.vlPorcentaje  = 0 ,TB_Productos.dsProducto  = 'ROSARIO - SANTA FE' ,TB_Productos.vlPrecioViaje  = 6195 ,TB_Productos.vlPrecioViajeSinPeaje  = 6195.00 ,TB_Productos.vlPrecioPeaje  = 0.00 ,TB_Productos.ObsHoras  = null ,TB_Productos.cdOrden  = 'R' ,TB_Productos.vlKilometros  = 320 ,TB_Productos.vlPrecioxKilometro  = 5120.00 ,TB_Productos.tpDestino  = null ,TB_Productos.flMuestra  = 1 ,TB_Productos.flMuestraenlaWEB  = 0 ,TB_Productos.flIncluyeComisionRetorno  = 0 ,TB_Productos.dtActualizacion  = '07/02/2018 11:31:01' ,TB_Productos.tpOperacion  = 'Viaje'   WHERE TB_Productos.cdProducto = 20161  
07/02/2018 11:31:03 |  SELECT TB_Productos.cdProducto ,TB_Productos.dsProducto ,TB_Productos.vlPrecioViaje ,TB_Productos.vlPrecioPeaje ,TB_Productos.ObsHoras ,TB_Productos.vlPrecioViajeSinPeaje ,TB_Productos.vlKilometros ,TB_Productos.flMuestraenlaWEB ,TB_Productos.flIncluyeComisionRetorno ,TB_Productos.tpDestino ,TB_Productos.cdComision ,TB_Productos.vlKilometros ,TB_Productos.vlPrecioViaje ,TB_Productos.obsHoras  FROM TB_Productos  WHERE  dsProducto Like ('%ROSARIO%') AND TB_Productos.flEliminar = 0     Order by TB_Productos.dsProducto ASC 
07/02/2018 11:31:12 |  SELECT TB_Productos.cdProducto ,TB_Productos.dsProducto ,TB_Productos.vlPrecioViaje ,TB_Productos.vlPrecioPeaje ,TB_Productos.ObsHoras ,TB_Productos.vlPrecioViajeSinPeaje ,TB_Productos.vlKilometros ,TB_Productos.flMuestraenlaWEB ,TB_Productos.flIncluyeComisionRetorno ,TB_Productos.tpDestino ,TB_Productos.cdComision ,TB_Productos.vlKilometros ,TB_Productos.vlPrecioViaje ,TB_Productos.obsHoras  FROM TB_Productos  WHERE  dsProducto Like ('%ROSARIO%') AND TB_Productos.flEliminar = 0     Order by TB_Productos.dsProducto ASC 
07/02/2018 11:31:14 |  SELECT TB_Productos.cdComision ,TB_Productos.tpDestino ,TB_Productos.flIncluyeComisionRetorno ,TB_Productos.flMuestraenlaWEB ,TB_Productos.vlPrecioxKilometro ,TB_Productos.vlKilometros ,TB_Productos.vlPrecioViaje ,TB_Productos.vlPrecioPeaje ,TB_Productos.cdOrden ,TB_Productos.vlPrecioViajeSinPeaje ,TB_Productos.flMuestra ,TB_Productos.tpOperacion ,TB_Productos.vlPorcentaje ,TB_Productos.ObsHoras ,TB_Productos.dsProducto ,TB_Productos.cdProducto  FROM TB_Productos  WHERE TB_Productos.cdProducto = 20161  AND  TB_Productos.flEliminar = 0    
07/02/2018 11:31:14 |  SELECT tb_parametros.dsParametro ,tb_parametros.vlParametro ,tb_parametros.tpParametro ,tb_parametros.flEditable ,tb_parametros.nrTamanio ,tb_parametros.dtActualizacion  FROM tb_parametros  WHERE tb_parametros.dsParametro = 'KM_IVA'    
07/02/2018 11:31:14 | Exec SP_obtenerAlicuotaIVA @tpCategoriaIVA_param = 'RI' 
07/02/2018 11:31:14 | Exec SP_CalcularIVA @tpCategoriaIVA_param = 'RI' ,@vlMonto_param = 5120 ,@vlAlicuota_param = 21 ,@precio_menos_iva_param = 0 
07/02/2018 11:31:31 |  SELECT TB_Productos.cdProducto ,TB_Productos.dsProducto ,TB_Productos.vlPrecioViaje ,TB_Productos.vlPrecioPeaje ,TB_Productos.ObsHoras ,TB_Productos.vlPrecioViajeSinPeaje ,TB_Productos.vlKilometros ,TB_Productos.flMuestraenlaWEB ,TB_Productos.flIncluyeComisionRetorno ,TB_Productos.tpDestino ,TB_Productos.cdComision ,TB_Productos.vlKilometros ,TB_Productos.vlPrecioViaje ,TB_Productos.obsHoras  FROM TB_Productos  WHERE  dsProducto Like ('%ROSARIO%') AND TB_Productos.flEliminar = 0     Order by TB_Productos.dsProducto ASC 
07/02/2018 11:31:32 |  SELECT TB_Productos.cdComision ,TB_Productos.tpDestino ,TB_Productos.flIncluyeComisionRetorno ,TB_Productos.flMuestraenlaWEB ,TB_Productos.vlPrecioxKilometro ,TB_Productos.vlKilometros ,TB_Productos.vlPrecioViaje ,TB_Productos.vlPrecioPeaje ,TB_Productos.cdOrden ,TB_Productos.vlPrecioViajeSinPeaje ,TB_Productos.flMuestra ,TB_Productos.tpOperacion ,TB_Productos.vlPorcentaje ,TB_Productos.ObsHoras ,TB_Productos.dsProducto ,TB_Productos.cdProducto  FROM TB_Productos  WHERE TB_Productos.cdProducto = 20161  AND  TB_Productos.flEliminar = 0    
07/02/2018 11:31:32 |  SELECT tb_parametros.dsParametro ,tb_parametros.vlParametro ,tb_parametros.tpParametro ,tb_parametros.flEditable ,tb_parametros.nrTamanio ,tb_parametros.dtActualizacion  FROM tb_parametros  WHERE tb_parametros.dsParametro = 'KM_IVA'    
07/02/2018 11:31:32 | Exec SP_obtenerAlicuotaIVA @tpCategoriaIVA_param = 'RI' 
07/02/2018 11:31:32 | Exec SP_CalcularIVA @tpCategoriaIVA_param = 'RI' ,@vlMonto_param = 5120 ,@vlAlicuota_param = 21 ,@precio_menos_iva_param = 0 
07/02/2018 11:31:58 | Exec sco_AccesosOpcionesMenu @p_tpNivelAcceso = 'Administración' ,@p_operaconcaja = 1 
07/02/2018 11:32:05 |  SELECT TB_Usuarios.dsUsuario ,TB_Usuarios.nmNombre ,TB_Usuarios.nmApellido ,TB_Usuarios.tpNivelJerarquico  FROM TB_Usuarios  WHERE TB_Usuarios.flEliminar = 0  AND  TB_Usuarios.flBloqueado = 0  AND  TB_Usuarios.tpNivelJerarquico = 'Supervisor'    
07/02/2018 11:32:15 |  SELECT TB_Usuarios.dsUsuario ,TB_Usuarios.dspassword ,TB_Usuarios.tpAcceso ,TB_Usuarios.nmNombre ,TB_Usuarios.nmApellido ,TB_Usuarios.flBloqueado ,TB_Usuarios.tpNivelJerarquico  FROM TB_Usuarios  WHERE TB_Usuarios.dsUsuario = 'USRPARAM'  AND  TB_Usuarios.flEliminar = 0    
07/02/2018 11:32:20 |  SELECT TB_Usuarios.dsUsuario ,TB_Usuarios.nmNombre ,TB_Usuarios.nmApellido ,TB_Usuarios.tpNivelJerarquico  FROM TB_Usuarios  WHERE TB_Usuarios.flEliminar = 0  AND  TB_Usuarios.flBloqueado = 0  AND  TB_Usuarios.tpNivelJerarquico = 'Supervisor'    
07/02/2018 11:32:34 |  SELECT TB_Usuarios.dsUsuario ,TB_Usuarios.dspassword ,TB_Usuarios.tpAcceso ,TB_Usuarios.nmNombre ,TB_Usuarios.nmApellido ,TB_Usuarios.flBloqueado ,TB_Usuarios.tpNivelJerarquico  FROM TB_Usuarios  WHERE TB_Usuarios.dsUsuario = 'USRPARAM'  AND  TB_Usuarios.flEliminar = 0    
07/02/2018 11:32:34 | Exec sco_CajadeADMActiva 
07/02/2018 11:32:34 |  SELECT TB_Puestos.nrPuesto ,TB_Puestos.dsPuesto  FROM TB_Puestos   
07/02/2018 11:32:34 | Exec sco_AccesosOpcionesMenu @p_tpNivelAcceso = 'Administración' ,@p_operaconcaja = 1 
07/02/2018 11:32:38 | Exec sco_cajapuesto_v3_9 @nrCaja_param = 9000003774 
07/02/2018 11:32:38 |  SELECT tb_parametros.dsParametro ,tb_parametros.vlParametro ,tb_parametros.tpParametro ,tb_parametros.flEditable ,tb_parametros.nrTamanio ,tb_parametros.dtActualizacion  FROM tb_parametros  WHERE tb_parametros.dsParametro = 'PORC_RECARGO_TD'    
07/02/2018 11:32:38 |  SELECT tb_parametros.dsParametro ,tb_parametros.vlParametro ,tb_parametros.tpParametro ,tb_parametros.flEditable ,tb_parametros.nrTamanio ,tb_parametros.dtActualizacion  FROM tb_parametros  WHERE tb_parametros.dsParametro = 'PORC_RECARGO_TC'    
07/02/2018 11:32:38 |  SELECT tb_parametros.dsParametro ,tb_parametros.vlParametro ,tb_parametros.tpParametro ,tb_parametros.flEditable ,tb_parametros.nrTamanio ,tb_parametros.dtActualizacion  FROM tb_parametros  WHERE tb_parametros.dsParametro = 'PORC_RECARGO_TP'    
07/02/2018 11:32:40 | Exec sco_DiccionariodeDatos @nmtabla_param='TB_Comprobantes'
07/02/2018 11:32:40 | Exec sco_DiccionariodeDatos @nmtabla_param='spu_obtener_puntosdeventa_facturacion_v4_9_71'
07/02/2018 11:32:40 | Exec spu_obtener_puntosdeventa_facturacion_v4_9_71 @nrPuesto_param = 1 ,@tipo_iva = 'CF' ,@auto_impresor = 'N' ,@tpFormadePago = null ,@tpComprobante = null 
07/02/2018 11:32:42 | Exec spu_obtener_puntosdeventa_facturacion_v4_9_71 @nrPuesto_param = 1 ,@tipo_iva = 'CF' ,@auto_impresor = 'N' ,@tpFormadePago = null ,@tpComprobante = null 
07/02/2018 11:32:43 | Exec spu_obtener_puntosdeventa_facturacion_v4_9_71 @nrPuesto_param = 1 ,@tipo_iva = 'CF' ,@auto_impresor = 'N' ,@tpFormadePago = null ,@tpComprobante = null 
07/02/2018 11:33:28 | Exec sco_AccesosOpcionesMenu @p_tpNivelAcceso = 'Administración' ,@p_operaconcaja = 1 
07/02/2018 11:33:33 | Exec sco_DiccionariodeDatos @nmtabla_param='TB_Puestos'
07/02/2018 11:33:33 |  SELECT TB_Puestos.nrPuesto ,TB_Puestos.dsPuesto  FROM TB_Puestos   
07/02/2018 11:33:33 |  SELECT TB_Puestos.nrPuesto ,TB_Puestos.dsPuesto  FROM TB_Puestos  WHERE TB_Puestos.nrPuesto = 9    
07/02/2018 11:33:37 | Exec  sco_TB_Productos_v4_1 
07/02/2018 11:33:37 | Exec sco_DiccionariodeDatos @nmtabla_param='TB_Usuarios'
07/02/2018 11:33:40 |  SELECT TB_Usuarios.dsUsuario ,TB_Usuarios.dspassword ,TB_Usuarios.tpAcceso ,TB_Usuarios.nmNombre ,TB_Usuarios.nmApellido ,TB_Usuarios.flBloqueado ,TB_Usuarios.tpNivelJerarquico  FROM TB_Usuarios  WHERE TB_Usuarios.dsUsuario = 'CAMILAP'  AND  TB_Usuarios.flEliminar = 0    
07/02/2018 11:33:40 |  SELECT TB_Usuarios.dsUsuario ,TB_Usuarios.dspassword ,TB_Usuarios.tpAcceso ,TB_Usuarios.nmNombre ,TB_Usuarios.nmApellido ,TB_Usuarios.flBloqueado ,TB_Usuarios.tpNivelJerarquico  FROM TB_Usuarios  WHERE TB_Usuarios.dsUsuario = 'CAMILAP'  AND  TB_Usuarios.flEliminar = 0    
07/02/2018 11:33:43 | Exec sco_DiccionariodeDatos @nmtabla_param='TB_Puestos'
07/02/2018 11:33:43 |  SELECT TB_Puestos.nrPuesto ,TB_Puestos.dsPuesto  FROM TB_Puestos   
07/02/2018 11:33:43 |  SELECT TB_Puestos.nrPuesto ,TB_Puestos.dsPuesto  FROM TB_Puestos  WHERE TB_Puestos.nrPuesto = 9    
07/02/2018 11:33:48 | Exec  sco_TB_Productos_v4_1 
07/02/2018 11:33:48 | Exec sco_DiccionariodeDatos @nmtabla_param='TB_Usuarios'
07/02/2018 11:33:49 |  SELECT TOP 100 TB_Usuarios.dsUsuario  FROM TB_Usuarios  WHERE TB_Usuarios.tpAcceso = 'Puestos'  AND  TB_Usuarios.flBloqueado = 0  AND   dsUsuario Like ('b%') AND TB_Usuarios.flEliminar = 0
07/02/2018 11:33:53 |  SELECT TB_Usuarios.dsUsuario ,TB_Usuarios.dspassword ,TB_Usuarios.tpAcceso ,TB_Usuarios.nmNombre ,TB_Usuarios.nmApellido ,TB_Usuarios.flBloqueado ,TB_Usuarios.tpNivelJerarquico  FROM TB_Usuarios  WHERE TB_Usuarios.dsUsuario = 'BFAZZALARI'  AND  TB_Usuarios.flEliminar = 0    
07/02/2018 11:33:53 |  SELECT TB_Usuarios.dsUsuario ,TB_Usuarios.dspassword ,TB_Usuarios.tpAcceso ,TB_Usuarios.nmNombre ,TB_Usuarios.nmApellido ,TB_Usuarios.flBloqueado ,TB_Usuarios.tpNivelJerarquico  FROM TB_Usuarios  WHERE TB_Usuarios.dsUsuario = 'BFAZZALARI'  AND  TB_Usuarios.flEliminar = 0    
07/02/2018 11:33:53 | Exec sco_DiccionariodeDatos @nmtabla_param='sp_obtenerCajasPendientesdeAprobacion_v2_5'
07/02/2018 11:33:53 | Exec sp_obtenerCajasPendientesdeAprobacion_v2_5 @pdsUsuario_param = 'BFAZZALARI' 
07/02/2018 11:33:55 | Exec sp_obtenerCajasRechazadas_v2_9 
07/02/2018 11:33:55 | Exec sco_DiccionariodeDatos @nmtabla_param='TB_Parametros'
07/02/2018 11:33:55 |  SELECT TB_Parametros.vlParametro  FROM TB_Parametros  WHERE TB_Parametros.dsParametro = 'VALOR EURO'    
07/02/2018 11:33:55 |  SELECT TB_Parametros.vlParametro  FROM TB_Parametros  WHERE TB_Parametros.dsParametro = 'VALOR DOLAR'    
07/02/2018 11:33:55 | Exec SP_ValorPromoRetorno
07/02/2018 11:33:55 | Exec sco_DiccionariodeDatos @nmtabla_param='TB_Comisiones'
07/02/2018 11:33:55 |  SELECT TB_Comisiones.vlMontoMinimo  FROM TB_Comisiones  WHERE TB_Comisiones.tpComision = 'Retorno'  AND  TB_Comisiones.flEliminar = 0    
07/02/2018 11:33:55 |  SELECT TB_Parametros.vlParametro  FROM TB_Parametros  WHERE TB_Parametros.dsParametro = 'VALOR REAL'    
07/02/2018 11:33:55 | Exec sco_DiccionariodeDatos @nmtabla_param='TB_Cajas'
07/02/2018 11:33:55 |  SELECT TB_Cajas.nrCaja  FROM TB_Cajas  WHERE TB_Cajas.dsUsuario = 'BFAZZALARI'  and  TB_Cajas.flEstado = 0  and  TB_Cajas.tpEstadoAprobacion IS NULL  and  TB_Cajas.nrcaja > 0    
07/02/2018 11:33:56 | Exec sco_DiccionariodeDatos @nmtabla_param='sco_AccesosOpcionesMenu'
07/02/2018 11:33:56 | Exec sco_AccesosOpcionesMenu @p_tpNivelAcceso = 'Puestos' ,@p_operaconcaja = 1 
07/02/2018 11:33:56 | Exec sco_AccesosOpcionesMenu @p_tpNivelAcceso = 'Puestos' ,@p_operaconcaja = 1 
07/02/2018 11:33:57 | Exec sco_DiccionariodeDatos @nmtabla_param='sco_cajapuesto_v3_9'
07/02/2018 11:33:57 | Exec sco_cajapuesto_v3_9 @nrCaja_param = 1000010110 
07/02/2018 11:33:58 |  SELECT tb_parametros.dsParametro ,tb_parametros.vlParametro ,tb_parametros.tpParametro ,tb_parametros.flEditable ,tb_parametros.nrTamanio ,tb_parametros.dtActualizacion  FROM tb_parametros  WHERE tb_parametros.dsParametro = 'PORC_RECARGO_TD'    
07/02/2018 11:33:58 |  SELECT tb_parametros.dsParametro ,tb_parametros.vlParametro ,tb_parametros.tpParametro ,tb_parametros.flEditable ,tb_parametros.nrTamanio ,tb_parametros.dtActualizacion  FROM tb_parametros  WHERE tb_parametros.dsParametro = 'PORC_RECARGO_TC'    
07/02/2018 11:33:58 |  SELECT tb_parametros.dsParametro ,tb_parametros.vlParametro ,tb_parametros.tpParametro ,tb_parametros.flEditable ,tb_parametros.nrTamanio ,tb_parametros.dtActualizacion  FROM tb_parametros  WHERE tb_parametros.dsParametro = 'PORC_RECARGO_TP'    
07/02/2018 11:33:58 | Exec sco_DiccionariodeDatos @nmtabla_param='TB_Comprobantes'
07/02/2018 11:33:58 | Exec sco_DiccionariodeDatos @nmtabla_param='spu_obtener_puntosdeventa_facturacion_v4_9_71'
07/02/2018 11:33:58 | Exec spu_obtener_puntosdeventa_facturacion_v4_9_71 @nrPuesto_param = 1 ,@tipo_iva = 'CF' ,@auto_impresor = 'S' ,@tpFormadePago = null ,@tpComprobante = 'FA' 
07/02/2018 11:33:58 | Exec spu_obtener_puntosdeventa_facturacion_v4_9_71 @nrPuesto_param = 1 ,@tipo_iva = 'CF' ,@auto_impresor = 'S' ,@tpFormadePago = null ,@tpComprobante = 'FA' 
07/02/2018 11:33:58 | Exec spu_obtener_puntosdeventa_facturacion_v4_9_71 @nrPuesto_param = 1 ,@tipo_iva = 'CF' ,@auto_impresor = 'S' ,@tpFormadePago = null ,@tpComprobante = 'FA' 
07/02/2018 11:33:58 | Exec sco_DiccionariodeDatos @nmtabla_param='TB_Productos'
07/02/2018 11:34:08 |  SELECT tb_parametros.dsParametro ,tb_parametros.vlParametro ,tb_parametros.tpParametro ,tb_parametros.flEditable ,tb_parametros.nrTamanio ,tb_parametros.dtActualizacion  FROM tb_parametros  WHERE tb_parametros.dsParametro = 'PORC_RECARGO_TD'    
07/02/2018 11:34:08 |  SELECT tb_parametros.dsParametro ,tb_parametros.vlParametro ,tb_parametros.tpParametro ,tb_parametros.flEditable ,tb_parametros.nrTamanio ,tb_parametros.dtActualizacion  FROM tb_parametros  WHERE tb_parametros.dsParametro = 'PORC_RECARGO_TC'    
07/02/2018 11:34:08 |  SELECT tb_parametros.dsParametro ,tb_parametros.vlParametro ,tb_parametros.tpParametro ,tb_parametros.flEditable ,tb_parametros.nrTamanio ,tb_parametros.dtActualizacion  FROM tb_parametros  WHERE tb_parametros.dsParametro = 'PORC_RECARGO_TP'    
07/02/2018 11:34:08 | Exec sco_DiccionariodeDatos @nmtabla_param='SP_Supera_KM_IVA_segunMonto_2_0'
07/02/2018 11:34:08 | Exec SP_Supera_KM_IVA_segunMonto_2_0 @tpCategoriaIVA_param = 'CF' ,@vlKilometros_param = 320 ,@vlMonto_param = 6195 
07/02/2018 11:34:08 | Exec SP_Supera_KM_IVA_segunMonto_2_0 @tpCategoriaIVA_param = 'CF' ,@vlKilometros_param = 320 ,@vlMonto_param = 6195 
07/02/2018 11:34:08 | Exec sco_DiccionariodeDatos @nmtabla_param='SP_obtenerAlicuotaIVA'
07/02/2018 11:34:08 | Exec SP_obtenerAlicuotaIVA @tpCategoriaIVA_param = 'CF' 
07/02/2018 11:34:08 | Exec sco_DiccionariodeDatos @nmtabla_param='SP_CalcularIVA'
07/02/2018 11:34:08 | Exec SP_CalcularIVA @tpCategoriaIVA_param = 'CF' ,@vlMonto_param = 6195 ,@vlAlicuota_param = 21 ,@precio_menos_iva_param = 1 
07/02/2018 11:34:08 | Exec SP_obtenerAlicuotaIVA @tpCategoriaIVA_param = 'CF' 
07/02/2018 11:34:08 | Exec sco_DiccionariodeDatos @nmtabla_param='SP_CalcularSubtotalIVA'
07/02/2018 11:34:08 | Exec SP_CalcularSubtotalIVA @tpCategoriaIVA_param = 'CF' ,@vlMonto_param = 6195 ,@vlAlicuota_param = 21 
07/02/2018 11:34:08 | Exec SP_Supera_KM_IVA_segunMonto_2_0 @tpCategoriaIVA_param = 'CF' ,@vlKilometros_param = 320 ,@vlMonto_param = 6195 
07/02/2018 11:34:08 | Exec SP_Supera_KM_IVA_segunMonto_2_0 @tpCategoriaIVA_param = 'CF' ,@vlKilometros_param = 320 ,@vlMonto_param = 6195 
07/02/2018 11:34:08 | Exec SP_obtenerAlicuotaIVA @tpCategoriaIVA_param = 'CF' 
07/02/2018 11:34:08 | Exec SP_CalcularIVA @tpCategoriaIVA_param = 'CF' ,@vlMonto_param = 6195 ,@vlAlicuota_param = 21 ,@precio_menos_iva_param = 1 
07/02/2018 11:34:08 | Exec SP_obtenerAlicuotaIVA @tpCategoriaIVA_param = 'CF' 
07/02/2018 11:34:08 | Exec SP_CalcularSubtotalIVA @tpCategoriaIVA_param = 'CF' ,@vlMonto_param = 6195 ,@vlAlicuota_param = 21 
07/02/2018 11:34:08 | Exec SP_Supera_KM_IVA_segunMonto_2_0 @tpCategoriaIVA_param = 'CF' ,@vlKilometros_param = 320 ,@vlMonto_param = 6195 
07/02/2018 11:34:08 | Exec SP_Supera_KM_IVA_segunMonto_2_0 @tpCategoriaIVA_param = 'CF' ,@vlKilometros_param = 320 ,@vlMonto_param = 6195 
07/02/2018 11:34:08 | Exec SP_obtenerAlicuotaIVA @tpCategoriaIVA_param = 'CF' 
07/02/2018 11:34:08 | Exec SP_CalcularIVA @tpCategoriaIVA_param = 'CF' ,@vlMonto_param = 6195 ,@vlAlicuota_param = 21 ,@precio_menos_iva_param = 1 
07/02/2018 11:34:08 | Exec SP_obtenerAlicuotaIVA @tpCategoriaIVA_param = 'CF' 
07/02/2018 11:34:08 | Exec SP_CalcularSubtotalIVA @tpCategoriaIVA_param = 'CF' ,@vlMonto_param = 6195 ,@vlAlicuota_param = 21 
07/02/2018 11:35:17 | Exec sco_DiccionariodeDatos @nmtabla_param='TB_Proveedores'
07/02/2018 11:35:17 |  SELECT TB_Proveedores.nmNombre ,TB_Proveedores.nmApellido  FROM TB_Proveedores  WHERE TB_Proveedores.tpCategoria = 'Licenciatario'  AND  TB_Proveedores.nrLicencia = 12  AND  TB_Proveedores.flEliminar = 0    
07/02/2018 11:59:58 | Exec sco_DiccionariodeDatos @nmtabla_param='TB_Puestos'
07/02/2018 11:59:58 |  SELECT TB_Puestos.nrPuesto ,TB_Puestos.dsPuesto  FROM TB_Puestos   
07/02/2018 11:59:58 |  SELECT TB_Puestos.nrPuesto ,TB_Puestos.dsPuesto  FROM TB_Puestos  WHERE TB_Puestos.nrPuesto = 1    
07/02/2018 12:00:15 | Exec  sco_TB_Productos_v4_1 
07/02/2018 12:00:16 | Exec sco_DiccionariodeDatos @nmtabla_param='TB_Usuarios'
07/02/2018 12:00:19 |  SELECT TB_Usuarios.dsUsuario ,TB_Usuarios.dspassword ,TB_Usuarios.tpAcceso ,TB_Usuarios.nmNombre ,TB_Usuarios.nmApellido ,TB_Usuarios.flBloqueado ,TB_Usuarios.tpNivelJerarquico  FROM TB_Usuarios  WHERE TB_Usuarios.dsUsuario = 'CAMILAP'  AND  TB_Usuarios.flEliminar = 0    
07/02/2018 12:00:19 |  SELECT TB_Usuarios.dsUsuario ,TB_Usuarios.dspassword ,TB_Usuarios.tpAcceso ,TB_Usuarios.nmNombre ,TB_Usuarios.nmApellido ,TB_Usuarios.flBloqueado ,TB_Usuarios.tpNivelJerarquico  FROM TB_Usuarios  WHERE TB_Usuarios.dsUsuario = 'CAMILAP'  AND  TB_Usuarios.flEliminar = 0    
07/02/2018 12:00:19 | Exec sco_DiccionariodeDatos @nmtabla_param='sp_obtenerCajasPendientesdeAprobacion_v2_5'
07/02/2018 12:00:19 | Exec sp_obtenerCajasPendientesdeAprobacion_v2_5 @pdsUsuario_param = 'CAMILAP' 
07/02/2018 12:00:19 | Exec sp_obtenerCajasRechazadas_v2_9 
07/02/2018 12:00:19 | Exec sco_DiccionariodeDatos @nmtabla_param='TB_Parametros'
07/02/2018 12:00:19 |  SELECT TB_Parametros.vlParametro  FROM TB_Parametros  WHERE TB_Parametros.dsParametro = 'VALOR EURO'    
07/02/2018 12:00:19 |  SELECT TB_Parametros.vlParametro  FROM TB_Parametros  WHERE TB_Parametros.dsParametro = 'VALOR DOLAR'    
07/02/2018 12:00:19 | Exec SP_ValorPromoRetorno
07/02/2018 12:00:19 | Exec sco_DiccionariodeDatos @nmtabla_param='TB_Comisiones'
07/02/2018 12:00:19 |  SELECT TB_Comisiones.vlMontoMinimo  FROM TB_Comisiones  WHERE TB_Comisiones.tpComision = 'Retorno'  AND  TB_Comisiones.flEliminar = 0    
07/02/2018 12:00:19 |  SELECT TB_Parametros.vlParametro  FROM TB_Parametros  WHERE TB_Parametros.dsParametro = 'VALOR REAL'    
07/02/2018 12:00:19 | Exec sco_DiccionariodeDatos @nmtabla_param='TB_Cajas'
07/02/2018 12:00:19 |  SELECT TB_Cajas.nrCaja  FROM TB_Cajas  WHERE TB_Cajas.dsUsuario = 'CAMILAP'  and  TB_Cajas.flEstado = 0  and  TB_Cajas.tpEstadoAprobacion IS NULL  and  TB_Cajas.nrcaja > 0    
07/02/2018 12:00:21 |  SELECT TB_Cajas.nrCaja ,TB_Cajas.vlTotalSaldoFinal ,TB_Cajas.nrPuesto ,TB_Cajas.dsUsuario ,TB_Cajas.vlSaldoInicialPesos ,TB_Cajas.dtApertura ,TB_Cajas.dtCierre ,TB_Cajas.vlDiaDolar ,TB_Cajas.vlDiaEuro ,TB_Cajas.vlSaldoInicialEuros ,TB_Cajas.vlSaldoInicialDolares ,TB_Cajas.vlSaldoFinalRealPesos ,TB_Cajas.vlTotalSaldoInicial ,TB_Cajas.dtObservacion ,TB_Cajas.vlCierrePesos ,TB_Cajas.vlSaldoFinalRealDolares ,TB_Cajas.vlSaldoFinalRealEuros ,TB_Cajas.vlTotalSaldoFinalReal ,TB_Cajas.vlCierreDolares ,TB_Cajas.vlCierreEuros ,TB_Cajas.dsObservacion ,TB_Cajas.vlDiaReal ,TB_Cajas.flEstado  FROM TB_Cajas  WHERE TB_Cajas.nrCaja = 9000003774    
07/02/2018 12:00:21 | Exec sco_DiccionariodeDatos @nmtabla_param='SP_SumaCajaADM_v2_9'
07/02/2018 12:00:21 | Exec SP_SumaCajaADM_v2_9 @nrCaja_param = 9000003774 ,@tpCaja_param = 'CA' ,@tpCajaImputacion_param = null 
07/02/2018 12:00:21 |  UPDATE TB_Cajas SET TB_Cajas.vlSaldoFinalRealPesos  = -3697.00 ,TB_Cajas.vlSaldoFinalRealEuros  = 0.00 ,TB_Cajas.vlSaldoFinalRealDolares  = 0.00 ,TB_Cajas.vlCierrePesos  = -1656 ,TB_Cajas.vlCierreDolares  = 0 ,TB_Cajas.vlCierreEuros  = 0   WHERE TB_Cajas.nrCaja = 9000003774  
07/02/2018 12:00:22 |  UPDATE TB_Cajas SET TB_Cajas.nrCaja  = 9000003774 ,TB_Cajas.vlTotalSaldoFinal  = -1656.00 ,TB_Cajas.nrPuesto  = 9 ,TB_Cajas.dsUsuario  = 'CAMILAP' ,TB_Cajas.vlSaldoInicialPesos  = -2041.00 ,TB_Cajas.dtApertura  = '08/12/2017 12:23:10' ,TB_Cajas.dtCierre  = null ,TB_Cajas.vlDiaDolar  = 9.10 ,TB_Cajas.vlDiaEuro  = 10.00 ,TB_Cajas.vlSaldoInicialEuros  = 0.00 ,TB_Cajas.vlSaldoInicialDolares  = 0.00 ,TB_Cajas.vlSaldoFinalRealPesos  = -3697.00 ,TB_Cajas.vlTotalSaldoInicial  = -2041.00 ,TB_Cajas.dtObservacion  = '07/02/2018 12:00:22' ,TB_Cajas.vlCierrePesos  = -1656 ,TB_Cajas.vlSaldoFinalRealDolares  = 0.00 ,TB_Cajas.vlSaldoFinalRealEuros  = 0.00 ,TB_Cajas.vlTotalSaldoFinalReal  = -3697.00 ,TB_Cajas.vlCierreDolares  = 0 ,TB_Cajas.vlCierreEuros  = 0 ,TB_Cajas.dsObservacion  = null ,TB_Cajas.vlDiaReal  = 3.21 ,TB_Cajas.flCajaAdm  = 1   WHERE TB_Cajas.nrCaja = 9000003774  
07/02/2018 12:00:22 | Exec sco_DiccionariodeDatos @nmtabla_param='VW_UltimaCajaAdm'
07/02/2018 12:00:22 |  SELECT VW_UltimaCajaAdm.nrCaja ,VW_UltimaCajaAdm.vlSaldoFinalRealPesos ,VW_UltimaCajaAdm.vlSaldoFinalRealEuros ,VW_UltimaCajaAdm.vlSaldoFinalRealDolares  FROM VW_UltimaCajaAdm   
07/02/2018 12:00:22 |  SELECT TB_Cajas.nrCaja  FROM TB_Cajas  WHERE TB_Cajas.nrCaja = 9000003774  AND  TB_Cajas.flEstado = 0    
07/02/2018 12:00:22 | Exec sco_DiccionariodeDatos @nmtabla_param='sco_cajapuesto_v3_9'
07/02/2018 12:00:22 | Exec sco_cajapuesto_v3_9 @nrCaja_param = 9000003773 
07/02/2018 12:00:22 | Exec sco_cajapuesto_v3_9 @nrCaja_param = 9000003774 
07/02/2018 12:00:22 | Exec sco_DiccionariodeDatos @nmtabla_param='spu_esdifporCotizacionImputadas_v3_9'
07/02/2018 12:00:22 | Exec spu_esdifporCotizacionImputadas_v3_9 @nrCajaAdmActual = 9000003774 
07/02/2018 12:00:22 | Exec sco_validarVencimientosCAI_v4_1
07/02/2018 12:00:22 | Exec sco_DiccionariodeDatos @nmtabla_param='sco_AccesosOpcionesMenu'
07/02/2018 12:00:22 | Exec sco_AccesosOpcionesMenu @p_tpNivelAcceso = 'Administración' ,@p_operaconcaja = 1 
07/02/2018 12:00:22 | Exec sco_AccesosOpcionesMenu @p_tpNivelAcceso = 'Administración' ,@p_operaconcaja = 1 
07/02/2018 12:00:27 | Exec sco_DiccionariodeDatos @nmtabla_param='TB_Productos'
07/02/2018 12:00:27 |  SELECT TB_Comisiones.cdComision ,TB_Comisiones.dsComision  FROM TB_Comisiones   
07/02/2018 12:00:29 |  SELECT TB_Productos.cdProducto ,TB_Productos.dsProducto ,TB_Productos.vlPrecioViaje ,TB_Productos.vlPrecioPeaje ,TB_Productos.ObsHoras ,TB_Productos.vlPrecioViajeSinPeaje ,TB_Productos.vlKilometros ,TB_Productos.flMuestraenlaWEB ,TB_Productos.flIncluyeComisionRetorno ,TB_Productos.tpDestino ,TB_Productos.cdComision ,TB_Productos.vlKilometros ,TB_Productos.vlPrecioViaje ,TB_Productos.obsHoras  FROM TB_Productos  WHERE  dsProducto Like ('%%%') AND TB_Productos.flEliminar = 0     Order by TB_Productos.dsProducto ASC 
07/02/2018 12:00:49 |  SELECT TB_Productos.cdProducto ,TB_Productos.dsProducto ,TB_Productos.vlPrecioViaje ,TB_Productos.vlPrecioPeaje ,TB_Productos.ObsHoras ,TB_Productos.vlPrecioViajeSinPeaje ,TB_Productos.vlKilometros ,TB_Productos.flMuestraenlaWEB ,TB_Productos.flIncluyeComisionRetorno ,TB_Productos.tpDestino ,TB_Productos.cdComision ,TB_Productos.vlKilometros ,TB_Productos.vlPrecioViaje ,TB_Productos.obsHoras  FROM TB_Productos  WHERE  dsProducto Like ('%ROSARIO%') AND TB_Productos.flEliminar = 0     Order by TB_Productos.dsProducto ASC 
07/02/2018 12:07:09 |  SELECT TB_Productos.cdComision ,TB_Productos.tpDestino ,TB_Productos.flIncluyeComisionRetorno ,TB_Productos.flMuestraenlaWEB ,TB_Productos.vlPrecioxKilometro ,TB_Productos.vlKilometros ,TB_Productos.vlPrecioViaje ,TB_Productos.vlPrecioPeaje ,TB_Productos.cdOrden ,TB_Productos.vlPrecioViajeSinPeaje ,TB_Productos.flMuestra ,TB_Productos.tpOperacion ,TB_Productos.vlPorcentaje ,TB_Productos.ObsHoras ,TB_Productos.dsProducto ,TB_Productos.cdProducto  FROM TB_Productos  WHERE TB_Productos.cdProducto = 20161  AND  TB_Productos.flEliminar = 0    
07/02/2018 12:11:17 | Exec sco_DiccionariodeDatos @nmtabla_param='TB_Puestos'
07/02/2018 12:11:17 |  SELECT TB_Puestos.nrPuesto ,TB_Puestos.dsPuesto  FROM TB_Puestos   
07/02/2018 12:11:17 |  SELECT TB_Puestos.nrPuesto ,TB_Puestos.dsPuesto  FROM TB_Puestos  WHERE TB_Puestos.nrPuesto = 9    
07/02/2018 12:11:19 | Exec  sco_TB_Productos_v4_1 
07/02/2018 12:11:20 | Exec sco_DiccionariodeDatos @nmtabla_param='TB_Usuarios'
07/02/2018 12:11:22 |  SELECT TOP 100 TB_Usuarios.dsUsuario  FROM TB_Usuarios  WHERE TB_Usuarios.tpAcceso <> 'Puestos'  AND  TB_Usuarios.flBloqueado = 0  AND   dsUsuario Like ('p%') AND TB_Usuarios.flEliminar = 0
07/02/2018 12:11:22 |  SELECT TOP 100 TB_Usuarios.dsUsuario  FROM TB_Usuarios  WHERE TB_Usuarios.tpAcceso <> 'Puestos'  AND  TB_Usuarios.flBloqueado = 0  AND   dsUsuario Like ('r%') AND TB_Usuarios.flEliminar = 0
07/02/2018 12:11:22 |  SELECT TOP 100 TB_Usuarios.dsUsuario  FROM TB_Usuarios  WHERE TB_Usuarios.tpAcceso <> 'Puestos'  AND  TB_Usuarios.flBloqueado = 0  AND   dsUsuario Like ('ru%') AND TB_Usuarios.flEliminar = 0
07/02/2018 12:11:22 |  SELECT TOP 100 TB_Usuarios.dsUsuario  FROM TB_Usuarios  WHERE TB_Usuarios.tpAcceso <> 'Puestos'  AND  TB_Usuarios.flBloqueado = 0  AND   dsUsuario Like ('re%') AND TB_Usuarios.flEliminar = 0
07/02/2018 12:11:22 |  SELECT TOP 100 TB_Usuarios.dsUsuario  FROM TB_Usuarios  WHERE TB_Usuarios.tpAcceso <> 'Puestos'  AND  TB_Usuarios.flBloqueado = 0  AND   dsUsuario Like ('reb%') AND TB_Usuarios.flEliminar = 0
07/02/2018 12:11:23 |  SELECT TOP 100 TB_Usuarios.dsUsuario  FROM TB_Usuarios  WHERE TB_Usuarios.tpAcceso <> 'Puestos'  AND  TB_Usuarios.flBloqueado = 0  AND   dsUsuario Like ('r%') AND TB_Usuarios.flEliminar = 0
07/02/2018 12:11:23 |  SELECT TOP 100 TB_Usuarios.dsUsuario  FROM TB_Usuarios  WHERE TB_Usuarios.tpAcceso <> 'Puestos'  AND  TB_Usuarios.flBloqueado = 0  AND  TB_Usuarios.flEliminar = 0
07/02/2018 12:11:27 |  SELECT TOP 100 TB_Usuarios.dsUsuario  FROM TB_Usuarios  WHERE TB_Usuarios.tpAcceso <> 'Puestos'  AND  TB_Usuarios.flBloqueado = 0  AND   dsUsuario Like ('c%') AND TB_Usuarios.flEliminar = 0
07/02/2018 12:11:27 |  SELECT TOP 100 TB_Usuarios.dsUsuario  FROM TB_Usuarios  WHERE TB_Usuarios.tpAcceso <> 'Puestos'  AND  TB_Usuarios.flBloqueado = 0  AND   dsUsuario Like ('ca%') AND TB_Usuarios.flEliminar = 0
07/02/2018 12:11:33 |  SELECT TB_Usuarios.dsUsuario ,TB_Usuarios.dspassword ,TB_Usuarios.tpAcceso ,TB_Usuarios.nmNombre ,TB_Usuarios.nmApellido ,TB_Usuarios.flBloqueado ,TB_Usuarios.tpNivelJerarquico  FROM TB_Usuarios  WHERE TB_Usuarios.dsUsuario = 'CAMILAP'  AND  TB_Usuarios.flEliminar = 0    
07/02/2018 12:11:33 |  SELECT TB_Usuarios.dsUsuario ,TB_Usuarios.dspassword ,TB_Usuarios.tpAcceso ,TB_Usuarios.nmNombre ,TB_Usuarios.nmApellido ,TB_Usuarios.flBloqueado ,TB_Usuarios.tpNivelJerarquico  FROM TB_Usuarios  WHERE TB_Usuarios.dsUsuario = 'CAMILAP'  AND  TB_Usuarios.flEliminar = 0    
07/02/2018 12:11:33 | Exec sco_DiccionariodeDatos @nmtabla_param='sp_obtenerCajasPendientesdeAprobacion_v2_5'
07/02/2018 12:11:33 | Exec sp_obtenerCajasPendientesdeAprobacion_v2_5 @pdsUsuario_param = 'CAMILAP' 
07/02/2018 12:11:33 | Exec sp_obtenerCajasRechazadas_v2_9 
07/02/2018 12:11:34 | Exec sco_DiccionariodeDatos @nmtabla_param='TB_Parametros'
07/02/2018 12:11:34 |  SELECT TB_Parametros.vlParametro  FROM TB_Parametros  WHERE TB_Parametros.dsParametro = 'VALOR EURO'    
07/02/2018 12:11:34 |  SELECT TB_Parametros.vlParametro  FROM TB_Parametros  WHERE TB_Parametros.dsParametro = 'VALOR DOLAR'    
07/02/2018 12:11:34 | Exec SP_ValorPromoRetorno
07/02/2018 12:11:34 | Exec sco_DiccionariodeDatos @nmtabla_param='TB_Comisiones'
07/02/2018 12:11:34 |  SELECT TB_Comisiones.vlMontoMinimo  FROM TB_Comisiones  WHERE TB_Comisiones.tpComision = 'Retorno'  AND  TB_Comisiones.flEliminar = 0    
07/02/2018 12:11:34 |  SELECT TB_Parametros.vlParametro  FROM TB_Parametros  WHERE TB_Parametros.dsParametro = 'VALOR REAL'    
07/02/2018 12:11:34 | Exec sco_DiccionariodeDatos @nmtabla_param='TB_Cajas'
07/02/2018 12:11:34 |  SELECT TB_Cajas.nrCaja  FROM TB_Cajas  WHERE TB_Cajas.dsUsuario = 'CAMILAP'  and  TB_Cajas.flEstado = 0  and  TB_Cajas.tpEstadoAprobacion IS NULL  and  TB_Cajas.nrcaja > 0    
07/02/2018 12:11:35 |  SELECT TB_Cajas.nrCaja ,TB_Cajas.vlTotalSaldoFinal ,TB_Cajas.nrPuesto ,TB_Cajas.dsUsuario ,TB_Cajas.vlSaldoInicialPesos ,TB_Cajas.dtApertura ,TB_Cajas.dtCierre ,TB_Cajas.vlDiaDolar ,TB_Cajas.vlDiaEuro ,TB_Cajas.vlSaldoInicialEuros ,TB_Cajas.vlSaldoInicialDolares ,TB_Cajas.vlSaldoFinalRealPesos ,TB_Cajas.vlTotalSaldoInicial ,TB_Cajas.dtObservacion ,TB_Cajas.vlCierrePesos ,TB_Cajas.vlSaldoFinalRealDolares ,TB_Cajas.vlSaldoFinalRealEuros ,TB_Cajas.vlTotalSaldoFinalReal ,TB_Cajas.vlCierreDolares ,TB_Cajas.vlCierreEuros ,TB_Cajas.dsObservacion ,TB_Cajas.vlDiaReal ,TB_Cajas.flEstado  FROM TB_Cajas  WHERE TB_Cajas.nrCaja = 9000003774    
07/02/2018 12:11:35 | Exec sco_DiccionariodeDatos @nmtabla_param='SP_SumaCajaADM_v2_9'
07/02/2018 12:11:36 | Exec SP_SumaCajaADM_v2_9 @nrCaja_param = 9000003774 ,@tpCaja_param = 'CA' ,@tpCajaImputacion_param = null 
07/02/2018 12:11:36 |  UPDATE TB_Cajas SET TB_Cajas.vlSaldoFinalRealPesos  = -3697.00 ,TB_Cajas.vlSaldoFinalRealEuros  = 0.00 ,TB_Cajas.vlSaldoFinalRealDolares  = 0.00 ,TB_Cajas.vlCierrePesos  = -1656 ,TB_Cajas.vlCierreDolares  = 0 ,TB_Cajas.vlCierreEuros  = 0   WHERE TB_Cajas.nrCaja = 9000003774  
07/02/2018 12:11:37 |  UPDATE TB_Cajas SET TB_Cajas.nrCaja  = 9000003774 ,TB_Cajas.vlTotalSaldoFinal  = -1656.00 ,TB_Cajas.nrPuesto  = 9 ,TB_Cajas.dsUsuario  = 'CAMILAP' ,TB_Cajas.vlSaldoInicialPesos  = -2041.00 ,TB_Cajas.dtApertura  = '08/12/2017 12:23:10' ,TB_Cajas.dtCierre  = null ,TB_Cajas.vlDiaDolar  = 9.10 ,TB_Cajas.vlDiaEuro  = 10.00 ,TB_Cajas.vlSaldoInicialEuros  = 0.00 ,TB_Cajas.vlSaldoInicialDolares  = 0.00 ,TB_Cajas.vlSaldoFinalRealPesos  = -3697.00 ,TB_Cajas.vlTotalSaldoInicial  = -2041.00 ,TB_Cajas.dtObservacion  = '07/02/2018 12:11:37' ,TB_Cajas.vlCierrePesos  = -1656 ,TB_Cajas.vlSaldoFinalRealDolares  = 0.00 ,TB_Cajas.vlSaldoFinalRealEuros  = 0.00 ,TB_Cajas.vlTotalSaldoFinalReal  = -3697.00 ,TB_Cajas.vlCierreDolares  = 0 ,TB_Cajas.vlCierreEuros  = 0 ,TB_Cajas.dsObservacion  = null ,TB_Cajas.vlDiaReal  = 3.21 ,TB_Cajas.flCajaAdm  = 1   WHERE TB_Cajas.nrCaja = 9000003774  
07/02/2018 12:11:37 | Exec sco_DiccionariodeDatos @nmtabla_param='VW_UltimaCajaAdm'
07/02/2018 12:11:37 |  SELECT VW_UltimaCajaAdm.nrCaja ,VW_UltimaCajaAdm.vlSaldoFinalRealPesos ,VW_UltimaCajaAdm.vlSaldoFinalRealEuros ,VW_UltimaCajaAdm.vlSaldoFinalRealDolares  FROM VW_UltimaCajaAdm   
07/02/2018 12:11:37 |  SELECT TB_Cajas.nrCaja  FROM TB_Cajas  WHERE TB_Cajas.nrCaja = 9000003774  AND  TB_Cajas.flEstado = 0    
07/02/2018 12:11:37 | Exec sco_DiccionariodeDatos @nmtabla_param='sco_cajapuesto_v3_9'
07/02/2018 12:11:37 | Exec sco_cajapuesto_v3_9 @nrCaja_param = 9000003773 
07/02/2018 12:11:37 | Exec sco_cajapuesto_v3_9 @nrCaja_param = 9000003774 
07/02/2018 12:11:37 | Exec sco_DiccionariodeDatos @nmtabla_param='spu_esdifporCotizacionImputadas_v3_9'
07/02/2018 12:11:37 | Exec spu_esdifporCotizacionImputadas_v3_9 @nrCajaAdmActual = 9000003774 
07/02/2018 12:11:37 | Exec sco_validarVencimientosCAI_v4_1
07/02/2018 12:11:37 | Exec sco_DiccionariodeDatos @nmtabla_param='sco_AccesosOpcionesMenu'
07/02/2018 12:11:37 | Exec sco_AccesosOpcionesMenu @p_tpNivelAcceso = 'Administración' ,@p_operaconcaja = 1 
07/02/2018 12:11:37 | Exec sco_AccesosOpcionesMenu @p_tpNivelAcceso = 'Administración' ,@p_operaconcaja = 1 
07/02/2018 12:11:39 | Exec sco_DiccionariodeDatos @nmtabla_param='TB_Productos'
07/02/2018 12:11:39 |  SELECT TB_Comisiones.cdComision ,TB_Comisiones.dsComision  FROM TB_Comisiones   
07/02/2018 12:11:41 |  SELECT TB_Productos.cdProducto ,TB_Productos.dsProducto ,TB_Productos.vlPrecioViaje ,TB_Productos.vlPrecioPeaje ,TB_Productos.ObsHoras ,TB_Productos.vlPrecioViajeSinPeaje ,TB_Productos.vlKilometros ,TB_Productos.flMuestraenlaWEB ,TB_Productos.flIncluyeComisionRetorno ,TB_Productos.tpDestino ,TB_Productos.cdComision ,TB_Productos.vlKilometros ,TB_Productos.vlPrecioViaje ,TB_Productos.obsHoras  FROM TB_Productos  WHERE  dsProducto Like ('%%%') AND TB_Productos.flEliminar = 0     Order by TB_Productos.dsProducto ASC 
07/02/2018 12:11:46 |  SELECT TB_Productos.cdProducto ,TB_Productos.dsProducto ,TB_Productos.vlPrecioViaje ,TB_Productos.vlPrecioPeaje ,TB_Productos.ObsHoras ,TB_Productos.vlPrecioViajeSinPeaje ,TB_Productos.vlKilometros ,TB_Productos.flMuestraenlaWEB ,TB_Productos.flIncluyeComisionRetorno ,TB_Productos.tpDestino ,TB_Productos.cdComision ,TB_Productos.vlKilometros ,TB_Productos.vlPrecioViaje ,TB_Productos.obsHoras  FROM TB_Productos  WHERE  dsProducto Like ('%ROSARIO%') AND TB_Productos.flEliminar = 0     Order by TB_Productos.dsProducto ASC 
07/02/2018 12:12:03 |  SELECT TB_Productos.cdProducto ,TB_Productos.dsProducto ,TB_Productos.vlPrecioViaje ,TB_Productos.vlPrecioPeaje ,TB_Productos.ObsHoras ,TB_Productos.vlPrecioViajeSinPeaje ,TB_Productos.vlKilometros ,TB_Productos.flMuestraenlaWEB ,TB_Productos.flIncluyeComisionRetorno ,TB_Productos.tpDestino ,TB_Productos.cdComision ,TB_Productos.vlKilometros ,TB_Productos.vlPrecioViaje ,TB_Productos.obsHoras  FROM TB_Productos  WHERE  dsProducto Like ('%ROSARIO%') AND TB_Productos.flEliminar = 0     Order by TB_Productos.dsProducto ASC 
07/02/2018 12:12:05 |  SELECT TB_Productos.cdComision ,TB_Productos.tpDestino ,TB_Productos.flIncluyeComisionRetorno ,TB_Productos.flMuestraenlaWEB ,TB_Productos.vlPrecioxKilometro ,TB_Productos.vlKilometros ,TB_Productos.vlPrecioViaje ,TB_Productos.vlPrecioPeaje ,TB_Productos.cdOrden ,TB_Productos.vlPrecioViajeSinPeaje ,TB_Productos.flMuestra ,TB_Productos.tpOperacion ,TB_Productos.vlPorcentaje ,TB_Productos.ObsHoras ,TB_Productos.dsProducto ,TB_Productos.cdProducto  FROM TB_Productos  WHERE TB_Productos.cdProducto = 20161  AND  TB_Productos.flEliminar = 0    
07/02/2018 12:12:08 |  SELECT tb_parametros.dsParametro ,tb_parametros.vlParametro ,tb_parametros.tpParametro ,tb_parametros.flEditable ,tb_parametros.nrTamanio ,tb_parametros.dtActualizacion  FROM tb_parametros  WHERE tb_parametros.dsParametro = 'KM_IVA'    
07/02/2018 12:12:08 | Exec sco_DiccionariodeDatos @nmtabla_param='SP_obtenerAlicuotaIVA'
07/02/2018 12:12:08 | Exec SP_obtenerAlicuotaIVA @tpCategoriaIVA_param = 'RI' 
07/02/2018 12:12:08 | Exec sco_DiccionariodeDatos @nmtabla_param='SP_CalcularIVA'
07/02/2018 12:12:08 | Exec SP_CalcularIVA @tpCategoriaIVA_param = 'RI' ,@vlMonto_param = 6776 ,@vlAlicuota_param = 21 ,@precio_menos_iva_param = 0 
07/02/2018 12:19:07 | Exec sco_DiccionariodeDatos @nmtabla_param='TB_Puestos'
07/02/2018 12:19:07 |  SELECT TB_Puestos.nrPuesto ,TB_Puestos.dsPuesto  FROM TB_Puestos   
07/02/2018 12:19:07 |  SELECT TB_Puestos.nrPuesto ,TB_Puestos.dsPuesto  FROM TB_Puestos  WHERE TB_Puestos.nrPuesto = 9    
07/02/2018 12:19:17 | Exec  sco_TB_Productos_v4_1 
07/02/2018 12:19:17 | Exec sco_DiccionariodeDatos @nmtabla_param='TB_Usuarios'
07/02/2018 12:19:22 |  SELECT TB_Usuarios.dsUsuario ,TB_Usuarios.dspassword ,TB_Usuarios.tpAcceso ,TB_Usuarios.nmNombre ,TB_Usuarios.nmApellido ,TB_Usuarios.flBloqueado ,TB_Usuarios.tpNivelJerarquico  FROM TB_Usuarios  WHERE TB_Usuarios.dsUsuario = 'CAMILAP'  AND  TB_Usuarios.flEliminar = 0    
07/02/2018 12:19:22 |  SELECT TB_Usuarios.dsUsuario ,TB_Usuarios.dspassword ,TB_Usuarios.tpAcceso ,TB_Usuarios.nmNombre ,TB_Usuarios.nmApellido ,TB_Usuarios.flBloqueado ,TB_Usuarios.tpNivelJerarquico  FROM TB_Usuarios  WHERE TB_Usuarios.dsUsuario = 'CAMILAP'  AND  TB_Usuarios.flEliminar = 0    
07/02/2018 12:19:26 | Exec sco_DiccionariodeDatos @nmtabla_param='TB_Puestos'
07/02/2018 12:19:26 |  SELECT TB_Puestos.nrPuesto ,TB_Puestos.dsPuesto  FROM TB_Puestos   
07/02/2018 12:19:26 |  SELECT TB_Puestos.nrPuesto ,TB_Puestos.dsPuesto  FROM TB_Puestos  WHERE TB_Puestos.nrPuesto = 9    
07/02/2018 12:19:38 | Exec  sco_TB_Productos_v4_1 
07/02/2018 12:19:38 | Exec sco_DiccionariodeDatos @nmtabla_param='TB_Usuarios'
07/02/2018 12:19:47 |  SELECT TB_Usuarios.dsUsuario ,TB_Usuarios.dspassword ,TB_Usuarios.tpAcceso ,TB_Usuarios.nmNombre ,TB_Usuarios.nmApellido ,TB_Usuarios.flBloqueado ,TB_Usuarios.tpNivelJerarquico  FROM TB_Usuarios  WHERE TB_Usuarios.dsUsuario = 'CAMILAP'  AND  TB_Usuarios.flEliminar = 0    
07/02/2018 12:19:47 |  SELECT TB_Usuarios.dsUsuario ,TB_Usuarios.dspassword ,TB_Usuarios.tpAcceso ,TB_Usuarios.nmNombre ,TB_Usuarios.nmApellido ,TB_Usuarios.flBloqueado ,TB_Usuarios.tpNivelJerarquico  FROM TB_Usuarios  WHERE TB_Usuarios.dsUsuario = 'CAMILAP'  AND  TB_Usuarios.flEliminar = 0    
07/02/2018 12:19:47 | Exec sco_DiccionariodeDatos @nmtabla_param='sp_obtenerCajasPendientesdeAprobacion_v2_5'
07/02/2018 12:19:47 | Exec sp_obtenerCajasPendientesdeAprobacion_v2_5 @pdsUsuario_param = 'CAMILAP' 
07/02/2018 12:19:47 | Exec sp_obtenerCajasRechazadas_v2_9 
07/02/2018 12:19:47 | Exec sco_DiccionariodeDatos @nmtabla_param='TB_Parametros'
07/02/2018 12:19:47 |  SELECT TB_Parametros.vlParametro  FROM TB_Parametros  WHERE TB_Parametros.dsParametro = 'VALOR EURO'    
07/02/2018 12:19:47 |  SELECT TB_Parametros.vlParametro  FROM TB_Parametros  WHERE TB_Parametros.dsParametro = 'VALOR DOLAR'    
07/02/2018 12:19:47 | Exec SP_ValorPromoRetorno
07/02/2018 12:19:47 | Exec sco_DiccionariodeDatos @nmtabla_param='TB_Comisiones'
07/02/2018 12:19:47 |  SELECT TB_Comisiones.vlMontoMinimo  FROM TB_Comisiones  WHERE TB_Comisiones.tpComision = 'Retorno'  AND  TB_Comisiones.flEliminar = 0    
07/02/2018 12:19:47 |  SELECT TB_Parametros.vlParametro  FROM TB_Parametros  WHERE TB_Parametros.dsParametro = 'VALOR REAL'    
07/02/2018 12:19:47 | Exec sco_DiccionariodeDatos @nmtabla_param='TB_Cajas'
07/02/2018 12:19:47 |  SELECT TB_Cajas.nrCaja  FROM TB_Cajas  WHERE TB_Cajas.dsUsuario = 'CAMILAP'  and  TB_Cajas.flEstado = 0  and  TB_Cajas.tpEstadoAprobacion IS NULL  and  TB_Cajas.nrcaja > 0    
07/02/2018 12:19:49 |  SELECT TB_Cajas.nrCaja ,TB_Cajas.vlTotalSaldoFinal ,TB_Cajas.nrPuesto ,TB_Cajas.dsUsuario ,TB_Cajas.vlSaldoInicialPesos ,TB_Cajas.dtApertura ,TB_Cajas.dtCierre ,TB_Cajas.vlDiaDolar ,TB_Cajas.vlDiaEuro ,TB_Cajas.vlSaldoInicialEuros ,TB_Cajas.vlSaldoInicialDolares ,TB_Cajas.vlSaldoFinalRealPesos ,TB_Cajas.vlTotalSaldoInicial ,TB_Cajas.dtObservacion ,TB_Cajas.vlCierrePesos ,TB_Cajas.vlSaldoFinalRealDolares ,TB_Cajas.vlSaldoFinalRealEuros ,TB_Cajas.vlTotalSaldoFinalReal ,TB_Cajas.vlCierreDolares ,TB_Cajas.vlCierreEuros ,TB_Cajas.dsObservacion ,TB_Cajas.vlDiaReal ,TB_Cajas.flEstado  FROM TB_Cajas  WHERE TB_Cajas.nrCaja = 9000003774    
07/02/2018 12:19:49 | Exec sco_DiccionariodeDatos @nmtabla_param='SP_SumaCajaADM_v2_9'
07/02/2018 12:19:49 | Exec SP_SumaCajaADM_v2_9 @nrCaja_param = 9000003774 ,@tpCaja_param = 'CA' ,@tpCajaImputacion_param = null 
07/02/2018 12:19:49 |  UPDATE TB_Cajas SET TB_Cajas.vlSaldoFinalRealPesos  = -3697.00 ,TB_Cajas.vlSaldoFinalRealEuros  = 0.00 ,TB_Cajas.vlSaldoFinalRealDolares  = 0.00 ,TB_Cajas.vlCierrePesos  = -1656 ,TB_Cajas.vlCierreDolares  = 0 ,TB_Cajas.vlCierreEuros  = 0   WHERE TB_Cajas.nrCaja = 9000003774  
07/02/2018 12:19:58 |  UPDATE TB_Cajas SET TB_Cajas.nrCaja  = 9000003774 ,TB_Cajas.vlTotalSaldoFinal  = -1656.00 ,TB_Cajas.nrPuesto  = 9 ,TB_Cajas.dsUsuario  = 'CAMILAP' ,TB_Cajas.vlSaldoInicialPesos  = -2041.00 ,TB_Cajas.dtApertura  = '08/12/2017 12:23:10' ,TB_Cajas.dtCierre  = null ,TB_Cajas.vlDiaDolar  = 9.10 ,TB_Cajas.vlDiaEuro  = 10.00 ,TB_Cajas.vlSaldoInicialEuros  = 0.00 ,TB_Cajas.vlSaldoInicialDolares  = 0.00 ,TB_Cajas.vlSaldoFinalRealPesos  = -3697.00 ,TB_Cajas.vlTotalSaldoInicial  = -2041.00 ,TB_Cajas.dtObservacion  = '07/02/2018 12:19:58' ,TB_Cajas.vlCierrePesos  = -1656 ,TB_Cajas.vlSaldoFinalRealDolares  = 0.00 ,TB_Cajas.vlSaldoFinalRealEuros  = 0.00 ,TB_Cajas.vlTotalSaldoFinalReal  = -3697.00 ,TB_Cajas.vlCierreDolares  = 0 ,TB_Cajas.vlCierreEuros  = 0 ,TB_Cajas.dsObservacion  = null ,TB_Cajas.vlDiaReal  = 3.21 ,TB_Cajas.flCajaAdm  = 1   WHERE TB_Cajas.nrCaja = 9000003774  
07/02/2018 12:19:58 | Exec sco_DiccionariodeDatos @nmtabla_param='VW_UltimaCajaAdm'
07/02/2018 12:19:58 |  SELECT VW_UltimaCajaAdm.nrCaja ,VW_UltimaCajaAdm.vlSaldoFinalRealPesos ,VW_UltimaCajaAdm.vlSaldoFinalRealEuros ,VW_UltimaCajaAdm.vlSaldoFinalRealDolares  FROM VW_UltimaCajaAdm   
07/02/2018 12:19:58 |  SELECT TB_Cajas.nrCaja  FROM TB_Cajas  WHERE TB_Cajas.nrCaja = 9000003774  AND  TB_Cajas.flEstado = 0    
07/02/2018 12:19:58 | Exec sco_DiccionariodeDatos @nmtabla_param='sco_cajapuesto_v3_9'
07/02/2018 12:19:58 | Exec sco_cajapuesto_v3_9 @nrCaja_param = 9000003773 
07/02/2018 12:19:58 | Exec sco_cajapuesto_v3_9 @nrCaja_param = 9000003774 
07/02/2018 12:19:58 | Exec sco_DiccionariodeDatos @nmtabla_param='spu_esdifporCotizacionImputadas_v3_9'
07/02/2018 12:19:58 | Exec spu_esdifporCotizacionImputadas_v3_9 @nrCajaAdmActual = 9000003774 
07/02/2018 12:19:58 | Exec sco_validarVencimientosCAI_v4_1
07/02/2018 12:19:58 | Exec sco_DiccionariodeDatos @nmtabla_param='sco_AccesosOpcionesMenu'
07/02/2018 12:19:58 | Exec sco_AccesosOpcionesMenu @p_tpNivelAcceso = 'Administración' ,@p_operaconcaja = 1 
07/02/2018 12:19:59 | Exec sco_AccesosOpcionesMenu @p_tpNivelAcceso = 'Administración' ,@p_operaconcaja = 1 
07/02/2018 12:20:03 | Exec sco_DiccionariodeDatos @nmtabla_param='TB_Productos'
07/02/2018 12:20:03 |  SELECT TB_Comisiones.cdComision ,TB_Comisiones.dsComision  FROM TB_Comisiones   
07/02/2018 12:20:07 |  SELECT TB_Productos.cdProducto ,TB_Productos.dsProducto ,TB_Productos.vlPrecioViaje ,TB_Productos.vlPrecioPeaje ,TB_Productos.ObsHoras ,TB_Productos.vlPrecioViajeSinPeaje ,TB_Productos.vlKilometros ,TB_Productos.flMuestraenlaWEB ,TB_Productos.flIncluyeComisionRetorno ,TB_Productos.tpDestino ,TB_Productos.cdComision ,TB_Productos.vlKilometros ,TB_Productos.vlPrecioViaje ,TB_Productos.obsHoras  FROM TB_Productos  WHERE  dsProducto Like ('%ROSARIO%') AND TB_Productos.flEliminar = 0     Order by TB_Productos.dsProducto ASC 
07/02/2018 12:20:09 |  SELECT TB_Productos.cdComision ,TB_Productos.tpDestino ,TB_Productos.flIncluyeComisionRetorno ,TB_Productos.flMuestraenlaWEB ,TB_Productos.vlPrecioxKilometro ,TB_Productos.vlKilometros ,TB_Productos.vlPrecioViaje ,TB_Productos.vlPrecioPeaje ,TB_Productos.cdOrden ,TB_Productos.vlPrecioViajeSinPeaje ,TB_Productos.flMuestra ,TB_Productos.tpOperacion ,TB_Productos.vlPorcentaje ,TB_Productos.ObsHoras ,TB_Productos.dsProducto ,TB_Productos.cdProducto  FROM TB_Productos  WHERE TB_Productos.cdProducto = 20161  AND  TB_Productos.flEliminar = 0    
07/02/2018 12:20:11 |  SELECT tb_parametros.dsParametro ,tb_parametros.vlParametro ,tb_parametros.tpParametro ,tb_parametros.flEditable ,tb_parametros.nrTamanio ,tb_parametros.dtActualizacion  FROM tb_parametros  WHERE tb_parametros.dsParametro = 'KM_IVA'    
07/02/2018 12:20:11 | Exec sco_DiccionariodeDatos @nmtabla_param='SP_obtenerAlicuotaIVA'
07/02/2018 12:20:11 | Exec SP_obtenerAlicuotaIVA @tpCategoriaIVA_param = 'RI' 
07/02/2018 12:20:11 | Exec sco_DiccionariodeDatos @nmtabla_param='SP_CalcularIVA'
07/02/2018 12:20:11 | Exec SP_CalcularIVA @tpCategoriaIVA_param = 'RI' ,@vlMonto_param = 5120 ,@vlAlicuota_param = 21 ,@precio_menos_iva_param = 0 
07/02/2018 12:31:57 | Exec sco_DiccionariodeDatos @nmtabla_param='TB_Puestos'
07/02/2018 12:31:58 |  SELECT TB_Puestos.nrPuesto ,TB_Puestos.dsPuesto  FROM TB_Puestos   
07/02/2018 12:31:58 |  SELECT TB_Puestos.nrPuesto ,TB_Puestos.dsPuesto  FROM TB_Puestos  WHERE TB_Puestos.nrPuesto = 9    
07/02/2018 12:32:05 | Exec  sco_TB_Productos_v4_1 
07/02/2018 12:32:05 | Exec sco_DiccionariodeDatos @nmtabla_param='TB_Usuarios'
07/02/2018 12:32:08 |  SELECT TB_Usuarios.dsUsuario ,TB_Usuarios.dspassword ,TB_Usuarios.tpAcceso ,TB_Usuarios.nmNombre ,TB_Usuarios.nmApellido ,TB_Usuarios.flBloqueado ,TB_Usuarios.tpNivelJerarquico  FROM TB_Usuarios  WHERE TB_Usuarios.dsUsuario = 'CAMILAP'  AND  TB_Usuarios.flEliminar = 0    
07/02/2018 12:32:08 |  SELECT TB_Usuarios.dsUsuario ,TB_Usuarios.dspassword ,TB_Usuarios.tpAcceso ,TB_Usuarios.nmNombre ,TB_Usuarios.nmApellido ,TB_Usuarios.flBloqueado ,TB_Usuarios.tpNivelJerarquico  FROM TB_Usuarios  WHERE TB_Usuarios.dsUsuario = 'CAMILAP'  AND  TB_Usuarios.flEliminar = 0    
07/02/2018 12:32:08 | Exec sco_DiccionariodeDatos @nmtabla_param='sp_obtenerCajasPendientesdeAprobacion_v2_5'
07/02/2018 12:32:08 | Exec sp_obtenerCajasPendientesdeAprobacion_v2_5 @pdsUsuario_param = 'CAMILAP' 
07/02/2018 12:32:08 | Exec sp_obtenerCajasRechazadas_v2_9 
07/02/2018 12:32:08 | Exec sco_DiccionariodeDatos @nmtabla_param='TB_Parametros'
07/02/2018 12:32:08 |  SELECT TB_Parametros.vlParametro  FROM TB_Parametros  WHERE TB_Parametros.dsParametro = 'VALOR EURO'    
07/02/2018 12:32:08 |  SELECT TB_Parametros.vlParametro  FROM TB_Parametros  WHERE TB_Parametros.dsParametro = 'VALOR DOLAR'    
07/02/2018 12:32:08 | Exec SP_ValorPromoRetorno
07/02/2018 12:32:08 | Exec sco_DiccionariodeDatos @nmtabla_param='TB_Comisiones'
07/02/2018 12:32:08 |  SELECT TB_Comisiones.vlMontoMinimo  FROM TB_Comisiones  WHERE TB_Comisiones.tpComision = 'Retorno'  AND  TB_Comisiones.flEliminar = 0    
07/02/2018 12:32:08 |  SELECT TB_Parametros.vlParametro  FROM TB_Parametros  WHERE TB_Parametros.dsParametro = 'VALOR REAL'    
07/02/2018 12:32:08 | Exec sco_DiccionariodeDatos @nmtabla_param='TB_Cajas'
07/02/2018 12:32:08 |  SELECT TB_Cajas.nrCaja  FROM TB_Cajas  WHERE TB_Cajas.dsUsuario = 'CAMILAP'  and  TB_Cajas.flEstado = 0  and  TB_Cajas.tpEstadoAprobacion IS NULL  and  TB_Cajas.nrcaja > 0    
07/02/2018 12:32:10 |  SELECT TB_Cajas.nrCaja ,TB_Cajas.vlTotalSaldoFinal ,TB_Cajas.nrPuesto ,TB_Cajas.dsUsuario ,TB_Cajas.vlSaldoInicialPesos ,TB_Cajas.dtApertura ,TB_Cajas.dtCierre ,TB_Cajas.vlDiaDolar ,TB_Cajas.vlDiaEuro ,TB_Cajas.vlSaldoInicialEuros ,TB_Cajas.vlSaldoInicialDolares ,TB_Cajas.vlSaldoFinalRealPesos ,TB_Cajas.vlTotalSaldoInicial ,TB_Cajas.dtObservacion ,TB_Cajas.vlCierrePesos ,TB_Cajas.vlSaldoFinalRealDolares ,TB_Cajas.vlSaldoFinalRealEuros ,TB_Cajas.vlTotalSaldoFinalReal ,TB_Cajas.vlCierreDolares ,TB_Cajas.vlCierreEuros ,TB_Cajas.dsObservacion ,TB_Cajas.vlDiaReal ,TB_Cajas.flEstado  FROM TB_Cajas  WHERE TB_Cajas.nrCaja = 9000003774    
07/02/2018 12:32:10 | Exec sco_DiccionariodeDatos @nmtabla_param='SP_SumaCajaADM_v2_9'
07/02/2018 12:32:10 | Exec SP_SumaCajaADM_v2_9 @nrCaja_param = 9000003774 ,@tpCaja_param = 'CA' ,@tpCajaImputacion_param = null 
07/02/2018 12:32:10 |  UPDATE TB_Cajas SET TB_Cajas.vlSaldoFinalRealPesos  = -3697.00 ,TB_Cajas.vlSaldoFinalRealEuros  = 0.00 ,TB_Cajas.vlSaldoFinalRealDolares  = 0.00 ,TB_Cajas.vlCierrePesos  = -1656 ,TB_Cajas.vlCierreDolares  = 0 ,TB_Cajas.vlCierreEuros  = 0   WHERE TB_Cajas.nrCaja = 9000003774  
07/02/2018 12:32:11 |  UPDATE TB_Cajas SET TB_Cajas.nrCaja  = 9000003774 ,TB_Cajas.vlTotalSaldoFinal  = -1656.00 ,TB_Cajas.nrPuesto  = 9 ,TB_Cajas.dsUsuario  = 'CAMILAP' ,TB_Cajas.vlSaldoInicialPesos  = -2041.00 ,TB_Cajas.dtApertura  = '08/12/2017 12:23:10' ,TB_Cajas.dtCierre  = null ,TB_Cajas.vlDiaDolar  = 9.10 ,TB_Cajas.vlDiaEuro  = 10.00 ,TB_Cajas.vlSaldoInicialEuros  = 0.00 ,TB_Cajas.vlSaldoInicialDolares  = 0.00 ,TB_Cajas.vlSaldoFinalRealPesos  = -3697.00 ,TB_Cajas.vlTotalSaldoInicial  = -2041.00 ,TB_Cajas.dtObservacion  = '07/02/2018 12:32:11' ,TB_Cajas.vlCierrePesos  = -1656 ,TB_Cajas.vlSaldoFinalRealDolares  = 0.00 ,TB_Cajas.vlSaldoFinalRealEuros  = 0.00 ,TB_Cajas.vlTotalSaldoFinalReal  = -3697.00 ,TB_Cajas.vlCierreDolares  = 0 ,TB_Cajas.vlCierreEuros  = 0 ,TB_Cajas.dsObservacion  = null ,TB_Cajas.vlDiaReal  = 3.21 ,TB_Cajas.flCajaAdm  = 1   WHERE TB_Cajas.nrCaja = 9000003774  
07/02/2018 12:32:11 | Exec sco_DiccionariodeDatos @nmtabla_param='VW_UltimaCajaAdm'
07/02/2018 12:32:11 |  SELECT VW_UltimaCajaAdm.nrCaja ,VW_UltimaCajaAdm.vlSaldoFinalRealPesos ,VW_UltimaCajaAdm.vlSaldoFinalRealEuros ,VW_UltimaCajaAdm.vlSaldoFinalRealDolares  FROM VW_UltimaCajaAdm   
07/02/2018 12:32:11 |  SELECT TB_Cajas.nrCaja  FROM TB_Cajas  WHERE TB_Cajas.nrCaja = 9000003774  AND  TB_Cajas.flEstado = 0    
07/02/2018 12:32:11 | Exec sco_DiccionariodeDatos @nmtabla_param='sco_cajapuesto_v3_9'
07/02/2018 12:32:11 | Exec sco_cajapuesto_v3_9 @nrCaja_param = 9000003773 
07/02/2018 12:32:11 | Exec sco_cajapuesto_v3_9 @nrCaja_param = 9000003774 
07/02/2018 12:32:11 | Exec sco_DiccionariodeDatos @nmtabla_param='spu_esdifporCotizacionImputadas_v3_9'
07/02/2018 12:32:11 | Exec spu_esdifporCotizacionImputadas_v3_9 @nrCajaAdmActual = 9000003774 
07/02/2018 12:32:11 | Exec sco_validarVencimientosCAI_v4_1
07/02/2018 12:32:11 | Exec sco_DiccionariodeDatos @nmtabla_param='sco_AccesosOpcionesMenu'
07/02/2018 12:32:11 | Exec sco_AccesosOpcionesMenu @p_tpNivelAcceso = 'Administración' ,@p_operaconcaja = 1 
07/02/2018 12:32:12 | Exec sco_AccesosOpcionesMenu @p_tpNivelAcceso = 'Administración' ,@p_operaconcaja = 1 
07/02/2018 12:32:15 | Exec sco_DiccionariodeDatos @nmtabla_param='TB_Productos'
07/02/2018 12:32:15 |  SELECT TB_Comisiones.cdComision ,TB_Comisiones.dsComision  FROM TB_Comisiones   
07/02/2018 12:32:21 |  SELECT TB_Productos.cdProducto ,TB_Productos.dsProducto ,TB_Productos.vlPrecioViaje ,TB_Productos.vlPrecioPeaje ,TB_Productos.ObsHoras ,TB_Productos.vlPrecioViajeSinPeaje ,TB_Productos.vlKilometros ,TB_Productos.flMuestraenlaWEB ,TB_Productos.flIncluyeComisionRetorno ,TB_Productos.tpDestino ,TB_Productos.cdComision ,TB_Productos.vlKilometros ,TB_Productos.vlPrecioViaje ,TB_Productos.obsHoras  FROM TB_Productos  WHERE  dsProducto Like ('%ROSARIO%') AND TB_Productos.flEliminar = 0     Order by TB_Productos.dsProducto ASC 
07/02/2018 12:32:22 |  SELECT TB_Productos.cdComision ,TB_Productos.tpDestino ,TB_Productos.flIncluyeComisionRetorno ,TB_Productos.flMuestraenlaWEB ,TB_Productos.vlPrecioxKilometro ,TB_Productos.vlKilometros ,TB_Productos.vlPrecioViaje ,TB_Productos.vlPrecioPeaje ,TB_Productos.cdOrden ,TB_Productos.vlPrecioViajeSinPeaje ,TB_Productos.flMuestra ,TB_Productos.tpOperacion ,TB_Productos.vlPorcentaje ,TB_Productos.ObsHoras ,TB_Productos.dsProducto ,TB_Productos.cdProducto  FROM TB_Productos  WHERE TB_Productos.cdProducto = 20161  AND  TB_Productos.flEliminar = 0    
07/02/2018 12:37:45 |  SELECT TB_Productos.cdComision ,TB_Productos.tpDestino ,TB_Productos.flIncluyeComisionRetorno ,TB_Productos.flMuestraenlaWEB ,TB_Productos.vlPrecioxKilometro ,TB_Productos.vlKilometros ,TB_Productos.vlPrecioViaje ,TB_Productos.vlPrecioPeaje ,TB_Productos.cdOrden ,TB_Productos.vlPrecioViajeSinPeaje ,TB_Productos.flMuestra ,TB_Productos.tpOperacion ,TB_Productos.vlPorcentaje ,TB_Productos.ObsHoras ,TB_Productos.dsProducto ,TB_Productos.cdProducto  FROM TB_Productos  WHERE TB_Productos.cdProducto = 20161  AND  TB_Productos.flEliminar = 0    
07/02/2018 12:38:03 |  SELECT TB_Productos.cdComision ,TB_Productos.tpDestino ,TB_Productos.flIncluyeComisionRetorno ,TB_Productos.flMuestraenlaWEB ,TB_Productos.vlPrecioxKilometro ,TB_Productos.vlKilometros ,TB_Productos.vlPrecioViaje ,TB_Productos.vlPrecioPeaje ,TB_Productos.cdOrden ,TB_Productos.vlPrecioViajeSinPeaje ,TB_Productos.flMuestra ,TB_Productos.tpOperacion ,TB_Productos.vlPorcentaje ,TB_Productos.ObsHoras ,TB_Productos.dsProducto ,TB_Productos.cdProducto  FROM TB_Productos  WHERE TB_Productos.cdProducto = 20161  AND  TB_Productos.flEliminar = 0    
07/02/2018 12:38:46 |  SELECT tb_parametros.dsParametro ,tb_parametros.vlParametro ,tb_parametros.tpParametro ,tb_parametros.flEditable ,tb_parametros.nrTamanio ,tb_parametros.dtActualizacion  FROM tb_parametros  WHERE tb_parametros.dsParametro = 'KM_IVA'    
07/02/2018 12:38:49 | Exec sco_DiccionariodeDatos @nmtabla_param='SP_obtenerAlicuotaIVA'
07/02/2018 12:38:49 | Exec SP_obtenerAlicuotaIVA @tpCategoriaIVA_param = 'RI' 
07/02/2018 12:38:50 | Exec sco_DiccionariodeDatos @nmtabla_param='SP_CalcularIVA'
07/02/2018 12:38:50 | Exec SP_CalcularIVA @tpCategoriaIVA_param = 'RI' ,@vlMonto_param = 5120 ,@vlAlicuota_param = 21 ,@precio_menos_iva_param = 0 
07/02/2018 12:39:35 | SET DATEFORMAT dmy
07/02/2018 12:39:35 | select getdate() AS FECHA
07/02/2018 12:39:35 |  UPDATE TB_Productos SET TB_Productos.cdProducto  = 20161 ,TB_Productos.vlPorcentaje  = 0 ,TB_Productos.dsProducto  = 'ROSARIO - SANTA FE' ,TB_Productos.vlPrecioViaje  = 6195 ,TB_Productos.vlPrecioViajeSinPeaje  = 6195.00 ,TB_Productos.vlPrecioPeaje  = 0.00 ,TB_Productos.ObsHoras  = null ,TB_Productos.cdOrden  = 'R' ,TB_Productos.vlKilometros  = 320 ,TB_Productos.vlPrecioxKilometro  = 5120.00 ,TB_Productos.tpDestino  = null ,TB_Productos.flMuestra  = 1 ,TB_Productos.flMuestraenlaWEB  = 0 ,TB_Productos.flIncluyeComisionRetorno  = 0 ,TB_Productos.dtActualizacion  = '07/02/2018 12:39:35' ,TB_Productos.tpOperacion  = 'Viaje'   WHERE TB_Productos.cdProducto = 20161  
07/02/2018 12:39:38 |  SELECT TB_Productos.cdProducto ,TB_Productos.dsProducto ,TB_Productos.vlPrecioViaje ,TB_Productos.vlPrecioPeaje ,TB_Productos.ObsHoras ,TB_Productos.vlPrecioViajeSinPeaje ,TB_Productos.vlKilometros ,TB_Productos.flMuestraenlaWEB ,TB_Productos.flIncluyeComisionRetorno ,TB_Productos.tpDestino ,TB_Productos.cdComision ,TB_Productos.vlKilometros ,TB_Productos.vlPrecioViaje ,TB_Productos.obsHoras  FROM TB_Productos  WHERE  dsProducto Like ('%ROSARIO%') AND TB_Productos.flEliminar = 0     Order by TB_Productos.dsProducto ASC 
07/02/2018 12:39:40 |  SELECT TB_Productos.cdComision ,TB_Productos.tpDestino ,TB_Productos.flIncluyeComisionRetorno ,TB_Productos.flMuestraenlaWEB ,TB_Productos.vlPrecioxKilometro ,TB_Productos.vlKilometros ,TB_Productos.vlPrecioViaje ,TB_Productos.vlPrecioPeaje ,TB_Productos.cdOrden ,TB_Productos.vlPrecioViajeSinPeaje ,TB_Productos.flMuestra ,TB_Productos.tpOperacion ,TB_Productos.vlPorcentaje ,TB_Productos.ObsHoras ,TB_Productos.dsProducto ,TB_Productos.cdProducto  FROM TB_Productos  WHERE TB_Productos.cdProducto = 20161  AND  TB_Productos.flEliminar = 0    
07/02/2018 12:39:45 |  SELECT tb_parametros.dsParametro ,tb_parametros.vlParametro ,tb_parametros.tpParametro ,tb_parametros.flEditable ,tb_parametros.nrTamanio ,tb_parametros.dtActualizacion  FROM tb_parametros  WHERE tb_parametros.dsParametro = 'KM_IVA'    
07/02/2018 12:39:45 | Exec SP_obtenerAlicuotaIVA @tpCategoriaIVA_param = 'RI' 
07/02/2018 12:39:45 | Exec SP_CalcularIVA @tpCategoriaIVA_param = 'RI' ,@vlMonto_param = 5120 ,@vlAlicuota_param = 21 ,@precio_menos_iva_param = 0 
07/02/2018 12:40:02 | Exec sco_AccesosOpcionesMenu @p_tpNivelAcceso = 'Administración' ,@p_operaconcaja = 1 
07/02/2018 12:40:26 | Exec sco_DiccionariodeDatos @nmtabla_param='TB_Puestos'
07/02/2018 12:40:26 |  SELECT TB_Puestos.nrPuesto ,TB_Puestos.dsPuesto  FROM TB_Puestos   
07/02/2018 12:40:26 |  SELECT TB_Puestos.nrPuesto ,TB_Puestos.dsPuesto  FROM TB_Puestos  WHERE TB_Puestos.nrPuesto = 9    
07/02/2018 12:40:30 | Exec  sco_TB_Productos_v4_1 
07/02/2018 12:40:30 | Exec sco_DiccionariodeDatos @nmtabla_param='TB_Usuarios'
07/02/2018 12:40:33 |  SELECT TB_Usuarios.dsUsuario ,TB_Usuarios.dspassword ,TB_Usuarios.tpAcceso ,TB_Usuarios.nmNombre ,TB_Usuarios.nmApellido ,TB_Usuarios.flBloqueado ,TB_Usuarios.tpNivelJerarquico  FROM TB_Usuarios  WHERE TB_Usuarios.dsUsuario = 'CAMILAP'  AND  TB_Usuarios.flEliminar = 0    
07/02/2018 12:40:33 |  SELECT TB_Usuarios.dsUsuario ,TB_Usuarios.dspassword ,TB_Usuarios.tpAcceso ,TB_Usuarios.nmNombre ,TB_Usuarios.nmApellido ,TB_Usuarios.flBloqueado ,TB_Usuarios.tpNivelJerarquico  FROM TB_Usuarios  WHERE TB_Usuarios.dsUsuario = 'CAMILAP'  AND  TB_Usuarios.flEliminar = 0    
07/02/2018 12:40:33 | Exec sco_DiccionariodeDatos @nmtabla_param='sp_obtenerCajasPendientesdeAprobacion_v2_5'
07/02/2018 12:40:33 | Exec sp_obtenerCajasPendientesdeAprobacion_v2_5 @pdsUsuario_param = 'CAMILAP' 
07/02/2018 12:40:33 | Exec sp_obtenerCajasRechazadas_v2_9 
07/02/2018 12:40:33 | Exec sco_DiccionariodeDatos @nmtabla_param='TB_Parametros'
07/02/2018 12:40:33 |  SELECT TB_Parametros.vlParametro  FROM TB_Parametros  WHERE TB_Parametros.dsParametro = 'VALOR EURO'    
07/02/2018 12:40:33 |  SELECT TB_Parametros.vlParametro  FROM TB_Parametros  WHERE TB_Parametros.dsParametro = 'VALOR DOLAR'    
07/02/2018 12:40:33 | Exec SP_ValorPromoRetorno
07/02/2018 12:40:33 | Exec sco_DiccionariodeDatos @nmtabla_param='TB_Comisiones'
07/02/2018 12:40:33 |  SELECT TB_Comisiones.vlMontoMinimo  FROM TB_Comisiones  WHERE TB_Comisiones.tpComision = 'Retorno'  AND  TB_Comisiones.flEliminar = 0    
07/02/2018 12:40:33 |  SELECT TB_Parametros.vlParametro  FROM TB_Parametros  WHERE TB_Parametros.dsParametro = 'VALOR REAL'    
07/02/2018 12:40:33 | Exec sco_DiccionariodeDatos @nmtabla_param='TB_Cajas'
07/02/2018 12:40:33 |  SELECT TB_Cajas.nrCaja  FROM TB_Cajas  WHERE TB_Cajas.dsUsuario = 'CAMILAP'  and  TB_Cajas.flEstado = 0  and  TB_Cajas.tpEstadoAprobacion IS NULL  and  TB_Cajas.nrcaja > 0    
07/02/2018 12:40:35 |  SELECT TB_Cajas.nrCaja ,TB_Cajas.vlTotalSaldoFinal ,TB_Cajas.nrPuesto ,TB_Cajas.dsUsuario ,TB_Cajas.vlSaldoInicialPesos ,TB_Cajas.dtApertura ,TB_Cajas.dtCierre ,TB_Cajas.vlDiaDolar ,TB_Cajas.vlDiaEuro ,TB_Cajas.vlSaldoInicialEuros ,TB_Cajas.vlSaldoInicialDolares ,TB_Cajas.vlSaldoFinalRealPesos ,TB_Cajas.vlTotalSaldoInicial ,TB_Cajas.dtObservacion ,TB_Cajas.vlCierrePesos ,TB_Cajas.vlSaldoFinalRealDolares ,TB_Cajas.vlSaldoFinalRealEuros ,TB_Cajas.vlTotalSaldoFinalReal ,TB_Cajas.vlCierreDolares ,TB_Cajas.vlCierreEuros ,TB_Cajas.dsObservacion ,TB_Cajas.vlDiaReal ,TB_Cajas.flEstado  FROM TB_Cajas  WHERE TB_Cajas.nrCaja = 9000003774    
07/02/2018 12:40:35 | Exec sco_DiccionariodeDatos @nmtabla_param='SP_SumaCajaADM_v2_9'
07/02/2018 12:40:35 | Exec SP_SumaCajaADM_v2_9 @nrCaja_param = 9000003774 ,@tpCaja_param = 'CA' ,@tpCajaImputacion_param = null 
07/02/2018 12:40:35 |  UPDATE TB_Cajas SET TB_Cajas.vlSaldoFinalRealPesos  = -3697.00 ,TB_Cajas.vlSaldoFinalRealEuros  = 0.00 ,TB_Cajas.vlSaldoFinalRealDolares  = 0.00 ,TB_Cajas.vlCierrePesos  = -1656 ,TB_Cajas.vlCierreDolares  = 0 ,TB_Cajas.vlCierreEuros  = 0   WHERE TB_Cajas.nrCaja = 9000003774  
07/02/2018 12:40:36 |  UPDATE TB_Cajas SET TB_Cajas.nrCaja  = 9000003774 ,TB_Cajas.vlTotalSaldoFinal  = -1656.00 ,TB_Cajas.nrPuesto  = 9 ,TB_Cajas.dsUsuario  = 'CAMILAP' ,TB_Cajas.vlSaldoInicialPesos  = -2041.00 ,TB_Cajas.dtApertura  = '08/12/2017 12:23:10' ,TB_Cajas.dtCierre  = null ,TB_Cajas.vlDiaDolar  = 9.10 ,TB_Cajas.vlDiaEuro  = 10.00 ,TB_Cajas.vlSaldoInicialEuros  = 0.00 ,TB_Cajas.vlSaldoInicialDolares  = 0.00 ,TB_Cajas.vlSaldoFinalRealPesos  = -3697.00 ,TB_Cajas.vlTotalSaldoInicial  = -2041.00 ,TB_Cajas.dtObservacion  = '07/02/2018 12:40:36' ,TB_Cajas.vlCierrePesos  = -1656 ,TB_Cajas.vlSaldoFinalRealDolares  = 0.00 ,TB_Cajas.vlSaldoFinalRealEuros  = 0.00 ,TB_Cajas.vlTotalSaldoFinalReal  = -3697.00 ,TB_Cajas.vlCierreDolares  = 0 ,TB_Cajas.vlCierreEuros  = 0 ,TB_Cajas.dsObservacion  = null ,TB_Cajas.vlDiaReal  = 3.21 ,TB_Cajas.flCajaAdm  = 1   WHERE TB_Cajas.nrCaja = 9000003774  
07/02/2018 12:40:36 | Exec sco_DiccionariodeDatos @nmtabla_param='VW_UltimaCajaAdm'
07/02/2018 12:40:36 |  SELECT VW_UltimaCajaAdm.nrCaja ,VW_UltimaCajaAdm.vlSaldoFinalRealPesos ,VW_UltimaCajaAdm.vlSaldoFinalRealEuros ,VW_UltimaCajaAdm.vlSaldoFinalRealDolares  FROM VW_UltimaCajaAdm   
07/02/2018 12:40:36 |  SELECT TB_Cajas.nrCaja  FROM TB_Cajas  WHERE TB_Cajas.nrCaja = 9000003774  AND  TB_Cajas.flEstado = 0    
07/02/2018 12:40:36 | Exec sco_DiccionariodeDatos @nmtabla_param='sco_cajapuesto_v3_9'
07/02/2018 12:40:36 | Exec sco_cajapuesto_v3_9 @nrCaja_param = 9000003773 
07/02/2018 12:40:36 | Exec sco_cajapuesto_v3_9 @nrCaja_param = 9000003774 
07/02/2018 12:40:36 | Exec sco_DiccionariodeDatos @nmtabla_param='spu_esdifporCotizacionImputadas_v3_9'
07/02/2018 12:40:36 | Exec spu_esdifporCotizacionImputadas_v3_9 @nrCajaAdmActual = 9000003774 
07/02/2018 12:40:36 | Exec sco_validarVencimientosCAI_v4_1
07/02/2018 12:40:36 | Exec sco_DiccionariodeDatos @nmtabla_param='sco_AccesosOpcionesMenu'
07/02/2018 12:40:36 | Exec sco_AccesosOpcionesMenu @p_tpNivelAcceso = 'Administración' ,@p_operaconcaja = 1 
07/02/2018 12:40:36 | Exec sco_AccesosOpcionesMenu @p_tpNivelAcceso = 'Administración' ,@p_operaconcaja = 1 
07/02/2018 12:40:44 | Exec sco_DiccionariodeDatos @nmtabla_param='TB_Puestos'
07/02/2018 12:40:44 |  SELECT TB_Puestos.nrPuesto ,TB_Puestos.dsPuesto  FROM TB_Puestos   
07/02/2018 12:40:45 |  SELECT TB_Puestos.nrPuesto ,TB_Puestos.dsPuesto  FROM TB_Puestos  WHERE TB_Puestos.nrPuesto = 9    
07/02/2018 12:40:53 | Exec  sco_TB_Productos_v4_1 
07/02/2018 12:40:53 | Exec sco_DiccionariodeDatos @nmtabla_param='TB_Usuarios'
07/02/2018 12:40:55 |  SELECT TOP 100 TB_Usuarios.dsUsuario  FROM TB_Usuarios  WHERE TB_Usuarios.tpAcceso = 'Puestos'  AND  TB_Usuarios.flBloqueado = 0  AND   dsUsuario Like ('b%') AND TB_Usuarios.flEliminar = 0
07/02/2018 12:41:01 |  SELECT TB_Usuarios.dsUsuario ,TB_Usuarios.dspassword ,TB_Usuarios.tpAcceso ,TB_Usuarios.nmNombre ,TB_Usuarios.nmApellido ,TB_Usuarios.flBloqueado ,TB_Usuarios.tpNivelJerarquico  FROM TB_Usuarios  WHERE TB_Usuarios.dsUsuario = 'BFAZZALARI'  AND  TB_Usuarios.flEliminar = 0    
07/02/2018 12:41:01 |  SELECT TB_Usuarios.dsUsuario ,TB_Usuarios.dspassword ,TB_Usuarios.tpAcceso ,TB_Usuarios.nmNombre ,TB_Usuarios.nmApellido ,TB_Usuarios.flBloqueado ,TB_Usuarios.tpNivelJerarquico  FROM TB_Usuarios  WHERE TB_Usuarios.dsUsuario = 'BFAZZALARI'  AND  TB_Usuarios.flEliminar = 0    
07/02/2018 12:41:01 | Exec sco_DiccionariodeDatos @nmtabla_param='sp_obtenerCajasPendientesdeAprobacion_v2_5'
07/02/2018 12:41:01 | Exec sp_obtenerCajasPendientesdeAprobacion_v2_5 @pdsUsuario_param = 'BFAZZALARI' 
07/02/2018 12:41:03 | Exec sp_obtenerCajasRechazadas_v2_9 
07/02/2018 12:41:03 | Exec sco_DiccionariodeDatos @nmtabla_param='TB_Parametros'
07/02/2018 12:41:03 |  SELECT TB_Parametros.vlParametro  FROM TB_Parametros  WHERE TB_Parametros.dsParametro = 'VALOR EURO'    
07/02/2018 12:41:03 |  SELECT TB_Parametros.vlParametro  FROM TB_Parametros  WHERE TB_Parametros.dsParametro = 'VALOR DOLAR'    
07/02/2018 12:41:03 | Exec SP_ValorPromoRetorno
07/02/2018 12:41:03 | Exec sco_DiccionariodeDatos @nmtabla_param='TB_Comisiones'
07/02/2018 12:41:03 |  SELECT TB_Comisiones.vlMontoMinimo  FROM TB_Comisiones  WHERE TB_Comisiones.tpComision = 'Retorno'  AND  TB_Comisiones.flEliminar = 0    
07/02/2018 12:41:03 |  SELECT TB_Parametros.vlParametro  FROM TB_Parametros  WHERE TB_Parametros.dsParametro = 'VALOR REAL'    
07/02/2018 12:41:03 | Exec sco_DiccionariodeDatos @nmtabla_param='TB_Cajas'
07/02/2018 12:41:03 |  SELECT TB_Cajas.nrCaja  FROM TB_Cajas  WHERE TB_Cajas.dsUsuario = 'BFAZZALARI'  and  TB_Cajas.flEstado = 0  and  TB_Cajas.tpEstadoAprobacion IS NULL  and  TB_Cajas.nrcaja > 0    
07/02/2018 12:41:05 | Exec sco_DiccionariodeDatos @nmtabla_param='sco_AccesosOpcionesMenu'
07/02/2018 12:41:05 | Exec sco_AccesosOpcionesMenu @p_tpNivelAcceso = 'Puestos' ,@p_operaconcaja = 1 
07/02/2018 12:41:05 | Exec sco_AccesosOpcionesMenu @p_tpNivelAcceso = 'Puestos' ,@p_operaconcaja = 1 
07/02/2018 12:41:07 | Exec sco_DiccionariodeDatos @nmtabla_param='sco_cajapuesto_v3_9'
07/02/2018 12:41:07 | Exec sco_cajapuesto_v3_9 @nrCaja_param = 1000010110 
07/02/2018 12:41:07 |  SELECT tb_parametros.dsParametro ,tb_parametros.vlParametro ,tb_parametros.tpParametro ,tb_parametros.flEditable ,tb_parametros.nrTamanio ,tb_parametros.dtActualizacion  FROM tb_parametros  WHERE tb_parametros.dsParametro = 'PORC_RECARGO_TD'    
07/02/2018 12:41:07 |  SELECT tb_parametros.dsParametro ,tb_parametros.vlParametro ,tb_parametros.tpParametro ,tb_parametros.flEditable ,tb_parametros.nrTamanio ,tb_parametros.dtActualizacion  FROM tb_parametros  WHERE tb_parametros.dsParametro = 'PORC_RECARGO_TC'    
07/02/2018 12:41:07 |  SELECT tb_parametros.dsParametro ,tb_parametros.vlParametro ,tb_parametros.tpParametro ,tb_parametros.flEditable ,tb_parametros.nrTamanio ,tb_parametros.dtActualizacion  FROM tb_parametros  WHERE tb_parametros.dsParametro = 'PORC_RECARGO_TP'    
07/02/2018 12:41:07 | Exec sco_DiccionariodeDatos @nmtabla_param='TB_Comprobantes'
07/02/2018 12:41:07 | Exec sco_DiccionariodeDatos @nmtabla_param='spu_obtener_puntosdeventa_facturacion_v4_9_71'
07/02/2018 12:41:07 | Exec spu_obtener_puntosdeventa_facturacion_v4_9_71 @nrPuesto_param = 1 ,@tipo_iva = 'CF' ,@auto_impresor = 'S' ,@tpFormadePago = null ,@tpComprobante = 'FA' 
07/02/2018 12:41:07 | Exec spu_obtener_puntosdeventa_facturacion_v4_9_71 @nrPuesto_param = 1 ,@tipo_iva = 'CF' ,@auto_impresor = 'S' ,@tpFormadePago = null ,@tpComprobante = 'FA' 
07/02/2018 12:41:08 | Exec spu_obtener_puntosdeventa_facturacion_v4_9_71 @nrPuesto_param = 1 ,@tipo_iva = 'CF' ,@auto_impresor = 'S' ,@tpFormadePago = null ,@tpComprobante = 'FA' 
07/02/2018 12:41:08 | Exec sco_DiccionariodeDatos @nmtabla_param='TB_Productos'
07/02/2018 12:41:14 |  SELECT tb_parametros.dsParametro ,tb_parametros.vlParametro ,tb_parametros.tpParametro ,tb_parametros.flEditable ,tb_parametros.nrTamanio ,tb_parametros.dtActualizacion  FROM tb_parametros  WHERE tb_parametros.dsParametro = 'PORC_RECARGO_TD'    
07/02/2018 12:41:14 |  SELECT tb_parametros.dsParametro ,tb_parametros.vlParametro ,tb_parametros.tpParametro ,tb_parametros.flEditable ,tb_parametros.nrTamanio ,tb_parametros.dtActualizacion  FROM tb_parametros  WHERE tb_parametros.dsParametro = 'PORC_RECARGO_TC'    
07/02/2018 12:41:14 |  SELECT tb_parametros.dsParametro ,tb_parametros.vlParametro ,tb_parametros.tpParametro ,tb_parametros.flEditable ,tb_parametros.nrTamanio ,tb_parametros.dtActualizacion  FROM tb_parametros  WHERE tb_parametros.dsParametro = 'PORC_RECARGO_TP'    
07/02/2018 12:41:14 | Exec sco_DiccionariodeDatos @nmtabla_param='SP_Supera_KM_IVA_segunMonto_2_0'
07/02/2018 12:41:14 | Exec SP_Supera_KM_IVA_segunMonto_2_0 @tpCategoriaIVA_param = 'CF' ,@vlKilometros_param = 320 ,@vlMonto_param = 6195 
07/02/2018 12:41:14 | Exec SP_Supera_KM_IVA_segunMonto_2_0 @tpCategoriaIVA_param = 'CF' ,@vlKilometros_param = 320 ,@vlMonto_param = 6195 
07/02/2018 12:41:14 | Exec sco_DiccionariodeDatos @nmtabla_param='SP_obtenerAlicuotaIVA'
07/02/2018 12:41:14 | Exec SP_obtenerAlicuotaIVA @tpCategoriaIVA_param = 'CF' 
07/02/2018 12:41:14 | Exec sco_DiccionariodeDatos @nmtabla_param='SP_CalcularIVA'
07/02/2018 12:41:14 | Exec SP_CalcularIVA @tpCategoriaIVA_param = 'CF' ,@vlMonto_param = 6195 ,@vlAlicuota_param = 21 ,@precio_menos_iva_param = 1 
07/02/2018 12:41:14 | Exec SP_obtenerAlicuotaIVA @tpCategoriaIVA_param = 'CF' 
07/02/2018 12:41:14 | Exec sco_DiccionariodeDatos @nmtabla_param='SP_CalcularSubtotalIVA'
07/02/2018 12:41:14 | Exec SP_CalcularSubtotalIVA @tpCategoriaIVA_param = 'CF' ,@vlMonto_param = 6195 ,@vlAlicuota_param = 21 
07/02/2018 12:41:14 | Exec SP_Supera_KM_IVA_segunMonto_2_0 @tpCategoriaIVA_param = 'CF' ,@vlKilometros_param = 320 ,@vlMonto_param = 6195 
07/02/2018 12:41:14 | Exec SP_Supera_KM_IVA_segunMonto_2_0 @tpCategoriaIVA_param = 'CF' ,@vlKilometros_param = 320 ,@vlMonto_param = 6195 
07/02/2018 12:41:14 | Exec SP_obtenerAlicuotaIVA @tpCategoriaIVA_param = 'CF' 
07/02/2018 12:41:14 | Exec SP_CalcularIVA @tpCategoriaIVA_param = 'CF' ,@vlMonto_param = 6195 ,@vlAlicuota_param = 21 ,@precio_menos_iva_param = 1 
07/02/2018 12:41:15 | Exec SP_obtenerAlicuotaIVA @tpCategoriaIVA_param = 'CF' 
07/02/2018 12:41:15 | Exec SP_CalcularSubtotalIVA @tpCategoriaIVA_param = 'CF' ,@vlMonto_param = 6195 ,@vlAlicuota_param = 21 
07/02/2018 12:41:15 | Exec SP_Supera_KM_IVA_segunMonto_2_0 @tpCategoriaIVA_param = 'CF' ,@vlKilometros_param = 320 ,@vlMonto_param = 6195 
07/02/2018 12:41:15 | Exec SP_Supera_KM_IVA_segunMonto_2_0 @tpCategoriaIVA_param = 'CF' ,@vlKilometros_param = 320 ,@vlMonto_param = 6195 
07/02/2018 12:41:15 | Exec SP_obtenerAlicuotaIVA @tpCategoriaIVA_param = 'CF' 
07/02/2018 12:41:15 | Exec SP_CalcularIVA @tpCategoriaIVA_param = 'CF' ,@vlMonto_param = 6195 ,@vlAlicuota_param = 21 ,@precio_menos_iva_param = 1 
07/02/2018 12:41:15 | Exec SP_obtenerAlicuotaIVA @tpCategoriaIVA_param = 'CF' 
07/02/2018 12:41:15 | Exec SP_CalcularSubtotalIVA @tpCategoriaIVA_param = 'CF' ,@vlMonto_param = 6195 ,@vlAlicuota_param = 21 
07/02/2018 12:41:38 | Exec sco_DiccionariodeDatos @nmtabla_param='TB_Proveedores'
07/02/2018 12:41:38 |  SELECT TB_Proveedores.nmNombre ,TB_Proveedores.nmApellido  FROM TB_Proveedores  WHERE TB_Proveedores.tpCategoria = 'Licenciatario'  AND  TB_Proveedores.nrLicencia = 123  AND  TB_Proveedores.flEliminar = 0    
07/02/2018 12:41:40 |  SELECT tb_parametros.dsParametro ,tb_parametros.vlParametro ,tb_parametros.tpParametro ,tb_parametros.flEditable ,tb_parametros.nrTamanio ,tb_parametros.dtActualizacion  FROM tb_parametros  WHERE tb_parametros.dsParametro = 'CALCULA_IVA_LIC_990'    
07/02/2018 12:41:46 | Exec sco_AccesosOpcionesMenu @p_tpNivelAcceso = 'Puestos' ,@p_operaconcaja = 1 
