28/03/2018 17:27:10 | Exec sco_DiccionariodeDatos @nmtabla_param='TB_Puestos'
28/03/2018 17:27:10 |  SELECT TB_Puestos.nrPuesto ,TB_Puestos.dsPuesto  FROM TB_Puestos   
28/03/2018 17:27:10 |  SELECT TB_Puestos.nrPuesto ,TB_Puestos.dsPuesto  FROM TB_Puestos  WHERE TB_Puestos.nrPuesto = 9    
28/03/2018 17:27:13 | Exec  sco_TB_Productos_v4_1 
28/03/2018 17:27:13 | Exec sco_DiccionariodeDatos @nmtabla_param='TB_Usuarios'
28/03/2018 17:27:16 |  SELECT TB_Usuarios.dsUsuario ,TB_Usuarios.dspassword ,TB_Usuarios.tpAcceso ,TB_Usuarios.nmNombre ,TB_Usuarios.nmApellido ,TB_Usuarios.flBloqueado ,TB_Usuarios.tpNivelJerarquico  FROM TB_Usuarios  WHERE TB_Usuarios.dsUsuario = 'CAMILAP'  AND  TB_Usuarios.flEliminar = 0    
28/03/2018 17:27:16 |  SELECT TB_Usuarios.dsUsuario ,TB_Usuarios.dspassword ,TB_Usuarios.tpAcceso ,TB_Usuarios.nmNombre ,TB_Usuarios.nmApellido ,TB_Usuarios.flBloqueado ,TB_Usuarios.tpNivelJerarquico  FROM TB_Usuarios  WHERE TB_Usuarios.dsUsuario = 'CAMILAP'  AND  TB_Usuarios.flEliminar = 0    
28/03/2018 17:27:16 | Exec sco_DiccionariodeDatos @nmtabla_param='sp_obtenerCajasPendientesdeAprobacion_v2_5'
28/03/2018 17:27:16 | Exec sp_obtenerCajasPendientesdeAprobacion_v2_5 @pdsUsuario_param = 'CAMILAP' 
28/03/2018 17:27:16 | Exec sp_obtenerCajasRechazadas_v2_9 
28/03/2018 17:27:16 | Exec sco_DiccionariodeDatos @nmtabla_param='TB_Parametros'
28/03/2018 17:27:16 |  SELECT TB_Parametros.vlParametro  FROM TB_Parametros  WHERE TB_Parametros.dsParametro = 'VALOR EURO'    
28/03/2018 17:27:16 |  SELECT TB_Parametros.vlParametro  FROM TB_Parametros  WHERE TB_Parametros.dsParametro = 'VALOR DOLAR'    
28/03/2018 17:27:16 | Exec SP_ValorPromoRetorno
28/03/2018 17:27:16 | Exec sco_DiccionariodeDatos @nmtabla_param='TB_Comisiones'
28/03/2018 17:27:16 |  SELECT TB_Comisiones.vlMontoMinimo  FROM TB_Comisiones  WHERE TB_Comisiones.tpComision = 'Retorno'  AND  TB_Comisiones.flEliminar = 0    
28/03/2018 17:27:16 |  SELECT TB_Parametros.vlParametro  FROM TB_Parametros  WHERE TB_Parametros.dsParametro = 'VALOR REAL'    
28/03/2018 17:27:16 | Exec sco_DiccionariodeDatos @nmtabla_param='TB_Cajas'
28/03/2018 17:27:16 |  SELECT TB_Cajas.nrCaja  FROM TB_Cajas  WHERE TB_Cajas.dsUsuario = 'CAMILAP'  and  TB_Cajas.flEstado = 0  and  TB_Cajas.tpEstadoAprobacion IS NULL  and  TB_Cajas.nrcaja > 0    
28/03/2018 17:27:17 | Exec sco_DiccionariodeDatos @nmtabla_param='VW_CajadeADMAbierta'
28/03/2018 17:27:17 |  SELECT VW_CajadeADMAbierta.nrCaja ,VW_CajadeADMAbierta.vlSaldoFinalRealPesos ,VW_CajadeADMAbierta.vlSaldoFinalRealEuros ,VW_CajadeADMAbierta.vlSaldoFinalRealDolares ,VW_CajadeADMAbierta.dsUsuario  FROM VW_CajadeADMAbierta   
28/03/2018 17:27:17 | Exec sco_DiccionariodeDatos @nmtabla_param='SP_CalculaSaldoInicial_v2_9'
28/03/2018 17:27:17 | Exec SP_CalculaSaldoInicial_v2_9 @tpCaja_param = null ,@tpCajaImputacion_param = null ,@nrCaja_param = null 
28/03/2018 17:28:36 | Exec sco_DiccionariodeDatos @nmtabla_param='SP_ObtenerMaxnrCaja_v2_8'
28/03/2018 17:28:36 | Exec SP_ObtenerMaxnrCaja_v2_8 @nrPuesto = 9 
28/03/2018 17:28:36 |  INSERT TB_Cajas (nrCaja ,vlTotalSaldoFinal ,nrPuesto ,dsUsuario ,vlSaldoInicialPesos ,dtApertura ,dtCierre ,vlDiaDolar ,vlDiaEuro ,vlSaldoInicialEuros ,vlSaldoInicialDolares ,vlSaldoFinalRealPesos ,vlTotalSaldoInicial ,dtObservacion ,vlCierrePesos ,vlSaldoFinalRealDolares ,vlSaldoFinalRealEuros ,vlTotalSaldoFinalReal ,vlCierreDolares ,vlCierreEuros ,dsObservacion ,vlDiaReal ,flCajaAdm )  VALUES (9000000014 ,null ,9 ,'CAMILAP' ,0.00 ,'28/03/2018 17:27:17' ,null ,9.10 ,10 ,0 ,0 ,0.00 ,0.00 ,'28/03/2018 17:28:36' ,null ,0 ,0 ,null ,null ,null ,null ,3.21 ,1 )
28/03/2018 17:28:36 | 
Infracción de la restricción PRIMARY KEY 'PK__TB_Cajas__573DED66'. No se puede insertar una clave duplicada en el objeto 'dbo.TB_Cajas'. El valor de la clave duplicada es (9000000014).
Se terminó la instrucción.
28/03/2018 17:28:36 |  INSERT TB_Cajas (nrCaja ,vlTotalSaldoFinal ,nrPuesto ,dsUsuario ,vlSaldoInicialPesos ,dtApertura ,dtCierre ,vlDiaDolar ,vlDiaEuro ,vlSaldoInicialEuros ,vlSaldoInicialDolares ,vlSaldoFinalRealPesos ,vlTotalSaldoInicial ,dtObservacion ,vlCierrePesos ,vlSaldoFinalRealDolares ,vlSaldoFinalRealEuros ,vlTotalSaldoFinalReal ,vlCierreDolares ,vlCierreEuros ,dsObservacion ,vlDiaReal ,flCajaAdm )  VALUES (9000000014 ,null ,9 ,'CAMILAP' ,0.00 ,'28/03/2018 17:27:17' ,null ,9.10 ,10 ,0 ,0 ,0.00 ,0.00 ,'28/03/2018 17:28:36' ,null ,0 ,0 ,null ,null ,null ,null ,3.21 ,1 )
28/03/2018 17:28:48 | Exec sco_DiccionariodeDatos @nmtabla_param='VW_UltimaCajaAdm'
28/03/2018 17:28:48 |  SELECT VW_UltimaCajaAdm.nrCaja ,VW_UltimaCajaAdm.vlSaldoFinalRealPesos ,VW_UltimaCajaAdm.vlSaldoFinalRealEuros ,VW_UltimaCajaAdm.vlSaldoFinalRealDolares  FROM VW_UltimaCajaAdm   
28/03/2018 17:28:48 |  SELECT TB_Cajas.nrCaja  FROM TB_Cajas  WHERE TB_Cajas.flEstado = 0    
28/03/2018 17:28:57 | Exec  sco_TB_Productos_v4_1 
28/03/2018 17:28:58 | Exec sco_DiccionariodeDatos @nmtabla_param='TB_Usuarios'
28/03/2018 17:29:03 |  SELECT TB_Usuarios.dsUsuario ,TB_Usuarios.dspassword ,TB_Usuarios.tpAcceso ,TB_Usuarios.nmNombre ,TB_Usuarios.nmApellido ,TB_Usuarios.flBloqueado ,TB_Usuarios.tpNivelJerarquico  FROM TB_Usuarios  WHERE TB_Usuarios.dsUsuario = 'CAMILAP'  AND  TB_Usuarios.flEliminar = 0    
28/03/2018 17:29:03 |  SELECT TB_Usuarios.dsUsuario ,TB_Usuarios.dspassword ,TB_Usuarios.tpAcceso ,TB_Usuarios.nmNombre ,TB_Usuarios.nmApellido ,TB_Usuarios.flBloqueado ,TB_Usuarios.tpNivelJerarquico  FROM TB_Usuarios  WHERE TB_Usuarios.dsUsuario = 'CAMILAP'  AND  TB_Usuarios.flEliminar = 0    
28/03/2018 17:29:03 | Exec sco_DiccionariodeDatos @nmtabla_param='sp_obtenerCajasPendientesdeAprobacion_v2_5'
28/03/2018 17:29:03 | Exec sp_obtenerCajasPendientesdeAprobacion_v2_5 @pdsUsuario_param = 'CAMILAP' 
28/03/2018 17:29:03 | Exec sp_obtenerCajasRechazadas_v2_9 
28/03/2018 17:29:03 | Exec sco_DiccionariodeDatos @nmtabla_param='TB_Parametros'
28/03/2018 17:29:03 |  SELECT TB_Parametros.vlParametro  FROM TB_Parametros  WHERE TB_Parametros.dsParametro = 'VALOR EURO'    
28/03/2018 17:29:03 |  SELECT TB_Parametros.vlParametro  FROM TB_Parametros  WHERE TB_Parametros.dsParametro = 'VALOR DOLAR'    
28/03/2018 17:29:03 | Exec SP_ValorPromoRetorno
28/03/2018 17:29:03 | Exec sco_DiccionariodeDatos @nmtabla_param='TB_Comisiones'
28/03/2018 17:29:03 |  SELECT TB_Comisiones.vlMontoMinimo  FROM TB_Comisiones  WHERE TB_Comisiones.tpComision = 'Retorno'  AND  TB_Comisiones.flEliminar = 0    
28/03/2018 17:29:03 |  SELECT TB_Parametros.vlParametro  FROM TB_Parametros  WHERE TB_Parametros.dsParametro = 'VALOR REAL'    
28/03/2018 17:29:03 | Exec sco_DiccionariodeDatos @nmtabla_param='TB_Cajas'
28/03/2018 17:29:03 |  SELECT TB_Cajas.nrCaja  FROM TB_Cajas  WHERE TB_Cajas.dsUsuario = 'CAMILAP'  and  TB_Cajas.flEstado = 0  and  TB_Cajas.tpEstadoAprobacion IS NULL  and  TB_Cajas.nrcaja > 0    
28/03/2018 17:29:03 | Exec sco_DiccionariodeDatos @nmtabla_param='VW_CajadeADMAbierta'
28/03/2018 17:29:03 |  SELECT VW_CajadeADMAbierta.nrCaja ,VW_CajadeADMAbierta.vlSaldoFinalRealPesos ,VW_CajadeADMAbierta.vlSaldoFinalRealEuros ,VW_CajadeADMAbierta.vlSaldoFinalRealDolares ,VW_CajadeADMAbierta.dsUsuario  FROM VW_CajadeADMAbierta   
28/03/2018 17:29:03 | Exec sco_DiccionariodeDatos @nmtabla_param='SP_CalculaSaldoInicial_v2_9'
28/03/2018 17:29:03 | Exec SP_CalculaSaldoInicial_v2_9 @tpCaja_param = null ,@tpCajaImputacion_param = null ,@nrCaja_param = null 
28/03/2018 17:29:07 | Exec sco_DiccionariodeDatos @nmtabla_param='SP_ObtenerMaxnrCaja_v2_8'
28/03/2018 17:29:07 | Exec SP_ObtenerMaxnrCaja_v2_8 @nrPuesto = 9 
28/03/2018 17:29:07 |  INSERT TB_Cajas (nrCaja ,vlTotalSaldoFinal ,nrPuesto ,dsUsuario ,vlSaldoInicialPesos ,dtApertura ,dtCierre ,vlDiaDolar ,vlDiaEuro ,vlSaldoInicialEuros ,vlSaldoInicialDolares ,vlSaldoFinalRealPesos ,vlTotalSaldoInicial ,dtObservacion ,vlCierrePesos ,vlSaldoFinalRealDolares ,vlSaldoFinalRealEuros ,vlTotalSaldoFinalReal ,vlCierreDolares ,vlCierreEuros ,dsObservacion ,vlDiaReal ,flCajaAdm )  VALUES (9000000014 ,null ,9 ,'CAMILAP' ,0.00 ,'28/03/2018 17:29:03' ,null ,9.10 ,10 ,0 ,0 ,0.00 ,0.00 ,'28/03/2018 17:29:07' ,null ,0 ,0 ,null ,null ,null ,null ,3.21 ,1 )
28/03/2018 17:29:07 | 
Infracción de la restricción PRIMARY KEY 'PK__TB_Cajas__573DED66'. No se puede insertar una clave duplicada en el objeto 'dbo.TB_Cajas'. El valor de la clave duplicada es (9000000014).
Se terminó la instrucción.
28/03/2018 17:29:07 |  INSERT TB_Cajas (nrCaja ,vlTotalSaldoFinal ,nrPuesto ,dsUsuario ,vlSaldoInicialPesos ,dtApertura ,dtCierre ,vlDiaDolar ,vlDiaEuro ,vlSaldoInicialEuros ,vlSaldoInicialDolares ,vlSaldoFinalRealPesos ,vlTotalSaldoInicial ,dtObservacion ,vlCierrePesos ,vlSaldoFinalRealDolares ,vlSaldoFinalRealEuros ,vlTotalSaldoFinalReal ,vlCierreDolares ,vlCierreEuros ,dsObservacion ,vlDiaReal ,flCajaAdm )  VALUES (9000000014 ,null ,9 ,'CAMILAP' ,0.00 ,'28/03/2018 17:29:03' ,null ,9.10 ,10 ,0 ,0 ,0.00 ,0.00 ,'28/03/2018 17:29:07' ,null ,0 ,0 ,null ,null ,null ,null ,3.21 ,1 )
28/03/2018 17:29:18 | Exec sco_DiccionariodeDatos @nmtabla_param='VW_UltimaCajaAdm'
28/03/2018 17:29:18 |  SELECT VW_UltimaCajaAdm.nrCaja ,VW_UltimaCajaAdm.vlSaldoFinalRealPesos ,VW_UltimaCajaAdm.vlSaldoFinalRealEuros ,VW_UltimaCajaAdm.vlSaldoFinalRealDolares  FROM VW_UltimaCajaAdm   
28/03/2018 17:29:18 |  SELECT TB_Cajas.nrCaja  FROM TB_Cajas  WHERE TB_Cajas.flEstado = 0    
28/03/2018 17:29:18 | Exec sco_DiccionariodeDatos @nmtabla_param='sco_cajapuesto_v3_9'
28/03/2018 17:29:18 | Exec sco_cajapuesto_v3_9 @nrCaja_param = 9000000014 
28/03/2018 17:29:18 | Exec sco_cajapuesto_v3_9 @nrCaja_param = null 
28/03/2018 17:30:49 | Exec sco_DiccionariodeDatos @nmtabla_param='TB_Puestos'
28/03/2018 17:30:49 |  SELECT TB_Puestos.nrPuesto ,TB_Puestos.dsPuesto  FROM TB_Puestos   
28/03/2018 17:30:49 |  SELECT TB_Puestos.nrPuesto ,TB_Puestos.dsPuesto  FROM TB_Puestos  WHERE TB_Puestos.nrPuesto = 9    
28/03/2018 17:30:52 | Exec  sco_TB_Productos_v4_1 
28/03/2018 17:30:52 | Exec sco_DiccionariodeDatos @nmtabla_param='TB_Usuarios'
28/03/2018 17:30:55 |  SELECT TB_Usuarios.dsUsuario ,TB_Usuarios.dspassword ,TB_Usuarios.tpAcceso ,TB_Usuarios.nmNombre ,TB_Usuarios.nmApellido ,TB_Usuarios.flBloqueado ,TB_Usuarios.tpNivelJerarquico  FROM TB_Usuarios  WHERE TB_Usuarios.dsUsuario = 'CAMILAP'  AND  TB_Usuarios.flEliminar = 0    
28/03/2018 17:30:55 |  SELECT TB_Usuarios.dsUsuario ,TB_Usuarios.dspassword ,TB_Usuarios.tpAcceso ,TB_Usuarios.nmNombre ,TB_Usuarios.nmApellido ,TB_Usuarios.flBloqueado ,TB_Usuarios.tpNivelJerarquico  FROM TB_Usuarios  WHERE TB_Usuarios.dsUsuario = 'CAMILAP'  AND  TB_Usuarios.flEliminar = 0    
28/03/2018 17:30:55 | Exec sco_DiccionariodeDatos @nmtabla_param='sp_obtenerCajasPendientesdeAprobacion_v2_5'
28/03/2018 17:30:55 | Exec sp_obtenerCajasPendientesdeAprobacion_v2_5 @pdsUsuario_param = 'CAMILAP' 
28/03/2018 17:30:55 | Exec sp_obtenerCajasRechazadas_v2_9 
28/03/2018 17:30:59 | Exec sco_DiccionariodeDatos @nmtabla_param='TB_Parametros'
28/03/2018 17:30:59 |  SELECT TB_Parametros.vlParametro  FROM TB_Parametros  WHERE TB_Parametros.dsParametro = 'VALOR EURO'    
28/03/2018 17:30:59 |  SELECT TB_Parametros.vlParametro  FROM TB_Parametros  WHERE TB_Parametros.dsParametro = 'VALOR DOLAR'    
28/03/2018 17:30:59 | Exec SP_ValorPromoRetorno
28/03/2018 17:30:59 | Exec sco_DiccionariodeDatos @nmtabla_param='TB_Comisiones'
28/03/2018 17:30:59 |  SELECT TB_Comisiones.vlMontoMinimo  FROM TB_Comisiones  WHERE TB_Comisiones.tpComision = 'Retorno'  AND  TB_Comisiones.flEliminar = 0    
28/03/2018 17:30:59 |  SELECT TB_Parametros.vlParametro  FROM TB_Parametros  WHERE TB_Parametros.dsParametro = 'VALOR REAL'    
28/03/2018 17:31:15 | Exec sco_DiccionariodeDatos @nmtabla_param='TB_Cajas'
28/03/2018 17:31:15 |  SELECT TB_Cajas.nrCaja  FROM TB_Cajas  WHERE TB_Cajas.dsUsuario = 'CAMILAP'  and  TB_Cajas.flEstado = 0  and  TB_Cajas.tpEstadoAprobacion IS NULL  and  TB_Cajas.nrcaja > 0    
28/03/2018 17:34:32 | Exec sco_DiccionariodeDatos @nmtabla_param='TB_Puestos'
28/03/2018 17:34:32 |  SELECT TB_Puestos.nrPuesto ,TB_Puestos.dsPuesto  FROM TB_Puestos   
28/03/2018 17:34:37 |  SELECT TB_Puestos.nrPuesto ,TB_Puestos.dsPuesto  FROM TB_Puestos  WHERE TB_Puestos.nrPuesto = 9    
28/03/2018 17:34:43 | Exec  sco_TB_Productos_v4_1 
28/03/2018 17:34:43 | Exec sco_DiccionariodeDatos @nmtabla_param='TB_Usuarios'
28/03/2018 17:34:45 |  SELECT TB_Usuarios.dsUsuario ,TB_Usuarios.dspassword ,TB_Usuarios.tpAcceso ,TB_Usuarios.nmNombre ,TB_Usuarios.nmApellido ,TB_Usuarios.flBloqueado ,TB_Usuarios.tpNivelJerarquico  FROM TB_Usuarios  WHERE TB_Usuarios.dsUsuario = 'CAMILAP'  AND  TB_Usuarios.flEliminar = 0    
28/03/2018 17:34:53 |  SELECT TB_Usuarios.dsUsuario ,TB_Usuarios.dspassword ,TB_Usuarios.tpAcceso ,TB_Usuarios.nmNombre ,TB_Usuarios.nmApellido ,TB_Usuarios.flBloqueado ,TB_Usuarios.tpNivelJerarquico  FROM TB_Usuarios  WHERE TB_Usuarios.dsUsuario = 'CAMILAP'  AND  TB_Usuarios.flEliminar = 0    
28/03/2018 17:34:53 | Exec sco_DiccionariodeDatos @nmtabla_param='sp_obtenerCajasPendientesdeAprobacion_v2_5'
28/03/2018 17:34:53 | Exec sp_obtenerCajasPendientesdeAprobacion_v2_5 @pdsUsuario_param = 'CAMILAP' 
28/03/2018 17:34:53 | Exec sp_obtenerCajasRechazadas_v2_9 
28/03/2018 17:35:02 | Exec sco_DiccionariodeDatos @nmtabla_param='TB_Parametros'
28/03/2018 17:35:02 |  SELECT TB_Parametros.vlParametro  FROM TB_Parametros  WHERE TB_Parametros.dsParametro = 'VALOR EURO'    
28/03/2018 17:35:03 |  SELECT TB_Parametros.vlParametro  FROM TB_Parametros  WHERE TB_Parametros.dsParametro = 'VALOR DOLAR'    
28/03/2018 17:35:03 | Exec SP_ValorPromoRetorno
28/03/2018 17:35:03 | Exec sco_DiccionariodeDatos @nmtabla_param='TB_Comisiones'
28/03/2018 17:35:03 |  SELECT TB_Comisiones.vlMontoMinimo  FROM TB_Comisiones  WHERE TB_Comisiones.tpComision = 'Retorno'  AND  TB_Comisiones.flEliminar = 0    
28/03/2018 17:35:03 |  SELECT TB_Parametros.vlParametro  FROM TB_Parametros  WHERE TB_Parametros.dsParametro = 'VALOR REAL'    
28/03/2018 17:35:08 | Exec sco_DiccionariodeDatos @nmtabla_param='TB_Cajas'
28/03/2018 17:35:08 |  SELECT TB_Cajas.nrCaja  FROM TB_Cajas  WHERE TB_Cajas.dsUsuario = 'CAMILAP'  and  TB_Cajas.flEstado = 0  and  TB_Cajas.tpEstadoAprobacion IS NULL  and  TB_Cajas.nrcaja > 0    
28/03/2018 17:37:03 | Exec sco_DiccionariodeDatos @nmtabla_param='VW_CajadeADMAbierta'
28/03/2018 17:37:03 |  SELECT VW_CajadeADMAbierta.nrCaja ,VW_CajadeADMAbierta.vlSaldoFinalRealPesos ,VW_CajadeADMAbierta.vlSaldoFinalRealEuros ,VW_CajadeADMAbierta.vlSaldoFinalRealDolares ,VW_CajadeADMAbierta.dsUsuario  FROM VW_CajadeADMAbierta   
28/03/2018 17:37:03 | Exec sco_DiccionariodeDatos @nmtabla_param='SP_CalculaSaldoInicial_v2_9'
28/03/2018 17:37:03 | Exec SP_CalculaSaldoInicial_v2_9 @tpCaja_param = null ,@tpCajaImputacion_param = null ,@nrCaja_param = null 
28/03/2018 17:37:04 | Exec sco_DiccionariodeDatos @nmtabla_param='SP_ObtenerMaxnrCaja_v2_8'
28/03/2018 17:37:04 | Exec SP_ObtenerMaxnrCaja_v2_8 @nrPuesto = 9 
28/03/2018 17:37:04 |  INSERT TB_Cajas (nrCaja ,vlTotalSaldoFinal ,nrPuesto ,dsUsuario ,vlSaldoInicialPesos ,dtApertura ,dtCierre ,vlDiaDolar ,vlDiaEuro ,vlSaldoInicialEuros ,vlSaldoInicialDolares ,vlSaldoFinalRealPesos ,vlTotalSaldoInicial ,dtObservacion ,vlCierrePesos ,vlSaldoFinalRealDolares ,vlSaldoFinalRealEuros ,vlTotalSaldoFinalReal ,vlCierreDolares ,vlCierreEuros ,dsObservacion ,vlDiaReal ,flCajaAdm )  VALUES (9000000014 ,null ,9 ,'CAMILAP' ,0.00 ,'28/03/2018 17:37:03' ,null ,9.10 ,10 ,0 ,0 ,0.00 ,0.00 ,'28/03/2018 17:37:04' ,null ,0 ,0 ,null ,null ,null ,null ,3.21 ,1 )
28/03/2018 17:37:04 | 
Infracción de la restricción PRIMARY KEY 'PK__TB_Cajas__573DED66'. No se puede insertar una clave duplicada en el objeto 'dbo.TB_Cajas'. El valor de la clave duplicada es (9000000014).
Se terminó la instrucción.
28/03/2018 17:37:04 |  INSERT TB_Cajas (nrCaja ,vlTotalSaldoFinal ,nrPuesto ,dsUsuario ,vlSaldoInicialPesos ,dtApertura ,dtCierre ,vlDiaDolar ,vlDiaEuro ,vlSaldoInicialEuros ,vlSaldoInicialDolares ,vlSaldoFinalRealPesos ,vlTotalSaldoInicial ,dtObservacion ,vlCierrePesos ,vlSaldoFinalRealDolares ,vlSaldoFinalRealEuros ,vlTotalSaldoFinalReal ,vlCierreDolares ,vlCierreEuros ,dsObservacion ,vlDiaReal ,flCajaAdm )  VALUES (9000000014 ,null ,9 ,'CAMILAP' ,0.00 ,'28/03/2018 17:37:03' ,null ,9.10 ,10 ,0 ,0 ,0.00 ,0.00 ,'28/03/2018 17:37:04' ,null ,0 ,0 ,null ,null ,null ,null ,3.21 ,1 )
28/03/2018 17:37:10 | Exec sco_DiccionariodeDatos @nmtabla_param='VW_UltimaCajaAdm'
28/03/2018 17:37:10 |  SELECT VW_UltimaCajaAdm.nrCaja ,VW_UltimaCajaAdm.vlSaldoFinalRealPesos ,VW_UltimaCajaAdm.vlSaldoFinalRealEuros ,VW_UltimaCajaAdm.vlSaldoFinalRealDolares  FROM VW_UltimaCajaAdm   
28/03/2018 17:37:10 |  SELECT TB_Cajas.nrCaja  FROM TB_Cajas  WHERE TB_Cajas.flEstado = 0    
28/03/2018 17:38:38 | Exec sco_DiccionariodeDatos @nmtabla_param='TB_Puestos'
28/03/2018 17:38:38 |  SELECT TB_Puestos.nrPuesto ,TB_Puestos.dsPuesto  FROM TB_Puestos   
28/03/2018 17:38:38 |  SELECT TB_Puestos.nrPuesto ,TB_Puestos.dsPuesto  FROM TB_Puestos  WHERE TB_Puestos.nrPuesto = 9    
28/03/2018 17:38:40 | Exec  sco_TB_Productos_v4_1 
28/03/2018 17:38:40 | Exec sco_DiccionariodeDatos @nmtabla_param='TB_Usuarios'
28/03/2018 17:38:43 |  SELECT TB_Usuarios.dsUsuario ,TB_Usuarios.dspassword ,TB_Usuarios.tpAcceso ,TB_Usuarios.nmNombre ,TB_Usuarios.nmApellido ,TB_Usuarios.flBloqueado ,TB_Usuarios.tpNivelJerarquico  FROM TB_Usuarios  WHERE TB_Usuarios.dsUsuario = 'CAMILAP'  AND  TB_Usuarios.flEliminar = 0    
28/03/2018 17:38:43 |  SELECT TB_Usuarios.dsUsuario ,TB_Usuarios.dspassword ,TB_Usuarios.tpAcceso ,TB_Usuarios.nmNombre ,TB_Usuarios.nmApellido ,TB_Usuarios.flBloqueado ,TB_Usuarios.tpNivelJerarquico  FROM TB_Usuarios  WHERE TB_Usuarios.dsUsuario = 'CAMILAP'  AND  TB_Usuarios.flEliminar = 0    
28/03/2018 17:38:43 | Exec sco_DiccionariodeDatos @nmtabla_param='sp_obtenerCajasPendientesdeAprobacion_v2_5'
28/03/2018 17:38:43 | Exec sp_obtenerCajasPendientesdeAprobacion_v2_5 @pdsUsuario_param = 'CAMILAP' 
28/03/2018 17:38:43 | Exec sp_obtenerCajasRechazadas_v2_9 
28/03/2018 17:38:43 | Exec sco_DiccionariodeDatos @nmtabla_param='TB_Parametros'
28/03/2018 17:38:43 |  SELECT TB_Parametros.vlParametro  FROM TB_Parametros  WHERE TB_Parametros.dsParametro = 'VALOR EURO'    
28/03/2018 17:38:43 |  SELECT TB_Parametros.vlParametro  FROM TB_Parametros  WHERE TB_Parametros.dsParametro = 'VALOR DOLAR'    
28/03/2018 17:38:43 | Exec SP_ValorPromoRetorno
28/03/2018 17:38:43 | Exec sco_DiccionariodeDatos @nmtabla_param='TB_Comisiones'
28/03/2018 17:38:43 |  SELECT TB_Comisiones.vlMontoMinimo  FROM TB_Comisiones  WHERE TB_Comisiones.tpComision = 'Retorno'  AND  TB_Comisiones.flEliminar = 0    
28/03/2018 17:38:43 |  SELECT TB_Parametros.vlParametro  FROM TB_Parametros  WHERE TB_Parametros.dsParametro = 'VALOR REAL'    
28/03/2018 17:38:44 | Exec sco_DiccionariodeDatos @nmtabla_param='TB_Cajas'
28/03/2018 17:38:44 |  SELECT TB_Cajas.nrCaja  FROM TB_Cajas  WHERE TB_Cajas.dsUsuario = 'CAMILAP'  and  TB_Cajas.flEstado = 0  and  TB_Cajas.tpEstadoAprobacion IS NULL  and  TB_Cajas.nrcaja > 0    
28/03/2018 17:38:45 | Exec sco_DiccionariodeDatos @nmtabla_param='VW_CajadeADMAbierta'
28/03/2018 17:38:45 |  SELECT VW_CajadeADMAbierta.nrCaja ,VW_CajadeADMAbierta.vlSaldoFinalRealPesos ,VW_CajadeADMAbierta.vlSaldoFinalRealEuros ,VW_CajadeADMAbierta.vlSaldoFinalRealDolares ,VW_CajadeADMAbierta.dsUsuario  FROM VW_CajadeADMAbierta   
28/03/2018 17:38:45 | Exec sco_DiccionariodeDatos @nmtabla_param='SP_CalculaSaldoInicial_v2_9'
28/03/2018 17:38:46 | Exec SP_CalculaSaldoInicial_v2_9 @tpCaja_param = null ,@tpCajaImputacion_param = null ,@nrCaja_param = null 
28/03/2018 17:38:47 | Exec sco_DiccionariodeDatos @nmtabla_param='SP_ObtenerMaxnrCaja_v2_8'
28/03/2018 17:38:47 | Exec SP_ObtenerMaxnrCaja_v2_8 @nrPuesto = 9 
28/03/2018 17:38:47 |  INSERT TB_Cajas (nrCaja ,vlTotalSaldoFinal ,nrPuesto ,dsUsuario ,vlSaldoInicialPesos ,dtApertura ,dtCierre ,vlDiaDolar ,vlDiaEuro ,vlSaldoInicialEuros ,vlSaldoInicialDolares ,vlSaldoFinalRealPesos ,vlTotalSaldoInicial ,dtObservacion ,vlCierrePesos ,vlSaldoFinalRealDolares ,vlSaldoFinalRealEuros ,vlTotalSaldoFinalReal ,vlCierreDolares ,vlCierreEuros ,dsObservacion ,vlDiaReal ,flCajaAdm )  VALUES (9000000014 ,null ,9 ,'CAMILAP' ,0.00 ,'28/03/2018 17:38:46' ,null ,9.10 ,10 ,0 ,0 ,0.00 ,0.00 ,'28/03/2018 17:38:47' ,null ,0 ,0 ,null ,null ,null ,null ,3.21 ,1 )
28/03/2018 17:38:47 | 
Infracción de la restricción PRIMARY KEY 'PK__TB_Cajas__573DED66'. No se puede insertar una clave duplicada en el objeto 'dbo.TB_Cajas'. El valor de la clave duplicada es (9000000014).
Se terminó la instrucción.
28/03/2018 17:38:47 |  INSERT TB_Cajas (nrCaja ,vlTotalSaldoFinal ,nrPuesto ,dsUsuario ,vlSaldoInicialPesos ,dtApertura ,dtCierre ,vlDiaDolar ,vlDiaEuro ,vlSaldoInicialEuros ,vlSaldoInicialDolares ,vlSaldoFinalRealPesos ,vlTotalSaldoInicial ,dtObservacion ,vlCierrePesos ,vlSaldoFinalRealDolares ,vlSaldoFinalRealEuros ,vlTotalSaldoFinalReal ,vlCierreDolares ,vlCierreEuros ,dsObservacion ,vlDiaReal ,flCajaAdm )  VALUES (9000000014 ,null ,9 ,'CAMILAP' ,0.00 ,'28/03/2018 17:38:46' ,null ,9.10 ,10 ,0 ,0 ,0.00 ,0.00 ,'28/03/2018 17:38:47' ,null ,0 ,0 ,null ,null ,null ,null ,3.21 ,1 )
28/03/2018 17:38:52 | Exec sco_DiccionariodeDatos @nmtabla_param='VW_UltimaCajaAdm'
28/03/2018 17:38:52 |  SELECT VW_UltimaCajaAdm.nrCaja ,VW_UltimaCajaAdm.vlSaldoFinalRealPesos ,VW_UltimaCajaAdm.vlSaldoFinalRealEuros ,VW_UltimaCajaAdm.vlSaldoFinalRealDolares  FROM VW_UltimaCajaAdm   
28/03/2018 17:38:52 |  SELECT TB_Cajas.nrCaja  FROM TB_Cajas  WHERE TB_Cajas.flEstado = 0    
28/03/2018 17:39:00 | Exec sco_DiccionariodeDatos @nmtabla_param='TB_Puestos'
28/03/2018 17:39:00 |  SELECT TB_Puestos.nrPuesto ,TB_Puestos.dsPuesto  FROM TB_Puestos   
28/03/2018 17:39:00 |  SELECT TB_Puestos.nrPuesto ,TB_Puestos.dsPuesto  FROM TB_Puestos  WHERE TB_Puestos.nrPuesto = 9    
28/03/2018 17:39:02 | Exec  sco_TB_Productos_v4_1 
28/03/2018 17:39:02 | Exec sco_DiccionariodeDatos @nmtabla_param='TB_Usuarios'
28/03/2018 17:39:05 |  SELECT TB_Usuarios.dsUsuario ,TB_Usuarios.dspassword ,TB_Usuarios.tpAcceso ,TB_Usuarios.nmNombre ,TB_Usuarios.nmApellido ,TB_Usuarios.flBloqueado ,TB_Usuarios.tpNivelJerarquico  FROM TB_Usuarios  WHERE TB_Usuarios.dsUsuario = 'CAMILAP'  AND  TB_Usuarios.flEliminar = 0    
28/03/2018 17:39:05 |  SELECT TB_Usuarios.dsUsuario ,TB_Usuarios.dspassword ,TB_Usuarios.tpAcceso ,TB_Usuarios.nmNombre ,TB_Usuarios.nmApellido ,TB_Usuarios.flBloqueado ,TB_Usuarios.tpNivelJerarquico  FROM TB_Usuarios  WHERE TB_Usuarios.dsUsuario = 'CAMILAP'  AND  TB_Usuarios.flEliminar = 0    
28/03/2018 17:39:05 | Exec sco_DiccionariodeDatos @nmtabla_param='sp_obtenerCajasPendientesdeAprobacion_v2_5'
28/03/2018 17:39:05 | Exec sp_obtenerCajasPendientesdeAprobacion_v2_5 @pdsUsuario_param = 'CAMILAP' 
28/03/2018 17:39:05 | Exec sp_obtenerCajasRechazadas_v2_9 
28/03/2018 17:39:05 | Exec sco_DiccionariodeDatos @nmtabla_param='TB_Parametros'
28/03/2018 17:39:05 |  SELECT TB_Parametros.vlParametro  FROM TB_Parametros  WHERE TB_Parametros.dsParametro = 'VALOR EURO'    
28/03/2018 17:39:05 |  SELECT TB_Parametros.vlParametro  FROM TB_Parametros  WHERE TB_Parametros.dsParametro = 'VALOR DOLAR'    
28/03/2018 17:39:05 | Exec SP_ValorPromoRetorno
28/03/2018 17:39:05 | Exec sco_DiccionariodeDatos @nmtabla_param='TB_Comisiones'
28/03/2018 17:39:05 |  SELECT TB_Comisiones.vlMontoMinimo  FROM TB_Comisiones  WHERE TB_Comisiones.tpComision = 'Retorno'  AND  TB_Comisiones.flEliminar = 0    
28/03/2018 17:39:05 |  SELECT TB_Parametros.vlParametro  FROM TB_Parametros  WHERE TB_Parametros.dsParametro = 'VALOR REAL'    
28/03/2018 17:39:19 | Exec sco_DiccionariodeDatos @nmtabla_param='TB_Cajas'
28/03/2018 17:39:19 |  SELECT TB_Cajas.nrCaja  FROM TB_Cajas  WHERE TB_Cajas.dsUsuario = 'CAMILAP'  and  TB_Cajas.flEstado = 0  and  TB_Cajas.tpEstadoAprobacion IS NULL  and  TB_Cajas.nrcaja > 0    
28/03/2018 17:40:18 | Exec sco_DiccionariodeDatos @nmtabla_param='VW_CajadeADMAbierta'
28/03/2018 17:40:18 |  SELECT VW_CajadeADMAbierta.nrCaja ,VW_CajadeADMAbierta.vlSaldoFinalRealPesos ,VW_CajadeADMAbierta.vlSaldoFinalRealEuros ,VW_CajadeADMAbierta.vlSaldoFinalRealDolares ,VW_CajadeADMAbierta.dsUsuario  FROM VW_CajadeADMAbierta   
28/03/2018 17:40:18 | Exec sco_DiccionariodeDatos @nmtabla_param='SP_CalculaSaldoInicial_v2_9'
28/03/2018 17:40:18 | Exec SP_CalculaSaldoInicial_v2_9 @tpCaja_param = null ,@tpCajaImputacion_param = null ,@nrCaja_param = null 
28/03/2018 17:43:07 | Exec sco_DiccionariodeDatos @nmtabla_param='SP_ObtenerMaxnrCaja_v2_8'
28/03/2018 17:45:10 | Exec SP_ObtenerMaxnrCaja_v2_8 @nrPuesto = 9 
28/03/2018 17:45:10 |  INSERT TB_Cajas (nrCaja ,vlTotalSaldoFinal ,nrPuesto ,dsUsuario ,vlSaldoInicialPesos ,dtApertura ,dtCierre ,vlDiaDolar ,vlDiaEuro ,vlSaldoInicialEuros ,vlSaldoInicialDolares ,vlSaldoFinalRealPesos ,vlTotalSaldoInicial ,dtObservacion ,vlCierrePesos ,vlSaldoFinalRealDolares ,vlSaldoFinalRealEuros ,vlTotalSaldoFinalReal ,vlCierreDolares ,vlCierreEuros ,dsObservacion ,vlDiaReal ,flCajaAdm )  VALUES (9000000015 ,null ,9 ,'CAMILAP' ,0 ,'28/03/2018 17:40:18' ,null ,9.10 ,10 ,0 ,0 ,0 ,0.00 ,'28/03/2018 17:42:02' ,null ,0 ,0 ,null ,null ,null ,null ,3.21 ,1 )
28/03/2018 17:45:10 | Exec sco_DiccionariodeDatos @nmtabla_param='DiccionariodeDatos'
28/03/2018 17:45:10 |  UPDATE DiccionariodeDatos SET DiccionariodeDatos.vlPuesto9  = '9000000015'   WHERE DiccionariodeDatos.nmTabla = 'TB_Cajas'  AND  DiccionariodeDatos.nmCampo = 'nrCaja'  
28/03/2018 17:45:13 | Exec sco_DiccionariodeDatos @nmtabla_param='VW_UltimaCajaAdm'
28/03/2018 17:45:13 |  SELECT VW_UltimaCajaAdm.nrCaja ,VW_UltimaCajaAdm.vlSaldoFinalRealPesos ,VW_UltimaCajaAdm.vlSaldoFinalRealEuros ,VW_UltimaCajaAdm.vlSaldoFinalRealDolares  FROM VW_UltimaCajaAdm   
28/03/2018 17:45:13 |  SELECT TB_Cajas.nrCaja  FROM TB_Cajas  WHERE TB_Cajas.nrCaja = 9000000015  AND  TB_Cajas.flEstado = 0    
28/03/2018 17:45:14 | Exec sco_DiccionariodeDatos @nmtabla_param='sco_cajapuesto_v3_9'
28/03/2018 17:45:14 | Exec sco_cajapuesto_v3_9 @nrCaja_param = 9000000014 
28/03/2018 17:45:14 | Exec sco_cajapuesto_v3_9 @nrCaja_param = 9000000015 
28/03/2018 17:45:14 | Exec sco_DiccionariodeDatos @nmtabla_param='spu_esdifporCotizacionImputadas_v3_9'
28/03/2018 17:45:14 | Exec spu_esdifporCotizacionImputadas_v3_9 @nrCajaAdmActual = 9000000015 
28/03/2018 17:45:14 | Exec sco_validarVencimientosCAI_v4_1
28/03/2018 17:45:16 | Exec sco_DiccionariodeDatos @nmtabla_param='sco_AccesosOpcionesMenu'
28/03/2018 17:45:16 | Exec sco_AccesosOpcionesMenu @p_tpNivelAcceso = 'Administración' ,@p_operaconcaja = 1 
28/03/2018 17:45:16 | Exec sco_AccesosOpcionesMenu @p_tpNivelAcceso = 'Administración' ,@p_operaconcaja = 1 
28/03/2018 17:45:24 |  SELECT TB_Cajas.vlSaldoInicialPesos ,TB_Cajas.vlSaldoInicialDolares ,TB_Cajas.vlSaldoInicialEuros ,TB_Cajas.vlSaldoInicialReales ,TB_Cajas.vlDiaEuro ,TB_Cajas.vlDiaDolar ,TB_Cajas.vlDiaReal ,TB_Cajas.dsUsuario ,TB_Cajas.dtApertura ,TB_Cajas.dtCierre  FROM TB_Cajas  WHERE TB_Cajas.nrCaja = 9000000015    
28/03/2018 17:45:24 | Exec sco_DiccionariodeDatos @nmtabla_param='TB_Cupones'
28/03/2018 17:45:24 |  SELECT tb_parametros.dsParametro ,tb_parametros.vlParametro ,tb_parametros.tpParametro ,tb_parametros.flEditable ,tb_parametros.nrTamanio ,tb_parametros.dtActualizacion  FROM tb_parametros  WHERE tb_parametros.dsParametro = 'CANT_VIAJES_A_COMP'    
28/03/2018 17:45:24 |  SELECT tb_parametros.dsParametro ,tb_parametros.vlParametro ,tb_parametros.tpParametro ,tb_parametros.flEditable ,tb_parametros.nrTamanio ,tb_parametros.dtActualizacion  FROM tb_parametros  WHERE tb_parametros.dsParametro = 'CTROL_CANT_VIAJES'    
28/03/2018 17:45:24 |  SELECT tb_parametros.dsParametro ,tb_parametros.vlParametro ,tb_parametros.tpParametro ,tb_parametros.flEditable ,tb_parametros.nrTamanio ,tb_parametros.dtActualizacion  FROM tb_parametros  WHERE tb_parametros.dsParametro = 'COBRO_COMISION_CD_RE_OBLIGATORIA'    
28/03/2018 17:45:24 |  SELECT tb_parametros.dsParametro ,tb_parametros.vlParametro ,tb_parametros.tpParametro ,tb_parametros.flEditable ,tb_parametros.nrTamanio ,tb_parametros.dtActualizacion  FROM tb_parametros  WHERE tb_parametros.dsParametro = 'RESTRINGE_TARJETAS'    
28/03/2018 17:45:25 |  SELECT TB_Cupones.cdCodBar ,TB_Cupones.nrLicencia ,TB_Cupones.nmLicenciatario ,TB_Cupones.cdCliente ,TB_Cupones.nrCupon ,TB_Cupones.tpCupon ,TB_Cupones.vlMontoCupon ,TB_Cupones.vlPagoPesos ,TB_Cupones.vlPagoEuros ,TB_Cupones.vlPagoDolares ,TB_Cupones.vlPagoReales ,TB_Cupones.vlComision ,TB_Cupones.vlRecargoTarjeta ,TB_Cupones.nrTalonarioCliente ,TB_Cupones.tpComprobanteCliente ,TB_Cupones.nrComprabanteCliente ,TB_Cupones.tpLetraCliente ,TB_Cupones.flCobradoalCliente ,TB_Cupones.dtCobradoalCliente ,TB_Cupones.flCompensado ,TB_Cupones.cdCliente ,TB_Cupones.dsLeyenda ,TB_Cupones.vlaFavordelLicenciatario ,TB_Cupones.vlafavorAdmin ,TB_Cupones.dtCupon ,TB_Cupones.dsObservacion ,TB_Cupones.vlIVA ,TB_Cupones.flAnulado ,TB_Cupones.dsLeyenda  FROM TB_Cupones  WHERE TB_Cupones.flEliminar = 0  AND  TB_Cupones.nrLicencia = 10  AND  TB_Cupones.flCompensado = 0  AND  TB_Cupones.flAnulado = 0    AND (  CONVERT(DATE, dtCupon) >= '27/01/2018' AND CONVERT(DATE, dtCupon) <= '28/03/2018'    OR tpCupon in ('Retorno','Cobro en Destino'))  
28/03/2018 17:45:25 | Exec sco_DiccionariodeDatos @nmtabla_param='sp_cuponesCompensadosdelDia_v3_3'
28/03/2018 17:45:26 | Exec sp_cuponesCompensadosdelDia_v3_3 @pnrLicencia = '10' 
28/03/2018 17:45:26 | Exec sco_DiccionariodeDatos @nmtabla_param='SP_sepuedecompensar_2_0'
28/03/2018 17:45:26 | Exec SP_sepuedecompensar_2_0 @dtcupon_param = '20/03/2018 17:56:42' 
28/03/2018 17:45:26 | Exec SP_sepuedecompensar_2_0 @dtcupon_param = '20/03/2018 17:56:08' 
28/03/2018 17:45:27 | Exec SP_sepuedecompensar_2_0 @dtcupon_param = '20/03/2018 17:56:42' 
28/03/2018 17:45:27 | Exec SP_sepuedecompensar_2_0 @dtcupon_param = '20/03/2018 17:56:08' 
28/03/2018 17:46:37 |  SELECT TB_Cupones.nrCupon  FROM TB_Cupones  WHERE TB_Cupones.IdRecibo = 5    
28/03/2018 17:46:37 | Exec sco_DiccionariodeDatos @nmtabla_param='TB_Recibos'
28/03/2018 17:46:37 |  INSERT TB_Recibos (IdRecibo ,vlAcumDolares ,vlSaldoPesos ,vlSaldoEuros ,vlAcumPesos ,vlAcumEuros ,vlAcumComision ,vlAcumTarjeta ,vlSaldoDolares ,dtRecibo ,tpRecibo ,nrCaja )  VALUES (5 ,0.00 ,824.46 ,0.00 ,978.00 ,0.00 ,72.00 ,81.54 ,0.00 ,'28/03/2018 17:46:37' ,'Detalle de Pago a Licenciatario' ,9000000015 )
28/03/2018 17:46:37 |  UPDATE DiccionariodeDatos SET DiccionariodeDatos.vlPuesto9  = '1000276292'   WHERE DiccionariodeDatos.nmTabla = 'TB_Recibos'  AND  DiccionariodeDatos.nmCampo = 'IdRecibo'  
28/03/2018 17:46:37 |  UPDATE TB_Cupones SET TB_Cupones.flCompensado  = 1 ,TB_Cupones.dtCompensado  = '28/03/2018 17:46:37' ,TB_Cupones.nrCajaLicenciatario  = 9000000015 ,TB_Cupones.dtCajaLicenciatario  = '28/03/2018 17:46:37' ,TB_Cupones.IdRecibo  = 5 ,TB_Cupones.dsUsuario  = 'CAMILAP'   WHERE TB_Cupones.nrCupon = 201  AND  TB_Cupones.IdRecibo IS NULL  
28/03/2018 17:46:37 |  UPDATE TB_Cupones SET TB_Cupones.vlPagoPesos  = 489 ,TB_Cupones.vlPagoDolares  = 0 ,TB_Cupones.vlPagoEuros  = 0 ,TB_Cupones.flCompensado  = 1 ,TB_Cupones.dtCompensado  = '28/03/2018 17:46:37' ,TB_Cupones.nrCajaLicenciatario  = 9000000015 ,TB_Cupones.dtCajaLicenciatario  = '28/03/2018 17:46:37' ,TB_Cupones.IdRecibo  = 5 ,TB_Cupones.dsUsuario  = 'CAMILAP'   WHERE TB_Cupones.nrCupon = 199  AND  TB_Cupones.IdRecibo IS NULL  
28/03/2018 17:46:37 |  UPDATE TB_Cupones SET TB_Cupones.vlPagoPesos  = 489 ,TB_Cupones.vlPagoDolares  = 0 ,TB_Cupones.vlPagoEuros  = 0 ,TB_Cupones.flCompensado  = 1 ,TB_Cupones.dtCompensado  = '28/03/2018 17:46:37' ,TB_Cupones.nrCajaLicenciatario  = 9000000015 ,TB_Cupones.dtCajaLicenciatario  = '28/03/2018 17:46:37' ,TB_Cupones.IdRecibo  = 5 ,TB_Cupones.dsUsuario  = 'CAMILAP'   WHERE TB_Cupones.nrCupon = 198  AND  TB_Cupones.IdRecibo IS NULL  
28/03/2018 17:46:37 |  select count(*) as cupones_a_compensados from tb_cupones where IdRecibo = 5
28/03/2018 17:46:37 | Exec sco_DiccionariodeDatos @nmtabla_param='TB_Conceptos'
28/03/2018 17:46:37 |  SELECT TB_Conceptos.tpConcepto ,TB_Conceptos.dsConcepto ,TB_Conceptos.tpOperacion ,TB_Conceptos.tpCajaImputacion ,TB_Conceptos.tpCreadoPor  FROM TB_Conceptos  WHERE TB_Conceptos.flEliminar = 0  AND  TB_Conceptos.cdConcepto = 1027    
28/03/2018 17:46:37 | Exec sco_DiccionariodeDatos @nmtabla_param='TB_MovimientosContables'
28/03/2018 17:46:37 |  INSERT TB_MovimientosContables (IdMovimiento ,dsMovimiento ,IdRecibo ,cdConcepto ,tpConcepto ,dsConcepto ,tpOperacion ,vlPesos ,vlDolares ,vlEuros ,nrRecibo ,nrFactura ,nrCaja ,dsUsuario ,dtMovimiento ,dsProveedor ,IdProveedor ,tpCajaImputacion ,dsUsuarioCajaPuesto ,nrCajaPuesto )  VALUES (1 ,'Pago a Licenciatario' ,5 ,1027 ,'Cajas' ,'PAGO DE COMPROBANTES' ,'Salida de Dinero' ,824.46 ,0.00 ,0.00 ,'5' ,null ,9000000015 ,'CAMILAP' ,'28/03/2018 17:46:37' ,'Licencia Nro. 10' ,null ,'Caja de los Licenciatarios' ,null ,null )
28/03/2018 17:47:31 |  SELECT TB_Conceptos.tpConcepto ,TB_Conceptos.dsConcepto ,TB_Conceptos.tpOperacion ,TB_Conceptos.tpCajaImputacion ,TB_Conceptos.tpCreadoPor  FROM TB_Conceptos  WHERE TB_Conceptos.flEliminar = 0  AND  TB_Conceptos.cdConcepto = 3000    
28/03/2018 17:47:31 |  INSERT TB_MovimientosContables (IdMovimiento ,dsMovimiento ,IdRecibo ,cdConcepto ,tpConcepto ,dsConcepto ,tpOperacion ,vlPesos ,vlDolares ,vlEuros ,nrRecibo ,nrFactura ,nrCaja ,dsUsuario ,dtMovimiento ,dsProveedor ,IdProveedor ,tpCajaImputacion ,dsUsuarioCajaPuesto ,nrCajaPuesto )  VALUES (2 ,'Débitos por Obligaciones' ,5 ,3000 ,'Cajas' ,'Débito x Obligación' ,'Entrada de Dinero' ,500.00 ,0 ,0 ,'5' ,null ,9000000015 ,'CAMILAP' ,'28/03/2018 17:47:31' ,'Licencia Nro. 10' ,null ,'Caja de la Cooperativa' ,null ,null )
28/03/2018 17:47:33 |  SELECT TB_Cupones.cdCodBar ,TB_Cupones.nrLicencia ,TB_Cupones.nmLicenciatario ,TB_Cupones.cdCliente ,TB_Cupones.nrCupon ,TB_Cupones.tpCupon ,TB_Cupones.vlMontoCupon ,TB_Cupones.vlPagoPesos ,TB_Cupones.vlPagoEuros ,TB_Cupones.vlPagoDolares ,TB_Cupones.vlPagoReales ,TB_Cupones.vlComision ,TB_Cupones.vlRecargoTarjeta ,TB_Cupones.nrTalonarioCliente ,TB_Cupones.tpComprobanteCliente ,TB_Cupones.nrComprabanteCliente ,TB_Cupones.tpLetraCliente ,TB_Cupones.flCobradoalCliente ,TB_Cupones.dtCobradoalCliente ,TB_Cupones.flCompensado ,TB_Cupones.cdCliente ,TB_Cupones.dsLeyenda ,TB_Cupones.vlaFavordelLicenciatario ,TB_Cupones.vlafavorAdmin ,TB_Cupones.dtCupon ,TB_Cupones.dsObservacion ,TB_Cupones.vlIVA ,TB_Cupones.flAnulado ,TB_Cupones.dsLeyenda  FROM TB_Cupones  WHERE TB_Cupones.flEliminar = 0  AND  TB_Cupones.nrLicencia = 10  AND  TB_Cupones.flCompensado = 0  AND  TB_Cupones.flAnulado = 0    AND (  CONVERT(DATE, dtCupon) >= '27/01/2018' AND CONVERT(DATE, dtCupon) <= '28/03/2018'    OR tpCupon in ('Retorno','Cobro en Destino'))  
28/03/2018 17:47:33 | Exec sp_cuponesCompensadosdelDia_v3_3 @pnrLicencia = '10' 
28/03/2018 17:50:24 | Exec sco_AccesosOpcionesMenu @p_tpNivelAcceso = 'Administración' ,@p_operaconcaja = 1 
28/03/2018 17:50:29 |  SELECT TB_Recibos.IdRecibo ,TB_Recibos.vlAcumDolares ,TB_Recibos.vlSaldoPesos ,TB_Recibos.cdCliente ,TB_Recibos.dsRazonSocial ,TB_Recibos.vlSaldoEuros ,TB_Recibos.vlAcumPesos ,TB_Recibos.tpRecibo ,TB_Recibos.vlAcumEuros ,TB_Recibos.vlAcumComision ,TB_Recibos.vlSaldoDolares ,TB_Recibos.dtRecibo ,TB_Recibos.flAnulado ,TB_Recibos.nrCaja ,TB_Recibos.dsUsuario  FROM TB_Recibos  WHERE  IdRecibo Like ('%%%') AND TB_Recibos.dtRecibo >= '28/03/2018 00:00:00'  AND  TB_Recibos.dtRecibo <= '28/03/2018 23:59:59'     Order by TB_Recibos.IdRecibo ASC 
28/03/2018 17:50:31 |  SELECT tb_parametros.dsParametro ,tb_parametros.vlParametro ,tb_parametros.tpParametro ,tb_parametros.flEditable ,tb_parametros.nrTamanio ,tb_parametros.dtActualizacion  FROM tb_parametros  WHERE tb_parametros.dsParametro = 'ELIMINA_RECIBO_DE_OTRA_CAJA'    
28/03/2018 17:50:32 |  SELECT TB_Usuarios.dsUsuario ,TB_Usuarios.nmNombre ,TB_Usuarios.nmApellido ,TB_Usuarios.tpNivelJerarquico  FROM TB_Usuarios  WHERE TB_Usuarios.flEliminar = 0  AND  TB_Usuarios.flBloqueado = 0  AND  TB_Usuarios.tpNivelJerarquico = 'Supervisor'    
28/03/2018 17:50:36 |  SELECT TB_Usuarios.dsUsuario ,TB_Usuarios.dspassword ,TB_Usuarios.tpAcceso ,TB_Usuarios.nmNombre ,TB_Usuarios.nmApellido ,TB_Usuarios.flBloqueado ,TB_Usuarios.tpNivelJerarquico  FROM TB_Usuarios  WHERE TB_Usuarios.dsUsuario = 'USRPARAM'  AND  TB_Usuarios.flEliminar = 0    
28/03/2018 17:50:39 |  SELECT tb_parametros.dsParametro ,tb_parametros.vlParametro ,tb_parametros.tpParametro ,tb_parametros.flEditable ,tb_parametros.nrTamanio ,tb_parametros.dtActualizacion  FROM tb_parametros  WHERE tb_parametros.dsParametro = 'ELIMINA_RECIBO_DE_OTRA_CAJA'    
28/03/2018 17:50:39 |  SELECT TB_Usuarios.dsUsuario ,TB_Usuarios.nmNombre ,TB_Usuarios.nmApellido ,TB_Usuarios.tpNivelJerarquico  FROM TB_Usuarios  WHERE TB_Usuarios.flEliminar = 0  AND  TB_Usuarios.flBloqueado = 0  AND  TB_Usuarios.tpNivelJerarquico = 'Supervisor'    
28/03/2018 17:50:44 |  SELECT TB_Usuarios.dsUsuario ,TB_Usuarios.dspassword ,TB_Usuarios.tpAcceso ,TB_Usuarios.nmNombre ,TB_Usuarios.nmApellido ,TB_Usuarios.flBloqueado ,TB_Usuarios.tpNivelJerarquico  FROM TB_Usuarios  WHERE TB_Usuarios.dsUsuario = 'USRPARAM'  AND  TB_Usuarios.flEliminar = 0    
28/03/2018 17:50:45 | Exec  SP_AnularRecibo_v4_9_832 @idReciboParam=5 ,  @dsUsuario_param='CAMILAP', @dsUsuario_Supervisor_param='USRPARAM'
28/03/2018 17:50:46 |  SELECT TB_Recibos.IdRecibo ,TB_Recibos.vlAcumDolares ,TB_Recibos.vlSaldoPesos ,TB_Recibos.cdCliente ,TB_Recibos.dsRazonSocial ,TB_Recibos.vlSaldoEuros ,TB_Recibos.vlAcumPesos ,TB_Recibos.tpRecibo ,TB_Recibos.vlAcumEuros ,TB_Recibos.vlAcumComision ,TB_Recibos.vlSaldoDolares ,TB_Recibos.dtRecibo ,TB_Recibos.flAnulado ,TB_Recibos.nrCaja ,TB_Recibos.dsUsuario  FROM TB_Recibos  WHERE  IdRecibo Like ('%%%') AND TB_Recibos.dtRecibo >= '28/03/2018 00:00:00'  AND  TB_Recibos.dtRecibo <= '28/03/2018 23:59:59'     Order by TB_Recibos.IdRecibo ASC 
28/03/2018 17:50:48 | Exec sco_AccesosOpcionesMenu @p_tpNivelAcceso = 'Administración' ,@p_operaconcaja = 1 
28/03/2018 17:50:52 |  SELECT TB_Cajas.vlSaldoInicialPesos ,TB_Cajas.vlSaldoInicialDolares ,TB_Cajas.vlSaldoInicialEuros ,TB_Cajas.vlSaldoInicialReales ,TB_Cajas.vlDiaEuro ,TB_Cajas.vlDiaDolar ,TB_Cajas.vlDiaReal ,TB_Cajas.dsUsuario ,TB_Cajas.dtApertura ,TB_Cajas.dtCierre  FROM TB_Cajas  WHERE TB_Cajas.nrCaja = 9000000015    
28/03/2018 17:50:52 |  SELECT tb_parametros.dsParametro ,tb_parametros.vlParametro ,tb_parametros.tpParametro ,tb_parametros.flEditable ,tb_parametros.nrTamanio ,tb_parametros.dtActualizacion  FROM tb_parametros  WHERE tb_parametros.dsParametro = 'CANT_VIAJES_A_COMP'    
28/03/2018 17:50:52 |  SELECT tb_parametros.dsParametro ,tb_parametros.vlParametro ,tb_parametros.tpParametro ,tb_parametros.flEditable ,tb_parametros.nrTamanio ,tb_parametros.dtActualizacion  FROM tb_parametros  WHERE tb_parametros.dsParametro = 'CTROL_CANT_VIAJES'    
28/03/2018 17:50:52 |  SELECT tb_parametros.dsParametro ,tb_parametros.vlParametro ,tb_parametros.tpParametro ,tb_parametros.flEditable ,tb_parametros.nrTamanio ,tb_parametros.dtActualizacion  FROM tb_parametros  WHERE tb_parametros.dsParametro = 'COBRO_COMISION_CD_RE_OBLIGATORIA'    
28/03/2018 17:50:52 |  SELECT tb_parametros.dsParametro ,tb_parametros.vlParametro ,tb_parametros.tpParametro ,tb_parametros.flEditable ,tb_parametros.nrTamanio ,tb_parametros.dtActualizacion  FROM tb_parametros  WHERE tb_parametros.dsParametro = 'RESTRINGE_TARJETAS'    
28/03/2018 17:50:54 |  SELECT TB_Cupones.cdCodBar ,TB_Cupones.nrLicencia ,TB_Cupones.nmLicenciatario ,TB_Cupones.cdCliente ,TB_Cupones.nrCupon ,TB_Cupones.tpCupon ,TB_Cupones.vlMontoCupon ,TB_Cupones.vlPagoPesos ,TB_Cupones.vlPagoEuros ,TB_Cupones.vlPagoDolares ,TB_Cupones.vlPagoReales ,TB_Cupones.vlComision ,TB_Cupones.vlRecargoTarjeta ,TB_Cupones.nrTalonarioCliente ,TB_Cupones.tpComprobanteCliente ,TB_Cupones.nrComprabanteCliente ,TB_Cupones.tpLetraCliente ,TB_Cupones.flCobradoalCliente ,TB_Cupones.dtCobradoalCliente ,TB_Cupones.flCompensado ,TB_Cupones.cdCliente ,TB_Cupones.dsLeyenda ,TB_Cupones.vlaFavordelLicenciatario ,TB_Cupones.vlafavorAdmin ,TB_Cupones.dtCupon ,TB_Cupones.dsObservacion ,TB_Cupones.vlIVA ,TB_Cupones.flAnulado ,TB_Cupones.dsLeyenda  FROM TB_Cupones  WHERE TB_Cupones.flEliminar = 0  AND  TB_Cupones.nrLicencia = 10  AND  TB_Cupones.flCompensado = 0  AND  TB_Cupones.flAnulado = 0    AND (  CONVERT(DATE, dtCupon) >= '27/01/2018' AND CONVERT(DATE, dtCupon) <= '28/03/2018'    OR tpCupon in ('Retorno','Cobro en Destino'))  
28/03/2018 17:50:54 | Exec sp_cuponesCompensadosdelDia_v3_3 @pnrLicencia = '10' 
28/03/2018 17:50:54 | Exec SP_sepuedecompensar_2_0 @dtcupon_param = '20/03/2018 17:56:42' 
28/03/2018 17:50:54 | Exec SP_sepuedecompensar_2_0 @dtcupon_param = '20/03/2018 17:56:08' 
28/03/2018 17:50:59 | Exec sco_AccesosOpcionesMenu @p_tpNivelAcceso = 'Administración' ,@p_operaconcaja = 1 
28/03/2018 17:55:55 | Exec sco_DiccionariodeDatos @nmtabla_param='TB_Puestos'
28/03/2018 17:55:55 |  SELECT TB_Puestos.nrPuesto ,TB_Puestos.dsPuesto  FROM TB_Puestos   
28/03/2018 17:55:55 |  SELECT TB_Puestos.nrPuesto ,TB_Puestos.dsPuesto  FROM TB_Puestos  WHERE TB_Puestos.nrPuesto = 9    
28/03/2018 17:55:58 | Exec  sco_TB_Productos_v4_1 
28/03/2018 17:55:58 | Exec sco_DiccionariodeDatos @nmtabla_param='TB_Usuarios'
28/03/2018 17:56:01 |  SELECT TB_Usuarios.dsUsuario ,TB_Usuarios.dspassword ,TB_Usuarios.tpAcceso ,TB_Usuarios.nmNombre ,TB_Usuarios.nmApellido ,TB_Usuarios.flBloqueado ,TB_Usuarios.tpNivelJerarquico  FROM TB_Usuarios  WHERE TB_Usuarios.dsUsuario = 'CAMILAP'  AND  TB_Usuarios.flEliminar = 0    
28/03/2018 17:56:01 |  SELECT TB_Usuarios.dsUsuario ,TB_Usuarios.dspassword ,TB_Usuarios.tpAcceso ,TB_Usuarios.nmNombre ,TB_Usuarios.nmApellido ,TB_Usuarios.flBloqueado ,TB_Usuarios.tpNivelJerarquico  FROM TB_Usuarios  WHERE TB_Usuarios.dsUsuario = 'CAMILAP'  AND  TB_Usuarios.flEliminar = 0    
28/03/2018 17:56:01 | Exec sco_DiccionariodeDatos @nmtabla_param='sp_obtenerCajasPendientesdeAprobacion_v2_5'
28/03/2018 17:56:01 | Exec sp_obtenerCajasPendientesdeAprobacion_v2_5 @pdsUsuario_param = 'CAMILAP' 
28/03/2018 17:56:01 | Exec sp_obtenerCajasRechazadas_v2_9 
28/03/2018 17:56:01 | Exec sco_DiccionariodeDatos @nmtabla_param='TB_Parametros'
28/03/2018 17:56:01 |  SELECT TB_Parametros.vlParametro  FROM TB_Parametros  WHERE TB_Parametros.dsParametro = 'VALOR EURO'    
28/03/2018 17:56:01 |  SELECT TB_Parametros.vlParametro  FROM TB_Parametros  WHERE TB_Parametros.dsParametro = 'VALOR DOLAR'    
28/03/2018 17:56:01 | Exec SP_ValorPromoRetorno
28/03/2018 17:56:01 | Exec sco_DiccionariodeDatos @nmtabla_param='TB_Comisiones'
28/03/2018 17:56:01 |  SELECT TB_Comisiones.vlMontoMinimo  FROM TB_Comisiones  WHERE TB_Comisiones.tpComision = 'Retorno'  AND  TB_Comisiones.flEliminar = 0    
28/03/2018 17:56:01 |  SELECT TB_Parametros.vlParametro  FROM TB_Parametros  WHERE TB_Parametros.dsParametro = 'VALOR REAL'    
28/03/2018 17:56:02 | Exec sco_DiccionariodeDatos @nmtabla_param='TB_Cajas'
28/03/2018 17:56:02 |  SELECT TB_Cajas.nrCaja  FROM TB_Cajas  WHERE TB_Cajas.dsUsuario = 'CAMILAP'  and  TB_Cajas.flEstado = 0  and  TB_Cajas.tpEstadoAprobacion IS NULL  and  TB_Cajas.nrcaja > 0    
28/03/2018 17:56:03 |  SELECT TB_Cajas.nrCaja ,TB_Cajas.vlTotalSaldoFinal ,TB_Cajas.nrPuesto ,TB_Cajas.dsUsuario ,TB_Cajas.vlSaldoInicialPesos ,TB_Cajas.dtApertura ,TB_Cajas.dtCierre ,TB_Cajas.vlDiaDolar ,TB_Cajas.vlDiaEuro ,TB_Cajas.vlSaldoInicialEuros ,TB_Cajas.vlSaldoInicialDolares ,TB_Cajas.vlSaldoFinalRealPesos ,TB_Cajas.vlTotalSaldoInicial ,TB_Cajas.dtObservacion ,TB_Cajas.vlCierrePesos ,TB_Cajas.vlSaldoFinalRealDolares ,TB_Cajas.vlSaldoFinalRealEuros ,TB_Cajas.vlTotalSaldoFinalReal ,TB_Cajas.vlCierreDolares ,TB_Cajas.vlCierreEuros ,TB_Cajas.dsObservacion ,TB_Cajas.vlDiaReal ,TB_Cajas.flEstado  FROM TB_Cajas  WHERE TB_Cajas.nrCaja = 9000000015    
28/03/2018 17:56:03 | Exec sco_DiccionariodeDatos @nmtabla_param='SP_SumaCajaADM_v2_9'
28/03/2018 17:56:03 | Exec SP_SumaCajaADM_v2_9 @nrCaja_param = 9000000015 ,@tpCaja_param = 'CA' ,@tpCajaImputacion_param = null 
28/03/2018 17:56:04 |  UPDATE TB_Cajas SET TB_Cajas.vlSaldoFinalRealPesos  = 0.00 ,TB_Cajas.vlSaldoFinalRealEuros  = 0.00 ,TB_Cajas.vlSaldoFinalRealDolares  = 0.00 ,TB_Cajas.vlCierrePesos  = 0 ,TB_Cajas.vlCierreDolares  = 0 ,TB_Cajas.vlCierreEuros  = 0   WHERE TB_Cajas.nrCaja = 9000000015  
28/03/2018 17:56:07 |  UPDATE TB_Cajas SET TB_Cajas.nrCaja  = 9000000015 ,TB_Cajas.vlTotalSaldoFinal  = 0.00 ,TB_Cajas.nrPuesto  = 9 ,TB_Cajas.dsUsuario  = 'CAMILAP' ,TB_Cajas.vlSaldoInicialPesos  = 0.00 ,TB_Cajas.dtApertura  = '28/03/2018 17:40:18' ,TB_Cajas.dtCierre  = null ,TB_Cajas.vlDiaDolar  = 9.10 ,TB_Cajas.vlDiaEuro  = 10.00 ,TB_Cajas.vlSaldoInicialEuros  = 0.00 ,TB_Cajas.vlSaldoInicialDolares  = 0.00 ,TB_Cajas.vlSaldoFinalRealPesos  = 0.00 ,TB_Cajas.vlTotalSaldoInicial  = 0.00 ,TB_Cajas.dtObservacion  = '28/03/2018 17:56:06' ,TB_Cajas.vlCierrePesos  = 0 ,TB_Cajas.vlSaldoFinalRealDolares  = 0.00 ,TB_Cajas.vlSaldoFinalRealEuros  = 0.00 ,TB_Cajas.vlTotalSaldoFinalReal  = 0.00 ,TB_Cajas.vlCierreDolares  = 0 ,TB_Cajas.vlCierreEuros  = 0 ,TB_Cajas.dsObservacion  = null ,TB_Cajas.vlDiaReal  = 3.21 ,TB_Cajas.flCajaAdm  = 1   WHERE TB_Cajas.nrCaja = 9000000015  
28/03/2018 17:56:07 | Exec sco_DiccionariodeDatos @nmtabla_param='VW_UltimaCajaAdm'
28/03/2018 17:56:07 |  SELECT VW_UltimaCajaAdm.nrCaja ,VW_UltimaCajaAdm.vlSaldoFinalRealPesos ,VW_UltimaCajaAdm.vlSaldoFinalRealEuros ,VW_UltimaCajaAdm.vlSaldoFinalRealDolares  FROM VW_UltimaCajaAdm   
28/03/2018 17:56:07 |  SELECT TB_Cajas.nrCaja  FROM TB_Cajas  WHERE TB_Cajas.nrCaja = 9000000015  AND  TB_Cajas.flEstado = 0    
28/03/2018 17:56:08 | Exec sco_DiccionariodeDatos @nmtabla_param='sco_cajapuesto_v3_9'
28/03/2018 17:56:08 | Exec sco_cajapuesto_v3_9 @nrCaja_param = 9000000014 
28/03/2018 17:56:08 | Exec sco_cajapuesto_v3_9 @nrCaja_param = 9000000015 
28/03/2018 17:56:08 | Exec sco_DiccionariodeDatos @nmtabla_param='spu_esdifporCotizacionImputadas_v3_9'
28/03/2018 17:56:08 | Exec spu_esdifporCotizacionImputadas_v3_9 @nrCajaAdmActual = 9000000015 
28/03/2018 17:56:08 | Exec sco_validarVencimientosCAI_v4_1
28/03/2018 17:56:10 | Exec sco_DiccionariodeDatos @nmtabla_param='sco_AccesosOpcionesMenu'
28/03/2018 17:56:10 | Exec sco_AccesosOpcionesMenu @p_tpNivelAcceso = 'Administración' ,@p_operaconcaja = 1 
28/03/2018 17:56:10 | Exec sco_AccesosOpcionesMenu @p_tpNivelAcceso = 'Administración' ,@p_operaconcaja = 1 
28/03/2018 17:56:12 |  SELECT TB_Cajas.vlSaldoInicialPesos ,TB_Cajas.vlSaldoInicialDolares ,TB_Cajas.vlSaldoInicialEuros ,TB_Cajas.vlSaldoInicialReales ,TB_Cajas.vlDiaEuro ,TB_Cajas.vlDiaDolar ,TB_Cajas.vlDiaReal ,TB_Cajas.dsUsuario ,TB_Cajas.dtApertura ,TB_Cajas.dtCierre  FROM TB_Cajas  WHERE TB_Cajas.nrCaja = 9000000015    
28/03/2018 17:56:12 | Exec sco_DiccionariodeDatos @nmtabla_param='TB_Cupones'
28/03/2018 17:56:12 |  SELECT tb_parametros.dsParametro ,tb_parametros.vlParametro ,tb_parametros.tpParametro ,tb_parametros.flEditable ,tb_parametros.nrTamanio ,tb_parametros.dtActualizacion  FROM tb_parametros  WHERE tb_parametros.dsParametro = 'CANT_VIAJES_A_COMP'    
28/03/2018 17:56:12 |  SELECT tb_parametros.dsParametro ,tb_parametros.vlParametro ,tb_parametros.tpParametro ,tb_parametros.flEditable ,tb_parametros.nrTamanio ,tb_parametros.dtActualizacion  FROM tb_parametros  WHERE tb_parametros.dsParametro = 'CTROL_CANT_VIAJES'    
28/03/2018 17:56:12 |  SELECT tb_parametros.dsParametro ,tb_parametros.vlParametro ,tb_parametros.tpParametro ,tb_parametros.flEditable ,tb_parametros.nrTamanio ,tb_parametros.dtActualizacion  FROM tb_parametros  WHERE tb_parametros.dsParametro = 'COBRO_COMISION_CD_RE_OBLIGATORIA'    
28/03/2018 17:56:12 |  SELECT tb_parametros.dsParametro ,tb_parametros.vlParametro ,tb_parametros.tpParametro ,tb_parametros.flEditable ,tb_parametros.nrTamanio ,tb_parametros.dtActualizacion  FROM tb_parametros  WHERE tb_parametros.dsParametro = 'RESTRINGE_TARJETAS'    
28/03/2018 17:56:14 |  SELECT TB_Cupones.cdCodBar ,TB_Cupones.nrLicencia ,TB_Cupones.nmLicenciatario ,TB_Cupones.cdCliente ,TB_Cupones.nrCupon ,TB_Cupones.tpCupon ,TB_Cupones.vlMontoCupon ,TB_Cupones.vlPagoPesos ,TB_Cupones.vlPagoEuros ,TB_Cupones.vlPagoDolares ,TB_Cupones.vlPagoReales ,TB_Cupones.vlComision ,TB_Cupones.vlRecargoTarjeta ,TB_Cupones.nrTalonarioCliente ,TB_Cupones.tpComprobanteCliente ,TB_Cupones.nrComprabanteCliente ,TB_Cupones.tpLetraCliente ,TB_Cupones.flCobradoalCliente ,TB_Cupones.dtCobradoalCliente ,TB_Cupones.flCompensado ,TB_Cupones.cdCliente ,TB_Cupones.dsLeyenda ,TB_Cupones.vlaFavordelLicenciatario ,TB_Cupones.vlafavorAdmin ,TB_Cupones.dtCupon ,TB_Cupones.dsObservacion ,TB_Cupones.vlIVA ,TB_Cupones.flAnulado ,TB_Cupones.dsLeyenda  FROM TB_Cupones  WHERE TB_Cupones.flEliminar = 0  AND  TB_Cupones.nrLicencia = 10  AND  TB_Cupones.flCompensado = 0  AND  TB_Cupones.flAnulado = 0    AND (  CONVERT(DATE, dtCupon) >= '27/01/2018' AND CONVERT(DATE, dtCupon) <= '28/03/2018'    OR tpCupon in ('Retorno','Cobro en Destino'))  
28/03/2018 17:56:14 | Exec sco_DiccionariodeDatos @nmtabla_param='sp_cuponesCompensadosdelDia_v3_3'
28/03/2018 17:56:14 | Exec sp_cuponesCompensadosdelDia_v3_3 @pnrLicencia = '10' 
28/03/2018 17:56:14 | Exec sco_DiccionariodeDatos @nmtabla_param='SP_sepuedecompensar_2_0'
28/03/2018 17:56:14 | Exec SP_sepuedecompensar_2_0 @dtcupon_param = '20/03/2018 17:56:42' 
28/03/2018 17:56:14 | Exec SP_sepuedecompensar_2_0 @dtcupon_param = '20/03/2018 17:56:08' 
28/03/2018 17:56:15 | Exec SP_sepuedecompensar_2_0 @dtcupon_param = '20/03/2018 17:56:42' 
28/03/2018 17:56:16 | Exec SP_sepuedecompensar_2_0 @dtcupon_param = '20/03/2018 17:56:08' 
28/03/2018 17:56:21 |  SELECT TB_Cupones.nrCupon  FROM TB_Cupones  WHERE TB_Cupones.IdRecibo = 6    
28/03/2018 17:56:21 | Exec sco_DiccionariodeDatos @nmtabla_param='TB_Recibos'
28/03/2018 17:56:21 |  INSERT TB_Recibos (IdRecibo ,vlAcumDolares ,vlSaldoPesos ,vlSaldoEuros ,vlAcumPesos ,vlAcumEuros ,vlAcumComision ,vlAcumTarjeta ,vlSaldoDolares ,dtRecibo ,tpRecibo ,nrCaja )  VALUES (6 ,0.00 ,324.46 ,0.00 ,978.00 ,0.00 ,72.00 ,81.54 ,0.00 ,'28/03/2018 17:56:21' ,'Detalle de Pago a Licenciatario' ,9000000015 )
28/03/2018 17:56:21 | Exec sco_DiccionariodeDatos @nmtabla_param='DiccionariodeDatos'
28/03/2018 17:56:21 |  UPDATE DiccionariodeDatos SET DiccionariodeDatos.vlPuesto9  = '1000276293'   WHERE DiccionariodeDatos.nmTabla = 'TB_Recibos'  AND  DiccionariodeDatos.nmCampo = 'IdRecibo'  
28/03/2018 17:56:21 |  UPDATE TB_Cupones SET TB_Cupones.flCompensado  = 1 ,TB_Cupones.dtCompensado  = '28/03/2018 17:56:21' ,TB_Cupones.nrCajaLicenciatario  = 9000000015 ,TB_Cupones.dtCajaLicenciatario  = '28/03/2018 17:56:21' ,TB_Cupones.IdRecibo  = 6 ,TB_Cupones.dsUsuario  = 'CAMILAP'   WHERE TB_Cupones.nrCupon = 201  AND  TB_Cupones.IdRecibo IS NULL  
28/03/2018 17:56:21 |  UPDATE TB_Cupones SET TB_Cupones.vlPagoPesos  = 489 ,TB_Cupones.vlPagoDolares  = 0 ,TB_Cupones.vlPagoEuros  = 0 ,TB_Cupones.flCompensado  = 1 ,TB_Cupones.dtCompensado  = '28/03/2018 17:56:21' ,TB_Cupones.nrCajaLicenciatario  = 9000000015 ,TB_Cupones.dtCajaLicenciatario  = '28/03/2018 17:56:21' ,TB_Cupones.IdRecibo  = 6 ,TB_Cupones.dsUsuario  = 'CAMILAP'   WHERE TB_Cupones.nrCupon = 199  AND  TB_Cupones.IdRecibo IS NULL  
28/03/2018 17:56:21 |  UPDATE TB_Cupones SET TB_Cupones.vlPagoPesos  = 489 ,TB_Cupones.vlPagoDolares  = 0 ,TB_Cupones.vlPagoEuros  = 0 ,TB_Cupones.flCompensado  = 1 ,TB_Cupones.dtCompensado  = '28/03/2018 17:56:21' ,TB_Cupones.nrCajaLicenciatario  = 9000000015 ,TB_Cupones.dtCajaLicenciatario  = '28/03/2018 17:56:21' ,TB_Cupones.IdRecibo  = 6 ,TB_Cupones.dsUsuario  = 'CAMILAP'   WHERE TB_Cupones.nrCupon = 198  AND  TB_Cupones.IdRecibo IS NULL  
28/03/2018 17:56:21 |  select count(*) as cupones_a_compensados from tb_cupones where IdRecibo = 6
28/03/2018 17:56:44 | Exec sco_DiccionariodeDatos @nmtabla_param='TB_Conceptos'
28/03/2018 17:56:44 |  SELECT TB_Conceptos.tpConcepto ,TB_Conceptos.dsConcepto ,TB_Conceptos.tpOperacion ,TB_Conceptos.tpCajaImputacion ,TB_Conceptos.tpCreadoPor  FROM TB_Conceptos  WHERE TB_Conceptos.flEliminar = 0  AND  TB_Conceptos.cdConcepto = 1027    
28/03/2018 17:56:44 | Exec sco_DiccionariodeDatos @nmtabla_param='TB_MovimientosContables'
28/03/2018 17:56:44 |  INSERT TB_MovimientosContables (IdMovimiento ,dsMovimiento ,IdRecibo ,cdConcepto ,tpConcepto ,dsConcepto ,tpOperacion ,vlPesos ,vlDolares ,vlEuros ,nrRecibo ,nrFactura ,nrCaja ,dsUsuario ,dtMovimiento ,dsProveedor ,IdProveedor ,tpCajaImputacion ,dsUsuarioCajaPuesto ,nrCajaPuesto )  VALUES (1 ,'Pago a Licenciatario' ,6 ,1027 ,'Cajas' ,'PAGO DE COMPROBANTES' ,'Salida de Dinero' ,324.46 ,0.00 ,0.00 ,'6' ,null ,9000000015 ,'CAMILAP' ,'28/03/2018 17:56:44' ,'Licencia Nro. 10' ,null ,'Caja de los Licenciatarios' ,null ,null )
28/03/2018 17:56:45 |  SELECT TB_Conceptos.tpConcepto ,TB_Conceptos.dsConcepto ,TB_Conceptos.tpOperacion ,TB_Conceptos.tpCajaImputacion ,TB_Conceptos.tpCreadoPor  FROM TB_Conceptos  WHERE TB_Conceptos.flEliminar = 0  AND  TB_Conceptos.cdConcepto = 3000    
28/03/2018 17:56:45 |  INSERT TB_MovimientosContables (IdMovimiento ,dsMovimiento ,IdRecibo ,cdConcepto ,tpConcepto ,dsConcepto ,tpOperacion ,vlPesos ,vlDolares ,vlEuros ,nrRecibo ,nrFactura ,nrCaja ,dsUsuario ,dtMovimiento ,dsProveedor ,IdProveedor ,tpCajaImputacion ,dsUsuarioCajaPuesto ,nrCajaPuesto )  VALUES (2 ,'Débitos por Obligaciones' ,6 ,3000 ,'Cajas' ,'Débito x Obligación' ,'Entrada de Dinero' ,500.00 ,0 ,0 ,'6' ,null ,9000000015 ,'CAMILAP' ,'28/03/2018 17:56:45' ,'Licencia Nro. 10' ,null ,'Caja de la Cooperativa' ,null ,null )
28/03/2018 17:56:45 |  SELECT TB_Cupones.cdCodBar ,TB_Cupones.nrLicencia ,TB_Cupones.nmLicenciatario ,TB_Cupones.cdCliente ,TB_Cupones.nrCupon ,TB_Cupones.tpCupon ,TB_Cupones.vlMontoCupon ,TB_Cupones.vlPagoPesos ,TB_Cupones.vlPagoEuros ,TB_Cupones.vlPagoDolares ,TB_Cupones.vlPagoReales ,TB_Cupones.vlComision ,TB_Cupones.vlRecargoTarjeta ,TB_Cupones.nrTalonarioCliente ,TB_Cupones.tpComprobanteCliente ,TB_Cupones.nrComprabanteCliente ,TB_Cupones.tpLetraCliente ,TB_Cupones.flCobradoalCliente ,TB_Cupones.dtCobradoalCliente ,TB_Cupones.flCompensado ,TB_Cupones.cdCliente ,TB_Cupones.dsLeyenda ,TB_Cupones.vlaFavordelLicenciatario ,TB_Cupones.vlafavorAdmin ,TB_Cupones.dtCupon ,TB_Cupones.dsObservacion ,TB_Cupones.vlIVA ,TB_Cupones.flAnulado ,TB_Cupones.dsLeyenda  FROM TB_Cupones  WHERE TB_Cupones.flEliminar = 0  AND  TB_Cupones.nrLicencia = 10  AND  TB_Cupones.flCompensado = 0  AND  TB_Cupones.flAnulado = 0    AND (  CONVERT(DATE, dtCupon) >= '27/01/2018' AND CONVERT(DATE, dtCupon) <= '28/03/2018'    OR tpCupon in ('Retorno','Cobro en Destino'))  
28/03/2018 17:56:45 | Exec sp_cuponesCompensadosdelDia_v3_3 @pnrLicencia = '10' 
28/03/2018 17:57:52 | Exec sco_AccesosOpcionesMenu @p_tpNivelAcceso = 'Administración' ,@p_operaconcaja = 1 
28/03/2018 17:57:55 | Exec sco_DiccionariodeDatos @nmtabla_param='SP_ResumenCajaADM_v2_9'
28/03/2018 17:57:55 | Exec SP_ResumenCajaADM_v2_9 @nrCaja_param = 9000000015 ,@tpCaja_param = 'CA' ,@tpCajaImputacion_param = null 
28/03/2018 17:57:55 |  SELECT TB_Cajas.vlSaldoInicialPesos ,TB_Cajas.vlSaldoInicialDolares ,TB_Cajas.vlSaldoInicialEuros ,TB_Cajas.vlSaldoInicialReales ,TB_Cajas.vlDiaEuro ,TB_Cajas.vlDiaDolar ,TB_Cajas.vlDiaReal ,TB_Cajas.dsUsuario ,TB_Cajas.dtApertura ,TB_Cajas.dtCierre  FROM TB_Cajas  WHERE TB_Cajas.nrCaja = 9000000015    
28/03/2018 17:57:55 | Exec sco_DiccionariodeDatos @nmtabla_param='SP_CalculaSaldoInicial_v2_9'
28/03/2018 17:57:55 | Exec SP_CalculaSaldoInicial_v2_9 @tpCaja_param = 'CA' ,@tpCajaImputacion_param = null ,@nrCaja_param = 9000000015 
28/03/2018 17:57:55 | Exec SP_SumaCajaADM_v2_9 @nrCaja_param = 9000000015 ,@tpCaja_param = 'CA' ,@tpCajaImputacion_param = null 
28/03/2018 17:57:55 |  UPDATE TB_Cajas SET TB_Cajas.vlSaldoFinalRealPesos  = 175.54 ,TB_Cajas.vlSaldoFinalRealEuros  = 0.00 ,TB_Cajas.vlSaldoFinalRealDolares  = 0.00 ,TB_Cajas.vlCierrePesos  = 175.54 ,TB_Cajas.vlCierreDolares  = 0.00 ,TB_Cajas.vlCierreEuros  = 0.00   WHERE TB_Cajas.nrCaja = 9000000015  
28/03/2018 17:59:03 | Exec sco_DiccionariodeDatos @nmtabla_param='VW_DetalleMovimientosContablesCupones'
28/03/2018 17:59:03 |  SELECT VW_DetalleMovimientosContablesCupones.tpOperacion ,VW_DetalleMovimientosContablesCupones.nrCaja ,VW_DetalleMovimientosContablesCupones.dsConcepto ,VW_DetalleMovimientosContablesCupones.vlPesos ,VW_DetalleMovimientosContablesCupones.vlDolares ,VW_DetalleMovimientosContablesCupones.vlEuros ,VW_DetalleMovimientosContablesCupones.nrRecibo ,VW_DetalleMovimientosContablesCupones.dsUsuario ,VW_DetalleMovimientosContablesCupones.nrLicencia ,VW_DetalleMovimientosContablesCupones.tpCupon ,VW_DetalleMovimientosContablesCupones.nrTalonarioCliente ,VW_DetalleMovimientosContablesCupones.nrComprabanteCliente ,VW_DetalleMovimientosContablesCupones.vlComision ,VW_DetalleMovimientosContablesCupones.vlIVA ,VW_DetalleMovimientosContablesCupones.vlMontoCupon ,VW_DetalleMovimientosContablesCupones.flCompensado ,VW_DetalleMovimientosContablesCupones.flCompensado ,VW_DetalleMovimientosContablesCupones.dtCompensado  FROM VW_DetalleMovimientosContablesCupones  WHERE VW_DetalleMovimientosContablesCupones.tpOperacion = 'Salida de Dinero'  AND  VW_DetalleMovimientosContablesCupones.nrCaja = 9000000015  AND  VW_DetalleMovimientosContablesCupones.dsConcepto = 'PAGO DE COMPROBANTES'     Order by VW_DetalleMovimientosContablesCupones.dtCompensado ASC 
28/03/2018 17:59:49 |  SELECT VW_DetalleMovimientosContablesCupones.tpOperacion ,VW_DetalleMovimientosContablesCupones.nrCaja ,VW_DetalleMovimientosContablesCupones.dsConcepto ,VW_DetalleMovimientosContablesCupones.vlPesos ,VW_DetalleMovimientosContablesCupones.vlDolares ,VW_DetalleMovimientosContablesCupones.vlEuros ,VW_DetalleMovimientosContablesCupones.nrRecibo ,VW_DetalleMovimientosContablesCupones.dsUsuario ,VW_DetalleMovimientosContablesCupones.nrLicencia ,VW_DetalleMovimientosContablesCupones.tpCupon ,VW_DetalleMovimientosContablesCupones.nrTalonarioCliente ,VW_DetalleMovimientosContablesCupones.nrComprabanteCliente ,VW_DetalleMovimientosContablesCupones.vlComision ,VW_DetalleMovimientosContablesCupones.vlIVA ,VW_DetalleMovimientosContablesCupones.vlMontoCupon ,VW_DetalleMovimientosContablesCupones.flCompensado ,VW_DetalleMovimientosContablesCupones.flCompensado ,VW_DetalleMovimientosContablesCupones.dtCompensado  FROM VW_DetalleMovimientosContablesCupones  WHERE VW_DetalleMovimientosContablesCupones.tpOperacion = 'Salida de Dinero'  AND  VW_DetalleMovimientosContablesCupones.nrCaja = 9000000015  AND  VW_DetalleMovimientosContablesCupones.dsConcepto = 'PAGO DE COMPROBANTES'     Order by VW_DetalleMovimientosContablesCupones.dtCompensado ASC 
28/03/2018 18:00:08 |  SELECT VW_DetalleMovimientosContablesCupones.tpOperacion ,VW_DetalleMovimientosContablesCupones.nrCaja ,VW_DetalleMovimientosContablesCupones.dsConcepto ,VW_DetalleMovimientosContablesCupones.vlPesos ,VW_DetalleMovimientosContablesCupones.vlDolares ,VW_DetalleMovimientosContablesCupones.vlEuros ,VW_DetalleMovimientosContablesCupones.nrRecibo ,VW_DetalleMovimientosContablesCupones.dsUsuario ,VW_DetalleMovimientosContablesCupones.nrLicencia ,VW_DetalleMovimientosContablesCupones.tpCupon ,VW_DetalleMovimientosContablesCupones.nrTalonarioCliente ,VW_DetalleMovimientosContablesCupones.nrComprabanteCliente ,VW_DetalleMovimientosContablesCupones.vlComision ,VW_DetalleMovimientosContablesCupones.vlIVA ,VW_DetalleMovimientosContablesCupones.vlMontoCupon ,VW_DetalleMovimientosContablesCupones.flCompensado ,VW_DetalleMovimientosContablesCupones.flCompensado ,VW_DetalleMovimientosContablesCupones.dtCompensado  FROM VW_DetalleMovimientosContablesCupones  WHERE VW_DetalleMovimientosContablesCupones.tpOperacion = 'Salida de Dinero'  AND  VW_DetalleMovimientosContablesCupones.nrCaja = 9000000015  AND  VW_DetalleMovimientosContablesCupones.dsConcepto = 'PAGO DE COMPROBANTES'     Order by VW_DetalleMovimientosContablesCupones.dtCompensado ASC 
28/03/2018 18:00:49 | Exec sco_AccesosOpcionesMenu @p_tpNivelAcceso = 'Administración' ,@p_operaconcaja = 1 
28/03/2018 18:00:51 |  SELECT TB_Cajas.vlSaldoInicialPesos ,TB_Cajas.vlSaldoInicialDolares ,TB_Cajas.vlSaldoInicialEuros ,TB_Cajas.vlSaldoInicialReales ,TB_Cajas.vlDiaEuro ,TB_Cajas.vlDiaDolar ,TB_Cajas.vlDiaReal ,TB_Cajas.dsUsuario ,TB_Cajas.dtApertura ,TB_Cajas.dtCierre  FROM TB_Cajas  WHERE TB_Cajas.nrCaja = 9000000015    
28/03/2018 18:00:51 |  SELECT tb_parametros.dsParametro ,tb_parametros.vlParametro ,tb_parametros.tpParametro ,tb_parametros.flEditable ,tb_parametros.nrTamanio ,tb_parametros.dtActualizacion  FROM tb_parametros  WHERE tb_parametros.dsParametro = 'CANT_VIAJES_A_COMP'    
28/03/2018 18:00:51 |  SELECT tb_parametros.dsParametro ,tb_parametros.vlParametro ,tb_parametros.tpParametro ,tb_parametros.flEditable ,tb_parametros.nrTamanio ,tb_parametros.dtActualizacion  FROM tb_parametros  WHERE tb_parametros.dsParametro = 'CTROL_CANT_VIAJES'    
28/03/2018 18:00:51 |  SELECT tb_parametros.dsParametro ,tb_parametros.vlParametro ,tb_parametros.tpParametro ,tb_parametros.flEditable ,tb_parametros.nrTamanio ,tb_parametros.dtActualizacion  FROM tb_parametros  WHERE tb_parametros.dsParametro = 'COBRO_COMISION_CD_RE_OBLIGATORIA'    
28/03/2018 18:00:51 |  SELECT tb_parametros.dsParametro ,tb_parametros.vlParametro ,tb_parametros.tpParametro ,tb_parametros.flEditable ,tb_parametros.nrTamanio ,tb_parametros.dtActualizacion  FROM tb_parametros  WHERE tb_parametros.dsParametro = 'RESTRINGE_TARJETAS'    
28/03/2018 18:00:53 |  SELECT TB_Cupones.cdCodBar ,TB_Cupones.nrLicencia ,TB_Cupones.nmLicenciatario ,TB_Cupones.cdCliente ,TB_Cupones.nrCupon ,TB_Cupones.tpCupon ,TB_Cupones.vlMontoCupon ,TB_Cupones.vlPagoPesos ,TB_Cupones.vlPagoEuros ,TB_Cupones.vlPagoDolares ,TB_Cupones.vlPagoReales ,TB_Cupones.vlComision ,TB_Cupones.vlRecargoTarjeta ,TB_Cupones.nrTalonarioCliente ,TB_Cupones.tpComprobanteCliente ,TB_Cupones.nrComprabanteCliente ,TB_Cupones.tpLetraCliente ,TB_Cupones.flCobradoalCliente ,TB_Cupones.dtCobradoalCliente ,TB_Cupones.flCompensado ,TB_Cupones.cdCliente ,TB_Cupones.dsLeyenda ,TB_Cupones.vlaFavordelLicenciatario ,TB_Cupones.vlafavorAdmin ,TB_Cupones.dtCupon ,TB_Cupones.dsObservacion ,TB_Cupones.vlIVA ,TB_Cupones.flAnulado ,TB_Cupones.dsLeyenda  FROM TB_Cupones  WHERE TB_Cupones.flEliminar = 0  AND  TB_Cupones.nrLicencia = 10  AND  TB_Cupones.flCompensado = 0  AND  TB_Cupones.flAnulado = 0    AND (  CONVERT(DATE, dtCupon) >= '27/01/2018' AND CONVERT(DATE, dtCupon) <= '28/03/2018'    OR tpCupon in ('Retorno','Cobro en Destino'))  
28/03/2018 18:00:53 | Exec sp_cuponesCompensadosdelDia_v3_3 @pnrLicencia = '10' 
28/03/2018 18:00:55 | Exec sco_AccesosOpcionesMenu @p_tpNivelAcceso = 'Administración' ,@p_operaconcaja = 1 
28/03/2018 18:01:03 |  SELECT TB_Recibos.IdRecibo ,TB_Recibos.vlAcumDolares ,TB_Recibos.vlSaldoPesos ,TB_Recibos.cdCliente ,TB_Recibos.dsRazonSocial ,TB_Recibos.vlSaldoEuros ,TB_Recibos.vlAcumPesos ,TB_Recibos.tpRecibo ,TB_Recibos.vlAcumEuros ,TB_Recibos.vlAcumComision ,TB_Recibos.vlSaldoDolares ,TB_Recibos.dtRecibo ,TB_Recibos.flAnulado ,TB_Recibos.nrCaja ,TB_Recibos.dsUsuario  FROM TB_Recibos  WHERE  IdRecibo Like ('%10%') AND TB_Recibos.dtRecibo >= '28/03/2018 00:00:00'  AND  TB_Recibos.dtRecibo <= '28/03/2018 23:59:59'     Order by TB_Recibos.IdRecibo ASC 
28/03/2018 18:01:06 |  SELECT TB_Recibos.IdRecibo ,TB_Recibos.vlAcumDolares ,TB_Recibos.vlSaldoPesos ,TB_Recibos.cdCliente ,TB_Recibos.dsRazonSocial ,TB_Recibos.vlSaldoEuros ,TB_Recibos.vlAcumPesos ,TB_Recibos.tpRecibo ,TB_Recibos.vlAcumEuros ,TB_Recibos.vlAcumComision ,TB_Recibos.vlSaldoDolares ,TB_Recibos.dtRecibo ,TB_Recibos.flAnulado ,TB_Recibos.nrCaja ,TB_Recibos.dsUsuario  FROM TB_Recibos  WHERE  IdRecibo Like ('%%%') AND TB_Recibos.dtRecibo >= '28/03/2018 00:00:00'  AND  TB_Recibos.dtRecibo <= '28/03/2018 23:59:59'     Order by TB_Recibos.IdRecibo ASC 
28/03/2018 18:01:08 |  SELECT tb_parametros.dsParametro ,tb_parametros.vlParametro ,tb_parametros.tpParametro ,tb_parametros.flEditable ,tb_parametros.nrTamanio ,tb_parametros.dtActualizacion  FROM tb_parametros  WHERE tb_parametros.dsParametro = 'ELIMINA_RECIBO_DE_OTRA_CAJA'    
28/03/2018 18:01:09 |  SELECT TB_Usuarios.dsUsuario ,TB_Usuarios.nmNombre ,TB_Usuarios.nmApellido ,TB_Usuarios.tpNivelJerarquico  FROM TB_Usuarios  WHERE TB_Usuarios.flEliminar = 0  AND  TB_Usuarios.flBloqueado = 0  AND  TB_Usuarios.tpNivelJerarquico = 'Supervisor'    
28/03/2018 18:01:15 |  SELECT TB_Usuarios.dsUsuario ,TB_Usuarios.dspassword ,TB_Usuarios.tpAcceso ,TB_Usuarios.nmNombre ,TB_Usuarios.nmApellido ,TB_Usuarios.flBloqueado ,TB_Usuarios.tpNivelJerarquico  FROM TB_Usuarios  WHERE TB_Usuarios.dsUsuario = 'USRPARAM'  AND  TB_Usuarios.flEliminar = 0    
28/03/2018 18:01:16 | Exec  SP_AnularRecibo_v4_9_832 @idReciboParam=6 ,  @dsUsuario_param='CAMILAP', @dsUsuario_Supervisor_param='USRPARAM'
28/03/2018 18:01:17 |  SELECT TB_Recibos.IdRecibo ,TB_Recibos.vlAcumDolares ,TB_Recibos.vlSaldoPesos ,TB_Recibos.cdCliente ,TB_Recibos.dsRazonSocial ,TB_Recibos.vlSaldoEuros ,TB_Recibos.vlAcumPesos ,TB_Recibos.tpRecibo ,TB_Recibos.vlAcumEuros ,TB_Recibos.vlAcumComision ,TB_Recibos.vlSaldoDolares ,TB_Recibos.dtRecibo ,TB_Recibos.flAnulado ,TB_Recibos.nrCaja ,TB_Recibos.dsUsuario  FROM TB_Recibos  WHERE  IdRecibo Like ('%%%') AND TB_Recibos.dtRecibo >= '28/03/2018 00:00:00'  AND  TB_Recibos.dtRecibo <= '28/03/2018 23:59:59'     Order by TB_Recibos.IdRecibo ASC 
28/03/2018 18:01:19 | Exec sco_AccesosOpcionesMenu @p_tpNivelAcceso = 'Administración' ,@p_operaconcaja = 1 
28/03/2018 18:01:21 |  SELECT TB_Cajas.vlSaldoInicialPesos ,TB_Cajas.vlSaldoInicialDolares ,TB_Cajas.vlSaldoInicialEuros ,TB_Cajas.vlSaldoInicialReales ,TB_Cajas.vlDiaEuro ,TB_Cajas.vlDiaDolar ,TB_Cajas.vlDiaReal ,TB_Cajas.dsUsuario ,TB_Cajas.dtApertura ,TB_Cajas.dtCierre  FROM TB_Cajas  WHERE TB_Cajas.nrCaja = 9000000015    
28/03/2018 18:01:21 |  SELECT tb_parametros.dsParametro ,tb_parametros.vlParametro ,tb_parametros.tpParametro ,tb_parametros.flEditable ,tb_parametros.nrTamanio ,tb_parametros.dtActualizacion  FROM tb_parametros  WHERE tb_parametros.dsParametro = 'CANT_VIAJES_A_COMP'    
28/03/2018 18:01:21 |  SELECT tb_parametros.dsParametro ,tb_parametros.vlParametro ,tb_parametros.tpParametro ,tb_parametros.flEditable ,tb_parametros.nrTamanio ,tb_parametros.dtActualizacion  FROM tb_parametros  WHERE tb_parametros.dsParametro = 'CTROL_CANT_VIAJES'    
28/03/2018 18:01:21 |  SELECT tb_parametros.dsParametro ,tb_parametros.vlParametro ,tb_parametros.tpParametro ,tb_parametros.flEditable ,tb_parametros.nrTamanio ,tb_parametros.dtActualizacion  FROM tb_parametros  WHERE tb_parametros.dsParametro = 'COBRO_COMISION_CD_RE_OBLIGATORIA'    
28/03/2018 18:01:21 |  SELECT tb_parametros.dsParametro ,tb_parametros.vlParametro ,tb_parametros.tpParametro ,tb_parametros.flEditable ,tb_parametros.nrTamanio ,tb_parametros.dtActualizacion  FROM tb_parametros  WHERE tb_parametros.dsParametro = 'RESTRINGE_TARJETAS'    
28/03/2018 18:01:23 |  SELECT TB_Cupones.cdCodBar ,TB_Cupones.nrLicencia ,TB_Cupones.nmLicenciatario ,TB_Cupones.cdCliente ,TB_Cupones.nrCupon ,TB_Cupones.tpCupon ,TB_Cupones.vlMontoCupon ,TB_Cupones.vlPagoPesos ,TB_Cupones.vlPagoEuros ,TB_Cupones.vlPagoDolares ,TB_Cupones.vlPagoReales ,TB_Cupones.vlComision ,TB_Cupones.vlRecargoTarjeta ,TB_Cupones.nrTalonarioCliente ,TB_Cupones.tpComprobanteCliente ,TB_Cupones.nrComprabanteCliente ,TB_Cupones.tpLetraCliente ,TB_Cupones.flCobradoalCliente ,TB_Cupones.dtCobradoalCliente ,TB_Cupones.flCompensado ,TB_Cupones.cdCliente ,TB_Cupones.dsLeyenda ,TB_Cupones.vlaFavordelLicenciatario ,TB_Cupones.vlafavorAdmin ,TB_Cupones.dtCupon ,TB_Cupones.dsObservacion ,TB_Cupones.vlIVA ,TB_Cupones.flAnulado ,TB_Cupones.dsLeyenda  FROM TB_Cupones  WHERE TB_Cupones.flEliminar = 0  AND  TB_Cupones.nrLicencia = 10  AND  TB_Cupones.flCompensado = 0  AND  TB_Cupones.flAnulado = 0    AND (  CONVERT(DATE, dtCupon) >= '27/01/2018' AND CONVERT(DATE, dtCupon) <= '28/03/2018'    OR tpCupon in ('Retorno','Cobro en Destino'))  
28/03/2018 18:01:23 | Exec sp_cuponesCompensadosdelDia_v3_3 @pnrLicencia = '10' 
28/03/2018 18:01:23 | Exec SP_sepuedecompensar_2_0 @dtcupon_param = '20/03/2018 17:56:42' 
28/03/2018 18:01:23 | Exec SP_sepuedecompensar_2_0 @dtcupon_param = '20/03/2018 17:56:08' 
28/03/2018 18:01:29 | Exec SP_sepuedecompensar_2_0 @dtcupon_param = '20/03/2018 17:56:42' 
28/03/2018 18:01:29 | Exec SP_sepuedecompensar_2_0 @dtcupon_param = '20/03/2018 17:56:08' 
28/03/2018 18:01:46 | Exec sco_AccesosOpcionesMenu @p_tpNivelAcceso = 'Administración' ,@p_operaconcaja = 1 
28/03/2018 18:01:48 |  SELECT TB_Cajas.vlSaldoInicialPesos ,TB_Cajas.vlSaldoInicialDolares ,TB_Cajas.vlSaldoInicialEuros ,TB_Cajas.vlSaldoInicialReales ,TB_Cajas.vlDiaEuro ,TB_Cajas.vlDiaDolar ,TB_Cajas.vlDiaReal ,TB_Cajas.dsUsuario ,TB_Cajas.dtApertura ,TB_Cajas.dtCierre  FROM TB_Cajas  WHERE TB_Cajas.nrCaja = 9000000015    
28/03/2018 18:01:48 |  SELECT tb_parametros.dsParametro ,tb_parametros.vlParametro ,tb_parametros.tpParametro ,tb_parametros.flEditable ,tb_parametros.nrTamanio ,tb_parametros.dtActualizacion  FROM tb_parametros  WHERE tb_parametros.dsParametro = 'CANT_VIAJES_A_COMP'    
28/03/2018 18:01:48 |  SELECT tb_parametros.dsParametro ,tb_parametros.vlParametro ,tb_parametros.tpParametro ,tb_parametros.flEditable ,tb_parametros.nrTamanio ,tb_parametros.dtActualizacion  FROM tb_parametros  WHERE tb_parametros.dsParametro = 'CTROL_CANT_VIAJES'    
28/03/2018 18:01:48 |  SELECT tb_parametros.dsParametro ,tb_parametros.vlParametro ,tb_parametros.tpParametro ,tb_parametros.flEditable ,tb_parametros.nrTamanio ,tb_parametros.dtActualizacion  FROM tb_parametros  WHERE tb_parametros.dsParametro = 'COBRO_COMISION_CD_RE_OBLIGATORIA'    
28/03/2018 18:01:48 |  SELECT tb_parametros.dsParametro ,tb_parametros.vlParametro ,tb_parametros.tpParametro ,tb_parametros.flEditable ,tb_parametros.nrTamanio ,tb_parametros.dtActualizacion  FROM tb_parametros  WHERE tb_parametros.dsParametro = 'RESTRINGE_TARJETAS'    
28/03/2018 18:01:50 |  SELECT TB_Cupones.cdCodBar ,TB_Cupones.nrLicencia ,TB_Cupones.nmLicenciatario ,TB_Cupones.cdCliente ,TB_Cupones.nrCupon ,TB_Cupones.tpCupon ,TB_Cupones.vlMontoCupon ,TB_Cupones.vlPagoPesos ,TB_Cupones.vlPagoEuros ,TB_Cupones.vlPagoDolares ,TB_Cupones.vlPagoReales ,TB_Cupones.vlComision ,TB_Cupones.vlRecargoTarjeta ,TB_Cupones.nrTalonarioCliente ,TB_Cupones.tpComprobanteCliente ,TB_Cupones.nrComprabanteCliente ,TB_Cupones.tpLetraCliente ,TB_Cupones.flCobradoalCliente ,TB_Cupones.dtCobradoalCliente ,TB_Cupones.flCompensado ,TB_Cupones.cdCliente ,TB_Cupones.dsLeyenda ,TB_Cupones.vlaFavordelLicenciatario ,TB_Cupones.vlafavorAdmin ,TB_Cupones.dtCupon ,TB_Cupones.dsObservacion ,TB_Cupones.vlIVA ,TB_Cupones.flAnulado ,TB_Cupones.dsLeyenda  FROM TB_Cupones  WHERE TB_Cupones.flEliminar = 0  AND  TB_Cupones.nrLicencia = 10  AND  TB_Cupones.flCompensado = 0  AND  TB_Cupones.flAnulado = 0    AND (  CONVERT(DATE, dtCupon) >= '27/01/2018' AND CONVERT(DATE, dtCupon) <= '28/03/2018'    OR tpCupon in ('Retorno','Cobro en Destino'))  
28/03/2018 18:01:50 | Exec sp_cuponesCompensadosdelDia_v3_3 @pnrLicencia = '10' 
28/03/2018 18:01:50 | Exec SP_sepuedecompensar_2_0 @dtcupon_param = '20/03/2018 17:56:42' 
28/03/2018 18:01:50 | Exec SP_sepuedecompensar_2_0 @dtcupon_param = '20/03/2018 17:56:08' 
28/03/2018 18:01:52 | Exec SP_sepuedecompensar_2_0 @dtcupon_param = '20/03/2018 17:56:42' 
28/03/2018 18:01:52 | Exec SP_sepuedecompensar_2_0 @dtcupon_param = '20/03/2018 17:56:08' 
28/03/2018 18:01:55 |  SELECT TB_Cupones.nrCupon  FROM TB_Cupones  WHERE TB_Cupones.IdRecibo = 7    
28/03/2018 18:01:55 |  SELECT TB_Cupones.nrCupon  FROM TB_Cupones  WHERE TB_Cupones.IdRecibo = 8    
28/03/2018 18:01:55 |  INSERT TB_Recibos (IdRecibo ,vlAcumDolares ,vlSaldoPesos ,vlSaldoEuros ,vlAcumPesos ,vlAcumEuros ,vlAcumComision ,vlAcumTarjeta ,vlSaldoDolares ,dtRecibo ,tpRecibo ,nrCaja )  VALUES (8 ,0.00 ,324.46 ,0.00 ,978.00 ,0.00 ,72.00 ,81.54 ,0.00 ,'28/03/2018 18:01:55' ,'Detalle de Pago a Licenciatario' ,9000000015 )
28/03/2018 18:01:55 |  UPDATE DiccionariodeDatos SET DiccionariodeDatos.vlPuesto9  = '1000276294'   WHERE DiccionariodeDatos.nmTabla = 'TB_Recibos'  AND  DiccionariodeDatos.nmCampo = 'IdRecibo'  
28/03/2018 18:01:55 |  UPDATE TB_Cupones SET TB_Cupones.flCompensado  = 1 ,TB_Cupones.dtCompensado  = '28/03/2018 18:01:55' ,TB_Cupones.nrCajaLicenciatario  = 9000000015 ,TB_Cupones.dtCajaLicenciatario  = '28/03/2018 18:01:55' ,TB_Cupones.IdRecibo  = 8 ,TB_Cupones.dsUsuario  = 'CAMILAP'   WHERE TB_Cupones.nrCupon = 201  AND  TB_Cupones.IdRecibo IS NULL  
28/03/2018 18:01:55 |  UPDATE TB_Cupones SET TB_Cupones.vlPagoPesos  = 489 ,TB_Cupones.vlPagoDolares  = 0 ,TB_Cupones.vlPagoEuros  = 0 ,TB_Cupones.flCompensado  = 1 ,TB_Cupones.dtCompensado  = '28/03/2018 18:01:55' ,TB_Cupones.nrCajaLicenciatario  = 9000000015 ,TB_Cupones.dtCajaLicenciatario  = '28/03/2018 18:01:55' ,TB_Cupones.IdRecibo  = 8 ,TB_Cupones.dsUsuario  = 'CAMILAP'   WHERE TB_Cupones.nrCupon = 199  AND  TB_Cupones.IdRecibo IS NULL  
28/03/2018 18:01:55 |  UPDATE TB_Cupones SET TB_Cupones.vlPagoPesos  = 489 ,TB_Cupones.vlPagoDolares  = 0 ,TB_Cupones.vlPagoEuros  = 0 ,TB_Cupones.flCompensado  = 1 ,TB_Cupones.dtCompensado  = '28/03/2018 18:01:55' ,TB_Cupones.nrCajaLicenciatario  = 9000000015 ,TB_Cupones.dtCajaLicenciatario  = '28/03/2018 18:01:55' ,TB_Cupones.IdRecibo  = 8 ,TB_Cupones.dsUsuario  = 'CAMILAP'   WHERE TB_Cupones.nrCupon = 198  AND  TB_Cupones.IdRecibo IS NULL  
28/03/2018 18:01:55 |  select count(*) as cupones_a_compensados from tb_cupones where IdRecibo = 8
28/03/2018 18:01:58 |  SELECT TB_Conceptos.tpConcepto ,TB_Conceptos.dsConcepto ,TB_Conceptos.tpOperacion ,TB_Conceptos.tpCajaImputacion ,TB_Conceptos.tpCreadoPor  FROM TB_Conceptos  WHERE TB_Conceptos.flEliminar = 0  AND  TB_Conceptos.cdConcepto = 1027    
28/03/2018 18:01:58 |  INSERT TB_MovimientosContables (IdMovimiento ,dsMovimiento ,IdRecibo ,cdConcepto ,tpConcepto ,dsConcepto ,tpOperacion ,vlPesos ,vlDolares ,vlEuros ,nrRecibo ,nrFactura ,nrCaja ,dsUsuario ,dtMovimiento ,dsProveedor ,IdProveedor ,tpCajaImputacion ,dsUsuarioCajaPuesto ,nrCajaPuesto )  VALUES (1 ,'Pago a Licenciatario' ,8 ,1027 ,'Cajas' ,'PAGO DE COMPROBANTES' ,'Salida de Dinero' ,324.46 ,0.00 ,0.00 ,'8' ,null ,9000000015 ,'CAMILAP' ,'28/03/2018 18:01:58' ,'Licencia Nro. 10' ,null ,'Caja de los Licenciatarios' ,null ,null )
28/03/2018 18:01:58 |  SELECT TB_Conceptos.tpConcepto ,TB_Conceptos.dsConcepto ,TB_Conceptos.tpOperacion ,TB_Conceptos.tpCajaImputacion ,TB_Conceptos.tpCreadoPor  FROM TB_Conceptos  WHERE TB_Conceptos.flEliminar = 0  AND  TB_Conceptos.cdConcepto = 3000    
28/03/2018 18:01:59 |  INSERT TB_MovimientosContables (IdMovimiento ,dsMovimiento ,IdRecibo ,cdConcepto ,tpConcepto ,dsConcepto ,tpOperacion ,vlPesos ,vlDolares ,vlEuros ,nrRecibo ,nrFactura ,nrCaja ,dsUsuario ,dtMovimiento ,dsProveedor ,IdProveedor ,tpCajaImputacion ,dsUsuarioCajaPuesto ,nrCajaPuesto )  VALUES (2 ,'Débitos por Obligaciones' ,8 ,3000 ,'Cajas' ,'Débito x Obligación' ,'Entrada de Dinero' ,500.00 ,0 ,0 ,'8' ,null ,9000000015 ,'CAMILAP' ,'28/03/2018 18:01:58' ,'Licencia Nro. 10' ,null ,'Caja de la Cooperativa' ,null ,null )
28/03/2018 18:01:59 |  SELECT TB_Cupones.cdCodBar ,TB_Cupones.nrLicencia ,TB_Cupones.nmLicenciatario ,TB_Cupones.cdCliente ,TB_Cupones.nrCupon ,TB_Cupones.tpCupon ,TB_Cupones.vlMontoCupon ,TB_Cupones.vlPagoPesos ,TB_Cupones.vlPagoEuros ,TB_Cupones.vlPagoDolares ,TB_Cupones.vlPagoReales ,TB_Cupones.vlComision ,TB_Cupones.vlRecargoTarjeta ,TB_Cupones.nrTalonarioCliente ,TB_Cupones.tpComprobanteCliente ,TB_Cupones.nrComprabanteCliente ,TB_Cupones.tpLetraCliente ,TB_Cupones.flCobradoalCliente ,TB_Cupones.dtCobradoalCliente ,TB_Cupones.flCompensado ,TB_Cupones.cdCliente ,TB_Cupones.dsLeyenda ,TB_Cupones.vlaFavordelLicenciatario ,TB_Cupones.vlafavorAdmin ,TB_Cupones.dtCupon ,TB_Cupones.dsObservacion ,TB_Cupones.vlIVA ,TB_Cupones.flAnulado ,TB_Cupones.dsLeyenda  FROM TB_Cupones  WHERE TB_Cupones.flEliminar = 0  AND  TB_Cupones.nrLicencia = 10  AND  TB_Cupones.flCompensado = 0  AND  TB_Cupones.flAnulado = 0    AND (  CONVERT(DATE, dtCupon) >= '27/01/2018' AND CONVERT(DATE, dtCupon) <= '28/03/2018'    OR tpCupon in ('Retorno','Cobro en Destino'))  
28/03/2018 18:01:59 | Exec sp_cuponesCompensadosdelDia_v3_3 @pnrLicencia = '10' 
28/03/2018 18:02:16 | Exec sco_AccesosOpcionesMenu @p_tpNivelAcceso = 'Administración' ,@p_operaconcaja = 1 
28/03/2018 18:02:22 |  SELECT TB_Recibos.IdRecibo ,TB_Recibos.vlAcumDolares ,TB_Recibos.vlSaldoPesos ,TB_Recibos.cdCliente ,TB_Recibos.dsRazonSocial ,TB_Recibos.vlSaldoEuros ,TB_Recibos.vlAcumPesos ,TB_Recibos.tpRecibo ,TB_Recibos.vlAcumEuros ,TB_Recibos.vlAcumComision ,TB_Recibos.vlSaldoDolares ,TB_Recibos.dtRecibo ,TB_Recibos.flAnulado ,TB_Recibos.nrCaja ,TB_Recibos.dsUsuario  FROM TB_Recibos  WHERE  IdRecibo Like ('%%%') AND TB_Recibos.dtRecibo >= '28/03/2018 00:00:00'  AND  TB_Recibos.dtRecibo <= '28/03/2018 23:59:59'     Order by TB_Recibos.IdRecibo ASC 
28/03/2018 18:02:24 |  SELECT tb_parametros.dsParametro ,tb_parametros.vlParametro ,tb_parametros.tpParametro ,tb_parametros.flEditable ,tb_parametros.nrTamanio ,tb_parametros.dtActualizacion  FROM tb_parametros  WHERE tb_parametros.dsParametro = 'ELIMINA_RECIBO_DE_OTRA_CAJA'    
28/03/2018 18:02:25 |  SELECT TB_Usuarios.dsUsuario ,TB_Usuarios.nmNombre ,TB_Usuarios.nmApellido ,TB_Usuarios.tpNivelJerarquico  FROM TB_Usuarios  WHERE TB_Usuarios.flEliminar = 0  AND  TB_Usuarios.flBloqueado = 0  AND  TB_Usuarios.tpNivelJerarquico = 'Supervisor'    
28/03/2018 18:02:29 |  SELECT TB_Usuarios.dsUsuario ,TB_Usuarios.dspassword ,TB_Usuarios.tpAcceso ,TB_Usuarios.nmNombre ,TB_Usuarios.nmApellido ,TB_Usuarios.flBloqueado ,TB_Usuarios.tpNivelJerarquico  FROM TB_Usuarios  WHERE TB_Usuarios.dsUsuario = 'USRPARAM'  AND  TB_Usuarios.flEliminar = 0    
28/03/2018 18:02:31 | Exec  SP_AnularRecibo_v4_9_832 @idReciboParam=8 ,  @dsUsuario_param='CAMILAP', @dsUsuario_Supervisor_param='USRPARAM'
28/03/2018 18:02:32 |  SELECT TB_Recibos.IdRecibo ,TB_Recibos.vlAcumDolares ,TB_Recibos.vlSaldoPesos ,TB_Recibos.cdCliente ,TB_Recibos.dsRazonSocial ,TB_Recibos.vlSaldoEuros ,TB_Recibos.vlAcumPesos ,TB_Recibos.tpRecibo ,TB_Recibos.vlAcumEuros ,TB_Recibos.vlAcumComision ,TB_Recibos.vlSaldoDolares ,TB_Recibos.dtRecibo ,TB_Recibos.flAnulado ,TB_Recibos.nrCaja ,TB_Recibos.dsUsuario  FROM TB_Recibos  WHERE  IdRecibo Like ('%%%') AND TB_Recibos.dtRecibo >= '28/03/2018 00:00:00'  AND  TB_Recibos.dtRecibo <= '28/03/2018 23:59:59'     Order by TB_Recibos.IdRecibo ASC 
28/03/2018 18:02:32 | Exec sco_AccesosOpcionesMenu @p_tpNivelAcceso = 'Administración' ,@p_operaconcaja = 1 
28/03/2018 18:02:34 |  SELECT TB_Cajas.vlSaldoInicialPesos ,TB_Cajas.vlSaldoInicialDolares ,TB_Cajas.vlSaldoInicialEuros ,TB_Cajas.vlSaldoInicialReales ,TB_Cajas.vlDiaEuro ,TB_Cajas.vlDiaDolar ,TB_Cajas.vlDiaReal ,TB_Cajas.dsUsuario ,TB_Cajas.dtApertura ,TB_Cajas.dtCierre  FROM TB_Cajas  WHERE TB_Cajas.nrCaja = 9000000015    
28/03/2018 18:02:34 |  SELECT tb_parametros.dsParametro ,tb_parametros.vlParametro ,tb_parametros.tpParametro ,tb_parametros.flEditable ,tb_parametros.nrTamanio ,tb_parametros.dtActualizacion  FROM tb_parametros  WHERE tb_parametros.dsParametro = 'CANT_VIAJES_A_COMP'    
28/03/2018 18:02:34 |  SELECT tb_parametros.dsParametro ,tb_parametros.vlParametro ,tb_parametros.tpParametro ,tb_parametros.flEditable ,tb_parametros.nrTamanio ,tb_parametros.dtActualizacion  FROM tb_parametros  WHERE tb_parametros.dsParametro = 'CTROL_CANT_VIAJES'    
28/03/2018 18:02:34 |  SELECT tb_parametros.dsParametro ,tb_parametros.vlParametro ,tb_parametros.tpParametro ,tb_parametros.flEditable ,tb_parametros.nrTamanio ,tb_parametros.dtActualizacion  FROM tb_parametros  WHERE tb_parametros.dsParametro = 'COBRO_COMISION_CD_RE_OBLIGATORIA'    
28/03/2018 18:02:34 |  SELECT tb_parametros.dsParametro ,tb_parametros.vlParametro ,tb_parametros.tpParametro ,tb_parametros.flEditable ,tb_parametros.nrTamanio ,tb_parametros.dtActualizacion  FROM tb_parametros  WHERE tb_parametros.dsParametro = 'RESTRINGE_TARJETAS'    
28/03/2018 18:02:35 |  SELECT TB_Cupones.cdCodBar ,TB_Cupones.nrLicencia ,TB_Cupones.nmLicenciatario ,TB_Cupones.cdCliente ,TB_Cupones.nrCupon ,TB_Cupones.tpCupon ,TB_Cupones.vlMontoCupon ,TB_Cupones.vlPagoPesos ,TB_Cupones.vlPagoEuros ,TB_Cupones.vlPagoDolares ,TB_Cupones.vlPagoReales ,TB_Cupones.vlComision ,TB_Cupones.vlRecargoTarjeta ,TB_Cupones.nrTalonarioCliente ,TB_Cupones.tpComprobanteCliente ,TB_Cupones.nrComprabanteCliente ,TB_Cupones.tpLetraCliente ,TB_Cupones.flCobradoalCliente ,TB_Cupones.dtCobradoalCliente ,TB_Cupones.flCompensado ,TB_Cupones.cdCliente ,TB_Cupones.dsLeyenda ,TB_Cupones.vlaFavordelLicenciatario ,TB_Cupones.vlafavorAdmin ,TB_Cupones.dtCupon ,TB_Cupones.dsObservacion ,TB_Cupones.vlIVA ,TB_Cupones.flAnulado ,TB_Cupones.dsLeyenda  FROM TB_Cupones  WHERE TB_Cupones.flEliminar = 0  AND  TB_Cupones.nrLicencia = 10  AND  TB_Cupones.flCompensado = 0  AND  TB_Cupones.flAnulado = 0    AND (  CONVERT(DATE, dtCupon) >= '27/01/2018' AND CONVERT(DATE, dtCupon) <= '28/03/2018'    OR tpCupon in ('Retorno','Cobro en Destino'))  
28/03/2018 18:02:35 | Exec sp_cuponesCompensadosdelDia_v3_3 @pnrLicencia = '10' 
28/03/2018 18:02:35 | Exec SP_sepuedecompensar_2_0 @dtcupon_param = '20/03/2018 17:56:42' 
28/03/2018 18:02:35 | Exec SP_sepuedecompensar_2_0 @dtcupon_param = '20/03/2018 17:56:08' 
28/03/2018 18:02:41 | Exec SP_sepuedecompensar_2_0 @dtcupon_param = '20/03/2018 17:56:42' 
28/03/2018 18:02:41 | Exec SP_sepuedecompensar_2_0 @dtcupon_param = '20/03/2018 17:56:08' 
28/03/2018 18:03:04 | Exec sco_AccesosOpcionesMenu @p_tpNivelAcceso = 'Administración' ,@p_operaconcaja = 1 
28/03/2018 18:04:55 | Exec sco_DiccionariodeDatos @nmtabla_param='TB_Puestos'
28/03/2018 18:04:55 |  SELECT TB_Puestos.nrPuesto ,TB_Puestos.dsPuesto  FROM TB_Puestos   
28/03/2018 18:04:55 |  SELECT TB_Puestos.nrPuesto ,TB_Puestos.dsPuesto  FROM TB_Puestos  WHERE TB_Puestos.nrPuesto = 9    
28/03/2018 18:04:58 | Exec  sco_TB_Productos_v4_1 
28/03/2018 18:04:58 | Exec sco_DiccionariodeDatos @nmtabla_param='TB_Usuarios'
28/03/2018 18:05:11 |  SELECT TB_Usuarios.dsUsuario ,TB_Usuarios.dspassword ,TB_Usuarios.tpAcceso ,TB_Usuarios.nmNombre ,TB_Usuarios.nmApellido ,TB_Usuarios.flBloqueado ,TB_Usuarios.tpNivelJerarquico  FROM TB_Usuarios  WHERE TB_Usuarios.dsUsuario = 'CAMILAP'  AND  TB_Usuarios.flEliminar = 0    
28/03/2018 18:05:15 |  SELECT TB_Usuarios.dsUsuario ,TB_Usuarios.dspassword ,TB_Usuarios.tpAcceso ,TB_Usuarios.nmNombre ,TB_Usuarios.nmApellido ,TB_Usuarios.flBloqueado ,TB_Usuarios.tpNivelJerarquico  FROM TB_Usuarios  WHERE TB_Usuarios.dsUsuario = 'CAMILAP'  AND  TB_Usuarios.flEliminar = 0    
28/03/2018 18:05:15 |  SELECT TB_Usuarios.dsUsuario ,TB_Usuarios.dspassword ,TB_Usuarios.tpAcceso ,TB_Usuarios.nmNombre ,TB_Usuarios.nmApellido ,TB_Usuarios.flBloqueado ,TB_Usuarios.tpNivelJerarquico  FROM TB_Usuarios  WHERE TB_Usuarios.dsUsuario = 'CAMILAP'  AND  TB_Usuarios.flEliminar = 0    
28/03/2018 18:05:15 | Exec sco_DiccionariodeDatos @nmtabla_param='sp_obtenerCajasPendientesdeAprobacion_v2_5'
28/03/2018 18:05:15 | Exec sp_obtenerCajasPendientesdeAprobacion_v2_5 @pdsUsuario_param = 'CAMILAP' 
28/03/2018 18:05:15 | Exec sp_obtenerCajasRechazadas_v2_9 
28/03/2018 18:05:15 | Exec sco_DiccionariodeDatos @nmtabla_param='TB_Parametros'
28/03/2018 18:05:15 |  SELECT TB_Parametros.vlParametro  FROM TB_Parametros  WHERE TB_Parametros.dsParametro = 'VALOR EURO'    
28/03/2018 18:05:15 |  SELECT TB_Parametros.vlParametro  FROM TB_Parametros  WHERE TB_Parametros.dsParametro = 'VALOR DOLAR'    
28/03/2018 18:05:15 | Exec SP_ValorPromoRetorno
28/03/2018 18:05:15 | Exec sco_DiccionariodeDatos @nmtabla_param='TB_Comisiones'
28/03/2018 18:05:15 |  SELECT TB_Comisiones.vlMontoMinimo  FROM TB_Comisiones  WHERE TB_Comisiones.tpComision = 'Retorno'  AND  TB_Comisiones.flEliminar = 0    
28/03/2018 18:05:15 |  SELECT TB_Parametros.vlParametro  FROM TB_Parametros  WHERE TB_Parametros.dsParametro = 'VALOR REAL'    
28/03/2018 18:05:22 | Exec sco_DiccionariodeDatos @nmtabla_param='TB_Cajas'
28/03/2018 18:05:22 |  SELECT TB_Cajas.nrCaja  FROM TB_Cajas  WHERE TB_Cajas.dsUsuario = 'CAMILAP'  and  TB_Cajas.flEstado = 0  and  TB_Cajas.tpEstadoAprobacion IS NULL  and  TB_Cajas.nrcaja > 0    
28/03/2018 18:05:24 |  SELECT TB_Cajas.nrCaja ,TB_Cajas.vlTotalSaldoFinal ,TB_Cajas.nrPuesto ,TB_Cajas.dsUsuario ,TB_Cajas.vlSaldoInicialPesos ,TB_Cajas.dtApertura ,TB_Cajas.dtCierre ,TB_Cajas.vlDiaDolar ,TB_Cajas.vlDiaEuro ,TB_Cajas.vlSaldoInicialEuros ,TB_Cajas.vlSaldoInicialDolares ,TB_Cajas.vlSaldoFinalRealPesos ,TB_Cajas.vlTotalSaldoInicial ,TB_Cajas.dtObservacion ,TB_Cajas.vlCierrePesos ,TB_Cajas.vlSaldoFinalRealDolares ,TB_Cajas.vlSaldoFinalRealEuros ,TB_Cajas.vlTotalSaldoFinalReal ,TB_Cajas.vlCierreDolares ,TB_Cajas.vlCierreEuros ,TB_Cajas.dsObservacion ,TB_Cajas.vlDiaReal ,TB_Cajas.flEstado  FROM TB_Cajas  WHERE TB_Cajas.nrCaja = 9000000015    
28/03/2018 18:05:24 | Exec sco_DiccionariodeDatos @nmtabla_param='SP_SumaCajaADM_v2_9'
28/03/2018 18:05:24 | Exec SP_SumaCajaADM_v2_9 @nrCaja_param = 9000000015 ,@tpCaja_param = 'CA' ,@tpCajaImputacion_param = null 
28/03/2018 18:05:24 |  UPDATE TB_Cajas SET TB_Cajas.vlSaldoFinalRealPesos  = 0.00 ,TB_Cajas.vlSaldoFinalRealEuros  = 0.00 ,TB_Cajas.vlSaldoFinalRealDolares  = 0.00 ,TB_Cajas.vlCierrePesos  = 0 ,TB_Cajas.vlCierreDolares  = 0 ,TB_Cajas.vlCierreEuros  = 0   WHERE TB_Cajas.nrCaja = 9000000015  
28/03/2018 18:05:31 |  UPDATE TB_Cajas SET TB_Cajas.nrCaja  = 9000000015 ,TB_Cajas.vlTotalSaldoFinal  = 0.00 ,TB_Cajas.nrPuesto  = 9 ,TB_Cajas.dsUsuario  = 'CAMILAP' ,TB_Cajas.vlSaldoInicialPesos  = 0.00 ,TB_Cajas.dtApertura  = '28/03/2018 17:40:18' ,TB_Cajas.dtCierre  = null ,TB_Cajas.vlDiaDolar  = 9.10 ,TB_Cajas.vlDiaEuro  = 10.00 ,TB_Cajas.vlSaldoInicialEuros  = 0.00 ,TB_Cajas.vlSaldoInicialDolares  = 0.00 ,TB_Cajas.vlSaldoFinalRealPesos  = 0.00 ,TB_Cajas.vlTotalSaldoInicial  = 0.00 ,TB_Cajas.dtObservacion  = '28/03/2018 18:05:28' ,TB_Cajas.vlCierrePesos  = 0 ,TB_Cajas.vlSaldoFinalRealDolares  = 0.00 ,TB_Cajas.vlSaldoFinalRealEuros  = 0.00 ,TB_Cajas.vlTotalSaldoFinalReal  = 0.00 ,TB_Cajas.vlCierreDolares  = 0 ,TB_Cajas.vlCierreEuros  = 0 ,TB_Cajas.dsObservacion  = null ,TB_Cajas.vlDiaReal  = 3.21 ,TB_Cajas.flCajaAdm  = 1   WHERE TB_Cajas.nrCaja = 9000000015  
28/03/2018 18:05:31 | Exec sco_DiccionariodeDatos @nmtabla_param='VW_UltimaCajaAdm'
28/03/2018 18:05:31 |  SELECT VW_UltimaCajaAdm.nrCaja ,VW_UltimaCajaAdm.vlSaldoFinalRealPesos ,VW_UltimaCajaAdm.vlSaldoFinalRealEuros ,VW_UltimaCajaAdm.vlSaldoFinalRealDolares  FROM VW_UltimaCajaAdm   
28/03/2018 18:05:31 |  SELECT TB_Cajas.nrCaja  FROM TB_Cajas  WHERE TB_Cajas.nrCaja = 9000000015  AND  TB_Cajas.flEstado = 0    
28/03/2018 18:05:33 | Exec sco_DiccionariodeDatos @nmtabla_param='sco_cajapuesto_v3_9'
28/03/2018 18:05:33 | Exec sco_cajapuesto_v3_9 @nrCaja_param = 9000000014 
28/03/2018 18:05:33 | Exec sco_cajapuesto_v3_9 @nrCaja_param = 9000000015 
28/03/2018 18:05:33 | Exec sco_DiccionariodeDatos @nmtabla_param='spu_esdifporCotizacionImputadas_v3_9'
28/03/2018 18:05:33 | Exec spu_esdifporCotizacionImputadas_v3_9 @nrCajaAdmActual = 9000000015 
28/03/2018 18:05:34 | Exec sco_validarVencimientosCAI_v4_1
28/03/2018 18:05:35 | Exec sco_DiccionariodeDatos @nmtabla_param='sco_AccesosOpcionesMenu'
28/03/2018 18:05:35 | Exec sco_AccesosOpcionesMenu @p_tpNivelAcceso = 'Administración' ,@p_operaconcaja = 1 
28/03/2018 18:05:35 | Exec sco_AccesosOpcionesMenu @p_tpNivelAcceso = 'Administración' ,@p_operaconcaja = 1 
28/03/2018 18:05:36 |  SELECT TB_Cajas.vlSaldoInicialPesos ,TB_Cajas.vlSaldoInicialDolares ,TB_Cajas.vlSaldoInicialEuros ,TB_Cajas.vlSaldoInicialReales ,TB_Cajas.vlDiaEuro ,TB_Cajas.vlDiaDolar ,TB_Cajas.vlDiaReal ,TB_Cajas.dsUsuario ,TB_Cajas.dtApertura ,TB_Cajas.dtCierre  FROM TB_Cajas  WHERE TB_Cajas.nrCaja = 9000000015    
28/03/2018 18:05:36 | Exec sco_DiccionariodeDatos @nmtabla_param='TB_Cupones'
28/03/2018 18:05:36 |  SELECT tb_parametros.dsParametro ,tb_parametros.vlParametro ,tb_parametros.tpParametro ,tb_parametros.flEditable ,tb_parametros.nrTamanio ,tb_parametros.dtActualizacion  FROM tb_parametros  WHERE tb_parametros.dsParametro = 'CANT_VIAJES_A_COMP'    
28/03/2018 18:05:36 |  SELECT tb_parametros.dsParametro ,tb_parametros.vlParametro ,tb_parametros.tpParametro ,tb_parametros.flEditable ,tb_parametros.nrTamanio ,tb_parametros.dtActualizacion  FROM tb_parametros  WHERE tb_parametros.dsParametro = 'CTROL_CANT_VIAJES'    
28/03/2018 18:05:36 |  SELECT tb_parametros.dsParametro ,tb_parametros.vlParametro ,tb_parametros.tpParametro ,tb_parametros.flEditable ,tb_parametros.nrTamanio ,tb_parametros.dtActualizacion  FROM tb_parametros  WHERE tb_parametros.dsParametro = 'COBRO_COMISION_CD_RE_OBLIGATORIA'    
28/03/2018 18:05:36 |  SELECT tb_parametros.dsParametro ,tb_parametros.vlParametro ,tb_parametros.tpParametro ,tb_parametros.flEditable ,tb_parametros.nrTamanio ,tb_parametros.dtActualizacion  FROM tb_parametros  WHERE tb_parametros.dsParametro = 'RESTRINGE_TARJETAS'    
28/03/2018 18:05:38 |  SELECT TB_Cupones.cdCodBar ,TB_Cupones.nrLicencia ,TB_Cupones.nmLicenciatario ,TB_Cupones.cdCliente ,TB_Cupones.nrCupon ,TB_Cupones.tpCupon ,TB_Cupones.vlMontoCupon ,TB_Cupones.vlPagoPesos ,TB_Cupones.vlPagoEuros ,TB_Cupones.vlPagoDolares ,TB_Cupones.vlPagoReales ,TB_Cupones.vlComision ,TB_Cupones.vlRecargoTarjeta ,TB_Cupones.nrTalonarioCliente ,TB_Cupones.tpComprobanteCliente ,TB_Cupones.nrComprabanteCliente ,TB_Cupones.tpLetraCliente ,TB_Cupones.flCobradoalCliente ,TB_Cupones.dtCobradoalCliente ,TB_Cupones.flCompensado ,TB_Cupones.cdCliente ,TB_Cupones.dsLeyenda ,TB_Cupones.vlaFavordelLicenciatario ,TB_Cupones.vlafavorAdmin ,TB_Cupones.dtCupon ,TB_Cupones.dsObservacion ,TB_Cupones.vlIVA ,TB_Cupones.flAnulado ,TB_Cupones.dsLeyenda  FROM TB_Cupones  WHERE TB_Cupones.flEliminar = 0  AND  TB_Cupones.nrLicencia = 10  AND  TB_Cupones.flCompensado = 0  AND  TB_Cupones.flAnulado = 0    AND (  CONVERT(DATE, dtCupon) >= '27/01/2018' AND CONVERT(DATE, dtCupon) <= '28/03/2018'    OR tpCupon in ('Retorno','Cobro en Destino'))  
28/03/2018 18:05:38 | Exec sco_DiccionariodeDatos @nmtabla_param='sp_cuponesCompensadosdelDia_v3_3'
28/03/2018 18:05:38 | Exec sp_cuponesCompensadosdelDia_v3_3 @pnrLicencia = '10' 
28/03/2018 18:05:38 | Exec sco_DiccionariodeDatos @nmtabla_param='SP_sepuedecompensar_2_0'
28/03/2018 18:05:38 | Exec SP_sepuedecompensar_2_0 @dtcupon_param = '20/03/2018 17:56:42' 
28/03/2018 18:05:38 | Exec SP_sepuedecompensar_2_0 @dtcupon_param = '20/03/2018 17:56:08' 
28/03/2018 18:05:39 | Exec SP_sepuedecompensar_2_0 @dtcupon_param = '20/03/2018 17:56:42' 
28/03/2018 18:05:40 | Exec SP_sepuedecompensar_2_0 @dtcupon_param = '20/03/2018 17:56:08' 
28/03/2018 18:05:44 |  SELECT TB_Cupones.nrCupon  FROM TB_Cupones  WHERE TB_Cupones.IdRecibo = 9    
28/03/2018 18:05:44 | Exec sco_DiccionariodeDatos @nmtabla_param='TB_Recibos'
28/03/2018 18:05:44 |  INSERT TB_Recibos (IdRecibo ,vlAcumDolares ,vlSaldoPesos ,vlSaldoEuros ,vlAcumPesos ,vlAcumEuros ,vlAcumComision ,vlAcumTarjeta ,vlSaldoDolares ,dtRecibo ,tpRecibo ,nrCaja )  VALUES (9 ,0.00 ,324.46 ,0.00 ,978.00 ,0.00 ,72.00 ,81.54 ,0.00 ,'28/03/2018 18:05:44' ,'Detalle de Pago a Licenciatario' ,9000000015 )
28/03/2018 18:05:44 | Exec sco_DiccionariodeDatos @nmtabla_param='DiccionariodeDatos'
28/03/2018 18:05:45 |  UPDATE DiccionariodeDatos SET DiccionariodeDatos.vlPuesto9  = '1000276295'   WHERE DiccionariodeDatos.nmTabla = 'TB_Recibos'  AND  DiccionariodeDatos.nmCampo = 'IdRecibo'  
28/03/2018 18:05:45 |  UPDATE TB_Cupones SET TB_Cupones.flCompensado  = 1 ,TB_Cupones.dtCompensado  = '28/03/2018 18:05:45' ,TB_Cupones.nrCajaLicenciatario  = 9000000015 ,TB_Cupones.dtCajaLicenciatario  = '28/03/2018 18:05:45' ,TB_Cupones.IdRecibo  = 9 ,TB_Cupones.dsUsuario  = 'CAMILAP'   WHERE TB_Cupones.nrCupon = 201  AND  TB_Cupones.IdRecibo IS NULL  
28/03/2018 18:05:45 |  UPDATE TB_Cupones SET TB_Cupones.vlPagoPesos  = 489 ,TB_Cupones.vlPagoDolares  = 0 ,TB_Cupones.vlPagoEuros  = 0 ,TB_Cupones.flCompensado  = 1 ,TB_Cupones.dtCompensado  = '28/03/2018 18:05:45' ,TB_Cupones.nrCajaLicenciatario  = 9000000015 ,TB_Cupones.dtCajaLicenciatario  = '28/03/2018 18:05:45' ,TB_Cupones.IdRecibo  = 9 ,TB_Cupones.dsUsuario  = 'CAMILAP'   WHERE TB_Cupones.nrCupon = 199  AND  TB_Cupones.IdRecibo IS NULL  
28/03/2018 18:05:45 |  UPDATE TB_Cupones SET TB_Cupones.vlPagoPesos  = 489 ,TB_Cupones.vlPagoDolares  = 0 ,TB_Cupones.vlPagoEuros  = 0 ,TB_Cupones.flCompensado  = 1 ,TB_Cupones.dtCompensado  = '28/03/2018 18:05:45' ,TB_Cupones.nrCajaLicenciatario  = 9000000015 ,TB_Cupones.dtCajaLicenciatario  = '28/03/2018 18:05:45' ,TB_Cupones.IdRecibo  = 9 ,TB_Cupones.dsUsuario  = 'CAMILAP'   WHERE TB_Cupones.nrCupon = 198  AND  TB_Cupones.IdRecibo IS NULL  
28/03/2018 18:05:45 |  select count(*) as cupones_a_compensados from tb_cupones where IdRecibo = 9
28/03/2018 18:05:52 | Exec sco_DiccionariodeDatos @nmtabla_param='TB_Conceptos'
28/03/2018 18:05:52 |  SELECT TB_Conceptos.tpConcepto ,TB_Conceptos.dsConcepto ,TB_Conceptos.tpOperacion ,TB_Conceptos.tpCajaImputacion ,TB_Conceptos.tpCreadoPor  FROM TB_Conceptos  WHERE TB_Conceptos.flEliminar = 0  AND  TB_Conceptos.cdConcepto = 1027    
28/03/2018 18:05:52 | Exec sco_DiccionariodeDatos @nmtabla_param='TB_MovimientosContables'
28/03/2018 18:05:52 |  INSERT TB_MovimientosContables (IdMovimiento ,dsMovimiento ,IdRecibo ,cdConcepto ,tpConcepto ,dsConcepto ,tpOperacion ,vlPesos ,vlDolares ,vlEuros ,nrRecibo ,nrFactura ,nrCaja ,dsUsuario ,dtMovimiento ,dsProveedor ,IdProveedor ,tpCajaImputacion ,dsUsuarioCajaPuesto ,nrCajaPuesto )  VALUES (1 ,'Pago a Licenciatario' ,9 ,1027 ,'Cajas' ,'PAGO DE COMPROBANTES' ,'Salida de Dinero' ,324.46 ,0.00 ,0.00 ,'9' ,null ,9000000015 ,'CAMILAP' ,'28/03/2018 18:05:52' ,'Licencia Nro. 10' ,null ,'Caja de los Licenciatarios' ,null ,null )
28/03/2018 18:05:52 |  SELECT TB_Cupones.cdCodBar ,TB_Cupones.nrLicencia ,TB_Cupones.nmLicenciatario ,TB_Cupones.cdCliente ,TB_Cupones.nrCupon ,TB_Cupones.tpCupon ,TB_Cupones.vlMontoCupon ,TB_Cupones.vlPagoPesos ,TB_Cupones.vlPagoEuros ,TB_Cupones.vlPagoDolares ,TB_Cupones.vlPagoReales ,TB_Cupones.vlComision ,TB_Cupones.vlRecargoTarjeta ,TB_Cupones.nrTalonarioCliente ,TB_Cupones.tpComprobanteCliente ,TB_Cupones.nrComprabanteCliente ,TB_Cupones.tpLetraCliente ,TB_Cupones.flCobradoalCliente ,TB_Cupones.dtCobradoalCliente ,TB_Cupones.flCompensado ,TB_Cupones.cdCliente ,TB_Cupones.dsLeyenda ,TB_Cupones.vlaFavordelLicenciatario ,TB_Cupones.vlafavorAdmin ,TB_Cupones.dtCupon ,TB_Cupones.dsObservacion ,TB_Cupones.vlIVA ,TB_Cupones.flAnulado ,TB_Cupones.dsLeyenda  FROM TB_Cupones  WHERE TB_Cupones.flEliminar = 0  AND  TB_Cupones.nrLicencia = 10  AND  TB_Cupones.flCompensado = 0  AND  TB_Cupones.flAnulado = 0    AND (  CONVERT(DATE, dtCupon) >= '27/01/2018' AND CONVERT(DATE, dtCupon) <= '28/03/2018'    OR tpCupon in ('Retorno','Cobro en Destino'))  
28/03/2018 18:05:52 | Exec sp_cuponesCompensadosdelDia_v3_3 @pnrLicencia = '10' 
28/03/2018 18:05:56 | Exec sco_AccesosOpcionesMenu @p_tpNivelAcceso = 'Administración' ,@p_operaconcaja = 1 
28/03/2018 18:05:59 | Exec sco_DiccionariodeDatos @nmtabla_param='SP_ResumenCajaADM_v2_9'
28/03/2018 18:05:59 | Exec SP_ResumenCajaADM_v2_9 @nrCaja_param = 9000000015 ,@tpCaja_param = 'CA' ,@tpCajaImputacion_param = null 
28/03/2018 18:05:59 |  SELECT TB_Cajas.vlSaldoInicialPesos ,TB_Cajas.vlSaldoInicialDolares ,TB_Cajas.vlSaldoInicialEuros ,TB_Cajas.vlSaldoInicialReales ,TB_Cajas.vlDiaEuro ,TB_Cajas.vlDiaDolar ,TB_Cajas.vlDiaReal ,TB_Cajas.dsUsuario ,TB_Cajas.dtApertura ,TB_Cajas.dtCierre  FROM TB_Cajas  WHERE TB_Cajas.nrCaja = 9000000015    
28/03/2018 18:05:59 | Exec sco_DiccionariodeDatos @nmtabla_param='SP_CalculaSaldoInicial_v2_9'
28/03/2018 18:05:59 | Exec SP_CalculaSaldoInicial_v2_9 @tpCaja_param = 'CA' ,@tpCajaImputacion_param = null ,@nrCaja_param = 9000000015 
28/03/2018 18:05:59 | Exec SP_SumaCajaADM_v2_9 @nrCaja_param = 9000000015 ,@tpCaja_param = 'CA' ,@tpCajaImputacion_param = null 
28/03/2018 18:05:59 |  UPDATE TB_Cajas SET TB_Cajas.vlSaldoFinalRealPesos  = -324.46 ,TB_Cajas.vlSaldoFinalRealEuros  = 0.00 ,TB_Cajas.vlSaldoFinalRealDolares  = 0.00 ,TB_Cajas.vlCierrePesos  = -324.46 ,TB_Cajas.vlCierreDolares  = 0.00 ,TB_Cajas.vlCierreEuros  = 0.00   WHERE TB_Cajas.nrCaja = 9000000015  
28/03/2018 18:06:00 | Exec sco_DiccionariodeDatos @nmtabla_param='VW_DetalleMovimientosContablesCupones'
28/03/2018 18:06:00 |  SELECT VW_DetalleMovimientosContablesCupones.tpOperacion ,VW_DetalleMovimientosContablesCupones.nrCaja ,VW_DetalleMovimientosContablesCupones.dsConcepto ,VW_DetalleMovimientosContablesCupones.vlPesos ,VW_DetalleMovimientosContablesCupones.vlDolares ,VW_DetalleMovimientosContablesCupones.vlEuros ,VW_DetalleMovimientosContablesCupones.nrRecibo ,VW_DetalleMovimientosContablesCupones.dsUsuario ,VW_DetalleMovimientosContablesCupones.nrLicencia ,VW_DetalleMovimientosContablesCupones.tpCupon ,VW_DetalleMovimientosContablesCupones.nrTalonarioCliente ,VW_DetalleMovimientosContablesCupones.nrComprabanteCliente ,VW_DetalleMovimientosContablesCupones.vlComision ,VW_DetalleMovimientosContablesCupones.vlIVA ,VW_DetalleMovimientosContablesCupones.vlMontoCupon ,VW_DetalleMovimientosContablesCupones.flCompensado ,VW_DetalleMovimientosContablesCupones.flCompensado ,VW_DetalleMovimientosContablesCupones.dtCompensado  FROM VW_DetalleMovimientosContablesCupones  WHERE VW_DetalleMovimientosContablesCupones.tpOperacion = 'Salida de Dinero'  AND  VW_DetalleMovimientosContablesCupones.nrCaja = 9000000015  AND  VW_DetalleMovimientosContablesCupones.dsConcepto = 'PAGO DE COMPROBANTES'     Order by VW_DetalleMovimientosContablesCupones.dtCompensado ASC 
28/03/2018 18:06:04 |  SELECT VW_DetalleMovimientosContablesCupones.tpOperacion ,VW_DetalleMovimientosContablesCupones.nrCaja ,VW_DetalleMovimientosContablesCupones.dsConcepto ,VW_DetalleMovimientosContablesCupones.vlPesos ,VW_DetalleMovimientosContablesCupones.vlDolares ,VW_DetalleMovimientosContablesCupones.vlEuros ,VW_DetalleMovimientosContablesCupones.nrRecibo ,VW_DetalleMovimientosContablesCupones.dsUsuario ,VW_DetalleMovimientosContablesCupones.nrLicencia ,VW_DetalleMovimientosContablesCupones.tpCupon ,VW_DetalleMovimientosContablesCupones.nrTalonarioCliente ,VW_DetalleMovimientosContablesCupones.nrComprabanteCliente ,VW_DetalleMovimientosContablesCupones.vlComision ,VW_DetalleMovimientosContablesCupones.vlIVA ,VW_DetalleMovimientosContablesCupones.vlMontoCupon ,VW_DetalleMovimientosContablesCupones.flCompensado ,VW_DetalleMovimientosContablesCupones.flCompensado ,VW_DetalleMovimientosContablesCupones.dtCompensado  FROM VW_DetalleMovimientosContablesCupones  WHERE VW_DetalleMovimientosContablesCupones.tpOperacion = 'Salida de Dinero'  AND  VW_DetalleMovimientosContablesCupones.nrCaja = 9000000015  AND  VW_DetalleMovimientosContablesCupones.dsConcepto = 'PAGO DE COMPROBANTES'     Order by VW_DetalleMovimientosContablesCupones.dtCompensado ASC 
28/03/2018 18:06:15 | Exec sco_AccesosOpcionesMenu @p_tpNivelAcceso = 'Administración' ,@p_operaconcaja = 1 
