vb6.exe Information: 0 : inicializando el logger desde ServiceModelGenerico
vb6.exe Information: 0 : Class = SGLibrary.Services.ServiceLicenciatarios, Method = ObtenerTodosLosTitularesConGPS()
vb6.exe Information: 0 : ADGV.AdvancedDataGridView
vb6.exe Information: 0 : System.Collections.Generic.List`1[SGLibrary.Services.TB_ProveedoresExt]
vb6.exe Information: 0 : metadata=res://*/Model1.csdl|res://*/Model1.ssdl|res://*/Model1.msl;provider=System.Data.SqlClient;provider connection string="Data Source=MSI\SQLEXPRESS;Initial Catalog=dbSG2000;Integrated Security=False;Persist Security Info=False;User ID=USRSG2006;Password=sonrisa14;MultipleActiveResultSets=True;Application Name=SGLibrary"
vb6.exe Information: 0 : inicializando el logger desde ServiceModelGenerico
vb6.exe Information: 0 : ADGV.AdvancedDataGridView
vb6.exe Information: 0 : System.Collections.Generic.List`1[SGLibrary.Services.TB_ObligacionesCuotasExt]
vb6.exe Information: 0 : metadata=res://*/Model1.csdl|res://*/Model1.ssdl|res://*/Model1.msl;provider=System.Data.SqlClient;provider connection string="Data Source=MSI\SQLEXPRESS;Initial Catalog=dbSG2000;Integrated Security=False;Persist Security Info=False;User ID=USRSG2006;Password=sonrisa14;MultipleActiveResultSets=True;Application Name=SGLibrary"
vb6.exe Information: 0 : inicializando el logger desde ServiceModelGenerico
vb6.exe Information: 0 : Class = SGLibrary.Services.ServiceNumeradores, Method = ObtenerValor("p_numerador":nro_trans,Length=9)
vb6.exe Information: 0 : Class = SGLibrary.Services.ServiceNumeradores, Method = ObtenerValor("p_numerador":nro_trans,Length=9) aux_valor 1
vb6.exe Information: 0 : Class = SGLibrary.ServiceParametros, Method = ObtenerParametroBD("nombre":empresa,Length=7)
vb6.exe Information: 0 : metadata=res://*/Model1.csdl|res://*/Model1.ssdl|res://*/Model1.msl;provider=System.Data.SqlClient;provider connection string="Data Source=MSI\SQLEXPRESS;Initial Catalog=dbSG2000;Integrated Security=False;Persist Security Info=False;User ID=USRSG2006;Password=sonrisa14;MultipleActiveResultSets=True;Application Name=SGLibrary"
vb6.exe Information: 0 : SGLibrary.TB_Parametros
vb6.exe Information: 0 : Class = SGLibrary.Services.ServiceObligaciones, Method = AgregarRegistro("unRegistro":SGLibrary.Services.Obligaciones,TB_transCab=SGLibrary.TB_transCab,TB_ObligacionesTitulares=System.Collections.Generic.List`1[SGLibrary.TB_ObligacionesTitulares],TB_ObligacionesCuotas=System.Collections.Generic.List`1[SGLibrary.TB_ObligacionesCuotas])
vb6.exe Information: 0 : inicializando el logger
vb6.exe Information: 0 : Class = SGLibrary.ServiceParametros, Method = ObtenerParametroBD("nombre":PORC_RECARGO_TC,Length=15)
vb6.exe Information: 0 : metadata=res://*/Model1.csdl|res://*/Model1.ssdl|res://*/Model1.msl;provider=System.Data.SqlClient;provider connection string="Data Source=MSI\SQLEXPRESS;Initial Catalog=dbSG2000;Integrated Security=False;Persist Security Info=False;User ID=USRSG2006;Password=sonrisa14;MultipleActiveResultSets=True;Application Name=SGLibrary"
vb6.exe Information: 0 : SGLibrary.TB_Parametros
vb6.exe Information: 0 : Class = SGLibrary.ServiceParametros, Method = ObtenerParametroBD("nombre":PORC_RECARGO_TD,Length=15)
vb6.exe Information: 0 : metadata=res://*/Model1.csdl|res://*/Model1.ssdl|res://*/Model1.msl;provider=System.Data.SqlClient;provider connection string="Data Source=MSI\SQLEXPRESS;Initial Catalog=dbSG2000;Integrated Security=False;Persist Security Info=False;User ID=USRSG2006;Password=sonrisa14;MultipleActiveResultSets=True;Application Name=SGLibrary"
vb6.exe Information: 0 : SGLibrary.TB_Parametros
vb6.exe Information: 0 : Class = SGLibrary.ServiceParametros, Method = ObtenerParametroBD("nombre":PORC_RECARGO_TP,Length=15)
vb6.exe Information: 0 : metadata=res://*/Model1.csdl|res://*/Model1.ssdl|res://*/Model1.msl;provider=System.Data.SqlClient;provider connection string="Data Source=MSI\SQLEXPRESS;Initial Catalog=dbSG2000;Integrated Security=False;Persist Security Info=False;User ID=USRSG2006;Password=sonrisa14;MultipleActiveResultSets=True;Application Name=SGLibrary"
vb6.exe Information: 0 : SGLibrary.TB_Parametros
vb6.exe Information: 0 : metadata=res://*/Model1.csdl|res://*/Model1.ssdl|res://*/Model1.msl;provider=System.Data.SqlClient;provider connection string="Data Source=MSI\SQLEXPRESS;Initial Catalog=dbSG2000;Integrated Security=False;Persist Security Info=False;User ID=USRSG2006;Password=sonrisa14;MultipleActiveResultSets=True;Application Name=SGLibrary"
vb6.exe Information: 0 : ADGV.AdvancedDataGridView
vb6.exe Information: 0 : System.Collections.Generic.List`1[SGLibrary.TB_transCab]
