20/05/2011 10:08:33 a.m. - Error al cerrar el data reader de SQL
20/05/2011 10:08:33 a.m. - No existen Solicitudes a Enviar
20/05/2011 10:08:33 a.m. - No existen Solicitudes a Enviar
20/05/2011 10:08:33 a.m. - No existen Solicitudes a Enviar
20/05/2011 10:08:33 a.m. - No existen Solicitudes a Enviar
20/05/2011 10:08:33 a.m. - No existen Solicitudes a Enviar
20/05/2011 10:08:33 a.m. - No existen Solicitudes a Enviar
20/05/2011 10:08:35 a.m. - No existen Solicitudes a Enviar
20/05/2011 10:08:35 a.m. - No existen Solicitudes a Enviar
20/05/2011 10:13:34 a.m. - Error al cerrar el data reader de SQL
20/05/2011 10:13:34 a.m. - No existen Solicitudes a Enviar
20/05/2011 10:13:34 a.m. - No existen Solicitudes a Enviar
20/05/2011 10:13:34 a.m. - No existen Solicitudes a Enviar
20/05/2011 10:13:34 a.m. - No existen Solicitudes a Enviar
20/05/2011 10:13:35 a.m. - No existen Solicitudes a Enviar
20/05/2011 10:13:35 a.m. - No existen Solicitudes a Enviar
20/05/2011 10:13:36 a.m. - No existen Solicitudes a Enviar
20/05/2011 10:13:36 a.m. - No existen Solicitudes a Enviar
20/05/2011 03:38:50 p.m. - Error al cerrar el data reader de SQL
20/05/2011 03:38:52 p.m. - No existen Solicitudes a Enviar
20/05/2011 03:38:52 p.m. - No existen Solicitudes a Enviar
20/05/2011 03:38:52 p.m. - No existen Solicitudes a Enviar
20/05/2011 03:38:52 p.m. - No existen Solicitudes a Enviar
20/05/2011 03:38:53 p.m. - No existen Solicitudes a Enviar
20/05/2011 03:38:53 p.m. - No existen Solicitudes a Enviar
20/05/2011 03:38:55 p.m. - No existen Solicitudes a Enviar
20/05/2011 03:38:55 p.m. - No existen Solicitudes a Enviar
20/05/2011 03:39:13 p.m. - No existen Solicitudes a Enviar
20/05/2011 03:39:13 p.m. - No existen Solicitudes a Enviar
20/05/2011 03:39:13 p.m. - No existen Solicitudes a Enviar
20/05/2011 03:39:13 p.m. - No existen Solicitudes a Enviar
20/05/2011 03:39:13 p.m. - No existen Solicitudes a Enviar
20/05/2011 03:39:13 p.m. - No existen Solicitudes a Enviar
20/05/2011 03:39:14 p.m. - No existen Solicitudes a Enviar
20/05/2011 03:39:14 p.m. - No existen Solicitudes a Enviar
20/05/2011 03:39:47 p.m. - No existen Solicitudes a Enviar
20/05/2011 03:39:47 p.m. - No existen Solicitudes a Enviar
20/05/2011 03:39:47 p.m. - No existen Solicitudes a Enviar
20/05/2011 03:39:47 p.m. - No existen Solicitudes a Enviar
20/05/2011 03:39:47 p.m. - No existen Solicitudes a Enviar
20/05/2011 03:39:48 p.m. - No existen Solicitudes a Enviar
20/05/2011 03:39:50 p.m. - No existen Solicitudes a Enviar
20/05/2011 03:39:50 p.m. - No existen Solicitudes a Enviar
20/05/2011 03:39:56 p.m. - No existen Solicitudes a Enviar
20/05/2011 03:39:56 p.m. - No existen Solicitudes a Enviar
20/05/2011 03:39:56 p.m. - No existen Solicitudes a Enviar
20/05/2011 03:39:56 p.m. - No existen Solicitudes a Enviar
20/05/2011 03:39:56 p.m. - No existen Solicitudes a Enviar
20/05/2011 03:39:56 p.m. - No existen Solicitudes a Enviar
20/05/2011 03:39:58 p.m. - No existen Solicitudes a Enviar
20/05/2011 03:39:58 p.m. - No existen Solicitudes a Enviar
20/05/2011 03:41:12 p.m. - Error al cerrar el data reader de SQL
20/05/2011 03:41:12 p.m. - No existen Solicitudes a Enviar
20/05/2011 03:41:12 p.m. - No existen Solicitudes a Enviar
20/05/2011 03:41:12 p.m. - No existen Solicitudes a Enviar
20/05/2011 03:41:12 p.m. - No existen Solicitudes a Enviar
20/05/2011 03:41:12 p.m. - No existen Solicitudes a Enviar
20/05/2011 03:41:12 p.m. - No existen Solicitudes a Enviar
20/05/2011 03:41:13 p.m. - No existen Solicitudes a Enviar
20/05/2011 03:41:13 p.m. - No existen Solicitudes a Enviar
20/05/2011 03:41:21 p.m. - No existen Solicitudes a Enviar
20/05/2011 03:41:21 p.m. - No existen Solicitudes a Enviar
20/05/2011 03:41:21 p.m. - No existen Solicitudes a Enviar
20/05/2011 03:41:21 p.m. - No existen Solicitudes a Enviar
20/05/2011 03:41:21 p.m. - No existen Solicitudes a Enviar
20/05/2011 03:41:21 p.m. - No existen Solicitudes a Enviar
20/05/2011 03:41:22 p.m. - No existen Solicitudes a Enviar
20/05/2011 03:41:22 p.m. - No existen Solicitudes a Enviar
20/05/2011 03:41:27 p.m. - No existen Solicitudes a Enviar
20/05/2011 03:41:27 p.m. - No existen Solicitudes a Enviar
20/05/2011 03:41:27 p.m. - No existen Solicitudes a Enviar
20/05/2011 03:41:27 p.m. - No existen Solicitudes a Enviar
20/05/2011 03:41:27 p.m. - No existen Solicitudes a Enviar
20/05/2011 03:41:27 p.m. - No existen Solicitudes a Enviar
20/05/2011 03:41:28 p.m. - No existen Solicitudes a Enviar
20/05/2011 03:41:28 p.m. - No existen Solicitudes a Enviar
20/05/2011 03:41:30 p.m. - No existen Solicitudes a Enviar
20/05/2011 03:41:30 p.m. - No existen Solicitudes a Enviar
20/05/2011 03:41:30 p.m. - No existen Solicitudes a Enviar
20/05/2011 03:41:30 p.m. - No existen Solicitudes a Enviar
20/05/2011 03:41:30 p.m. - No existen Solicitudes a Enviar
20/05/2011 03:41:30 p.m. - No existen Solicitudes a Enviar
20/05/2011 03:41:31 p.m. - No existen Solicitudes a Enviar
20/05/2011 03:41:31 p.m. - No existen Solicitudes a Enviar
20/05/2011 03:41:32 p.m. - No existen Solicitudes a Enviar
20/05/2011 03:41:32 p.m. - No existen Solicitudes a Enviar
20/05/2011 03:41:32 p.m. - No existen Solicitudes a Enviar
20/05/2011 03:41:32 p.m. - No existen Solicitudes a Enviar
20/05/2011 03:41:32 p.m. - No existen Solicitudes a Enviar
20/05/2011 03:41:32 p.m. - No existen Solicitudes a Enviar
20/05/2011 03:41:33 p.m. - No existen Solicitudes a Enviar
20/05/2011 03:41:33 p.m. - No existen Solicitudes a Enviar
20/05/2011 03:41:35 p.m. - No existen Solicitudes a Enviar
20/05/2011 03:41:35 p.m. - No existen Solicitudes a Enviar
20/05/2011 03:41:35 p.m. - No existen Solicitudes a Enviar
20/05/2011 03:41:35 p.m. - No existen Solicitudes a Enviar
20/05/2011 03:41:35 p.m. - No existen Solicitudes a Enviar
20/05/2011 03:41:35 p.m. - No existen Solicitudes a Enviar
20/05/2011 03:41:35 p.m. - No existen Solicitudes a Enviar
20/05/2011 03:41:35 p.m. - No existen Solicitudes a Enviar
20/05/2011 03:42:08 p.m. - Error al cerrar el data reader de SQL
20/05/2011 03:42:08 p.m. - No existen Solicitudes a Enviar
20/05/2011 03:42:08 p.m. - No existen Solicitudes a Enviar
20/05/2011 03:42:08 p.m. - No existen Solicitudes a Enviar
20/05/2011 03:42:08 p.m. - No existen Solicitudes a Enviar
20/05/2011 03:42:08 p.m. - No existen Solicitudes a Enviar
20/05/2011 03:42:08 p.m. - No existen Solicitudes a Enviar
20/05/2011 03:42:10 p.m. - No existen Solicitudes a Enviar
20/05/2011 03:42:10 p.m. - No existen Solicitudes a Enviar
20/05/2011 03:42:11 p.m. - No existen Solicitudes a Enviar
20/05/2011 03:42:11 p.m. - No existen Solicitudes a Enviar
20/05/2011 03:42:11 p.m. - No existen Solicitudes a Enviar
20/05/2011 03:42:11 p.m. - No existen Solicitudes a Enviar
20/05/2011 03:42:11 p.m. - No existen Solicitudes a Enviar
20/05/2011 03:42:11 p.m. - No existen Solicitudes a Enviar
20/05/2011 03:42:12 p.m. - No existen Solicitudes a Enviar
20/05/2011 03:42:13 p.m. - No existen Solicitudes a Enviar
20/05/2011 03:42:21 p.m. - No existen Solicitudes a Enviar
20/05/2011 03:42:21 p.m. - No existen Solicitudes a Enviar
20/05/2011 03:42:21 p.m. - No existen Solicitudes a Enviar
20/05/2011 03:42:21 p.m. - No existen Solicitudes a Enviar
20/05/2011 03:42:21 p.m. - No existen Solicitudes a Enviar
20/05/2011 03:42:21 p.m. - No existen Solicitudes a Enviar
20/05/2011 03:42:22 p.m. - No existen Solicitudes a Enviar
20/05/2011 03:42:22 p.m. - No existen Solicitudes a Enviar
20/05/2011 03:42:30 p.m. - No existen Solicitudes a Enviar
20/05/2011 03:42:30 p.m. - No existen Solicitudes a Enviar
20/05/2011 03:42:31 p.m. - No existen Solicitudes a Enviar
20/05/2011 03:42:31 p.m. - No existen Solicitudes a Enviar
20/05/2011 03:42:31 p.m. - No existen Solicitudes a Enviar
20/05/2011 03:42:31 p.m. - No existen Solicitudes a Enviar
20/05/2011 03:42:37 p.m. - No existen Solicitudes a Enviar
20/05/2011 03:42:37 p.m. - No existen Solicitudes a Enviar
20/05/2011 03:42:46 p.m. - No existen Solicitudes a Enviar
20/05/2011 03:42:46 p.m. - No existen Solicitudes a Enviar
20/05/2011 03:42:46 p.m. - No existen Solicitudes a Enviar
20/05/2011 03:42:46 p.m. - No existen Solicitudes a Enviar
20/05/2011 03:42:46 p.m. - No existen Solicitudes a Enviar
20/05/2011 03:42:46 p.m. - No existen Solicitudes a Enviar
20/05/2011 03:42:47 p.m. - No existen Solicitudes a Enviar
20/05/2011 03:42:47 p.m. - No existen Solicitudes a Enviar
20/05/2011 03:42:54 p.m. - No existen Solicitudes a Enviar
20/05/2011 03:42:54 p.m. - No existen Solicitudes a Enviar
20/05/2011 03:42:54 p.m. - No existen Solicitudes a Enviar
20/05/2011 03:42:54 p.m. - No existen Solicitudes a Enviar
20/05/2011 03:42:54 p.m. - No existen Solicitudes a Enviar
20/05/2011 03:42:54 p.m. - No existen Solicitudes a Enviar
20/05/2011 03:42:56 p.m. - No existen Solicitudes a Enviar
20/05/2011 03:42:56 p.m. - No existen Solicitudes a Enviar
20/05/2011 03:57:07 p.m. - Error al cerrar el data reader de SQL
20/05/2011 03:57:07 p.m. - No existen Solicitudes a Enviar
20/05/2011 03:57:08 p.m. - No existen Solicitudes a Enviar
20/05/2011 03:57:18 p.m. - ----------- INICIO -----------
20/05/2011 03:57:18 p.m. - Buscando archivo: TA_PROD_ML_20-5-2011.xml
20/05/2011 03:57:18 p.m. - El archivo buscado no existe o no se encuentra.
20/05/2011 03:57:23 p.m. - Dirección https://servicios1.afip.gov.ar/wsfex/service.asmx?WSDL lanzada correctamente.
20/05/2011 03:57:23 p.m. - Generando el Login Ticket Request
20/05/2011 03:57:24 p.m. - Firmando el Login Ticket Request
20/05/2011 03:57:24 p.m. - ***Leyendo certificado: 
20/05/2011 03:57:24 p.m. - ***Certificados disponibles en el repositorio:My
20/05/2011 03:57:24 p.m. - ubico el certificado y lo devuelvo, salimos de la funcion 
20/05/2011 03:57:25 p.m. - ***Firmando bytes del mensaje...
20/05/2011 03:57:25 p.m. - ***OK mensaje firmado
20/05/2011 03:57:36 p.m. - Analizando el Ticket Response recibido del WSAA
20/05/2011 03:57:36 p.m. - Finalizada correctamente la creación del archivo XML TA_PROD_ML_20-5-2011.xml con Sign y Token.
20/05/2011 03:58:53 p.m. - Error al cerrar el data reader de SQL
20/05/2011 03:58:53 p.m. - No existen Solicitudes a Enviar
20/05/2011 03:58:54 p.m. - No existen Solicitudes a Enviar
20/05/2011 04:01:24 p.m. - Error al cerrar el data reader de SQL
20/05/2011 04:01:25 p.m. - No existen Solicitudes a Enviar
20/05/2011 04:01:25 p.m. - No existen Solicitudes a Enviar
20/05/2011 04:01:25 p.m. - No existen Solicitudes a Enviar
20/05/2011 04:01:25 p.m. - No existen Solicitudes a Enviar
20/05/2011 04:01:25 p.m. - No existen Solicitudes a Enviar
20/05/2011 04:01:25 p.m. - No existen Solicitudes a Enviar
20/05/2011 04:01:26 p.m. - No existen Solicitudes a Enviar
20/05/2011 04:01:26 p.m. - No existen Solicitudes a Enviar
20/05/2011 04:01:30 p.m. - Buscando archivo: TA_PROD_EX_20-5-2011.xml
20/05/2011 04:01:30 p.m. - El archivo buscado no existe o no se encuentra.
20/05/2011 04:01:35 p.m. - Dirección https://servicios1.afip.gov.ar/wsfex/service.asmx?WSDL lanzada correctamente.
20/05/2011 04:01:40 p.m. - Dirección https://servicios1.afip.gov.ar/wsfex/service.asmx?WSDL lanzada correctamente.
20/05/2011 04:01:41 p.m. - Generando el Login Ticket Request
20/05/2011 04:01:41 p.m. - Firmando el Login Ticket Request
20/05/2011 04:01:41 p.m. - ***Leyendo certificado: 
20/05/2011 04:01:41 p.m. - ***Certificados disponibles en el repositorio:My
20/05/2011 04:01:41 p.m. - ubico el certificado y lo devuelvo, salimos de la funcion 
20/05/2011 04:01:41 p.m. - ***Firmando bytes del mensaje...
20/05/2011 04:01:41 p.m. - ***OK mensaje firmado
20/05/2011 04:01:47 p.m. - Analizando el Ticket Response recibido del WSAA
20/05/2011 04:01:47 p.m. - Eliminando archivo: C:\Fonseca\Facturacion_Electronica\mercado_local\implementacion\version2.0\factuElectroML\bin\Debug\TA_PROD_EX_18-5-2011.xml
20/05/2011 04:01:47 p.m. - Finalizada correctamente la creación del archivo XML TA_PROD_EX_20-5-2011.xml con Sign y Token.
20/05/2011 04:03:12 p.m. - Buscando archivo: TA_PROD_EX_20-5-2011.xml
20/05/2011 04:03:12 p.m. - Token y Sign leidos correctamente
20/05/2011 04:03:20 p.m. - Buscando archivo: TA_PROD_EX_20-5-2011.xml
20/05/2011 04:03:20 p.m. - Token y Sign leidos correctamente
20/05/2011 04:03:29 p.m. - Buscando archivo: TA_PROD_EX_20-5-2011.xml
20/05/2011 04:03:29 p.m. - Token y Sign leidos correctamente
20/05/2011 04:03:48 p.m. - Buscando archivo: TA_PROD_EX_20-5-2011.xml
20/05/2011 04:03:48 p.m. - Token y Sign leidos correctamente
20/05/2011 04:03:57 p.m. - Buscando archivo: TA_PROD_EX_20-5-2011.xml
20/05/2011 04:03:57 p.m. - Token y Sign leidos correctamente
20/05/2011 04:04:10 p.m. - Error al cerrar el data reader de SQL
20/05/2011 04:04:11 p.m. - No existen Solicitudes a Enviar
20/05/2011 04:04:11 p.m. - No existen Solicitudes a Enviar
20/05/2011 04:04:11 p.m. - No existen Solicitudes a Enviar
20/05/2011 04:04:11 p.m. - No existen Solicitudes a Enviar
20/05/2011 04:04:11 p.m. - No existen Solicitudes a Enviar
20/05/2011 04:04:11 p.m. - No existen Solicitudes a Enviar
20/05/2011 04:04:12 p.m. - No existen Solicitudes a Enviar
20/05/2011 04:04:12 p.m. - No existen Solicitudes a Enviar
20/05/2011 04:04:28 p.m. - No existen Solicitudes a Enviar
20/05/2011 04:04:28 p.m. - No existen Solicitudes a Enviar
20/05/2011 04:04:28 p.m. - No existen Solicitudes a Enviar
20/05/2011 04:04:28 p.m. - No existen Solicitudes a Enviar
20/05/2011 04:05:38 p.m. - Error al cerrar el data reader de SQL
20/05/2011 04:05:38 p.m. - No existen Solicitudes a Enviar
20/05/2011 04:05:38 p.m. - No existen Solicitudes a Enviar
20/05/2011 04:05:38 p.m. - No existen Solicitudes a Enviar
20/05/2011 04:05:38 p.m. - No existen Solicitudes a Enviar
20/05/2011 04:05:39 p.m. - No existen Solicitudes a Enviar
20/05/2011 04:05:39 p.m. - No existen Solicitudes a Enviar
20/05/2011 04:05:40 p.m. - No existen Solicitudes a Enviar
20/05/2011 04:05:40 p.m. - No existen Solicitudes a Enviar
20/05/2011 04:12:21 p.m. - Error al cerrar el data reader de SQL
20/05/2011 04:12:21 p.m. - No existen Solicitudes a Enviar
20/05/2011 04:12:21 p.m. - No existen Solicitudes a Enviar
20/05/2011 04:12:21 p.m. - No existen Solicitudes a Enviar
20/05/2011 04:12:21 p.m. - No existen Solicitudes a Enviar
20/05/2011 04:12:21 p.m. - No existen Solicitudes a Enviar
20/05/2011 04:12:21 p.m. - No existen Solicitudes a Enviar
20/05/2011 04:12:22 p.m. - No existen Solicitudes a Enviar
20/05/2011 04:12:22 p.m. - No existen Solicitudes a Enviar
20/05/2011 04:12:28 p.m. - Buscando archivo: TA_PROD_EX_20-5-2011.xml
20/05/2011 04:12:28 p.m. - Token y Sign leidos correctamente
20/05/2011 04:22:25 p.m. - Error al cerrar el data reader de SQL
20/05/2011 04:22:25 p.m. - No existen Solicitudes a Enviar
20/05/2011 04:22:25 p.m. - No existen Solicitudes a Enviar
20/05/2011 04:22:25 p.m. - No existen Solicitudes a Enviar
20/05/2011 04:22:26 p.m. - No existen Solicitudes a Enviar
20/05/2011 04:22:26 p.m. - No existen Solicitudes a Enviar
20/05/2011 04:22:26 p.m. - No existen Solicitudes a Enviar
20/05/2011 04:22:27 p.m. - No existen Solicitudes a Enviar
20/05/2011 04:22:27 p.m. - No existen Solicitudes a Enviar
20/05/2011 06:21:33 p.m. - Error al cerrar el data reader de SQL
20/05/2011 06:21:33 p.m. - No existen Solicitudes a Enviar
20/05/2011 06:21:33 p.m. - No existen Solicitudes a Enviar
20/05/2011 06:21:33 p.m. - No existen Solicitudes a Enviar
20/05/2011 06:21:33 p.m. - No existen Solicitudes a Enviar
20/05/2011 06:21:33 p.m. - No existen Solicitudes a Enviar
20/05/2011 06:21:33 p.m. - No existen Solicitudes a Enviar
20/05/2011 06:21:34 p.m. - No existen Solicitudes a Enviar
20/05/2011 06:21:34 p.m. - No existen Solicitudes a Enviar
20/05/2011 06:23:11 p.m. - Buscando archivo: TA_PROD_EX_20-5-2011.xml
20/05/2011 06:23:12 p.m. - Token y Sign leidos correctamente
20/05/2011 06:25:16 p.m. - Buscando archivo: TA_PROD_EX_20-5-2011.xml
20/05/2011 06:25:16 p.m. - Token y Sign leidos correctamente
