06/05/2011 05:09:05 p.m. - Error al cerrar el data reader de SQL
06/05/2011 05:10:12 p.m. - ----------- INICIO -----------
06/05/2011 05:10:12 p.m. - 473538
06/05/2011 05:10:12 p.m. - 473538
06/05/2011 05:10:12 p.m. - Usuario: turinad
06/05/2011 05:10:12 p.m. - Nombre del equipo: PC0071
06/05/2011 05:10:12 p.m. - Insertando comprobantes en FE
06/05/2011 05:14:23 p.m. - Error al cerrar el data reader de SQL
06/05/2011 05:14:25 p.m. - ----------- INICIO -----------
06/05/2011 05:14:25 p.m. - 473538
06/05/2011 05:14:25 p.m. - 473538
06/05/2011 05:14:25 p.m. - Usuario: turinad
06/05/2011 05:14:25 p.m. - Nombre del equipo: PC0071
06/05/2011 05:14:25 p.m. - Insertando comprobantes en FE
06/05/2011 05:17:28 p.m. - Error al cerrar el data reader de SQL
06/05/2011 05:17:32 p.m. - ----------- INICIO -----------
06/05/2011 05:17:32 p.m. - 473538
06/05/2011 05:17:32 p.m. - 473538
06/05/2011 05:17:32 p.m. - Usuario: turinad
06/05/2011 05:17:32 p.m. - Nombre del equipo: PC0071
06/05/2011 05:17:32 p.m. - Insertando comprobantes en FE
06/05/2011 05:43:50 p.m. - Error al cerrar el data reader de SQL
06/05/2011 05:43:53 p.m. - ----------- INICIO -----------
06/05/2011 05:43:53 p.m. - 473538
06/05/2011 05:43:53 p.m. - 473538
06/05/2011 05:43:53 p.m. - Usuario: turinad
06/05/2011 05:43:53 p.m. - Nombre del equipo: PC0071
06/05/2011 05:43:53 p.m. - Insertando comprobantes en FE
06/05/2011 05:43:55 p.m. - Observaciones: 
06/05/2011 05:43:55 p.m. - Chequeando resultados de FE
06/05/2011 05:43:55 p.m. - Obtener Comprobantes
06/05/2011 05:43:57 p.m. - Sintaxis incorrecta cerca de la palabra clave 'FROM'.
