ConsoleApplication1.vshost.exe Information: 0 : inicializando el logger
ConsoleApplication1.vshost.exe Information: 0 : inicializando el logger
ConsoleApplication1.vshost.exe Information: 0 : inicializando el logger
ConsoleApplication1.vshost.exe Information: 0 : metadata=res://*/Model1.csdl|res://*/Model1.ssdl|res://*/Model1.msl;provider=System.Data.SqlClient;provider connection string="Data Source=MSI\SQLEXPRESS;Initial Catalog=dbSG2000;Integrated Security=False;Persist Security Info=False;User ID=USRSG2006;Password=sonrisa14;MultipleActiveResultSets=True;Application Name=SGLibrary"
ConsoleApplication1.vshost.exe Information: 0 : metadata=res://*/Model1.csdl|res://*/Model1.ssdl|res://*/Model1.msl;provider=System.Data.SqlClient;provider connection string="Data Source=MSI\SQLEXPRESS;Initial Catalog=dbSG2000;Integrated Security=False;Persist Security Info=False;User ID=USRSG2006;Password=sonrisa14;MultipleActiveResultSets=True;Application Name=SGLibrary"
ConsoleApplication1.vshost.exe Information: 0 : metadata=res://*/Model1.csdl|res://*/Model1.ssdl|res://*/Model1.msl;provider=System.Data.SqlClient;provider connection string="Data Source=MSI\SQLEXPRESS;Initial Catalog=dbSG2000;Integrated Security=False;Persist Security Info=False;User ID=USRSG2006;Password=sonrisa14;MultipleActiveResultSets=True;Application Name=SGLibrary"
ConsoleApplication1.vshost.exe Information: 0 : metadata=res://*/Model1.csdl|res://*/Model1.ssdl|res://*/Model1.msl;provider=System.Data.SqlClient;provider connection string="Data Source=MSI\SQLEXPRESS;Initial Catalog=dbSG2000;Integrated Security=False;Persist Security Info=False;User ID=USRSG2006;Password=sonrisa14;MultipleActiveResultSets=True;Application Name=SGLibrary"
ConsoleApplication1.vshost.exe Information: 0 : SELECT 
[Extent1].[nrLicencia] AS [nrLicencia], 
[Extent1].[nrCupon] AS [nrCupon], 
[Extent1].[dtCupon] AS [dtCupon], 
[Extent1].[tpComprobanteCliente] AS [tpComprobanteCliente], 
[Extent1].[tpLetraCliente] AS [tpLetraCliente], 
[Extent1].[nrTalonarioCliente] AS [nrTalonarioCliente], 
[Extent1].[nrComprabanteCliente] AS [nrComprabanteCliente], 
[Extent1].[vlMontoCupon] AS [vlMontoCupon], 
[Extent1].[nrTarjeta] AS [nrTarjeta], 
[Extent1].[tpDocTarjeta] AS [tpDocTarjeta], 
[Extent1].[nrDocTarjeta] AS [nrDocTarjeta]
FROM [dbo].[TB_Cupones] AS [Extent1]
WHERE (0 = [Extent1].[flCobradoalCliente]) AND (0 = [Extent1].[flCompensado]) AND (0 = [Extent1].[flAnulado]) AND ('Todo Pago' = [Extent1].[tpCupon])
ORDER BY [Extent1].[dtCupon] ASC
ConsoleApplication1.vshost.exe Information: 0 : inicializando el logger
ConsoleApplication1.vshost.exe Information: 0 : metadata=res://*/Model1.csdl|res://*/Model1.ssdl|res://*/Model1.msl;provider=System.Data.SqlClient;provider connection string="Data Source=MSI\SQLEXPRESS;Initial Catalog=dbSG2000;Integrated Security=False;Persist Security Info=False;User ID=USRSG2006;Password=sonrisa14;MultipleActiveResultSets=True;Application Name=SGLibrary"
