ConsoleApplication1.vshost.exe Information: 0 : inicializando el logger
ConsoleApplication1.vshost.exe Information: 0 : inicializando el logger
ConsoleApplication1.vshost.exe Information: 0 : metadata=res://*/Model1.csdl|res://*/Model1.ssdl|res://*/Model1.msl;provider=System.Data.SqlClient;provider connection string="Data Source=MSI\SQLEXPRESS;Initial Catalog=dbSG2000;Integrated Security=False;Persist Security Info=False;User ID=USRSG2006;Password=sonrisa14;MultipleActiveResultSets=True;Application Name=SGLibrary"
ConsoleApplication1.vshost.exe Information: 0 : metadata=res://*/Model1.csdl|res://*/Model1.ssdl|res://*/Model1.msl;provider=System.Data.SqlClient;provider connection string="Data Source=MSI\SQLEXPRESS;Initial Catalog=dbSG2000;Integrated Security=False;Persist Security Info=False;User ID=USRSG2006;Password=sonrisa14;MultipleActiveResultSets=True;Application Name=SGLibrary"
ConsoleApplication1.vshost.exe Information: 0 : metadata=res://*/Model1.csdl|res://*/Model1.ssdl|res://*/Model1.msl;provider=System.Data.SqlClient;provider connection string="Data Source=MSI\SQLEXPRESS;Initial Catalog=dbSG2000;Integrated Security=False;Persist Security Info=False;User ID=USRSG2006;Password=sonrisa14;MultipleActiveResultSets=True;Application Name=SGLibrary"
ConsoleApplication1.vshost.exe Information: 0 : metadata=res://*/Model1.csdl|res://*/Model1.ssdl|res://*/Model1.msl;provider=System.Data.SqlClient;provider connection string="Data Source=MSI\SQLEXPRESS;Initial Catalog=dbSG2000;Integrated Security=False;Persist Security Info=False;User ID=USRSG2006;Password=sonrisa14;MultipleActiveResultSets=True;Application Name=SGLibrary"
ConsoleApplication1.vshost.exe Information: 0 : metadata=res://*/Model1.csdl|res://*/Model1.ssdl|res://*/Model1.msl;provider=System.Data.SqlClient;provider connection string="Data Source=MSI\SQLEXPRESS;Initial Catalog=dbSG2000;Integrated Security=False;Persist Security Info=False;User ID=USRSG2006;Password=sonrisa14;MultipleActiveResultSets=True;Application Name=SGLibrary"
ConsoleApplication1.vshost.exe Information: 0 : metadata=res://*/Model1.csdl|res://*/Model1.ssdl|res://*/Model1.msl;provider=System.Data.SqlClient;provider connection string="Data Source=MSI\SQLEXPRESS;Initial Catalog=dbSG2000;Integrated Security=False;Persist Security Info=False;User ID=USRSG2006;Password=sonrisa14;MultipleActiveResultSets=True;Application Name=SGLibrary"
ConsoleApplication1.vshost.exe Information: 0 : SELECT 
[Extent1].[nrLicencia] AS [nrLicencia], 
[Extent1].[nrCupon] AS [nrCupon], 
[Extent1].[dtCupon] AS [dtCupon], 
[Extent1].[tpComprobanteCliente] AS [tpComprobanteCliente], 
[Extent1].[tpLetraCliente] AS [tpLetraCliente], 
[Extent1].[nrTalonarioCliente] AS [nrTalonarioCliente], 
[Extent1].[nrComprabanteCliente] AS [nrComprabanteCliente], 
[Extent1].[vlMontoCupon] AS [vlMontoCupon], 
[Extent1].[nrTarjeta] AS [nrTarjeta], 
[Extent1].[tpDocTarjeta] AS [tpDocTarjeta], 
[Extent1].[nrDocTarjeta] AS [nrDocTarjeta]
FROM [dbo].[TB_Cupones] AS [Extent1]
WHERE (0 = [Extent1].[flCobradoalCliente]) AND (0 = [Extent1].[flCompensado]) AND (0 = [Extent1].[flAnulado]) AND ([Extent1].[tpCupon] IN ('Tarjeta de Crédito','Tarjeta de Débito'))
ORDER BY [Extent1].[dtCupon] ASC
ConsoleApplication1.vshost.exe Information: 0 : metadata=res://*/Model1.csdl|res://*/Model1.ssdl|res://*/Model1.msl;provider=System.Data.SqlClient;provider connection string="Data Source=MSI\SQLEXPRESS;Initial Catalog=dbSG2000;Integrated Security=False;Persist Security Info=False;User ID=USRSG2006;Password=sonrisa14;MultipleActiveResultSets=True;Application Name=SGLibrary"
ConsoleApplication1.vshost.exe Information: 0 : SELECT 
[Extent1].[nrCupon] AS [nrCupon], 
[Extent1].[cdCliente] AS [cdCliente], 
[Extent1].[nrPuesto] AS [nrPuesto], 
[Extent1].[nrLicencia] AS [nrLicencia], 
[Extent1].[nmLicenciatario] AS [nmLicenciatario], 
[Extent1].[tpCupon] AS [tpCupon], 
[Extent1].[vlMontoCupon] AS [vlMontoCupon], 
[Extent1].[vlaFavordelLicenciatario] AS [vlaFavordelLicenciatario], 
[Extent1].[vlafavorAdmin] AS [vlafavorAdmin], 
[Extent1].[vlPagoPesos] AS [vlPagoPesos], 
[Extent1].[vlPagoEuros] AS [vlPagoEuros], 
[Extent1].[vlPagoDolares] AS [vlPagoDolares], 
[Extent1].[vlComision] AS [vlComision], 
[Extent1].[nrCantidadBultos] AS [nrCantidadBultos], 
[Extent1].[nrPasajeros] AS [nrPasajeros], 
[Extent1].[dtCupon] AS [dtCupon], 
[Extent1].[nrTalonarioCliente] AS [nrTalonarioCliente], 
[Extent1].[nrComprabanteCliente] AS [nrComprabanteCliente], 
[Extent1].[tpComprobanteCliente] AS [tpComprobanteCliente], 
[Extent1].[tpLetraCliente] AS [tpLetraCliente], 
[Extent1].[flCobradoalCliente] AS [flCobradoalCliente], 
[Extent1].[dtCobradoalCliente] AS [dtCobradoalCliente], 
[Extent1].[nrCajaCliente] AS [nrCajaCliente], 
[Extent1].[dtCajaCliente] AS [dtCajaCliente], 
[Extent1].[nrTalonarioProveedor] AS [nrTalonarioProveedor], 
[Extent1].[nrComprabanteProveedor] AS [nrComprabanteProveedor], 
[Extent1].[tpComprobanteProveedor] AS [tpComprobanteProveedor], 
[Extent1].[tpLetraLetraProveedor] AS [tpLetraLetraProveedor], 
[Extent1].[flCompensado] AS [flCompensado], 
[Extent1].[dtCompensado] AS [dtCompensado], 
[Extent1].[nrCajaLicenciatario] AS [nrCajaLicenciatario], 
[Extent1].[dtCajaLicenciatario] AS [dtCajaLicenciatario], 
[Extent1].[dsUsuario] AS [dsUsuario], 
[Extent1].[nrLiquidacionProveedores] AS [nrLiquidacionProveedores], 
[Extent1].[nrLiquidacionCliente] AS [nrLiquidacionCliente], 
[Extent1].[cdCodBar] AS [cdCodBar], 
[Extent1].[flAnulado] AS [flAnulado], 
[Extent1].[dtAnulado] AS [dtAnulado], 
[Extent1].[IdRecibo] AS [IdRecibo], 
[Extent1].[IdReciboCtaCte] AS [IdReciboCtaCte], 
[Extent1].[dsObservacion] AS [dsObservacion], 
[Extent1].[dsDestino] AS [dsDestino], 
[Extent1].[dsHoraViaje] AS [dsHoraViaje], 
[Extent1].[problema] AS [problema], 
[Extent1].[Mellizo] AS [Mellizo], 
[Extent1].[dtActualizacion] AS [dtActualizacion], 
[Extent1].[flEliminar] AS [flEliminar], 
[Extent1].[flSincronizado] AS [flSincronizado], 
[Extent1].[vlSubtotal] AS [vlSubtotal], 
[Extent1].[vlIVA] AS [vlIVA], 
[Extent1].[nrCajaCtaCte] AS [nrCajaCtaCte], 
[Extent1].[dtCajaCtaCte] AS [dtCajaCtaCte], 
[Extent1].[dsLeyenda] AS [dsLeyenda], 
[Extent1].[vlPagoReales] AS [vlPagoReales], 
[Extent1].[flNoCompensado] AS [flNoCompensado], 
[Extent1].[dtNoCompensado] AS [dtNoCompensado], 
[Extent1].[nrTarjeta] AS [nrTarjeta], 
[Extent1].[tpDocTarjeta] AS [tpDocTarjeta], 
[Extent1].[nrDocTarjeta] AS [nrDocTarjeta], 
[Extent1].[vlRecargoTarjeta] AS [vlRecargoTarjeta], 
[Extent1].[nrCuponPosnet] AS [nrCuponPosnet], 
[Extent1].[dtFechaAcreditacion] AS [dtFechaAcreditacion], 
[Extent1].[vlMontoAcreditacion] AS [vlMontoAcreditacion], 
[Extent1].[IdConciliacion] AS [IdConciliacion]
FROM [dbo].[TB_Cupones] AS [Extent1]
WHERE [Extent1].[nrCupon] IN (cast(78 as decimal(18)),cast(79 as decimal(18)))
ConsoleApplication1.vshost.exe Information: 0 : metadata=res://*/Model1.csdl|res://*/Model1.ssdl|res://*/Model1.msl;provider=System.Data.SqlClient;provider connection string="Data Source=MSI\SQLEXPRESS;Initial Catalog=dbSG2000;Integrated Security=False;Persist Security Info=False;User ID=USRSG2006;Password=sonrisa14;MultipleActiveResultSets=True;Application Name=SGLibrary"
ConsoleApplication1.vshost.exe Information: 0 : metadata=res://*/Model1.csdl|res://*/Model1.ssdl|res://*/Model1.msl;provider=System.Data.SqlClient;provider connection string="Data Source=MSI\SQLEXPRESS;Initial Catalog=dbSG2000;Integrated Security=False;Persist Security Info=False;User ID=USRSG2006;Password=sonrisa14;MultipleActiveResultSets=True;Application Name=SGLibrary"
ConsoleApplication1.vshost.exe Information: 0 : metadata=res://*/Model1.csdl|res://*/Model1.ssdl|res://*/Model1.msl;provider=System.Data.SqlClient;provider connection string="Data Source=MSI\SQLEXPRESS;Initial Catalog=dbSG2000;Integrated Security=False;Persist Security Info=False;User ID=USRSG2006;Password=sonrisa14;MultipleActiveResultSets=True;Application Name=SGLibrary"
ConsoleApplication1.vshost.exe Information: 0 : metadata=res://*/Model1.csdl|res://*/Model1.ssdl|res://*/Model1.msl;provider=System.Data.SqlClient;provider connection string="Data Source=MSI\SQLEXPRESS;Initial Catalog=dbSG2000;Integrated Security=False;Persist Security Info=False;User ID=USRSG2006;Password=sonrisa14;MultipleActiveResultSets=True;Application Name=SGLibrary"
ConsoleApplication1.vshost.exe Information: 0 : metadata=res://*/Model1.csdl|res://*/Model1.ssdl|res://*/Model1.msl;provider=System.Data.SqlClient;provider connection string="Data Source=MSI\SQLEXPRESS;Initial Catalog=dbSG2000;Integrated Security=False;Persist Security Info=False;User ID=USRSG2006;Password=sonrisa14;MultipleActiveResultSets=True;Application Name=SGLibrary"
ConsoleApplication1.vshost.exe Information: 0 : metadata=res://*/Model1.csdl|res://*/Model1.ssdl|res://*/Model1.msl;provider=System.Data.SqlClient;provider connection string="Data Source=MSI\SQLEXPRESS;Initial Catalog=dbSG2000;Integrated Security=False;Persist Security Info=False;User ID=USRSG2006;Password=sonrisa14;MultipleActiveResultSets=True;Application Name=SGLibrary"
ConsoleApplication1.vshost.exe Information: 0 : SELECT 
[Extent1].[nrLicencia] AS [nrLicencia], 
[Extent1].[nrCupon] AS [nrCupon], 
[Extent1].[dtCupon] AS [dtCupon], 
[Extent1].[tpComprobanteCliente] AS [tpComprobanteCliente], 
[Extent1].[tpLetraCliente] AS [tpLetraCliente], 
[Extent1].[nrTalonarioCliente] AS [nrTalonarioCliente], 
[Extent1].[nrComprabanteCliente] AS [nrComprabanteCliente], 
[Extent1].[vlMontoCupon] AS [vlMontoCupon], 
[Extent1].[nrTarjeta] AS [nrTarjeta], 
[Extent1].[tpDocTarjeta] AS [tpDocTarjeta], 
[Extent1].[nrDocTarjeta] AS [nrDocTarjeta]
FROM [dbo].[TB_Cupones] AS [Extent1]
WHERE (0 = [Extent1].[flCobradoalCliente]) AND (0 = [Extent1].[flCompensado]) AND (0 = [Extent1].[flAnulado]) AND ([Extent1].[tpCupon] IN ('Tarjeta de Crédito','Tarjeta de Débito'))
ORDER BY [Extent1].[dtCupon] ASC
ConsoleApplication1.vshost.exe Information: 0 : metadata=res://*/Model1.csdl|res://*/Model1.ssdl|res://*/Model1.msl;provider=System.Data.SqlClient;provider connection string="Data Source=MSI\SQLEXPRESS;Initial Catalog=dbSG2000;Integrated Security=False;Persist Security Info=False;User ID=USRSG2006;Password=sonrisa14;MultipleActiveResultSets=True;Application Name=SGLibrary"
ConsoleApplication1.vshost.exe Information: 0 : SELECT 
[Extent1].[nrCupon] AS [nrCupon], 
[Extent1].[cdCliente] AS [cdCliente], 
[Extent1].[nrPuesto] AS [nrPuesto], 
[Extent1].[nrLicencia] AS [nrLicencia], 
[Extent1].[nmLicenciatario] AS [nmLicenciatario], 
[Extent1].[tpCupon] AS [tpCupon], 
[Extent1].[vlMontoCupon] AS [vlMontoCupon], 
[Extent1].[vlaFavordelLicenciatario] AS [vlaFavordelLicenciatario], 
[Extent1].[vlafavorAdmin] AS [vlafavorAdmin], 
[Extent1].[vlPagoPesos] AS [vlPagoPesos], 
[Extent1].[vlPagoEuros] AS [vlPagoEuros], 
[Extent1].[vlPagoDolares] AS [vlPagoDolares], 
[Extent1].[vlComision] AS [vlComision], 
[Extent1].[nrCantidadBultos] AS [nrCantidadBultos], 
[Extent1].[nrPasajeros] AS [nrPasajeros], 
[Extent1].[dtCupon] AS [dtCupon], 
[Extent1].[nrTalonarioCliente] AS [nrTalonarioCliente], 
[Extent1].[nrComprabanteCliente] AS [nrComprabanteCliente], 
[Extent1].[tpComprobanteCliente] AS [tpComprobanteCliente], 
[Extent1].[tpLetraCliente] AS [tpLetraCliente], 
[Extent1].[flCobradoalCliente] AS [flCobradoalCliente], 
[Extent1].[dtCobradoalCliente] AS [dtCobradoalCliente], 
[Extent1].[nrCajaCliente] AS [nrCajaCliente], 
[Extent1].[dtCajaCliente] AS [dtCajaCliente], 
[Extent1].[nrTalonarioProveedor] AS [nrTalonarioProveedor], 
[Extent1].[nrComprabanteProveedor] AS [nrComprabanteProveedor], 
[Extent1].[tpComprobanteProveedor] AS [tpComprobanteProveedor], 
[Extent1].[tpLetraLetraProveedor] AS [tpLetraLetraProveedor], 
[Extent1].[flCompensado] AS [flCompensado], 
[Extent1].[dtCompensado] AS [dtCompensado], 
[Extent1].[nrCajaLicenciatario] AS [nrCajaLicenciatario], 
[Extent1].[dtCajaLicenciatario] AS [dtCajaLicenciatario], 
[Extent1].[dsUsuario] AS [dsUsuario], 
[Extent1].[nrLiquidacionProveedores] AS [nrLiquidacionProveedores], 
[Extent1].[nrLiquidacionCliente] AS [nrLiquidacionCliente], 
[Extent1].[cdCodBar] AS [cdCodBar], 
[Extent1].[flAnulado] AS [flAnulado], 
[Extent1].[dtAnulado] AS [dtAnulado], 
[Extent1].[IdRecibo] AS [IdRecibo], 
[Extent1].[IdReciboCtaCte] AS [IdReciboCtaCte], 
[Extent1].[dsObservacion] AS [dsObservacion], 
[Extent1].[dsDestino] AS [dsDestino], 
[Extent1].[dsHoraViaje] AS [dsHoraViaje], 
[Extent1].[problema] AS [problema], 
[Extent1].[Mellizo] AS [Mellizo], 
[Extent1].[dtActualizacion] AS [dtActualizacion], 
[Extent1].[flEliminar] AS [flEliminar], 
[Extent1].[flSincronizado] AS [flSincronizado], 
[Extent1].[vlSubtotal] AS [vlSubtotal], 
[Extent1].[vlIVA] AS [vlIVA], 
[Extent1].[nrCajaCtaCte] AS [nrCajaCtaCte], 
[Extent1].[dtCajaCtaCte] AS [dtCajaCtaCte], 
[Extent1].[dsLeyenda] AS [dsLeyenda], 
[Extent1].[vlPagoReales] AS [vlPagoReales], 
[Extent1].[flNoCompensado] AS [flNoCompensado], 
[Extent1].[dtNoCompensado] AS [dtNoCompensado], 
[Extent1].[nrTarjeta] AS [nrTarjeta], 
[Extent1].[tpDocTarjeta] AS [tpDocTarjeta], 
[Extent1].[nrDocTarjeta] AS [nrDocTarjeta], 
[Extent1].[vlRecargoTarjeta] AS [vlRecargoTarjeta], 
[Extent1].[nrCuponPosnet] AS [nrCuponPosnet], 
[Extent1].[dtFechaAcreditacion] AS [dtFechaAcreditacion], 
[Extent1].[vlMontoAcreditacion] AS [vlMontoAcreditacion], 
[Extent1].[IdConciliacion] AS [IdConciliacion]
FROM [dbo].[TB_Cupones] AS [Extent1]
WHERE [Extent1].[nrCupon] IN (cast(78 as decimal(18)),cast(79 as decimal(18)))
ConsoleApplication1.vshost.exe Information: 0 : metadata=res://*/Model1.csdl|res://*/Model1.ssdl|res://*/Model1.msl;provider=System.Data.SqlClient;provider connection string="Data Source=MSI\SQLEXPRESS;Initial Catalog=dbSG2000;Integrated Security=False;Persist Security Info=False;User ID=USRSG2006;Password=sonrisa14;MultipleActiveResultSets=True;Application Name=SGLibrary"
ConsoleApplication1.vshost.exe Information: 0 : metadata=res://*/Model1.csdl|res://*/Model1.ssdl|res://*/Model1.msl;provider=System.Data.SqlClient;provider connection string="Data Source=MSI\SQLEXPRESS;Initial Catalog=dbSG2000;Integrated Security=False;Persist Security Info=False;User ID=USRSG2006;Password=sonrisa14;MultipleActiveResultSets=True;Application Name=SGLibrary"
ConsoleApplication1.vshost.exe Information: 0 : metadata=res://*/Model1.csdl|res://*/Model1.ssdl|res://*/Model1.msl;provider=System.Data.SqlClient;provider connection string="Data Source=MSI\SQLEXPRESS;Initial Catalog=dbSG2000;Integrated Security=False;Persist Security Info=False;User ID=USRSG2006;Password=sonrisa14;MultipleActiveResultSets=True;Application Name=SGLibrary"
ConsoleApplication1.vshost.exe Information: 0 : metadata=res://*/Model1.csdl|res://*/Model1.ssdl|res://*/Model1.msl;provider=System.Data.SqlClient;provider connection string="Data Source=MSI\SQLEXPRESS;Initial Catalog=dbSG2000;Integrated Security=False;Persist Security Info=False;User ID=USRSG2006;Password=sonrisa14;MultipleActiveResultSets=True;Application Name=SGLibrary"
ConsoleApplication1.vshost.exe Information: 0 : metadata=res://*/Model1.csdl|res://*/Model1.ssdl|res://*/Model1.msl;provider=System.Data.SqlClient;provider connection string="Data Source=MSI\SQLEXPRESS;Initial Catalog=dbSG2000;Integrated Security=False;Persist Security Info=False;User ID=USRSG2006;Password=sonrisa14;MultipleActiveResultSets=True;Application Name=SGLibrary"
ConsoleApplication1.vshost.exe Information: 0 : metadata=res://*/Model1.csdl|res://*/Model1.ssdl|res://*/Model1.msl;provider=System.Data.SqlClient;provider connection string="Data Source=MSI\SQLEXPRESS;Initial Catalog=dbSG2000;Integrated Security=False;Persist Security Info=False;User ID=USRSG2006;Password=sonrisa14;MultipleActiveResultSets=True;Application Name=SGLibrary"
ConsoleApplication1.vshost.exe Information: 0 : metadata=res://*/Model1.csdl|res://*/Model1.ssdl|res://*/Model1.msl;provider=System.Data.SqlClient;provider connection string="Data Source=MSI\SQLEXPRESS;Initial Catalog=dbSG2000;Integrated Security=False;Persist Security Info=False;User ID=USRSG2006;Password=sonrisa14;MultipleActiveResultSets=True;Application Name=SGLibrary"
ConsoleApplication1.vshost.exe Information: 0 : metadata=res://*/Model1.csdl|res://*/Model1.ssdl|res://*/Model1.msl;provider=System.Data.SqlClient;provider connection string="Data Source=MSI\SQLEXPRESS;Initial Catalog=dbSG2000;Integrated Security=False;Persist Security Info=False;User ID=USRSG2006;Password=sonrisa14;MultipleActiveResultSets=True;Application Name=SGLibrary"
ConsoleApplication1.vshost.exe Information: 0 : metadata=res://*/Model1.csdl|res://*/Model1.ssdl|res://*/Model1.msl;provider=System.Data.SqlClient;provider connection string="Data Source=MSI\SQLEXPRESS;Initial Catalog=dbSG2000;Integrated Security=False;Persist Security Info=False;User ID=USRSG2006;Password=sonrisa14;MultipleActiveResultSets=True;Application Name=SGLibrary"
ConsoleApplication1.vshost.exe Information: 0 : metadata=res://*/Model1.csdl|res://*/Model1.ssdl|res://*/Model1.msl;provider=System.Data.SqlClient;provider connection string="Data Source=MSI\SQLEXPRESS;Initial Catalog=dbSG2000;Integrated Security=False;Persist Security Info=False;User ID=USRSG2006;Password=sonrisa14;MultipleActiveResultSets=True;Application Name=SGLibrary"
ConsoleApplication1.vshost.exe Information: 0 : SELECT 
[Extent1].[nrLicencia] AS [nrLicencia], 
[Extent1].[nrCupon] AS [nrCupon], 
[Extent1].[dtCupon] AS [dtCupon], 
[Extent1].[tpComprobanteCliente] AS [tpComprobanteCliente], 
[Extent1].[tpLetraCliente] AS [tpLetraCliente], 
[Extent1].[nrTalonarioCliente] AS [nrTalonarioCliente], 
[Extent1].[nrComprabanteCliente] AS [nrComprabanteCliente], 
[Extent1].[vlMontoCupon] AS [vlMontoCupon], 
[Extent1].[nrTarjeta] AS [nrTarjeta], 
[Extent1].[tpDocTarjeta] AS [tpDocTarjeta], 
[Extent1].[nrDocTarjeta] AS [nrDocTarjeta]
FROM [dbo].[TB_Cupones] AS [Extent1]
WHERE (0 = [Extent1].[flCobradoalCliente]) AND (0 = [Extent1].[flCompensado]) AND (0 = [Extent1].[flAnulado]) AND ([Extent1].[tpCupon] IN ('Tarjeta de Crédito','Tarjeta de Débito'))
ORDER BY [Extent1].[dtCupon] ASC
ConsoleApplication1.vshost.exe Information: 0 : metadata=res://*/Model1.csdl|res://*/Model1.ssdl|res://*/Model1.msl;provider=System.Data.SqlClient;provider connection string="Data Source=MSI\SQLEXPRESS;Initial Catalog=dbSG2000;Integrated Security=False;Persist Security Info=False;User ID=USRSG2006;Password=sonrisa14;MultipleActiveResultSets=True;Application Name=SGLibrary"
ConsoleApplication1.vshost.exe Information: 0 : Logger EULISES FFINdsdsd 
